[5.501s] Invoking command in '/home/nvidia/workspace/alan/src/AMR_ros2_slam_nav2/turtlebot3_teleop': PYTHONPATH=/home/nvidia/workspace/alan/src/AMR_ros2_slam_nav2/install/turtlebot3_teleop/lib/python3.6/site-packages:${PYTHONPATH} /usr/bin/python3 setup.py egg_info --egg-base ../build/turtlebot3_teleop build --build-base /home/nvidia/workspace/alan/src/AMR_ros2_slam_nav2/build/turtlebot3_teleop/build install --prefix /home/nvidia/workspace/alan/src/AMR_ros2_slam_nav2/install/turtlebot3_teleop --record /home/nvidia/workspace/alan/src/AMR_ros2_slam_nav2/build/turtlebot3_teleop/install.log --single-version-externally-managed
[6.767s] running egg_info
[6.775s] writing ../build/turtlebot3_teleop/turtlebot3_teleop.egg-info/PKG-INFO
[6.775s] writing dependency_links to ../build/turtlebot3_teleop/turtlebot3_teleop.egg-info/dependency_links.txt
[6.776s] writing entry points to ../build/turtlebot3_teleop/turtlebot3_teleop.egg-info/entry_points.txt
[6.776s] writing requirements to ../build/turtlebot3_teleop/turtlebot3_teleop.egg-info/requires.txt
[6.777s] writing top-level names to ../build/turtlebot3_teleop/turtlebot3_teleop.egg-info/top_level.txt
[6.817s] reading manifest file '../build/turtlebot3_teleop/turtlebot3_teleop.egg-info/SOURCES.txt'
[6.817s] writing manifest file '../build/turtlebot3_teleop/turtlebot3_teleop.egg-info/SOURCES.txt'
[6.818s] running build
[6.820s] /home/nvidia/.local/lib/python3.6/site-packages/setuptools/command/install.py:37: SetuptoolsDeprecationWarning: setup.py install is deprecated. Use build and pip and other standards-based tools.
[6.827s]   setuptools.SetuptoolsDeprecationWarning,
[6.828s] running build_py
[6.829s] running install
[6.829s] running install_lib
[6.829s] running install_data
[6.830s] running install_egg_info
[6.840s] removing '/home/nvidia/workspace/alan/src/AMR_ros2_slam_nav2/install/turtlebot3_teleop/lib/python3.6/site-packages/turtlebot3_teleop-2.1.2-py3.6.egg-info' (and everything under it)
[6.841s] Copying ../build/turtlebot3_teleop/turtlebot3_teleop.egg-info to /home/nvidia/workspace/alan/src/AMR_ros2_slam_nav2/install/turtlebot3_teleop/lib/python3.6/site-packages/turtlebot3_teleop-2.1.2-py3.6.egg-info
[6.841s] running install_scripts
[6.907s] Installing teleop_keyboard script to /home/nvidia/workspace/alan/src/AMR_ros2_slam_nav2/install/turtlebot3_teleop/lib/turtlebot3_teleop
[6.922s] writing list of installed files to '/home/nvidia/workspace/alan/src/AMR_ros2_slam_nav2/build/turtlebot3_teleop/install.log'
[7.145s] Invoked command in '/home/nvidia/workspace/alan/src/AMR_ros2_slam_nav2/turtlebot3_teleop' returned '0': PYTHONPATH=/home/nvidia/workspace/alan/src/AMR_ros2_slam_nav2/install/turtlebot3_teleop/lib/python3.6/site-packages:${PYTHONPATH} /usr/bin/python3 setup.py egg_info --egg-base ../build/turtlebot3_teleop build --build-base /home/nvidia/workspace/alan/src/AMR_ros2_slam_nav2/build/turtlebot3_teleop/build install --prefix /home/nvidia/workspace/alan/src/AMR_ros2_slam_nav2/install/turtlebot3_teleop --record /home/nvidia/workspace/alan/src/AMR_ros2_slam_nav2/build/turtlebot3_teleop/install.log --single-version-externally-managed
