-- Install configuration: ""
-- Installing: /home/nvidia/workspace/alan/src/AMR_ros2_slam_nav2/install/amr_navigation2/share/amr_navigation2/launch
-- Installing: /home/nvidia/workspace/alan/src/AMR_ros2_slam_nav2/install/amr_navigation2/share/amr_navigation2/launch/navigation2.launch.py
-- Installing: /home/nvidia/workspace/alan/src/AMR_ros2_slam_nav2/install/amr_navigation2/share/amr_navigation2/map
-- Installing: /home/nvidia/workspace/alan/src/AMR_ros2_slam_nav2/install/amr_navigation2/share/amr_navigation2/map/amr_world.pgm
-- Installing: /home/nvidia/workspace/alan/src/AMR_ros2_slam_nav2/install/amr_navigation2/share/amr_navigation2/map/turtlebot3_world.pgm
-- Installing: /home/nvidia/workspace/alan/src/AMR_ros2_slam_nav2/install/amr_navigation2/share/amr_navigation2/map/amr_world.yaml
-- Installing: /home/nvidia/workspace/alan/src/AMR_ros2_slam_nav2/install/amr_navigation2/share/amr_navigation2/map/turtlebot3_world.yaml
-- Installing: /home/nvidia/workspace/alan/src/AMR_ros2_slam_nav2/install/amr_navigation2/share/amr_navigation2/param
-- Installing: /home/nvidia/workspace/alan/src/AMR_ros2_slam_nav2/install/amr_navigation2/share/amr_navigation2/param/waffle.yaml
-- Installing: /home/nvidia/workspace/alan/src/AMR_ros2_slam_nav2/install/amr_navigation2/share/amr_navigation2/param/burger.yaml
-- Installing: /home/nvidia/workspace/alan/src/AMR_ros2_slam_nav2/install/amr_navigation2/share/amr_navigation2/param/amr.yaml
-- Installing: /home/nvidia/workspace/alan/src/AMR_ros2_slam_nav2/install/amr_navigation2/share/amr_navigation2/param/amr.yaml_back
-- Installing: /home/nvidia/workspace/alan/src/AMR_ros2_slam_nav2/install/amr_navigation2/share/amr_navigation2/param/waffle_pi.yaml
-- Installing: /home/nvidia/workspace/alan/src/AMR_ros2_slam_nav2/install/amr_navigation2/share/amr_navigation2/rviz
-- Installing: /home/nvidia/workspace/alan/src/AMR_ros2_slam_nav2/install/amr_navigation2/share/amr_navigation2/rviz/tb3_navigation2.rviz
-- Installing: /home/nvidia/workspace/alan/src/AMR_ros2_slam_nav2/install/amr_navigation2/share/amr_navigation2/rviz/amr_navigation2.rviz
-- Installing: /home/nvidia/workspace/alan/src/AMR_ros2_slam_nav2/install/amr_navigation2/share/ament_index/resource_index/package_run_dependencies/amr_navigation2
-- Installing: /home/nvidia/workspace/alan/src/AMR_ros2_slam_nav2/install/amr_navigation2/share/ament_index/resource_index/parent_prefix_path/amr_navigation2
-- Installing: /home/nvidia/workspace/alan/src/AMR_ros2_slam_nav2/install/amr_navigation2/share/amr_navigation2/environment/ament_prefix_path.sh
-- Installing: /home/nvidia/workspace/alan/src/AMR_ros2_slam_nav2/install/amr_navigation2/share/amr_navigation2/environment/ament_prefix_path.dsv
-- Installing: /home/nvidia/workspace/alan/src/AMR_ros2_slam_nav2/install/amr_navigation2/share/amr_navigation2/environment/path.sh
-- Installing: /home/nvidia/workspace/alan/src/AMR_ros2_slam_nav2/install/amr_navigation2/share/amr_navigation2/environment/path.dsv
-- Installing: /home/nvidia/workspace/alan/src/AMR_ros2_slam_nav2/install/amr_navigation2/share/amr_navigation2/local_setup.bash
-- Installing: /home/nvidia/workspace/alan/src/AMR_ros2_slam_nav2/install/amr_navigation2/share/amr_navigation2/local_setup.sh
-- Installing: /home/nvidia/workspace/alan/src/AMR_ros2_slam_nav2/install/amr_navigation2/share/amr_navigation2/local_setup.zsh
-- Installing: /home/nvidia/workspace/alan/src/AMR_ros2_slam_nav2/install/amr_navigation2/share/amr_navigation2/local_setup.dsv
-- Installing: /home/nvidia/workspace/alan/src/AMR_ros2_slam_nav2/install/amr_navigation2/share/amr_navigation2/package.dsv
-- Installing: /home/nvidia/workspace/alan/src/AMR_ros2_slam_nav2/install/amr_navigation2/share/ament_index/resource_index/packages/amr_navigation2
-- Installing: /home/nvidia/workspace/alan/src/AMR_ros2_slam_nav2/install/amr_navigation2/share/amr_navigation2/cmake/amr_navigation2Config.cmake
-- Installing: /home/nvidia/workspace/alan/src/AMR_ros2_slam_nav2/install/amr_navigation2/share/amr_navigation2/cmake/amr_navigation2Config-version.cmake
-- Installing: /home/nvidia/workspace/alan/src/AMR_ros2_slam_nav2/install/amr_navigation2/share/amr_navigation2/package.xml
