[0.606s] Invoking command in '/home/nvidia/workspace/alan/src/AMR_ros2_slam_nav2/build/image_geometry': CMAKE_PREFIX_PATH=${CMAKE_PREFIX_PATH}:/home/nvidia/workspace/alan/src/AMR_ros2_slam_nav2/install/turtlebot3_teleop:/home/nvidia/workspace/alan/src/AMR_ros2_slam_nav2/install/turtlebot3_example:/home/nvidia/workspace/alan/src/AMR_ros2_slam_nav2/install/opencv_tests:/home/nvidia/workspace/alan/src/AMR_ros2_slam_nav2/install/nav2_gazebo_spawner:/home/nvidia/workspace/alan/AMR/install/turtlebot3_teleop:/home/nvidia/workspace/alan/AMR/install/turtlebot3_example:/home/nvidia/workspace/alan/AMR/install/opencv_tests:/home/nvidia/workspace/alan/AMR/install/nav2_gazebo_spawner /usr/local/bin/cmake --build /home/nvidia/workspace/alan/src/AMR_ros2_slam_nav2/build/image_geometry -- -j8 -l8
[0.670s] [ 22%] Built target gtest_main
[0.670s] [ 44%] Built target gtest
[0.671s] [ 77%] Built target image_geometry
[0.716s] [100%] Built target image_geometry-utest
[0.970s] Invoked command in '/home/nvidia/workspace/alan/src/AMR_ros2_slam_nav2/build/image_geometry' returned '0': CMAKE_PREFIX_PATH=${CMAKE_PREFIX_PATH}:/home/nvidia/workspace/alan/src/AMR_ros2_slam_nav2/install/turtlebot3_teleop:/home/nvidia/workspace/alan/src/AMR_ros2_slam_nav2/install/turtlebot3_example:/home/nvidia/workspace/alan/src/AMR_ros2_slam_nav2/install/opencv_tests:/home/nvidia/workspace/alan/src/AMR_ros2_slam_nav2/install/nav2_gazebo_spawner:/home/nvidia/workspace/alan/AMR/install/turtlebot3_teleop:/home/nvidia/workspace/alan/AMR/install/turtlebot3_example:/home/nvidia/workspace/alan/AMR/install/opencv_tests:/home/nvidia/workspace/alan/AMR/install/nav2_gazebo_spawner /usr/local/bin/cmake --build /home/nvidia/workspace/alan/src/AMR_ros2_slam_nav2/build/image_geometry -- -j8 -l8
[1.240s] Invoking command in '/home/nvidia/workspace/alan/src/AMR_ros2_slam_nav2/build/image_geometry': CMAKE_PREFIX_PATH=${CMAKE_PREFIX_PATH}:/home/nvidia/workspace/alan/src/AMR_ros2_slam_nav2/install/turtlebot3_teleop:/home/nvidia/workspace/alan/src/AMR_ros2_slam_nav2/install/turtlebot3_example:/home/nvidia/workspace/alan/src/AMR_ros2_slam_nav2/install/opencv_tests:/home/nvidia/workspace/alan/src/AMR_ros2_slam_nav2/install/nav2_gazebo_spawner:/home/nvidia/workspace/alan/AMR/install/turtlebot3_teleop:/home/nvidia/workspace/alan/AMR/install/turtlebot3_example:/home/nvidia/workspace/alan/AMR/install/opencv_tests:/home/nvidia/workspace/alan/AMR/install/nav2_gazebo_spawner /usr/local/bin/cmake --install /home/nvidia/workspace/alan/src/AMR_ros2_slam_nav2/build/image_geometry
[1.271s] -- Install configuration: ""
[1.272s] -- Installing: /home/nvidia/workspace/alan/src/AMR_ros2_slam_nav2/install/image_geometry/share/image_geometry/environment/pythonpath.sh
[1.274s] -- Installing: /home/nvidia/workspace/alan/src/AMR_ros2_slam_nav2/install/image_geometry/share/image_geometry/environment/pythonpath.dsv
[1.276s] -- Installing: /home/nvidia/workspace/alan/src/AMR_ros2_slam_nav2/install/image_geometry/lib/python3.6/site-packages/image_geometry
[1.277s] -- Installing: /home/nvidia/workspace/alan/src/AMR_ros2_slam_nav2/install/image_geometry/lib/python3.6/site-packages/image_geometry/__init__.py
[1.280s] -- Installing: /home/nvidia/workspace/alan/src/AMR_ros2_slam_nav2/install/image_geometry/lib/python3.6/site-packages/image_geometry/cameramodels.py
[1.500s] Listing '/home/nvidia/workspace/alan/src/AMR_ros2_slam_nav2/install/image_geometry/lib/python3.6/site-packages/image_geometry'...
[1.514s] Compiling '/home/nvidia/workspace/alan/src/AMR_ros2_slam_nav2/install/image_geometry/lib/python3.6/site-packages/image_geometry/__init__.py'...
[1.517s] Compiling '/home/nvidia/workspace/alan/src/AMR_ros2_slam_nav2/install/image_geometry/lib/python3.6/site-packages/image_geometry/cameramodels.py'...
[1.526s] -- Installing: /home/nvidia/workspace/alan/src/AMR_ros2_slam_nav2/install/image_geometry/include/image_geometry
[1.527s] -- Installing: /home/nvidia/workspace/alan/src/AMR_ros2_slam_nav2/install/image_geometry/include/image_geometry/visibility_control.hpp
[1.531s] -- Installing: /home/nvidia/workspace/alan/src/AMR_ros2_slam_nav2/install/image_geometry/include/image_geometry/pinhole_camera_model.h
[1.536s] -- Installing: /home/nvidia/workspace/alan/src/AMR_ros2_slam_nav2/install/image_geometry/include/image_geometry/stereo_camera_model.h
[1.537s] -- Installing: /home/nvidia/workspace/alan/src/AMR_ros2_slam_nav2/install/image_geometry/lib/libimage_geometry.so
[1.543s] -- Set runtime path of "/home/nvidia/workspace/alan/src/AMR_ros2_slam_nav2/install/image_geometry/lib/libimage_geometry.so" to ""
[1.550s] -- Installing: /home/nvidia/workspace/alan/src/AMR_ros2_slam_nav2/install/image_geometry/share/image_geometry/environment/library_path.sh
[1.552s] -- Installing: /home/nvidia/workspace/alan/src/AMR_ros2_slam_nav2/install/image_geometry/share/image_geometry/environment/library_path.dsv
[1.558s] -- Installing: /home/nvidia/workspace/alan/src/AMR_ros2_slam_nav2/install/image_geometry/share/ament_index/resource_index/package_run_dependencies/image_geometry
[1.569s] -- Installing: /home/nvidia/workspace/alan/src/AMR_ros2_slam_nav2/install/image_geometry/share/ament_index/resource_index/parent_prefix_path/image_geometry
[1.570s] -- Installing: /home/nvidia/workspace/alan/src/AMR_ros2_slam_nav2/install/image_geometry/share/image_geometry/environment/ament_prefix_path.sh
[1.570s] -- Installing: /home/nvidia/workspace/alan/src/AMR_ros2_slam_nav2/install/image_geometry/share/image_geometry/environment/ament_prefix_path.dsv
[1.571s] -- Installing: /home/nvidia/workspace/alan/src/AMR_ros2_slam_nav2/install/image_geometry/share/image_geometry/environment/path.sh
[1.572s] -- Installing: /home/nvidia/workspace/alan/src/AMR_ros2_slam_nav2/install/image_geometry/share/image_geometry/environment/path.dsv
[1.573s] -- Installing: /home/nvidia/workspace/alan/src/AMR_ros2_slam_nav2/install/image_geometry/share/image_geometry/local_setup.bash
[1.575s] -- Installing: /home/nvidia/workspace/alan/src/AMR_ros2_slam_nav2/install/image_geometry/share/image_geometry/local_setup.sh
[1.576s] -- Installing: /home/nvidia/workspace/alan/src/AMR_ros2_slam_nav2/install/image_geometry/share/image_geometry/local_setup.zsh
[1.577s] -- Installing: /home/nvidia/workspace/alan/src/AMR_ros2_slam_nav2/install/image_geometry/share/image_geometry/local_setup.dsv
[1.578s] -- Installing: /home/nvidia/workspace/alan/src/AMR_ros2_slam_nav2/install/image_geometry/share/image_geometry/package.dsv
[1.586s] -- Installing: /home/nvidia/workspace/alan/src/AMR_ros2_slam_nav2/install/image_geometry/share/ament_index/resource_index/packages/image_geometry
[1.590s] -- Installing: /home/nvidia/workspace/alan/src/AMR_ros2_slam_nav2/install/image_geometry/share/image_geometry/cmake/ament_cmake_export_libraries-extras.cmake
[1.597s] -- Installing: /home/nvidia/workspace/alan/src/AMR_ros2_slam_nav2/install/image_geometry/share/image_geometry/cmake/ament_cmake_export_dependencies-extras.cmake
[1.597s] -- Installing: /home/nvidia/workspace/alan/src/AMR_ros2_slam_nav2/install/image_geometry/share/image_geometry/cmake/ament_cmake_export_include_directories-extras.cmake
[1.629s] -- Installing: /home/nvidia/workspace/alan/src/AMR_ros2_slam_nav2/install/image_geometry/share/image_geometry/cmake/image_geometryConfig.cmake
[1.629s] -- Installing: /home/nvidia/workspace/alan/src/AMR_ros2_slam_nav2/install/image_geometry/share/image_geometry/cmake/image_geometryConfig-version.cmake
[1.629s] -- Installing: /home/nvidia/workspace/alan/src/AMR_ros2_slam_nav2/install/image_geometry/share/image_geometry/package.xml
[1.632s] Invoked command in '/home/nvidia/workspace/alan/src/AMR_ros2_slam_nav2/build/image_geometry' returned '0': CMAKE_PREFIX_PATH=${CMAKE_PREFIX_PATH}:/home/nvidia/workspace/alan/src/AMR_ros2_slam_nav2/install/turtlebot3_teleop:/home/nvidia/workspace/alan/src/AMR_ros2_slam_nav2/install/turtlebot3_example:/home/nvidia/workspace/alan/src/AMR_ros2_slam_nav2/install/opencv_tests:/home/nvidia/workspace/alan/src/AMR_ros2_slam_nav2/install/nav2_gazebo_spawner:/home/nvidia/workspace/alan/AMR/install/turtlebot3_teleop:/home/nvidia/workspace/alan/AMR/install/turtlebot3_example:/home/nvidia/workspace/alan/AMR/install/opencv_tests:/home/nvidia/workspace/alan/AMR/install/nav2_gazebo_spawner /usr/local/bin/cmake --install /home/nvidia/workspace/alan/src/AMR_ros2_slam_nav2/build/image_geometry
