-- Install configuration: ""
-- Up-to-date: /home/nvidia/workspace/alan/src/AMR_ros2_slam_nav2/install/yhs_chassis_description/share/yhs_chassis_description/meshes
-- Up-to-date: /home/nvidia/workspace/alan/src/AMR_ros2_slam_nav2/install/yhs_chassis_description/share/yhs_chassis_description/meshes/DGT-001L.STL
-- Up-to-date: /home/nvidia/workspace/alan/src/AMR_ros2_slam_nav2/install/yhs_chassis_description/share/yhs_chassis_description/meshes/FR-07PRO.STL
-- Up-to-date: /home/nvidia/workspace/alan/src/AMR_ros2_slam_nav2/install/yhs_chassis_description/share/yhs_chassis_description/meshes/FW-001.STL
-- Up-to-date: /home/nvidia/workspace/alan/src/AMR_ros2_slam_nav2/install/yhs_chassis_description/share/yhs_chassis_description/meshes/VLP16_scan.stl
-- Up-to-date: /home/nvidia/workspace/alan/src/AMR_ros2_slam_nav2/install/yhs_chassis_description/share/yhs_chassis_description/meshes/VLP16_base_1.stl
-- Up-to-date: /home/nvidia/workspace/alan/src/AMR_ros2_slam_nav2/install/yhs_chassis_description/share/yhs_chassis_description/meshes/HDL32E_base.stl
-- Up-to-date: /home/nvidia/workspace/alan/src/AMR_ros2_slam_nav2/install/yhs_chassis_description/share/yhs_chassis_description/meshes/HDL32E_scan.dae
-- Up-to-date: /home/nvidia/workspace/alan/src/AMR_ros2_slam_nav2/install/yhs_chassis_description/share/yhs_chassis_description/meshes/FB-001.STL
-- Up-to-date: /home/nvidia/workspace/alan/src/AMR_ros2_slam_nav2/install/yhs_chassis_description/share/yhs_chassis_description/meshes/bases
-- Up-to-date: /home/nvidia/workspace/alan/src/AMR_ros2_slam_nav2/install/yhs_chassis_description/share/yhs_chassis_description/meshes/bases/waffle_pi_base.stl
-- Up-to-date: /home/nvidia/workspace/alan/src/AMR_ros2_slam_nav2/install/yhs_chassis_description/share/yhs_chassis_description/meshes/bases/waffle_base.stl
-- Up-to-date: /home/nvidia/workspace/alan/src/AMR_ros2_slam_nav2/install/yhs_chassis_description/share/yhs_chassis_description/meshes/bases/burger_base.stl
-- Up-to-date: /home/nvidia/workspace/alan/src/AMR_ros2_slam_nav2/install/yhs_chassis_description/share/yhs_chassis_description/meshes/DGT-001mini.STL
-- Up-to-date: /home/nvidia/workspace/alan/src/AMR_ros2_slam_nav2/install/yhs_chassis_description/share/yhs_chassis_description/meshes/VLP16_base_1.dae
-- Up-to-date: /home/nvidia/workspace/alan/src/AMR_ros2_slam_nav2/install/yhs_chassis_description/share/yhs_chassis_description/meshes/sensors
-- Up-to-date: /home/nvidia/workspace/alan/src/AMR_ros2_slam_nav2/install/yhs_chassis_description/share/yhs_chassis_description/meshes/sensors/lds.stl
-- Up-to-date: /home/nvidia/workspace/alan/src/AMR_ros2_slam_nav2/install/yhs_chassis_description/share/yhs_chassis_description/meshes/sensors/astra.jpg
-- Up-to-date: /home/nvidia/workspace/alan/src/AMR_ros2_slam_nav2/install/yhs_chassis_description/share/yhs_chassis_description/meshes/sensors/astra.dae
-- Up-to-date: /home/nvidia/workspace/alan/src/AMR_ros2_slam_nav2/install/yhs_chassis_description/share/yhs_chassis_description/meshes/sensors/r200.dae
-- Up-to-date: /home/nvidia/workspace/alan/src/AMR_ros2_slam_nav2/install/yhs_chassis_description/share/yhs_chassis_description/meshes/sensors/r200.jpg
-- Up-to-date: /home/nvidia/workspace/alan/src/AMR_ros2_slam_nav2/install/yhs_chassis_description/share/yhs_chassis_description/meshes/VLP16_base_2.stl
-- Up-to-date: /home/nvidia/workspace/alan/src/AMR_ros2_slam_nav2/install/yhs_chassis_description/share/yhs_chassis_description/meshes/wheels
-- Up-to-date: /home/nvidia/workspace/alan/src/AMR_ros2_slam_nav2/install/yhs_chassis_description/share/yhs_chassis_description/meshes/wheels/left_tire.stl
-- Up-to-date: /home/nvidia/workspace/alan/src/AMR_ros2_slam_nav2/install/yhs_chassis_description/share/yhs_chassis_description/meshes/wheels/right_tire.stl
-- Up-to-date: /home/nvidia/workspace/alan/src/AMR_ros2_slam_nav2/install/yhs_chassis_description/share/yhs_chassis_description/meshes/DGT-001M.STL
-- Up-to-date: /home/nvidia/workspace/alan/src/AMR_ros2_slam_nav2/install/yhs_chassis_description/share/yhs_chassis_description/meshes/VLP16_base_2.dae
-- Up-to-date: /home/nvidia/workspace/alan/src/AMR_ros2_slam_nav2/install/yhs_chassis_description/share/yhs_chassis_description/meshes/HDL32E_base.dae
-- Up-to-date: /home/nvidia/workspace/alan/src/AMR_ros2_slam_nav2/install/yhs_chassis_description/share/yhs_chassis_description/meshes/MID-001.STL
-- Up-to-date: /home/nvidia/workspace/alan/src/AMR_ros2_slam_nav2/install/yhs_chassis_description/share/yhs_chassis_description/meshes/DGT001S.STL
-- Up-to-date: /home/nvidia/workspace/alan/src/AMR_ros2_slam_nav2/install/yhs_chassis_description/share/yhs_chassis_description/meshes/VLP16_base_1.stl-back
-- Up-to-date: /home/nvidia/workspace/alan/src/AMR_ros2_slam_nav2/install/yhs_chassis_description/share/yhs_chassis_description/meshes/DGT-001S.STL
-- Up-to-date: /home/nvidia/workspace/alan/src/AMR_ros2_slam_nav2/install/yhs_chassis_description/share/yhs_chassis_description/meshes/VLP16_base_1.dae-back
-- Up-to-date: /home/nvidia/workspace/alan/src/AMR_ros2_slam_nav2/install/yhs_chassis_description/share/yhs_chassis_description/meshes/HDL32E_scan.stl
-- Up-to-date: /home/nvidia/workspace/alan/src/AMR_ros2_slam_nav2/install/yhs_chassis_description/share/yhs_chassis_description/meshes/VLP16_scan.dae
-- Up-to-date: /home/nvidia/workspace/alan/src/AMR_ros2_slam_nav2/install/yhs_chassis_description/share/yhs_chassis_description/meshes/FR-09PRO.STL
-- Up-to-date: /home/nvidia/workspace/alan/src/AMR_ros2_slam_nav2/install/yhs_chassis_description/share/yhs_chassis_description/rviz
-- Up-to-date: /home/nvidia/workspace/alan/src/AMR_ros2_slam_nav2/install/yhs_chassis_description/share/yhs_chassis_description/rviz/urdf.rviz
-- Up-to-date: /home/nvidia/workspace/alan/src/AMR_ros2_slam_nav2/install/yhs_chassis_description/share/yhs_chassis_description/urdf
-- Up-to-date: /home/nvidia/workspace/alan/src/AMR_ros2_slam_nav2/install/yhs_chassis_description/share/yhs_chassis_description/urdf/yhs_dgt001s.urdf
-- Up-to-date: /home/nvidia/workspace/alan/src/AMR_ros2_slam_nav2/install/yhs_chassis_description/share/yhs_chassis_description/urdf/yhs_dgt001l.urdf
-- Up-to-date: /home/nvidia/workspace/alan/src/AMR_ros2_slam_nav2/install/yhs_chassis_description/share/yhs_chassis_description/urdf/yhs_fr07pro.urdf
-- Up-to-date: /home/nvidia/workspace/alan/src/AMR_ros2_slam_nav2/install/yhs_chassis_description/share/yhs_chassis_description/urdf/amr.urdf
-- Up-to-date: /home/nvidia/workspace/alan/src/AMR_ros2_slam_nav2/install/yhs_chassis_description/share/yhs_chassis_description/urdf/yhs_fr09pro.urdf
-- Up-to-date: /home/nvidia/workspace/alan/src/AMR_ros2_slam_nav2/install/yhs_chassis_description/share/yhs_chassis_description/urdf/yhs_fw001.urdf
-- Up-to-date: /home/nvidia/workspace/alan/src/AMR_ros2_slam_nav2/install/yhs_chassis_description/share/yhs_chassis_description/urdf/yhs_dgt001m.urdf
-- Up-to-date: /home/nvidia/workspace/alan/src/AMR_ros2_slam_nav2/install/yhs_chassis_description/share/yhs_chassis_description/urdf/amr.urdf_bak
-- Up-to-date: /home/nvidia/workspace/alan/src/AMR_ros2_slam_nav2/install/yhs_chassis_description/share/yhs_chassis_description/urdf/amr.urdf_back
-- Installing: /home/nvidia/workspace/alan/src/AMR_ros2_slam_nav2/install/yhs_chassis_description/share/yhs_chassis_description/urdf/amr_scan.urdf
-- Up-to-date: /home/nvidia/workspace/alan/src/AMR_ros2_slam_nav2/install/yhs_chassis_description/share/yhs_chassis_description/urdf/yhs_dgt001m.urdf_V1
-- Up-to-date: /home/nvidia/workspace/alan/src/AMR_ros2_slam_nav2/install/yhs_chassis_description/share/yhs_chassis_description/urdf/yhs_fb001.urdf
-- Up-to-date: /home/nvidia/workspace/alan/src/AMR_ros2_slam_nav2/install/yhs_chassis_description/share/yhs_chassis_description/urdf/yhs_dgt001mini.urdf
-- Up-to-date: /home/nvidia/workspace/alan/src/AMR_ros2_slam_nav2/install/yhs_chassis_description/share/yhs_chassis_description/urdf/yhs_mid001.urdf
-- Up-to-date: /home/nvidia/workspace/alan/src/AMR_ros2_slam_nav2/install/yhs_chassis_description/share/yhs_chassis_description/launch
-- Up-to-date: /home/nvidia/workspace/alan/src/AMR_ros2_slam_nav2/install/yhs_chassis_description/share/yhs_chassis_description/launch/yhs_fr09pro.launch
-- Up-to-date: /home/nvidia/workspace/alan/src/AMR_ros2_slam_nav2/install/yhs_chassis_description/share/yhs_chassis_description/launch/yhs_dgt001l.launch
-- Up-to-date: /home/nvidia/workspace/alan/src/AMR_ros2_slam_nav2/install/yhs_chassis_description/share/yhs_chassis_description/launch/yhs_dgt001mini.launch
-- Up-to-date: /home/nvidia/workspace/alan/src/AMR_ros2_slam_nav2/install/yhs_chassis_description/share/yhs_chassis_description/launch/yhs_fw001.launch
-- Up-to-date: /home/nvidia/workspace/alan/src/AMR_ros2_slam_nav2/install/yhs_chassis_description/share/yhs_chassis_description/launch/yhs_fr07pro.launch
-- Up-to-date: /home/nvidia/workspace/alan/src/AMR_ros2_slam_nav2/install/yhs_chassis_description/share/yhs_chassis_description/launch/yhs_mid001.launch
-- Up-to-date: /home/nvidia/workspace/alan/src/AMR_ros2_slam_nav2/install/yhs_chassis_description/share/yhs_chassis_description/launch/yhs_dgt001m.launch
-- Up-to-date: /home/nvidia/workspace/alan/src/AMR_ros2_slam_nav2/install/yhs_chassis_description/share/yhs_chassis_description/launch/yhs_fb001.launch
-- Up-to-date: /home/nvidia/workspace/alan/src/AMR_ros2_slam_nav2/install/yhs_chassis_description/share/yhs_chassis_description/launch/yhs_dgt001s.launch
-- Up-to-date: /home/nvidia/workspace/alan/src/AMR_ros2_slam_nav2/install/yhs_chassis_description/share/ament_index/resource_index/package_run_dependencies/yhs_chassis_description
-- Up-to-date: /home/nvidia/workspace/alan/src/AMR_ros2_slam_nav2/install/yhs_chassis_description/share/ament_index/resource_index/parent_prefix_path/yhs_chassis_description
-- Up-to-date: /home/nvidia/workspace/alan/src/AMR_ros2_slam_nav2/install/yhs_chassis_description/share/yhs_chassis_description/environment/ament_prefix_path.sh
-- Up-to-date: /home/nvidia/workspace/alan/src/AMR_ros2_slam_nav2/install/yhs_chassis_description/share/yhs_chassis_description/environment/ament_prefix_path.dsv
-- Up-to-date: /home/nvidia/workspace/alan/src/AMR_ros2_slam_nav2/install/yhs_chassis_description/share/yhs_chassis_description/environment/path.sh
-- Up-to-date: /home/nvidia/workspace/alan/src/AMR_ros2_slam_nav2/install/yhs_chassis_description/share/yhs_chassis_description/environment/path.dsv
-- Up-to-date: /home/nvidia/workspace/alan/src/AMR_ros2_slam_nav2/install/yhs_chassis_description/share/yhs_chassis_description/local_setup.bash
-- Up-to-date: /home/nvidia/workspace/alan/src/AMR_ros2_slam_nav2/install/yhs_chassis_description/share/yhs_chassis_description/local_setup.sh
-- Up-to-date: /home/nvidia/workspace/alan/src/AMR_ros2_slam_nav2/install/yhs_chassis_description/share/yhs_chassis_description/local_setup.zsh
-- Up-to-date: /home/nvidia/workspace/alan/src/AMR_ros2_slam_nav2/install/yhs_chassis_description/share/yhs_chassis_description/local_setup.dsv
-- Installing: /home/nvidia/workspace/alan/src/AMR_ros2_slam_nav2/install/yhs_chassis_description/share/yhs_chassis_description/package.dsv
-- Up-to-date: /home/nvidia/workspace/alan/src/AMR_ros2_slam_nav2/install/yhs_chassis_description/share/ament_index/resource_index/packages/yhs_chassis_description
-- Up-to-date: /home/nvidia/workspace/alan/src/AMR_ros2_slam_nav2/install/yhs_chassis_description/share/yhs_chassis_description/cmake/yhs_chassis_descriptionConfig.cmake
-- Up-to-date: /home/nvidia/workspace/alan/src/AMR_ros2_slam_nav2/install/yhs_chassis_description/share/yhs_chassis_description/cmake/yhs_chassis_descriptionConfig-version.cmake
-- Up-to-date: /home/nvidia/workspace/alan/src/AMR_ros2_slam_nav2/install/yhs_chassis_description/share/yhs_chassis_description/package.xml
