[0.150s] Invoking command in '/home/nvidia/workspace/alan/src/AMR_ros2_slam_nav2/build/yhs_chassis_description': CMAKE_PREFIX_PATH=${CMAKE_PREFIX_PATH}:/home/nvidia/workspace/alan/src/AMR_ros2_slam_nav2/install/turtlebot3_teleop:/home/nvidia/workspace/alan/src/AMR_ros2_slam_nav2/install/turtlebot3_example:/home/nvidia/workspace/alan/src/AMR_ros2_slam_nav2/install/opencv_tests:/home/nvidia/workspace/alan/src/AMR_ros2_slam_nav2/install/nav2_gazebo_spawner:/home/nvidia/workspace/alan/AMR/install/turtlebot3_teleop:/home/nvidia/workspace/alan/AMR/install/turtlebot3_example:/home/nvidia/workspace/alan/AMR/install/opencv_tests:/home/nvidia/workspace/alan/AMR/install/nav2_gazebo_spawner /usr/local/bin/cmake --build /home/nvidia/workspace/alan/src/AMR_ros2_slam_nav2/build/yhs_chassis_description -- -j8 -l8
[0.497s] Invoked command in '/home/nvidia/workspace/alan/src/AMR_ros2_slam_nav2/build/yhs_chassis_description' returned '0': CMAKE_PREFIX_PATH=${CMAKE_PREFIX_PATH}:/home/nvidia/workspace/alan/src/AMR_ros2_slam_nav2/install/turtlebot3_teleop:/home/nvidia/workspace/alan/src/AMR_ros2_slam_nav2/install/turtlebot3_example:/home/nvidia/workspace/alan/src/AMR_ros2_slam_nav2/install/opencv_tests:/home/nvidia/workspace/alan/src/AMR_ros2_slam_nav2/install/nav2_gazebo_spawner:/home/nvidia/workspace/alan/AMR/install/turtlebot3_teleop:/home/nvidia/workspace/alan/AMR/install/turtlebot3_example:/home/nvidia/workspace/alan/AMR/install/opencv_tests:/home/nvidia/workspace/alan/AMR/install/nav2_gazebo_spawner /usr/local/bin/cmake --build /home/nvidia/workspace/alan/src/AMR_ros2_slam_nav2/build/yhs_chassis_description -- -j8 -l8
[0.781s] Invoking command in '/home/nvidia/workspace/alan/src/AMR_ros2_slam_nav2/build/yhs_chassis_description': CMAKE_PREFIX_PATH=${CMAKE_PREFIX_PATH}:/home/nvidia/workspace/alan/src/AMR_ros2_slam_nav2/install/turtlebot3_teleop:/home/nvidia/workspace/alan/src/AMR_ros2_slam_nav2/install/turtlebot3_example:/home/nvidia/workspace/alan/src/AMR_ros2_slam_nav2/install/opencv_tests:/home/nvidia/workspace/alan/src/AMR_ros2_slam_nav2/install/nav2_gazebo_spawner:/home/nvidia/workspace/alan/AMR/install/turtlebot3_teleop:/home/nvidia/workspace/alan/AMR/install/turtlebot3_example:/home/nvidia/workspace/alan/AMR/install/opencv_tests:/home/nvidia/workspace/alan/AMR/install/nav2_gazebo_spawner /usr/local/bin/cmake --install /home/nvidia/workspace/alan/src/AMR_ros2_slam_nav2/build/yhs_chassis_description
[0.824s] -- Install configuration: ""
[0.825s] -- Up-to-date: /home/nvidia/workspace/alan/src/AMR_ros2_slam_nav2/install/yhs_chassis_description/share/yhs_chassis_description/meshes
[0.826s] -- Up-to-date: /home/nvidia/workspace/alan/src/AMR_ros2_slam_nav2/install/yhs_chassis_description/share/yhs_chassis_description/meshes/DGT-001L.STL
[0.827s] -- Up-to-date: /home/nvidia/workspace/alan/src/AMR_ros2_slam_nav2/install/yhs_chassis_description/share/yhs_chassis_description/meshes/FR-07PRO.STL
[0.828s] -- Up-to-date: /home/nvidia/workspace/alan/src/AMR_ros2_slam_nav2/install/yhs_chassis_description/share/yhs_chassis_description/meshes/FW-001.STL
[0.829s] -- Up-to-date: /home/nvidia/workspace/alan/src/AMR_ros2_slam_nav2/install/yhs_chassis_description/share/yhs_chassis_description/meshes/VLP16_scan.stl
[0.830s] -- Up-to-date: /home/nvidia/workspace/alan/src/AMR_ros2_slam_nav2/install/yhs_chassis_description/share/yhs_chassis_description/meshes/VLP16_base_1.stl
[0.830s] -- Up-to-date: /home/nvidia/workspace/alan/src/AMR_ros2_slam_nav2/install/yhs_chassis_description/share/yhs_chassis_description/meshes/HDL32E_base.stl
[0.831s] -- Up-to-date: /home/nvidia/workspace/alan/src/AMR_ros2_slam_nav2/install/yhs_chassis_description/share/yhs_chassis_description/meshes/HDL32E_scan.dae
[0.832s] -- Up-to-date: /home/nvidia/workspace/alan/src/AMR_ros2_slam_nav2/install/yhs_chassis_description/share/yhs_chassis_description/meshes/FB-001.STL
[0.833s] -- Up-to-date: /home/nvidia/workspace/alan/src/AMR_ros2_slam_nav2/install/yhs_chassis_description/share/yhs_chassis_description/meshes/bases
[0.837s] -- Up-to-date: /home/nvidia/workspace/alan/src/AMR_ros2_slam_nav2/install/yhs_chassis_description/share/yhs_chassis_description/meshes/bases/waffle_pi_base.stl
[0.839s] -- Up-to-date: /home/nvidia/workspace/alan/src/AMR_ros2_slam_nav2/install/yhs_chassis_description/share/yhs_chassis_description/meshes/bases/waffle_base.stl
[0.841s] -- Up-to-date: /home/nvidia/workspace/alan/src/AMR_ros2_slam_nav2/install/yhs_chassis_description/share/yhs_chassis_description/meshes/bases/burger_base.stl
[0.842s] -- Up-to-date: /home/nvidia/workspace/alan/src/AMR_ros2_slam_nav2/install/yhs_chassis_description/share/yhs_chassis_description/meshes/DGT-001mini.STL
[0.843s] -- Up-to-date: /home/nvidia/workspace/alan/src/AMR_ros2_slam_nav2/install/yhs_chassis_description/share/yhs_chassis_description/meshes/VLP16_base_1.dae
[0.844s] -- Up-to-date: /home/nvidia/workspace/alan/src/AMR_ros2_slam_nav2/install/yhs_chassis_description/share/yhs_chassis_description/meshes/sensors
[0.844s] -- Up-to-date: /home/nvidia/workspace/alan/src/AMR_ros2_slam_nav2/install/yhs_chassis_description/share/yhs_chassis_description/meshes/sensors/lds.stl
[0.844s] -- Up-to-date: /home/nvidia/workspace/alan/src/AMR_ros2_slam_nav2/install/yhs_chassis_description/share/yhs_chassis_description/meshes/sensors/astra.jpg
[0.845s] -- Up-to-date: /home/nvidia/workspace/alan/src/AMR_ros2_slam_nav2/install/yhs_chassis_description/share/yhs_chassis_description/meshes/sensors/astra.dae
[0.845s] -- Up-to-date: /home/nvidia/workspace/alan/src/AMR_ros2_slam_nav2/install/yhs_chassis_description/share/yhs_chassis_description/meshes/sensors/r200.dae
[0.845s] -- Up-to-date: /home/nvidia/workspace/alan/src/AMR_ros2_slam_nav2/install/yhs_chassis_description/share/yhs_chassis_description/meshes/sensors/r200.jpg
[0.846s] -- Up-to-date: /home/nvidia/workspace/alan/src/AMR_ros2_slam_nav2/install/yhs_chassis_description/share/yhs_chassis_description/meshes/VLP16_base_2.stl
[0.846s] -- Up-to-date: /home/nvidia/workspace/alan/src/AMR_ros2_slam_nav2/install/yhs_chassis_description/share/yhs_chassis_description/meshes/wheels
[0.846s] -- Up-to-date: /home/nvidia/workspace/alan/src/AMR_ros2_slam_nav2/install/yhs_chassis_description/share/yhs_chassis_description/meshes/wheels/left_tire.stl
[0.847s] -- Up-to-date: /home/nvidia/workspace/alan/src/AMR_ros2_slam_nav2/install/yhs_chassis_description/share/yhs_chassis_description/meshes/wheels/right_tire.stl
[0.848s] -- Up-to-date: /home/nvidia/workspace/alan/src/AMR_ros2_slam_nav2/install/yhs_chassis_description/share/yhs_chassis_description/meshes/DGT-001M.STL
[0.848s] -- Up-to-date: /home/nvidia/workspace/alan/src/AMR_ros2_slam_nav2/install/yhs_chassis_description/share/yhs_chassis_description/meshes/VLP16_base_2.dae
[0.849s] -- Up-to-date: /home/nvidia/workspace/alan/src/AMR_ros2_slam_nav2/install/yhs_chassis_description/share/yhs_chassis_description/meshes/HDL32E_base.dae
[0.851s] -- Up-to-date: /home/nvidia/workspace/alan/src/AMR_ros2_slam_nav2/install/yhs_chassis_description/share/yhs_chassis_description/meshes/MID-001.STL
[0.853s] -- Up-to-date: /home/nvidia/workspace/alan/src/AMR_ros2_slam_nav2/install/yhs_chassis_description/share/yhs_chassis_description/meshes/DGT001S.STL
[0.854s] -- Up-to-date: /home/nvidia/workspace/alan/src/AMR_ros2_slam_nav2/install/yhs_chassis_description/share/yhs_chassis_description/meshes/VLP16_base_1.stl-back
[0.855s] -- Up-to-date: /home/nvidia/workspace/alan/src/AMR_ros2_slam_nav2/install/yhs_chassis_description/share/yhs_chassis_description/meshes/DGT-001S.STL
[0.855s] -- Up-to-date: /home/nvidia/workspace/alan/src/AMR_ros2_slam_nav2/install/yhs_chassis_description/share/yhs_chassis_description/meshes/VLP16_base_1.dae-back
[0.855s] -- Up-to-date: /home/nvidia/workspace/alan/src/AMR_ros2_slam_nav2/install/yhs_chassis_description/share/yhs_chassis_description/meshes/HDL32E_scan.stl
[0.859s] -- Up-to-date: /home/nvidia/workspace/alan/src/AMR_ros2_slam_nav2/install/yhs_chassis_description/share/yhs_chassis_description/meshes/VLP16_scan.dae
[0.861s] -- Up-to-date: /home/nvidia/workspace/alan/src/AMR_ros2_slam_nav2/install/yhs_chassis_description/share/yhs_chassis_description/meshes/FR-09PRO.STL
[0.862s] -- Up-to-date: /home/nvidia/workspace/alan/src/AMR_ros2_slam_nav2/install/yhs_chassis_description/share/yhs_chassis_description/rviz
[0.862s] -- Up-to-date: /home/nvidia/workspace/alan/src/AMR_ros2_slam_nav2/install/yhs_chassis_description/share/yhs_chassis_description/rviz/urdf.rviz
[0.862s] -- Up-to-date: /home/nvidia/workspace/alan/src/AMR_ros2_slam_nav2/install/yhs_chassis_description/share/yhs_chassis_description/urdf
[0.863s] -- Up-to-date: /home/nvidia/workspace/alan/src/AMR_ros2_slam_nav2/install/yhs_chassis_description/share/yhs_chassis_description/urdf/yhs_dgt001s.urdf
[0.864s] -- Up-to-date: /home/nvidia/workspace/alan/src/AMR_ros2_slam_nav2/install/yhs_chassis_description/share/yhs_chassis_description/urdf/yhs_dgt001l.urdf
[0.865s] -- Up-to-date: /home/nvidia/workspace/alan/src/AMR_ros2_slam_nav2/install/yhs_chassis_description/share/yhs_chassis_description/urdf/yhs_fr07pro.urdf
[0.866s] -- Up-to-date: /home/nvidia/workspace/alan/src/AMR_ros2_slam_nav2/install/yhs_chassis_description/share/yhs_chassis_description/urdf/amr.urdf
[0.866s] -- Up-to-date: /home/nvidia/workspace/alan/src/AMR_ros2_slam_nav2/install/yhs_chassis_description/share/yhs_chassis_description/urdf/yhs_fr09pro.urdf
[0.867s] -- Up-to-date: /home/nvidia/workspace/alan/src/AMR_ros2_slam_nav2/install/yhs_chassis_description/share/yhs_chassis_description/urdf/yhs_fw001.urdf
[0.868s] -- Up-to-date: /home/nvidia/workspace/alan/src/AMR_ros2_slam_nav2/install/yhs_chassis_description/share/yhs_chassis_description/urdf/yhs_dgt001m.urdf
[0.869s] -- Up-to-date: /home/nvidia/workspace/alan/src/AMR_ros2_slam_nav2/install/yhs_chassis_description/share/yhs_chassis_description/urdf/amr.urdf_bak
[0.869s] -- Up-to-date: /home/nvidia/workspace/alan/src/AMR_ros2_slam_nav2/install/yhs_chassis_description/share/yhs_chassis_description/urdf/amr.urdf_back
[0.869s] -- Installing: /home/nvidia/workspace/alan/src/AMR_ros2_slam_nav2/install/yhs_chassis_description/share/yhs_chassis_description/urdf/amr_scan.urdf
[0.870s] -- Up-to-date: /home/nvidia/workspace/alan/src/AMR_ros2_slam_nav2/install/yhs_chassis_description/share/yhs_chassis_description/urdf/yhs_dgt001m.urdf_V1
[0.872s] -- Up-to-date: /home/nvidia/workspace/alan/src/AMR_ros2_slam_nav2/install/yhs_chassis_description/share/yhs_chassis_description/urdf/yhs_fb001.urdf
[0.875s] -- Up-to-date: /home/nvidia/workspace/alan/src/AMR_ros2_slam_nav2/install/yhs_chassis_description/share/yhs_chassis_description/urdf/yhs_dgt001mini.urdf
[0.876s] -- Up-to-date: /home/nvidia/workspace/alan/src/AMR_ros2_slam_nav2/install/yhs_chassis_description/share/yhs_chassis_description/urdf/yhs_mid001.urdf
[0.876s] -- Up-to-date: /home/nvidia/workspace/alan/src/AMR_ros2_slam_nav2/install/yhs_chassis_description/share/yhs_chassis_description/launch
[0.877s] -- Up-to-date: /home/nvidia/workspace/alan/src/AMR_ros2_slam_nav2/install/yhs_chassis_description/share/yhs_chassis_description/launch/yhs_fr09pro.launch
[0.878s] -- Up-to-date: /home/nvidia/workspace/alan/src/AMR_ros2_slam_nav2/install/yhs_chassis_description/share/yhs_chassis_description/launch/yhs_dgt001l.launch
[0.878s] -- Up-to-date: /home/nvidia/workspace/alan/src/AMR_ros2_slam_nav2/install/yhs_chassis_description/share/yhs_chassis_description/launch/yhs_dgt001mini.launch
[0.879s] -- Up-to-date: /home/nvidia/workspace/alan/src/AMR_ros2_slam_nav2/install/yhs_chassis_description/share/yhs_chassis_description/launch/yhs_fw001.launch
[0.880s] -- Up-to-date: /home/nvidia/workspace/alan/src/AMR_ros2_slam_nav2/install/yhs_chassis_description/share/yhs_chassis_description/launch/yhs_fr07pro.launch
[0.880s] -- Up-to-date: /home/nvidia/workspace/alan/src/AMR_ros2_slam_nav2/install/yhs_chassis_description/share/yhs_chassis_description/launch/yhs_mid001.launch
[0.880s] -- Up-to-date: /home/nvidia/workspace/alan/src/AMR_ros2_slam_nav2/install/yhs_chassis_description/share/yhs_chassis_description/launch/yhs_dgt001m.launch
[0.880s] -- Up-to-date: /home/nvidia/workspace/alan/src/AMR_ros2_slam_nav2/install/yhs_chassis_description/share/yhs_chassis_description/launch/yhs_fb001.launch
[0.881s] -- Up-to-date: /home/nvidia/workspace/alan/src/AMR_ros2_slam_nav2/install/yhs_chassis_description/share/yhs_chassis_description/launch/yhs_dgt001s.launch
[0.881s] -- Up-to-date: /home/nvidia/workspace/alan/src/AMR_ros2_slam_nav2/install/yhs_chassis_description/share/ament_index/resource_index/package_run_dependencies/yhs_chassis_description
[0.881s] -- Up-to-date: /home/nvidia/workspace/alan/src/AMR_ros2_slam_nav2/install/yhs_chassis_description/share/ament_index/resource_index/parent_prefix_path/yhs_chassis_description
[0.881s] -- Up-to-date: /home/nvidia/workspace/alan/src/AMR_ros2_slam_nav2/install/yhs_chassis_description/share/yhs_chassis_description/environment/ament_prefix_path.sh
[0.882s] -- Up-to-date: /home/nvidia/workspace/alan/src/AMR_ros2_slam_nav2/install/yhs_chassis_description/share/yhs_chassis_description/environment/ament_prefix_path.dsv
[0.883s] -- Up-to-date: /home/nvidia/workspace/alan/src/AMR_ros2_slam_nav2/install/yhs_chassis_description/share/yhs_chassis_description/environment/path.sh
[0.884s] -- Up-to-date: /home/nvidia/workspace/alan/src/AMR_ros2_slam_nav2/install/yhs_chassis_description/share/yhs_chassis_description/environment/path.dsv
[0.885s] -- Up-to-date: /home/nvidia/workspace/alan/src/AMR_ros2_slam_nav2/install/yhs_chassis_description/share/yhs_chassis_description/local_setup.bash
[0.885s] -- Up-to-date: /home/nvidia/workspace/alan/src/AMR_ros2_slam_nav2/install/yhs_chassis_description/share/yhs_chassis_description/local_setup.sh
[0.889s] -- Up-to-date: /home/nvidia/workspace/alan/src/AMR_ros2_slam_nav2/install/yhs_chassis_description/share/yhs_chassis_description/local_setup.zsh
[0.890s] -- Up-to-date: /home/nvidia/workspace/alan/src/AMR_ros2_slam_nav2/install/yhs_chassis_description/share/yhs_chassis_description/local_setup.dsv
[0.890s] -- Installing: /home/nvidia/workspace/alan/src/AMR_ros2_slam_nav2/install/yhs_chassis_description/share/yhs_chassis_description/package.dsv
[0.890s] -- Up-to-date: /home/nvidia/workspace/alan/src/AMR_ros2_slam_nav2/install/yhs_chassis_description/share/ament_index/resource_index/packages/yhs_chassis_description
[0.891s] -- Up-to-date: /home/nvidia/workspace/alan/src/AMR_ros2_slam_nav2/install/yhs_chassis_description/share/yhs_chassis_description/cmake/yhs_chassis_descriptionConfig.cmake
[0.891s] -- Up-to-date: /home/nvidia/workspace/alan/src/AMR_ros2_slam_nav2/install/yhs_chassis_description/share/yhs_chassis_description/cmake/yhs_chassis_descriptionConfig-version.cmake
[0.891s] -- Up-to-date: /home/nvidia/workspace/alan/src/AMR_ros2_slam_nav2/install/yhs_chassis_description/share/yhs_chassis_description/package.xml
[1.097s] Invoked command in '/home/nvidia/workspace/alan/src/AMR_ros2_slam_nav2/build/yhs_chassis_description' returned '0': CMAKE_PREFIX_PATH=${CMAKE_PREFIX_PATH}:/home/nvidia/workspace/alan/src/AMR_ros2_slam_nav2/install/turtlebot3_teleop:/home/nvidia/workspace/alan/src/AMR_ros2_slam_nav2/install/turtlebot3_example:/home/nvidia/workspace/alan/src/AMR_ros2_slam_nav2/install/opencv_tests:/home/nvidia/workspace/alan/src/AMR_ros2_slam_nav2/install/nav2_gazebo_spawner:/home/nvidia/workspace/alan/AMR/install/turtlebot3_teleop:/home/nvidia/workspace/alan/AMR/install/turtlebot3_example:/home/nvidia/workspace/alan/AMR/install/opencv_tests:/home/nvidia/workspace/alan/AMR/install/nav2_gazebo_spawner /usr/local/bin/cmake --install /home/nvidia/workspace/alan/src/AMR_ros2_slam_nav2/build/yhs_chassis_description
