-- Install configuration: ""
-- Up-to-date: /home/nvidia/workspace/alan/src/AMR_ros2_slam_nav2/install/amr_description/share/amr_description/meshes
-- Up-to-date: /home/nvidia/workspace/alan/src/AMR_ros2_slam_nav2/install/amr_description/share/amr_description/meshes/DGT-001L.STL
-- Up-to-date: /home/nvidia/workspace/alan/src/AMR_ros2_slam_nav2/install/amr_description/share/amr_description/meshes/FR-07PRO.STL
-- Up-to-date: /home/nvidia/workspace/alan/src/AMR_ros2_slam_nav2/install/amr_description/share/amr_description/meshes/FW-001.STL
-- Up-to-date: /home/nvidia/workspace/alan/src/AMR_ros2_slam_nav2/install/amr_description/share/amr_description/meshes/VLP16_base_1.stl
-- Up-to-date: /home/nvidia/workspace/alan/src/AMR_ros2_slam_nav2/install/amr_description/share/amr_description/meshes/FB-001.STL
-- Up-to-date: /home/nvidia/workspace/alan/src/AMR_ros2_slam_nav2/install/amr_description/share/amr_description/meshes/DGT-001mini.STL
-- Up-to-date: /home/nvidia/workspace/alan/src/AMR_ros2_slam_nav2/install/amr_description/share/amr_description/meshes/VLP16_base_1.dae
-- Up-to-date: /home/nvidia/workspace/alan/src/AMR_ros2_slam_nav2/install/amr_description/share/amr_description/meshes/wheels
-- Up-to-date: /home/nvidia/workspace/alan/src/AMR_ros2_slam_nav2/install/amr_description/share/amr_description/meshes/wheels/left_tire.stl
-- Up-to-date: /home/nvidia/workspace/alan/src/AMR_ros2_slam_nav2/install/amr_description/share/amr_description/meshes/wheels/right_tire.stl
-- Up-to-date: /home/nvidia/workspace/alan/src/AMR_ros2_slam_nav2/install/amr_description/share/amr_description/meshes/DGT-001M.STL
-- Up-to-date: /home/nvidia/workspace/alan/src/AMR_ros2_slam_nav2/install/amr_description/share/amr_description/meshes/MID-001.STL
-- Up-to-date: /home/nvidia/workspace/alan/src/AMR_ros2_slam_nav2/install/amr_description/share/amr_description/meshes/DGT001S.STL
-- Up-to-date: /home/nvidia/workspace/alan/src/AMR_ros2_slam_nav2/install/amr_description/share/amr_description/meshes/DGT-001S.STL
-- Up-to-date: /home/nvidia/workspace/alan/src/AMR_ros2_slam_nav2/install/amr_description/share/amr_description/meshes/FR-09PRO.STL
-- Up-to-date: /home/nvidia/workspace/alan/src/AMR_ros2_slam_nav2/install/amr_description/share/amr_description/urdf
-- Up-to-date: /home/nvidia/workspace/alan/src/AMR_ros2_slam_nav2/install/amr_description/share/amr_description/urdf/test.urdf
-- Up-to-date: /home/nvidia/workspace/alan/src/AMR_ros2_slam_nav2/install/amr_description/share/amr_description/urdf/.gitkeep
-- Up-to-date: /home/nvidia/workspace/alan/src/AMR_ros2_slam_nav2/install/amr_description/share/amr_description/urdf/amr.urdf
-- Up-to-date: /home/nvidia/workspace/alan/src/AMR_ros2_slam_nav2/install/amr_description/share/amr_description/urdf/yhs_dgt001m.urdf
-- Up-to-date: /home/nvidia/workspace/alan/src/AMR_ros2_slam_nav2/install/amr_description/share/amr_description/urdf/sam_bot_description.urdf
-- Up-to-date: /home/nvidia/workspace/alan/src/AMR_ros2_slam_nav2/install/amr_description/share/amr_description/urdf/amr.urdf.bak
-- Up-to-date: /home/nvidia/workspace/alan/src/AMR_ros2_slam_nav2/install/amr_description/share/amr_description/rviz
-- Up-to-date: /home/nvidia/workspace/alan/src/AMR_ros2_slam_nav2/install/amr_description/share/amr_description/rviz/urdf.rviz
-- Up-to-date: /home/nvidia/workspace/alan/src/AMR_ros2_slam_nav2/install/amr_description/share/ament_index/resource_index/package_run_dependencies/amr_description
-- Up-to-date: /home/nvidia/workspace/alan/src/AMR_ros2_slam_nav2/install/amr_description/share/ament_index/resource_index/parent_prefix_path/amr_description
-- Up-to-date: /home/nvidia/workspace/alan/src/AMR_ros2_slam_nav2/install/amr_description/share/amr_description/environment/ament_prefix_path.sh
-- Up-to-date: /home/nvidia/workspace/alan/src/AMR_ros2_slam_nav2/install/amr_description/share/amr_description/environment/ament_prefix_path.dsv
-- Up-to-date: /home/nvidia/workspace/alan/src/AMR_ros2_slam_nav2/install/amr_description/share/amr_description/environment/path.sh
-- Up-to-date: /home/nvidia/workspace/alan/src/AMR_ros2_slam_nav2/install/amr_description/share/amr_description/environment/path.dsv
-- Up-to-date: /home/nvidia/workspace/alan/src/AMR_ros2_slam_nav2/install/amr_description/share/amr_description/local_setup.bash
-- Up-to-date: /home/nvidia/workspace/alan/src/AMR_ros2_slam_nav2/install/amr_description/share/amr_description/local_setup.sh
-- Up-to-date: /home/nvidia/workspace/alan/src/AMR_ros2_slam_nav2/install/amr_description/share/amr_description/local_setup.zsh
-- Up-to-date: /home/nvidia/workspace/alan/src/AMR_ros2_slam_nav2/install/amr_description/share/amr_description/local_setup.dsv
-- Installing: /home/nvidia/workspace/alan/src/AMR_ros2_slam_nav2/install/amr_description/share/amr_description/package.dsv
-- Up-to-date: /home/nvidia/workspace/alan/src/AMR_ros2_slam_nav2/install/amr_description/share/ament_index/resource_index/packages/amr_description
-- Up-to-date: /home/nvidia/workspace/alan/src/AMR_ros2_slam_nav2/install/amr_description/share/amr_description/cmake/amr_descriptionConfig.cmake
-- Up-to-date: /home/nvidia/workspace/alan/src/AMR_ros2_slam_nav2/install/amr_description/share/amr_description/cmake/amr_descriptionConfig-version.cmake
-- Up-to-date: /home/nvidia/workspace/alan/src/AMR_ros2_slam_nav2/install/amr_description/share/amr_description/package.xml
