[0.058s] Invoking command in '/home/nvidia/workspace/alan/src/AMR_ros2_slam_nav2/build/turtlebot3_msgs': /usr/local/bin/cmake /home/nvidia/workspace/alan/src/AMR_ros2_slam_nav2/turtlebot3_msgs -DCMAKE_INSTALL_PREFIX=/home/nvidia/workspace/alan/src/AMR_ros2_slam_nav2/install/turtlebot3_msgs
[0.382s] -- The C compiler identification is GNU 7.5.0
[0.709s] -- The CXX compiler identification is GNU 7.5.0
[0.782s] -- Check for working C compiler: /usr/bin/cc
[1.014s] -- Check for working C compiler: /usr/bin/cc -- works
[1.030s] -- Detecting C compiler ABI info
[1.318s] -- Detecting C compiler ABI info - done
[1.489s] -- Detecting C compile features
[1.493s] -- Detecting C compile features - done
[1.525s] -- Check for working CXX compiler: /usr/bin/c++
[1.761s] -- Check for working CXX compiler: /usr/bin/c++ -- works
[1.776s] -- Detecting CXX compiler ABI info
[2.035s] -- Detecting CXX compiler ABI info - done
[2.245s] -- Detecting CXX compile features
[2.251s] -- Detecting CXX compile features - done
[2.263s] -- Found action_msgs: 1.0.0 (/home/workspace/ros2/install/share/action_msgs/cmake)
[2.395s] -- Found PythonInterp: /usr/bin/python3 (found suitable version "3.6.9", minimum required is "3") 
[2.396s] -- Using PYTHON_EXECUTABLE: /usr/bin/python3
[3.721s] -- Using all available rosidl_typesupport_c: rosidl_typesupport_fastrtps_c;rosidl_typesupport_introspection_c
[3.796s] -- Found rosidl_adapter: 1.2.1 (/home/workspace/ros2/install/share/rosidl_adapter/cmake)
[4.177s] -- Found OpenSSL: /usr/lib/aarch64-linux-gnu/libcrypto.so (found version "1.1.1")  
[4.340s] -- Found FastRTPS: /home/workspace/ros2/install/include  
[5.074s] -- Using all available rosidl_typesupport_cpp: rosidl_typesupport_fastrtps_cpp;rosidl_typesupport_introspection_cpp
[6.066s] -- Found rosidl_default_generators: 1.0.1 (/home/workspace/ros2/install/share/rosidl_default_generators/cmake)
[6.215s] -- Found std_msgs: 2.0.4 (/home/workspace/ros2/install/share/std_msgs/cmake)
[6.546s] -- Found PythonInterp: /usr/bin/python3 (found version "3.6.9") 
[8.322s] -- Found ament_cmake_cppcheck: 0.9.6 (/home/workspace/ros2/install/share/ament_cmake_cppcheck/cmake)
[8.337s] -- Found ament_cmake_cpplint: 0.9.6 (/home/workspace/ros2/install/share/ament_cmake_cpplint/cmake)
[8.352s] -- Found ament_cmake_uncrustify: 0.9.6 (/home/workspace/ros2/install/share/ament_cmake_uncrustify/cmake)
[8.370s] -- Found ament_cmake_ros: 0.9.2 (/home/workspace/ros2/install/share/ament_cmake_ros/cmake)
[11.281s] -- Using all available rosidl_typesupport_c: rosidl_typesupport_fastrtps_c;rosidl_typesupport_introspection_c
[12.832s] -- Using all available rosidl_typesupport_cpp: rosidl_typesupport_fastrtps_cpp;rosidl_typesupport_introspection_cpp
[13.049s] -- Found PythonInterp: /usr/bin/python3 (found suitable version "3.6.9", minimum required is "3.5") 
[13.058s] -- Found python_cmake_module: 0.8.1 (/home/workspace/ros2/install/share/python_cmake_module/cmake)
[13.229s] -- Found PythonLibs: /usr/lib/aarch64-linux-gnu/libpython3.6m.so (found suitable version "3.6.9", minimum required is "3.5") 
[13.231s] -- Using PYTHON_EXECUTABLE: /usr/bin/python3
[13.231s] -- Using PYTHON_INCLUDE_DIRS: /usr/include/python3.6m
[13.232s] -- Using PYTHON_LIBRARIES: /usr/lib/aarch64-linux-gnu/libpython3.6m.so
[13.339s] -- Found PythonExtra: .so  
[14.264s] -- Found ament_cmake_flake8: 0.9.6 (/home/workspace/ros2/install/share/ament_cmake_flake8/cmake)
[14.275s] -- Found ament_cmake_pep257: 0.9.6 (/home/workspace/ros2/install/share/ament_cmake_pep257/cmake)
[14.370s] -- Configuring done
[15.006s] -- Generating done
[15.026s] -- Build files have been written to: /home/nvidia/workspace/alan/src/AMR_ros2_slam_nav2/build/turtlebot3_msgs
[15.065s] Invoked command in '/home/nvidia/workspace/alan/src/AMR_ros2_slam_nav2/build/turtlebot3_msgs' returned '0': /usr/local/bin/cmake /home/nvidia/workspace/alan/src/AMR_ros2_slam_nav2/turtlebot3_msgs -DCMAKE_INSTALL_PREFIX=/home/nvidia/workspace/alan/src/AMR_ros2_slam_nav2/install/turtlebot3_msgs
[15.069s] Invoking command in '/home/nvidia/workspace/alan/src/AMR_ros2_slam_nav2/build/turtlebot3_msgs': /usr/local/bin/cmake --build /home/nvidia/workspace/alan/src/AMR_ros2_slam_nav2/build/turtlebot3_msgs -- -j8 -l8
[15.197s] [  1%] [34m[1mGenerating C code for ROS interfaces[0m
[19.015s] [35m[1mScanning dependencies of target turtlebot3_msgs__rosidl_generator_c[0m
[19.068s] [  2%] [32mBuilding C object CMakeFiles/turtlebot3_msgs__rosidl_generator_c.dir/rosidl_generator_c/turtlebot3_msgs/msg/detail/sensor_state__functions.c.o[0m
[19.188s] [  4%] [32mBuilding C object CMakeFiles/turtlebot3_msgs__rosidl_generator_c.dir/rosidl_generator_c/turtlebot3_msgs/action/detail/patrol__functions.c.o[0m
[19.456s] [  5%] [32mBuilding C object CMakeFiles/turtlebot3_msgs__rosidl_generator_c.dir/rosidl_generator_c/turtlebot3_msgs/srv/detail/dqn__functions.c.o[0m
[19.606s] [  7%] [32mBuilding C object CMakeFiles/turtlebot3_msgs__rosidl_generator_c.dir/rosidl_generator_c/turtlebot3_msgs/srv/detail/sound__functions.c.o[0m
[19.755s] [  8%] [32mBuilding C object CMakeFiles/turtlebot3_msgs__rosidl_generator_c.dir/rosidl_generator_c/turtlebot3_msgs/msg/detail/version_info__functions.c.o[0m
[19.865s] [  9%] [32mBuilding C object CMakeFiles/turtlebot3_msgs__rosidl_generator_c.dir/rosidl_generator_c/turtlebot3_msgs/msg/detail/sound__functions.c.o[0m
[19.975s] [ 11%] [32m[1mLinking C shared library libturtlebot3_msgs__rosidl_generator_c.so[0m
[20.071s] [ 11%] Built target turtlebot3_msgs__rosidl_generator_c
[20.097s] [35m[1mScanning dependencies of target turtlebot3_msgs__cpp[0m
[20.122s] [ 12%] [34m[1mGenerating C++ code for ROS interfaces[0m
[23.598s] [ 12%] Built target turtlebot3_msgs__cpp
[23.619s] [ 14%] [34m[1mGenerating C type support dispatch for ROS interfaces[0m
[26.072s] [35m[1mScanning dependencies of target turtlebot3_msgs__rosidl_typesupport_c[0m
[26.131s] [ 15%] [32mBuilding CXX object CMakeFiles/turtlebot3_msgs__rosidl_typesupport_c.dir/rosidl_typesupport_c/turtlebot3_msgs/msg/sensor_state__type_support.cpp.o[0m
[26.220s] [ 16%] [32mBuilding CXX object CMakeFiles/turtlebot3_msgs__rosidl_typesupport_c.dir/rosidl_typesupport_c/turtlebot3_msgs/srv/sound__type_support.cpp.o[0m
[26.316s] [ 18%] [32mBuilding CXX object CMakeFiles/turtlebot3_msgs__rosidl_typesupport_c.dir/rosidl_typesupport_c/turtlebot3_msgs/srv/dqn__type_support.cpp.o[0m
[26.405s] [ 19%] [32mBuilding CXX object CMakeFiles/turtlebot3_msgs__rosidl_typesupport_c.dir/rosidl_typesupport_c/turtlebot3_msgs/action/patrol__type_support.cpp.o[0m
[26.540s] [ 21%] [32mBuilding CXX object CMakeFiles/turtlebot3_msgs__rosidl_typesupport_c.dir/rosidl_typesupport_c/turtlebot3_msgs/msg/version_info__type_support.cpp.o[0m
[26.625s] [ 22%] [32mBuilding CXX object CMakeFiles/turtlebot3_msgs__rosidl_typesupport_c.dir/rosidl_typesupport_c/turtlebot3_msgs/msg/sound__type_support.cpp.o[0m
[26.707s] [ 23%] [32m[1mLinking CXX shared library libturtlebot3_msgs__rosidl_typesupport_c.so[0m
[26.819s] [ 23%] Built target turtlebot3_msgs__rosidl_typesupport_c
[26.840s] [ 25%] [34m[1mGenerating C++ introspection for ROS interfaces[0m
[29.984s] [35m[1mScanning dependencies of target turtlebot3_msgs__rosidl_typesupport_introspection_cpp[0m
[30.066s] [ 26%] [32mBuilding CXX object CMakeFiles/turtlebot3_msgs__rosidl_typesupport_introspection_cpp.dir/rosidl_typesupport_introspection_cpp/turtlebot3_msgs/msg/detail/sensor_state__type_support.cpp.o[0m
[30.939s] [ 28%] [32mBuilding CXX object CMakeFiles/turtlebot3_msgs__rosidl_typesupport_introspection_cpp.dir/rosidl_typesupport_introspection_cpp/turtlebot3_msgs/srv/detail/dqn__type_support.cpp.o[0m
[31.978s] [ 29%] [32mBuilding CXX object CMakeFiles/turtlebot3_msgs__rosidl_typesupport_introspection_cpp.dir/rosidl_typesupport_introspection_cpp/turtlebot3_msgs/action/detail/patrol__type_support.cpp.o[0m
[33.061s] [ 30%] [32mBuilding CXX object CMakeFiles/turtlebot3_msgs__rosidl_typesupport_introspection_cpp.dir/rosidl_typesupport_introspection_cpp/turtlebot3_msgs/srv/detail/sound__type_support.cpp.o[0m
[33.983s] [ 32%] [32mBuilding CXX object CMakeFiles/turtlebot3_msgs__rosidl_typesupport_introspection_cpp.dir/rosidl_typesupport_introspection_cpp/turtlebot3_msgs/msg/detail/version_info__type_support.cpp.o[0m
[34.873s] [ 33%] [32mBuilding CXX object CMakeFiles/turtlebot3_msgs__rosidl_typesupport_introspection_cpp.dir/rosidl_typesupport_introspection_cpp/turtlebot3_msgs/msg/detail/sound__type_support.cpp.o[0m
[35.759s] [ 35%] [32m[1mLinking CXX shared library libturtlebot3_msgs__rosidl_typesupport_introspection_cpp.so[0m
[35.959s] [ 35%] Built target turtlebot3_msgs__rosidl_typesupport_introspection_cpp
[35.979s] [ 36%] [34m[1mGenerating C++ type support dispatch for ROS interfaces[0m
[38.411s] [35m[1mScanning dependencies of target turtlebot3_msgs__rosidl_typesupport_cpp[0m
[38.479s] [ 38%] [32mBuilding CXX object CMakeFiles/turtlebot3_msgs__rosidl_typesupport_cpp.dir/rosidl_typesupport_cpp/turtlebot3_msgs/msg/sensor_state__type_support.cpp.o[0m
[39.232s] [ 39%] [32mBuilding CXX object CMakeFiles/turtlebot3_msgs__rosidl_typesupport_cpp.dir/rosidl_typesupport_cpp/turtlebot3_msgs/action/patrol__type_support.cpp.o[0m
[40.175s] [ 40%] [32mBuilding CXX object CMakeFiles/turtlebot3_msgs__rosidl_typesupport_cpp.dir/rosidl_typesupport_cpp/turtlebot3_msgs/srv/dqn__type_support.cpp.o[0m
[40.945s] [ 42%] [32mBuilding CXX object CMakeFiles/turtlebot3_msgs__rosidl_typesupport_cpp.dir/rosidl_typesupport_cpp/turtlebot3_msgs/srv/sound__type_support.cpp.o[0m
[41.775s] [ 43%] [32mBuilding CXX object CMakeFiles/turtlebot3_msgs__rosidl_typesupport_cpp.dir/rosidl_typesupport_cpp/turtlebot3_msgs/msg/version_info__type_support.cpp.o[0m
[42.596s] [ 45%] [32mBuilding CXX object CMakeFiles/turtlebot3_msgs__rosidl_typesupport_cpp.dir/rosidl_typesupport_cpp/turtlebot3_msgs/msg/sound__type_support.cpp.o[0m
[43.392s] [ 46%] [32m[1mLinking CXX shared library libturtlebot3_msgs__rosidl_typesupport_cpp.so[0m
[43.495s] [ 46%] Built target turtlebot3_msgs__rosidl_typesupport_cpp
[43.515s] [ 47%] [34m[1mGenerating C++ type support for eProsima Fast-RTPS[0m
[46.776s] [35m[1mScanning dependencies of target turtlebot3_msgs__rosidl_typesupport_fastrtps_cpp[0m
[46.911s] [ 49%] [32mBuilding CXX object CMakeFiles/turtlebot3_msgs__rosidl_typesupport_fastrtps_cpp.dir/rosidl_typesupport_fastrtps_cpp/turtlebot3_msgs/msg/detail/dds_fastrtps/sensor_state__type_support.cpp.o[0m
[48.187s] [ 50%] [32mBuilding CXX object CMakeFiles/turtlebot3_msgs__rosidl_typesupport_fastrtps_cpp.dir/rosidl_typesupport_fastrtps_cpp/turtlebot3_msgs/action/detail/dds_fastrtps/patrol__type_support.cpp.o[0m
[49.823s] [ 52%] [32mBuilding CXX object CMakeFiles/turtlebot3_msgs__rosidl_typesupport_fastrtps_cpp.dir/rosidl_typesupport_fastrtps_cpp/turtlebot3_msgs/srv/detail/dds_fastrtps/dqn__type_support.cpp.o[0m
[51.329s] [ 53%] [32mBuilding CXX object CMakeFiles/turtlebot3_msgs__rosidl_typesupport_fastrtps_cpp.dir/rosidl_typesupport_fastrtps_cpp/turtlebot3_msgs/srv/detail/dds_fastrtps/sound__type_support.cpp.o[0m
[52.733s] [ 54%] [32mBuilding CXX object CMakeFiles/turtlebot3_msgs__rosidl_typesupport_fastrtps_cpp.dir/rosidl_typesupport_fastrtps_cpp/turtlebot3_msgs/msg/detail/dds_fastrtps/version_info__type_support.cpp.o[0m
[53.910s] [ 56%] [32mBuilding CXX object CMakeFiles/turtlebot3_msgs__rosidl_typesupport_fastrtps_cpp.dir/rosidl_typesupport_fastrtps_cpp/turtlebot3_msgs/msg/detail/dds_fastrtps/sound__type_support.cpp.o[0m
[55.042s] [ 57%] [32m[1mLinking CXX shared library libturtlebot3_msgs__rosidl_typesupport_fastrtps_cpp.so[0m
[55.270s] [ 57%] Built target turtlebot3_msgs__rosidl_typesupport_fastrtps_cpp
[55.291s] [ 59%] [34m[1mGenerating C introspection for ROS interfaces[0m
[58.260s] [35m[1mScanning dependencies of target turtlebot3_msgs__rosidl_typesupport_introspection_c[0m
[58.323s] [ 60%] [32mBuilding C object CMakeFiles/turtlebot3_msgs__rosidl_typesupport_introspection_c.dir/rosidl_typesupport_introspection_c/turtlebot3_msgs/msg/detail/sensor_state__type_support.c.o[0m
[58.410s] [ 61%] [32mBuilding C object CMakeFiles/turtlebot3_msgs__rosidl_typesupport_introspection_c.dir/rosidl_typesupport_introspection_c/turtlebot3_msgs/action/detail/patrol__type_support.c.o[0m
[58.540s] [ 63%] [32mBuilding C object CMakeFiles/turtlebot3_msgs__rosidl_typesupport_introspection_c.dir/rosidl_typesupport_introspection_c/turtlebot3_msgs/srv/detail/dqn__type_support.c.o[0m
[58.630s] [ 64%] [32mBuilding C object CMakeFiles/turtlebot3_msgs__rosidl_typesupport_introspection_c.dir/rosidl_typesupport_introspection_c/turtlebot3_msgs/srv/detail/sound__type_support.c.o[0m
[58.727s] [ 66%] [32mBuilding C object CMakeFiles/turtlebot3_msgs__rosidl_typesupport_introspection_c.dir/rosidl_typesupport_introspection_c/turtlebot3_msgs/msg/detail/version_info__type_support.c.o[0m
[58.815s] [ 67%] [32mBuilding C object CMakeFiles/turtlebot3_msgs__rosidl_typesupport_introspection_c.dir/rosidl_typesupport_introspection_c/turtlebot3_msgs/msg/detail/sound__type_support.c.o[0m
[58.900s] [ 69%] [32m[1mLinking C shared library libturtlebot3_msgs__rosidl_typesupport_introspection_c.so[0m
[58.977s] [ 69%] Built target turtlebot3_msgs__rosidl_typesupport_introspection_c
[58.998s] [ 70%] [34m[1mGenerating C type support for eProsima Fast-RTPS[0m
[62.358s] [35m[1mScanning dependencies of target turtlebot3_msgs__rosidl_typesupport_fastrtps_c[0m
[62.571s] [ 71%] [32mBuilding CXX object CMakeFiles/turtlebot3_msgs__rosidl_typesupport_fastrtps_c.dir/rosidl_typesupport_fastrtps_c/turtlebot3_msgs/msg/detail/sensor_state__type_support_c.cpp.o[0m
[63.654s] [ 73%] [32mBuilding CXX object CMakeFiles/turtlebot3_msgs__rosidl_typesupport_fastrtps_c.dir/rosidl_typesupport_fastrtps_c/turtlebot3_msgs/action/detail/patrol__type_support_c.cpp.o[0m
[64.790s] [ 74%] [32mBuilding CXX object CMakeFiles/turtlebot3_msgs__rosidl_typesupport_fastrtps_c.dir/rosidl_typesupport_fastrtps_c/turtlebot3_msgs/srv/detail/dqn__type_support_c.cpp.o[0m
[65.807s] [ 76%] [32mBuilding CXX object CMakeFiles/turtlebot3_msgs__rosidl_typesupport_fastrtps_c.dir/rosidl_typesupport_fastrtps_c/turtlebot3_msgs/srv/detail/sound__type_support_c.cpp.o[0m
[66.876s] [ 77%] [32mBuilding CXX object CMakeFiles/turtlebot3_msgs__rosidl_typesupport_fastrtps_c.dir/rosidl_typesupport_fastrtps_c/turtlebot3_msgs/msg/detail/version_info__type_support_c.cpp.o[0m
[67.978s] [ 78%] [32mBuilding CXX object CMakeFiles/turtlebot3_msgs__rosidl_typesupport_fastrtps_c.dir/rosidl_typesupport_fastrtps_c/turtlebot3_msgs/msg/detail/sound__type_support_c.cpp.o[0m
[68.972s] [ 80%] [32m[1mLinking CXX shared library libturtlebot3_msgs__rosidl_typesupport_fastrtps_c.so[0m
[69.218s] [ 80%] Built target turtlebot3_msgs__rosidl_typesupport_fastrtps_c
[69.236s] [35m[1mScanning dependencies of target turtlebot3_msgs[0m
[69.256s] [ 80%] Built target turtlebot3_msgs
[69.278s] [35m[1mScanning dependencies of target turtlebot3_msgs__py[0m
[69.300s] [ 81%] [34m[1mGenerating Python code for ROS interfaces[0m
[76.593s] [ 81%] Built target turtlebot3_msgs__py
[76.615s] [35m[1mScanning dependencies of target turtlebot3_msgs__python[0m
[76.755s] [ 83%] [32mBuilding C object CMakeFiles/turtlebot3_msgs__python.dir/rosidl_generator_py/turtlebot3_msgs/msg/_sensor_state_s.c.o[0m
[77.089s] [ 84%] [32mBuilding C object CMakeFiles/turtlebot3_msgs__python.dir/rosidl_generator_py/turtlebot3_msgs/action/_patrol_s.c.o[0m
[77.621s] [ 85%] [32mBuilding C object CMakeFiles/turtlebot3_msgs__python.dir/rosidl_generator_py/turtlebot3_msgs/srv/_dqn_s.c.o[0m
[77.960s] [ 87%] [32mBuilding C object CMakeFiles/turtlebot3_msgs__python.dir/rosidl_generator_py/turtlebot3_msgs/srv/_sound_s.c.o[0m
[78.260s] [ 88%] [32mBuilding C object CMakeFiles/turtlebot3_msgs__python.dir/rosidl_generator_py/turtlebot3_msgs/msg/_version_info_s.c.o[0m
[78.532s] [ 90%] [32mBuilding C object CMakeFiles/turtlebot3_msgs__python.dir/rosidl_generator_py/turtlebot3_msgs/msg/_sound_s.c.o[0m
[78.803s] [ 91%] [32m[1mLinking C shared library rosidl_generator_py/turtlebot3_msgs/libturtlebot3_msgs__python.so[0m
[78.937s] [ 91%] Built target turtlebot3_msgs__python
[78.959s] [35m[1mScanning dependencies of target turtlebot3_msgs__rosidl_typesupport_introspection_c__pyext[0m
[79.044s] [ 92%] [32mBuilding C object CMakeFiles/turtlebot3_msgs__rosidl_typesupport_introspection_c__pyext.dir/rosidl_generator_py/turtlebot3_msgs/_turtlebot3_msgs_s.ep.rosidl_typesupport_introspection_c.c.o[0m
[79.510s] [ 94%] [32m[1mLinking C shared library rosidl_generator_py/turtlebot3_msgs/turtlebot3_msgs_s__rosidl_typesupport_introspection_c.cpython-36m-aarch64-linux-gnu.so[0m
[79.616s] [ 94%] Built target turtlebot3_msgs__rosidl_typesupport_introspection_c__pyext
[79.637s] [35m[1mScanning dependencies of target turtlebot3_msgs__rosidl_typesupport_c__pyext[0m
[79.716s] [ 95%] [32mBuilding C object CMakeFiles/turtlebot3_msgs__rosidl_typesupport_c__pyext.dir/rosidl_generator_py/turtlebot3_msgs/_turtlebot3_msgs_s.ep.rosidl_typesupport_c.c.o[0m
[80.194s] [ 97%] [32m[1mLinking C shared library rosidl_generator_py/turtlebot3_msgs/turtlebot3_msgs_s__rosidl_typesupport_c.cpython-36m-aarch64-linux-gnu.so[0m
[80.287s] [ 97%] Built target turtlebot3_msgs__rosidl_typesupport_c__pyext
[80.309s] [35m[1mScanning dependencies of target turtlebot3_msgs__rosidl_typesupport_fastrtps_c__pyext[0m
[80.428s] [ 98%] [32mBuilding C object CMakeFiles/turtlebot3_msgs__rosidl_typesupport_fastrtps_c__pyext.dir/rosidl_generator_py/turtlebot3_msgs/_turtlebot3_msgs_s.ep.rosidl_typesupport_fastrtps_c.c.o[0m
[80.901s] [100%] [32m[1mLinking CXX shared library rosidl_generator_py/turtlebot3_msgs/turtlebot3_msgs_s__rosidl_typesupport_fastrtps_c.cpython-36m-aarch64-linux-gnu.so[0m
[81.072s] [100%] Built target turtlebot3_msgs__rosidl_typesupport_fastrtps_c__pyext
[81.100s] Invoked command in '/home/nvidia/workspace/alan/src/AMR_ros2_slam_nav2/build/turtlebot3_msgs' returned '0': /usr/local/bin/cmake --build /home/nvidia/workspace/alan/src/AMR_ros2_slam_nav2/build/turtlebot3_msgs -- -j8 -l8
[81.628s] Invoking command in '/home/nvidia/workspace/alan/src/AMR_ros2_slam_nav2/build/turtlebot3_msgs': /usr/local/bin/cmake --install /home/nvidia/workspace/alan/src/AMR_ros2_slam_nav2/build/turtlebot3_msgs
[81.669s] -- Install configuration: ""
[81.671s] -- Installing: /home/nvidia/workspace/alan/src/AMR_ros2_slam_nav2/install/turtlebot3_msgs/share/ament_index/resource_index/rosidl_interfaces/turtlebot3_msgs
[81.672s] -- Installing: /home/nvidia/workspace/alan/src/AMR_ros2_slam_nav2/install/turtlebot3_msgs/include/turtlebot3_msgs
[81.672s] -- Installing: /home/nvidia/workspace/alan/src/AMR_ros2_slam_nav2/install/turtlebot3_msgs/include/turtlebot3_msgs/action
[81.673s] -- Installing: /home/nvidia/workspace/alan/src/AMR_ros2_slam_nav2/install/turtlebot3_msgs/include/turtlebot3_msgs/action/detail
[81.674s] -- Installing: /home/nvidia/workspace/alan/src/AMR_ros2_slam_nav2/install/turtlebot3_msgs/include/turtlebot3_msgs/action/detail/patrol__struct.h
[81.674s] -- Installing: /home/nvidia/workspace/alan/src/AMR_ros2_slam_nav2/install/turtlebot3_msgs/include/turtlebot3_msgs/action/detail/patrol__type_support.h
[81.675s] -- Installing: /home/nvidia/workspace/alan/src/AMR_ros2_slam_nav2/install/turtlebot3_msgs/include/turtlebot3_msgs/action/detail/patrol__functions.h
[81.675s] -- Installing: /home/nvidia/workspace/alan/src/AMR_ros2_slam_nav2/install/turtlebot3_msgs/include/turtlebot3_msgs/action/detail/patrol__functions.c
[81.676s] -- Installing: /home/nvidia/workspace/alan/src/AMR_ros2_slam_nav2/install/turtlebot3_msgs/include/turtlebot3_msgs/action/patrol.h
[81.677s] -- Installing: /home/nvidia/workspace/alan/src/AMR_ros2_slam_nav2/install/turtlebot3_msgs/include/turtlebot3_msgs/srv
[81.677s] -- Installing: /home/nvidia/workspace/alan/src/AMR_ros2_slam_nav2/install/turtlebot3_msgs/include/turtlebot3_msgs/srv/detail
[81.678s] -- Installing: /home/nvidia/workspace/alan/src/AMR_ros2_slam_nav2/install/turtlebot3_msgs/include/turtlebot3_msgs/srv/detail/sound__functions.h
[81.679s] -- Installing: /home/nvidia/workspace/alan/src/AMR_ros2_slam_nav2/install/turtlebot3_msgs/include/turtlebot3_msgs/srv/detail/dqn__type_support.h
[81.679s] -- Installing: /home/nvidia/workspace/alan/src/AMR_ros2_slam_nav2/install/turtlebot3_msgs/include/turtlebot3_msgs/srv/detail/sound__functions.c
[81.680s] -- Installing: /home/nvidia/workspace/alan/src/AMR_ros2_slam_nav2/install/turtlebot3_msgs/include/turtlebot3_msgs/srv/detail/dqn__struct.h
[81.681s] -- Installing: /home/nvidia/workspace/alan/src/AMR_ros2_slam_nav2/install/turtlebot3_msgs/include/turtlebot3_msgs/srv/detail/sound__struct.h
[81.681s] -- Installing: /home/nvidia/workspace/alan/src/AMR_ros2_slam_nav2/install/turtlebot3_msgs/include/turtlebot3_msgs/srv/detail/dqn__functions.h
[81.682s] -- Installing: /home/nvidia/workspace/alan/src/AMR_ros2_slam_nav2/install/turtlebot3_msgs/include/turtlebot3_msgs/srv/detail/sound__type_support.h
[81.683s] -- Installing: /home/nvidia/workspace/alan/src/AMR_ros2_slam_nav2/install/turtlebot3_msgs/include/turtlebot3_msgs/srv/detail/dqn__functions.c
[81.683s] -- Installing: /home/nvidia/workspace/alan/src/AMR_ros2_slam_nav2/install/turtlebot3_msgs/include/turtlebot3_msgs/srv/sound.h
[81.684s] -- Installing: /home/nvidia/workspace/alan/src/AMR_ros2_slam_nav2/install/turtlebot3_msgs/include/turtlebot3_msgs/srv/dqn.h
[81.684s] -- Installing: /home/nvidia/workspace/alan/src/AMR_ros2_slam_nav2/install/turtlebot3_msgs/include/turtlebot3_msgs/msg
[81.684s] -- Installing: /home/nvidia/workspace/alan/src/AMR_ros2_slam_nav2/install/turtlebot3_msgs/include/turtlebot3_msgs/msg/version_info.h
[81.685s] -- Installing: /home/nvidia/workspace/alan/src/AMR_ros2_slam_nav2/install/turtlebot3_msgs/include/turtlebot3_msgs/msg/detail
[81.685s] -- Installing: /home/nvidia/workspace/alan/src/AMR_ros2_slam_nav2/install/turtlebot3_msgs/include/turtlebot3_msgs/msg/detail/sound__functions.h
[81.686s] -- Installing: /home/nvidia/workspace/alan/src/AMR_ros2_slam_nav2/install/turtlebot3_msgs/include/turtlebot3_msgs/msg/detail/sensor_state__type_support.h
[81.686s] -- Installing: /home/nvidia/workspace/alan/src/AMR_ros2_slam_nav2/install/turtlebot3_msgs/include/turtlebot3_msgs/msg/detail/version_info__struct.h
[81.688s] -- Installing: /home/nvidia/workspace/alan/src/AMR_ros2_slam_nav2/install/turtlebot3_msgs/include/turtlebot3_msgs/msg/detail/version_info__functions.c
[81.688s] -- Installing: /home/nvidia/workspace/alan/src/AMR_ros2_slam_nav2/install/turtlebot3_msgs/include/turtlebot3_msgs/msg/detail/sound__functions.c
[81.691s] -- Installing: /home/nvidia/workspace/alan/src/AMR_ros2_slam_nav2/install/turtlebot3_msgs/include/turtlebot3_msgs/msg/detail/version_info__type_support.h
[81.692s] -- Installing: /home/nvidia/workspace/alan/src/AMR_ros2_slam_nav2/install/turtlebot3_msgs/include/turtlebot3_msgs/msg/detail/sensor_state__functions.h
[81.694s] -- Installing: /home/nvidia/workspace/alan/src/AMR_ros2_slam_nav2/install/turtlebot3_msgs/include/turtlebot3_msgs/msg/detail/sensor_state__struct.h
[81.694s] -- Installing: /home/nvidia/workspace/alan/src/AMR_ros2_slam_nav2/install/turtlebot3_msgs/include/turtlebot3_msgs/msg/detail/sound__struct.h
[81.696s] -- Installing: /home/nvidia/workspace/alan/src/AMR_ros2_slam_nav2/install/turtlebot3_msgs/include/turtlebot3_msgs/msg/detail/sensor_state__functions.c
[81.696s] -- Installing: /home/nvidia/workspace/alan/src/AMR_ros2_slam_nav2/install/turtlebot3_msgs/include/turtlebot3_msgs/msg/detail/sound__type_support.h
[81.698s] -- Installing: /home/nvidia/workspace/alan/src/AMR_ros2_slam_nav2/install/turtlebot3_msgs/include/turtlebot3_msgs/msg/detail/version_info__functions.h
[81.699s] -- Installing: /home/nvidia/workspace/alan/src/AMR_ros2_slam_nav2/install/turtlebot3_msgs/include/turtlebot3_msgs/msg/rosidl_generator_c__visibility_control.h
[81.701s] -- Installing: /home/nvidia/workspace/alan/src/AMR_ros2_slam_nav2/install/turtlebot3_msgs/include/turtlebot3_msgs/msg/sensor_state.h
[81.702s] -- Installing: /home/nvidia/workspace/alan/src/AMR_ros2_slam_nav2/install/turtlebot3_msgs/include/turtlebot3_msgs/msg/sound.h
[81.705s] -- Installing: /home/nvidia/workspace/alan/src/AMR_ros2_slam_nav2/install/turtlebot3_msgs/share/turtlebot3_msgs/environment/library_path.sh
[81.705s] -- Installing: /home/nvidia/workspace/alan/src/AMR_ros2_slam_nav2/install/turtlebot3_msgs/share/turtlebot3_msgs/environment/library_path.dsv
[81.708s] -- Installing: /home/nvidia/workspace/alan/src/AMR_ros2_slam_nav2/install/turtlebot3_msgs/lib/libturtlebot3_msgs__rosidl_generator_c.so
[81.710s] -- Set runtime path of "/home/nvidia/workspace/alan/src/AMR_ros2_slam_nav2/install/turtlebot3_msgs/lib/libturtlebot3_msgs__rosidl_generator_c.so" to ""
[81.712s] -- Up-to-date: /home/nvidia/workspace/alan/src/AMR_ros2_slam_nav2/install/turtlebot3_msgs/include/turtlebot3_msgs
[81.713s] -- Up-to-date: /home/nvidia/workspace/alan/src/AMR_ros2_slam_nav2/install/turtlebot3_msgs/include/turtlebot3_msgs/action
[81.714s] -- Up-to-date: /home/nvidia/workspace/alan/src/AMR_ros2_slam_nav2/install/turtlebot3_msgs/include/turtlebot3_msgs/action/detail
[81.714s] -- Installing: /home/nvidia/workspace/alan/src/AMR_ros2_slam_nav2/install/turtlebot3_msgs/include/turtlebot3_msgs/action/detail/patrol__rosidl_typesupport_fastrtps_c.h
[81.717s] -- Up-to-date: /home/nvidia/workspace/alan/src/AMR_ros2_slam_nav2/install/turtlebot3_msgs/include/turtlebot3_msgs/srv
[81.718s] -- Up-to-date: /home/nvidia/workspace/alan/src/AMR_ros2_slam_nav2/install/turtlebot3_msgs/include/turtlebot3_msgs/srv/detail
[81.718s] -- Installing: /home/nvidia/workspace/alan/src/AMR_ros2_slam_nav2/install/turtlebot3_msgs/include/turtlebot3_msgs/srv/detail/sound__rosidl_typesupport_fastrtps_c.h
[81.720s] -- Installing: /home/nvidia/workspace/alan/src/AMR_ros2_slam_nav2/install/turtlebot3_msgs/include/turtlebot3_msgs/srv/detail/dqn__rosidl_typesupport_fastrtps_c.h
[81.723s] -- Up-to-date: /home/nvidia/workspace/alan/src/AMR_ros2_slam_nav2/install/turtlebot3_msgs/include/turtlebot3_msgs/msg
[81.725s] -- Up-to-date: /home/nvidia/workspace/alan/src/AMR_ros2_slam_nav2/install/turtlebot3_msgs/include/turtlebot3_msgs/msg/detail
[81.726s] -- Installing: /home/nvidia/workspace/alan/src/AMR_ros2_slam_nav2/install/turtlebot3_msgs/include/turtlebot3_msgs/msg/detail/sound__rosidl_typesupport_fastrtps_c.h
[81.728s] -- Installing: /home/nvidia/workspace/alan/src/AMR_ros2_slam_nav2/install/turtlebot3_msgs/include/turtlebot3_msgs/msg/detail/version_info__rosidl_typesupport_fastrtps_c.h
[81.729s] -- Installing: /home/nvidia/workspace/alan/src/AMR_ros2_slam_nav2/install/turtlebot3_msgs/include/turtlebot3_msgs/msg/detail/sensor_state__rosidl_typesupport_fastrtps_c.h
[81.731s] -- Installing: /home/nvidia/workspace/alan/src/AMR_ros2_slam_nav2/install/turtlebot3_msgs/include/turtlebot3_msgs/msg/rosidl_typesupport_fastrtps_c__visibility_control.h
[81.732s] -- Installing: /home/nvidia/workspace/alan/src/AMR_ros2_slam_nav2/install/turtlebot3_msgs/lib/libturtlebot3_msgs__rosidl_typesupport_fastrtps_c.so
[81.733s] -- Set runtime path of "/home/nvidia/workspace/alan/src/AMR_ros2_slam_nav2/install/turtlebot3_msgs/lib/libturtlebot3_msgs__rosidl_typesupport_fastrtps_c.so" to ""
[81.735s] -- Up-to-date: /home/nvidia/workspace/alan/src/AMR_ros2_slam_nav2/install/turtlebot3_msgs/include/turtlebot3_msgs
[81.735s] -- Up-to-date: /home/nvidia/workspace/alan/src/AMR_ros2_slam_nav2/install/turtlebot3_msgs/include/turtlebot3_msgs/action
[81.737s] -- Up-to-date: /home/nvidia/workspace/alan/src/AMR_ros2_slam_nav2/install/turtlebot3_msgs/include/turtlebot3_msgs/action/detail
[81.740s] -- Installing: /home/nvidia/workspace/alan/src/AMR_ros2_slam_nav2/install/turtlebot3_msgs/include/turtlebot3_msgs/action/detail/patrol__rosidl_typesupport_fastrtps_cpp.hpp
[81.741s] -- Installing: /home/nvidia/workspace/alan/src/AMR_ros2_slam_nav2/install/turtlebot3_msgs/include/turtlebot3_msgs/action/detail/dds_fastrtps
[81.741s] -- Up-to-date: /home/nvidia/workspace/alan/src/AMR_ros2_slam_nav2/install/turtlebot3_msgs/include/turtlebot3_msgs/srv
[81.743s] -- Up-to-date: /home/nvidia/workspace/alan/src/AMR_ros2_slam_nav2/install/turtlebot3_msgs/include/turtlebot3_msgs/srv/detail
[81.744s] -- Installing: /home/nvidia/workspace/alan/src/AMR_ros2_slam_nav2/install/turtlebot3_msgs/include/turtlebot3_msgs/srv/detail/sound__rosidl_typesupport_fastrtps_cpp.hpp
[81.744s] -- Installing: /home/nvidia/workspace/alan/src/AMR_ros2_slam_nav2/install/turtlebot3_msgs/include/turtlebot3_msgs/srv/detail/dqn__rosidl_typesupport_fastrtps_cpp.hpp
[81.746s] -- Installing: /home/nvidia/workspace/alan/src/AMR_ros2_slam_nav2/install/turtlebot3_msgs/include/turtlebot3_msgs/srv/detail/dds_fastrtps
[81.747s] -- Up-to-date: /home/nvidia/workspace/alan/src/AMR_ros2_slam_nav2/install/turtlebot3_msgs/include/turtlebot3_msgs/msg
[81.747s] -- Up-to-date: /home/nvidia/workspace/alan/src/AMR_ros2_slam_nav2/install/turtlebot3_msgs/include/turtlebot3_msgs/msg/detail
[81.748s] -- Installing: /home/nvidia/workspace/alan/src/AMR_ros2_slam_nav2/install/turtlebot3_msgs/include/turtlebot3_msgs/msg/detail/sound__rosidl_typesupport_fastrtps_cpp.hpp
[81.748s] -- Installing: /home/nvidia/workspace/alan/src/AMR_ros2_slam_nav2/install/turtlebot3_msgs/include/turtlebot3_msgs/msg/detail/version_info__rosidl_typesupport_fastrtps_cpp.hpp
[81.748s] -- Installing: /home/nvidia/workspace/alan/src/AMR_ros2_slam_nav2/install/turtlebot3_msgs/include/turtlebot3_msgs/msg/detail/dds_fastrtps
[81.749s] -- Installing: /home/nvidia/workspace/alan/src/AMR_ros2_slam_nav2/install/turtlebot3_msgs/include/turtlebot3_msgs/msg/detail/sensor_state__rosidl_typesupport_fastrtps_cpp.hpp
[81.749s] -- Installing: /home/nvidia/workspace/alan/src/AMR_ros2_slam_nav2/install/turtlebot3_msgs/include/turtlebot3_msgs/msg/rosidl_typesupport_fastrtps_cpp__visibility_control.h
[81.749s] -- Installing: /home/nvidia/workspace/alan/src/AMR_ros2_slam_nav2/install/turtlebot3_msgs/lib/libturtlebot3_msgs__rosidl_typesupport_fastrtps_cpp.so
[81.750s] -- Set runtime path of "/home/nvidia/workspace/alan/src/AMR_ros2_slam_nav2/install/turtlebot3_msgs/lib/libturtlebot3_msgs__rosidl_typesupport_fastrtps_cpp.so" to ""
[81.750s] -- Up-to-date: /home/nvidia/workspace/alan/src/AMR_ros2_slam_nav2/install/turtlebot3_msgs/include/turtlebot3_msgs
[81.750s] -- Up-to-date: /home/nvidia/workspace/alan/src/AMR_ros2_slam_nav2/install/turtlebot3_msgs/include/turtlebot3_msgs/action
[81.751s] -- Up-to-date: /home/nvidia/workspace/alan/src/AMR_ros2_slam_nav2/install/turtlebot3_msgs/include/turtlebot3_msgs/action/detail
[81.751s] -- Installing: /home/nvidia/workspace/alan/src/AMR_ros2_slam_nav2/install/turtlebot3_msgs/include/turtlebot3_msgs/action/detail/patrol__type_support.c
[81.751s] -- Installing: /home/nvidia/workspace/alan/src/AMR_ros2_slam_nav2/install/turtlebot3_msgs/include/turtlebot3_msgs/action/detail/patrol__rosidl_typesupport_introspection_c.h
[81.752s] -- Up-to-date: /home/nvidia/workspace/alan/src/AMR_ros2_slam_nav2/install/turtlebot3_msgs/include/turtlebot3_msgs/srv
[81.752s] -- Up-to-date: /home/nvidia/workspace/alan/src/AMR_ros2_slam_nav2/install/turtlebot3_msgs/include/turtlebot3_msgs/srv/detail
[81.752s] -- Installing: /home/nvidia/workspace/alan/src/AMR_ros2_slam_nav2/install/turtlebot3_msgs/include/turtlebot3_msgs/srv/detail/sound__rosidl_typesupport_introspection_c.h
[81.753s] -- Installing: /home/nvidia/workspace/alan/src/AMR_ros2_slam_nav2/install/turtlebot3_msgs/include/turtlebot3_msgs/srv/detail/dqn__rosidl_typesupport_introspection_c.h
[81.753s] -- Installing: /home/nvidia/workspace/alan/src/AMR_ros2_slam_nav2/install/turtlebot3_msgs/include/turtlebot3_msgs/srv/detail/dqn__type_support.c
[81.753s] -- Installing: /home/nvidia/workspace/alan/src/AMR_ros2_slam_nav2/install/turtlebot3_msgs/include/turtlebot3_msgs/srv/detail/sound__type_support.c
[81.754s] -- Up-to-date: /home/nvidia/workspace/alan/src/AMR_ros2_slam_nav2/install/turtlebot3_msgs/include/turtlebot3_msgs/msg
[81.755s] -- Up-to-date: /home/nvidia/workspace/alan/src/AMR_ros2_slam_nav2/install/turtlebot3_msgs/include/turtlebot3_msgs/msg/detail
[81.755s] -- Installing: /home/nvidia/workspace/alan/src/AMR_ros2_slam_nav2/install/turtlebot3_msgs/include/turtlebot3_msgs/msg/detail/sound__rosidl_typesupport_introspection_c.h
[81.755s] -- Installing: /home/nvidia/workspace/alan/src/AMR_ros2_slam_nav2/install/turtlebot3_msgs/include/turtlebot3_msgs/msg/detail/sensor_state__type_support.c
[81.756s] -- Installing: /home/nvidia/workspace/alan/src/AMR_ros2_slam_nav2/install/turtlebot3_msgs/include/turtlebot3_msgs/msg/detail/version_info__type_support.c
[81.756s] -- Installing: /home/nvidia/workspace/alan/src/AMR_ros2_slam_nav2/install/turtlebot3_msgs/include/turtlebot3_msgs/msg/detail/sound__type_support.c
[81.756s] -- Installing: /home/nvidia/workspace/alan/src/AMR_ros2_slam_nav2/install/turtlebot3_msgs/include/turtlebot3_msgs/msg/detail/version_info__rosidl_typesupport_introspection_c.h
[81.757s] -- Installing: /home/nvidia/workspace/alan/src/AMR_ros2_slam_nav2/install/turtlebot3_msgs/include/turtlebot3_msgs/msg/detail/sensor_state__rosidl_typesupport_introspection_c.h
[81.757s] -- Installing: /home/nvidia/workspace/alan/src/AMR_ros2_slam_nav2/install/turtlebot3_msgs/include/turtlebot3_msgs/msg/rosidl_typesupport_introspection_c__visibility_control.h
[81.757s] -- Installing: /home/nvidia/workspace/alan/src/AMR_ros2_slam_nav2/install/turtlebot3_msgs/lib/libturtlebot3_msgs__rosidl_typesupport_introspection_c.so
[81.758s] -- Set runtime path of "/home/nvidia/workspace/alan/src/AMR_ros2_slam_nav2/install/turtlebot3_msgs/lib/libturtlebot3_msgs__rosidl_typesupport_introspection_c.so" to ""
[81.758s] -- Installing: /home/nvidia/workspace/alan/src/AMR_ros2_slam_nav2/install/turtlebot3_msgs/lib/libturtlebot3_msgs__rosidl_typesupport_c.so
[81.759s] -- Set runtime path of "/home/nvidia/workspace/alan/src/AMR_ros2_slam_nav2/install/turtlebot3_msgs/lib/libturtlebot3_msgs__rosidl_typesupport_c.so" to ""
[81.759s] -- Up-to-date: /home/nvidia/workspace/alan/src/AMR_ros2_slam_nav2/install/turtlebot3_msgs/include/turtlebot3_msgs
[81.759s] -- Up-to-date: /home/nvidia/workspace/alan/src/AMR_ros2_slam_nav2/install/turtlebot3_msgs/include/turtlebot3_msgs/action
[81.761s] -- Installing: /home/nvidia/workspace/alan/src/AMR_ros2_slam_nav2/install/turtlebot3_msgs/include/turtlebot3_msgs/action/patrol.hpp
[81.761s] -- Up-to-date: /home/nvidia/workspace/alan/src/AMR_ros2_slam_nav2/install/turtlebot3_msgs/include/turtlebot3_msgs/action/detail
[81.761s] -- Installing: /home/nvidia/workspace/alan/src/AMR_ros2_slam_nav2/install/turtlebot3_msgs/include/turtlebot3_msgs/action/detail/patrol__builder.hpp
[81.775s] -- Installing: /home/nvidia/workspace/alan/src/AMR_ros2_slam_nav2/install/turtlebot3_msgs/include/turtlebot3_msgs/action/detail/patrol__traits.hpp
[81.775s] -- Installing: /home/nvidia/workspace/alan/src/AMR_ros2_slam_nav2/install/turtlebot3_msgs/include/turtlebot3_msgs/action/detail/patrol__struct.hpp
[81.776s] -- Up-to-date: /home/nvidia/workspace/alan/src/AMR_ros2_slam_nav2/install/turtlebot3_msgs/include/turtlebot3_msgs/srv
[81.776s] -- Installing: /home/nvidia/workspace/alan/src/AMR_ros2_slam_nav2/install/turtlebot3_msgs/include/turtlebot3_msgs/srv/dqn.hpp
[81.777s] -- Installing: /home/nvidia/workspace/alan/src/AMR_ros2_slam_nav2/install/turtlebot3_msgs/include/turtlebot3_msgs/srv/sound.hpp
[81.778s] -- Up-to-date: /home/nvidia/workspace/alan/src/AMR_ros2_slam_nav2/install/turtlebot3_msgs/include/turtlebot3_msgs/srv/detail
[81.778s] -- Installing: /home/nvidia/workspace/alan/src/AMR_ros2_slam_nav2/install/turtlebot3_msgs/include/turtlebot3_msgs/srv/detail/sound__struct.hpp
[81.779s] -- Installing: /home/nvidia/workspace/alan/src/AMR_ros2_slam_nav2/install/turtlebot3_msgs/include/turtlebot3_msgs/srv/detail/sound__traits.hpp
[81.779s] -- Installing: /home/nvidia/workspace/alan/src/AMR_ros2_slam_nav2/install/turtlebot3_msgs/include/turtlebot3_msgs/srv/detail/dqn__traits.hpp
[81.779s] -- Installing: /home/nvidia/workspace/alan/src/AMR_ros2_slam_nav2/install/turtlebot3_msgs/include/turtlebot3_msgs/srv/detail/sound__builder.hpp
[81.780s] -- Installing: /home/nvidia/workspace/alan/src/AMR_ros2_slam_nav2/install/turtlebot3_msgs/include/turtlebot3_msgs/srv/detail/dqn__struct.hpp
[81.780s] -- Installing: /home/nvidia/workspace/alan/src/AMR_ros2_slam_nav2/install/turtlebot3_msgs/include/turtlebot3_msgs/srv/detail/dqn__builder.hpp
[81.780s] -- Up-to-date: /home/nvidia/workspace/alan/src/AMR_ros2_slam_nav2/install/turtlebot3_msgs/include/turtlebot3_msgs/msg
[81.781s] -- Installing: /home/nvidia/workspace/alan/src/AMR_ros2_slam_nav2/install/turtlebot3_msgs/include/turtlebot3_msgs/msg/version_info.hpp
[81.781s] -- Installing: /home/nvidia/workspace/alan/src/AMR_ros2_slam_nav2/install/turtlebot3_msgs/include/turtlebot3_msgs/msg/sound.hpp
[81.781s] -- Up-to-date: /home/nvidia/workspace/alan/src/AMR_ros2_slam_nav2/install/turtlebot3_msgs/include/turtlebot3_msgs/msg/detail
[81.782s] -- Installing: /home/nvidia/workspace/alan/src/AMR_ros2_slam_nav2/install/turtlebot3_msgs/include/turtlebot3_msgs/msg/detail/sound__struct.hpp
[81.782s] -- Installing: /home/nvidia/workspace/alan/src/AMR_ros2_slam_nav2/install/turtlebot3_msgs/include/turtlebot3_msgs/msg/detail/sensor_state__traits.hpp
[81.782s] -- Installing: /home/nvidia/workspace/alan/src/AMR_ros2_slam_nav2/install/turtlebot3_msgs/include/turtlebot3_msgs/msg/detail/sound__traits.hpp
[81.782s] -- Installing: /home/nvidia/workspace/alan/src/AMR_ros2_slam_nav2/install/turtlebot3_msgs/include/turtlebot3_msgs/msg/detail/sensor_state__builder.hpp
[81.783s] -- Installing: /home/nvidia/workspace/alan/src/AMR_ros2_slam_nav2/install/turtlebot3_msgs/include/turtlebot3_msgs/msg/detail/version_info__struct.hpp
[81.783s] -- Installing: /home/nvidia/workspace/alan/src/AMR_ros2_slam_nav2/install/turtlebot3_msgs/include/turtlebot3_msgs/msg/detail/sound__builder.hpp
[81.783s] -- Installing: /home/nvidia/workspace/alan/src/AMR_ros2_slam_nav2/install/turtlebot3_msgs/include/turtlebot3_msgs/msg/detail/version_info__traits.hpp
[81.784s] -- Installing: /home/nvidia/workspace/alan/src/AMR_ros2_slam_nav2/install/turtlebot3_msgs/include/turtlebot3_msgs/msg/detail/sensor_state__struct.hpp
[81.784s] -- Installing: /home/nvidia/workspace/alan/src/AMR_ros2_slam_nav2/install/turtlebot3_msgs/include/turtlebot3_msgs/msg/detail/version_info__builder.hpp
[81.784s] -- Installing: /home/nvidia/workspace/alan/src/AMR_ros2_slam_nav2/install/turtlebot3_msgs/include/turtlebot3_msgs/msg/sensor_state.hpp
[81.785s] -- Up-to-date: /home/nvidia/workspace/alan/src/AMR_ros2_slam_nav2/install/turtlebot3_msgs/include/turtlebot3_msgs
[81.785s] -- Up-to-date: /home/nvidia/workspace/alan/src/AMR_ros2_slam_nav2/install/turtlebot3_msgs/include/turtlebot3_msgs/action
[81.785s] -- Up-to-date: /home/nvidia/workspace/alan/src/AMR_ros2_slam_nav2/install/turtlebot3_msgs/include/turtlebot3_msgs/action/detail
[81.786s] -- Installing: /home/nvidia/workspace/alan/src/AMR_ros2_slam_nav2/install/turtlebot3_msgs/include/turtlebot3_msgs/action/detail/patrol__rosidl_typesupport_introspection_cpp.hpp
[81.786s] -- Installing: /home/nvidia/workspace/alan/src/AMR_ros2_slam_nav2/install/turtlebot3_msgs/include/turtlebot3_msgs/action/detail/patrol__type_support.cpp
[81.786s] -- Up-to-date: /home/nvidia/workspace/alan/src/AMR_ros2_slam_nav2/install/turtlebot3_msgs/include/turtlebot3_msgs/srv
[81.786s] -- Up-to-date: /home/nvidia/workspace/alan/src/AMR_ros2_slam_nav2/install/turtlebot3_msgs/include/turtlebot3_msgs/srv/detail
[81.787s] -- Installing: /home/nvidia/workspace/alan/src/AMR_ros2_slam_nav2/install/turtlebot3_msgs/include/turtlebot3_msgs/srv/detail/dqn__rosidl_typesupport_introspection_cpp.hpp
[81.787s] -- Installing: /home/nvidia/workspace/alan/src/AMR_ros2_slam_nav2/install/turtlebot3_msgs/include/turtlebot3_msgs/srv/detail/dqn__type_support.cpp
[81.787s] -- Installing: /home/nvidia/workspace/alan/src/AMR_ros2_slam_nav2/install/turtlebot3_msgs/include/turtlebot3_msgs/srv/detail/sound__type_support.cpp
[81.788s] -- Installing: /home/nvidia/workspace/alan/src/AMR_ros2_slam_nav2/install/turtlebot3_msgs/include/turtlebot3_msgs/srv/detail/sound__rosidl_typesupport_introspection_cpp.hpp
[81.788s] -- Up-to-date: /home/nvidia/workspace/alan/src/AMR_ros2_slam_nav2/install/turtlebot3_msgs/include/turtlebot3_msgs/msg
[81.788s] -- Up-to-date: /home/nvidia/workspace/alan/src/AMR_ros2_slam_nav2/install/turtlebot3_msgs/include/turtlebot3_msgs/msg/detail
[81.789s] -- Installing: /home/nvidia/workspace/alan/src/AMR_ros2_slam_nav2/install/turtlebot3_msgs/include/turtlebot3_msgs/msg/detail/version_info__type_support.cpp
[81.789s] -- Installing: /home/nvidia/workspace/alan/src/AMR_ros2_slam_nav2/install/turtlebot3_msgs/include/turtlebot3_msgs/msg/detail/version_info__rosidl_typesupport_introspection_cpp.hpp
[81.789s] -- Installing: /home/nvidia/workspace/alan/src/AMR_ros2_slam_nav2/install/turtlebot3_msgs/include/turtlebot3_msgs/msg/detail/sensor_state__rosidl_typesupport_introspection_cpp.hpp
[81.790s] -- Installing: /home/nvidia/workspace/alan/src/AMR_ros2_slam_nav2/install/turtlebot3_msgs/include/turtlebot3_msgs/msg/detail/sensor_state__type_support.cpp
[81.790s] -- Installing: /home/nvidia/workspace/alan/src/AMR_ros2_slam_nav2/install/turtlebot3_msgs/include/turtlebot3_msgs/msg/detail/sound__type_support.cpp
[81.790s] -- Installing: /home/nvidia/workspace/alan/src/AMR_ros2_slam_nav2/install/turtlebot3_msgs/include/turtlebot3_msgs/msg/detail/sound__rosidl_typesupport_introspection_cpp.hpp
[81.791s] -- Installing: /home/nvidia/workspace/alan/src/AMR_ros2_slam_nav2/install/turtlebot3_msgs/lib/libturtlebot3_msgs__rosidl_typesupport_introspection_cpp.so
[81.791s] -- Set runtime path of "/home/nvidia/workspace/alan/src/AMR_ros2_slam_nav2/install/turtlebot3_msgs/lib/libturtlebot3_msgs__rosidl_typesupport_introspection_cpp.so" to ""
[81.791s] -- Installing: /home/nvidia/workspace/alan/src/AMR_ros2_slam_nav2/install/turtlebot3_msgs/lib/libturtlebot3_msgs__rosidl_typesupport_cpp.so
[81.792s] -- Set runtime path of "/home/nvidia/workspace/alan/src/AMR_ros2_slam_nav2/install/turtlebot3_msgs/lib/libturtlebot3_msgs__rosidl_typesupport_cpp.so" to ""
[81.792s] -- Installing: /home/nvidia/workspace/alan/src/AMR_ros2_slam_nav2/install/turtlebot3_msgs/share/turtlebot3_msgs/environment/pythonpath.sh
[81.792s] -- Installing: /home/nvidia/workspace/alan/src/AMR_ros2_slam_nav2/install/turtlebot3_msgs/share/turtlebot3_msgs/environment/pythonpath.dsv
[81.792s] -- Installing: /home/nvidia/workspace/alan/src/AMR_ros2_slam_nav2/install/turtlebot3_msgs/lib/python3.6/site-packages/turtlebot3_msgs/__init__.py
[81.913s] Compiling '/home/nvidia/workspace/alan/src/AMR_ros2_slam_nav2/install/turtlebot3_msgs/lib/python3.6/site-packages/turtlebot3_msgs/__init__.py'...
[81.932s] -- Installing: /home/nvidia/workspace/alan/src/AMR_ros2_slam_nav2/install/turtlebot3_msgs/lib/python3.6/site-packages/turtlebot3_msgs/msg
[81.933s] -- Installing: /home/nvidia/workspace/alan/src/AMR_ros2_slam_nav2/install/turtlebot3_msgs/lib/python3.6/site-packages/turtlebot3_msgs/msg/_sound_s.c
[81.934s] -- Installing: /home/nvidia/workspace/alan/src/AMR_ros2_slam_nav2/install/turtlebot3_msgs/lib/python3.6/site-packages/turtlebot3_msgs/msg/__init__.py
[81.934s] -- Installing: /home/nvidia/workspace/alan/src/AMR_ros2_slam_nav2/install/turtlebot3_msgs/lib/python3.6/site-packages/turtlebot3_msgs/msg/_sensor_state_s.c
[81.935s] -- Installing: /home/nvidia/workspace/alan/src/AMR_ros2_slam_nav2/install/turtlebot3_msgs/lib/python3.6/site-packages/turtlebot3_msgs/msg/_version_info_s.c
[81.935s] -- Installing: /home/nvidia/workspace/alan/src/AMR_ros2_slam_nav2/install/turtlebot3_msgs/lib/python3.6/site-packages/turtlebot3_msgs/msg/_sound.py
[81.936s] -- Installing: /home/nvidia/workspace/alan/src/AMR_ros2_slam_nav2/install/turtlebot3_msgs/lib/python3.6/site-packages/turtlebot3_msgs/msg/_version_info.py
[81.936s] -- Installing: /home/nvidia/workspace/alan/src/AMR_ros2_slam_nav2/install/turtlebot3_msgs/lib/python3.6/site-packages/turtlebot3_msgs/msg/_sensor_state.py
[81.937s] -- Installing: /home/nvidia/workspace/alan/src/AMR_ros2_slam_nav2/install/turtlebot3_msgs/lib/python3.6/site-packages/turtlebot3_msgs/srv
[81.938s] -- Installing: /home/nvidia/workspace/alan/src/AMR_ros2_slam_nav2/install/turtlebot3_msgs/lib/python3.6/site-packages/turtlebot3_msgs/srv/_sound_s.c
[81.939s] -- Installing: /home/nvidia/workspace/alan/src/AMR_ros2_slam_nav2/install/turtlebot3_msgs/lib/python3.6/site-packages/turtlebot3_msgs/srv/__init__.py
[81.940s] -- Installing: /home/nvidia/workspace/alan/src/AMR_ros2_slam_nav2/install/turtlebot3_msgs/lib/python3.6/site-packages/turtlebot3_msgs/srv/_dqn_s.c
[81.940s] -- Installing: /home/nvidia/workspace/alan/src/AMR_ros2_slam_nav2/install/turtlebot3_msgs/lib/python3.6/site-packages/turtlebot3_msgs/srv/_dqn.py
[81.941s] -- Installing: /home/nvidia/workspace/alan/src/AMR_ros2_slam_nav2/install/turtlebot3_msgs/lib/python3.6/site-packages/turtlebot3_msgs/srv/_sound.py
[81.941s] -- Installing: /home/nvidia/workspace/alan/src/AMR_ros2_slam_nav2/install/turtlebot3_msgs/lib/python3.6/site-packages/turtlebot3_msgs/action
[81.943s] -- Installing: /home/nvidia/workspace/alan/src/AMR_ros2_slam_nav2/install/turtlebot3_msgs/lib/python3.6/site-packages/turtlebot3_msgs/action/_patrol.py
[81.943s] -- Installing: /home/nvidia/workspace/alan/src/AMR_ros2_slam_nav2/install/turtlebot3_msgs/lib/python3.6/site-packages/turtlebot3_msgs/action/__init__.py
[81.944s] -- Installing: /home/nvidia/workspace/alan/src/AMR_ros2_slam_nav2/install/turtlebot3_msgs/lib/python3.6/site-packages/turtlebot3_msgs/action/_patrol_s.c
[81.944s] -- Installing: /home/nvidia/workspace/alan/src/AMR_ros2_slam_nav2/install/turtlebot3_msgs/lib/python3.6/site-packages/turtlebot3_msgs/turtlebot3_msgs_s__rosidl_typesupport_fastrtps_c.cpython-36m-aarch64-linux-gnu.so
[81.946s] -- Set runtime path of "/home/nvidia/workspace/alan/src/AMR_ros2_slam_nav2/install/turtlebot3_msgs/lib/python3.6/site-packages/turtlebot3_msgs/turtlebot3_msgs_s__rosidl_typesupport_fastrtps_c.cpython-36m-aarch64-linux-gnu.so" to ""
[81.948s] -- Installing: /home/nvidia/workspace/alan/src/AMR_ros2_slam_nav2/install/turtlebot3_msgs/lib/python3.6/site-packages/turtlebot3_msgs/turtlebot3_msgs_s__rosidl_typesupport_introspection_c.cpython-36m-aarch64-linux-gnu.so
[81.952s] -- Set runtime path of "/home/nvidia/workspace/alan/src/AMR_ros2_slam_nav2/install/turtlebot3_msgs/lib/python3.6/site-packages/turtlebot3_msgs/turtlebot3_msgs_s__rosidl_typesupport_introspection_c.cpython-36m-aarch64-linux-gnu.so" to ""
[81.954s] -- Installing: /home/nvidia/workspace/alan/src/AMR_ros2_slam_nav2/install/turtlebot3_msgs/lib/python3.6/site-packages/turtlebot3_msgs/turtlebot3_msgs_s__rosidl_typesupport_c.cpython-36m-aarch64-linux-gnu.so
[81.958s] -- Set runtime path of "/home/nvidia/workspace/alan/src/AMR_ros2_slam_nav2/install/turtlebot3_msgs/lib/python3.6/site-packages/turtlebot3_msgs/turtlebot3_msgs_s__rosidl_typesupport_c.cpython-36m-aarch64-linux-gnu.so" to ""
[81.960s] -- Installing: /home/nvidia/workspace/alan/src/AMR_ros2_slam_nav2/install/turtlebot3_msgs/lib/libturtlebot3_msgs__python.so
[81.963s] -- Set runtime path of "/home/nvidia/workspace/alan/src/AMR_ros2_slam_nav2/install/turtlebot3_msgs/lib/libturtlebot3_msgs__python.so" to ""
[81.965s] -- Installing: /home/nvidia/workspace/alan/src/AMR_ros2_slam_nav2/install/turtlebot3_msgs/share/turtlebot3_msgs/msg/SensorState.idl
[81.968s] -- Installing: /home/nvidia/workspace/alan/src/AMR_ros2_slam_nav2/install/turtlebot3_msgs/share/turtlebot3_msgs/msg/Sound.idl
[81.968s] -- Installing: /home/nvidia/workspace/alan/src/AMR_ros2_slam_nav2/install/turtlebot3_msgs/share/turtlebot3_msgs/msg/VersionInfo.idl
[81.970s] -- Installing: /home/nvidia/workspace/alan/src/AMR_ros2_slam_nav2/install/turtlebot3_msgs/share/turtlebot3_msgs/srv/Sound.idl
[81.972s] -- Installing: /home/nvidia/workspace/alan/src/AMR_ros2_slam_nav2/install/turtlebot3_msgs/share/turtlebot3_msgs/srv/Dqn.idl
[81.974s] -- Installing: /home/nvidia/workspace/alan/src/AMR_ros2_slam_nav2/install/turtlebot3_msgs/share/turtlebot3_msgs/action/Patrol.idl
[81.976s] -- Installing: /home/nvidia/workspace/alan/src/AMR_ros2_slam_nav2/install/turtlebot3_msgs/share/turtlebot3_msgs/msg/SensorState.msg
[81.978s] -- Installing: /home/nvidia/workspace/alan/src/AMR_ros2_slam_nav2/install/turtlebot3_msgs/share/turtlebot3_msgs/msg/Sound.msg
[81.979s] -- Installing: /home/nvidia/workspace/alan/src/AMR_ros2_slam_nav2/install/turtlebot3_msgs/share/turtlebot3_msgs/msg/VersionInfo.msg
[81.981s] -- Installing: /home/nvidia/workspace/alan/src/AMR_ros2_slam_nav2/install/turtlebot3_msgs/share/turtlebot3_msgs/srv/Sound.srv
[81.983s] -- Installing: /home/nvidia/workspace/alan/src/AMR_ros2_slam_nav2/install/turtlebot3_msgs/share/turtlebot3_msgs/srv/Sound_Request.msg
[81.984s] -- Installing: /home/nvidia/workspace/alan/src/AMR_ros2_slam_nav2/install/turtlebot3_msgs/share/turtlebot3_msgs/srv/Sound_Response.msg
[81.986s] -- Installing: /home/nvidia/workspace/alan/src/AMR_ros2_slam_nav2/install/turtlebot3_msgs/share/turtlebot3_msgs/srv/Dqn.srv
[81.987s] -- Installing: /home/nvidia/workspace/alan/src/AMR_ros2_slam_nav2/install/turtlebot3_msgs/share/turtlebot3_msgs/srv/Dqn_Request.msg
[81.989s] -- Installing: /home/nvidia/workspace/alan/src/AMR_ros2_slam_nav2/install/turtlebot3_msgs/share/turtlebot3_msgs/srv/Dqn_Response.msg
[81.991s] -- Installing: /home/nvidia/workspace/alan/src/AMR_ros2_slam_nav2/install/turtlebot3_msgs/share/turtlebot3_msgs/action/Patrol.action
[81.993s] -- Installing: /home/nvidia/workspace/alan/src/AMR_ros2_slam_nav2/install/turtlebot3_msgs/share/ament_index/resource_index/package_run_dependencies/turtlebot3_msgs
[81.995s] -- Installing: /home/nvidia/workspace/alan/src/AMR_ros2_slam_nav2/install/turtlebot3_msgs/share/ament_index/resource_index/parent_prefix_path/turtlebot3_msgs
[81.996s] -- Installing: /home/nvidia/workspace/alan/src/AMR_ros2_slam_nav2/install/turtlebot3_msgs/share/turtlebot3_msgs/environment/ament_prefix_path.sh
[81.998s] -- Installing: /home/nvidia/workspace/alan/src/AMR_ros2_slam_nav2/install/turtlebot3_msgs/share/turtlebot3_msgs/environment/ament_prefix_path.dsv
[82.001s] -- Installing: /home/nvidia/workspace/alan/src/AMR_ros2_slam_nav2/install/turtlebot3_msgs/share/turtlebot3_msgs/environment/path.sh
[82.001s] -- Installing: /home/nvidia/workspace/alan/src/AMR_ros2_slam_nav2/install/turtlebot3_msgs/share/turtlebot3_msgs/environment/path.dsv
[82.003s] -- Installing: /home/nvidia/workspace/alan/src/AMR_ros2_slam_nav2/install/turtlebot3_msgs/share/turtlebot3_msgs/local_setup.bash
[82.004s] -- Installing: /home/nvidia/workspace/alan/src/AMR_ros2_slam_nav2/install/turtlebot3_msgs/share/turtlebot3_msgs/local_setup.sh
[82.006s] -- Installing: /home/nvidia/workspace/alan/src/AMR_ros2_slam_nav2/install/turtlebot3_msgs/share/turtlebot3_msgs/local_setup.zsh
[82.008s] -- Installing: /home/nvidia/workspace/alan/src/AMR_ros2_slam_nav2/install/turtlebot3_msgs/share/turtlebot3_msgs/local_setup.dsv
[82.010s] -- Installing: /home/nvidia/workspace/alan/src/AMR_ros2_slam_nav2/install/turtlebot3_msgs/share/turtlebot3_msgs/package.dsv
[82.011s] -- Installing: /home/nvidia/workspace/alan/src/AMR_ros2_slam_nav2/install/turtlebot3_msgs/share/ament_index/resource_index/packages/turtlebot3_msgs
[82.014s] -- Installing: /home/nvidia/workspace/alan/src/AMR_ros2_slam_nav2/install/turtlebot3_msgs/share/turtlebot3_msgs/cmake/turtlebot3_msgs__rosidl_generator_cExport.cmake
[82.015s] -- Installing: /home/nvidia/workspace/alan/src/AMR_ros2_slam_nav2/install/turtlebot3_msgs/share/turtlebot3_msgs/cmake/turtlebot3_msgs__rosidl_generator_cExport-noconfig.cmake
[82.017s] -- Installing: /home/nvidia/workspace/alan/src/AMR_ros2_slam_nav2/install/turtlebot3_msgs/share/turtlebot3_msgs/cmake/turtlebot3_msgs__rosidl_typesupport_introspection_cExport.cmake
[82.019s] -- Installing: /home/nvidia/workspace/alan/src/AMR_ros2_slam_nav2/install/turtlebot3_msgs/share/turtlebot3_msgs/cmake/turtlebot3_msgs__rosidl_typesupport_introspection_cExport-noconfig.cmake
[82.021s] -- Installing: /home/nvidia/workspace/alan/src/AMR_ros2_slam_nav2/install/turtlebot3_msgs/share/turtlebot3_msgs/cmake/turtlebot3_msgs__rosidl_typesupport_cExport.cmake
[82.023s] -- Installing: /home/nvidia/workspace/alan/src/AMR_ros2_slam_nav2/install/turtlebot3_msgs/share/turtlebot3_msgs/cmake/turtlebot3_msgs__rosidl_typesupport_cExport-noconfig.cmake
[82.025s] -- Installing: /home/nvidia/workspace/alan/src/AMR_ros2_slam_nav2/install/turtlebot3_msgs/share/turtlebot3_msgs/cmake/turtlebot3_msgs__rosidl_generator_cppExport.cmake
[82.027s] -- Installing: /home/nvidia/workspace/alan/src/AMR_ros2_slam_nav2/install/turtlebot3_msgs/share/turtlebot3_msgs/cmake/turtlebot3_msgs__rosidl_typesupport_introspection_cppExport.cmake
[82.029s] -- Installing: /home/nvidia/workspace/alan/src/AMR_ros2_slam_nav2/install/turtlebot3_msgs/share/turtlebot3_msgs/cmake/turtlebot3_msgs__rosidl_typesupport_introspection_cppExport-noconfig.cmake
[82.031s] -- Installing: /home/nvidia/workspace/alan/src/AMR_ros2_slam_nav2/install/turtlebot3_msgs/share/turtlebot3_msgs/cmake/turtlebot3_msgs__rosidl_typesupport_cppExport.cmake
[82.033s] -- Installing: /home/nvidia/workspace/alan/src/AMR_ros2_slam_nav2/install/turtlebot3_msgs/share/turtlebot3_msgs/cmake/turtlebot3_msgs__rosidl_typesupport_cppExport-noconfig.cmake
[82.034s] -- Installing: /home/nvidia/workspace/alan/src/AMR_ros2_slam_nav2/install/turtlebot3_msgs/share/turtlebot3_msgs/cmake/rosidl_cmake-extras.cmake
[82.038s] -- Installing: /home/nvidia/workspace/alan/src/AMR_ros2_slam_nav2/install/turtlebot3_msgs/share/turtlebot3_msgs/cmake/ament_cmake_export_dependencies-extras.cmake
[82.040s] -- Installing: /home/nvidia/workspace/alan/src/AMR_ros2_slam_nav2/install/turtlebot3_msgs/share/turtlebot3_msgs/cmake/ament_cmake_export_libraries-extras.cmake
[82.042s] -- Installing: /home/nvidia/workspace/alan/src/AMR_ros2_slam_nav2/install/turtlebot3_msgs/share/turtlebot3_msgs/cmake/ament_cmake_export_targets-extras.cmake
[82.043s] -- Installing: /home/nvidia/workspace/alan/src/AMR_ros2_slam_nav2/install/turtlebot3_msgs/share/turtlebot3_msgs/cmake/ament_cmake_export_include_directories-extras.cmake
[82.045s] -- Installing: /home/nvidia/workspace/alan/src/AMR_ros2_slam_nav2/install/turtlebot3_msgs/share/turtlebot3_msgs/cmake/rosidl_cmake_export_typesupport_libraries-extras.cmake
[82.047s] -- Installing: /home/nvidia/workspace/alan/src/AMR_ros2_slam_nav2/install/turtlebot3_msgs/share/turtlebot3_msgs/cmake/rosidl_cmake_export_typesupport_targets-extras.cmake
[82.049s] -- Installing: /home/nvidia/workspace/alan/src/AMR_ros2_slam_nav2/install/turtlebot3_msgs/share/turtlebot3_msgs/cmake/turtlebot3_msgsConfig.cmake
[82.051s] -- Installing: /home/nvidia/workspace/alan/src/AMR_ros2_slam_nav2/install/turtlebot3_msgs/share/turtlebot3_msgs/cmake/turtlebot3_msgsConfig-version.cmake
[82.052s] -- Installing: /home/nvidia/workspace/alan/src/AMR_ros2_slam_nav2/install/turtlebot3_msgs/share/turtlebot3_msgs/package.xml
[82.067s] Invoked command in '/home/nvidia/workspace/alan/src/AMR_ros2_slam_nav2/build/turtlebot3_msgs' returned '0': /usr/local/bin/cmake --install /home/nvidia/workspace/alan/src/AMR_ros2_slam_nav2/build/turtlebot3_msgs
