[0.343s] Invoking command in '/home/nvidia/workspace/alan/src/AMR_ros2_slam_nav2/build/camera_calibration_parsers': CMAKE_PREFIX_PATH=${CMAKE_PREFIX_PATH}:/home/nvidia/workspace/alan/src/AMR_ros2_slam_nav2/install/turtlebot3_teleop:/home/nvidia/workspace/alan/src/AMR_ros2_slam_nav2/install/turtlebot3_example:/home/nvidia/workspace/alan/src/AMR_ros2_slam_nav2/install/opencv_tests:/home/nvidia/workspace/alan/src/AMR_ros2_slam_nav2/install/nav2_gazebo_spawner:/home/nvidia/workspace/alan/AMR/install/turtlebot3_teleop:/home/nvidia/workspace/alan/AMR/install/turtlebot3_example:/home/nvidia/workspace/alan/AMR/install/opencv_tests:/home/nvidia/workspace/alan/AMR/install/nav2_gazebo_spawner /usr/local/bin/cmake --build /home/nvidia/workspace/alan/src/AMR_ros2_slam_nav2/build/camera_calibration_parsers -- -j8 -l8
[0.523s] [ 14%] Built target gtest
[0.551s] [ 28%] Built target gtest_main
[0.616s] [ 57%] Built target camera_calibration_parsers
[0.750s] [ 71%] Built target convert
[0.786s] [ 85%] Built target camera_calibration_parsers-parse_ini
[0.830s] [100%] Built target camera_calibration_parsers-parse_yml
[0.883s] Invoked command in '/home/nvidia/workspace/alan/src/AMR_ros2_slam_nav2/build/camera_calibration_parsers' returned '0': CMAKE_PREFIX_PATH=${CMAKE_PREFIX_PATH}:/home/nvidia/workspace/alan/src/AMR_ros2_slam_nav2/install/turtlebot3_teleop:/home/nvidia/workspace/alan/src/AMR_ros2_slam_nav2/install/turtlebot3_example:/home/nvidia/workspace/alan/src/AMR_ros2_slam_nav2/install/opencv_tests:/home/nvidia/workspace/alan/src/AMR_ros2_slam_nav2/install/nav2_gazebo_spawner:/home/nvidia/workspace/alan/AMR/install/turtlebot3_teleop:/home/nvidia/workspace/alan/AMR/install/turtlebot3_example:/home/nvidia/workspace/alan/AMR/install/opencv_tests:/home/nvidia/workspace/alan/AMR/install/nav2_gazebo_spawner /usr/local/bin/cmake --build /home/nvidia/workspace/alan/src/AMR_ros2_slam_nav2/build/camera_calibration_parsers -- -j8 -l8
[1.388s] Invoking command in '/home/nvidia/workspace/alan/src/AMR_ros2_slam_nav2/build/camera_calibration_parsers': CMAKE_PREFIX_PATH=${CMAKE_PREFIX_PATH}:/home/nvidia/workspace/alan/src/AMR_ros2_slam_nav2/install/turtlebot3_teleop:/home/nvidia/workspace/alan/src/AMR_ros2_slam_nav2/install/turtlebot3_example:/home/nvidia/workspace/alan/src/AMR_ros2_slam_nav2/install/opencv_tests:/home/nvidia/workspace/alan/src/AMR_ros2_slam_nav2/install/nav2_gazebo_spawner:/home/nvidia/workspace/alan/AMR/install/turtlebot3_teleop:/home/nvidia/workspace/alan/AMR/install/turtlebot3_example:/home/nvidia/workspace/alan/AMR/install/opencv_tests:/home/nvidia/workspace/alan/AMR/install/nav2_gazebo_spawner /usr/local/bin/cmake --install /home/nvidia/workspace/alan/src/AMR_ros2_slam_nav2/build/camera_calibration_parsers
[1.410s] -- Install configuration: ""
[1.412s] -- Installing: /home/nvidia/workspace/alan/src/AMR_ros2_slam_nav2/install/camera_calibration_parsers/lib/libcamera_calibration_parsers.so
[1.426s] -- Set runtime path of "/home/nvidia/workspace/alan/src/AMR_ros2_slam_nav2/install/camera_calibration_parsers/lib/libcamera_calibration_parsers.so" to ""
[1.427s] -- Installing: /home/nvidia/workspace/alan/src/AMR_ros2_slam_nav2/install/camera_calibration_parsers/lib/camera_calibration_parsers/convert
[1.428s] -- Set runtime path of "/home/nvidia/workspace/alan/src/AMR_ros2_slam_nav2/install/camera_calibration_parsers/lib/camera_calibration_parsers/convert" to ""
[1.428s] -- Installing: /home/nvidia/workspace/alan/src/AMR_ros2_slam_nav2/install/camera_calibration_parsers/include
[1.429s] -- Installing: /home/nvidia/workspace/alan/src/AMR_ros2_slam_nav2/install/camera_calibration_parsers/include/camera_calibration_parsers
[1.429s] -- Installing: /home/nvidia/workspace/alan/src/AMR_ros2_slam_nav2/install/camera_calibration_parsers/include/camera_calibration_parsers/visibility_control.hpp
[1.429s] -- Installing: /home/nvidia/workspace/alan/src/AMR_ros2_slam_nav2/install/camera_calibration_parsers/include/camera_calibration_parsers/parse_yml.h
[1.430s] -- Installing: /home/nvidia/workspace/alan/src/AMR_ros2_slam_nav2/install/camera_calibration_parsers/include/camera_calibration_parsers/parse.h
[1.445s] -- Installing: /home/nvidia/workspace/alan/src/AMR_ros2_slam_nav2/install/camera_calibration_parsers/include/camera_calibration_parsers/parse_yml.hpp
[1.447s] -- Installing: /home/nvidia/workspace/alan/src/AMR_ros2_slam_nav2/install/camera_calibration_parsers/include/camera_calibration_parsers/parse_ini.hpp
[1.448s] -- Installing: /home/nvidia/workspace/alan/src/AMR_ros2_slam_nav2/install/camera_calibration_parsers/include/camera_calibration_parsers/parse.hpp
[1.449s] -- Installing: /home/nvidia/workspace/alan/src/AMR_ros2_slam_nav2/install/camera_calibration_parsers/include/camera_calibration_parsers/parse_ini.h
[1.449s] -- Installing: /home/nvidia/workspace/alan/src/AMR_ros2_slam_nav2/install/camera_calibration_parsers/share/camera_calibration_parsers/environment/library_path.sh
[1.450s] -- Installing: /home/nvidia/workspace/alan/src/AMR_ros2_slam_nav2/install/camera_calibration_parsers/share/camera_calibration_parsers/environment/library_path.dsv
[1.450s] -- Installing: /home/nvidia/workspace/alan/src/AMR_ros2_slam_nav2/install/camera_calibration_parsers/share/ament_index/resource_index/package_run_dependencies/camera_calibration_parsers
[1.450s] -- Installing: /home/nvidia/workspace/alan/src/AMR_ros2_slam_nav2/install/camera_calibration_parsers/share/ament_index/resource_index/parent_prefix_path/camera_calibration_parsers
[1.451s] -- Installing: /home/nvidia/workspace/alan/src/AMR_ros2_slam_nav2/install/camera_calibration_parsers/share/camera_calibration_parsers/environment/ament_prefix_path.sh
[1.452s] -- Installing: /home/nvidia/workspace/alan/src/AMR_ros2_slam_nav2/install/camera_calibration_parsers/share/camera_calibration_parsers/environment/ament_prefix_path.dsv
[1.452s] -- Installing: /home/nvidia/workspace/alan/src/AMR_ros2_slam_nav2/install/camera_calibration_parsers/share/camera_calibration_parsers/environment/path.sh
[1.452s] -- Installing: /home/nvidia/workspace/alan/src/AMR_ros2_slam_nav2/install/camera_calibration_parsers/share/camera_calibration_parsers/environment/path.dsv
[1.453s] -- Installing: /home/nvidia/workspace/alan/src/AMR_ros2_slam_nav2/install/camera_calibration_parsers/share/camera_calibration_parsers/local_setup.bash
[1.454s] -- Installing: /home/nvidia/workspace/alan/src/AMR_ros2_slam_nav2/install/camera_calibration_parsers/share/camera_calibration_parsers/local_setup.sh
[1.455s] -- Installing: /home/nvidia/workspace/alan/src/AMR_ros2_slam_nav2/install/camera_calibration_parsers/share/camera_calibration_parsers/local_setup.zsh
[1.458s] -- Installing: /home/nvidia/workspace/alan/src/AMR_ros2_slam_nav2/install/camera_calibration_parsers/share/camera_calibration_parsers/local_setup.dsv
[1.459s] -- Installing: /home/nvidia/workspace/alan/src/AMR_ros2_slam_nav2/install/camera_calibration_parsers/share/camera_calibration_parsers/package.dsv
[1.459s] -- Installing: /home/nvidia/workspace/alan/src/AMR_ros2_slam_nav2/install/camera_calibration_parsers/share/ament_index/resource_index/packages/camera_calibration_parsers
[1.459s] -- Installing: /home/nvidia/workspace/alan/src/AMR_ros2_slam_nav2/install/camera_calibration_parsers/share/camera_calibration_parsers/cmake/ament_cmake_export_include_directories-extras.cmake
[1.461s] -- Installing: /home/nvidia/workspace/alan/src/AMR_ros2_slam_nav2/install/camera_calibration_parsers/share/camera_calibration_parsers/cmake/ament_cmake_export_libraries-extras.cmake
[1.462s] -- Installing: /home/nvidia/workspace/alan/src/AMR_ros2_slam_nav2/install/camera_calibration_parsers/share/camera_calibration_parsers/cmake/ament_cmake_export_dependencies-extras.cmake
[1.462s] -- Installing: /home/nvidia/workspace/alan/src/AMR_ros2_slam_nav2/install/camera_calibration_parsers/share/camera_calibration_parsers/cmake/camera_calibration_parsersConfig.cmake
[1.476s] -- Installing: /home/nvidia/workspace/alan/src/AMR_ros2_slam_nav2/install/camera_calibration_parsers/share/camera_calibration_parsers/cmake/camera_calibration_parsersConfig-version.cmake
[1.476s] -- Installing: /home/nvidia/workspace/alan/src/AMR_ros2_slam_nav2/install/camera_calibration_parsers/share/camera_calibration_parsers/package.xml
[1.677s] Invoked command in '/home/nvidia/workspace/alan/src/AMR_ros2_slam_nav2/build/camera_calibration_parsers' returned '0': CMAKE_PREFIX_PATH=${CMAKE_PREFIX_PATH}:/home/nvidia/workspace/alan/src/AMR_ros2_slam_nav2/install/turtlebot3_teleop:/home/nvidia/workspace/alan/src/AMR_ros2_slam_nav2/install/turtlebot3_example:/home/nvidia/workspace/alan/src/AMR_ros2_slam_nav2/install/opencv_tests:/home/nvidia/workspace/alan/src/AMR_ros2_slam_nav2/install/nav2_gazebo_spawner:/home/nvidia/workspace/alan/AMR/install/turtlebot3_teleop:/home/nvidia/workspace/alan/AMR/install/turtlebot3_example:/home/nvidia/workspace/alan/AMR/install/opencv_tests:/home/nvidia/workspace/alan/AMR/install/nav2_gazebo_spawner /usr/local/bin/cmake --install /home/nvidia/workspace/alan/src/AMR_ros2_slam_nav2/build/camera_calibration_parsers
