[0.093s] Invoking command in '/home/nvidia/workspace/alan/src/AMR_ros2_slam_nav2/build/realsense2_camera': AMENT_PREFIX_PATH=/home/nvidia/workspace/alan/src/AMR_ros2_slam_nav2/install/realsense2_camera_msgs:/home/nvidia/workspace/alan/src/AMR_ros2_slam_nav2/install/image_transport:/home/nvidia/workspace/alan/src/AMR_ros2_slam_nav2/install/diagnostic_updater:/home/nvidia/workspace/alan/src/AMR_ros2_slam_nav2/install/cv_bridge:${AMENT_PREFIX_PATH} CMAKE_PREFIX_PATH=/home/nvidia/workspace/alan/src/AMR_ros2_slam_nav2/install/realsense2_camera_msgs:/home/nvidia/workspace/alan/src/AMR_ros2_slam_nav2/install/image_transport:/home/nvidia/workspace/alan/src/AMR_ros2_slam_nav2/install/diagnostic_updater:/home/nvidia/workspace/alan/src/AMR_ros2_slam_nav2/install/cv_bridge:${CMAKE_PREFIX_PATH} LD_LIBRARY_PATH=/home/nvidia/workspace/alan/src/AMR_ros2_slam_nav2/install/realsense2_camera_msgs/lib:/home/nvidia/workspace/alan/src/AMR_ros2_slam_nav2/install/image_transport/lib:/home/nvidia/workspace/alan/src/AMR_ros2_slam_nav2/install/cv_bridge/lib:/home/workspace/ros2/install/opt/yaml_cpp_vendor/lib:/home/workspace/ros2/install/opt/rviz_ogre_vendor/lib:/home/workspace/ros2/install/lib:/usr/local/cuda-10.2/lib64 PYTHONPATH=/home/nvidia/workspace/alan/src/AMR_ros2_slam_nav2/install/realsense2_camera_msgs/lib/python3.6/site-packages:/home/nvidia/workspace/alan/src/AMR_ros2_slam_nav2/install/diagnostic_updater/lib/python3.6/site-packages:/home/nvidia/workspace/alan/src/AMR_ros2_slam_nav2/install/cv_bridge/lib/python3.6/site-packages:/home/workspace/ros2/install/lib/python3.6/site-packages:/usr/local/lib:/usr/local/cuda/bin /usr/local/bin/cmake /home/nvidia/workspace/alan/src/AMR_ros2_slam_nav2/ROS2-driver-for-Realsense/realsense-ros/realsense2_camera -DCMAKE_INSTALL_PREFIX=/home/nvidia/workspace/alan/src/AMR_ros2_slam_nav2/install/realsense2_camera
[0.450s] -- The C compiler identification is GNU 7.5.0
[0.767s] -- The CXX compiler identification is GNU 7.5.0
[0.843s] -- Check for working C compiler: /usr/bin/cc
[1.071s] -- Check for working C compiler: /usr/bin/cc -- works
[1.083s] -- Detecting C compiler ABI info
[1.308s] -- Detecting C compiler ABI info - done
[1.513s] -- Detecting C compile features
[1.519s] -- Detecting C compile features - done
[1.559s] -- Check for working CXX compiler: /usr/bin/c++
[1.802s] -- Check for working CXX compiler: /usr/bin/c++ -- works
[1.815s] -- Detecting CXX compiler ABI info
[2.060s] -- Detecting CXX compiler ABI info - done
[2.237s] -- Detecting CXX compile features
[2.246s] -- Detecting CXX compile features - done
[2.254s] -- Create Release Build.
[2.265s] -- Found ament_cmake: 0.9.9 (/home/workspace/ros2/install/share/ament_cmake/cmake)
[2.426s] -- Found PythonInterp: /usr/bin/python3 (found suitable version "3.6.9", minimum required is "3") 
[2.429s] -- Using PYTHON_EXECUTABLE: /usr/bin/python3
[3.669s] -- Found builtin_interfaces: 1.0.0 (/home/workspace/ros2/install/share/builtin_interfaces/cmake)
[3.951s] -- Using all available rosidl_typesupport_c: rosidl_typesupport_fastrtps_c;rosidl_typesupport_introspection_c
[4.030s] -- Found rosidl_adapter: 1.2.1 (/home/workspace/ros2/install/share/rosidl_adapter/cmake)
[4.444s] -- Found OpenSSL: /usr/lib/aarch64-linux-gnu/libcrypto.so (found version "1.1.1")  
[4.630s] -- Found FastRTPS: /home/workspace/ros2/install/include  
[5.467s] -- Using all available rosidl_typesupport_cpp: rosidl_typesupport_fastrtps_cpp;rosidl_typesupport_introspection_cpp
[5.876s] -- Found cv_bridge: 2.2.1 (/home/nvidia/workspace/alan/src/AMR_ros2_slam_nav2/install/cv_bridge/share/cv_bridge/cmake)
[7.896s] -- Found image_transport: 2.3.0 (/home/nvidia/workspace/alan/src/AMR_ros2_slam_nav2/install/image_transport/share/image_transport/cmake)
[8.561s] -- Found rmw_implementation_cmake: 1.0.3 (/home/workspace/ros2/install/share/rmw_implementation_cmake/cmake)
[8.583s] -- Using RMW implementation 'rmw_fastrtps_cpp' as default
[8.591s] -- Looking for pthread.h
[8.896s] -- Looking for pthread.h - found
[8.899s] -- Performing Test CMAKE_HAVE_LIBC_PTHREAD
[9.198s] -- Performing Test CMAKE_HAVE_LIBC_PTHREAD - Failed
[9.203s] -- Looking for pthread_create in pthreads
[9.443s] -- Looking for pthread_create in pthreads - not found
[9.447s] -- Looking for pthread_create in pthread
[9.696s] -- Looking for pthread_create in pthread - found
[9.710s] -- Found Threads: TRUE  
[11.966s] -- Found rclcpp_components: 2.4.0 (/home/workspace/ros2/install/share/rclcpp_components/cmake)
[12.606s] -- Found realsense2_camera_msgs: 3.2.3 (/home/nvidia/workspace/alan/src/AMR_ros2_slam_nav2/install/realsense2_camera_msgs/share/realsense2_camera_msgs/cmake)
[13.180s] -- Found std_srvs: 2.0.4 (/home/workspace/ros2/install/share/std_srvs/cmake)
[13.338s] -- Found nav_msgs: 2.0.4 (/home/workspace/ros2/install/share/nav_msgs/cmake)
[14.268s] -- Found tf2_ros: 0.13.12 (/home/workspace/ros2/install/share/tf2_ros/cmake)
[17.681s] -- Found diagnostic_updater: 2.0.8 (/home/nvidia/workspace/alan/src/AMR_ros2_slam_nav2/install/diagnostic_updater/share/diagnostic_updater/cmake)
[18.485s] -- Build for ROS2 Foxy
[19.134s] -- Found ament_lint_auto: 0.9.6 (/home/workspace/ros2/install/share/ament_lint_auto/cmake)
[19.186s] -- Found OpenCV: /usr (found version "4.1.1") 
[19.955s] -- Added test 'copyright' to check source files copyright and LICENSE
[19.972s] -- Added test 'cppcheck' to perform static code analysis on C / C++ code
[19.978s] -- Configured cppcheck include dirs: /home/nvidia/workspace/alan/src/AMR_ros2_slam_nav2/ROS2-driver-for-Realsense/realsense-ros/realsense2_camera/include
[19.978s] -- Configured cppcheck exclude dirs and/or files: 
[19.991s] -- Added test 'cpplint' to check C / C++ code against the Google style
[19.992s] -- Configured cpplint exclude dirs and/or files: 
[19.998s] -- Added test 'flake8' to check Python code syntax and style conventions
[20.006s] -- Added test 'lint_cmake' to check CMake code style
[20.013s] -- Added test 'pep257' to check Python code against some of the style conventions in PEP 257
[20.024s] -- Added test 'uncrustify' to check C / C++ code style
[20.025s] -- Configured uncrustify additional arguments: 
[20.033s] -- Added test 'xmllint' to check XML markup files
[20.069s] -- Configuring done
[20.335s] -- Generating done
[20.350s] -- Build files have been written to: /home/nvidia/workspace/alan/src/AMR_ros2_slam_nav2/build/realsense2_camera
[20.397s] Invoked command in '/home/nvidia/workspace/alan/src/AMR_ros2_slam_nav2/build/realsense2_camera' returned '0': AMENT_PREFIX_PATH=/home/nvidia/workspace/alan/src/AMR_ros2_slam_nav2/install/realsense2_camera_msgs:/home/nvidia/workspace/alan/src/AMR_ros2_slam_nav2/install/image_transport:/home/nvidia/workspace/alan/src/AMR_ros2_slam_nav2/install/diagnostic_updater:/home/nvidia/workspace/alan/src/AMR_ros2_slam_nav2/install/cv_bridge:${AMENT_PREFIX_PATH} CMAKE_PREFIX_PATH=/home/nvidia/workspace/alan/src/AMR_ros2_slam_nav2/install/realsense2_camera_msgs:/home/nvidia/workspace/alan/src/AMR_ros2_slam_nav2/install/image_transport:/home/nvidia/workspace/alan/src/AMR_ros2_slam_nav2/install/diagnostic_updater:/home/nvidia/workspace/alan/src/AMR_ros2_slam_nav2/install/cv_bridge:${CMAKE_PREFIX_PATH} LD_LIBRARY_PATH=/home/nvidia/workspace/alan/src/AMR_ros2_slam_nav2/install/realsense2_camera_msgs/lib:/home/nvidia/workspace/alan/src/AMR_ros2_slam_nav2/install/image_transport/lib:/home/nvidia/workspace/alan/src/AMR_ros2_slam_nav2/install/cv_bridge/lib:/home/workspace/ros2/install/opt/yaml_cpp_vendor/lib:/home/workspace/ros2/install/opt/rviz_ogre_vendor/lib:/home/workspace/ros2/install/lib:/usr/local/cuda-10.2/lib64 PYTHONPATH=/home/nvidia/workspace/alan/src/AMR_ros2_slam_nav2/install/realsense2_camera_msgs/lib/python3.6/site-packages:/home/nvidia/workspace/alan/src/AMR_ros2_slam_nav2/install/diagnostic_updater/lib/python3.6/site-packages:/home/nvidia/workspace/alan/src/AMR_ros2_slam_nav2/install/cv_bridge/lib/python3.6/site-packages:/home/workspace/ros2/install/lib/python3.6/site-packages:/usr/local/lib:/usr/local/cuda/bin /usr/local/bin/cmake /home/nvidia/workspace/alan/src/AMR_ros2_slam_nav2/ROS2-driver-for-Realsense/realsense-ros/realsense2_camera -DCMAKE_INSTALL_PREFIX=/home/nvidia/workspace/alan/src/AMR_ros2_slam_nav2/install/realsense2_camera
[20.400s] Invoking command in '/home/nvidia/workspace/alan/src/AMR_ros2_slam_nav2/build/realsense2_camera': AMENT_PREFIX_PATH=/home/nvidia/workspace/alan/src/AMR_ros2_slam_nav2/install/realsense2_camera_msgs:/home/nvidia/workspace/alan/src/AMR_ros2_slam_nav2/install/image_transport:/home/nvidia/workspace/alan/src/AMR_ros2_slam_nav2/install/diagnostic_updater:/home/nvidia/workspace/alan/src/AMR_ros2_slam_nav2/install/cv_bridge:${AMENT_PREFIX_PATH} CMAKE_PREFIX_PATH=/home/nvidia/workspace/alan/src/AMR_ros2_slam_nav2/install/realsense2_camera_msgs:/home/nvidia/workspace/alan/src/AMR_ros2_slam_nav2/install/image_transport:/home/nvidia/workspace/alan/src/AMR_ros2_slam_nav2/install/diagnostic_updater:/home/nvidia/workspace/alan/src/AMR_ros2_slam_nav2/install/cv_bridge:${CMAKE_PREFIX_PATH} LD_LIBRARY_PATH=/home/nvidia/workspace/alan/src/AMR_ros2_slam_nav2/install/realsense2_camera_msgs/lib:/home/nvidia/workspace/alan/src/AMR_ros2_slam_nav2/install/image_transport/lib:/home/nvidia/workspace/alan/src/AMR_ros2_slam_nav2/install/cv_bridge/lib:/home/workspace/ros2/install/opt/yaml_cpp_vendor/lib:/home/workspace/ros2/install/opt/rviz_ogre_vendor/lib:/home/workspace/ros2/install/lib:/usr/local/cuda-10.2/lib64 PYTHONPATH=/home/nvidia/workspace/alan/src/AMR_ros2_slam_nav2/install/realsense2_camera_msgs/lib/python3.6/site-packages:/home/nvidia/workspace/alan/src/AMR_ros2_slam_nav2/install/diagnostic_updater/lib/python3.6/site-packages:/home/nvidia/workspace/alan/src/AMR_ros2_slam_nav2/install/cv_bridge/lib/python3.6/site-packages:/home/workspace/ros2/install/lib/python3.6/site-packages:/usr/local/lib:/usr/local/cuda/bin /usr/local/bin/cmake --build /home/nvidia/workspace/alan/src/AMR_ros2_slam_nav2/build/realsense2_camera -- -j8 -l8
[20.518s] [35m[1mScanning dependencies of target realsense2_camera_node[0m
[20.697s] [ 12%] [32mBuilding CXX object CMakeFiles/realsense2_camera_node.dir/rclcpp_components/node_main_realsense2_camera_node.cpp.o[0m
[29.379s] [ 25%] [32m[1mLinking CXX executable realsense2_camera_node[0m
[30.090s] [ 25%] Built target realsense2_camera_node
[30.111s] [35m[1mScanning dependencies of target realsense2_camera[0m
[30.619s] [ 37%] [32mBuilding CXX object CMakeFiles/realsense2_camera.dir/src/realsense_node_factory.cpp.o[0m
[63.382s] [ 50%] [32mBuilding CXX object CMakeFiles/realsense2_camera.dir/src/ros_param_backend_foxy.cpp.o[0m
[69.886s] [ 62%] [32mBuilding CXX object CMakeFiles/realsense2_camera.dir/src/dynamic_params.cpp.o[0m
[81.861s] [ 75%] [32mBuilding CXX object CMakeFiles/realsense2_camera.dir/src/t265_realsense_node.cpp.o[0m
[114.644s] [ 87%] [32mBuilding CXX object CMakeFiles/realsense2_camera.dir/src/base_realsense_node.cpp.o[0m
[210.610s] [100%] [32m[1mLinking CXX shared library librealsense2_camera.so[0m
[213.099s] [100%] Built target realsense2_camera
[213.122s] Invoked command in '/home/nvidia/workspace/alan/src/AMR_ros2_slam_nav2/build/realsense2_camera' returned '0': AMENT_PREFIX_PATH=/home/nvidia/workspace/alan/src/AMR_ros2_slam_nav2/install/realsense2_camera_msgs:/home/nvidia/workspace/alan/src/AMR_ros2_slam_nav2/install/image_transport:/home/nvidia/workspace/alan/src/AMR_ros2_slam_nav2/install/diagnostic_updater:/home/nvidia/workspace/alan/src/AMR_ros2_slam_nav2/install/cv_bridge:${AMENT_PREFIX_PATH} CMAKE_PREFIX_PATH=/home/nvidia/workspace/alan/src/AMR_ros2_slam_nav2/install/realsense2_camera_msgs:/home/nvidia/workspace/alan/src/AMR_ros2_slam_nav2/install/image_transport:/home/nvidia/workspace/alan/src/AMR_ros2_slam_nav2/install/diagnostic_updater:/home/nvidia/workspace/alan/src/AMR_ros2_slam_nav2/install/cv_bridge:${CMAKE_PREFIX_PATH} LD_LIBRARY_PATH=/home/nvidia/workspace/alan/src/AMR_ros2_slam_nav2/install/realsense2_camera_msgs/lib:/home/nvidia/workspace/alan/src/AMR_ros2_slam_nav2/install/image_transport/lib:/home/nvidia/workspace/alan/src/AMR_ros2_slam_nav2/install/cv_bridge/lib:/home/workspace/ros2/install/opt/yaml_cpp_vendor/lib:/home/workspace/ros2/install/opt/rviz_ogre_vendor/lib:/home/workspace/ros2/install/lib:/usr/local/cuda-10.2/lib64 PYTHONPATH=/home/nvidia/workspace/alan/src/AMR_ros2_slam_nav2/install/realsense2_camera_msgs/lib/python3.6/site-packages:/home/nvidia/workspace/alan/src/AMR_ros2_slam_nav2/install/diagnostic_updater/lib/python3.6/site-packages:/home/nvidia/workspace/alan/src/AMR_ros2_slam_nav2/install/cv_bridge/lib/python3.6/site-packages:/home/workspace/ros2/install/lib/python3.6/site-packages:/usr/local/lib:/usr/local/cuda/bin /usr/local/bin/cmake --build /home/nvidia/workspace/alan/src/AMR_ros2_slam_nav2/build/realsense2_camera -- -j8 -l8
[213.223s] Invoking command in '/home/nvidia/workspace/alan/src/AMR_ros2_slam_nav2/build/realsense2_camera': AMENT_PREFIX_PATH=/home/nvidia/workspace/alan/src/AMR_ros2_slam_nav2/install/realsense2_camera_msgs:/home/nvidia/workspace/alan/src/AMR_ros2_slam_nav2/install/image_transport:/home/nvidia/workspace/alan/src/AMR_ros2_slam_nav2/install/diagnostic_updater:/home/nvidia/workspace/alan/src/AMR_ros2_slam_nav2/install/cv_bridge:${AMENT_PREFIX_PATH} CMAKE_PREFIX_PATH=/home/nvidia/workspace/alan/src/AMR_ros2_slam_nav2/install/realsense2_camera_msgs:/home/nvidia/workspace/alan/src/AMR_ros2_slam_nav2/install/image_transport:/home/nvidia/workspace/alan/src/AMR_ros2_slam_nav2/install/diagnostic_updater:/home/nvidia/workspace/alan/src/AMR_ros2_slam_nav2/install/cv_bridge:${CMAKE_PREFIX_PATH} LD_LIBRARY_PATH=/home/nvidia/workspace/alan/src/AMR_ros2_slam_nav2/install/realsense2_camera_msgs/lib:/home/nvidia/workspace/alan/src/AMR_ros2_slam_nav2/install/image_transport/lib:/home/nvidia/workspace/alan/src/AMR_ros2_slam_nav2/install/cv_bridge/lib:/home/workspace/ros2/install/opt/yaml_cpp_vendor/lib:/home/workspace/ros2/install/opt/rviz_ogre_vendor/lib:/home/workspace/ros2/install/lib:/usr/local/cuda-10.2/lib64 PYTHONPATH=/home/nvidia/workspace/alan/src/AMR_ros2_slam_nav2/install/realsense2_camera_msgs/lib/python3.6/site-packages:/home/nvidia/workspace/alan/src/AMR_ros2_slam_nav2/install/diagnostic_updater/lib/python3.6/site-packages:/home/nvidia/workspace/alan/src/AMR_ros2_slam_nav2/install/cv_bridge/lib/python3.6/site-packages:/home/workspace/ros2/install/lib/python3.6/site-packages:/usr/local/lib:/usr/local/cuda/bin /usr/local/bin/cmake --install /home/nvidia/workspace/alan/src/AMR_ros2_slam_nav2/build/realsense2_camera
[213.238s] -- Install configuration: "Release"
[213.241s] -- Installing: /home/nvidia/workspace/alan/src/AMR_ros2_slam_nav2/install/realsense2_camera/lib/realsense2_camera/realsense2_camera_node
[213.243s] -- Set runtime path of "/home/nvidia/workspace/alan/src/AMR_ros2_slam_nav2/install/realsense2_camera/lib/realsense2_camera/realsense2_camera_node" to ""
[213.244s] -- Installing: /home/nvidia/workspace/alan/src/AMR_ros2_slam_nav2/install/realsense2_camera/lib/librealsense2_camera.so
[213.254s] -- Set runtime path of "/home/nvidia/workspace/alan/src/AMR_ros2_slam_nav2/install/realsense2_camera/lib/librealsense2_camera.so" to ""
[213.256s] -- Installing: /home/nvidia/workspace/alan/src/AMR_ros2_slam_nav2/install/realsense2_camera/include
[213.257s] -- Installing: /home/nvidia/workspace/alan/src/AMR_ros2_slam_nav2/install/realsense2_camera/include/t265_realsense_node.h
[213.258s] -- Installing: /home/nvidia/workspace/alan/src/AMR_ros2_slam_nav2/install/realsense2_camera/include/ros_param_backend.h
[213.258s] -- Installing: /home/nvidia/workspace/alan/src/AMR_ros2_slam_nav2/install/realsense2_camera/include/constants.h
[213.259s] -- Installing: /home/nvidia/workspace/alan/src/AMR_ros2_slam_nav2/install/realsense2_camera/include/base_realsense_node.h
[213.260s] -- Installing: /home/nvidia/workspace/alan/src/AMR_ros2_slam_nav2/install/realsense2_camera/include/dynamic_params.h
[213.264s] -- Installing: /home/nvidia/workspace/alan/src/AMR_ros2_slam_nav2/install/realsense2_camera/include/realsense_node_factory.h
[213.264s] -- Installing: /home/nvidia/workspace/alan/src/AMR_ros2_slam_nav2/install/realsense2_camera/share/realsense2_camera/launch
[213.265s] -- Installing: /home/nvidia/workspace/alan/src/AMR_ros2_slam_nav2/install/realsense2_camera/share/realsense2_camera/launch/rs_t265_launch.py
[213.265s] -- Installing: /home/nvidia/workspace/alan/src/AMR_ros2_slam_nav2/install/realsense2_camera/share/realsense2_camera/launch/default.rviz
[213.266s] -- Installing: /home/nvidia/workspace/alan/src/AMR_ros2_slam_nav2/install/realsense2_camera/share/realsense2_camera/launch/rs_d400_and_t265_launch.py
[213.266s] -- Installing: /home/nvidia/workspace/alan/src/AMR_ros2_slam_nav2/install/realsense2_camera/share/realsense2_camera/launch/rs_launch.py
[213.266s] -- Installing: /home/nvidia/workspace/alan/src/AMR_ros2_slam_nav2/install/realsense2_camera/share/realsense2_camera/launch/demo_pointcloud_launch.py
[213.267s] -- Installing: /home/nvidia/workspace/alan/src/AMR_ros2_slam_nav2/install/realsense2_camera/share/realsense2_camera/launch/demo_t265_launch.py
[213.267s] -- Installing: /home/nvidia/workspace/alan/src/AMR_ros2_slam_nav2/install/realsense2_camera/share/realsense2_camera/launch/rs_multi_camera_launch.py
[213.268s] -- Installing: /home/nvidia/workspace/alan/src/AMR_ros2_slam_nav2/install/realsense2_camera/share/realsense2_camera/config
[213.268s] -- Installing: /home/nvidia/workspace/alan/src/AMR_ros2_slam_nav2/install/realsense2_camera/share/realsense2_camera/config/d455.yaml
[213.270s] -- Installing: /home/nvidia/workspace/alan/src/AMR_ros2_slam_nav2/install/realsense2_camera/share/realsense2_camera/config/d435i.yaml
[213.271s] -- Installing: /home/nvidia/workspace/alan/src/AMR_ros2_slam_nav2/install/realsense2_camera/share/realsense2_camera/rviz
[213.271s] -- Installing: /home/nvidia/workspace/alan/src/AMR_ros2_slam_nav2/install/realsense2_camera/share/realsense2_camera/rviz/pointcloud.rviz
[213.272s] -- Installing: /home/nvidia/workspace/alan/src/AMR_ros2_slam_nav2/install/realsense2_camera/share/realsense2_camera/rviz/t265.rviz
[213.272s] -- Installing: /home/nvidia/workspace/alan/src/AMR_ros2_slam_nav2/install/realsense2_camera/share/realsense2_camera/environment/library_path.sh
[213.272s] -- Installing: /home/nvidia/workspace/alan/src/AMR_ros2_slam_nav2/install/realsense2_camera/share/realsense2_camera/environment/library_path.dsv
[213.273s] -- Installing: /home/nvidia/workspace/alan/src/AMR_ros2_slam_nav2/install/realsense2_camera/share/ament_index/resource_index/package_run_dependencies/realsense2_camera
[213.273s] -- Installing: /home/nvidia/workspace/alan/src/AMR_ros2_slam_nav2/install/realsense2_camera/share/ament_index/resource_index/parent_prefix_path/realsense2_camera
[213.273s] -- Installing: /home/nvidia/workspace/alan/src/AMR_ros2_slam_nav2/install/realsense2_camera/share/realsense2_camera/environment/ament_prefix_path.sh
[213.274s] -- Installing: /home/nvidia/workspace/alan/src/AMR_ros2_slam_nav2/install/realsense2_camera/share/realsense2_camera/environment/ament_prefix_path.dsv
[213.274s] -- Installing: /home/nvidia/workspace/alan/src/AMR_ros2_slam_nav2/install/realsense2_camera/share/realsense2_camera/environment/path.sh
[213.275s] -- Installing: /home/nvidia/workspace/alan/src/AMR_ros2_slam_nav2/install/realsense2_camera/share/realsense2_camera/environment/path.dsv
[213.275s] -- Installing: /home/nvidia/workspace/alan/src/AMR_ros2_slam_nav2/install/realsense2_camera/share/realsense2_camera/local_setup.bash
[213.275s] -- Installing: /home/nvidia/workspace/alan/src/AMR_ros2_slam_nav2/install/realsense2_camera/share/realsense2_camera/local_setup.sh
[213.276s] -- Installing: /home/nvidia/workspace/alan/src/AMR_ros2_slam_nav2/install/realsense2_camera/share/realsense2_camera/local_setup.zsh
[213.276s] -- Installing: /home/nvidia/workspace/alan/src/AMR_ros2_slam_nav2/install/realsense2_camera/share/realsense2_camera/local_setup.dsv
[213.277s] -- Installing: /home/nvidia/workspace/alan/src/AMR_ros2_slam_nav2/install/realsense2_camera/share/realsense2_camera/package.dsv
[213.277s] -- Installing: /home/nvidia/workspace/alan/src/AMR_ros2_slam_nav2/install/realsense2_camera/share/ament_index/resource_index/packages/realsense2_camera
[213.278s] -- Installing: /home/nvidia/workspace/alan/src/AMR_ros2_slam_nav2/install/realsense2_camera/share/ament_index/resource_index/rclcpp_components/realsense2_camera
[213.279s] -- Installing: /home/nvidia/workspace/alan/src/AMR_ros2_slam_nav2/install/realsense2_camera/share/realsense2_camera/cmake/ament_cmake_export_include_directories-extras.cmake
[213.280s] -- Installing: /home/nvidia/workspace/alan/src/AMR_ros2_slam_nav2/install/realsense2_camera/share/realsense2_camera/cmake/ament_cmake_export_libraries-extras.cmake
[213.281s] -- Installing: /home/nvidia/workspace/alan/src/AMR_ros2_slam_nav2/install/realsense2_camera/share/realsense2_camera/cmake/ament_cmake_export_dependencies-extras.cmake
[213.282s] -- Installing: /home/nvidia/workspace/alan/src/AMR_ros2_slam_nav2/install/realsense2_camera/share/realsense2_camera/cmake/realsense2_cameraConfig.cmake
[213.282s] -- Installing: /home/nvidia/workspace/alan/src/AMR_ros2_slam_nav2/install/realsense2_camera/share/realsense2_camera/cmake/realsense2_cameraConfig-version.cmake
[213.283s] -- Installing: /home/nvidia/workspace/alan/src/AMR_ros2_slam_nav2/install/realsense2_camera/share/realsense2_camera/package.xml
[213.297s] Invoked command in '/home/nvidia/workspace/alan/src/AMR_ros2_slam_nav2/build/realsense2_camera' returned '0': AMENT_PREFIX_PATH=/home/nvidia/workspace/alan/src/AMR_ros2_slam_nav2/install/realsense2_camera_msgs:/home/nvidia/workspace/alan/src/AMR_ros2_slam_nav2/install/image_transport:/home/nvidia/workspace/alan/src/AMR_ros2_slam_nav2/install/diagnostic_updater:/home/nvidia/workspace/alan/src/AMR_ros2_slam_nav2/install/cv_bridge:${AMENT_PREFIX_PATH} CMAKE_PREFIX_PATH=/home/nvidia/workspace/alan/src/AMR_ros2_slam_nav2/install/realsense2_camera_msgs:/home/nvidia/workspace/alan/src/AMR_ros2_slam_nav2/install/image_transport:/home/nvidia/workspace/alan/src/AMR_ros2_slam_nav2/install/diagnostic_updater:/home/nvidia/workspace/alan/src/AMR_ros2_slam_nav2/install/cv_bridge:${CMAKE_PREFIX_PATH} LD_LIBRARY_PATH=/home/nvidia/workspace/alan/src/AMR_ros2_slam_nav2/install/realsense2_camera_msgs/lib:/home/nvidia/workspace/alan/src/AMR_ros2_slam_nav2/install/image_transport/lib:/home/nvidia/workspace/alan/src/AMR_ros2_slam_nav2/install/cv_bridge/lib:/home/workspace/ros2/install/opt/yaml_cpp_vendor/lib:/home/workspace/ros2/install/opt/rviz_ogre_vendor/lib:/home/workspace/ros2/install/lib:/usr/local/cuda-10.2/lib64 PYTHONPATH=/home/nvidia/workspace/alan/src/AMR_ros2_slam_nav2/install/realsense2_camera_msgs/lib/python3.6/site-packages:/home/nvidia/workspace/alan/src/AMR_ros2_slam_nav2/install/diagnostic_updater/lib/python3.6/site-packages:/home/nvidia/workspace/alan/src/AMR_ros2_slam_nav2/install/cv_bridge/lib/python3.6/site-packages:/home/workspace/ros2/install/lib/python3.6/site-packages:/usr/local/lib:/usr/local/cuda/bin /usr/local/bin/cmake --install /home/nvidia/workspace/alan/src/AMR_ros2_slam_nav2/build/realsense2_camera
