[0.071s] Invoking command in '/home/nvidia/workspace/alan/src/AMR_ros2_slam_nav2/build/turtlebot3_description': /usr/local/bin/cmake /home/nvidia/workspace/alan/src/AMR_ros2_slam_nav2/turtlebot3_description -DCMAKE_INSTALL_PREFIX=/home/nvidia/workspace/alan/src/AMR_ros2_slam_nav2/install/turtlebot3_description
[0.382s] -- The C compiler identification is GNU 7.5.0
[0.707s] -- The CXX compiler identification is GNU 7.5.0
[0.766s] -- Check for working C compiler: /usr/bin/cc
[0.966s] -- Check for working C compiler: /usr/bin/cc -- works
[0.978s] -- Detecting C compiler ABI info
[1.203s] -- Detecting C compiler ABI info - done
[1.363s] -- Detecting C compile features
[1.368s] -- Detecting C compile features - done
[1.399s] -- Check for working CXX compiler: /usr/bin/c++
[1.621s] -- Check for working CXX compiler: /usr/bin/c++ -- works
[1.632s] -- Detecting CXX compiler ABI info
[1.867s] -- Detecting CXX compiler ABI info - done
[2.063s] -- Detecting CXX compile features
[2.070s] -- Detecting CXX compile features - done
[2.084s] -- Found ament_cmake: 0.9.9 (/home/workspace/ros2/install/share/ament_cmake/cmake)
[2.195s] -- Found PythonInterp: /usr/bin/python3 (found suitable version "3.6.9", minimum required is "3") 
[2.196s] -- Using PYTHON_EXECUTABLE: /usr/bin/python3
[3.131s] -- Found urdf: 2.4.0 (/home/workspace/ros2/install/share/urdf/cmake)
[3.801s] -- Configuring done
[3.821s] -- Generating done
[3.831s] -- Build files have been written to: /home/nvidia/workspace/alan/src/AMR_ros2_slam_nav2/build/turtlebot3_description
[3.856s] Invoked command in '/home/nvidia/workspace/alan/src/AMR_ros2_slam_nav2/build/turtlebot3_description' returned '0': /usr/local/bin/cmake /home/nvidia/workspace/alan/src/AMR_ros2_slam_nav2/turtlebot3_description -DCMAKE_INSTALL_PREFIX=/home/nvidia/workspace/alan/src/AMR_ros2_slam_nav2/install/turtlebot3_description
[3.858s] Invoking command in '/home/nvidia/workspace/alan/src/AMR_ros2_slam_nav2/build/turtlebot3_description': /usr/local/bin/cmake --build /home/nvidia/workspace/alan/src/AMR_ros2_slam_nav2/build/turtlebot3_description -- -j8 -l8
[3.954s] Invoked command in '/home/nvidia/workspace/alan/src/AMR_ros2_slam_nav2/build/turtlebot3_description' returned '0': /usr/local/bin/cmake --build /home/nvidia/workspace/alan/src/AMR_ros2_slam_nav2/build/turtlebot3_description -- -j8 -l8
[4.038s] Invoking command in '/home/nvidia/workspace/alan/src/AMR_ros2_slam_nav2/build/turtlebot3_description': /usr/local/bin/cmake --install /home/nvidia/workspace/alan/src/AMR_ros2_slam_nav2/build/turtlebot3_description
[4.064s] -- Install configuration: ""
[4.068s] -- Installing: /home/nvidia/workspace/alan/src/AMR_ros2_slam_nav2/install/turtlebot3_description/share/turtlebot3_description/meshes
[4.070s] -- Installing: /home/nvidia/workspace/alan/src/AMR_ros2_slam_nav2/install/turtlebot3_description/share/turtlebot3_description/meshes/bases
[4.071s] -- Installing: /home/nvidia/workspace/alan/src/AMR_ros2_slam_nav2/install/turtlebot3_description/share/turtlebot3_description/meshes/bases/waffle_pi_base.stl
[4.107s] -- Installing: /home/nvidia/workspace/alan/src/AMR_ros2_slam_nav2/install/turtlebot3_description/share/turtlebot3_description/meshes/bases/waffle_base.stl
[4.165s] -- Installing: /home/nvidia/workspace/alan/src/AMR_ros2_slam_nav2/install/turtlebot3_description/share/turtlebot3_description/meshes/bases/burger_base.stl
[4.183s] -- Installing: /home/nvidia/workspace/alan/src/AMR_ros2_slam_nav2/install/turtlebot3_description/share/turtlebot3_description/meshes/sensors
[4.183s] -- Installing: /home/nvidia/workspace/alan/src/AMR_ros2_slam_nav2/install/turtlebot3_description/share/turtlebot3_description/meshes/sensors/lds.stl
[4.186s] -- Installing: /home/nvidia/workspace/alan/src/AMR_ros2_slam_nav2/install/turtlebot3_description/share/turtlebot3_description/meshes/sensors/astra.jpg
[4.187s] -- Installing: /home/nvidia/workspace/alan/src/AMR_ros2_slam_nav2/install/turtlebot3_description/share/turtlebot3_description/meshes/sensors/astra.dae
[4.217s] -- Installing: /home/nvidia/workspace/alan/src/AMR_ros2_slam_nav2/install/turtlebot3_description/share/turtlebot3_description/meshes/sensors/r200.dae
[4.219s] -- Installing: /home/nvidia/workspace/alan/src/AMR_ros2_slam_nav2/install/turtlebot3_description/share/turtlebot3_description/meshes/sensors/r200.jpg
[4.219s] -- Installing: /home/nvidia/workspace/alan/src/AMR_ros2_slam_nav2/install/turtlebot3_description/share/turtlebot3_description/meshes/wheels
[4.220s] -- Installing: /home/nvidia/workspace/alan/src/AMR_ros2_slam_nav2/install/turtlebot3_description/share/turtlebot3_description/meshes/wheels/left_tire.stl
[4.222s] -- Installing: /home/nvidia/workspace/alan/src/AMR_ros2_slam_nav2/install/turtlebot3_description/share/turtlebot3_description/meshes/wheels/right_tire.stl
[4.227s] -- Installing: /home/nvidia/workspace/alan/src/AMR_ros2_slam_nav2/install/turtlebot3_description/share/turtlebot3_description/rviz
[4.228s] -- Installing: /home/nvidia/workspace/alan/src/AMR_ros2_slam_nav2/install/turtlebot3_description/share/turtlebot3_description/rviz/model.rviz
[4.229s] -- Installing: /home/nvidia/workspace/alan/src/AMR_ros2_slam_nav2/install/turtlebot3_description/share/turtlebot3_description/urdf
[4.230s] -- Installing: /home/nvidia/workspace/alan/src/AMR_ros2_slam_nav2/install/turtlebot3_description/share/turtlebot3_description/urdf/turtlebot3_burger.urdf
[4.230s] -- Installing: /home/nvidia/workspace/alan/src/AMR_ros2_slam_nav2/install/turtlebot3_description/share/turtlebot3_description/urdf/turtlebot3_waffle.urdf
[4.231s] -- Installing: /home/nvidia/workspace/alan/src/AMR_ros2_slam_nav2/install/turtlebot3_description/share/turtlebot3_description/urdf/turtlebot3_waffle_pi.urdf
[4.231s] -- Installing: /home/nvidia/workspace/alan/src/AMR_ros2_slam_nav2/install/turtlebot3_description/share/turtlebot3_description/urdf/common_properties.urdf
[4.232s] -- Installing: /home/nvidia/workspace/alan/src/AMR_ros2_slam_nav2/install/turtlebot3_description/share/ament_index/resource_index/package_run_dependencies/turtlebot3_description
[4.233s] -- Installing: /home/nvidia/workspace/alan/src/AMR_ros2_slam_nav2/install/turtlebot3_description/share/ament_index/resource_index/parent_prefix_path/turtlebot3_description
[4.234s] -- Installing: /home/nvidia/workspace/alan/src/AMR_ros2_slam_nav2/install/turtlebot3_description/share/turtlebot3_description/environment/ament_prefix_path.sh
[4.234s] -- Installing: /home/nvidia/workspace/alan/src/AMR_ros2_slam_nav2/install/turtlebot3_description/share/turtlebot3_description/environment/ament_prefix_path.dsv
[4.235s] -- Installing: /home/nvidia/workspace/alan/src/AMR_ros2_slam_nav2/install/turtlebot3_description/share/turtlebot3_description/environment/path.sh
[4.235s] -- Installing: /home/nvidia/workspace/alan/src/AMR_ros2_slam_nav2/install/turtlebot3_description/share/turtlebot3_description/environment/path.dsv
[4.236s] -- Installing: /home/nvidia/workspace/alan/src/AMR_ros2_slam_nav2/install/turtlebot3_description/share/turtlebot3_description/local_setup.bash
[4.236s] -- Installing: /home/nvidia/workspace/alan/src/AMR_ros2_slam_nav2/install/turtlebot3_description/share/turtlebot3_description/local_setup.sh
[4.237s] -- Installing: /home/nvidia/workspace/alan/src/AMR_ros2_slam_nav2/install/turtlebot3_description/share/turtlebot3_description/local_setup.zsh
[4.238s] -- Installing: /home/nvidia/workspace/alan/src/AMR_ros2_slam_nav2/install/turtlebot3_description/share/turtlebot3_description/local_setup.dsv
[4.239s] -- Installing: /home/nvidia/workspace/alan/src/AMR_ros2_slam_nav2/install/turtlebot3_description/share/turtlebot3_description/package.dsv
[4.240s] -- Installing: /home/nvidia/workspace/alan/src/AMR_ros2_slam_nav2/install/turtlebot3_description/share/ament_index/resource_index/packages/turtlebot3_description
[4.241s] -- Installing: /home/nvidia/workspace/alan/src/AMR_ros2_slam_nav2/install/turtlebot3_description/share/turtlebot3_description/cmake/turtlebot3_descriptionConfig.cmake
[4.242s] -- Installing: /home/nvidia/workspace/alan/src/AMR_ros2_slam_nav2/install/turtlebot3_description/share/turtlebot3_description/cmake/turtlebot3_descriptionConfig-version.cmake
[4.243s] -- Installing: /home/nvidia/workspace/alan/src/AMR_ros2_slam_nav2/install/turtlebot3_description/share/turtlebot3_description/package.xml
[4.262s] Invoked command in '/home/nvidia/workspace/alan/src/AMR_ros2_slam_nav2/build/turtlebot3_description' returned '0': /usr/local/bin/cmake --install /home/nvidia/workspace/alan/src/AMR_ros2_slam_nav2/build/turtlebot3_description
