[0.237s] Invoking command in '/home/nvidia/workspace/alan/src/AMR_ros2_slam_nav2/build/nav_2d_utils': AMENT_PREFIX_PATH=/home/nvidia/workspace/alan/src/AMR_ros2_slam_nav2/install/nav2_util:/home/nvidia/workspace/alan/src/AMR_ros2_slam_nav2/install/nav2_msgs:/home/nvidia/workspace/alan/src/AMR_ros2_slam_nav2/install/nav_2d_msgs:/home/nvidia/workspace/alan/src/AMR_ros2_slam_nav2/install/nav2_common:${AMENT_PREFIX_PATH} CMAKE_PREFIX_PATH=/home/nvidia/workspace/alan/src/AMR_ros2_slam_nav2/install/nav2_util:/home/nvidia/workspace/alan/src/AMR_ros2_slam_nav2/install/nav2_msgs:/home/nvidia/workspace/alan/src/AMR_ros2_slam_nav2/install/nav_2d_msgs:/home/nvidia/workspace/alan/src/AMR_ros2_slam_nav2/install/nav2_common:${CMAKE_PREFIX_PATH} LD_LIBRARY_PATH=/home/nvidia/workspace/alan/src/AMR_ros2_slam_nav2/install/nav2_util/lib:/home/nvidia/workspace/alan/src/AMR_ros2_slam_nav2/install/nav2_msgs/lib:/home/nvidia/workspace/alan/src/AMR_ros2_slam_nav2/install/nav_2d_msgs/lib:/home/workspace/ros2/install/opt/yaml_cpp_vendor/lib:/home/workspace/ros2/install/opt/rviz_ogre_vendor/lib:/home/workspace/ros2/install/lib:/usr/local/cuda-10.2/lib64 PYTHONPATH=/home/nvidia/workspace/alan/src/AMR_ros2_slam_nav2/install/nav2_msgs/lib/python3.6/site-packages:/home/nvidia/workspace/alan/src/AMR_ros2_slam_nav2/install/nav_2d_msgs/lib/python3.6/site-packages:/home/nvidia/workspace/alan/src/AMR_ros2_slam_nav2/install/nav2_common/lib/python3.6/site-packages:/home/workspace/ros2/install/lib/python3.6/site-packages:/usr/local/lib:/usr/local/cuda/bin /usr/local/bin/cmake /home/nvidia/workspace/alan/src/AMR_ros2_slam_nav2/navigation2/nav2_dwb_controller/nav_2d_utils -DCMAKE_INSTALL_PREFIX=/home/nvidia/workspace/alan/src/AMR_ros2_slam_nav2/install/nav_2d_utils
[0.515s] -- The C compiler identification is GNU 7.5.0
[0.802s] -- The CXX compiler identification is GNU 7.5.0
[0.863s] -- Check for working C compiler: /usr/bin/cc
[1.057s] -- Check for working C compiler: /usr/bin/cc -- works
[1.068s] -- Detecting C compiler ABI info
[1.293s] -- Detecting C compiler ABI info - done
[1.488s] -- Detecting C compile features
[1.494s] -- Detecting C compile features - done
[1.528s] -- Check for working CXX compiler: /usr/bin/c++
[1.769s] -- Check for working CXX compiler: /usr/bin/c++ -- works
[1.783s] -- Detecting CXX compiler ABI info
[2.015s] -- Detecting CXX compiler ABI info - done
[2.231s] -- Detecting CXX compile features
[2.238s] -- Detecting CXX compile features - done
[2.257s] -- Found ament_cmake: 0.9.9 (/home/workspace/ros2/install/share/ament_cmake/cmake)
[2.384s] -- Found PythonInterp: /usr/bin/python3 (found suitable version "3.6.9", minimum required is "3") 
[2.385s] -- Using PYTHON_EXECUTABLE: /usr/bin/python3
[3.419s] -- Found nav2_common: 0.4.7 (/home/nvidia/workspace/alan/src/AMR_ros2_slam_nav2/install/nav2_common/share/nav2_common/cmake)
[3.426s] -- Found geometry_msgs: 2.0.4 (/home/workspace/ros2/install/share/geometry_msgs/cmake)
[3.676s] -- Using all available rosidl_typesupport_c: rosidl_typesupport_fastrtps_c;rosidl_typesupport_introspection_c
[3.747s] -- Found rosidl_adapter: 1.2.1 (/home/workspace/ros2/install/share/rosidl_adapter/cmake)
[4.131s] -- Found OpenSSL: /usr/lib/aarch64-linux-gnu/libcrypto.so (found version "1.1.1")  
[4.261s] -- Found FastRTPS: /home/workspace/ros2/install/include  
[4.894s] -- Using all available rosidl_typesupport_cpp: rosidl_typesupport_fastrtps_cpp;rosidl_typesupport_introspection_cpp
[5.894s] -- Found nav_2d_msgs: 0.4.7 (/home/nvidia/workspace/alan/src/AMR_ros2_slam_nav2/install/nav_2d_msgs/share/nav_2d_msgs/cmake)
[6.605s] -- Found nav_msgs: 2.0.4 (/home/workspace/ros2/install/share/nav_msgs/cmake)
[7.351s] -- Found rclcpp: 2.4.0 (/home/workspace/ros2/install/share/rclcpp/cmake)
[7.766s] -- Found rmw_implementation_cmake: 1.0.3 (/home/workspace/ros2/install/share/rmw_implementation_cmake/cmake)
[7.786s] -- Using RMW implementation 'rmw_fastrtps_cpp' as default
[7.794s] -- Looking for pthread.h
[8.010s] -- Looking for pthread.h - found
[8.013s] -- Performing Test CMAKE_HAVE_LIBC_PTHREAD
[8.229s] -- Performing Test CMAKE_HAVE_LIBC_PTHREAD - Failed
[8.233s] -- Looking for pthread_create in pthreads
[8.415s] -- Looking for pthread_create in pthreads - not found
[8.419s] -- Looking for pthread_create in pthread
[8.635s] -- Looking for pthread_create in pthread - found
[8.645s] -- Found Threads: TRUE  
[10.139s] -- Found tf2: 0.13.12 (/home/workspace/ros2/install/share/tf2/cmake)
[10.248s] -- Found tf2_geometry_msgs: 0.13.12 (/home/workspace/ros2/install/share/tf2_geometry_msgs/cmake)
[10.314s] -- Found eigen3_cmake_module: 0.1.1 (/home/workspace/ros2/install/share/eigen3_cmake_module/cmake)
[10.332s] -- Found Eigen3: TRUE (found version "3.3.4") 
[14.132s] -- Found nav2_msgs: 0.4.7 (/home/nvidia/workspace/alan/src/AMR_ros2_slam_nav2/install/nav2_msgs/share/nav2_msgs/cmake)
[16.059s] -- Found nav2_util: 0.4.7 (/home/nvidia/workspace/alan/src/AMR_ros2_slam_nav2/install/nav2_util/share/nav2_util/cmake)
[17.667s] -- Setting build type to Release as none was specified.
[19.962s] -- Found ament_lint_auto: 0.9.6 (/home/workspace/ros2/install/share/ament_lint_auto/cmake)
[20.668s] -- Added test 'cppcheck' to perform static code analysis on C / C++ code
[20.676s] -- Configured cppcheck include dirs: /home/nvidia/workspace/alan/src/AMR_ros2_slam_nav2/navigation2/nav2_dwb_controller/nav_2d_utils/include
[20.677s] -- Configured cppcheck exclude dirs and/or files: 
[20.687s] -- Added test 'cpplint' to check C / C++ code against the Google style
[20.687s] -- Configured cpplint exclude dirs and/or files: 
[20.696s] -- Added test 'lint_cmake' to check CMake code style
[20.707s] -- Added test 'uncrustify' to check C / C++ code style
[20.708s] -- Configured uncrustify additional arguments: 
[20.715s] -- Added test 'xmllint' to check XML markup files
[20.752s] -- Configuring done
[21.289s] -- Generating done
[21.304s] -- Build files have been written to: /home/nvidia/workspace/alan/src/AMR_ros2_slam_nav2/build/nav_2d_utils
[21.348s] Invoked command in '/home/nvidia/workspace/alan/src/AMR_ros2_slam_nav2/build/nav_2d_utils' returned '0': AMENT_PREFIX_PATH=/home/nvidia/workspace/alan/src/AMR_ros2_slam_nav2/install/nav2_util:/home/nvidia/workspace/alan/src/AMR_ros2_slam_nav2/install/nav2_msgs:/home/nvidia/workspace/alan/src/AMR_ros2_slam_nav2/install/nav_2d_msgs:/home/nvidia/workspace/alan/src/AMR_ros2_slam_nav2/install/nav2_common:${AMENT_PREFIX_PATH} CMAKE_PREFIX_PATH=/home/nvidia/workspace/alan/src/AMR_ros2_slam_nav2/install/nav2_util:/home/nvidia/workspace/alan/src/AMR_ros2_slam_nav2/install/nav2_msgs:/home/nvidia/workspace/alan/src/AMR_ros2_slam_nav2/install/nav_2d_msgs:/home/nvidia/workspace/alan/src/AMR_ros2_slam_nav2/install/nav2_common:${CMAKE_PREFIX_PATH} LD_LIBRARY_PATH=/home/nvidia/workspace/alan/src/AMR_ros2_slam_nav2/install/nav2_util/lib:/home/nvidia/workspace/alan/src/AMR_ros2_slam_nav2/install/nav2_msgs/lib:/home/nvidia/workspace/alan/src/AMR_ros2_slam_nav2/install/nav_2d_msgs/lib:/home/workspace/ros2/install/opt/yaml_cpp_vendor/lib:/home/workspace/ros2/install/opt/rviz_ogre_vendor/lib:/home/workspace/ros2/install/lib:/usr/local/cuda-10.2/lib64 PYTHONPATH=/home/nvidia/workspace/alan/src/AMR_ros2_slam_nav2/install/nav2_msgs/lib/python3.6/site-packages:/home/nvidia/workspace/alan/src/AMR_ros2_slam_nav2/install/nav_2d_msgs/lib/python3.6/site-packages:/home/nvidia/workspace/alan/src/AMR_ros2_slam_nav2/install/nav2_common/lib/python3.6/site-packages:/home/workspace/ros2/install/lib/python3.6/site-packages:/usr/local/lib:/usr/local/cuda/bin /usr/local/bin/cmake /home/nvidia/workspace/alan/src/AMR_ros2_slam_nav2/navigation2/nav2_dwb_controller/nav_2d_utils -DCMAKE_INSTALL_PREFIX=/home/nvidia/workspace/alan/src/AMR_ros2_slam_nav2/install/nav_2d_utils
[21.364s] Invoking command in '/home/nvidia/workspace/alan/src/AMR_ros2_slam_nav2/build/nav_2d_utils': AMENT_PREFIX_PATH=/home/nvidia/workspace/alan/src/AMR_ros2_slam_nav2/install/nav2_util:/home/nvidia/workspace/alan/src/AMR_ros2_slam_nav2/install/nav2_msgs:/home/nvidia/workspace/alan/src/AMR_ros2_slam_nav2/install/nav_2d_msgs:/home/nvidia/workspace/alan/src/AMR_ros2_slam_nav2/install/nav2_common:${AMENT_PREFIX_PATH} CMAKE_PREFIX_PATH=/home/nvidia/workspace/alan/src/AMR_ros2_slam_nav2/install/nav2_util:/home/nvidia/workspace/alan/src/AMR_ros2_slam_nav2/install/nav2_msgs:/home/nvidia/workspace/alan/src/AMR_ros2_slam_nav2/install/nav_2d_msgs:/home/nvidia/workspace/alan/src/AMR_ros2_slam_nav2/install/nav2_common:${CMAKE_PREFIX_PATH} LD_LIBRARY_PATH=/home/nvidia/workspace/alan/src/AMR_ros2_slam_nav2/install/nav2_util/lib:/home/nvidia/workspace/alan/src/AMR_ros2_slam_nav2/install/nav2_msgs/lib:/home/nvidia/workspace/alan/src/AMR_ros2_slam_nav2/install/nav_2d_msgs/lib:/home/workspace/ros2/install/opt/yaml_cpp_vendor/lib:/home/workspace/ros2/install/opt/rviz_ogre_vendor/lib:/home/workspace/ros2/install/lib:/usr/local/cuda-10.2/lib64 PYTHONPATH=/home/nvidia/workspace/alan/src/AMR_ros2_slam_nav2/install/nav2_msgs/lib/python3.6/site-packages:/home/nvidia/workspace/alan/src/AMR_ros2_slam_nav2/install/nav_2d_msgs/lib/python3.6/site-packages:/home/nvidia/workspace/alan/src/AMR_ros2_slam_nav2/install/nav2_common/lib/python3.6/site-packages:/home/workspace/ros2/install/lib/python3.6/site-packages:/usr/local/lib:/usr/local/cuda/bin /usr/local/bin/cmake --build /home/nvidia/workspace/alan/src/AMR_ros2_slam_nav2/build/nav_2d_utils -- -j8 -l8
[21.479s] [35m[1mScanning dependencies of target conversions[0m
[21.735s] [ 16%] [32mBuilding CXX object CMakeFiles/conversions.dir/src/conversions.cpp.o[0m
[29.098s] [ 33%] [32m[1mLinking CXX shared library libconversions.so[0m
[30.404s] [ 33%] Built target conversions
[30.424s] [35m[1mScanning dependencies of target path_ops[0m
[30.458s] [ 50%] [32mBuilding CXX object CMakeFiles/path_ops.dir/src/path_ops.cpp.o[0m
[31.619s] [ 66%] [32m[1mLinking CXX shared library libpath_ops.so[0m
[34.130s] [ 66%] Built target path_ops
[34.151s] [35m[1mScanning dependencies of target tf_help[0m
[34.395s] [ 83%] [32mBuilding CXX object CMakeFiles/tf_help.dir/src/tf_help.cpp.o[0m
[41.744s] [100%] [32m[1mLinking CXX shared library libtf_help.so[0m
[43.033s] [100%] Built target tf_help
[43.053s] Invoked command in '/home/nvidia/workspace/alan/src/AMR_ros2_slam_nav2/build/nav_2d_utils' returned '0': AMENT_PREFIX_PATH=/home/nvidia/workspace/alan/src/AMR_ros2_slam_nav2/install/nav2_util:/home/nvidia/workspace/alan/src/AMR_ros2_slam_nav2/install/nav2_msgs:/home/nvidia/workspace/alan/src/AMR_ros2_slam_nav2/install/nav_2d_msgs:/home/nvidia/workspace/alan/src/AMR_ros2_slam_nav2/install/nav2_common:${AMENT_PREFIX_PATH} CMAKE_PREFIX_PATH=/home/nvidia/workspace/alan/src/AMR_ros2_slam_nav2/install/nav2_util:/home/nvidia/workspace/alan/src/AMR_ros2_slam_nav2/install/nav2_msgs:/home/nvidia/workspace/alan/src/AMR_ros2_slam_nav2/install/nav_2d_msgs:/home/nvidia/workspace/alan/src/AMR_ros2_slam_nav2/install/nav2_common:${CMAKE_PREFIX_PATH} LD_LIBRARY_PATH=/home/nvidia/workspace/alan/src/AMR_ros2_slam_nav2/install/nav2_util/lib:/home/nvidia/workspace/alan/src/AMR_ros2_slam_nav2/install/nav2_msgs/lib:/home/nvidia/workspace/alan/src/AMR_ros2_slam_nav2/install/nav_2d_msgs/lib:/home/workspace/ros2/install/opt/yaml_cpp_vendor/lib:/home/workspace/ros2/install/opt/rviz_ogre_vendor/lib:/home/workspace/ros2/install/lib:/usr/local/cuda-10.2/lib64 PYTHONPATH=/home/nvidia/workspace/alan/src/AMR_ros2_slam_nav2/install/nav2_msgs/lib/python3.6/site-packages:/home/nvidia/workspace/alan/src/AMR_ros2_slam_nav2/install/nav_2d_msgs/lib/python3.6/site-packages:/home/nvidia/workspace/alan/src/AMR_ros2_slam_nav2/install/nav2_common/lib/python3.6/site-packages:/home/workspace/ros2/install/lib/python3.6/site-packages:/usr/local/lib:/usr/local/cuda/bin /usr/local/bin/cmake --build /home/nvidia/workspace/alan/src/AMR_ros2_slam_nav2/build/nav_2d_utils -- -j8 -l8
[43.153s] Invoking command in '/home/nvidia/workspace/alan/src/AMR_ros2_slam_nav2/build/nav_2d_utils': AMENT_PREFIX_PATH=/home/nvidia/workspace/alan/src/AMR_ros2_slam_nav2/install/nav2_util:/home/nvidia/workspace/alan/src/AMR_ros2_slam_nav2/install/nav2_msgs:/home/nvidia/workspace/alan/src/AMR_ros2_slam_nav2/install/nav_2d_msgs:/home/nvidia/workspace/alan/src/AMR_ros2_slam_nav2/install/nav2_common:${AMENT_PREFIX_PATH} CMAKE_PREFIX_PATH=/home/nvidia/workspace/alan/src/AMR_ros2_slam_nav2/install/nav2_util:/home/nvidia/workspace/alan/src/AMR_ros2_slam_nav2/install/nav2_msgs:/home/nvidia/workspace/alan/src/AMR_ros2_slam_nav2/install/nav_2d_msgs:/home/nvidia/workspace/alan/src/AMR_ros2_slam_nav2/install/nav2_common:${CMAKE_PREFIX_PATH} LD_LIBRARY_PATH=/home/nvidia/workspace/alan/src/AMR_ros2_slam_nav2/install/nav2_util/lib:/home/nvidia/workspace/alan/src/AMR_ros2_slam_nav2/install/nav2_msgs/lib:/home/nvidia/workspace/alan/src/AMR_ros2_slam_nav2/install/nav_2d_msgs/lib:/home/workspace/ros2/install/opt/yaml_cpp_vendor/lib:/home/workspace/ros2/install/opt/rviz_ogre_vendor/lib:/home/workspace/ros2/install/lib:/usr/local/cuda-10.2/lib64 PYTHONPATH=/home/nvidia/workspace/alan/src/AMR_ros2_slam_nav2/install/nav2_msgs/lib/python3.6/site-packages:/home/nvidia/workspace/alan/src/AMR_ros2_slam_nav2/install/nav_2d_msgs/lib/python3.6/site-packages:/home/nvidia/workspace/alan/src/AMR_ros2_slam_nav2/install/nav2_common/lib/python3.6/site-packages:/home/workspace/ros2/install/lib/python3.6/site-packages:/usr/local/lib:/usr/local/cuda/bin /usr/local/bin/cmake --install /home/nvidia/workspace/alan/src/AMR_ros2_slam_nav2/build/nav_2d_utils
[43.192s] -- Install configuration: "Release"
[43.197s] -- Installing: /home/nvidia/workspace/alan/src/AMR_ros2_slam_nav2/install/nav_2d_utils/lib/libconversions.so
[43.201s] -- Set runtime path of "/home/nvidia/workspace/alan/src/AMR_ros2_slam_nav2/install/nav_2d_utils/lib/libconversions.so" to ""
[43.203s] -- Installing: /home/nvidia/workspace/alan/src/AMR_ros2_slam_nav2/install/nav_2d_utils/lib/libpath_ops.so
[43.207s] -- Set runtime path of "/home/nvidia/workspace/alan/src/AMR_ros2_slam_nav2/install/nav_2d_utils/lib/libpath_ops.so" to ""
[43.209s] -- Installing: /home/nvidia/workspace/alan/src/AMR_ros2_slam_nav2/install/nav_2d_utils/lib/libtf_help.so
[43.213s] -- Set runtime path of "/home/nvidia/workspace/alan/src/AMR_ros2_slam_nav2/install/nav_2d_utils/lib/libtf_help.so" to ""
[43.216s] -- Installing: /home/nvidia/workspace/alan/src/AMR_ros2_slam_nav2/install/nav_2d_utils/include/
[43.217s] -- Installing: /home/nvidia/workspace/alan/src/AMR_ros2_slam_nav2/install/nav_2d_utils/include//nav_2d_utils
[43.219s] -- Installing: /home/nvidia/workspace/alan/src/AMR_ros2_slam_nav2/install/nav_2d_utils/include//nav_2d_utils/conversions.hpp
[43.220s] -- Installing: /home/nvidia/workspace/alan/src/AMR_ros2_slam_nav2/install/nav_2d_utils/include//nav_2d_utils/odom_subscriber.hpp
[43.222s] -- Installing: /home/nvidia/workspace/alan/src/AMR_ros2_slam_nav2/install/nav_2d_utils/include//nav_2d_utils/path_ops.hpp
[43.223s] -- Installing: /home/nvidia/workspace/alan/src/AMR_ros2_slam_nav2/install/nav_2d_utils/include//nav_2d_utils/tf_help.hpp
[43.225s] -- Installing: /home/nvidia/workspace/alan/src/AMR_ros2_slam_nav2/install/nav_2d_utils/include//nav_2d_utils/parameters.hpp
[43.227s] -- Installing: /home/nvidia/workspace/alan/src/AMR_ros2_slam_nav2/install/nav_2d_utils/share/nav_2d_utils/environment/library_path.sh
[43.230s] -- Installing: /home/nvidia/workspace/alan/src/AMR_ros2_slam_nav2/install/nav_2d_utils/share/nav_2d_utils/environment/library_path.dsv
[43.233s] -- Installing: /home/nvidia/workspace/alan/src/AMR_ros2_slam_nav2/install/nav_2d_utils/share/ament_index/resource_index/package_run_dependencies/nav_2d_utils
[43.236s] -- Installing: /home/nvidia/workspace/alan/src/AMR_ros2_slam_nav2/install/nav_2d_utils/share/ament_index/resource_index/parent_prefix_path/nav_2d_utils
[43.239s] -- Installing: /home/nvidia/workspace/alan/src/AMR_ros2_slam_nav2/install/nav_2d_utils/share/nav_2d_utils/environment/ament_prefix_path.sh
[43.242s] -- Installing: /home/nvidia/workspace/alan/src/AMR_ros2_slam_nav2/install/nav_2d_utils/share/nav_2d_utils/environment/ament_prefix_path.dsv
[43.244s] -- Installing: /home/nvidia/workspace/alan/src/AMR_ros2_slam_nav2/install/nav_2d_utils/share/nav_2d_utils/environment/path.sh
[43.246s] -- Installing: /home/nvidia/workspace/alan/src/AMR_ros2_slam_nav2/install/nav_2d_utils/share/nav_2d_utils/environment/path.dsv
[43.249s] -- Installing: /home/nvidia/workspace/alan/src/AMR_ros2_slam_nav2/install/nav_2d_utils/share/nav_2d_utils/local_setup.bash
[43.252s] -- Installing: /home/nvidia/workspace/alan/src/AMR_ros2_slam_nav2/install/nav_2d_utils/share/nav_2d_utils/local_setup.sh
[43.254s] -- Installing: /home/nvidia/workspace/alan/src/AMR_ros2_slam_nav2/install/nav_2d_utils/share/nav_2d_utils/local_setup.zsh
[43.257s] -- Installing: /home/nvidia/workspace/alan/src/AMR_ros2_slam_nav2/install/nav_2d_utils/share/nav_2d_utils/local_setup.dsv
[43.259s] -- Installing: /home/nvidia/workspace/alan/src/AMR_ros2_slam_nav2/install/nav_2d_utils/share/nav_2d_utils/package.dsv
[43.264s] -- Installing: /home/nvidia/workspace/alan/src/AMR_ros2_slam_nav2/install/nav_2d_utils/share/ament_index/resource_index/packages/nav_2d_utils
[43.267s] -- Installing: /home/nvidia/workspace/alan/src/AMR_ros2_slam_nav2/install/nav_2d_utils/share/nav_2d_utils/cmake/ament_cmake_export_include_directories-extras.cmake
[43.269s] -- Installing: /home/nvidia/workspace/alan/src/AMR_ros2_slam_nav2/install/nav_2d_utils/share/nav_2d_utils/cmake/ament_cmake_export_libraries-extras.cmake
[43.271s] -- Installing: /home/nvidia/workspace/alan/src/AMR_ros2_slam_nav2/install/nav_2d_utils/share/nav_2d_utils/cmake/ament_cmake_export_dependencies-extras.cmake
[43.273s] -- Installing: /home/nvidia/workspace/alan/src/AMR_ros2_slam_nav2/install/nav_2d_utils/share/nav_2d_utils/cmake/nav_2d_utilsConfig.cmake
[43.274s] -- Installing: /home/nvidia/workspace/alan/src/AMR_ros2_slam_nav2/install/nav_2d_utils/share/nav_2d_utils/cmake/nav_2d_utilsConfig-version.cmake
[43.276s] -- Installing: /home/nvidia/workspace/alan/src/AMR_ros2_slam_nav2/install/nav_2d_utils/share/nav_2d_utils/package.xml
[43.290s] Invoked command in '/home/nvidia/workspace/alan/src/AMR_ros2_slam_nav2/build/nav_2d_utils' returned '0': AMENT_PREFIX_PATH=/home/nvidia/workspace/alan/src/AMR_ros2_slam_nav2/install/nav2_util:/home/nvidia/workspace/alan/src/AMR_ros2_slam_nav2/install/nav2_msgs:/home/nvidia/workspace/alan/src/AMR_ros2_slam_nav2/install/nav_2d_msgs:/home/nvidia/workspace/alan/src/AMR_ros2_slam_nav2/install/nav2_common:${AMENT_PREFIX_PATH} CMAKE_PREFIX_PATH=/home/nvidia/workspace/alan/src/AMR_ros2_slam_nav2/install/nav2_util:/home/nvidia/workspace/alan/src/AMR_ros2_slam_nav2/install/nav2_msgs:/home/nvidia/workspace/alan/src/AMR_ros2_slam_nav2/install/nav_2d_msgs:/home/nvidia/workspace/alan/src/AMR_ros2_slam_nav2/install/nav2_common:${CMAKE_PREFIX_PATH} LD_LIBRARY_PATH=/home/nvidia/workspace/alan/src/AMR_ros2_slam_nav2/install/nav2_util/lib:/home/nvidia/workspace/alan/src/AMR_ros2_slam_nav2/install/nav2_msgs/lib:/home/nvidia/workspace/alan/src/AMR_ros2_slam_nav2/install/nav_2d_msgs/lib:/home/workspace/ros2/install/opt/yaml_cpp_vendor/lib:/home/workspace/ros2/install/opt/rviz_ogre_vendor/lib:/home/workspace/ros2/install/lib:/usr/local/cuda-10.2/lib64 PYTHONPATH=/home/nvidia/workspace/alan/src/AMR_ros2_slam_nav2/install/nav2_msgs/lib/python3.6/site-packages:/home/nvidia/workspace/alan/src/AMR_ros2_slam_nav2/install/nav_2d_msgs/lib/python3.6/site-packages:/home/nvidia/workspace/alan/src/AMR_ros2_slam_nav2/install/nav2_common/lib/python3.6/site-packages:/home/workspace/ros2/install/lib/python3.6/site-packages:/usr/local/lib:/usr/local/cuda/bin /usr/local/bin/cmake --install /home/nvidia/workspace/alan/src/AMR_ros2_slam_nav2/build/nav_2d_utils
