[0.093s] Invoking command in '/home/nvidia/workspace/alan/src/AMR_ros2_slam_nav2/build/image_common': AMENT_PREFIX_PATH=/home/nvidia/workspace/alan/src/AMR_ros2_slam_nav2/install/camera_info_manager:/home/nvidia/workspace/alan/src/AMR_ros2_slam_nav2/install/image_transport:/home/nvidia/workspace/alan/src/AMR_ros2_slam_nav2/install/camera_calibration_parsers:${AMENT_PREFIX_PATH} CMAKE_PREFIX_PATH=/home/nvidia/workspace/alan/src/AMR_ros2_slam_nav2/install/camera_info_manager:/home/nvidia/workspace/alan/src/AMR_ros2_slam_nav2/install/image_transport:/home/nvidia/workspace/alan/src/AMR_ros2_slam_nav2/install/camera_calibration_parsers:${CMAKE_PREFIX_PATH} LD_LIBRARY_PATH=/home/nvidia/workspace/alan/src/AMR_ros2_slam_nav2/install/camera_info_manager/lib:/home/nvidia/workspace/alan/src/AMR_ros2_slam_nav2/install/image_transport/lib:/home/nvidia/workspace/alan/src/AMR_ros2_slam_nav2/install/camera_calibration_parsers/lib:/home/workspace/ros2/install/opt/yaml_cpp_vendor/lib:/home/workspace/ros2/install/opt/rviz_ogre_vendor/lib:/home/workspace/ros2/install/lib:/usr/local/cuda-10.2/lib64 /usr/local/bin/cmake /home/nvidia/workspace/alan/src/AMR_ros2_slam_nav2/image_common/image_common -DCMAKE_INSTALL_PREFIX=/home/nvidia/workspace/alan/src/AMR_ros2_slam_nav2/install/image_common
[0.435s] -- The C compiler identification is GNU 7.5.0
[0.745s] -- The CXX compiler identification is GNU 7.5.0
[0.829s] -- Check for working C compiler: /usr/bin/cc
[1.057s] -- Check for working C compiler: /usr/bin/cc -- works
[1.072s] -- Detecting C compiler ABI info
[1.306s] -- Detecting C compiler ABI info - done
[1.506s] -- Detecting C compile features
[1.511s] -- Detecting C compile features - done
[1.548s] -- Check for working CXX compiler: /usr/bin/c++
[1.801s] -- Check for working CXX compiler: /usr/bin/c++ -- works
[1.836s] -- Detecting CXX compiler ABI info
[2.069s] -- Detecting CXX compiler ABI info - done
[2.231s] -- Detecting CXX compile features
[2.237s] -- Detecting CXX compile features - done
[2.253s] -- Found ament_cmake: 0.9.9 (/home/workspace/ros2/install/share/ament_cmake/cmake)
[2.376s] -- Found PythonInterp: /usr/bin/python3 (found suitable version "3.6.9", minimum required is "3") 
[2.377s] -- Using PYTHON_EXECUTABLE: /usr/bin/python3
[3.399s] -- Found ament_lint_auto: 0.9.6 (/home/workspace/ros2/install/share/ament_lint_auto/cmake)
[4.009s] -- Added test 'copyright' to check source files copyright and LICENSE
[4.024s] -- Added test 'lint_cmake' to check CMake code style
[4.032s] -- Added test 'xmllint' to check XML markup files
[4.047s] -- Configuring done
[4.061s] -- Generating done
[4.067s] -- Build files have been written to: /home/nvidia/workspace/alan/src/AMR_ros2_slam_nav2/build/image_common
[4.084s] Invoked command in '/home/nvidia/workspace/alan/src/AMR_ros2_slam_nav2/build/image_common' returned '0': AMENT_PREFIX_PATH=/home/nvidia/workspace/alan/src/AMR_ros2_slam_nav2/install/camera_info_manager:/home/nvidia/workspace/alan/src/AMR_ros2_slam_nav2/install/image_transport:/home/nvidia/workspace/alan/src/AMR_ros2_slam_nav2/install/camera_calibration_parsers:${AMENT_PREFIX_PATH} CMAKE_PREFIX_PATH=/home/nvidia/workspace/alan/src/AMR_ros2_slam_nav2/install/camera_info_manager:/home/nvidia/workspace/alan/src/AMR_ros2_slam_nav2/install/image_transport:/home/nvidia/workspace/alan/src/AMR_ros2_slam_nav2/install/camera_calibration_parsers:${CMAKE_PREFIX_PATH} LD_LIBRARY_PATH=/home/nvidia/workspace/alan/src/AMR_ros2_slam_nav2/install/camera_info_manager/lib:/home/nvidia/workspace/alan/src/AMR_ros2_slam_nav2/install/image_transport/lib:/home/nvidia/workspace/alan/src/AMR_ros2_slam_nav2/install/camera_calibration_parsers/lib:/home/workspace/ros2/install/opt/yaml_cpp_vendor/lib:/home/workspace/ros2/install/opt/rviz_ogre_vendor/lib:/home/workspace/ros2/install/lib:/usr/local/cuda-10.2/lib64 /usr/local/bin/cmake /home/nvidia/workspace/alan/src/AMR_ros2_slam_nav2/image_common/image_common -DCMAKE_INSTALL_PREFIX=/home/nvidia/workspace/alan/src/AMR_ros2_slam_nav2/install/image_common
[4.094s] Invoking command in '/home/nvidia/workspace/alan/src/AMR_ros2_slam_nav2/build/image_common': AMENT_PREFIX_PATH=/home/nvidia/workspace/alan/src/AMR_ros2_slam_nav2/install/camera_info_manager:/home/nvidia/workspace/alan/src/AMR_ros2_slam_nav2/install/image_transport:/home/nvidia/workspace/alan/src/AMR_ros2_slam_nav2/install/camera_calibration_parsers:${AMENT_PREFIX_PATH} CMAKE_PREFIX_PATH=/home/nvidia/workspace/alan/src/AMR_ros2_slam_nav2/install/camera_info_manager:/home/nvidia/workspace/alan/src/AMR_ros2_slam_nav2/install/image_transport:/home/nvidia/workspace/alan/src/AMR_ros2_slam_nav2/install/camera_calibration_parsers:${CMAKE_PREFIX_PATH} LD_LIBRARY_PATH=/home/nvidia/workspace/alan/src/AMR_ros2_slam_nav2/install/camera_info_manager/lib:/home/nvidia/workspace/alan/src/AMR_ros2_slam_nav2/install/image_transport/lib:/home/nvidia/workspace/alan/src/AMR_ros2_slam_nav2/install/camera_calibration_parsers/lib:/home/workspace/ros2/install/opt/yaml_cpp_vendor/lib:/home/workspace/ros2/install/opt/rviz_ogre_vendor/lib:/home/workspace/ros2/install/lib:/usr/local/cuda-10.2/lib64 /usr/local/bin/cmake --build /home/nvidia/workspace/alan/src/AMR_ros2_slam_nav2/build/image_common -- -j8 -l8
[4.191s] Invoked command in '/home/nvidia/workspace/alan/src/AMR_ros2_slam_nav2/build/image_common' returned '0': AMENT_PREFIX_PATH=/home/nvidia/workspace/alan/src/AMR_ros2_slam_nav2/install/camera_info_manager:/home/nvidia/workspace/alan/src/AMR_ros2_slam_nav2/install/image_transport:/home/nvidia/workspace/alan/src/AMR_ros2_slam_nav2/install/camera_calibration_parsers:${AMENT_PREFIX_PATH} CMAKE_PREFIX_PATH=/home/nvidia/workspace/alan/src/AMR_ros2_slam_nav2/install/camera_info_manager:/home/nvidia/workspace/alan/src/AMR_ros2_slam_nav2/install/image_transport:/home/nvidia/workspace/alan/src/AMR_ros2_slam_nav2/install/camera_calibration_parsers:${CMAKE_PREFIX_PATH} LD_LIBRARY_PATH=/home/nvidia/workspace/alan/src/AMR_ros2_slam_nav2/install/camera_info_manager/lib:/home/nvidia/workspace/alan/src/AMR_ros2_slam_nav2/install/image_transport/lib:/home/nvidia/workspace/alan/src/AMR_ros2_slam_nav2/install/camera_calibration_parsers/lib:/home/workspace/ros2/install/opt/yaml_cpp_vendor/lib:/home/workspace/ros2/install/opt/rviz_ogre_vendor/lib:/home/workspace/ros2/install/lib:/usr/local/cuda-10.2/lib64 /usr/local/bin/cmake --build /home/nvidia/workspace/alan/src/AMR_ros2_slam_nav2/build/image_common -- -j8 -l8
[4.267s] Invoking command in '/home/nvidia/workspace/alan/src/AMR_ros2_slam_nav2/build/image_common': AMENT_PREFIX_PATH=/home/nvidia/workspace/alan/src/AMR_ros2_slam_nav2/install/camera_info_manager:/home/nvidia/workspace/alan/src/AMR_ros2_slam_nav2/install/image_transport:/home/nvidia/workspace/alan/src/AMR_ros2_slam_nav2/install/camera_calibration_parsers:${AMENT_PREFIX_PATH} CMAKE_PREFIX_PATH=/home/nvidia/workspace/alan/src/AMR_ros2_slam_nav2/install/camera_info_manager:/home/nvidia/workspace/alan/src/AMR_ros2_slam_nav2/install/image_transport:/home/nvidia/workspace/alan/src/AMR_ros2_slam_nav2/install/camera_calibration_parsers:${CMAKE_PREFIX_PATH} LD_LIBRARY_PATH=/home/nvidia/workspace/alan/src/AMR_ros2_slam_nav2/install/camera_info_manager/lib:/home/nvidia/workspace/alan/src/AMR_ros2_slam_nav2/install/image_transport/lib:/home/nvidia/workspace/alan/src/AMR_ros2_slam_nav2/install/camera_calibration_parsers/lib:/home/workspace/ros2/install/opt/yaml_cpp_vendor/lib:/home/workspace/ros2/install/opt/rviz_ogre_vendor/lib:/home/workspace/ros2/install/lib:/usr/local/cuda-10.2/lib64 /usr/local/bin/cmake --install /home/nvidia/workspace/alan/src/AMR_ros2_slam_nav2/build/image_common
[4.297s] -- Install configuration: ""
[4.301s] -- Installing: /home/nvidia/workspace/alan/src/AMR_ros2_slam_nav2/install/image_common/share/ament_index/resource_index/package_run_dependencies/image_common
[4.304s] -- Installing: /home/nvidia/workspace/alan/src/AMR_ros2_slam_nav2/install/image_common/share/ament_index/resource_index/parent_prefix_path/image_common
[4.306s] -- Installing: /home/nvidia/workspace/alan/src/AMR_ros2_slam_nav2/install/image_common/share/image_common/environment/ament_prefix_path.sh
[4.307s] -- Installing: /home/nvidia/workspace/alan/src/AMR_ros2_slam_nav2/install/image_common/share/image_common/environment/ament_prefix_path.dsv
[4.308s] -- Installing: /home/nvidia/workspace/alan/src/AMR_ros2_slam_nav2/install/image_common/share/image_common/environment/path.sh
[4.309s] -- Installing: /home/nvidia/workspace/alan/src/AMR_ros2_slam_nav2/install/image_common/share/image_common/environment/path.dsv
[4.311s] -- Installing: /home/nvidia/workspace/alan/src/AMR_ros2_slam_nav2/install/image_common/share/image_common/local_setup.bash
[4.314s] -- Installing: /home/nvidia/workspace/alan/src/AMR_ros2_slam_nav2/install/image_common/share/image_common/local_setup.sh
[4.314s] -- Installing: /home/nvidia/workspace/alan/src/AMR_ros2_slam_nav2/install/image_common/share/image_common/local_setup.zsh
[4.315s] -- Installing: /home/nvidia/workspace/alan/src/AMR_ros2_slam_nav2/install/image_common/share/image_common/local_setup.dsv
[4.316s] -- Installing: /home/nvidia/workspace/alan/src/AMR_ros2_slam_nav2/install/image_common/share/image_common/package.dsv
[4.317s] -- Installing: /home/nvidia/workspace/alan/src/AMR_ros2_slam_nav2/install/image_common/share/ament_index/resource_index/packages/image_common
[4.318s] -- Installing: /home/nvidia/workspace/alan/src/AMR_ros2_slam_nav2/install/image_common/share/image_common/cmake/image_commonConfig.cmake
[4.318s] -- Installing: /home/nvidia/workspace/alan/src/AMR_ros2_slam_nav2/install/image_common/share/image_common/cmake/image_commonConfig-version.cmake
[4.319s] -- Installing: /home/nvidia/workspace/alan/src/AMR_ros2_slam_nav2/install/image_common/share/image_common/package.xml
[4.334s] Invoked command in '/home/nvidia/workspace/alan/src/AMR_ros2_slam_nav2/build/image_common' returned '0': AMENT_PREFIX_PATH=/home/nvidia/workspace/alan/src/AMR_ros2_slam_nav2/install/camera_info_manager:/home/nvidia/workspace/alan/src/AMR_ros2_slam_nav2/install/image_transport:/home/nvidia/workspace/alan/src/AMR_ros2_slam_nav2/install/camera_calibration_parsers:${AMENT_PREFIX_PATH} CMAKE_PREFIX_PATH=/home/nvidia/workspace/alan/src/AMR_ros2_slam_nav2/install/camera_info_manager:/home/nvidia/workspace/alan/src/AMR_ros2_slam_nav2/install/image_transport:/home/nvidia/workspace/alan/src/AMR_ros2_slam_nav2/install/camera_calibration_parsers:${CMAKE_PREFIX_PATH} LD_LIBRARY_PATH=/home/nvidia/workspace/alan/src/AMR_ros2_slam_nav2/install/camera_info_manager/lib:/home/nvidia/workspace/alan/src/AMR_ros2_slam_nav2/install/image_transport/lib:/home/nvidia/workspace/alan/src/AMR_ros2_slam_nav2/install/camera_calibration_parsers/lib:/home/workspace/ros2/install/opt/yaml_cpp_vendor/lib:/home/workspace/ros2/install/opt/rviz_ogre_vendor/lib:/home/workspace/ros2/install/lib:/usr/local/cuda-10.2/lib64 /usr/local/bin/cmake --install /home/nvidia/workspace/alan/src/AMR_ros2_slam_nav2/build/image_common
