-- The C compiler identification is GNU 7.5.0
-- The CXX compiler identification is GNU 7.5.0
-- Check for working C compiler: /usr/bin/cc
-- Check for working C compiler: /usr/bin/cc -- works
-- Detecting C compiler ABI info
-- Detecting C compiler ABI info - done
-- Detecting C compile features
-- Detecting C compile features - done
-- Check for working CXX compiler: /usr/bin/c++
-- Check for working CXX compiler: /usr/bin/c++ -- works
-- Detecting CXX compiler ABI info
-- Detecting CXX compiler ABI info - done
-- Detecting CXX compile features
-- Detecting CXX compile features - done
-- Found ament_cmake: 0.9.9 (/home/workspace/ros2/install/share/ament_cmake/cmake)
-- Found PythonInterp: /usr/bin/python3 (found suitable version "3.6.9", minimum required is "3") 
-- Using PYTHON_EXECUTABLE: /usr/bin/python3
-- Found message_filters: 3.2.5 (/home/workspace/ros2/install/share/message_filters/cmake)
-- Found nav_msgs: 2.0.4 (/home/workspace/ros2/install/share/nav_msgs/cmake)
-- Using all available rosidl_typesupport_c: rosidl_typesupport_fastrtps_c;rosidl_typesupport_introspection_c
-- Found rosidl_adapter: 1.2.1 (/home/workspace/ros2/install/share/rosidl_adapter/cmake)
-- Found OpenSSL: /usr/lib/aarch64-linux-gnu/libcrypto.so (found version "1.1.1")  
-- Found FastRTPS: /home/workspace/ros2/install/include  
-- Using all available rosidl_typesupport_cpp: rosidl_typesupport_fastrtps_cpp;rosidl_typesupport_introspection_cpp
-- Found rclcpp: 2.4.0 (/home/workspace/ros2/install/share/rclcpp/cmake)
-- Found rmw_implementation_cmake: 1.0.3 (/home/workspace/ros2/install/share/rmw_implementation_cmake/cmake)
-- Using RMW implementation 'rmw_fastrtps_cpp' as default
-- Looking for pthread.h
-- Looking for pthread.h - found
-- Performing Test CMAKE_HAVE_LIBC_PTHREAD
-- Performing Test CMAKE_HAVE_LIBC_PTHREAD - Failed
-- Looking for pthread_create in pthreads
-- Looking for pthread_create in pthreads - not found
-- Looking for pthread_create in pthread
-- Looking for pthread_create in pthread - found
-- Found Threads: TRUE  
-- Found sensor_msgs: 2.0.4 (/home/workspace/ros2/install/share/sensor_msgs/cmake)
-- Found tf2: 0.13.12 (/home/workspace/ros2/install/share/tf2/cmake)
-- Found tf2_ros: 0.13.12 (/home/workspace/ros2/install/share/tf2_ros/cmake)
-- Found visualization_msgs: 2.0.4 (/home/workspace/ros2/install/share/visualization_msgs/cmake)
-- Found pluginlib: 2.5.3 (/home/workspace/ros2/install/share/pluginlib/cmake)
-- Found tf2_geometry_msgs: 0.13.12 (/home/workspace/ros2/install/share/tf2_geometry_msgs/cmake)
-- Found eigen3_cmake_module: 0.1.1 (/home/workspace/ros2/install/share/eigen3_cmake_module/cmake)
-- Found Eigen3: TRUE (found version "3.3.4") 
-- Found tf2_sensor_msgs: 0.13.12 (/home/workspace/ros2/install/share/tf2_sensor_msgs/cmake)
-- Found std_srvs: 2.0.4 (/home/workspace/ros2/install/share/std_srvs/cmake)
-- Found rosidl_default_generators: 1.0.1 (/home/workspace/ros2/install/share/rosidl_default_generators/cmake)
-- Found nav2_map_server: 0.4.7 (/home/nvidia/workspace/alan/src/AMR_ros2_slam_nav2/install/nav2_map_server/share/nav2_map_server/cmake)
-- Found rviz_common: 8.2.5 (/home/workspace/ros2/install/share/rviz_common/cmake)
-- Setting OGRE_DIR to: '/home/workspace/ros2/install/share/rviz_ogre_vendor/cmake/../../../opt/rviz_ogre_vendor/lib/OGRE/cmake'
-- Found OGRE
--   static     : OFF
--   components : HLMS;MeshLodGenerator;Overlay;Paging;Property;RTShaderSystem;Terrain;Volume
--   plugins    : Plugin_BSPSceneManager;Plugin_OctreeSceneManager;Plugin_PCZSceneManager;Plugin_ParticleFX;RenderSystem_GL;RenderSystem_GL3Plus;Codec_STBI;Codec_FreeImage;Codec_EXR
--   media      : /home/workspace/ros2/install/opt/rviz_ogre_vendor/share/OGRE/Media
-- OGRE_LIBRARIES: OgreHLMS;OgreMeshLodGenerator;OgreOverlay;OgrePaging;OgreProperty;OgreRTShaderSystem;OgreTerrain;OgreVolume;OgreMain
-- OGRE_LIBRARY_DIRS: /home/workspace/ros2/install/opt/rviz_ogre_vendor/lib
-- OGRE_PLUGINS: Plugin_BSPSceneManager;Plugin_OctreeSceneManager;Plugin_PCZSceneManager;Plugin_ParticleFX;RenderSystem_GL;RenderSystem_GL3Plus;Codec_STBI;Codec_FreeImage;Codec_EXR
-- OGRE_PLUGIN_DIR: /home/workspace/ros2/install/opt/rviz_ogre_vendor/lib/OGRE
-- rviz_ogre_vendor::OgreOverlay for IMPORTED_LOCATION_RELEASE: /home/workspace/ros2/install/opt/rviz_ogre_vendor/lib/libOgreOverlay.so
-- rviz_ogre_vendor::OgreOverlay for IMPORTED_LOCATION_DEBUG: /home/workspace/ros2/install/opt/rviz_ogre_vendor/lib/libOgreOverlay.so
-- rviz_ogre_vendor::OgreMain for IMPORTED_LOCATION_RELEASE: /home/workspace/ros2/install/opt/rviz_ogre_vendor/lib/libOgreMain.so
-- rviz_ogre_vendor::OgreMain for IMPORTED_LOCATION_DEBUG: /home/workspace/ros2/install/opt/rviz_ogre_vendor/lib/libOgreMain.so
-- Found ZLIB: /usr/lib/aarch64-linux-gnu/libz.so (found version "1.2.11") 
-- Found OpenGL: /usr/lib/aarch64-linux-gnu/libOpenGL.so   
-- Found X11: /usr/include   
-- Looking for XOpenDisplay in /usr/lib/aarch64-linux-gnu/libX11.so;/usr/lib/aarch64-linux-gnu/libXext.so
-- Looking for XOpenDisplay in /usr/lib/aarch64-linux-gnu/libX11.so;/usr/lib/aarch64-linux-gnu/libXext.so - found
-- Looking for gethostbyname
-- Looking for gethostbyname - found
-- Looking for connect
-- Looking for connect - found
-- Looking for remove
-- Looking for remove - found
-- Looking for shmat
-- Looking for shmat - found
-- Looking for IceConnectionNumber in ICE
-- Looking for IceConnectionNumber in ICE - found
-- rviz_ogre_vendor::RenderSystem_GL for IMPORTED_LOCATION_RELEASE: _render_system_gl_static_library_abs-NOTFOUND
-- rviz_ogre_vendor::RenderSystem_GL for IMPORTED_LOCATION_DEBUG: _render_system_gl_static_library_abs-NOTFOUND
-- library: /usr/lib/aarch64-linux-gnu/libcurl.so
-- Setting yaml-cpp_DIR to: '/home/workspace/ros2/install/share/yaml_cpp_vendor/cmake/../../../opt/yaml_cpp_vendor/lib/cmake/yaml-cpp'
-- Found rviz_default_plugins: 8.2.5 (/home/workspace/ros2/install/share/rviz_default_plugins/cmake)
-- Found Boost: /usr/include (found version "1.65.1") found components: system serialization filesystem thread chrono date_time atomic 
-- Found PkgConfig: /usr/bin/pkg-config (found version "0.29.1") 
-- Found CSPARSE: /usr/include/suitesparse  
-- Found CHOLMOD: /usr/include/suitesparse  
-- Looking for sgemm_
-- Looking for sgemm_ - not found
-- Looking for sgemm_
-- Looking for sgemm_ - found
-- Found BLAS: /usr/lib/aarch64-linux-gnu/libblas.so  
-- Looking for cheev_
-- Looking for cheev_ - not found
-- Looking for cheev_
-- Looking for cheev_ - found
-- A library with LAPACK API found.
-- Found installed version of Eigen: /usr/lib/cmake/eigen3
-- Found required Ceres dependency: Eigen version 3.3.4 in /usr/include/eigen3
-- Found required Ceres dependency: glog
-- Found installed version of gflags: /usr/lib/aarch64-linux-gnu/cmake/gflags
-- Detected gflags version: 2.2.1
-- Found required Ceres dependency: gflags
-- Found Ceres version: 1.13.0 installed in: /usr/local with components: [LAPACK, SuiteSparse, SparseLinearAlgebraLibrary, CXSparse, SchurSpecializations, C++11, OpenMP]
-- Found PythonInterp: /usr/bin/python3 (found version "3.6.9") 
-- Found ament_cmake_ros: 0.9.2 (/home/workspace/ros2/install/share/ament_cmake_ros/cmake)
-- Using all available rosidl_typesupport_c: rosidl_typesupport_fastrtps_c;rosidl_typesupport_introspection_c
-- Using all available rosidl_typesupport_cpp: rosidl_typesupport_fastrtps_cpp;rosidl_typesupport_introspection_cpp
-- Found PythonInterp: /usr/bin/python3 (found suitable version "3.6.9", minimum required is "3.5") 
-- Found python_cmake_module: 0.8.1 (/home/workspace/ros2/install/share/python_cmake_module/cmake)
-- Found PythonLibs: /usr/lib/aarch64-linux-gnu/libpython3.6m.so (found suitable version "3.6.9", minimum required is "3.5") 
-- Using PYTHON_EXECUTABLE: /usr/bin/python3
-- Using PYTHON_INCLUDE_DIRS: /usr/include/python3.6m
-- Using PYTHON_LIBRARIES: /usr/lib/aarch64-linux-gnu/libpython3.6m.so
-- Found PythonExtra: .so  
-- Configuring done
-- Generating done
-- Build files have been written to: /home/nvidia/workspace/alan/src/AMR_ros2_slam_nav2/build/slam_toolbox
[35m[1mScanning dependencies of target kartoSlamToolbox[0m
[35m[1mScanning dependencies of target slam_toolbox__cpp[0m
[  1%] [34m[1mGenerating C++ code for ROS interfaces[0m
[  2%] [32mBuilding CXX object lib/karto_sdk/CMakeFiles/kartoSlamToolbox.dir/src/Karto.cpp.o[0m
[  2%] [32mBuilding CXX object lib/karto_sdk/CMakeFiles/kartoSlamToolbox.dir/src/Mapper.cpp.o[0m
[  2%] Built target slam_toolbox__cpp
[  3%] [32m[1mLinking CXX shared library libkartoSlamToolbox.so[0m
[  3%] Built target kartoSlamToolbox
[  4%] [34m[1mGenerating C++ introspection for ROS interfaces[0m
[35m[1mScanning dependencies of target slam_toolbox__rosidl_typesupport_introspection_cpp[0m
[  5%] [32mBuilding CXX object CMakeFiles/slam_toolbox__rosidl_typesupport_introspection_cpp.dir/rosidl_typesupport_introspection_cpp/slam_toolbox/srv/detail/pause__type_support.cpp.o[0m
[  6%] [32mBuilding CXX object CMakeFiles/slam_toolbox__rosidl_typesupport_introspection_cpp.dir/rosidl_typesupport_introspection_cpp/slam_toolbox/srv/detail/save_map__type_support.cpp.o[0m
[  6%] [32mBuilding CXX object CMakeFiles/slam_toolbox__rosidl_typesupport_introspection_cpp.dir/rosidl_typesupport_introspection_cpp/slam_toolbox/srv/detail/loop_closure__type_support.cpp.o[0m
[  7%] [32mBuilding CXX object CMakeFiles/slam_toolbox__rosidl_typesupport_introspection_cpp.dir/rosidl_typesupport_introspection_cpp/slam_toolbox/srv/detail/merge_maps__type_support.cpp.o[0m
[  8%] [32mBuilding CXX object CMakeFiles/slam_toolbox__rosidl_typesupport_introspection_cpp.dir/rosidl_typesupport_introspection_cpp/slam_toolbox/srv/detail/add_submap__type_support.cpp.o[0m
[  9%] [32mBuilding CXX object CMakeFiles/slam_toolbox__rosidl_typesupport_introspection_cpp.dir/rosidl_typesupport_introspection_cpp/slam_toolbox/srv/detail/deserialize_pose_graph__type_support.cpp.o[0m
[  9%] [32mBuilding CXX object CMakeFiles/slam_toolbox__rosidl_typesupport_introspection_cpp.dir/rosidl_typesupport_introspection_cpp/slam_toolbox/srv/detail/serialize_pose_graph__type_support.cpp.o[0m
[ 10%] [32mBuilding CXX object CMakeFiles/slam_toolbox__rosidl_typesupport_introspection_cpp.dir/rosidl_typesupport_introspection_cpp/slam_toolbox/srv/detail/clear__type_support.cpp.o[0m
[ 10%] [32mBuilding CXX object CMakeFiles/slam_toolbox__rosidl_typesupport_introspection_cpp.dir/rosidl_typesupport_introspection_cpp/slam_toolbox/srv/detail/toggle_interactive__type_support.cpp.o[0m
[ 11%] [32mBuilding CXX object CMakeFiles/slam_toolbox__rosidl_typesupport_introspection_cpp.dir/rosidl_typesupport_introspection_cpp/slam_toolbox/srv/detail/clear_queue__type_support.cpp.o[0m
[ 12%] [32m[1mLinking CXX shared library libslam_toolbox__rosidl_typesupport_introspection_cpp.so[0m
[ 12%] Built target slam_toolbox__rosidl_typesupport_introspection_cpp
[ 13%] [34m[1mGenerating C++ type support for eProsima Fast-RTPS[0m
[35m[1mScanning dependencies of target slam_toolbox__rosidl_typesupport_fastrtps_cpp[0m
[ 14%] [32mBuilding CXX object CMakeFiles/slam_toolbox__rosidl_typesupport_fastrtps_cpp.dir/rosidl_typesupport_fastrtps_cpp/slam_toolbox/srv/detail/dds_fastrtps/pause__type_support.cpp.o[0m
[ 14%] [32mBuilding CXX object CMakeFiles/slam_toolbox__rosidl_typesupport_fastrtps_cpp.dir/rosidl_typesupport_fastrtps_cpp/slam_toolbox/srv/detail/dds_fastrtps/loop_closure__type_support.cpp.o[0m
[ 15%] [32mBuilding CXX object CMakeFiles/slam_toolbox__rosidl_typesupport_fastrtps_cpp.dir/rosidl_typesupport_fastrtps_cpp/slam_toolbox/srv/detail/dds_fastrtps/merge_maps__type_support.cpp.o[0m
[ 16%] [32mBuilding CXX object CMakeFiles/slam_toolbox__rosidl_typesupport_fastrtps_cpp.dir/rosidl_typesupport_fastrtps_cpp/slam_toolbox/srv/detail/dds_fastrtps/add_submap__type_support.cpp.o[0m
[ 17%] [32mBuilding CXX object CMakeFiles/slam_toolbox__rosidl_typesupport_fastrtps_cpp.dir/rosidl_typesupport_fastrtps_cpp/slam_toolbox/srv/detail/dds_fastrtps/deserialize_pose_graph__type_support.cpp.o[0m
[ 17%] [32mBuilding CXX object CMakeFiles/slam_toolbox__rosidl_typesupport_fastrtps_cpp.dir/rosidl_typesupport_fastrtps_cpp/slam_toolbox/srv/detail/dds_fastrtps/serialize_pose_graph__type_support.cpp.o[0m
[ 18%] [32mBuilding CXX object CMakeFiles/slam_toolbox__rosidl_typesupport_fastrtps_cpp.dir/rosidl_typesupport_fastrtps_cpp/slam_toolbox/srv/detail/dds_fastrtps/save_map__type_support.cpp.o[0m
[ 19%] [32mBuilding CXX object CMakeFiles/slam_toolbox__rosidl_typesupport_fastrtps_cpp.dir/rosidl_typesupport_fastrtps_cpp/slam_toolbox/srv/detail/dds_fastrtps/clear__type_support.cpp.o[0m
[ 20%] [32mBuilding CXX object CMakeFiles/slam_toolbox__rosidl_typesupport_fastrtps_cpp.dir/rosidl_typesupport_fastrtps_cpp/slam_toolbox/srv/detail/dds_fastrtps/toggle_interactive__type_support.cpp.o[0m
[ 20%] [32mBuilding CXX object CMakeFiles/slam_toolbox__rosidl_typesupport_fastrtps_cpp.dir/rosidl_typesupport_fastrtps_cpp/slam_toolbox/srv/detail/dds_fastrtps/clear_queue__type_support.cpp.o[0m
[ 21%] [32m[1mLinking CXX shared library libslam_toolbox__rosidl_typesupport_fastrtps_cpp.so[0m
[ 21%] Built target slam_toolbox__rosidl_typesupport_fastrtps_cpp
[ 22%] [34m[1mGenerating C++ type support dispatch for ROS interfaces[0m
[35m[1mScanning dependencies of target slam_toolbox__rosidl_typesupport_cpp[0m
[ 23%] [32mBuilding CXX object CMakeFiles/slam_toolbox__rosidl_typesupport_cpp.dir/rosidl_typesupport_cpp/slam_toolbox/srv/pause__type_support.cpp.o[0m
[ 24%] [32mBuilding CXX object CMakeFiles/slam_toolbox__rosidl_typesupport_cpp.dir/rosidl_typesupport_cpp/slam_toolbox/srv/merge_maps__type_support.cpp.o[0m
[ 25%] [32mBuilding CXX object CMakeFiles/slam_toolbox__rosidl_typesupport_cpp.dir/rosidl_typesupport_cpp/slam_toolbox/srv/add_submap__type_support.cpp.o[0m
[ 25%] [32mBuilding CXX object CMakeFiles/slam_toolbox__rosidl_typesupport_cpp.dir/rosidl_typesupport_cpp/slam_toolbox/srv/deserialize_pose_graph__type_support.cpp.o[0m
[ 26%] [32mBuilding CXX object CMakeFiles/slam_toolbox__rosidl_typesupport_cpp.dir/rosidl_typesupport_cpp/slam_toolbox/srv/serialize_pose_graph__type_support.cpp.o[0m
[ 26%] [32mBuilding CXX object CMakeFiles/slam_toolbox__rosidl_typesupport_cpp.dir/rosidl_typesupport_cpp/slam_toolbox/srv/loop_closure__type_support.cpp.o[0m
[ 27%] [32mBuilding CXX object CMakeFiles/slam_toolbox__rosidl_typesupport_cpp.dir/rosidl_typesupport_cpp/slam_toolbox/srv/save_map__type_support.cpp.o[0m
[ 28%] [32mBuilding CXX object CMakeFiles/slam_toolbox__rosidl_typesupport_cpp.dir/rosidl_typesupport_cpp/slam_toolbox/srv/clear__type_support.cpp.o[0m
[ 29%] [32mBuilding CXX object CMakeFiles/slam_toolbox__rosidl_typesupport_cpp.dir/rosidl_typesupport_cpp/slam_toolbox/srv/toggle_interactive__type_support.cpp.o[0m
[ 29%] [32mBuilding CXX object CMakeFiles/slam_toolbox__rosidl_typesupport_cpp.dir/rosidl_typesupport_cpp/slam_toolbox/srv/clear_queue__type_support.cpp.o[0m
[ 30%] [32m[1mLinking CXX shared library libslam_toolbox__rosidl_typesupport_cpp.so[0m
[ 30%] Built target slam_toolbox__rosidl_typesupport_cpp
[ 31%] [34m[1mGenerating C code for ROS interfaces[0m
[35m[1mScanning dependencies of target slam_toolbox__rosidl_generator_c[0m
[ 31%] [32mBuilding C object CMakeFiles/slam_toolbox__rosidl_generator_c.dir/rosidl_generator_c/slam_toolbox/srv/detail/pause__functions.c.o[0m
[ 32%] [32mBuilding C object CMakeFiles/slam_toolbox__rosidl_generator_c.dir/rosidl_generator_c/slam_toolbox/srv/detail/add_submap__functions.c.o[0m
[ 32%] [32mBuilding C object CMakeFiles/slam_toolbox__rosidl_generator_c.dir/rosidl_generator_c/slam_toolbox/srv/detail/deserialize_pose_graph__functions.c.o[0m
[ 33%] [32mBuilding C object CMakeFiles/slam_toolbox__rosidl_generator_c.dir/rosidl_generator_c/slam_toolbox/srv/detail/serialize_pose_graph__functions.c.o[0m
[ 34%] [32mBuilding C object CMakeFiles/slam_toolbox__rosidl_generator_c.dir/rosidl_generator_c/slam_toolbox/srv/detail/merge_maps__functions.c.o[0m
[ 35%] [32mBuilding C object CMakeFiles/slam_toolbox__rosidl_generator_c.dir/rosidl_generator_c/slam_toolbox/srv/detail/loop_closure__functions.c.o[0m
[ 35%] [32mBuilding C object CMakeFiles/slam_toolbox__rosidl_generator_c.dir/rosidl_generator_c/slam_toolbox/srv/detail/save_map__functions.c.o[0m
[ 36%] [32mBuilding C object CMakeFiles/slam_toolbox__rosidl_generator_c.dir/rosidl_generator_c/slam_toolbox/srv/detail/clear__functions.c.o[0m
[ 37%] [32mBuilding C object CMakeFiles/slam_toolbox__rosidl_generator_c.dir/rosidl_generator_c/slam_toolbox/srv/detail/toggle_interactive__functions.c.o[0m
[ 38%] [32mBuilding C object CMakeFiles/slam_toolbox__rosidl_generator_c.dir/rosidl_generator_c/slam_toolbox/srv/detail/clear_queue__functions.c.o[0m
[ 39%] [32m[1mLinking C shared library libslam_toolbox__rosidl_generator_c.so[0m
[ 39%] Built target slam_toolbox__rosidl_generator_c
[ 40%] [34m[1mGenerating C type support for eProsima Fast-RTPS[0m
[35m[1mScanning dependencies of target slam_toolbox__rosidl_typesupport_fastrtps_c[0m
[ 40%] [32mBuilding CXX object CMakeFiles/slam_toolbox__rosidl_typesupport_fastrtps_c.dir/rosidl_typesupport_fastrtps_c/slam_toolbox/srv/detail/pause__type_support_c.cpp.o[0m
[ 41%] [32mBuilding CXX object CMakeFiles/slam_toolbox__rosidl_typesupport_fastrtps_c.dir/rosidl_typesupport_fastrtps_c/slam_toolbox/srv/detail/loop_closure__type_support_c.cpp.o[0m
[ 42%] [32mBuilding CXX object CMakeFiles/slam_toolbox__rosidl_typesupport_fastrtps_c.dir/rosidl_typesupport_fastrtps_c/slam_toolbox/srv/detail/merge_maps__type_support_c.cpp.o[0m
[ 43%] [32mBuilding CXX object CMakeFiles/slam_toolbox__rosidl_typesupport_fastrtps_c.dir/rosidl_typesupport_fastrtps_c/slam_toolbox/srv/detail/add_submap__type_support_c.cpp.o[0m
[ 43%] [32mBuilding CXX object CMakeFiles/slam_toolbox__rosidl_typesupport_fastrtps_c.dir/rosidl_typesupport_fastrtps_c/slam_toolbox/srv/detail/deserialize_pose_graph__type_support_c.cpp.o[0m
[ 44%] [32mBuilding CXX object CMakeFiles/slam_toolbox__rosidl_typesupport_fastrtps_c.dir/rosidl_typesupport_fastrtps_c/slam_toolbox/srv/detail/serialize_pose_graph__type_support_c.cpp.o[0m
[ 44%] [32mBuilding CXX object CMakeFiles/slam_toolbox__rosidl_typesupport_fastrtps_c.dir/rosidl_typesupport_fastrtps_c/slam_toolbox/srv/detail/save_map__type_support_c.cpp.o[0m
[ 45%] [32mBuilding CXX object CMakeFiles/slam_toolbox__rosidl_typesupport_fastrtps_c.dir/rosidl_typesupport_fastrtps_c/slam_toolbox/srv/detail/clear__type_support_c.cpp.o[0m
[ 46%] [32mBuilding CXX object CMakeFiles/slam_toolbox__rosidl_typesupport_fastrtps_c.dir/rosidl_typesupport_fastrtps_c/slam_toolbox/srv/detail/toggle_interactive__type_support_c.cpp.o[0m
[ 47%] [32mBuilding CXX object CMakeFiles/slam_toolbox__rosidl_typesupport_fastrtps_c.dir/rosidl_typesupport_fastrtps_c/slam_toolbox/srv/detail/clear_queue__type_support_c.cpp.o[0m
[ 48%] [32m[1mLinking CXX shared library libslam_toolbox__rosidl_typesupport_fastrtps_c.so[0m
[ 48%] Built target slam_toolbox__rosidl_typesupport_fastrtps_c
[ 49%] [34m[1mGenerating C type support dispatch for ROS interfaces[0m
[35m[1mScanning dependencies of target slam_toolbox__rosidl_typesupport_c[0m
[ 49%] [32mBuilding CXX object CMakeFiles/slam_toolbox__rosidl_typesupport_c.dir/rosidl_typesupport_c/slam_toolbox/srv/pause__type_support.cpp.o[0m
[ 50%] [32mBuilding CXX object CMakeFiles/slam_toolbox__rosidl_typesupport_c.dir/rosidl_typesupport_c/slam_toolbox/srv/merge_maps__type_support.cpp.o[0m
[ 50%] [32mBuilding CXX object CMakeFiles/slam_toolbox__rosidl_typesupport_c.dir/rosidl_typesupport_c/slam_toolbox/srv/add_submap__type_support.cpp.o[0m
[ 51%] [32mBuilding CXX object CMakeFiles/slam_toolbox__rosidl_typesupport_c.dir/rosidl_typesupport_c/slam_toolbox/srv/deserialize_pose_graph__type_support.cpp.o[0m
[ 52%] [32mBuilding CXX object CMakeFiles/slam_toolbox__rosidl_typesupport_c.dir/rosidl_typesupport_c/slam_toolbox/srv/serialize_pose_graph__type_support.cpp.o[0m
[ 53%] [32mBuilding CXX object CMakeFiles/slam_toolbox__rosidl_typesupport_c.dir/rosidl_typesupport_c/slam_toolbox/srv/loop_closure__type_support.cpp.o[0m
[ 54%] [32mBuilding CXX object CMakeFiles/slam_toolbox__rosidl_typesupport_c.dir/rosidl_typesupport_c/slam_toolbox/srv/save_map__type_support.cpp.o[0m
[ 54%] [32mBuilding CXX object CMakeFiles/slam_toolbox__rosidl_typesupport_c.dir/rosidl_typesupport_c/slam_toolbox/srv/clear__type_support.cpp.o[0m
[ 55%] [32mBuilding CXX object CMakeFiles/slam_toolbox__rosidl_typesupport_c.dir/rosidl_typesupport_c/slam_toolbox/srv/toggle_interactive__type_support.cpp.o[0m
[ 56%] [32mBuilding CXX object CMakeFiles/slam_toolbox__rosidl_typesupport_c.dir/rosidl_typesupport_c/slam_toolbox/srv/clear_queue__type_support.cpp.o[0m
[ 57%] [32m[1mLinking CXX shared library libslam_toolbox__rosidl_typesupport_c.so[0m
[ 57%] Built target slam_toolbox__rosidl_typesupport_c
[ 58%] [34m[1mGenerating C introspection for ROS interfaces[0m
[35m[1mScanning dependencies of target slam_toolbox__rosidl_typesupport_introspection_c[0m
[ 59%] [32mBuilding C object CMakeFiles/slam_toolbox__rosidl_typesupport_introspection_c.dir/rosidl_typesupport_introspection_c/slam_toolbox/srv/detail/pause__type_support.c.o[0m
[ 60%] [32mBuilding C object CMakeFiles/slam_toolbox__rosidl_typesupport_introspection_c.dir/rosidl_typesupport_introspection_c/slam_toolbox/srv/detail/add_submap__type_support.c.o[0m
[ 60%] [32mBuilding C object CMakeFiles/slam_toolbox__rosidl_typesupport_introspection_c.dir/rosidl_typesupport_introspection_c/slam_toolbox/srv/detail/deserialize_pose_graph__type_support.c.o[0m
[ 61%] [32mBuilding C object CMakeFiles/slam_toolbox__rosidl_typesupport_introspection_c.dir/rosidl_typesupport_introspection_c/slam_toolbox/srv/detail/serialize_pose_graph__type_support.c.o[0m
[ 62%] [32mBuilding C object CMakeFiles/slam_toolbox__rosidl_typesupport_introspection_c.dir/rosidl_typesupport_introspection_c/slam_toolbox/srv/detail/merge_maps__type_support.c.o[0m
[ 63%] [32mBuilding C object CMakeFiles/slam_toolbox__rosidl_typesupport_introspection_c.dir/rosidl_typesupport_introspection_c/slam_toolbox/srv/detail/loop_closure__type_support.c.o[0m
[ 63%] [32mBuilding C object CMakeFiles/slam_toolbox__rosidl_typesupport_introspection_c.dir/rosidl_typesupport_introspection_c/slam_toolbox/srv/detail/save_map__type_support.c.o[0m
[ 64%] [32mBuilding C object CMakeFiles/slam_toolbox__rosidl_typesupport_introspection_c.dir/rosidl_typesupport_introspection_c/slam_toolbox/srv/detail/clear__type_support.c.o[0m
[ 65%] [32mBuilding C object CMakeFiles/slam_toolbox__rosidl_typesupport_introspection_c.dir/rosidl_typesupport_introspection_c/slam_toolbox/srv/detail/toggle_interactive__type_support.c.o[0m
[ 65%] [32mBuilding C object CMakeFiles/slam_toolbox__rosidl_typesupport_introspection_c.dir/rosidl_typesupport_introspection_c/slam_toolbox/srv/detail/clear_queue__type_support.c.o[0m
[ 66%] [32m[1mLinking C shared library libslam_toolbox__rosidl_typesupport_introspection_c.so[0m
[ 66%] Built target slam_toolbox__rosidl_typesupport_introspection_c
[35m[1mScanning dependencies of target slam_toolbox[0m
[ 66%] Built target slam_toolbox
[35m[1mScanning dependencies of target toolbox_common[0m
[ 67%] [32mBuilding CXX object CMakeFiles/toolbox_common.dir/src/slam_toolbox_common.cpp.o[0m
[ 68%] [32mBuilding CXX object CMakeFiles/toolbox_common.dir/src/slam_mapper.cpp.o[0m
[ 69%] [32mBuilding CXX object CMakeFiles/toolbox_common.dir/src/laser_utils.cpp.o[0m
[ 69%] [32mBuilding CXX object CMakeFiles/toolbox_common.dir/src/loop_closure_assistant.cpp.o[0m
[ 70%] [32mBuilding CXX object CMakeFiles/toolbox_common.dir/src/map_saver.cpp.o[0m
[ 71%] [32m[1mLinking CXX shared library libtoolbox_common.so[0m
[ 71%] Built target toolbox_common
[35m[1mScanning dependencies of target slam_toolbox__py[0m
[ 72%] [34m[1mGenerating Python code for ROS interfaces[0m
[ 72%] Built target slam_toolbox__py
[35m[1mScanning dependencies of target lifelong_slam_toolbox[0m
[ 73%] [32mBuilding CXX object CMakeFiles/lifelong_slam_toolbox.dir/src/experimental/slam_toolbox_lifelong.cpp.o[0m
[ 74%] [32m[1mLinking CXX shared library liblifelong_slam_toolbox.so[0m
[ 74%] Built target lifelong_slam_toolbox
[35m[1mScanning dependencies of target slam_toolbox__python[0m
[ 75%] [32mBuilding C object CMakeFiles/slam_toolbox__python.dir/rosidl_generator_py/slam_toolbox/srv/_pause_s.c.o[0m
[ 75%] [32mBuilding C object CMakeFiles/slam_toolbox__python.dir/rosidl_generator_py/slam_toolbox/srv/_clear_queue_s.c.o[0m
[ 76%] [32mBuilding C object CMakeFiles/slam_toolbox__python.dir/rosidl_generator_py/slam_toolbox/srv/_toggle_interactive_s.c.o[0m
[ 77%] [32mBuilding C object CMakeFiles/slam_toolbox__python.dir/rosidl_generator_py/slam_toolbox/srv/_clear_s.c.o[0m
[ 78%] [32mBuilding C object CMakeFiles/slam_toolbox__python.dir/rosidl_generator_py/slam_toolbox/srv/_save_map_s.c.o[0m
[ 78%] [32mBuilding C object CMakeFiles/slam_toolbox__python.dir/rosidl_generator_py/slam_toolbox/srv/_loop_closure_s.c.o[0m
[ 79%] [32mBuilding C object CMakeFiles/slam_toolbox__python.dir/rosidl_generator_py/slam_toolbox/srv/_merge_maps_s.c.o[0m
[ 80%] [32mBuilding C object CMakeFiles/slam_toolbox__python.dir/rosidl_generator_py/slam_toolbox/srv/_add_submap_s.c.o[0m
[ 81%] [32mBuilding C object CMakeFiles/slam_toolbox__python.dir/rosidl_generator_py/slam_toolbox/srv/_deserialize_pose_graph_s.c.o[0m
[ 81%] [32mBuilding C object CMakeFiles/slam_toolbox__python.dir/rosidl_generator_py/slam_toolbox/srv/_serialize_pose_graph_s.c.o[0m
[ 82%] [32m[1mLinking C shared library rosidl_generator_py/slam_toolbox/libslam_toolbox__python.so[0m
[ 82%] Built target slam_toolbox__python
[35m[1mScanning dependencies of target lifelong_slam_toolbox_node[0m
[ 82%] [32mBuilding CXX object CMakeFiles/lifelong_slam_toolbox_node.dir/src/experimental/slam_toolbox_lifelong_node.cpp.o[0m
[ 83%] [32m[1mLinking CXX executable lifelong_slam_toolbox_node[0m
[ 83%] Built target lifelong_slam_toolbox_node
[35m[1mScanning dependencies of target slam_toolbox__rosidl_typesupport_introspection_c__pyext[0m
[ 84%] [32mBuilding C object CMakeFiles/slam_toolbox__rosidl_typesupport_introspection_c__pyext.dir/rosidl_generator_py/slam_toolbox/_slam_toolbox_s.ep.rosidl_typesupport_introspection_c.c.o[0m
[ 84%] [32m[1mLinking C shared library rosidl_generator_py/slam_toolbox/slam_toolbox_s__rosidl_typesupport_introspection_c.cpython-36m-aarch64-linux-gnu.so[0m
[ 84%] Built target slam_toolbox__rosidl_typesupport_introspection_c__pyext
[35m[1mScanning dependencies of target slam_toolbox__rosidl_typesupport_c__pyext[0m
[ 84%] [32mBuilding C object CMakeFiles/slam_toolbox__rosidl_typesupport_c__pyext.dir/rosidl_generator_py/slam_toolbox/_slam_toolbox_s.ep.rosidl_typesupport_c.c.o[0m
[ 85%] [32m[1mLinking C shared library rosidl_generator_py/slam_toolbox/slam_toolbox_s__rosidl_typesupport_c.cpython-36m-aarch64-linux-gnu.so[0m
[ 85%] Built target slam_toolbox__rosidl_typesupport_c__pyext
[35m[1mScanning dependencies of target slam_toolbox__rosidl_typesupport_fastrtps_c__pyext[0m
[ 85%] [32mBuilding C object CMakeFiles/slam_toolbox__rosidl_typesupport_fastrtps_c__pyext.dir/rosidl_generator_py/slam_toolbox/_slam_toolbox_s.ep.rosidl_typesupport_fastrtps_c.c.o[0m
[ 86%] [32m[1mLinking CXX shared library rosidl_generator_py/slam_toolbox/slam_toolbox_s__rosidl_typesupport_fastrtps_c.cpython-36m-aarch64-linux-gnu.so[0m
[ 86%] Built target slam_toolbox__rosidl_typesupport_fastrtps_c__pyext
[35m[1mScanning dependencies of target async_slam_toolbox[0m
[ 87%] [32mBuilding CXX object CMakeFiles/async_slam_toolbox.dir/src/slam_toolbox_async.cpp.o[0m
[ 88%] [32m[1mLinking CXX shared library libasync_slam_toolbox.so[0m
[ 88%] Built target async_slam_toolbox
[35m[1mScanning dependencies of target sync_slam_toolbox[0m
[ 89%] [32mBuilding CXX object CMakeFiles/sync_slam_toolbox.dir/src/slam_toolbox_sync.cpp.o[0m
[ 90%] [32m[1mLinking CXX shared library libsync_slam_toolbox.so[0m
[ 90%] Built target sync_slam_toolbox
[35m[1mScanning dependencies of target async_slam_toolbox_node[0m
[ 91%] [32mBuilding CXX object CMakeFiles/async_slam_toolbox_node.dir/src/slam_toolbox_async_node.cpp.o[0m
[ 91%] [32m[1mLinking CXX executable async_slam_toolbox_node[0m
[ 91%] Built target async_slam_toolbox_node
[35m[1mScanning dependencies of target sync_slam_toolbox_node[0m
[ 91%] [32mBuilding CXX object CMakeFiles/sync_slam_toolbox_node.dir/src/slam_toolbox_sync_node.cpp.o[0m
[ 92%] [32m[1mLinking CXX executable sync_slam_toolbox_node[0m
[ 92%] Built target sync_slam_toolbox_node
[35m[1mScanning dependencies of target localization_slam_toolbox[0m
[ 93%] [32mBuilding CXX object CMakeFiles/localization_slam_toolbox.dir/src/slam_toolbox_localization.cpp.o[0m
[ 93%] [32m[1mLinking CXX shared library liblocalization_slam_toolbox.so[0m
[ 93%] Built target localization_slam_toolbox
[35m[1mScanning dependencies of target merge_maps_kinematic[0m
[ 94%] [32mBuilding CXX object CMakeFiles/merge_maps_kinematic.dir/src/merge_maps_kinematic.cpp.o[0m
[ 94%] [32m[1mLinking CXX executable merge_maps_kinematic[0m
[ 94%] Built target merge_maps_kinematic
[35m[1mScanning dependencies of target localization_slam_toolbox_node[0m
[ 95%] [32mBuilding CXX object CMakeFiles/localization_slam_toolbox_node.dir/src/slam_toolbox_localization_node.cpp.o[0m
[ 96%] [32m[1mLinking CXX executable localization_slam_toolbox_node[0m
[ 96%] Built target localization_slam_toolbox_node
[ 96%] [34m[1mGenerating rviz_plugin/moc_slam_toolbox_rviz_plugin.cpp[0m
[35m[1mScanning dependencies of target SlamToolboxPlugin[0m
[ 97%] [32mBuilding CXX object CMakeFiles/SlamToolboxPlugin.dir/rviz_plugin/slam_toolbox_rviz_plugin.cpp.o[0m
[ 98%] [32mBuilding CXX object CMakeFiles/SlamToolboxPlugin.dir/rviz_plugin/moc_slam_toolbox_rviz_plugin.cpp.o[0m
[ 98%] [32m[1mLinking CXX shared library libSlamToolboxPlugin.so[0m
[ 98%] Built target SlamToolboxPlugin
[35m[1mScanning dependencies of target ceres_solver_plugin[0m
[ 99%] [32mBuilding CXX object CMakeFiles/ceres_solver_plugin.dir/solvers/ceres_solver.cpp.o[0m
[100%] [32m[1mLinking CXX shared library libceres_solver_plugin.so[0m
[100%] Built target ceres_solver_plugin
-- Install configuration: "Release"
-- Installing: /home/nvidia/workspace/alan/src/AMR_ros2_slam_nav2/install/slam_toolbox/share/ament_index/resource_index/rosidl_interfaces/slam_toolbox
-- Installing: /home/nvidia/workspace/alan/src/AMR_ros2_slam_nav2/install/slam_toolbox/include/slam_toolbox
-- Installing: /home/nvidia/workspace/alan/src/AMR_ros2_slam_nav2/install/slam_toolbox/include/slam_toolbox/srv
-- Installing: /home/nvidia/workspace/alan/src/AMR_ros2_slam_nav2/install/slam_toolbox/include/slam_toolbox/srv/serialize_pose_graph.h
-- Installing: /home/nvidia/workspace/alan/src/AMR_ros2_slam_nav2/install/slam_toolbox/include/slam_toolbox/srv/loop_closure.h
-- Installing: /home/nvidia/workspace/alan/src/AMR_ros2_slam_nav2/install/slam_toolbox/include/slam_toolbox/srv/clear_queue.h
-- Installing: /home/nvidia/workspace/alan/src/AMR_ros2_slam_nav2/install/slam_toolbox/include/slam_toolbox/srv/add_submap.h
-- Installing: /home/nvidia/workspace/alan/src/AMR_ros2_slam_nav2/install/slam_toolbox/include/slam_toolbox/srv/merge_maps.h
-- Installing: /home/nvidia/workspace/alan/src/AMR_ros2_slam_nav2/install/slam_toolbox/include/slam_toolbox/srv/detail
-- Installing: /home/nvidia/workspace/alan/src/AMR_ros2_slam_nav2/install/slam_toolbox/include/slam_toolbox/srv/detail/toggle_interactive__functions.c
-- Installing: /home/nvidia/workspace/alan/src/AMR_ros2_slam_nav2/install/slam_toolbox/include/slam_toolbox/srv/detail/toggle_interactive__functions.h
-- Installing: /home/nvidia/workspace/alan/src/AMR_ros2_slam_nav2/install/slam_toolbox/include/slam_toolbox/srv/detail/add_submap__functions.h
-- Installing: /home/nvidia/workspace/alan/src/AMR_ros2_slam_nav2/install/slam_toolbox/include/slam_toolbox/srv/detail/clear_queue__functions.c
-- Installing: /home/nvidia/workspace/alan/src/AMR_ros2_slam_nav2/install/slam_toolbox/include/slam_toolbox/srv/detail/clear_queue__type_support.h
-- Installing: /home/nvidia/workspace/alan/src/AMR_ros2_slam_nav2/install/slam_toolbox/include/slam_toolbox/srv/detail/deserialize_pose_graph__functions.h
-- Installing: /home/nvidia/workspace/alan/src/AMR_ros2_slam_nav2/install/slam_toolbox/include/slam_toolbox/srv/detail/pause__struct.h
-- Installing: /home/nvidia/workspace/alan/src/AMR_ros2_slam_nav2/install/slam_toolbox/include/slam_toolbox/srv/detail/merge_maps__functions.h
-- Installing: /home/nvidia/workspace/alan/src/AMR_ros2_slam_nav2/install/slam_toolbox/include/slam_toolbox/srv/detail/deserialize_pose_graph__struct.h
-- Installing: /home/nvidia/workspace/alan/src/AMR_ros2_slam_nav2/install/slam_toolbox/include/slam_toolbox/srv/detail/serialize_pose_graph__functions.h
-- Installing: /home/nvidia/workspace/alan/src/AMR_ros2_slam_nav2/install/slam_toolbox/include/slam_toolbox/srv/detail/clear__type_support.h
-- Installing: /home/nvidia/workspace/alan/src/AMR_ros2_slam_nav2/install/slam_toolbox/include/slam_toolbox/srv/detail/pause__type_support.h
-- Installing: /home/nvidia/workspace/alan/src/AMR_ros2_slam_nav2/install/slam_toolbox/include/slam_toolbox/srv/detail/clear_queue__functions.h
-- Installing: /home/nvidia/workspace/alan/src/AMR_ros2_slam_nav2/install/slam_toolbox/include/slam_toolbox/srv/detail/clear__functions.c
-- Installing: /home/nvidia/workspace/alan/src/AMR_ros2_slam_nav2/install/slam_toolbox/include/slam_toolbox/srv/detail/serialize_pose_graph__type_support.h
-- Installing: /home/nvidia/workspace/alan/src/AMR_ros2_slam_nav2/install/slam_toolbox/include/slam_toolbox/srv/detail/loop_closure__functions.c
-- Installing: /home/nvidia/workspace/alan/src/AMR_ros2_slam_nav2/install/slam_toolbox/include/slam_toolbox/srv/detail/loop_closure__struct.h
-- Installing: /home/nvidia/workspace/alan/src/AMR_ros2_slam_nav2/install/slam_toolbox/include/slam_toolbox/srv/detail/add_submap__functions.c
-- Installing: /home/nvidia/workspace/alan/src/AMR_ros2_slam_nav2/install/slam_toolbox/include/slam_toolbox/srv/detail/merge_maps__struct.h
-- Installing: /home/nvidia/workspace/alan/src/AMR_ros2_slam_nav2/install/slam_toolbox/include/slam_toolbox/srv/detail/clear_queue__struct.h
-- Installing: /home/nvidia/workspace/alan/src/AMR_ros2_slam_nav2/install/slam_toolbox/include/slam_toolbox/srv/detail/loop_closure__functions.h
-- Installing: /home/nvidia/workspace/alan/src/AMR_ros2_slam_nav2/install/slam_toolbox/include/slam_toolbox/srv/detail/add_submap__type_support.h
-- Installing: /home/nvidia/workspace/alan/src/AMR_ros2_slam_nav2/install/slam_toolbox/include/slam_toolbox/srv/detail/deserialize_pose_graph__type_support.h
-- Installing: /home/nvidia/workspace/alan/src/AMR_ros2_slam_nav2/install/slam_toolbox/include/slam_toolbox/srv/detail/pause__functions.h
-- Installing: /home/nvidia/workspace/alan/src/AMR_ros2_slam_nav2/install/slam_toolbox/include/slam_toolbox/srv/detail/serialize_pose_graph__functions.c
-- Installing: /home/nvidia/workspace/alan/src/AMR_ros2_slam_nav2/install/slam_toolbox/include/slam_toolbox/srv/detail/merge_maps__type_support.h
-- Installing: /home/nvidia/workspace/alan/src/AMR_ros2_slam_nav2/install/slam_toolbox/include/slam_toolbox/srv/detail/add_submap__struct.h
-- Installing: /home/nvidia/workspace/alan/src/AMR_ros2_slam_nav2/install/slam_toolbox/include/slam_toolbox/srv/detail/toggle_interactive__type_support.h
-- Installing: /home/nvidia/workspace/alan/src/AMR_ros2_slam_nav2/install/slam_toolbox/include/slam_toolbox/srv/detail/merge_maps__functions.c
-- Installing: /home/nvidia/workspace/alan/src/AMR_ros2_slam_nav2/install/slam_toolbox/include/slam_toolbox/srv/detail/toggle_interactive__struct.h
-- Installing: /home/nvidia/workspace/alan/src/AMR_ros2_slam_nav2/install/slam_toolbox/include/slam_toolbox/srv/detail/save_map__struct.h
-- Installing: /home/nvidia/workspace/alan/src/AMR_ros2_slam_nav2/install/slam_toolbox/include/slam_toolbox/srv/detail/clear__functions.h
-- Installing: /home/nvidia/workspace/alan/src/AMR_ros2_slam_nav2/install/slam_toolbox/include/slam_toolbox/srv/detail/pause__functions.c
-- Installing: /home/nvidia/workspace/alan/src/AMR_ros2_slam_nav2/install/slam_toolbox/include/slam_toolbox/srv/detail/save_map__type_support.h
-- Installing: /home/nvidia/workspace/alan/src/AMR_ros2_slam_nav2/install/slam_toolbox/include/slam_toolbox/srv/detail/clear__struct.h
-- Installing: /home/nvidia/workspace/alan/src/AMR_ros2_slam_nav2/install/slam_toolbox/include/slam_toolbox/srv/detail/save_map__functions.c
-- Installing: /home/nvidia/workspace/alan/src/AMR_ros2_slam_nav2/install/slam_toolbox/include/slam_toolbox/srv/detail/loop_closure__type_support.h
-- Installing: /home/nvidia/workspace/alan/src/AMR_ros2_slam_nav2/install/slam_toolbox/include/slam_toolbox/srv/detail/serialize_pose_graph__struct.h
-- Installing: /home/nvidia/workspace/alan/src/AMR_ros2_slam_nav2/install/slam_toolbox/include/slam_toolbox/srv/detail/deserialize_pose_graph__functions.c
-- Installing: /home/nvidia/workspace/alan/src/AMR_ros2_slam_nav2/install/slam_toolbox/include/slam_toolbox/srv/detail/save_map__functions.h
-- Installing: /home/nvidia/workspace/alan/src/AMR_ros2_slam_nav2/install/slam_toolbox/include/slam_toolbox/srv/pause.h
-- Installing: /home/nvidia/workspace/alan/src/AMR_ros2_slam_nav2/install/slam_toolbox/include/slam_toolbox/srv/deserialize_pose_graph.h
-- Installing: /home/nvidia/workspace/alan/src/AMR_ros2_slam_nav2/install/slam_toolbox/include/slam_toolbox/srv/save_map.h
-- Installing: /home/nvidia/workspace/alan/src/AMR_ros2_slam_nav2/install/slam_toolbox/include/slam_toolbox/srv/clear.h
-- Installing: /home/nvidia/workspace/alan/src/AMR_ros2_slam_nav2/install/slam_toolbox/include/slam_toolbox/srv/toggle_interactive.h
-- Installing: /home/nvidia/workspace/alan/src/AMR_ros2_slam_nav2/install/slam_toolbox/include/slam_toolbox/msg
-- Installing: /home/nvidia/workspace/alan/src/AMR_ros2_slam_nav2/install/slam_toolbox/include/slam_toolbox/msg/rosidl_generator_c__visibility_control.h
-- Installing: /home/nvidia/workspace/alan/src/AMR_ros2_slam_nav2/install/slam_toolbox/share/slam_toolbox/environment/library_path.sh
-- Installing: /home/nvidia/workspace/alan/src/AMR_ros2_slam_nav2/install/slam_toolbox/share/slam_toolbox/environment/library_path.dsv
-- Installing: /home/nvidia/workspace/alan/src/AMR_ros2_slam_nav2/install/slam_toolbox/lib/libslam_toolbox__rosidl_generator_c.so
-- Set runtime path of "/home/nvidia/workspace/alan/src/AMR_ros2_slam_nav2/install/slam_toolbox/lib/libslam_toolbox__rosidl_generator_c.so" to ""
-- Up-to-date: /home/nvidia/workspace/alan/src/AMR_ros2_slam_nav2/install/slam_toolbox/include/slam_toolbox
-- Up-to-date: /home/nvidia/workspace/alan/src/AMR_ros2_slam_nav2/install/slam_toolbox/include/slam_toolbox/srv
-- Up-to-date: /home/nvidia/workspace/alan/src/AMR_ros2_slam_nav2/install/slam_toolbox/include/slam_toolbox/srv/detail
-- Installing: /home/nvidia/workspace/alan/src/AMR_ros2_slam_nav2/install/slam_toolbox/include/slam_toolbox/srv/detail/save_map__rosidl_typesupport_fastrtps_c.h
-- Installing: /home/nvidia/workspace/alan/src/AMR_ros2_slam_nav2/install/slam_toolbox/include/slam_toolbox/srv/detail/toggle_interactive__rosidl_typesupport_fastrtps_c.h
-- Installing: /home/nvidia/workspace/alan/src/AMR_ros2_slam_nav2/install/slam_toolbox/include/slam_toolbox/srv/detail/deserialize_pose_graph__rosidl_typesupport_fastrtps_c.h
-- Installing: /home/nvidia/workspace/alan/src/AMR_ros2_slam_nav2/install/slam_toolbox/include/slam_toolbox/srv/detail/clear__rosidl_typesupport_fastrtps_c.h
-- Installing: /home/nvidia/workspace/alan/src/AMR_ros2_slam_nav2/install/slam_toolbox/include/slam_toolbox/srv/detail/clear_queue__rosidl_typesupport_fastrtps_c.h
-- Installing: /home/nvidia/workspace/alan/src/AMR_ros2_slam_nav2/install/slam_toolbox/include/slam_toolbox/srv/detail/serialize_pose_graph__rosidl_typesupport_fastrtps_c.h
-- Installing: /home/nvidia/workspace/alan/src/AMR_ros2_slam_nav2/install/slam_toolbox/include/slam_toolbox/srv/detail/pause__rosidl_typesupport_fastrtps_c.h
-- Installing: /home/nvidia/workspace/alan/src/AMR_ros2_slam_nav2/install/slam_toolbox/include/slam_toolbox/srv/detail/add_submap__rosidl_typesupport_fastrtps_c.h
-- Installing: /home/nvidia/workspace/alan/src/AMR_ros2_slam_nav2/install/slam_toolbox/include/slam_toolbox/srv/detail/loop_closure__rosidl_typesupport_fastrtps_c.h
-- Installing: /home/nvidia/workspace/alan/src/AMR_ros2_slam_nav2/install/slam_toolbox/include/slam_toolbox/srv/detail/merge_maps__rosidl_typesupport_fastrtps_c.h
-- Up-to-date: /home/nvidia/workspace/alan/src/AMR_ros2_slam_nav2/install/slam_toolbox/include/slam_toolbox/msg
-- Installing: /home/nvidia/workspace/alan/src/AMR_ros2_slam_nav2/install/slam_toolbox/include/slam_toolbox/msg/rosidl_typesupport_fastrtps_c__visibility_control.h
-- Installing: /home/nvidia/workspace/alan/src/AMR_ros2_slam_nav2/install/slam_toolbox/lib/libslam_toolbox__rosidl_typesupport_fastrtps_c.so
-- Set runtime path of "/home/nvidia/workspace/alan/src/AMR_ros2_slam_nav2/install/slam_toolbox/lib/libslam_toolbox__rosidl_typesupport_fastrtps_c.so" to ""
-- Up-to-date: /home/nvidia/workspace/alan/src/AMR_ros2_slam_nav2/install/slam_toolbox/include/slam_toolbox
-- Up-to-date: /home/nvidia/workspace/alan/src/AMR_ros2_slam_nav2/install/slam_toolbox/include/slam_toolbox/srv
-- Up-to-date: /home/nvidia/workspace/alan/src/AMR_ros2_slam_nav2/install/slam_toolbox/include/slam_toolbox/srv/detail
-- Installing: /home/nvidia/workspace/alan/src/AMR_ros2_slam_nav2/install/slam_toolbox/include/slam_toolbox/srv/detail/deserialize_pose_graph__rosidl_typesupport_fastrtps_cpp.hpp
-- Installing: /home/nvidia/workspace/alan/src/AMR_ros2_slam_nav2/install/slam_toolbox/include/slam_toolbox/srv/detail/clear__rosidl_typesupport_fastrtps_cpp.hpp
-- Installing: /home/nvidia/workspace/alan/src/AMR_ros2_slam_nav2/install/slam_toolbox/include/slam_toolbox/srv/detail/save_map__rosidl_typesupport_fastrtps_cpp.hpp
-- Installing: /home/nvidia/workspace/alan/src/AMR_ros2_slam_nav2/install/slam_toolbox/include/slam_toolbox/srv/detail/loop_closure__rosidl_typesupport_fastrtps_cpp.hpp
-- Installing: /home/nvidia/workspace/alan/src/AMR_ros2_slam_nav2/install/slam_toolbox/include/slam_toolbox/srv/detail/toggle_interactive__rosidl_typesupport_fastrtps_cpp.hpp
-- Installing: /home/nvidia/workspace/alan/src/AMR_ros2_slam_nav2/install/slam_toolbox/include/slam_toolbox/srv/detail/dds_fastrtps
-- Installing: /home/nvidia/workspace/alan/src/AMR_ros2_slam_nav2/install/slam_toolbox/include/slam_toolbox/srv/detail/serialize_pose_graph__rosidl_typesupport_fastrtps_cpp.hpp
-- Installing: /home/nvidia/workspace/alan/src/AMR_ros2_slam_nav2/install/slam_toolbox/include/slam_toolbox/srv/detail/clear_queue__rosidl_typesupport_fastrtps_cpp.hpp
-- Installing: /home/nvidia/workspace/alan/src/AMR_ros2_slam_nav2/install/slam_toolbox/include/slam_toolbox/srv/detail/pause__rosidl_typesupport_fastrtps_cpp.hpp
-- Installing: /home/nvidia/workspace/alan/src/AMR_ros2_slam_nav2/install/slam_toolbox/include/slam_toolbox/srv/detail/add_submap__rosidl_typesupport_fastrtps_cpp.hpp
-- Installing: /home/nvidia/workspace/alan/src/AMR_ros2_slam_nav2/install/slam_toolbox/include/slam_toolbox/srv/detail/merge_maps__rosidl_typesupport_fastrtps_cpp.hpp
-- Up-to-date: /home/nvidia/workspace/alan/src/AMR_ros2_slam_nav2/install/slam_toolbox/include/slam_toolbox/msg
-- Installing: /home/nvidia/workspace/alan/src/AMR_ros2_slam_nav2/install/slam_toolbox/include/slam_toolbox/msg/rosidl_typesupport_fastrtps_cpp__visibility_control.h
-- Installing: /home/nvidia/workspace/alan/src/AMR_ros2_slam_nav2/install/slam_toolbox/lib/libslam_toolbox__rosidl_typesupport_fastrtps_cpp.so
-- Set runtime path of "/home/nvidia/workspace/alan/src/AMR_ros2_slam_nav2/install/slam_toolbox/lib/libslam_toolbox__rosidl_typesupport_fastrtps_cpp.so" to ""
-- Up-to-date: /home/nvidia/workspace/alan/src/AMR_ros2_slam_nav2/install/slam_toolbox/include/slam_toolbox
-- Up-to-date: /home/nvidia/workspace/alan/src/AMR_ros2_slam_nav2/install/slam_toolbox/include/slam_toolbox/srv
-- Up-to-date: /home/nvidia/workspace/alan/src/AMR_ros2_slam_nav2/install/slam_toolbox/include/slam_toolbox/srv/detail
-- Installing: /home/nvidia/workspace/alan/src/AMR_ros2_slam_nav2/install/slam_toolbox/include/slam_toolbox/srv/detail/pause__type_support.c
-- Installing: /home/nvidia/workspace/alan/src/AMR_ros2_slam_nav2/install/slam_toolbox/include/slam_toolbox/srv/detail/toggle_interactive__rosidl_typesupport_introspection_c.h
-- Installing: /home/nvidia/workspace/alan/src/AMR_ros2_slam_nav2/install/slam_toolbox/include/slam_toolbox/srv/detail/merge_maps__rosidl_typesupport_introspection_c.h
-- Installing: /home/nvidia/workspace/alan/src/AMR_ros2_slam_nav2/install/slam_toolbox/include/slam_toolbox/srv/detail/loop_closure__type_support.c
-- Installing: /home/nvidia/workspace/alan/src/AMR_ros2_slam_nav2/install/slam_toolbox/include/slam_toolbox/srv/detail/serialize_pose_graph__rosidl_typesupport_introspection_c.h
-- Installing: /home/nvidia/workspace/alan/src/AMR_ros2_slam_nav2/install/slam_toolbox/include/slam_toolbox/srv/detail/save_map__type_support.c
-- Installing: /home/nvidia/workspace/alan/src/AMR_ros2_slam_nav2/install/slam_toolbox/include/slam_toolbox/srv/detail/clear_queue__type_support.c
-- Installing: /home/nvidia/workspace/alan/src/AMR_ros2_slam_nav2/install/slam_toolbox/include/slam_toolbox/srv/detail/loop_closure__rosidl_typesupport_introspection_c.h
-- Installing: /home/nvidia/workspace/alan/src/AMR_ros2_slam_nav2/install/slam_toolbox/include/slam_toolbox/srv/detail/clear__rosidl_typesupport_introspection_c.h
-- Installing: /home/nvidia/workspace/alan/src/AMR_ros2_slam_nav2/install/slam_toolbox/include/slam_toolbox/srv/detail/pause__rosidl_typesupport_introspection_c.h
-- Installing: /home/nvidia/workspace/alan/src/AMR_ros2_slam_nav2/install/slam_toolbox/include/slam_toolbox/srv/detail/clear_queue__rosidl_typesupport_introspection_c.h
-- Installing: /home/nvidia/workspace/alan/src/AMR_ros2_slam_nav2/install/slam_toolbox/include/slam_toolbox/srv/detail/deserialize_pose_graph__type_support.c
-- Installing: /home/nvidia/workspace/alan/src/AMR_ros2_slam_nav2/install/slam_toolbox/include/slam_toolbox/srv/detail/save_map__rosidl_typesupport_introspection_c.h
-- Installing: /home/nvidia/workspace/alan/src/AMR_ros2_slam_nav2/install/slam_toolbox/include/slam_toolbox/srv/detail/serialize_pose_graph__type_support.c
-- Installing: /home/nvidia/workspace/alan/src/AMR_ros2_slam_nav2/install/slam_toolbox/include/slam_toolbox/srv/detail/add_submap__type_support.c
-- Installing: /home/nvidia/workspace/alan/src/AMR_ros2_slam_nav2/install/slam_toolbox/include/slam_toolbox/srv/detail/deserialize_pose_graph__rosidl_typesupport_introspection_c.h
-- Installing: /home/nvidia/workspace/alan/src/AMR_ros2_slam_nav2/install/slam_toolbox/include/slam_toolbox/srv/detail/add_submap__rosidl_typesupport_introspection_c.h
-- Installing: /home/nvidia/workspace/alan/src/AMR_ros2_slam_nav2/install/slam_toolbox/include/slam_toolbox/srv/detail/merge_maps__type_support.c
-- Installing: /home/nvidia/workspace/alan/src/AMR_ros2_slam_nav2/install/slam_toolbox/include/slam_toolbox/srv/detail/toggle_interactive__type_support.c
-- Installing: /home/nvidia/workspace/alan/src/AMR_ros2_slam_nav2/install/slam_toolbox/include/slam_toolbox/srv/detail/clear__type_support.c
-- Up-to-date: /home/nvidia/workspace/alan/src/AMR_ros2_slam_nav2/install/slam_toolbox/include/slam_toolbox/msg
-- Installing: /home/nvidia/workspace/alan/src/AMR_ros2_slam_nav2/install/slam_toolbox/include/slam_toolbox/msg/rosidl_typesupport_introspection_c__visibility_control.h
-- Installing: /home/nvidia/workspace/alan/src/AMR_ros2_slam_nav2/install/slam_toolbox/lib/libslam_toolbox__rosidl_typesupport_introspection_c.so
-- Set runtime path of "/home/nvidia/workspace/alan/src/AMR_ros2_slam_nav2/install/slam_toolbox/lib/libslam_toolbox__rosidl_typesupport_introspection_c.so" to ""
-- Installing: /home/nvidia/workspace/alan/src/AMR_ros2_slam_nav2/install/slam_toolbox/lib/libslam_toolbox__rosidl_typesupport_c.so
-- Set runtime path of "/home/nvidia/workspace/alan/src/AMR_ros2_slam_nav2/install/slam_toolbox/lib/libslam_toolbox__rosidl_typesupport_c.so" to ""
-- Up-to-date: /home/nvidia/workspace/alan/src/AMR_ros2_slam_nav2/install/slam_toolbox/include/slam_toolbox
-- Up-to-date: /home/nvidia/workspace/alan/src/AMR_ros2_slam_nav2/install/slam_toolbox/include/slam_toolbox/srv
-- Up-to-date: /home/nvidia/workspace/alan/src/AMR_ros2_slam_nav2/install/slam_toolbox/include/slam_toolbox/srv/detail
-- Installing: /home/nvidia/workspace/alan/src/AMR_ros2_slam_nav2/install/slam_toolbox/include/slam_toolbox/srv/detail/save_map__builder.hpp
-- Installing: /home/nvidia/workspace/alan/src/AMR_ros2_slam_nav2/install/slam_toolbox/include/slam_toolbox/srv/detail/serialize_pose_graph__traits.hpp
-- Installing: /home/nvidia/workspace/alan/src/AMR_ros2_slam_nav2/install/slam_toolbox/include/slam_toolbox/srv/detail/serialize_pose_graph__struct.hpp
-- Installing: /home/nvidia/workspace/alan/src/AMR_ros2_slam_nav2/install/slam_toolbox/include/slam_toolbox/srv/detail/loop_closure__traits.hpp
-- Installing: /home/nvidia/workspace/alan/src/AMR_ros2_slam_nav2/install/slam_toolbox/include/slam_toolbox/srv/detail/clear__traits.hpp
-- Installing: /home/nvidia/workspace/alan/src/AMR_ros2_slam_nav2/install/slam_toolbox/include/slam_toolbox/srv/detail/clear_queue__traits.hpp
-- Installing: /home/nvidia/workspace/alan/src/AMR_ros2_slam_nav2/install/slam_toolbox/include/slam_toolbox/srv/detail/toggle_interactive__struct.hpp
-- Installing: /home/nvidia/workspace/alan/src/AMR_ros2_slam_nav2/install/slam_toolbox/include/slam_toolbox/srv/detail/deserialize_pose_graph__traits.hpp
-- Installing: /home/nvidia/workspace/alan/src/AMR_ros2_slam_nav2/install/slam_toolbox/include/slam_toolbox/srv/detail/deserialize_pose_graph__struct.hpp
-- Installing: /home/nvidia/workspace/alan/src/AMR_ros2_slam_nav2/install/slam_toolbox/include/slam_toolbox/srv/detail/loop_closure__struct.hpp
-- Installing: /home/nvidia/workspace/alan/src/AMR_ros2_slam_nav2/install/slam_toolbox/include/slam_toolbox/srv/detail/pause__struct.hpp
-- Installing: /home/nvidia/workspace/alan/src/AMR_ros2_slam_nav2/install/slam_toolbox/include/slam_toolbox/srv/detail/merge_maps__builder.hpp
-- Installing: /home/nvidia/workspace/alan/src/AMR_ros2_slam_nav2/install/slam_toolbox/include/slam_toolbox/srv/detail/add_submap__builder.hpp
-- Installing: /home/nvidia/workspace/alan/src/AMR_ros2_slam_nav2/install/slam_toolbox/include/slam_toolbox/srv/detail/save_map__traits.hpp
-- Installing: /home/nvidia/workspace/alan/src/AMR_ros2_slam_nav2/install/slam_toolbox/include/slam_toolbox/srv/detail/clear_queue__builder.hpp
-- Installing: /home/nvidia/workspace/alan/src/AMR_ros2_slam_nav2/install/slam_toolbox/include/slam_toolbox/srv/detail/toggle_interactive__traits.hpp
-- Installing: /home/nvidia/workspace/alan/src/AMR_ros2_slam_nav2/install/slam_toolbox/include/slam_toolbox/srv/detail/toggle_interactive__builder.hpp
-- Installing: /home/nvidia/workspace/alan/src/AMR_ros2_slam_nav2/install/slam_toolbox/include/slam_toolbox/srv/detail/serialize_pose_graph__builder.hpp
-- Installing: /home/nvidia/workspace/alan/src/AMR_ros2_slam_nav2/install/slam_toolbox/include/slam_toolbox/srv/detail/merge_maps__traits.hpp
-- Installing: /home/nvidia/workspace/alan/src/AMR_ros2_slam_nav2/install/slam_toolbox/include/slam_toolbox/srv/detail/add_submap__traits.hpp
-- Installing: /home/nvidia/workspace/alan/src/AMR_ros2_slam_nav2/install/slam_toolbox/include/slam_toolbox/srv/detail/loop_closure__builder.hpp
-- Installing: /home/nvidia/workspace/alan/src/AMR_ros2_slam_nav2/install/slam_toolbox/include/slam_toolbox/srv/detail/pause__builder.hpp
-- Installing: /home/nvidia/workspace/alan/src/AMR_ros2_slam_nav2/install/slam_toolbox/include/slam_toolbox/srv/detail/clear__struct.hpp
-- Installing: /home/nvidia/workspace/alan/src/AMR_ros2_slam_nav2/install/slam_toolbox/include/slam_toolbox/srv/detail/deserialize_pose_graph__builder.hpp
-- Installing: /home/nvidia/workspace/alan/src/AMR_ros2_slam_nav2/install/slam_toolbox/include/slam_toolbox/srv/detail/add_submap__struct.hpp
-- Installing: /home/nvidia/workspace/alan/src/AMR_ros2_slam_nav2/install/slam_toolbox/include/slam_toolbox/srv/detail/save_map__struct.hpp
-- Installing: /home/nvidia/workspace/alan/src/AMR_ros2_slam_nav2/install/slam_toolbox/include/slam_toolbox/srv/detail/merge_maps__struct.hpp
-- Installing: /home/nvidia/workspace/alan/src/AMR_ros2_slam_nav2/install/slam_toolbox/include/slam_toolbox/srv/detail/clear__builder.hpp
-- Installing: /home/nvidia/workspace/alan/src/AMR_ros2_slam_nav2/install/slam_toolbox/include/slam_toolbox/srv/detail/clear_queue__struct.hpp
-- Installing: /home/nvidia/workspace/alan/src/AMR_ros2_slam_nav2/install/slam_toolbox/include/slam_toolbox/srv/detail/pause__traits.hpp
-- Installing: /home/nvidia/workspace/alan/src/AMR_ros2_slam_nav2/install/slam_toolbox/include/slam_toolbox/srv/deserialize_pose_graph.hpp
-- Installing: /home/nvidia/workspace/alan/src/AMR_ros2_slam_nav2/install/slam_toolbox/include/slam_toolbox/srv/serialize_pose_graph.hpp
-- Installing: /home/nvidia/workspace/alan/src/AMR_ros2_slam_nav2/install/slam_toolbox/include/slam_toolbox/srv/add_submap.hpp
-- Installing: /home/nvidia/workspace/alan/src/AMR_ros2_slam_nav2/install/slam_toolbox/include/slam_toolbox/srv/toggle_interactive.hpp
-- Installing: /home/nvidia/workspace/alan/src/AMR_ros2_slam_nav2/install/slam_toolbox/include/slam_toolbox/srv/pause.hpp
-- Installing: /home/nvidia/workspace/alan/src/AMR_ros2_slam_nav2/install/slam_toolbox/include/slam_toolbox/srv/merge_maps.hpp
-- Installing: /home/nvidia/workspace/alan/src/AMR_ros2_slam_nav2/install/slam_toolbox/include/slam_toolbox/srv/loop_closure.hpp
-- Installing: /home/nvidia/workspace/alan/src/AMR_ros2_slam_nav2/install/slam_toolbox/include/slam_toolbox/srv/clear_queue.hpp
-- Installing: /home/nvidia/workspace/alan/src/AMR_ros2_slam_nav2/install/slam_toolbox/include/slam_toolbox/srv/save_map.hpp
-- Installing: /home/nvidia/workspace/alan/src/AMR_ros2_slam_nav2/install/slam_toolbox/include/slam_toolbox/srv/clear.hpp
-- Up-to-date: /home/nvidia/workspace/alan/src/AMR_ros2_slam_nav2/install/slam_toolbox/include/slam_toolbox
-- Up-to-date: /home/nvidia/workspace/alan/src/AMR_ros2_slam_nav2/install/slam_toolbox/include/slam_toolbox/srv
-- Up-to-date: /home/nvidia/workspace/alan/src/AMR_ros2_slam_nav2/install/slam_toolbox/include/slam_toolbox/srv/detail
-- Installing: /home/nvidia/workspace/alan/src/AMR_ros2_slam_nav2/install/slam_toolbox/include/slam_toolbox/srv/detail/pause__type_support.cpp
-- Installing: /home/nvidia/workspace/alan/src/AMR_ros2_slam_nav2/install/slam_toolbox/include/slam_toolbox/srv/detail/add_submap__rosidl_typesupport_introspection_cpp.hpp
-- Installing: /home/nvidia/workspace/alan/src/AMR_ros2_slam_nav2/install/slam_toolbox/include/slam_toolbox/srv/detail/deserialize_pose_graph__rosidl_typesupport_introspection_cpp.hpp
-- Installing: /home/nvidia/workspace/alan/src/AMR_ros2_slam_nav2/install/slam_toolbox/include/slam_toolbox/srv/detail/clear__type_support.cpp
-- Installing: /home/nvidia/workspace/alan/src/AMR_ros2_slam_nav2/install/slam_toolbox/include/slam_toolbox/srv/detail/merge_maps__rosidl_typesupport_introspection_cpp.hpp
-- Installing: /home/nvidia/workspace/alan/src/AMR_ros2_slam_nav2/install/slam_toolbox/include/slam_toolbox/srv/detail/save_map__rosidl_typesupport_introspection_cpp.hpp
-- Installing: /home/nvidia/workspace/alan/src/AMR_ros2_slam_nav2/install/slam_toolbox/include/slam_toolbox/srv/detail/clear__rosidl_typesupport_introspection_cpp.hpp
-- Installing: /home/nvidia/workspace/alan/src/AMR_ros2_slam_nav2/install/slam_toolbox/include/slam_toolbox/srv/detail/save_map__type_support.cpp
-- Installing: /home/nvidia/workspace/alan/src/AMR_ros2_slam_nav2/install/slam_toolbox/include/slam_toolbox/srv/detail/toggle_interactive__type_support.cpp
-- Installing: /home/nvidia/workspace/alan/src/AMR_ros2_slam_nav2/install/slam_toolbox/include/slam_toolbox/srv/detail/serialize_pose_graph__type_support.cpp
-- Installing: /home/nvidia/workspace/alan/src/AMR_ros2_slam_nav2/install/slam_toolbox/include/slam_toolbox/srv/detail/merge_maps__type_support.cpp
-- Installing: /home/nvidia/workspace/alan/src/AMR_ros2_slam_nav2/install/slam_toolbox/include/slam_toolbox/srv/detail/loop_closure__rosidl_typesupport_introspection_cpp.hpp
-- Installing: /home/nvidia/workspace/alan/src/AMR_ros2_slam_nav2/install/slam_toolbox/include/slam_toolbox/srv/detail/serialize_pose_graph__rosidl_typesupport_introspection_cpp.hpp
-- Installing: /home/nvidia/workspace/alan/src/AMR_ros2_slam_nav2/install/slam_toolbox/include/slam_toolbox/srv/detail/clear_queue__type_support.cpp
-- Installing: /home/nvidia/workspace/alan/src/AMR_ros2_slam_nav2/install/slam_toolbox/include/slam_toolbox/srv/detail/add_submap__type_support.cpp
-- Installing: /home/nvidia/workspace/alan/src/AMR_ros2_slam_nav2/install/slam_toolbox/include/slam_toolbox/srv/detail/deserialize_pose_graph__type_support.cpp
-- Installing: /home/nvidia/workspace/alan/src/AMR_ros2_slam_nav2/install/slam_toolbox/include/slam_toolbox/srv/detail/clear_queue__rosidl_typesupport_introspection_cpp.hpp
-- Installing: /home/nvidia/workspace/alan/src/AMR_ros2_slam_nav2/install/slam_toolbox/include/slam_toolbox/srv/detail/pause__rosidl_typesupport_introspection_cpp.hpp
-- Installing: /home/nvidia/workspace/alan/src/AMR_ros2_slam_nav2/install/slam_toolbox/include/slam_toolbox/srv/detail/loop_closure__type_support.cpp
-- Installing: /home/nvidia/workspace/alan/src/AMR_ros2_slam_nav2/install/slam_toolbox/include/slam_toolbox/srv/detail/toggle_interactive__rosidl_typesupport_introspection_cpp.hpp
-- Installing: /home/nvidia/workspace/alan/src/AMR_ros2_slam_nav2/install/slam_toolbox/lib/libslam_toolbox__rosidl_typesupport_introspection_cpp.so
-- Set runtime path of "/home/nvidia/workspace/alan/src/AMR_ros2_slam_nav2/install/slam_toolbox/lib/libslam_toolbox__rosidl_typesupport_introspection_cpp.so" to ""
-- Installing: /home/nvidia/workspace/alan/src/AMR_ros2_slam_nav2/install/slam_toolbox/lib/libslam_toolbox__rosidl_typesupport_cpp.so
-- Set runtime path of "/home/nvidia/workspace/alan/src/AMR_ros2_slam_nav2/install/slam_toolbox/lib/libslam_toolbox__rosidl_typesupport_cpp.so" to ""
-- Installing: /home/nvidia/workspace/alan/src/AMR_ros2_slam_nav2/install/slam_toolbox/share/slam_toolbox/environment/pythonpath.sh
-- Installing: /home/nvidia/workspace/alan/src/AMR_ros2_slam_nav2/install/slam_toolbox/share/slam_toolbox/environment/pythonpath.dsv
-- Installing: /home/nvidia/workspace/alan/src/AMR_ros2_slam_nav2/install/slam_toolbox/lib/python3.6/site-packages/slam_toolbox/__init__.py
Compiling '/home/nvidia/workspace/alan/src/AMR_ros2_slam_nav2/install/slam_toolbox/lib/python3.6/site-packages/slam_toolbox/__init__.py'...
-- Installing: /home/nvidia/workspace/alan/src/AMR_ros2_slam_nav2/install/slam_toolbox/lib/python3.6/site-packages/slam_toolbox/srv
-- Installing: /home/nvidia/workspace/alan/src/AMR_ros2_slam_nav2/install/slam_toolbox/lib/python3.6/site-packages/slam_toolbox/srv/_toggle_interactive.py
-- Installing: /home/nvidia/workspace/alan/src/AMR_ros2_slam_nav2/install/slam_toolbox/lib/python3.6/site-packages/slam_toolbox/srv/_clear.py
-- Installing: /home/nvidia/workspace/alan/src/AMR_ros2_slam_nav2/install/slam_toolbox/lib/python3.6/site-packages/slam_toolbox/srv/__init__.py
-- Installing: /home/nvidia/workspace/alan/src/AMR_ros2_slam_nav2/install/slam_toolbox/lib/python3.6/site-packages/slam_toolbox/srv/_clear_s.c
-- Installing: /home/nvidia/workspace/alan/src/AMR_ros2_slam_nav2/install/slam_toolbox/lib/python3.6/site-packages/slam_toolbox/srv/_save_map_s.c
-- Installing: /home/nvidia/workspace/alan/src/AMR_ros2_slam_nav2/install/slam_toolbox/lib/python3.6/site-packages/slam_toolbox/srv/_serialize_pose_graph_s.c
-- Installing: /home/nvidia/workspace/alan/src/AMR_ros2_slam_nav2/install/slam_toolbox/lib/python3.6/site-packages/slam_toolbox/srv/_serialize_pose_graph.py
-- Installing: /home/nvidia/workspace/alan/src/AMR_ros2_slam_nav2/install/slam_toolbox/lib/python3.6/site-packages/slam_toolbox/srv/_add_submap.py
-- Installing: /home/nvidia/workspace/alan/src/AMR_ros2_slam_nav2/install/slam_toolbox/lib/python3.6/site-packages/slam_toolbox/srv/_deserialize_pose_graph_s.c
-- Installing: /home/nvidia/workspace/alan/src/AMR_ros2_slam_nav2/install/slam_toolbox/lib/python3.6/site-packages/slam_toolbox/srv/_save_map.py
-- Installing: /home/nvidia/workspace/alan/src/AMR_ros2_slam_nav2/install/slam_toolbox/lib/python3.6/site-packages/slam_toolbox/srv/_pause_s.c
-- Installing: /home/nvidia/workspace/alan/src/AMR_ros2_slam_nav2/install/slam_toolbox/lib/python3.6/site-packages/slam_toolbox/srv/_merge_maps_s.c
-- Installing: /home/nvidia/workspace/alan/src/AMR_ros2_slam_nav2/install/slam_toolbox/lib/python3.6/site-packages/slam_toolbox/srv/_clear_queue.py
-- Installing: /home/nvidia/workspace/alan/src/AMR_ros2_slam_nav2/install/slam_toolbox/lib/python3.6/site-packages/slam_toolbox/srv/_toggle_interactive_s.c
-- Installing: /home/nvidia/workspace/alan/src/AMR_ros2_slam_nav2/install/slam_toolbox/lib/python3.6/site-packages/slam_toolbox/srv/_merge_maps.py
-- Installing: /home/nvidia/workspace/alan/src/AMR_ros2_slam_nav2/install/slam_toolbox/lib/python3.6/site-packages/slam_toolbox/srv/_deserialize_pose_graph.py
-- Installing: /home/nvidia/workspace/alan/src/AMR_ros2_slam_nav2/install/slam_toolbox/lib/python3.6/site-packages/slam_toolbox/srv/_loop_closure_s.c
-- Installing: /home/nvidia/workspace/alan/src/AMR_ros2_slam_nav2/install/slam_toolbox/lib/python3.6/site-packages/slam_toolbox/srv/_pause.py
-- Installing: /home/nvidia/workspace/alan/src/AMR_ros2_slam_nav2/install/slam_toolbox/lib/python3.6/site-packages/slam_toolbox/srv/_loop_closure.py
-- Installing: /home/nvidia/workspace/alan/src/AMR_ros2_slam_nav2/install/slam_toolbox/lib/python3.6/site-packages/slam_toolbox/srv/_add_submap_s.c
-- Installing: /home/nvidia/workspace/alan/src/AMR_ros2_slam_nav2/install/slam_toolbox/lib/python3.6/site-packages/slam_toolbox/srv/_clear_queue_s.c
-- Installing: /home/nvidia/workspace/alan/src/AMR_ros2_slam_nav2/install/slam_toolbox/lib/python3.6/site-packages/slam_toolbox/slam_toolbox_s__rosidl_typesupport_fastrtps_c.cpython-36m-aarch64-linux-gnu.so
-- Set runtime path of "/home/nvidia/workspace/alan/src/AMR_ros2_slam_nav2/install/slam_toolbox/lib/python3.6/site-packages/slam_toolbox/slam_toolbox_s__rosidl_typesupport_fastrtps_c.cpython-36m-aarch64-linux-gnu.so" to ""
-- Installing: /home/nvidia/workspace/alan/src/AMR_ros2_slam_nav2/install/slam_toolbox/lib/python3.6/site-packages/slam_toolbox/slam_toolbox_s__rosidl_typesupport_introspection_c.cpython-36m-aarch64-linux-gnu.so
-- Set runtime path of "/home/nvidia/workspace/alan/src/AMR_ros2_slam_nav2/install/slam_toolbox/lib/python3.6/site-packages/slam_toolbox/slam_toolbox_s__rosidl_typesupport_introspection_c.cpython-36m-aarch64-linux-gnu.so" to ""
-- Installing: /home/nvidia/workspace/alan/src/AMR_ros2_slam_nav2/install/slam_toolbox/lib/python3.6/site-packages/slam_toolbox/slam_toolbox_s__rosidl_typesupport_c.cpython-36m-aarch64-linux-gnu.so
-- Set runtime path of "/home/nvidia/workspace/alan/src/AMR_ros2_slam_nav2/install/slam_toolbox/lib/python3.6/site-packages/slam_toolbox/slam_toolbox_s__rosidl_typesupport_c.cpython-36m-aarch64-linux-gnu.so" to ""
-- Installing: /home/nvidia/workspace/alan/src/AMR_ros2_slam_nav2/install/slam_toolbox/lib/libslam_toolbox__python.so
-- Set runtime path of "/home/nvidia/workspace/alan/src/AMR_ros2_slam_nav2/install/slam_toolbox/lib/libslam_toolbox__python.so" to ""
-- Installing: /home/nvidia/workspace/alan/src/AMR_ros2_slam_nav2/install/slam_toolbox/share/slam_toolbox/srv/Pause.idl
-- Installing: /home/nvidia/workspace/alan/src/AMR_ros2_slam_nav2/install/slam_toolbox/share/slam_toolbox/srv/ClearQueue.idl
-- Installing: /home/nvidia/workspace/alan/src/AMR_ros2_slam_nav2/install/slam_toolbox/share/slam_toolbox/srv/ToggleInteractive.idl
-- Installing: /home/nvidia/workspace/alan/src/AMR_ros2_slam_nav2/install/slam_toolbox/share/slam_toolbox/srv/Clear.idl
-- Installing: /home/nvidia/workspace/alan/src/AMR_ros2_slam_nav2/install/slam_toolbox/share/slam_toolbox/srv/SaveMap.idl
-- Installing: /home/nvidia/workspace/alan/src/AMR_ros2_slam_nav2/install/slam_toolbox/share/slam_toolbox/srv/LoopClosure.idl
-- Installing: /home/nvidia/workspace/alan/src/AMR_ros2_slam_nav2/install/slam_toolbox/share/slam_toolbox/srv/MergeMaps.idl
-- Installing: /home/nvidia/workspace/alan/src/AMR_ros2_slam_nav2/install/slam_toolbox/share/slam_toolbox/srv/AddSubmap.idl
-- Installing: /home/nvidia/workspace/alan/src/AMR_ros2_slam_nav2/install/slam_toolbox/share/slam_toolbox/srv/DeserializePoseGraph.idl
-- Installing: /home/nvidia/workspace/alan/src/AMR_ros2_slam_nav2/install/slam_toolbox/share/slam_toolbox/srv/SerializePoseGraph.idl
-- Installing: /home/nvidia/workspace/alan/src/AMR_ros2_slam_nav2/install/slam_toolbox/share/slam_toolbox/srvs/Pause.srv
-- Installing: /home/nvidia/workspace/alan/src/AMR_ros2_slam_nav2/install/slam_toolbox/share/slam_toolbox/srvs/Pause_Request.msg
-- Installing: /home/nvidia/workspace/alan/src/AMR_ros2_slam_nav2/install/slam_toolbox/share/slam_toolbox/srvs/Pause_Response.msg
-- Installing: /home/nvidia/workspace/alan/src/AMR_ros2_slam_nav2/install/slam_toolbox/share/slam_toolbox/srvs/ClearQueue.srv
-- Installing: /home/nvidia/workspace/alan/src/AMR_ros2_slam_nav2/install/slam_toolbox/share/slam_toolbox/srvs/ClearQueue_Request.msg
-- Installing: /home/nvidia/workspace/alan/src/AMR_ros2_slam_nav2/install/slam_toolbox/share/slam_toolbox/srvs/ClearQueue_Response.msg
-- Installing: /home/nvidia/workspace/alan/src/AMR_ros2_slam_nav2/install/slam_toolbox/share/slam_toolbox/srvs/ToggleInteractive.srv
-- Installing: /home/nvidia/workspace/alan/src/AMR_ros2_slam_nav2/install/slam_toolbox/share/slam_toolbox/srvs/ToggleInteractive_Request.msg
-- Installing: /home/nvidia/workspace/alan/src/AMR_ros2_slam_nav2/install/slam_toolbox/share/slam_toolbox/srvs/ToggleInteractive_Response.msg
-- Installing: /home/nvidia/workspace/alan/src/AMR_ros2_slam_nav2/install/slam_toolbox/share/slam_toolbox/srvs/Clear.srv
-- Installing: /home/nvidia/workspace/alan/src/AMR_ros2_slam_nav2/install/slam_toolbox/share/slam_toolbox/srvs/Clear_Request.msg
-- Installing: /home/nvidia/workspace/alan/src/AMR_ros2_slam_nav2/install/slam_toolbox/share/slam_toolbox/srvs/Clear_Response.msg
-- Installing: /home/nvidia/workspace/alan/src/AMR_ros2_slam_nav2/install/slam_toolbox/share/slam_toolbox/srvs/SaveMap.srv
-- Installing: /home/nvidia/workspace/alan/src/AMR_ros2_slam_nav2/install/slam_toolbox/share/slam_toolbox/srvs/SaveMap_Request.msg
-- Installing: /home/nvidia/workspace/alan/src/AMR_ros2_slam_nav2/install/slam_toolbox/share/slam_toolbox/srvs/SaveMap_Response.msg
-- Installing: /home/nvidia/workspace/alan/src/AMR_ros2_slam_nav2/install/slam_toolbox/share/slam_toolbox/srvs/LoopClosure.srv
-- Installing: /home/nvidia/workspace/alan/src/AMR_ros2_slam_nav2/install/slam_toolbox/share/slam_toolbox/srvs/LoopClosure_Request.msg
-- Installing: /home/nvidia/workspace/alan/src/AMR_ros2_slam_nav2/install/slam_toolbox/share/slam_toolbox/srvs/LoopClosure_Response.msg
-- Installing: /home/nvidia/workspace/alan/src/AMR_ros2_slam_nav2/install/slam_toolbox/share/slam_toolbox/srvs/MergeMaps.srv
-- Installing: /home/nvidia/workspace/alan/src/AMR_ros2_slam_nav2/install/slam_toolbox/share/slam_toolbox/srvs/MergeMaps_Request.msg
-- Installing: /home/nvidia/workspace/alan/src/AMR_ros2_slam_nav2/install/slam_toolbox/share/slam_toolbox/srvs/MergeMaps_Response.msg
-- Installing: /home/nvidia/workspace/alan/src/AMR_ros2_slam_nav2/install/slam_toolbox/share/slam_toolbox/srvs/AddSubmap.srv
-- Installing: /home/nvidia/workspace/alan/src/AMR_ros2_slam_nav2/install/slam_toolbox/share/slam_toolbox/srvs/AddSubmap_Request.msg
-- Installing: /home/nvidia/workspace/alan/src/AMR_ros2_slam_nav2/install/slam_toolbox/share/slam_toolbox/srvs/AddSubmap_Response.msg
-- Installing: /home/nvidia/workspace/alan/src/AMR_ros2_slam_nav2/install/slam_toolbox/share/slam_toolbox/srvs/DeserializePoseGraph.srv
-- Installing: /home/nvidia/workspace/alan/src/AMR_ros2_slam_nav2/install/slam_toolbox/share/slam_toolbox/srvs/DeserializePoseGraph_Request.msg
-- Installing: /home/nvidia/workspace/alan/src/AMR_ros2_slam_nav2/install/slam_toolbox/share/slam_toolbox/srvs/DeserializePoseGraph_Response.msg
-- Installing: /home/nvidia/workspace/alan/src/AMR_ros2_slam_nav2/install/slam_toolbox/share/slam_toolbox/srvs/SerializePoseGraph.srv
-- Installing: /home/nvidia/workspace/alan/src/AMR_ros2_slam_nav2/install/slam_toolbox/share/slam_toolbox/srvs/SerializePoseGraph_Request.msg
-- Installing: /home/nvidia/workspace/alan/src/AMR_ros2_slam_nav2/install/slam_toolbox/share/slam_toolbox/srvs/SerializePoseGraph_Response.msg
-- Installing: /home/nvidia/workspace/alan/src/AMR_ros2_slam_nav2/install/slam_toolbox/share/slam_toolbox/rviz_plugins.xml
-- Installing: /home/nvidia/workspace/alan/src/AMR_ros2_slam_nav2/install/slam_toolbox/share/slam_toolbox/solver_plugins.xml
-- Installing: /home/nvidia/workspace/alan/src/AMR_ros2_slam_nav2/install/slam_toolbox/lib/slam_toolbox/async_slam_toolbox_node
-- Set runtime path of "/home/nvidia/workspace/alan/src/AMR_ros2_slam_nav2/install/slam_toolbox/lib/slam_toolbox/async_slam_toolbox_node" to ""
-- Installing: /home/nvidia/workspace/alan/src/AMR_ros2_slam_nav2/install/slam_toolbox/lib/slam_toolbox/sync_slam_toolbox_node
-- Set runtime path of "/home/nvidia/workspace/alan/src/AMR_ros2_slam_nav2/install/slam_toolbox/lib/slam_toolbox/sync_slam_toolbox_node" to ""
-- Installing: /home/nvidia/workspace/alan/src/AMR_ros2_slam_nav2/install/slam_toolbox/lib/slam_toolbox/localization_slam_toolbox_node
-- Set runtime path of "/home/nvidia/workspace/alan/src/AMR_ros2_slam_nav2/install/slam_toolbox/lib/slam_toolbox/localization_slam_toolbox_node" to ""
-- Installing: /home/nvidia/workspace/alan/src/AMR_ros2_slam_nav2/install/slam_toolbox/lib/slam_toolbox/lifelong_slam_toolbox_node
-- Set runtime path of "/home/nvidia/workspace/alan/src/AMR_ros2_slam_nav2/install/slam_toolbox/lib/slam_toolbox/lifelong_slam_toolbox_node" to ""
-- Installing: /home/nvidia/workspace/alan/src/AMR_ros2_slam_nav2/install/slam_toolbox/lib/slam_toolbox/merge_maps_kinematic
-- Set runtime path of "/home/nvidia/workspace/alan/src/AMR_ros2_slam_nav2/install/slam_toolbox/lib/slam_toolbox/merge_maps_kinematic" to ""
-- Installing: /home/nvidia/workspace/alan/src/AMR_ros2_slam_nav2/install/slam_toolbox/lib/libtoolbox_common.so
-- Set runtime path of "/home/nvidia/workspace/alan/src/AMR_ros2_slam_nav2/install/slam_toolbox/lib/libtoolbox_common.so" to ""
-- Installing: /home/nvidia/workspace/alan/src/AMR_ros2_slam_nav2/install/slam_toolbox/lib/libSlamToolboxPlugin.so
-- Set runtime path of "/home/nvidia/workspace/alan/src/AMR_ros2_slam_nav2/install/slam_toolbox/lib/libSlamToolboxPlugin.so" to ""
-- Installing: /home/nvidia/workspace/alan/src/AMR_ros2_slam_nav2/install/slam_toolbox/lib/libceres_solver_plugin.so
-- Set runtime path of "/home/nvidia/workspace/alan/src/AMR_ros2_slam_nav2/install/slam_toolbox/lib/libceres_solver_plugin.so" to ""
-- Installing: /home/nvidia/workspace/alan/src/AMR_ros2_slam_nav2/install/slam_toolbox/lib/libasync_slam_toolbox.so
-- Set runtime path of "/home/nvidia/workspace/alan/src/AMR_ros2_slam_nav2/install/slam_toolbox/lib/libasync_slam_toolbox.so" to ""
-- Installing: /home/nvidia/workspace/alan/src/AMR_ros2_slam_nav2/install/slam_toolbox/lib/libsync_slam_toolbox.so
-- Set runtime path of "/home/nvidia/workspace/alan/src/AMR_ros2_slam_nav2/install/slam_toolbox/lib/libsync_slam_toolbox.so" to ""
-- Installing: /home/nvidia/workspace/alan/src/AMR_ros2_slam_nav2/install/slam_toolbox/lib/liblocalization_slam_toolbox.so
-- Set runtime path of "/home/nvidia/workspace/alan/src/AMR_ros2_slam_nav2/install/slam_toolbox/lib/liblocalization_slam_toolbox.so" to ""
-- Installing: /home/nvidia/workspace/alan/src/AMR_ros2_slam_nav2/install/slam_toolbox/lib/liblifelong_slam_toolbox.so
-- Set runtime path of "/home/nvidia/workspace/alan/src/AMR_ros2_slam_nav2/install/slam_toolbox/lib/liblifelong_slam_toolbox.so" to ""
-- Up-to-date: /home/nvidia/workspace/alan/src/AMR_ros2_slam_nav2/install/slam_toolbox/lib/libSlamToolboxPlugin.so
-- Up-to-date: /home/nvidia/workspace/alan/src/AMR_ros2_slam_nav2/install/slam_toolbox/include
-- Up-to-date: /home/nvidia/workspace/alan/src/AMR_ros2_slam_nav2/install/slam_toolbox/include/slam_toolbox
-- Installing: /home/nvidia/workspace/alan/src/AMR_ros2_slam_nav2/install/slam_toolbox/include/slam_toolbox/slam_toolbox_sync.hpp
-- Installing: /home/nvidia/workspace/alan/src/AMR_ros2_slam_nav2/install/slam_toolbox/include/slam_toolbox/slam_mapper.hpp
-- Installing: /home/nvidia/workspace/alan/src/AMR_ros2_slam_nav2/install/slam_toolbox/include/slam_toolbox/slam_toolbox_localization.hpp
-- Installing: /home/nvidia/workspace/alan/src/AMR_ros2_slam_nav2/install/slam_toolbox/include/slam_toolbox/snap_utils.hpp
-- Installing: /home/nvidia/workspace/alan/src/AMR_ros2_slam_nav2/install/slam_toolbox/include/slam_toolbox/get_pose_helper.hpp
-- Installing: /home/nvidia/workspace/alan/src/AMR_ros2_slam_nav2/install/slam_toolbox/include/slam_toolbox/visualization_utils.hpp
-- Installing: /home/nvidia/workspace/alan/src/AMR_ros2_slam_nav2/install/slam_toolbox/include/slam_toolbox/loop_closure_assistant.hpp
-- Installing: /home/nvidia/workspace/alan/src/AMR_ros2_slam_nav2/install/slam_toolbox/include/slam_toolbox/slam_toolbox_common.hpp
-- Installing: /home/nvidia/workspace/alan/src/AMR_ros2_slam_nav2/install/slam_toolbox/include/slam_toolbox/toolbox_msgs.hpp
-- Installing: /home/nvidia/workspace/alan/src/AMR_ros2_slam_nav2/install/slam_toolbox/include/slam_toolbox/slam_toolbox_async.hpp
-- Installing: /home/nvidia/workspace/alan/src/AMR_ros2_slam_nav2/install/slam_toolbox/include/slam_toolbox/experimental
-- Installing: /home/nvidia/workspace/alan/src/AMR_ros2_slam_nav2/install/slam_toolbox/include/slam_toolbox/experimental/slam_toolbox_lifelong.hpp
-- Installing: /home/nvidia/workspace/alan/src/AMR_ros2_slam_nav2/install/slam_toolbox/include/slam_toolbox/map_saver.hpp
-- Installing: /home/nvidia/workspace/alan/src/AMR_ros2_slam_nav2/install/slam_toolbox/include/slam_toolbox/serialization.hpp
-- Installing: /home/nvidia/workspace/alan/src/AMR_ros2_slam_nav2/install/slam_toolbox/include/slam_toolbox/toolbox_types.hpp
-- Installing: /home/nvidia/workspace/alan/src/AMR_ros2_slam_nav2/install/slam_toolbox/include/slam_toolbox/merge_maps_kinematic.hpp
-- Installing: /home/nvidia/workspace/alan/src/AMR_ros2_slam_nav2/install/slam_toolbox/include/slam_toolbox/laser_utils.hpp
-- Installing: /home/nvidia/workspace/alan/src/AMR_ros2_slam_nav2/install/slam_toolbox/share/slam_toolbox/launch
-- Installing: /home/nvidia/workspace/alan/src/AMR_ros2_slam_nav2/install/slam_toolbox/share/slam_toolbox/launch/offline_launch.py
-- Installing: /home/nvidia/workspace/alan/src/AMR_ros2_slam_nav2/install/slam_toolbox/share/slam_toolbox/launch/online_sync_launch.py
-- Installing: /home/nvidia/workspace/alan/src/AMR_ros2_slam_nav2/install/slam_toolbox/share/slam_toolbox/launch/online_async_launch.py
-- Installing: /home/nvidia/workspace/alan/src/AMR_ros2_slam_nav2/install/slam_toolbox/share/slam_toolbox/launch/localization_launch.py
-- Installing: /home/nvidia/workspace/alan/src/AMR_ros2_slam_nav2/install/slam_toolbox/share/slam_toolbox/launch/merge_maps_kinematic_launch.py
-- Installing: /home/nvidia/workspace/alan/src/AMR_ros2_slam_nav2/install/slam_toolbox/share/slam_toolbox/launch/lifelong_launch.py
-- Installing: /home/nvidia/workspace/alan/src/AMR_ros2_slam_nav2/install/slam_toolbox/share/slam_toolbox/config
-- Installing: /home/nvidia/workspace/alan/src/AMR_ros2_slam_nav2/install/slam_toolbox/share/slam_toolbox/config/mapper_params_online_async.yaml
-- Installing: /home/nvidia/workspace/alan/src/AMR_ros2_slam_nav2/install/slam_toolbox/share/slam_toolbox/config/mapper_params_lifelong.yaml
-- Installing: /home/nvidia/workspace/alan/src/AMR_ros2_slam_nav2/install/slam_toolbox/share/slam_toolbox/config/mapper_params_offline.yaml
-- Installing: /home/nvidia/workspace/alan/src/AMR_ros2_slam_nav2/install/slam_toolbox/share/slam_toolbox/config/mapper_params_online_sync.yaml
-- Installing: /home/nvidia/workspace/alan/src/AMR_ros2_slam_nav2/install/slam_toolbox/share/slam_toolbox/config/mapper_params_localization.yaml
-- Installing: /home/nvidia/workspace/alan/src/AMR_ros2_slam_nav2/install/slam_toolbox/share/solver_plugins.xml
-- Installing: /home/nvidia/workspace/alan/src/AMR_ros2_slam_nav2/install/slam_toolbox/share/rviz_plugins.xml
-- Installing: /home/nvidia/workspace/alan/src/AMR_ros2_slam_nav2/install/slam_toolbox/share/ament_index/resource_index/package_run_dependencies/slam_toolbox
-- Installing: /home/nvidia/workspace/alan/src/AMR_ros2_slam_nav2/install/slam_toolbox/share/ament_index/resource_index/parent_prefix_path/slam_toolbox
-- Installing: /home/nvidia/workspace/alan/src/AMR_ros2_slam_nav2/install/slam_toolbox/share/slam_toolbox/environment/ament_prefix_path.sh
-- Installing: /home/nvidia/workspace/alan/src/AMR_ros2_slam_nav2/install/slam_toolbox/share/slam_toolbox/environment/ament_prefix_path.dsv
-- Installing: /home/nvidia/workspace/alan/src/AMR_ros2_slam_nav2/install/slam_toolbox/share/slam_toolbox/environment/path.sh
-- Installing: /home/nvidia/workspace/alan/src/AMR_ros2_slam_nav2/install/slam_toolbox/share/slam_toolbox/environment/path.dsv
-- Installing: /home/nvidia/workspace/alan/src/AMR_ros2_slam_nav2/install/slam_toolbox/share/slam_toolbox/local_setup.bash
-- Installing: /home/nvidia/workspace/alan/src/AMR_ros2_slam_nav2/install/slam_toolbox/share/slam_toolbox/local_setup.sh
-- Installing: /home/nvidia/workspace/alan/src/AMR_ros2_slam_nav2/install/slam_toolbox/share/slam_toolbox/local_setup.zsh
-- Installing: /home/nvidia/workspace/alan/src/AMR_ros2_slam_nav2/install/slam_toolbox/share/slam_toolbox/local_setup.dsv
-- Installing: /home/nvidia/workspace/alan/src/AMR_ros2_slam_nav2/install/slam_toolbox/share/slam_toolbox/package.dsv
-- Installing: /home/nvidia/workspace/alan/src/AMR_ros2_slam_nav2/install/slam_toolbox/share/ament_index/resource_index/packages/slam_toolbox
-- Installing: /home/nvidia/workspace/alan/src/AMR_ros2_slam_nav2/install/slam_toolbox/share/ament_index/resource_index/rviz_common__pluginlib__plugin/slam_toolbox
-- Installing: /home/nvidia/workspace/alan/src/AMR_ros2_slam_nav2/install/slam_toolbox/share/ament_index/resource_index/slam_toolbox__pluginlib__plugin/slam_toolbox
-- Installing: /home/nvidia/workspace/alan/src/AMR_ros2_slam_nav2/install/slam_toolbox/share/slam_toolbox/cmake/slam_toolbox__rosidl_generator_cExport.cmake
-- Installing: /home/nvidia/workspace/alan/src/AMR_ros2_slam_nav2/install/slam_toolbox/share/slam_toolbox/cmake/slam_toolbox__rosidl_generator_cExport-release.cmake
-- Installing: /home/nvidia/workspace/alan/src/AMR_ros2_slam_nav2/install/slam_toolbox/share/slam_toolbox/cmake/slam_toolbox__rosidl_typesupport_introspection_cExport.cmake
-- Installing: /home/nvidia/workspace/alan/src/AMR_ros2_slam_nav2/install/slam_toolbox/share/slam_toolbox/cmake/slam_toolbox__rosidl_typesupport_introspection_cExport-release.cmake
-- Installing: /home/nvidia/workspace/alan/src/AMR_ros2_slam_nav2/install/slam_toolbox/share/slam_toolbox/cmake/slam_toolbox__rosidl_typesupport_cExport.cmake
-- Installing: /home/nvidia/workspace/alan/src/AMR_ros2_slam_nav2/install/slam_toolbox/share/slam_toolbox/cmake/slam_toolbox__rosidl_typesupport_cExport-release.cmake
-- Installing: /home/nvidia/workspace/alan/src/AMR_ros2_slam_nav2/install/slam_toolbox/share/slam_toolbox/cmake/slam_toolbox__rosidl_generator_cppExport.cmake
-- Installing: /home/nvidia/workspace/alan/src/AMR_ros2_slam_nav2/install/slam_toolbox/share/slam_toolbox/cmake/slam_toolbox__rosidl_typesupport_introspection_cppExport.cmake
-- Installing: /home/nvidia/workspace/alan/src/AMR_ros2_slam_nav2/install/slam_toolbox/share/slam_toolbox/cmake/slam_toolbox__rosidl_typesupport_introspection_cppExport-release.cmake
-- Installing: /home/nvidia/workspace/alan/src/AMR_ros2_slam_nav2/install/slam_toolbox/share/slam_toolbox/cmake/slam_toolbox__rosidl_typesupport_cppExport.cmake
-- Installing: /home/nvidia/workspace/alan/src/AMR_ros2_slam_nav2/install/slam_toolbox/share/slam_toolbox/cmake/slam_toolbox__rosidl_typesupport_cppExport-release.cmake
-- Installing: /home/nvidia/workspace/alan/src/AMR_ros2_slam_nav2/install/slam_toolbox/share/slam_toolbox/cmake/SlamToolboxPluginExport.cmake
-- Installing: /home/nvidia/workspace/alan/src/AMR_ros2_slam_nav2/install/slam_toolbox/share/slam_toolbox/cmake/SlamToolboxPluginExport-release.cmake
-- Installing: /home/nvidia/workspace/alan/src/AMR_ros2_slam_nav2/install/slam_toolbox/share/slam_toolbox/cmake/rosidl_cmake-extras.cmake
-- Installing: /home/nvidia/workspace/alan/src/AMR_ros2_slam_nav2/install/slam_toolbox/share/slam_toolbox/cmake/ament_cmake_export_dependencies-extras.cmake
-- Installing: /home/nvidia/workspace/alan/src/AMR_ros2_slam_nav2/install/slam_toolbox/share/slam_toolbox/cmake/ament_cmake_export_libraries-extras.cmake
-- Installing: /home/nvidia/workspace/alan/src/AMR_ros2_slam_nav2/install/slam_toolbox/share/slam_toolbox/cmake/ament_cmake_export_targets-extras.cmake
-- Installing: /home/nvidia/workspace/alan/src/AMR_ros2_slam_nav2/install/slam_toolbox/share/slam_toolbox/cmake/ament_cmake_export_include_directories-extras.cmake
-- Installing: /home/nvidia/workspace/alan/src/AMR_ros2_slam_nav2/install/slam_toolbox/share/slam_toolbox/cmake/rosidl_cmake_export_typesupport_libraries-extras.cmake
-- Installing: /home/nvidia/workspace/alan/src/AMR_ros2_slam_nav2/install/slam_toolbox/share/slam_toolbox/cmake/rosidl_cmake_export_typesupport_targets-extras.cmake
-- Installing: /home/nvidia/workspace/alan/src/AMR_ros2_slam_nav2/install/slam_toolbox/share/slam_toolbox/cmake/slam_toolboxConfig.cmake
-- Installing: /home/nvidia/workspace/alan/src/AMR_ros2_slam_nav2/install/slam_toolbox/share/slam_toolbox/cmake/slam_toolboxConfig-version.cmake
-- Installing: /home/nvidia/workspace/alan/src/AMR_ros2_slam_nav2/install/slam_toolbox/share/slam_toolbox/package.xml
-- Up-to-date: /home/nvidia/workspace/alan/src/AMR_ros2_slam_nav2/install/slam_toolbox/include/
-- Installing: /home/nvidia/workspace/alan/src/AMR_ros2_slam_nav2/install/slam_toolbox/include//karto_sdk
-- Installing: /home/nvidia/workspace/alan/src/AMR_ros2_slam_nav2/install/slam_toolbox/include//karto_sdk/nanoflann_adaptors.h
-- Installing: /home/nvidia/workspace/alan/src/AMR_ros2_slam_nav2/install/slam_toolbox/include//karto_sdk/Mapper.h
-- Installing: /home/nvidia/workspace/alan/src/AMR_ros2_slam_nav2/install/slam_toolbox/include//karto_sdk/Math.h
-- Installing: /home/nvidia/workspace/alan/src/AMR_ros2_slam_nav2/install/slam_toolbox/include//karto_sdk/Karto.h
-- Installing: /home/nvidia/workspace/alan/src/AMR_ros2_slam_nav2/install/slam_toolbox/include//karto_sdk/Macros.h
-- Installing: /home/nvidia/workspace/alan/src/AMR_ros2_slam_nav2/install/slam_toolbox/include//karto_sdk/nanoflann.hpp
-- Installing: /home/nvidia/workspace/alan/src/AMR_ros2_slam_nav2/install/slam_toolbox/include//karto_sdk/Types.h
-- Installing: /home/nvidia/workspace/alan/src/AMR_ros2_slam_nav2/install/slam_toolbox/lib/libkartoSlamToolbox.so
-- Set runtime path of "/home/nvidia/workspace/alan/src/AMR_ros2_slam_nav2/install/slam_toolbox/lib/libkartoSlamToolbox.so" to ""
-- Installing: /home/nvidia/workspace/alan/src/AMR_ros2_slam_nav2/install/slam_toolbox/share/karto_sdk/environment/library_path.sh
-- Installing: /home/nvidia/workspace/alan/src/AMR_ros2_slam_nav2/install/slam_toolbox/share/karto_sdk/environment/library_path.dsv
-- Installing: /home/nvidia/workspace/alan/src/AMR_ros2_slam_nav2/install/slam_toolbox/share/ament_index/resource_index/package_run_dependencies/karto_sdk
-- Installing: /home/nvidia/workspace/alan/src/AMR_ros2_slam_nav2/install/slam_toolbox/share/ament_index/resource_index/parent_prefix_path/karto_sdk
-- Installing: /home/nvidia/workspace/alan/src/AMR_ros2_slam_nav2/install/slam_toolbox/share/karto_sdk/environment/ament_prefix_path.sh
-- Installing: /home/nvidia/workspace/alan/src/AMR_ros2_slam_nav2/install/slam_toolbox/share/karto_sdk/environment/ament_prefix_path.dsv
-- Installing: /home/nvidia/workspace/alan/src/AMR_ros2_slam_nav2/install/slam_toolbox/share/karto_sdk/environment/path.sh
-- Installing: /home/nvidia/workspace/alan/src/AMR_ros2_slam_nav2/install/slam_toolbox/share/karto_sdk/environment/path.dsv
-- Installing: /home/nvidia/workspace/alan/src/AMR_ros2_slam_nav2/install/slam_toolbox/share/karto_sdk/local_setup.bash
-- Installing: /home/nvidia/workspace/alan/src/AMR_ros2_slam_nav2/install/slam_toolbox/share/karto_sdk/local_setup.sh
-- Installing: /home/nvidia/workspace/alan/src/AMR_ros2_slam_nav2/install/slam_toolbox/share/karto_sdk/local_setup.zsh
-- Installing: /home/nvidia/workspace/alan/src/AMR_ros2_slam_nav2/install/slam_toolbox/share/karto_sdk/local_setup.dsv
-- Installing: /home/nvidia/workspace/alan/src/AMR_ros2_slam_nav2/install/slam_toolbox/share/karto_sdk/package.dsv
-- Installing: /home/nvidia/workspace/alan/src/AMR_ros2_slam_nav2/install/slam_toolbox/share/ament_index/resource_index/packages/karto_sdk
-- Installing: /home/nvidia/workspace/alan/src/AMR_ros2_slam_nav2/install/slam_toolbox/share/karto_sdk/cmake/ament_cmake_export_libraries-extras.cmake
-- Installing: /home/nvidia/workspace/alan/src/AMR_ros2_slam_nav2/install/slam_toolbox/share/karto_sdk/cmake/ament_cmake_export_include_directories-extras.cmake
-- Installing: /home/nvidia/workspace/alan/src/AMR_ros2_slam_nav2/install/slam_toolbox/share/karto_sdk/cmake/ament_cmake_export_dependencies-extras.cmake
-- Installing: /home/nvidia/workspace/alan/src/AMR_ros2_slam_nav2/install/slam_toolbox/share/karto_sdk/cmake/karto_sdkConfig.cmake
-- Installing: /home/nvidia/workspace/alan/src/AMR_ros2_slam_nav2/install/slam_toolbox/share/karto_sdk/cmake/karto_sdkConfig-version.cmake
-- Installing: /home/nvidia/workspace/alan/src/AMR_ros2_slam_nav2/install/slam_toolbox/share/karto_sdk/package.xml
