[0.060s] Invoking command in '/home/nvidia/workspace/alan/src/AMR_ros2_slam_nav2/build/serial': /usr/local/bin/cmake /home/nvidia/workspace/alan/src/AMR_ros2_slam_nav2/ros2_fdlink_driver/serial -DCMAKE_INSTALL_PREFIX=/home/nvidia/workspace/alan/src/AMR_ros2_slam_nav2/install/serial
[0.404s] -- The C compiler identification is GNU 7.5.0
[0.718s] -- The CXX compiler identification is GNU 7.5.0
[0.789s] -- Check for working C compiler: /usr/bin/cc
[1.006s] -- Check for working C compiler: /usr/bin/cc -- works
[1.020s] -- Detecting C compiler ABI info
[1.276s] -- Detecting C compiler ABI info - done
[1.513s] -- Detecting C compile features
[1.521s] -- Detecting C compile features - done
[1.567s] -- Check for working CXX compiler: /usr/bin/c++
[1.824s] -- Check for working CXX compiler: /usr/bin/c++ -- works
[1.836s] -- Detecting CXX compiler ABI info
[2.086s] -- Detecting CXX compiler ABI info - done
[2.328s] -- Detecting CXX compile features
[2.338s] -- Detecting CXX compile features - done
[2.355s] -- Found rosidl_default_generators: 1.0.1 (/home/workspace/ros2/install/share/rosidl_default_generators/cmake)
[2.365s] -- Found ament_cmake_core: 0.9.9 (/home/workspace/ros2/install/share/ament_cmake_core/cmake)
[2.489s] -- Found PythonInterp: /usr/bin/python3 (found suitable version "3.6.9", minimum required is "3") 
[2.491s] -- Using PYTHON_EXECUTABLE: /usr/bin/python3
[3.428s] -- Using all available rosidl_typesupport_c: rosidl_typesupport_fastrtps_c;rosidl_typesupport_introspection_c
[3.516s] -- Found rosidl_adapter: 1.2.1 (/home/workspace/ros2/install/share/rosidl_adapter/cmake)
[4.192s] -- Found OpenSSL: /usr/lib/aarch64-linux-gnu/libcrypto.so (found version "1.1.1")  
[4.351s] -- Found FastRTPS: /home/workspace/ros2/install/include  
[5.201s] -- Using all available rosidl_typesupport_cpp: rosidl_typesupport_fastrtps_cpp;rosidl_typesupport_introspection_cpp
[6.214s] -- Configuring done
[6.254s] -- Generating done
[6.265s] -- Build files have been written to: /home/nvidia/workspace/alan/src/AMR_ros2_slam_nav2/build/serial
[6.296s] Invoked command in '/home/nvidia/workspace/alan/src/AMR_ros2_slam_nav2/build/serial' returned '0': /usr/local/bin/cmake /home/nvidia/workspace/alan/src/AMR_ros2_slam_nav2/ros2_fdlink_driver/serial -DCMAKE_INSTALL_PREFIX=/home/nvidia/workspace/alan/src/AMR_ros2_slam_nav2/install/serial
[6.298s] Invoking command in '/home/nvidia/workspace/alan/src/AMR_ros2_slam_nav2/build/serial': /usr/local/bin/cmake --build /home/nvidia/workspace/alan/src/AMR_ros2_slam_nav2/build/serial -- -j8 -l8
[6.405s] [35m[1mScanning dependencies of target serial[0m
[6.435s] [ 25%] [32mBuilding CXX object CMakeFiles/serial.dir/src/serial.cc.o[0m
[7.957s] [ 50%] [32mBuilding CXX object CMakeFiles/serial.dir/src/impl/list_ports/list_ports_linux.cc.o[0m
[8.894s] [01m[K/home/nvidia/workspace/alan/src/AMR_ros2_slam_nav2/ros2_fdlink_driver/serial/src/impl/list_ports/list_ports_linux.cc:[m[K In function ‘[01m[Kstd::vector<std::__cxx11::basic_string<char> > glob(const std::vector<std::__cxx11::basic_string<char> >&)[m[K’:
[8.894s] [01m[K/home/nvidia/workspace/alan/src/AMR_ros2_slam_nav2/ros2_fdlink_driver/serial/src/impl/list_ports/list_ports_linux.cc:66:40:[m[K [01;35m[Kwarning: [m[Kcomparison between signed and unsigned integer expressions [[01;35m[K-Wsign-compare[m[K]
[8.895s]      for(int path_index = 0; [01;35m[Kpath_index < glob_results.gl_pathc[m[K; path_index++)
[8.895s]                              [01;35m[K~~~~~~~~~~~^~~~~~~~~~~~~~~~~~~~~~~[m[K
[8.896s] [01m[K/home/nvidia/workspace/alan/src/AMR_ros2_slam_nav2/ros2_fdlink_driver/serial/src/impl/list_ports/list_ports_linux.cc:57:9:[m[K [01;35m[Kwarning: [m[Kvariable ‘[01m[Kglob_retval[m[K’ set but not used [[01;35m[K-Wunused-but-set-variable[m[K]
[8.896s]      int [01;35m[Kglob_retval[m[K = glob(patterns[0].c_str(), 0, NULL, &glob_results);
[8.896s]          [01;35m[K^~~~~~~~~~~[m[K
[8.914s] [01m[K/home/nvidia/workspace/alan/src/AMR_ros2_slam_nav2/ros2_fdlink_driver/serial/src/impl/list_ports/list_ports_linux.cc:[m[K In function ‘[01m[Kstd::__cxx11::string format(const char*, ...)[m[K’:
[8.914s] [01m[K/home/nvidia/workspace/alan/src/AMR_ros2_slam_nav2/ros2_fdlink_driver/serial/src/impl/list_ports/list_ports_linux.cc:246:31:[m[K [01;35m[Kwarning: [m[Kcomparison between signed and unsigned integer expressions [[01;35m[K-Wsign-compare[m[K]
[8.914s]          else if( [01;35m[Kreturn_value >= buffer_size_bytes[m[K )
[8.915s]                   [01;35m[K~~~~~~~~~~~~~^~~~~~~~~~~~~~~~~~~~[m[K
[9.587s] [ 75%] [32mBuilding CXX object CMakeFiles/serial.dir/src/impl/unix.cc.o[0m
[11.017s] [100%] [32m[1mLinking CXX static library libserial.a[0m
[11.085s] [100%] Built target serial
[11.109s] Invoked command in '/home/nvidia/workspace/alan/src/AMR_ros2_slam_nav2/build/serial' returned '0': /usr/local/bin/cmake --build /home/nvidia/workspace/alan/src/AMR_ros2_slam_nav2/build/serial -- -j8 -l8
[11.222s] Invoking command in '/home/nvidia/workspace/alan/src/AMR_ros2_slam_nav2/build/serial': /usr/local/bin/cmake --install /home/nvidia/workspace/alan/src/AMR_ros2_slam_nav2/build/serial
[11.251s] -- Install configuration: ""
[11.254s] -- Installing: /home/nvidia/workspace/alan/src/AMR_ros2_slam_nav2/install/serial/lib/libserial.a
[11.258s] -- Installing: /home/nvidia/workspace/alan/src/AMR_ros2_slam_nav2/install/serial/share/serial/environment/library_path.sh
[11.261s] -- Installing: /home/nvidia/workspace/alan/src/AMR_ros2_slam_nav2/install/serial/share/serial/environment/library_path.dsv
[11.263s] -- Installing: /home/nvidia/workspace/alan/src/AMR_ros2_slam_nav2/install/serial/include/serial
[11.264s] -- Installing: /home/nvidia/workspace/alan/src/AMR_ros2_slam_nav2/install/serial/include/serial/v8stdint.h
[11.267s] -- Installing: /home/nvidia/workspace/alan/src/AMR_ros2_slam_nav2/install/serial/include/serial/serial.h
[11.268s] -- Installing: /home/nvidia/workspace/alan/src/AMR_ros2_slam_nav2/install/serial/include/serial/impl
[11.270s] -- Installing: /home/nvidia/workspace/alan/src/AMR_ros2_slam_nav2/install/serial/include/serial/impl/win.h
[11.272s] -- Installing: /home/nvidia/workspace/alan/src/AMR_ros2_slam_nav2/install/serial/include/serial/impl/unix.h
[11.274s] -- Installing: /home/nvidia/workspace/alan/src/AMR_ros2_slam_nav2/install/serial/share/ament_index/resource_index/package_run_dependencies/serial
[11.277s] -- Installing: /home/nvidia/workspace/alan/src/AMR_ros2_slam_nav2/install/serial/share/ament_index/resource_index/parent_prefix_path/serial
[11.280s] -- Installing: /home/nvidia/workspace/alan/src/AMR_ros2_slam_nav2/install/serial/share/serial/environment/ament_prefix_path.sh
[11.282s] -- Installing: /home/nvidia/workspace/alan/src/AMR_ros2_slam_nav2/install/serial/share/serial/environment/ament_prefix_path.dsv
[11.284s] -- Installing: /home/nvidia/workspace/alan/src/AMR_ros2_slam_nav2/install/serial/share/serial/environment/path.sh
[11.287s] -- Installing: /home/nvidia/workspace/alan/src/AMR_ros2_slam_nav2/install/serial/share/serial/environment/path.dsv
[11.289s] -- Installing: /home/nvidia/workspace/alan/src/AMR_ros2_slam_nav2/install/serial/share/serial/local_setup.bash
[11.291s] -- Installing: /home/nvidia/workspace/alan/src/AMR_ros2_slam_nav2/install/serial/share/serial/local_setup.sh
[11.294s] -- Installing: /home/nvidia/workspace/alan/src/AMR_ros2_slam_nav2/install/serial/share/serial/local_setup.zsh
[11.296s] -- Installing: /home/nvidia/workspace/alan/src/AMR_ros2_slam_nav2/install/serial/share/serial/local_setup.dsv
[11.299s] -- Installing: /home/nvidia/workspace/alan/src/AMR_ros2_slam_nav2/install/serial/share/serial/package.dsv
[11.301s] -- Installing: /home/nvidia/workspace/alan/src/AMR_ros2_slam_nav2/install/serial/share/ament_index/resource_index/packages/serial
[11.304s] -- Installing: /home/nvidia/workspace/alan/src/AMR_ros2_slam_nav2/install/serial/share/serial/cmake/ament_cmake_export_include_directories-extras.cmake
[11.306s] -- Installing: /home/nvidia/workspace/alan/src/AMR_ros2_slam_nav2/install/serial/share/serial/cmake/ament_cmake_export_libraries-extras.cmake
[11.308s] -- Installing: /home/nvidia/workspace/alan/src/AMR_ros2_slam_nav2/install/serial/share/serial/cmake/ament_cmake_export_dependencies-extras.cmake
[11.311s] -- Installing: /home/nvidia/workspace/alan/src/AMR_ros2_slam_nav2/install/serial/share/serial/cmake/serialConfig.cmake
[11.312s] -- Installing: /home/nvidia/workspace/alan/src/AMR_ros2_slam_nav2/install/serial/share/serial/cmake/serialConfig-version.cmake
[11.314s] -- Installing: /home/nvidia/workspace/alan/src/AMR_ros2_slam_nav2/install/serial/share/serial/package.xml
[11.328s] Invoked command in '/home/nvidia/workspace/alan/src/AMR_ros2_slam_nav2/build/serial' returned '0': /usr/local/bin/cmake --install /home/nvidia/workspace/alan/src/AMR_ros2_slam_nav2/build/serial
