[0.154s] Invoking command in '/home/nvidia/workspace/alan/src/AMR_ros2_slam_nav2/build/camera_info_manager': AMENT_PREFIX_PATH=/home/nvidia/workspace/alan/src/AMR_ros2_slam_nav2/install/camera_calibration_parsers:${AMENT_PREFIX_PATH} CMAKE_PREFIX_PATH=/home/nvidia/workspace/alan/src/AMR_ros2_slam_nav2/install/camera_calibration_parsers:${CMAKE_PREFIX_PATH} LD_LIBRARY_PATH=/home/nvidia/workspace/alan/src/AMR_ros2_slam_nav2/install/camera_calibration_parsers/lib:/home/workspace/ros2/install/opt/yaml_cpp_vendor/lib:/home/workspace/ros2/install/opt/rviz_ogre_vendor/lib:/home/workspace/ros2/install/lib:/usr/local/cuda-10.2/lib64 /usr/local/bin/cmake /home/nvidia/workspace/alan/src/AMR_ros2_slam_nav2/image_common/camera_info_manager -DCMAKE_INSTALL_PREFIX=/home/nvidia/workspace/alan/src/AMR_ros2_slam_nav2/install/camera_info_manager
[0.805s] -- The C compiler identification is GNU 7.5.0
[1.343s] -- The CXX compiler identification is GNU 7.5.0
[1.484s] -- Check for working C compiler: /usr/bin/cc
[1.993s] -- Check for working C compiler: /usr/bin/cc -- works
[2.015s] -- Detecting C compiler ABI info
[2.486s] -- Detecting C compiler ABI info - done
[2.857s] -- Detecting C compile features
[2.863s] -- Detecting C compile features - done
[2.956s] -- Check for working CXX compiler: /usr/bin/c++
[3.457s] -- Check for working CXX compiler: /usr/bin/c++ -- works
[3.472s] -- Detecting CXX compiler ABI info
[3.976s] -- Detecting CXX compiler ABI info - done
[4.257s] -- Detecting CXX compile features
[4.264s] -- Detecting CXX compile features - done
[4.279s] -- Found ament_cmake_ros: 0.9.2 (/home/workspace/ros2/install/share/ament_cmake_ros/cmake)
[4.595s] -- Found PythonInterp: /usr/bin/python3 (found suitable version "3.6.9", minimum required is "3") 
[4.596s] -- Using PYTHON_EXECUTABLE: /usr/bin/python3
[5.622s] -- Found ament_index_cpp: 1.1.0 (/home/workspace/ros2/install/share/ament_index_cpp/cmake)
[5.659s] -- Found camera_calibration_parsers: 2.3.0 (/home/nvidia/workspace/alan/src/AMR_ros2_slam_nav2/install/camera_calibration_parsers/share/camera_calibration_parsers/cmake)
[6.131s] -- Using all available rosidl_typesupport_c: rosidl_typesupport_fastrtps_c;rosidl_typesupport_introspection_c
[6.203s] -- Found rosidl_adapter: 1.2.1 (/home/workspace/ros2/install/share/rosidl_adapter/cmake)
[6.703s] -- Found OpenSSL: /usr/lib/aarch64-linux-gnu/libcrypto.so (found version "1.1.1")  
[6.882s] -- Found FastRTPS: /home/workspace/ros2/install/include  
[7.843s] -- Using all available rosidl_typesupport_cpp: rosidl_typesupport_fastrtps_cpp;rosidl_typesupport_introspection_cpp
[8.648s] -- Found rmw_implementation_cmake: 1.0.3 (/home/workspace/ros2/install/share/rmw_implementation_cmake/cmake)
[8.667s] -- Using RMW implementation 'rmw_fastrtps_cpp' as default
[8.675s] -- Looking for pthread.h
[8.997s] -- Looking for pthread.h - found
[9.002s] -- Performing Test CMAKE_HAVE_LIBC_PTHREAD
[9.396s] -- Performing Test CMAKE_HAVE_LIBC_PTHREAD - Failed
[9.399s] -- Looking for pthread_create in pthreads
[9.733s] -- Looking for pthread_create in pthreads - not found
[9.736s] -- Looking for pthread_create in pthread
[10.063s] -- Looking for pthread_create in pthread - found
[10.072s] -- Found Threads: TRUE  
[14.354s] -- Setting yaml-cpp_DIR to: '/home/workspace/ros2/install/share/yaml_cpp_vendor/cmake/../../../opt/yaml_cpp_vendor/lib/cmake/yaml-cpp'
[14.746s] -- Found ament_cmake_cpplint: 0.9.6 (/home/workspace/ros2/install/share/ament_cmake_cpplint/cmake)
[14.757s] -- Found ament_cmake_lint_cmake: 0.9.6 (/home/workspace/ros2/install/share/ament_cmake_lint_cmake/cmake)
[14.766s] -- Found ament_cmake_uncrustify: 0.9.6 (/home/workspace/ros2/install/share/ament_cmake_uncrustify/cmake)
[15.302s] -- Configuring done
[15.460s] -- Generating done
[15.473s] -- Build files have been written to: /home/nvidia/workspace/alan/src/AMR_ros2_slam_nav2/build/camera_info_manager
[15.511s] Invoked command in '/home/nvidia/workspace/alan/src/AMR_ros2_slam_nav2/build/camera_info_manager' returned '0': AMENT_PREFIX_PATH=/home/nvidia/workspace/alan/src/AMR_ros2_slam_nav2/install/camera_calibration_parsers:${AMENT_PREFIX_PATH} CMAKE_PREFIX_PATH=/home/nvidia/workspace/alan/src/AMR_ros2_slam_nav2/install/camera_calibration_parsers:${CMAKE_PREFIX_PATH} LD_LIBRARY_PATH=/home/nvidia/workspace/alan/src/AMR_ros2_slam_nav2/install/camera_calibration_parsers/lib:/home/workspace/ros2/install/opt/yaml_cpp_vendor/lib:/home/workspace/ros2/install/opt/rviz_ogre_vendor/lib:/home/workspace/ros2/install/lib:/usr/local/cuda-10.2/lib64 /usr/local/bin/cmake /home/nvidia/workspace/alan/src/AMR_ros2_slam_nav2/image_common/camera_info_manager -DCMAKE_INSTALL_PREFIX=/home/nvidia/workspace/alan/src/AMR_ros2_slam_nav2/install/camera_info_manager
[15.522s] Invoking command in '/home/nvidia/workspace/alan/src/AMR_ros2_slam_nav2/build/camera_info_manager': AMENT_PREFIX_PATH=/home/nvidia/workspace/alan/src/AMR_ros2_slam_nav2/install/camera_calibration_parsers:${AMENT_PREFIX_PATH} CMAKE_PREFIX_PATH=/home/nvidia/workspace/alan/src/AMR_ros2_slam_nav2/install/camera_calibration_parsers:${CMAKE_PREFIX_PATH} LD_LIBRARY_PATH=/home/nvidia/workspace/alan/src/AMR_ros2_slam_nav2/install/camera_calibration_parsers/lib:/home/workspace/ros2/install/opt/yaml_cpp_vendor/lib:/home/workspace/ros2/install/opt/rviz_ogre_vendor/lib:/home/workspace/ros2/install/lib:/usr/local/cuda-10.2/lib64 /usr/local/bin/cmake --build /home/nvidia/workspace/alan/src/AMR_ros2_slam_nav2/build/camera_info_manager -- -j8 -l8
[15.621s] [35m[1mScanning dependencies of target camera_info_manager[0m
[15.863s] [ 50%] [32mBuilding CXX object CMakeFiles/camera_info_manager.dir/src/camera_info_manager.cpp.o[0m
[22.820s] [100%] [32m[1mLinking CXX shared library libcamera_info_manager.so[0m
[23.998s] [100%] Built target camera_info_manager
[24.026s] Invoked command in '/home/nvidia/workspace/alan/src/AMR_ros2_slam_nav2/build/camera_info_manager' returned '0': AMENT_PREFIX_PATH=/home/nvidia/workspace/alan/src/AMR_ros2_slam_nav2/install/camera_calibration_parsers:${AMENT_PREFIX_PATH} CMAKE_PREFIX_PATH=/home/nvidia/workspace/alan/src/AMR_ros2_slam_nav2/install/camera_calibration_parsers:${CMAKE_PREFIX_PATH} LD_LIBRARY_PATH=/home/nvidia/workspace/alan/src/AMR_ros2_slam_nav2/install/camera_calibration_parsers/lib:/home/workspace/ros2/install/opt/yaml_cpp_vendor/lib:/home/workspace/ros2/install/opt/rviz_ogre_vendor/lib:/home/workspace/ros2/install/lib:/usr/local/cuda-10.2/lib64 /usr/local/bin/cmake --build /home/nvidia/workspace/alan/src/AMR_ros2_slam_nav2/build/camera_info_manager -- -j8 -l8
[24.142s] Invoking command in '/home/nvidia/workspace/alan/src/AMR_ros2_slam_nav2/build/camera_info_manager': AMENT_PREFIX_PATH=/home/nvidia/workspace/alan/src/AMR_ros2_slam_nav2/install/camera_calibration_parsers:${AMENT_PREFIX_PATH} CMAKE_PREFIX_PATH=/home/nvidia/workspace/alan/src/AMR_ros2_slam_nav2/install/camera_calibration_parsers:${CMAKE_PREFIX_PATH} LD_LIBRARY_PATH=/home/nvidia/workspace/alan/src/AMR_ros2_slam_nav2/install/camera_calibration_parsers/lib:/home/workspace/ros2/install/opt/yaml_cpp_vendor/lib:/home/workspace/ros2/install/opt/rviz_ogre_vendor/lib:/home/workspace/ros2/install/lib:/usr/local/cuda-10.2/lib64 /usr/local/bin/cmake --install /home/nvidia/workspace/alan/src/AMR_ros2_slam_nav2/build/camera_info_manager
[24.166s] -- Install configuration: ""
[24.168s] -- Installing: /home/nvidia/workspace/alan/src/AMR_ros2_slam_nav2/install/camera_info_manager/lib/libcamera_info_manager.so
[24.174s] -- Set runtime path of "/home/nvidia/workspace/alan/src/AMR_ros2_slam_nav2/install/camera_info_manager/lib/libcamera_info_manager.so" to ""
[24.175s] -- Installing: /home/nvidia/workspace/alan/src/AMR_ros2_slam_nav2/install/camera_info_manager/include
[24.175s] -- Installing: /home/nvidia/workspace/alan/src/AMR_ros2_slam_nav2/install/camera_info_manager/include/camera_info_manager
[24.176s] -- Installing: /home/nvidia/workspace/alan/src/AMR_ros2_slam_nav2/install/camera_info_manager/include/camera_info_manager/camera_info_manager.hpp
[24.177s] -- Installing: /home/nvidia/workspace/alan/src/AMR_ros2_slam_nav2/install/camera_info_manager/include/camera_info_manager/visibility_control.h
[24.177s] -- Installing: /home/nvidia/workspace/alan/src/AMR_ros2_slam_nav2/install/camera_info_manager/include/camera_info_manager/camera_info_manager.h
[24.178s] -- Installing: /home/nvidia/workspace/alan/src/AMR_ros2_slam_nav2/install/camera_info_manager/share/camera_info_manager/environment/library_path.sh
[24.178s] -- Installing: /home/nvidia/workspace/alan/src/AMR_ros2_slam_nav2/install/camera_info_manager/share/camera_info_manager/environment/library_path.dsv
[24.180s] -- Installing: /home/nvidia/workspace/alan/src/AMR_ros2_slam_nav2/install/camera_info_manager/share/ament_index/resource_index/package_run_dependencies/camera_info_manager
[24.181s] -- Installing: /home/nvidia/workspace/alan/src/AMR_ros2_slam_nav2/install/camera_info_manager/share/ament_index/resource_index/parent_prefix_path/camera_info_manager
[24.183s] -- Installing: /home/nvidia/workspace/alan/src/AMR_ros2_slam_nav2/install/camera_info_manager/share/camera_info_manager/environment/ament_prefix_path.sh
[24.184s] -- Installing: /home/nvidia/workspace/alan/src/AMR_ros2_slam_nav2/install/camera_info_manager/share/camera_info_manager/environment/ament_prefix_path.dsv
[24.185s] -- Installing: /home/nvidia/workspace/alan/src/AMR_ros2_slam_nav2/install/camera_info_manager/share/camera_info_manager/environment/path.sh
[24.187s] -- Installing: /home/nvidia/workspace/alan/src/AMR_ros2_slam_nav2/install/camera_info_manager/share/camera_info_manager/environment/path.dsv
[24.188s] -- Installing: /home/nvidia/workspace/alan/src/AMR_ros2_slam_nav2/install/camera_info_manager/share/camera_info_manager/local_setup.bash
[24.189s] -- Installing: /home/nvidia/workspace/alan/src/AMR_ros2_slam_nav2/install/camera_info_manager/share/camera_info_manager/local_setup.sh
[24.190s] -- Installing: /home/nvidia/workspace/alan/src/AMR_ros2_slam_nav2/install/camera_info_manager/share/camera_info_manager/local_setup.zsh
[24.191s] -- Installing: /home/nvidia/workspace/alan/src/AMR_ros2_slam_nav2/install/camera_info_manager/share/camera_info_manager/local_setup.dsv
[24.193s] -- Installing: /home/nvidia/workspace/alan/src/AMR_ros2_slam_nav2/install/camera_info_manager/share/camera_info_manager/package.dsv
[24.194s] -- Installing: /home/nvidia/workspace/alan/src/AMR_ros2_slam_nav2/install/camera_info_manager/share/ament_index/resource_index/packages/camera_info_manager
[24.195s] -- Installing: /home/nvidia/workspace/alan/src/AMR_ros2_slam_nav2/install/camera_info_manager/share/camera_info_manager/cmake/ament_cmake_export_include_directories-extras.cmake
[24.196s] -- Installing: /home/nvidia/workspace/alan/src/AMR_ros2_slam_nav2/install/camera_info_manager/share/camera_info_manager/cmake/ament_cmake_export_dependencies-extras.cmake
[24.197s] -- Installing: /home/nvidia/workspace/alan/src/AMR_ros2_slam_nav2/install/camera_info_manager/share/camera_info_manager/cmake/ament_cmake_export_libraries-extras.cmake
[24.199s] -- Installing: /home/nvidia/workspace/alan/src/AMR_ros2_slam_nav2/install/camera_info_manager/share/camera_info_manager/cmake/camera_info_managerConfig.cmake
[24.200s] -- Installing: /home/nvidia/workspace/alan/src/AMR_ros2_slam_nav2/install/camera_info_manager/share/camera_info_manager/cmake/camera_info_managerConfig-version.cmake
[24.200s] -- Installing: /home/nvidia/workspace/alan/src/AMR_ros2_slam_nav2/install/camera_info_manager/share/camera_info_manager/package.xml
[24.221s] Invoked command in '/home/nvidia/workspace/alan/src/AMR_ros2_slam_nav2/build/camera_info_manager' returned '0': AMENT_PREFIX_PATH=/home/nvidia/workspace/alan/src/AMR_ros2_slam_nav2/install/camera_calibration_parsers:${AMENT_PREFIX_PATH} CMAKE_PREFIX_PATH=/home/nvidia/workspace/alan/src/AMR_ros2_slam_nav2/install/camera_calibration_parsers:${CMAKE_PREFIX_PATH} LD_LIBRARY_PATH=/home/nvidia/workspace/alan/src/AMR_ros2_slam_nav2/install/camera_calibration_parsers/lib:/home/workspace/ros2/install/opt/yaml_cpp_vendor/lib:/home/workspace/ros2/install/opt/rviz_ogre_vendor/lib:/home/workspace/ros2/install/lib:/usr/local/cuda-10.2/lib64 /usr/local/bin/cmake --install /home/nvidia/workspace/alan/src/AMR_ros2_slam_nav2/build/camera_info_manager
