-- The C compiler identification is GNU 7.5.0
-- The CXX compiler identification is GNU 7.5.0
-- Check for working C compiler: /usr/bin/cc
-- Check for working C compiler: /usr/bin/cc -- works
-- Detecting C compiler ABI info
-- Detecting C compiler ABI info - done
-- Detecting C compile features
-- Detecting C compile features - done
-- Check for working CXX compiler: /usr/bin/c++
-- Check for working CXX compiler: /usr/bin/c++ -- works
-- Detecting CXX compiler ABI info
-- Detecting CXX compiler ABI info - done
-- Detecting CXX compile features
-- Detecting CXX compile features - done
-- Build type: Release
Files /home/nvidia/workspace/alan/src/AMR_ros2_slam_nav2/build/cartographer/AllFiles.cmake and - differ
-- Found PythonInterp: /usr/bin/python (found version "2.7.17") 
-- Looking for pthread.h
-- Looking for pthread.h - found
-- Performing Test CMAKE_HAVE_LIBC_PTHREAD
-- Performing Test CMAKE_HAVE_LIBC_PTHREAD - Failed
-- Looking for pthread_create in pthreads
-- Looking for pthread_create in pthreads - not found
-- Looking for pthread_create in pthread
-- Looking for pthread_create in pthread - found
-- Found Threads: TRUE  
-- Found GMock: gmock_main;-lpthread  
-- Found Boost: /usr/include (found version "1.65.1") found components: iostreams regex 
-- Found installed version of Eigen: /usr/lib/cmake/eigen3
-- Found required Ceres dependency: Eigen version 3.3.4 in /usr/include/eigen3
-- Found required Ceres dependency: glog
-- Found installed version of gflags: /usr/lib/aarch64-linux-gnu/cmake/gflags
-- Detected gflags version: 2.2.1
-- Found required Ceres dependency: gflags
-- Found Ceres version: 1.13.0 installed in: /usr/local with components: [LAPACK, SuiteSparse, SparseLinearAlgebraLibrary, CXSparse, SchurSpecializations, C++11, OpenMP]
-- Found Lua: /usr/lib/aarch64-linux-gnu/liblua5.3.so;/usr/lib/aarch64-linux-gnu/libm.so (found version "5.3.3") 
-- Found Protobuf: /usr/lib/aarch64-linux-gnu/libprotobuf.so;-lpthread (found suitable version "3.0.0", minimum required is "3.0.0") 
-- Found PkgConfig: /usr/bin/pkg-config (found version "0.29.1") 
-- Checking for one of the modules 'cairo>=1.12.16'
-- Found Sphinx: /usr/bin/sphinx-build  
-- Configuring done
-- Generating done
-- Build files have been written to: /home/nvidia/workspace/alan/src/AMR_ros2_slam_nav2/build/cartographer
[35m[1mScanning dependencies of target gmock_main[0m
[  0%] [32mBuilding CXX object gmock/CMakeFiles/gmock_main.dir/usr/src/googletest/googletest/src/gtest-all.cc.o[0m
[  0%] [32mBuilding CXX object gmock/CMakeFiles/gmock_main.dir/src/gmock_main.cc.o[0m
[  1%] [32mBuilding CXX object gmock/CMakeFiles/gmock_main.dir/src/gmock-all.cc.o[0m
[  1%] [32m[1mLinking CXX static library libgmock_main.a[0m
[  1%] Built target gmock_main
[35m[1mScanning dependencies of target build_doc[0m
[  1%] [34m[1mBuilding documentation.[0m
[01mRunning Sphinx v1.6.7[39;49;00m
making output directory...
[01mloading pickled environment... [39;49;00mnot yet created
[01mbuilding [mo]: [39;49;00mtargets for 0 po files that are out of date
[01mbuilding [html][39;49;00m: targets for 5 source files that are out of date
[01mupdating environment: [39;49;00m5 added, 0 changed, 0 removed
[01mreading sources... [39;49;00m[ 20%] [35mconfiguration[39;49;00m                                                                                                                                                                                                                   
[01mreading sources... [39;49;00m[ 40%] [35mcost_functions[39;49;00m                                                                                                                                                                                                                  
[01mreading sources... [39;49;00m[ 60%] [35mevaluation[39;49;00m                                                                                                                                                                                                                      
[01mreading sources... [39;49;00m[ 80%] [35mindex[39;49;00m                                                                                                                                                                                                                           
[01mreading sources... [39;49;00m[100%] [35mterminology[39;49;00m                                                                                                                                                                                                                     

[01mlooking for now-outdated files... [39;49;00mnone found
[01mpickling environment... [39;49;00mdone
[01mchecking consistency... [39;49;00mdone
[01mpreparing documents... [39;49;00mdone
[01mwriting output... [39;49;00m[ 20%] [32mconfiguration[39;49;00m                                                                                                                                                                                                                    
[01mwriting output... [39;49;00m[ 40%] [32mcost_functions[39;49;00m                                                                                                                                                                                                                   
[01mwriting output... [39;49;00m[ 60%] [32mevaluation[39;49;00m                                                                                                                                                                                                                       
[01mwriting output... [39;49;00m[ 80%] [32mindex[39;49;00m                                                                                                                                                                                                                            
[01mwriting output... [39;49;00m[100%] [32mterminology[39;49;00m                                                                                                                                                                                                                      

[01mgenerating indices...[39;49;00m genindex
[01mwriting additional pages...[39;49;00m search
[01mcopying images... [39;49;00m[ 50%] [33mhigh_level_system_overview.png[39;49;00m                                                                                                                                                                                                   
[01mcopying images... [39;49;00m[100%] [33mautogenerate_groundtruth.png[39;49;00m                                                                                                                                                                                                     

[01mcopying static files... [39;49;00mdone
[01mcopying extra files... [39;49;00mdone
[01mdumping search index in English (code: en) ... [39;49;00mdone
[01mdumping object inventory... [39;49;00mdone
[01mbuild succeeded.[39;49;00m
[  1%] Built target build_doc
[35m[1mScanning dependencies of target cartographer_detect_changes[0m
[  1%] Built target cartographer_detect_changes
[  2%] [34m[1mRunning C++ protocol buffer compiler on /home/nvidia/workspace/alan/src/AMR_ros2_slam_nav2/cartographer/cartographer/transform/proto/transform.proto[0m
[  2%] [34m[1mRunning C++ protocol buffer compiler on /home/nvidia/workspace/alan/src/AMR_ros2_slam_nav2/cartographer/cartographer/mapping/proto/2d/map_limits.proto[0m
[  2%] [34m[1mRunning C++ protocol buffer compiler on /home/nvidia/workspace/alan/src/AMR_ros2_slam_nav2/cartographer/cartographer/mapping/proto/2d/probability_grid.proto[0m
[  2%] [34m[1mRunning C++ protocol buffer compiler on /home/nvidia/workspace/alan/src/AMR_ros2_slam_nav2/cartographer/cartographer/mapping/proto/2d/probability_grid_range_data_inserter_options_2d.proto[0m
[  3%] [34m[1mRunning C++ protocol buffer compiler on /home/nvidia/workspace/alan/src/AMR_ros2_slam_nav2/cartographer/cartographer/mapping/proto/2d/submaps_options_2d.proto[0m
[  3%] [34m[1mRunning C++ protocol buffer compiler on /home/nvidia/workspace/alan/src/AMR_ros2_slam_nav2/cartographer/cartographer/mapping/proto/3d/hybrid_grid.proto[0m
[  3%] [34m[1mRunning C++ protocol buffer compiler on /home/nvidia/workspace/alan/src/AMR_ros2_slam_nav2/cartographer/cartographer/mapping/proto/3d/local_trajectory_builder_options_3d.proto[0m
[  4%] [34m[1mRunning C++ protocol buffer compiler on /home/nvidia/workspace/alan/src/AMR_ros2_slam_nav2/cartographer/cartographer/mapping/proto/3d/range_data_inserter_options_3d.proto[0m
[  4%] [34m[1mRunning C++ protocol buffer compiler on /home/nvidia/workspace/alan/src/AMR_ros2_slam_nav2/cartographer/cartographer/mapping/proto/3d/submaps_options_3d.proto[0m
[  4%] [34m[1mRunning C++ protocol buffer compiler on /home/nvidia/workspace/alan/src/AMR_ros2_slam_nav2/cartographer/cartographer/mapping/proto/connected_components.proto[0m
[  4%] [34m[1mRunning C++ protocol buffer compiler on /home/nvidia/workspace/alan/src/AMR_ros2_slam_nav2/cartographer/cartographer/mapping/proto/internal/legacy_serialized_data.proto[0m
[  5%] [34m[1mRunning C++ protocol buffer compiler on /home/nvidia/workspace/alan/src/AMR_ros2_slam_nav2/cartographer/cartographer/mapping/proto/map_builder_options.proto[0m
[  5%] [34m[1mRunning C++ protocol buffer compiler on /home/nvidia/workspace/alan/src/AMR_ros2_slam_nav2/cartographer/cartographer/mapping/proto/motion_filter_options.proto[0m
[  5%] [34m[1mRunning C++ protocol buffer compiler on /home/nvidia/workspace/alan/src/AMR_ros2_slam_nav2/cartographer/cartographer/mapping/proto/pose_graph.proto[0m
[  6%] [34m[1mRunning C++ protocol buffer compiler on /home/nvidia/workspace/alan/src/AMR_ros2_slam_nav2/cartographer/cartographer/mapping/proto/pose_graph/constraint_builder_options.proto[0m
[  6%] [34m[1mRunning C++ protocol buffer compiler on /home/nvidia/workspace/alan/src/AMR_ros2_slam_nav2/cartographer/cartographer/mapping/proto/pose_graph/optimization_problem_options.proto[0m
[  6%] [34m[1mRunning C++ protocol buffer compiler on /home/nvidia/workspace/alan/src/AMR_ros2_slam_nav2/cartographer/cartographer/mapping/proto/pose_graph_options.proto[0m
[  6%] [34m[1mRunning C++ protocol buffer compiler on /home/nvidia/workspace/alan/src/AMR_ros2_slam_nav2/cartographer/cartographer/mapping/proto/range_data_inserter_options.proto[0m
[  7%] [34m[1mRunning C++ protocol buffer compiler on /home/nvidia/workspace/alan/src/AMR_ros2_slam_nav2/cartographer/cartographer/mapping/proto/scan_matching/ceres_scan_matcher_options_2d.proto[0m
[  7%] [34m[1mRunning C++ protocol buffer compiler on /home/nvidia/workspace/alan/src/AMR_ros2_slam_nav2/cartographer/cartographer/mapping/proto/scan_matching/ceres_scan_matcher_options_3d.proto[0m
[  7%] [34m[1mRunning C++ protocol buffer compiler on /home/nvidia/workspace/alan/src/AMR_ros2_slam_nav2/cartographer/cartographer/mapping/proto/scan_matching/fast_correlative_scan_matcher_options_2d.proto[0m
[  8%] [34m[1mRunning C++ protocol buffer compiler on /home/nvidia/workspace/alan/src/AMR_ros2_slam_nav2/cartographer/cartographer/mapping/proto/scan_matching/fast_correlative_scan_matcher_options_3d.proto[0m
[  8%] [34m[1mRunning C++ protocol buffer compiler on /home/nvidia/workspace/alan/src/AMR_ros2_slam_nav2/cartographer/cartographer/mapping/proto/scan_matching/real_time_correlative_scan_matcher_options.proto[0m
[  8%] [34m[1mRunning C++ protocol buffer compiler on /home/nvidia/workspace/alan/src/AMR_ros2_slam_nav2/cartographer/cartographer/mapping/proto/serialization.proto[0m
[  9%] [34m[1mRunning C++ protocol buffer compiler on /home/nvidia/workspace/alan/src/AMR_ros2_slam_nav2/cartographer/cartographer/mapping/proto/submap.proto[0m
[  9%] [34m[1mRunning C++ protocol buffer compiler on /home/nvidia/workspace/alan/src/AMR_ros2_slam_nav2/cartographer/cartographer/mapping/proto/submap_visualization.proto[0m
[  9%] [34m[1mRunning C++ protocol buffer compiler on /home/nvidia/workspace/alan/src/AMR_ros2_slam_nav2/cartographer/cartographer/mapping/proto/trajectory.proto[0m
[  9%] [34m[1mRunning C++ protocol buffer compiler on /home/nvidia/workspace/alan/src/AMR_ros2_slam_nav2/cartographer/cartographer/mapping/proto/trajectory_builder_options.proto[0m
[ 10%] [34m[1mRunning C++ protocol buffer compiler on /home/nvidia/workspace/alan/src/AMR_ros2_slam_nav2/cartographer/cartographer/mapping/proto/trajectory_node_data.proto[0m
[ 10%] [34m[1mRunning C++ protocol buffer compiler on /home/nvidia/workspace/alan/src/AMR_ros2_slam_nav2/cartographer/cartographer/sensor/proto/adaptive_voxel_filter_options.proto[0m
[ 10%] [34m[1mRunning C++ protocol buffer compiler on /home/nvidia/workspace/alan/src/AMR_ros2_slam_nav2/cartographer/cartographer/sensor/proto/sensor.proto[0m
[ 11%] [34m[1mRunning C++ protocol buffer compiler on /home/nvidia/workspace/alan/src/AMR_ros2_slam_nav2/cartographer/cartographer/mapping/proto/2d/local_trajectory_builder_options_2d.proto[0m
[ 11%] [34m[1mRunning C++ protocol buffer compiler on /home/nvidia/workspace/alan/src/AMR_ros2_slam_nav2/cartographer/cartographer/mapping/proto/2d/grid_2d_options.proto[0m
[ 11%] [34m[1mRunning C++ protocol buffer compiler on /home/nvidia/workspace/alan/src/AMR_ros2_slam_nav2/cartographer/cartographer/mapping/proto/2d/grid_2d.proto[0m
[ 12%] [34m[1mRunning C++ protocol buffer compiler on /home/nvidia/workspace/alan/src/AMR_ros2_slam_nav2/cartographer/cartographer/mapping/proto/2d/cell_limits.proto[0m
[ 12%] [34m[1mRunning C++ protocol buffer compiler on /home/nvidia/workspace/alan/src/AMR_ros2_slam_nav2/cartographer/cartographer/ground_truth/proto/relations.proto[0m
[ 12%] [34m[1mRunning C++ protocol buffer compiler on /home/nvidia/workspace/alan/src/AMR_ros2_slam_nav2/cartographer/cartographer/common/proto/ceres_solver_options.proto[0m
[35m[1mScanning dependencies of target cartographer[0m
[ 12%] [32mBuilding CXX object CMakeFiles/cartographer.dir/cartographer/common/ceres_solver_options.cc.o[0m
[ 12%] [32mBuilding CXX object CMakeFiles/cartographer.dir/cartographer/common/thread_pool.cc.o[0m
[ 12%] [32mBuilding CXX object CMakeFiles/cartographer.dir/cartographer/common/time.cc.o[0m
[ 12%] [32mBuilding CXX object CMakeFiles/cartographer.dir/cartographer/ground_truth/relations_text_file.cc.o[0m
[ 13%] [32mBuilding CXX object CMakeFiles/cartographer.dir/cartographer/io/color.cc.o[0m
[ 13%] [32mBuilding CXX object CMakeFiles/cartographer.dir/cartographer/io/coloring_points_processor.cc.o[0m
[ 13%] [32mBuilding CXX object CMakeFiles/cartographer.dir/cartographer/io/counting_points_processor.cc.o[0m
[ 14%] [32mBuilding CXX object CMakeFiles/cartographer.dir/cartographer/io/draw_trajectories.cc.o[0m
[ 14%] [32mBuilding CXX object CMakeFiles/cartographer.dir/cartographer/io/file_writer.cc.o[0m
[ 14%] [32mBuilding CXX object CMakeFiles/cartographer.dir/cartographer/io/fixed_ratio_sampling_points_processor.cc.o[0m
[ 14%] [32mBuilding CXX object CMakeFiles/cartographer.dir/cartographer/io/frame_id_filtering_points_processor.cc.o[0m
[ 15%] [32mBuilding CXX object CMakeFiles/cartographer.dir/cartographer/io/hybrid_grid_points_processor.cc.o[0m
[ 15%] [32mBuilding CXX object CMakeFiles/cartographer.dir/cartographer/io/image.cc.o[0m
[ 15%] [32mBuilding CXX object CMakeFiles/cartographer.dir/cartographer/io/intensity_to_color_points_processor.cc.o[0m
[ 16%] [32mBuilding CXX object CMakeFiles/cartographer.dir/cartographer/io/internal/in_memory_proto_stream.cc.o[0m
[ 16%] [32mBuilding CXX object CMakeFiles/cartographer.dir/cartographer/io/internal/mapping_state_serialization.cc.o[0m
[ 16%] [32mBuilding CXX object CMakeFiles/cartographer.dir/cartographer/io/min_max_range_filtering_points_processor.cc.o[0m
[ 17%] [32mBuilding CXX object CMakeFiles/cartographer.dir/cartographer/io/outlier_removing_points_processor.cc.o[0m
[ 17%] [32mBuilding CXX object CMakeFiles/cartographer.dir/cartographer/io/pcd_writing_points_processor.cc.o[0m
[ 17%] [32mBuilding CXX object CMakeFiles/cartographer.dir/cartographer/io/ply_writing_points_processor.cc.o[0m
[ 17%] [32mBuilding CXX object CMakeFiles/cartographer.dir/cartographer/io/points_batch.cc.o[0m
[ 18%] [32mBuilding CXX object CMakeFiles/cartographer.dir/cartographer/io/points_processor_pipeline_builder.cc.o[0m
[ 18%] [32mBuilding CXX object CMakeFiles/cartographer.dir/cartographer/io/probability_grid_points_processor.cc.o[0m
[ 18%] [32mBuilding CXX object CMakeFiles/cartographer.dir/cartographer/io/proto_stream.cc.o[0m
[ 19%] [32mBuilding CXX object CMakeFiles/cartographer.dir/cartographer/io/proto_stream_deserializer.cc.o[0m
[ 19%] [32mBuilding CXX object CMakeFiles/cartographer.dir/cartographer/io/serialization_format_migration.cc.o[0m
[ 19%] [32mBuilding CXX object CMakeFiles/cartographer.dir/cartographer/io/submap_painter.cc.o[0m
[ 19%] [32mBuilding CXX object CMakeFiles/cartographer.dir/cartographer/io/xray_points_processor.cc.o[0m
[ 20%] [32mBuilding CXX object CMakeFiles/cartographer.dir/cartographer/io/xyz_writing_points_processor.cc.o[0m
[ 20%] [32mBuilding CXX object CMakeFiles/cartographer.dir/cartographer/mapping/2d/grid_2d.cc.o[0m
[ 20%] [32mBuilding CXX object CMakeFiles/cartographer.dir/cartographer/mapping/2d/probability_grid.cc.o[0m
[ 21%] [32mBuilding CXX object CMakeFiles/cartographer.dir/cartographer/mapping/2d/probability_grid_range_data_inserter_2d.cc.o[0m
[ 21%] [32mBuilding CXX object CMakeFiles/cartographer.dir/cartographer/mapping/2d/submap_2d.cc.o[0m
[ 21%] [32mBuilding CXX object CMakeFiles/cartographer.dir/cartographer/mapping/3d/range_data_inserter_3d.cc.o[0m
[ 21%] [32mBuilding CXX object CMakeFiles/cartographer.dir/cartographer/mapping/3d/submap_3d.cc.o[0m
[ 22%] [32mBuilding CXX object CMakeFiles/cartographer.dir/cartographer/mapping/detect_floors.cc.o[0m
[ 23%] [32mBuilding CXX object CMakeFiles/cartographer.dir/cartographer/common/task.cc.o[0m
[ 23%] [32mBuilding CXX object CMakeFiles/cartographer.dir/cartographer/common/lua_parameter_dictionary.cc.o[0m
[ 23%] [32mBuilding CXX object CMakeFiles/cartographer.dir/cartographer/common/internal/testing/thread_pool_for_testing.cc.o[0m
[ 24%] [32mBuilding CXX object CMakeFiles/cartographer.dir/cartographer/common/histogram.cc.o[0m
[ 24%] [32mBuilding CXX object CMakeFiles/cartographer.dir/cartographer/mapping/internal/2d/overlapping_submaps_trimmer_2d.cc.o[0m
[ 25%] [32mBuilding CXX object CMakeFiles/cartographer.dir/cartographer/mapping/internal/2d/pose_graph_2d.cc.o[0m
[ 25%] [32mBuilding CXX object CMakeFiles/cartographer.dir/cartographer/mapping/internal/2d/ray_casting.cc.o[0m
[ 25%] [32mBuilding CXX object CMakeFiles/cartographer.dir/cartographer/mapping/internal/2d/local_trajectory_builder_options_2d.cc.o[0m
[ 26%] [32mBuilding CXX object CMakeFiles/cartographer.dir/cartographer/mapping/internal/2d/local_trajectory_builder_2d.cc.o[0m
[ 26%] [32mBuilding CXX object CMakeFiles/cartographer.dir/cartographer/mapping/internal/2d/local_slam_result_2d.cc.o[0m
[ 26%] [32mBuilding CXX object CMakeFiles/cartographer.dir/cartographer/mapping/imu_tracker.cc.o[0m
[ 26%] [32mBuilding CXX object CMakeFiles/cartographer.dir/cartographer/mapping/internal/3d/local_slam_result_3d.cc.o[0m
[ 27%] [32mBuilding CXX object CMakeFiles/cartographer.dir/cartographer/mapping/internal/3d/local_trajectory_builder_3d.cc.o[0m
[ 27%] [32mBuilding CXX object CMakeFiles/cartographer.dir/cartographer/mapping/internal/2d/scan_matching/real_time_correlative_scan_matcher_2d.cc.o[0m
[ 28%] [32mBuilding CXX object CMakeFiles/cartographer.dir/cartographer/mapping/internal/2d/scan_matching/fast_correlative_scan_matcher_2d.cc.o[0m
[ 28%] [32mBuilding CXX object CMakeFiles/cartographer.dir/cartographer/mapping/internal/3d/local_trajectory_builder_options_3d.cc.o[0m
[ 28%] [32mBuilding CXX object CMakeFiles/cartographer.dir/cartographer/mapping/internal/2d/scan_matching/correlative_scan_matcher_2d.cc.o[0m
[ 28%] [32mBuilding CXX object CMakeFiles/cartographer.dir/cartographer/mapping/internal/2d/scan_matching/ceres_scan_matcher_2d.cc.o[0m
[ 28%] [32mBuilding CXX object CMakeFiles/cartographer.dir/cartographer/common/fixed_ratio_sampler.cc.o[0m
[ 28%] [32mBuilding CXX object CMakeFiles/cartographer.dir/cartographer/common/configuration_file_resolver.cc.o[0m
[ 28%] [32mBuilding CXX object CMakeFiles/cartographer.dir/cartographer/mapping/internal/3d/scan_matching/rotational_scan_matcher.cc.o[0m
[ 28%] [32mBuilding CXX object CMakeFiles/cartographer.dir/cartographer/mapping/internal/collated_trajectory_builder.cc.o[0m
[ 28%] [32mBuilding CXX object CMakeFiles/cartographer.dir/cartographer/mapping/internal/connected_components.cc.o[0m
[ 29%] [32mBuilding CXX object CMakeFiles/cartographer.dir/cartographer/mapping/internal/3d/scan_matching/real_time_correlative_scan_matcher_3d.cc.o[0m
[ 29%] [32mBuilding CXX object CMakeFiles/cartographer.dir/cartographer/mapping/internal/3d/scan_matching/precomputation_grid_3d.cc.o[0m
[ 29%] [32mBuilding CXX object CMakeFiles/cartographer.dir/cartographer/mapping/internal/constraints/constraint_builder_3d.cc.o[0m
[ 30%] [32mBuilding CXX object CMakeFiles/cartographer.dir/cartographer/mapping/internal/global_trajectory_builder.cc.o[0m
[ 30%] [32mBuilding CXX object CMakeFiles/cartographer.dir/cartographer/mapping/internal/constraints/constraint_builder_2d.cc.o[0m
[ 31%] [32mBuilding CXX object CMakeFiles/cartographer.dir/cartographer/mapping/internal/constraints/constraint_builder.cc.o[0m
[ 31%] [32mBuilding CXX object CMakeFiles/cartographer.dir/cartographer/mapping/internal/3d/scan_matching/low_resolution_matcher.cc.o[0m
[ 32%] [32mBuilding CXX object CMakeFiles/cartographer.dir/cartographer/mapping/internal/3d/scan_matching/fast_correlative_scan_matcher_3d.cc.o[0m
[ 32%] [32mBuilding CXX object CMakeFiles/cartographer.dir/cartographer/mapping/internal/optimization/optimization_problem_3d.cc.o[0m
[ 32%] [32mBuilding CXX object CMakeFiles/cartographer.dir/cartographer/mapping/internal/optimization/optimization_problem_options.cc.o[0m
[ 34%] [32mBuilding CXX object CMakeFiles/cartographer.dir/cartographer/mapping/internal/range_data_collator.cc.o[0m
[ 34%] [32mBuilding CXX object CMakeFiles/cartographer.dir/cartographer/mapping/internal/scan_matching/real_time_correlative_scan_matcher.cc.o[0m
[ 34%] [32mBuilding CXX object CMakeFiles/cartographer.dir/cartographer/mapping/internal/submap_controller.cc.o[0m
[ 35%] [32mBuilding CXX object CMakeFiles/cartographer.dir/cartographer/mapping/internal/trajectory_connectivity_state.cc.o[0m
[ 35%] [32mBuilding CXX object CMakeFiles/cartographer.dir/cartographer/mapping/map_builder.cc.o[0m
[ 36%] [32mBuilding CXX object CMakeFiles/cartographer.dir/cartographer/mapping/internal/optimization/optimization_problem_2d.cc.o[0m
[ 36%] [32mBuilding CXX object CMakeFiles/cartographer.dir/cartographer/mapping/pose_extrapolator.cc.o[0m
[ 37%] [32mBuilding CXX object CMakeFiles/cartographer.dir/cartographer/mapping/pose_graph_trimmer.cc.o[0m
[ 37%] [32mBuilding CXX object CMakeFiles/cartographer.dir/cartographer/mapping/probability_values.cc.o[0m
[ 37%] [32mBuilding CXX object CMakeFiles/cartographer.dir/cartographer/mapping/range_data_inserter_interface.cc.o[0m
[ 38%] [32mBuilding CXX object CMakeFiles/cartographer.dir/cartographer/mapping/trajectory_builder_interface.cc.o[0m
[ 38%] [32mBuilding CXX object CMakeFiles/cartographer.dir/cartographer/mapping/trajectory_node.cc.o[0m
[ 38%] [32mBuilding CXX object CMakeFiles/cartographer.dir/cartographer/metrics/counter.cc.o[0m
[ 38%] [32mBuilding CXX object CMakeFiles/cartographer.dir/cartographer/metrics/gauge.cc.o[0m
[ 39%] [32mBuilding CXX object CMakeFiles/cartographer.dir/cartographer/metrics/histogram.cc.o[0m
[ 39%] [32mBuilding CXX object CMakeFiles/cartographer.dir/cartographer/metrics/register.cc.o[0m
[ 39%] [32mBuilding CXX object CMakeFiles/cartographer.dir/cartographer/sensor/compressed_point_cloud.cc.o[0m
[ 39%] [32mBuilding CXX object CMakeFiles/cartographer.dir/cartographer/mapping/pose_graph.cc.o[0m
[ 39%] [32mBuilding CXX object CMakeFiles/cartographer.dir/cartographer/sensor/imu_data.cc.o[0m
[ 39%] [32mBuilding CXX object CMakeFiles/cartographer.dir/cartographer/sensor/internal/collator.cc.o[0m
[ 39%] [32mBuilding CXX object CMakeFiles/cartographer.dir/cartographer/sensor/internal/ordered_multi_queue.cc.o[0m
[ 40%] [32mBuilding CXX object CMakeFiles/cartographer.dir/cartographer/sensor/internal/trajectory_collator.cc.o[0m
[ 40%] [32mBuilding CXX object CMakeFiles/cartographer.dir/cartographer/sensor/internal/voxel_filter.cc.o[0m
[ 40%] [32mBuilding CXX object CMakeFiles/cartographer.dir/cartographer/sensor/landmark_data.cc.o[0m
[ 41%] [32mBuilding CXX object CMakeFiles/cartographer.dir/cartographer/sensor/odometry_data.cc.o[0m
[ 42%] [32mBuilding CXX object CMakeFiles/cartographer.dir/cartographer/sensor/fixed_frame_pose_data.cc.o[0m
[ 42%] [32mBuilding CXX object CMakeFiles/cartographer.dir/cartographer/sensor/range_data.cc.o[0m
[ 42%] [32mBuilding CXX object CMakeFiles/cartographer.dir/cartographer/sensor/timed_point_cloud_data.cc.o[0m
[ 42%] [32mBuilding CXX object CMakeFiles/cartographer.dir/cartographer/sensor/point_cloud.cc.o[0m
[ 43%] [32mBuilding CXX object CMakeFiles/cartographer.dir/cartographer/transform/rigid_transform.cc.o[0m
[ 43%] [32mBuilding CXX object CMakeFiles/cartographer.dir/cartographer/mapping/internal/optimization/cost_functions/spa_cost_function_2d.cc.o[0m
[ 43%] [32mBuilding CXX object CMakeFiles/cartographer.dir/cartographer/mapping/internal/optimization/ceres_pose.cc.o[0m
[ 43%] [32mBuilding CXX object CMakeFiles/cartographer.dir/cartographer/mapping/internal/motion_filter.cc.o[0m
[ 43%] [32mBuilding CXX object CMakeFiles/cartographer.dir/cartographer/ground_truth/proto/relations.pb.cc.o[0m
[ 44%] [32mBuilding CXX object CMakeFiles/cartographer.dir/cartographer/mapping/proto/2d/cell_limits.pb.cc.o[0m
[ 44%] [32mBuilding CXX object CMakeFiles/cartographer.dir/cartographer/mapping/proto/2d/grid_2d.pb.cc.o[0m
[ 44%] [32mBuilding CXX object CMakeFiles/cartographer.dir/cartographer/mapping/proto/2d/grid_2d_options.pb.cc.o[0m
[ 44%] [32mBuilding CXX object CMakeFiles/cartographer.dir/cartographer/mapping/proto/2d/local_trajectory_builder_options_2d.pb.cc.o[0m
[ 45%] [32mBuilding CXX object CMakeFiles/cartographer.dir/cartographer/mapping/proto/2d/map_limits.pb.cc.o[0m
[ 45%] [32mBuilding CXX object CMakeFiles/cartographer.dir/cartographer/mapping/proto/2d/probability_grid.pb.cc.o[0m
[ 45%] [32mBuilding CXX object CMakeFiles/cartographer.dir/cartographer/mapping/proto/2d/probability_grid_range_data_inserter_options_2d.pb.cc.o[0m
[ 45%] [32mBuilding CXX object CMakeFiles/cartographer.dir/cartographer/common/proto/ceres_solver_options.pb.cc.o[0m
[ 46%] [32mBuilding CXX object CMakeFiles/cartographer.dir/cartographer/mapping/proto/2d/submaps_options_2d.pb.cc.o[0m
[ 47%] [32mBuilding CXX object CMakeFiles/cartographer.dir/cartographer/transform/transform_interpolation_buffer.cc.o[0m
[ 47%] [32mBuilding CXX object CMakeFiles/cartographer.dir/cartographer/transform/transform.cc.o[0m
[ 47%] [32mBuilding CXX object CMakeFiles/cartographer.dir/cartographer/mapping/proto/3d/hybrid_grid.pb.cc.o[0m
[ 47%] [32mBuilding CXX object CMakeFiles/cartographer.dir/cartographer/mapping/proto/3d/local_trajectory_builder_options_3d.pb.cc.o[0m
[ 47%] [32mBuilding CXX object CMakeFiles/cartographer.dir/cartographer/transform/timestamped_transform.cc.o[0m
[ 48%] [32mBuilding CXX object CMakeFiles/cartographer.dir/cartographer/mapping/proto/map_builder_options.pb.cc.o[0m
[ 48%] [32mBuilding CXX object CMakeFiles/cartographer.dir/cartographer/mapping/proto/motion_filter_options.pb.cc.o[0m
[ 48%] [32mBuilding CXX object CMakeFiles/cartographer.dir/cartographer/mapping/proto/pose_graph.pb.cc.o[0m
[ 48%] [32mBuilding CXX object CMakeFiles/cartographer.dir/cartographer/mapping/proto/pose_graph/constraint_builder_options.pb.cc.o[0m
[ 49%] [32mBuilding CXX object CMakeFiles/cartographer.dir/cartographer/mapping/proto/pose_graph/optimization_problem_options.pb.cc.o[0m
[ 49%] [32mBuilding CXX object CMakeFiles/cartographer.dir/cartographer/mapping/proto/pose_graph_options.pb.cc.o[0m
[ 49%] [32mBuilding CXX object CMakeFiles/cartographer.dir/cartographer/mapping/proto/range_data_inserter_options.pb.cc.o[0m
[ 50%] [32mBuilding CXX object CMakeFiles/cartographer.dir/cartographer/mapping/proto/scan_matching/ceres_scan_matcher_options_2d.pb.cc.o[0m
[ 50%] [32mBuilding CXX object CMakeFiles/cartographer.dir/cartographer/mapping/proto/scan_matching/ceres_scan_matcher_options_3d.pb.cc.o[0m
[ 50%] [32mBuilding CXX object CMakeFiles/cartographer.dir/cartographer/mapping/proto/internal/legacy_serialized_data.pb.cc.o[0m
[ 50%] [32mBuilding CXX object CMakeFiles/cartographer.dir/cartographer/mapping/proto/scan_matching/fast_correlative_scan_matcher_options_2d.pb.cc.o[0m
[ 50%] [32mBuilding CXX object CMakeFiles/cartographer.dir/cartographer/mapping/proto/connected_components.pb.cc.o[0m
[ 51%] [32mBuilding CXX object CMakeFiles/cartographer.dir/cartographer/mapping/proto/scan_matching/fast_correlative_scan_matcher_options_3d.pb.cc.o[0m
[ 51%] [32mBuilding CXX object CMakeFiles/cartographer.dir/cartographer/mapping/proto/submap.pb.cc.o[0m
[ 52%] [32mBuilding CXX object CMakeFiles/cartographer.dir/cartographer/mapping/proto/submap_visualization.pb.cc.o[0m
[ 52%] [32mBuilding CXX object CMakeFiles/cartographer.dir/cartographer/mapping/proto/trajectory.pb.cc.o[0m
[ 52%] [32mBuilding CXX object CMakeFiles/cartographer.dir/cartographer/mapping/proto/serialization.pb.cc.o[0m
[ 52%] [32mBuilding CXX object CMakeFiles/cartographer.dir/cartographer/mapping/proto/trajectory_builder_options.pb.cc.o[0m
[ 52%] [32mBuilding CXX object CMakeFiles/cartographer.dir/cartographer/mapping/proto/scan_matching/real_time_correlative_scan_matcher_options.pb.cc.o[0m
[ 52%] [32mBuilding CXX object CMakeFiles/cartographer.dir/cartographer/sensor/proto/sensor.pb.cc.o[0m
[ 52%] [32mBuilding CXX object CMakeFiles/cartographer.dir/cartographer/transform/proto/transform.pb.cc.o[0m
[ 52%] [32mBuilding CXX object CMakeFiles/cartographer.dir/cartographer/sensor/proto/adaptive_voxel_filter_options.pb.cc.o[0m
[ 53%] [32mBuilding CXX object CMakeFiles/cartographer.dir/cartographer/mapping/proto/trajectory_node_data.pb.cc.o[0m
[ 54%] [32mBuilding CXX object CMakeFiles/cartographer.dir/cartographer/mapping/proto/3d/submaps_options_3d.pb.cc.o[0m
[ 54%] [32mBuilding CXX object CMakeFiles/cartographer.dir/cartographer/mapping/proto/3d/range_data_inserter_options_3d.pb.cc.o[0m
[ 54%] [32mBuilding CXX object CMakeFiles/cartographer.dir/cartographer/mapping/internal/3d/scan_matching/ceres_scan_matcher_3d.cc.o[0m
[ 54%] [32mBuilding CXX object CMakeFiles/cartographer.dir/cartographer/mapping/internal/3d/pose_graph_3d.cc.o[0m
[ 55%] [32m[1mLinking CXX static library libcartographer.a[0m
[ 55%] Built target cartographer
[35m[1mScanning dependencies of target cartographer_test_library[0m
[ 55%] [32mBuilding CXX object CMakeFiles/cartographer_test_library.dir/cartographer/io/fake_file_writer.cc.o[0m
[ 55%] [32mBuilding CXX object CMakeFiles/cartographer_test_library.dir/cartographer/mapping/internal/testing/test_helpers.cc.o[0m
[ 56%] [32mBuilding CXX object CMakeFiles/cartographer_test_library.dir/cartographer/io/fake_file_writer_test.cc.o[0m
[ 56%] [32m[1mLinking CXX static library libcartographer_test_library.a[0m
[ 56%] Built target cartographer_test_library
[35m[1mScanning dependencies of target cartographer_compute_relations_metrics[0m
[ 56%] [32mBuilding CXX object CMakeFiles/cartographer_compute_relations_metrics.dir/cartographer/ground_truth/compute_relations_metrics_main.cc.o[0m
[ 57%] [32m[1mLinking CXX executable cartographer_compute_relations_metrics[0m
[ 57%] Built target cartographer_compute_relations_metrics
[35m[1mScanning dependencies of target cartographer.mapping.2d.submap_2d_test[0m
[35m[1mScanning dependencies of target cartographer.mapping.internal.constraints.constraint_builder_3d_test[0m
[ 57%] [32mBuilding CXX object CMakeFiles/cartographer.mapping.2d.submap_2d_test.dir/cartographer/mapping/2d/submap_2d_test.cc.o[0m
[ 57%] [32mBuilding CXX object CMakeFiles/cartographer.mapping.internal.constraints.constraint_builder_3d_test.dir/cartographer/mapping/internal/constraints/constraint_builder_3d_test.cc.o[0m
[35m[1mScanning dependencies of target cartographer.mapping.2d.xy_index_test[0m
[ 58%] [32mBuilding CXX object CMakeFiles/cartographer.mapping.2d.xy_index_test.dir/cartographer/mapping/2d/xy_index_test.cc.o[0m
[35m[1mScanning dependencies of target cartographer.mapping.3d.submap_3d_test[0m
[ 58%] [32mBuilding CXX object CMakeFiles/cartographer.mapping.3d.submap_3d_test.dir/cartographer/mapping/3d/submap_3d_test.cc.o[0m
[35m[1mScanning dependencies of target cartographer.sensor.point_cloud_test[0m
[35m[1mScanning dependencies of target cartographer.mapping.internal.2d.pose_graph_2d_test[0m
[ 59%] [32mBuilding CXX object CMakeFiles/cartographer.sensor.point_cloud_test.dir/cartographer/sensor/point_cloud_test.cc.o[0m
[ 60%] [32mBuilding CXX object CMakeFiles/cartographer.mapping.internal.2d.pose_graph_2d_test.dir/cartographer/mapping/internal/2d/pose_graph_2d_test.cc.o[0m
[ 60%] [32m[1mLinking CXX executable cartographer.mapping.2d.xy_index_test[0m
[ 60%] [32m[1mLinking CXX executable cartographer.sensor.point_cloud_test[0m
[ 60%] Built target cartographer.mapping.2d.xy_index_test
[ 60%] Built target cartographer.sensor.point_cloud_test
[ 60%] [32m[1mLinking CXX executable cartographer.mapping.2d.submap_2d_test[0m
[ 61%] [32m[1mLinking CXX executable cartographer.mapping.3d.submap_3d_test[0m
[ 61%] Built target cartographer.mapping.2d.submap_2d_test
[ 61%] Built target cartographer.mapping.3d.submap_3d_test
[ 61%] [32m[1mLinking CXX executable cartographer.mapping.internal.constraints.constraint_builder_3d_test[0m
[ 61%] Built target cartographer.mapping.internal.constraints.constraint_builder_3d_test
[ 61%] [32m[1mLinking CXX executable cartographer.mapping.internal.2d.pose_graph_2d_test[0m
[ 61%] Built target cartographer.mapping.internal.2d.pose_graph_2d_test
[35m[1mScanning dependencies of target cartographer.common.lua_parameter_dictionary_test[0m
[ 61%] [32mBuilding CXX object CMakeFiles/cartographer.common.lua_parameter_dictionary_test.dir/cartographer/common/lua_parameter_dictionary_test.cc.o[0m
[ 62%] [32m[1mLinking CXX executable cartographer.common.lua_parameter_dictionary_test[0m
[ 62%] Built target cartographer.common.lua_parameter_dictionary_test
[35m[1mScanning dependencies of target cartographer.io.proto_stream_test[0m
[ 62%] [32mBuilding CXX object CMakeFiles/cartographer.io.proto_stream_test.dir/cartographer/io/proto_stream_test.cc.o[0m
[ 62%] [32m[1mLinking CXX executable cartographer.io.proto_stream_test[0m
[ 62%] Built target cartographer.io.proto_stream_test
[35m[1mScanning dependencies of target cartographer.mapping.2d.probability_grid_test[0m
[ 62%] [32mBuilding CXX object CMakeFiles/cartographer.mapping.2d.probability_grid_test.dir/cartographer/mapping/2d/probability_grid_test.cc.o[0m
[ 62%] [32m[1mLinking CXX executable cartographer.mapping.2d.probability_grid_test[0m
[ 62%] Built target cartographer.mapping.2d.probability_grid_test
[35m[1mScanning dependencies of target cartographer.mapping.internal.3d.scan_matching.real_time_correlative_scan_matcher_3d_test[0m
[ 62%] [32mBuilding CXX object CMakeFiles/cartographer.mapping.internal.3d.scan_matching.real_time_correlative_scan_matcher_3d_test.dir/cartographer/mapping/internal/3d/scan_matching/real_time_correlative_scan_matcher_3d_test.cc.o[0m
[ 62%] [32m[1mLinking CXX executable cartographer.mapping.internal.3d.scan_matching.real_time_correlative_scan_matcher_3d_test[0m
[ 62%] Built target cartographer.mapping.internal.3d.scan_matching.real_time_correlative_scan_matcher_3d_test
[35m[1mScanning dependencies of target cartographer.mapping.internal.2d.overlapping_submaps_trimmer_2d_test[0m
[ 62%] [32mBuilding CXX object CMakeFiles/cartographer.mapping.internal.2d.overlapping_submaps_trimmer_2d_test.dir/cartographer/mapping/internal/2d/overlapping_submaps_trimmer_2d_test.cc.o[0m
[ 62%] [32m[1mLinking CXX executable cartographer.mapping.internal.2d.overlapping_submaps_trimmer_2d_test[0m
[ 62%] Built target cartographer.mapping.internal.2d.overlapping_submaps_trimmer_2d_test
[35m[1mScanning dependencies of target cartographer.common.math_test[0m
[ 62%] [32mBuilding CXX object CMakeFiles/cartographer.common.math_test.dir/cartographer/common/math_test.cc.o[0m
[ 62%] [32m[1mLinking CXX executable cartographer.common.math_test[0m
[ 62%] Built target cartographer.common.math_test
[35m[1mScanning dependencies of target cartographer.mapping.internal.optimization.optimization_problem_3d_test[0m
[ 62%] [32mBuilding CXX object CMakeFiles/cartographer.mapping.internal.optimization.optimization_problem_3d_test.dir/cartographer/mapping/internal/optimization/optimization_problem_3d_test.cc.o[0m
[35m[1mScanning dependencies of target cartographer.io.internal.in_memory_proto_stream_test[0m
[ 62%] [32mBuilding CXX object CMakeFiles/cartographer.io.internal.in_memory_proto_stream_test.dir/cartographer/io/internal/in_memory_proto_stream_test.cc.o[0m
[35m[1mScanning dependencies of target cartographer.mapping.trajectory_node_test[0m
[35m[1mScanning dependencies of target cartographer.mapping.3d.hybrid_grid_test[0m
[ 62%] [32mBuilding CXX object CMakeFiles/cartographer.mapping.trajectory_node_test.dir/cartographer/mapping/trajectory_node_test.cc.o[0m
[ 62%] [32mBuilding CXX object CMakeFiles/cartographer.mapping.3d.hybrid_grid_test.dir/cartographer/mapping/3d/hybrid_grid_test.cc.o[0m
[35m[1mScanning dependencies of target cartographer.mapping.imu_tracker_test[0m
[ 63%] [32mBuilding CXX object CMakeFiles/cartographer.mapping.imu_tracker_test.dir/cartographer/mapping/imu_tracker_test.cc.o[0m
[35m[1mScanning dependencies of target cartographer.io.proto_stream_deserializer_test[0m
[35m[1mScanning dependencies of target cartographer_autogenerate_ground_truth[0m
[ 64%] [32mBuilding CXX object CMakeFiles/cartographer.io.proto_stream_deserializer_test.dir/cartographer/io/proto_stream_deserializer_test.cc.o[0m
[ 65%] [32mBuilding CXX object CMakeFiles/cartographer_autogenerate_ground_truth.dir/cartographer/ground_truth/autogenerate_ground_truth_main.cc.o[0m
[ 67%] [32m[1mLinking CXX executable cartographer.io.internal.in_memory_proto_stream_test[0m
[ 67%] Built target cartographer.io.internal.in_memory_proto_stream_test
[ 67%] [32m[1mLinking CXX executable cartographer.mapping.internal.optimization.optimization_problem_3d_test[0m
[ 67%] [32m[1mLinking CXX executable cartographer.io.proto_stream_deserializer_test[0m
[ 67%] Built target cartographer.io.proto_stream_deserializer_test
[ 67%] Built target cartographer.mapping.internal.optimization.optimization_problem_3d_test
[ 67%] [32m[1mLinking CXX executable cartographer_autogenerate_ground_truth[0m
[ 67%] Built target cartographer_autogenerate_ground_truth
[ 67%] [32m[1mLinking CXX executable cartographer.mapping.trajectory_node_test[0m
[ 67%] Built target cartographer.mapping.trajectory_node_test
[ 67%] [32m[1mLinking CXX executable cartographer.mapping.3d.hybrid_grid_test[0m
[ 67%] Built target cartographer.mapping.3d.hybrid_grid_test
[ 67%] [32m[1mLinking CXX executable cartographer.mapping.imu_tracker_test[0m
[ 67%] Built target cartographer.mapping.imu_tracker_test
[35m[1mScanning dependencies of target cartographer.common.fixed_ratio_sampler_test[0m
[ 67%] [32mBuilding CXX object CMakeFiles/cartographer.common.fixed_ratio_sampler_test.dir/cartographer/common/fixed_ratio_sampler_test.cc.o[0m
[ 67%] [32m[1mLinking CXX executable cartographer.common.fixed_ratio_sampler_test[0m
[ 67%] Built target cartographer.common.fixed_ratio_sampler_test
[35m[1mScanning dependencies of target cartographer.mapping.id_test[0m
[ 67%] [32mBuilding CXX object CMakeFiles/cartographer.mapping.id_test.dir/cartographer/mapping/id_test.cc.o[0m
[ 67%] [32m[1mLinking CXX executable cartographer.mapping.id_test[0m
[ 67%] Built target cartographer.mapping.id_test
[35m[1mScanning dependencies of target cartographer.mapping.internal.3d.scan_matching.rotation_delta_cost_functor_3d_test[0m
[ 68%] [32mBuilding CXX object CMakeFiles/cartographer.mapping.internal.3d.scan_matching.rotation_delta_cost_functor_3d_test.dir/cartographer/mapping/internal/3d/scan_matching/rotation_delta_cost_functor_3d_test.cc.o[0m
[ 68%] [32m[1mLinking CXX executable cartographer.mapping.internal.3d.scan_matching.rotation_delta_cost_functor_3d_test[0m
[ 68%] Built target cartographer.mapping.internal.3d.scan_matching.rotation_delta_cost_functor_3d_test
[35m[1mScanning dependencies of target cartographer.common.configuration_files_test[0m
[ 69%] [32mBuilding CXX object CMakeFiles/cartographer.common.configuration_files_test.dir/cartographer/common/configuration_files_test.cc.o[0m
[35m[1mScanning dependencies of target cartographer.io.serialization_format_migration_test[0m
[ 69%] [32m[1mLinking CXX executable cartographer.common.configuration_files_test[0m
[ 70%] [32mBuilding CXX object CMakeFiles/cartographer.io.serialization_format_migration_test.dir/cartographer/io/serialization_format_migration_test.cc.o[0m
[35m[1mScanning dependencies of target cartographer.common.lockless_queue_test[0m
[ 71%] [32mBuilding CXX object CMakeFiles/cartographer.common.lockless_queue_test.dir/cartographer/common/lockless_queue_test.cc.o[0m
[ 71%] Built target cartographer.common.configuration_files_test
[35m[1mScanning dependencies of target cartographer.mapping.internal.trajectory_connectivity_state_test[0m
[35m[1mScanning dependencies of target cartographer.sensor.internal.ordered_multi_queue_test[0m
[ 71%] [32mBuilding CXX object CMakeFiles/cartographer.mapping.internal.trajectory_connectivity_state_test.dir/cartographer/mapping/internal/trajectory_connectivity_state_test.cc.o[0m
[ 71%] [32mBuilding CXX object CMakeFiles/cartographer.sensor.internal.ordered_multi_queue_test.dir/cartographer/sensor/internal/ordered_multi_queue_test.cc.o[0m
[35m[1mScanning dependencies of target cartographer.common.blocking_queue_test[0m
[ 71%] [32mBuilding CXX object CMakeFiles/cartographer.common.blocking_queue_test.dir/cartographer/common/blocking_queue_test.cc.o[0m
[35m[1mScanning dependencies of target cartographer.mapping.internal.2d.scan_matching.correlative_scan_matcher_test[0m
[ 71%] [32mBuilding CXX object CMakeFiles/cartographer.mapping.internal.2d.scan_matching.correlative_scan_matcher_test.dir/cartographer/mapping/internal/2d/scan_matching/correlative_scan_matcher_test.cc.o[0m
[ 71%] [32m[1mLinking CXX executable cartographer.common.lockless_queue_test[0m
[ 71%] Built target cartographer.common.lockless_queue_test
[ 71%] [32m[1mLinking CXX executable cartographer.mapping.internal.trajectory_connectivity_state_test[0m
[ 71%] Built target cartographer.mapping.internal.trajectory_connectivity_state_test
[ 71%] [32m[1mLinking CXX executable cartographer.io.serialization_format_migration_test[0m
[ 71%] Built target cartographer.io.serialization_format_migration_test
[ 71%] [32m[1mLinking CXX executable cartographer.common.blocking_queue_test[0m
[ 71%] Built target cartographer.common.blocking_queue_test
[ 71%] [32m[1mLinking CXX executable cartographer.mapping.internal.2d.scan_matching.correlative_scan_matcher_test[0m
[ 71%] Built target cartographer.mapping.internal.2d.scan_matching.correlative_scan_matcher_test
[ 71%] [32m[1mLinking CXX executable cartographer.sensor.internal.ordered_multi_queue_test[0m
[ 71%] Built target cartographer.sensor.internal.ordered_multi_queue_test
[35m[1mScanning dependencies of target cartographer.mapping.2d.range_data_inserter_2d_test[0m
[ 71%] [32mBuilding CXX object CMakeFiles/cartographer.mapping.2d.range_data_inserter_2d_test.dir/cartographer/mapping/2d/range_data_inserter_2d_test.cc.o[0m
[ 72%] [32m[1mLinking CXX executable cartographer.mapping.2d.range_data_inserter_2d_test[0m
[ 72%] Built target cartographer.mapping.2d.range_data_inserter_2d_test
[35m[1mScanning dependencies of target cartographer.common.task_test[0m
[ 73%] [32mBuilding CXX object CMakeFiles/cartographer.common.task_test.dir/cartographer/common/task_test.cc.o[0m
[ 73%] [32m[1mLinking CXX executable cartographer.common.task_test[0m
[ 73%] Built target cartographer.common.task_test
[35m[1mScanning dependencies of target cartographer.mapping.3d.range_data_inserter_3d_test[0m
[ 74%] [32mBuilding CXX object CMakeFiles/cartographer.mapping.3d.range_data_inserter_3d_test.dir/cartographer/mapping/3d/range_data_inserter_3d_test.cc.o[0m
[ 74%] [32m[1mLinking CXX executable cartographer.mapping.3d.range_data_inserter_3d_test[0m
[ 74%] Built target cartographer.mapping.3d.range_data_inserter_3d_test
[35m[1mScanning dependencies of target cartographer.mapping.internal.2d.scan_matching.fast_correlative_scan_matcher_2d_test[0m
[ 74%] [32mBuilding CXX object CMakeFiles/cartographer.mapping.internal.2d.scan_matching.fast_correlative_scan_matcher_2d_test.dir/cartographer/mapping/internal/2d/scan_matching/fast_correlative_scan_matcher_2d_test.cc.o[0m
[35m[1mScanning dependencies of target cartographer.mapping.internal.3d.scan_matching.ceres_scan_matcher_3d_test[0m
[ 75%] [32mBuilding CXX object CMakeFiles/cartographer.mapping.internal.3d.scan_matching.ceres_scan_matcher_3d_test.dir/cartographer/mapping/internal/3d/scan_matching/ceres_scan_matcher_3d_test.cc.o[0m
[35m[1mScanning dependencies of target cartographer.common.thread_pool_test[0m
[ 75%] [32mBuilding CXX object CMakeFiles/cartographer.common.thread_pool_test.dir/cartographer/common/thread_pool_test.cc.o[0m
[35m[1mScanning dependencies of target cartographer.mapping.internal.connected_components_test[0m
[ 75%] [32mBuilding CXX object CMakeFiles/cartographer.mapping.internal.connected_components_test.dir/cartographer/mapping/internal/connected_components_test.cc.o[0m
[ 76%] [32m[1mLinking CXX executable cartographer.common.thread_pool_test[0m
[ 76%] Built target cartographer.common.thread_pool_test
[ 77%] [32m[1mLinking CXX executable cartographer.mapping.internal.2d.scan_matching.fast_correlative_scan_matcher_2d_test[0m
[ 77%] Built target cartographer.mapping.internal.2d.scan_matching.fast_correlative_scan_matcher_2d_test
[ 77%] [32m[1mLinking CXX executable cartographer.mapping.internal.connected_components_test[0m
[ 77%] Built target cartographer.mapping.internal.connected_components_test
[ 77%] [32m[1mLinking CXX executable cartographer.mapping.internal.3d.scan_matching.ceres_scan_matcher_3d_test[0m
[35m[1mScanning dependencies of target cartographer.mapping.internal.3d.scan_matching.fast_correlative_scan_matcher_3d_test[0m
[ 77%] [32mBuilding CXX object CMakeFiles/cartographer.mapping.internal.3d.scan_matching.fast_correlative_scan_matcher_3d_test.dir/cartographer/mapping/internal/3d/scan_matching/fast_correlative_scan_matcher_3d_test.cc.o[0m
[ 77%] Built target cartographer.mapping.internal.3d.scan_matching.ceres_scan_matcher_3d_test
[35m[1mScanning dependencies of target cartographer.mapping.internal.3d.pose_graph_3d_test[0m
[35m[1mScanning dependencies of target cartographer.mapping.internal.2d.scan_matching.ceres_scan_matcher_2d_test[0m
[ 77%] [32mBuilding CXX object CMakeFiles/cartographer.mapping.internal.2d.scan_matching.ceres_scan_matcher_2d_test.dir/cartographer/mapping/internal/2d/scan_matching/ceres_scan_matcher_2d_test.cc.o[0m
[ 77%] [32mBuilding CXX object CMakeFiles/cartographer.mapping.internal.3d.pose_graph_3d_test.dir/cartographer/mapping/internal/3d/pose_graph_3d_test.cc.o[0m
[35m[1mScanning dependencies of target cartographer.mapping.map_builder_test[0m
[ 78%] [32mBuilding CXX object CMakeFiles/cartographer.mapping.map_builder_test.dir/cartographer/mapping/map_builder_test.cc.o[0m
[35m[1mScanning dependencies of target cartographer.mapping.internal.3d.local_trajectory_builder_3d_test[0m
[35m[1mScanning dependencies of target cartographer.common.optional_test[0m
[ 79%] [32mBuilding CXX object CMakeFiles/cartographer.mapping.internal.3d.local_trajectory_builder_3d_test.dir/cartographer/mapping/internal/3d/local_trajectory_builder_3d_test.cc.o[0m
[ 79%] [32mBuilding CXX object CMakeFiles/cartographer.common.optional_test.dir/cartographer/common/optional_test.cc.o[0m
[35m[1mScanning dependencies of target cartographer.sensor.internal.voxel_filter_test[0m
[ 79%] [32mBuilding CXX object CMakeFiles/cartographer.sensor.internal.voxel_filter_test.dir/cartographer/sensor/internal/voxel_filter_test.cc.o[0m
[ 80%] [32m[1mLinking CXX executable cartographer.common.optional_test[0m
[ 80%] Built target cartographer.common.optional_test
[ 81%] [32m[1mLinking CXX executable cartographer.mapping.internal.2d.scan_matching.ceres_scan_matcher_2d_test[0m
[ 81%] Built target cartographer.mapping.internal.2d.scan_matching.ceres_scan_matcher_2d_test
[ 81%] [32m[1mLinking CXX executable cartographer.mapping.map_builder_test[0m
[ 81%] [32m[1mLinking CXX executable cartographer.sensor.internal.voxel_filter_test[0m
[ 81%] Built target cartographer.sensor.internal.voxel_filter_test
[ 81%] Built target cartographer.mapping.map_builder_test
[ 81%] [32m[1mLinking CXX executable cartographer.mapping.internal.3d.pose_graph_3d_test[0m
[ 82%] [32m[1mLinking CXX executable cartographer.mapping.internal.3d.scan_matching.fast_correlative_scan_matcher_3d_test[0m
[ 82%] Built target cartographer.mapping.internal.3d.scan_matching.fast_correlative_scan_matcher_3d_test
[ 82%] Built target cartographer.mapping.internal.3d.pose_graph_3d_test
[ 82%] [32m[1mLinking CXX executable cartographer.mapping.internal.3d.local_trajectory_builder_3d_test[0m
[ 82%] Built target cartographer.mapping.internal.3d.local_trajectory_builder_3d_test
[35m[1mScanning dependencies of target cartographer.mapping.probability_values_test[0m
[ 82%] [32mBuilding CXX object CMakeFiles/cartographer.mapping.probability_values_test.dir/cartographer/mapping/probability_values_test.cc.o[0m
[35m[1mScanning dependencies of target cartographer.mapping.internal.constraints.constraint_builder_2d_test[0m
[ 82%] [32mBuilding CXX object CMakeFiles/cartographer.mapping.internal.constraints.constraint_builder_2d_test.dir/cartographer/mapping/internal/constraints/constraint_builder_2d_test.cc.o[0m
[35m[1mScanning dependencies of target cartographer.mapping.internal.motion_filter_test[0m
[35m[1mScanning dependencies of target cartographer.mapping.internal.range_data_collator_test[0m
[ 83%] [32mBuilding CXX object CMakeFiles/cartographer.mapping.internal.motion_filter_test.dir/cartographer/mapping/internal/motion_filter_test.cc.o[0m
[ 83%] [32mBuilding CXX object CMakeFiles/cartographer.mapping.internal.range_data_collator_test.dir/cartographer/mapping/internal/range_data_collator_test.cc.o[0m
[35m[1mScanning dependencies of target cartographer.mapping.internal.3d.scan_matching.rotational_scan_matcher_test[0m
[ 83%] [32mBuilding CXX object CMakeFiles/cartographer.mapping.internal.3d.scan_matching.rotational_scan_matcher_test.dir/cartographer/mapping/internal/3d/scan_matching/rotational_scan_matcher_test.cc.o[0m
[35m[1mScanning dependencies of target cartographer.mapping.internal.3d.scan_matching.precomputation_grid_3d_test[0m
[ 83%] [32m[1mLinking CXX executable cartographer.mapping.probability_values_test[0m
[ 84%] [32mBuilding CXX object CMakeFiles/cartographer.mapping.internal.3d.scan_matching.precomputation_grid_3d_test.dir/cartographer/mapping/internal/3d/scan_matching/precomputation_grid_3d_test.cc.o[0m
[ 84%] Built target cartographer.mapping.probability_values_test
[35m[1mScanning dependencies of target cartographer.common.rate_timer_test[0m
[ 84%] [32mBuilding CXX object CMakeFiles/cartographer.common.rate_timer_test.dir/cartographer/common/rate_timer_test.cc.o[0m
[35m[1mScanning dependencies of target cartographer.mapping.internal.optimization.cost_functions.landmark_cost_function_2d_test[0m
[ 84%] [32mBuilding CXX object CMakeFiles/cartographer.mapping.internal.optimization.cost_functions.landmark_cost_function_2d_test.dir/cartographer/mapping/internal/optimization/cost_functions/landmark_cost_function_2d_test.cc.o[0m
[35m[1mScanning dependencies of target cartographer_migrate_serialization_format[0m
[ 84%] [32mBuilding CXX object CMakeFiles/cartographer_migrate_serialization_format.dir/cartographer/io/migrate_serialization_format_main.cc.o[0m
[ 84%] [32m[1mLinking CXX executable cartographer_migrate_serialization_format[0m
[ 84%] Built target cartographer_migrate_serialization_format
[ 84%] [32m[1mLinking CXX executable cartographer.mapping.internal.motion_filter_test[0m
[ 84%] [32m[1mLinking CXX executable cartographer.common.rate_timer_test[0m
[ 85%] [32m[1mLinking CXX executable cartographer.mapping.internal.3d.scan_matching.rotational_scan_matcher_test[0m
[ 85%] Built target cartographer.mapping.internal.motion_filter_test
[ 85%] Built target cartographer.common.rate_timer_test
[ 85%] Built target cartographer.mapping.internal.3d.scan_matching.rotational_scan_matcher_test
[ 86%] [32m[1mLinking CXX executable cartographer.mapping.internal.range_data_collator_test[0m
[ 86%] Built target cartographer.mapping.internal.range_data_collator_test
[ 86%] [32m[1mLinking CXX executable cartographer.mapping.internal.3d.scan_matching.precomputation_grid_3d_test[0m
[ 86%] Built target cartographer.mapping.internal.3d.scan_matching.precomputation_grid_3d_test
[ 87%] [32m[1mLinking CXX executable cartographer.mapping.internal.constraints.constraint_builder_2d_test[0m
[ 87%] Built target cartographer.mapping.internal.constraints.constraint_builder_2d_test
[ 87%] [32m[1mLinking CXX executable cartographer.mapping.internal.optimization.cost_functions.landmark_cost_function_2d_test[0m
[ 87%] Built target cartographer.mapping.internal.optimization.cost_functions.landmark_cost_function_2d_test
[35m[1mScanning dependencies of target cartographer.mapping.pose_graph_trimmer_test[0m
[ 87%] [32mBuilding CXX object CMakeFiles/cartographer.mapping.pose_graph_trimmer_test.dir/cartographer/mapping/pose_graph_trimmer_test.cc.o[0m
[35m[1mScanning dependencies of target cartographer.mapping.submaps_test[0m
[ 88%] [32mBuilding CXX object CMakeFiles/cartographer.mapping.submaps_test.dir/cartographer/mapping/submaps_test.cc.o[0m
[35m[1mScanning dependencies of target cartographer.io.points_processor_pipeline_builder_test[0m
[ 88%] [32mBuilding CXX object CMakeFiles/cartographer.io.points_processor_pipeline_builder_test.dir/cartographer/io/points_processor_pipeline_builder_test.cc.o[0m
[35m[1mScanning dependencies of target cartographer.mapping.pose_extrapolator_test[0m
[35m[1mScanning dependencies of target cartographer.mapping.pose_graph_test[0m
[ 88%] [32mBuilding CXX object CMakeFiles/cartographer.mapping.pose_extrapolator_test.dir/cartographer/mapping/pose_extrapolator_test.cc.o[0m
[ 88%] [32mBuilding CXX object CMakeFiles/cartographer.mapping.pose_graph_test.dir/cartographer/mapping/pose_graph_test.cc.o[0m
[ 88%] [32m[1mLinking CXX executable cartographer.mapping.submaps_test[0m
[ 89%] [32m[1mLinking CXX executable cartographer.mapping.pose_graph_trimmer_test[0m
[ 89%] Built target cartographer.mapping.submaps_test
[ 89%] Built target cartographer.mapping.pose_graph_trimmer_test
[ 89%] [32m[1mLinking CXX executable cartographer.io.points_processor_pipeline_builder_test[0m
[ 89%] Built target cartographer.io.points_processor_pipeline_builder_test
[ 89%] [32m[1mLinking CXX executable cartographer.mapping.pose_graph_test[0m
[ 89%] Built target cartographer.mapping.pose_graph_test
[ 90%] [32m[1mLinking CXX executable cartographer.mapping.pose_extrapolator_test[0m
[ 90%] Built target cartographer.mapping.pose_extrapolator_test
[35m[1mScanning dependencies of target cartographer.mapping.2d.map_limits_test[0m
[ 90%] [32mBuilding CXX object CMakeFiles/cartographer.mapping.2d.map_limits_test.dir/cartographer/mapping/2d/map_limits_test.cc.o[0m
[ 91%] [32m[1mLinking CXX executable cartographer.mapping.2d.map_limits_test[0m
[ 91%] Built target cartographer.mapping.2d.map_limits_test
[35m[1mScanning dependencies of target cartographer.mapping.internal.2d.scan_matching.real_time_correlative_scan_matcher_2d_test[0m
[ 91%] [32mBuilding CXX object CMakeFiles/cartographer.mapping.internal.2d.scan_matching.real_time_correlative_scan_matcher_2d_test.dir/cartographer/mapping/internal/2d/scan_matching/real_time_correlative_scan_matcher_2d_test.cc.o[0m
[ 91%] [32m[1mLinking CXX executable cartographer.mapping.internal.2d.scan_matching.real_time_correlative_scan_matcher_2d_test[0m
[ 91%] Built target cartographer.mapping.internal.2d.scan_matching.real_time_correlative_scan_matcher_2d_test
[35m[1mScanning dependencies of target cartographer.sensor.landmark_data_test[0m
[ 92%] [32mBuilding CXX object CMakeFiles/cartographer.sensor.landmark_data_test.dir/cartographer/sensor/landmark_data_test.cc.o[0m
[ 92%] [32m[1mLinking CXX executable cartographer.sensor.landmark_data_test[0m
[ 92%] Built target cartographer.sensor.landmark_data_test
[35m[1mScanning dependencies of target cartographer.transform.transform_test[0m
[ 92%] [32mBuilding CXX object CMakeFiles/cartographer.transform.transform_test.dir/cartographer/transform/transform_test.cc.o[0m
[ 92%] [32m[1mLinking CXX executable cartographer.transform.transform_test[0m
[ 92%] Built target cartographer.transform.transform_test
[35m[1mScanning dependencies of target cartographer.sensor.map_by_time_test[0m
[ 92%] [32mBuilding CXX object CMakeFiles/cartographer.sensor.map_by_time_test.dir/cartographer/sensor/map_by_time_test.cc.o[0m
[ 92%] [32m[1mLinking CXX executable cartographer.sensor.map_by_time_test[0m
[ 92%] Built target cartographer.sensor.map_by_time_test
[35m[1mScanning dependencies of target cartographer.mapping.internal.3d.scan_matching.interpolated_grid_test[0m
[ 92%] [32mBuilding CXX object CMakeFiles/cartographer.mapping.internal.3d.scan_matching.interpolated_grid_test.dir/cartographer/mapping/internal/3d/scan_matching/interpolated_grid_test.cc.o[0m
[ 92%] [32m[1mLinking CXX executable cartographer.mapping.internal.3d.scan_matching.interpolated_grid_test[0m
[ 92%] Built target cartographer.mapping.internal.3d.scan_matching.interpolated_grid_test
[35m[1mScanning dependencies of target cartographer.sensor.range_data_test[0m
[ 92%] [32mBuilding CXX object CMakeFiles/cartographer.sensor.range_data_test.dir/cartographer/sensor/range_data_test.cc.o[0m
[ 93%] [32m[1mLinking CXX executable cartographer.sensor.range_data_test[0m
[ 93%] Built target cartographer.sensor.range_data_test
[35m[1mScanning dependencies of target cartographer.transform.rigid_transform_test[0m
[ 93%] [32mBuilding CXX object CMakeFiles/cartographer.transform.rigid_transform_test.dir/cartographer/transform/rigid_transform_test.cc.o[0m
[ 93%] [32m[1mLinking CXX executable cartographer.transform.rigid_transform_test[0m
[ 93%] Built target cartographer.transform.rigid_transform_test
[35m[1mScanning dependencies of target cartographer.transform.transform_interpolation_buffer_test[0m
[ 94%] [32mBuilding CXX object CMakeFiles/cartographer.transform.transform_interpolation_buffer_test.dir/cartographer/transform/transform_interpolation_buffer_test.cc.o[0m
[ 94%] [32m[1mLinking CXX executable cartographer.transform.transform_interpolation_buffer_test[0m
[ 94%] Built target cartographer.transform.transform_interpolation_buffer_test
[35m[1mScanning dependencies of target cartographer.sensor.internal.trajectory_collator_test[0m
[ 94%] [32mBuilding CXX object CMakeFiles/cartographer.sensor.internal.trajectory_collator_test.dir/cartographer/sensor/internal/trajectory_collator_test.cc.o[0m
[ 95%] [32m[1mLinking CXX executable cartographer.sensor.internal.trajectory_collator_test[0m
[ 95%] Built target cartographer.sensor.internal.trajectory_collator_test
[35m[1mScanning dependencies of target cartographer.sensor.internal.collator_test[0m
[ 95%] [32mBuilding CXX object CMakeFiles/cartographer.sensor.internal.collator_test.dir/cartographer/sensor/internal/collator_test.cc.o[0m
[ 96%] [32m[1mLinking CXX executable cartographer.sensor.internal.collator_test[0m
[ 96%] Built target cartographer.sensor.internal.collator_test
[35m[1mScanning dependencies of target cartographer.sensor.compressed_point_cloud_test[0m
[ 97%] [32mBuilding CXX object CMakeFiles/cartographer.sensor.compressed_point_cloud_test.dir/cartographer/sensor/compressed_point_cloud_test.cc.o[0m
[ 97%] [32m[1mLinking CXX executable cartographer.sensor.compressed_point_cloud_test[0m
[ 97%] Built target cartographer.sensor.compressed_point_cloud_test
[35m[1mScanning dependencies of target cartographer.mapping.internal.optimization.cost_functions.spa_cost_function_2d_test[0m
[ 97%] [32mBuilding CXX object CMakeFiles/cartographer.mapping.internal.optimization.cost_functions.spa_cost_function_2d_test.dir/cartographer/mapping/internal/optimization/cost_functions/spa_cost_function_2d_test.cc.o[0m
[ 98%] [32m[1mLinking CXX executable cartographer.mapping.internal.optimization.cost_functions.spa_cost_function_2d_test[0m
[ 98%] Built target cartographer.mapping.internal.optimization.cost_functions.spa_cost_function_2d_test
[35m[1mScanning dependencies of target cartographer.mapping.internal.optimization.cost_functions.landmark_cost_function_3d_test[0m
[100%] [32mBuilding CXX object CMakeFiles/cartographer.mapping.internal.optimization.cost_functions.landmark_cost_function_3d_test.dir/cartographer/mapping/internal/optimization/cost_functions/landmark_cost_function_3d_test.cc.o[0m
[100%] [32m[1mLinking CXX executable cartographer.mapping.internal.optimization.cost_functions.landmark_cost_function_3d_test[0m
[100%] Built target cartographer.mapping.internal.optimization.cost_functions.landmark_cost_function_3d_test
[35m[1mScanning dependencies of target cartographer.io.fake_file_writer_test[0m
[100%] [32mBuilding CXX object CMakeFiles/cartographer.io.fake_file_writer_test.dir/cartographer/io/fake_file_writer_test.cc.o[0m
[100%] [32m[1mLinking CXX executable cartographer.io.fake_file_writer_test[0m
[100%] Built target cartographer.io.fake_file_writer_test
-- Install configuration: "Release"
-- Installing: /home/nvidia/workspace/alan/src/AMR_ros2_slam_nav2/install/cartographer/share/cartographer/package.xml
-- Installing: /home/nvidia/workspace/alan/src/AMR_ros2_slam_nav2/install/cartographer/share/cartographer//configuration_files
-- Installing: /home/nvidia/workspace/alan/src/AMR_ros2_slam_nav2/install/cartographer/share/cartographer//configuration_files/pose_graph.lua
-- Installing: /home/nvidia/workspace/alan/src/AMR_ros2_slam_nav2/install/cartographer/share/cartographer//configuration_files/trajectory_builder.lua
-- Installing: /home/nvidia/workspace/alan/src/AMR_ros2_slam_nav2/install/cartographer/share/cartographer//configuration_files/map_builder_server.lua
-- Installing: /home/nvidia/workspace/alan/src/AMR_ros2_slam_nav2/install/cartographer/share/cartographer//configuration_files/map_builder.lua
-- Installing: /home/nvidia/workspace/alan/src/AMR_ros2_slam_nav2/install/cartographer/share/cartographer//configuration_files/trajectory_builder_3d.lua
-- Installing: /home/nvidia/workspace/alan/src/AMR_ros2_slam_nav2/install/cartographer/share/cartographer//configuration_files/trajectory_builder_2d.lua
-- Installing: /home/nvidia/workspace/alan/src/AMR_ros2_slam_nav2/install/cartographer/share/cartographer//cmake
-- Installing: /home/nvidia/workspace/alan/src/AMR_ros2_slam_nav2/install/cartographer/share/cartographer//cmake/modules
-- Installing: /home/nvidia/workspace/alan/src/AMR_ros2_slam_nav2/install/cartographer/share/cartographer//cmake/modules/FindGMock.cmake
-- Installing: /home/nvidia/workspace/alan/src/AMR_ros2_slam_nav2/install/cartographer/share/cartographer//cmake/modules/FindLuaGoogle.cmake
-- Installing: /home/nvidia/workspace/alan/src/AMR_ros2_slam_nav2/install/cartographer/share/cartographer//cmake/modules/FindSphinx.cmake
-- Installing: /home/nvidia/workspace/alan/src/AMR_ros2_slam_nav2/install/cartographer/share/cartographer//cmake/functions.cmake
-- Installing: /home/nvidia/workspace/alan/src/AMR_ros2_slam_nav2/install/cartographer/bin/cartographer_autogenerate_ground_truth
-- Installing: /home/nvidia/workspace/alan/src/AMR_ros2_slam_nav2/install/cartographer/bin/cartographer_compute_relations_metrics
-- Installing: /home/nvidia/workspace/alan/src/AMR_ros2_slam_nav2/install/cartographer/bin/cartographer_migrate_serialization_format
-- Installing: /home/nvidia/workspace/alan/src/AMR_ros2_slam_nav2/install/cartographer/lib/libcartographer.a
-- Installing: /home/nvidia/workspace/alan/src/AMR_ros2_slam_nav2/install/cartographer/include/cartographer/common/blocking_queue.h
-- Installing: /home/nvidia/workspace/alan/src/AMR_ros2_slam_nav2/install/cartographer/include/cartographer/common/ceres_solver_options.h
-- Installing: /home/nvidia/workspace/alan/src/AMR_ros2_slam_nav2/install/cartographer/include/cartographer/common/configuration_file_resolver.h
-- Installing: /home/nvidia/workspace/alan/src/AMR_ros2_slam_nav2/install/cartographer/include/cartographer/common/fixed_ratio_sampler.h
-- Installing: /home/nvidia/workspace/alan/src/AMR_ros2_slam_nav2/install/cartographer/include/cartographer/common/histogram.h
-- Installing: /home/nvidia/workspace/alan/src/AMR_ros2_slam_nav2/install/cartographer/include/cartographer/common/lockless_queue.h
-- Installing: /home/nvidia/workspace/alan/src/AMR_ros2_slam_nav2/install/cartographer/include/cartographer/common/lua.h
-- Installing: /home/nvidia/workspace/alan/src/AMR_ros2_slam_nav2/install/cartographer/include/cartographer/common/lua_parameter_dictionary.h
-- Installing: /home/nvidia/workspace/alan/src/AMR_ros2_slam_nav2/install/cartographer/include/cartographer/common/make_unique.h
-- Installing: /home/nvidia/workspace/alan/src/AMR_ros2_slam_nav2/install/cartographer/include/cartographer/common/math.h
-- Installing: /home/nvidia/workspace/alan/src/AMR_ros2_slam_nav2/install/cartographer/include/cartographer/common/mutex.h
-- Installing: /home/nvidia/workspace/alan/src/AMR_ros2_slam_nav2/install/cartographer/include/cartographer/common/optional.h
-- Installing: /home/nvidia/workspace/alan/src/AMR_ros2_slam_nav2/install/cartographer/include/cartographer/common/port.h
-- Installing: /home/nvidia/workspace/alan/src/AMR_ros2_slam_nav2/install/cartographer/include/cartographer/common/rate_timer.h
-- Installing: /home/nvidia/workspace/alan/src/AMR_ros2_slam_nav2/install/cartographer/include/cartographer/common/task.h
-- Installing: /home/nvidia/workspace/alan/src/AMR_ros2_slam_nav2/install/cartographer/include/cartographer/common/thread_pool.h
-- Installing: /home/nvidia/workspace/alan/src/AMR_ros2_slam_nav2/install/cartographer/include/cartographer/common/time.h
-- Installing: /home/nvidia/workspace/alan/src/AMR_ros2_slam_nav2/install/cartographer/include/cartographer/ground_truth/relations_text_file.h
-- Installing: /home/nvidia/workspace/alan/src/AMR_ros2_slam_nav2/install/cartographer/include/cartographer/io/color.h
-- Installing: /home/nvidia/workspace/alan/src/AMR_ros2_slam_nav2/install/cartographer/include/cartographer/io/coloring_points_processor.h
-- Installing: /home/nvidia/workspace/alan/src/AMR_ros2_slam_nav2/install/cartographer/include/cartographer/io/counting_points_processor.h
-- Installing: /home/nvidia/workspace/alan/src/AMR_ros2_slam_nav2/install/cartographer/include/cartographer/io/draw_trajectories.h
-- Installing: /home/nvidia/workspace/alan/src/AMR_ros2_slam_nav2/install/cartographer/include/cartographer/io/file_writer.h
-- Installing: /home/nvidia/workspace/alan/src/AMR_ros2_slam_nav2/install/cartographer/include/cartographer/io/fixed_ratio_sampling_points_processor.h
-- Installing: /home/nvidia/workspace/alan/src/AMR_ros2_slam_nav2/install/cartographer/include/cartographer/io/frame_id_filtering_points_processor.h
-- Installing: /home/nvidia/workspace/alan/src/AMR_ros2_slam_nav2/install/cartographer/include/cartographer/io/hybrid_grid_points_processor.h
-- Installing: /home/nvidia/workspace/alan/src/AMR_ros2_slam_nav2/install/cartographer/include/cartographer/io/image.h
-- Installing: /home/nvidia/workspace/alan/src/AMR_ros2_slam_nav2/install/cartographer/include/cartographer/io/intensity_to_color_points_processor.h
-- Installing: /home/nvidia/workspace/alan/src/AMR_ros2_slam_nav2/install/cartographer/include/cartographer/io/min_max_range_filtering_points_processor.h
-- Installing: /home/nvidia/workspace/alan/src/AMR_ros2_slam_nav2/install/cartographer/include/cartographer/io/null_points_processor.h
-- Installing: /home/nvidia/workspace/alan/src/AMR_ros2_slam_nav2/install/cartographer/include/cartographer/io/outlier_removing_points_processor.h
-- Installing: /home/nvidia/workspace/alan/src/AMR_ros2_slam_nav2/install/cartographer/include/cartographer/io/pcd_writing_points_processor.h
-- Installing: /home/nvidia/workspace/alan/src/AMR_ros2_slam_nav2/install/cartographer/include/cartographer/io/ply_writing_points_processor.h
-- Installing: /home/nvidia/workspace/alan/src/AMR_ros2_slam_nav2/install/cartographer/include/cartographer/io/points_batch.h
-- Installing: /home/nvidia/workspace/alan/src/AMR_ros2_slam_nav2/install/cartographer/include/cartographer/io/points_processor.h
-- Installing: /home/nvidia/workspace/alan/src/AMR_ros2_slam_nav2/install/cartographer/include/cartographer/io/points_processor_pipeline_builder.h
-- Installing: /home/nvidia/workspace/alan/src/AMR_ros2_slam_nav2/install/cartographer/include/cartographer/io/probability_grid_points_processor.h
-- Installing: /home/nvidia/workspace/alan/src/AMR_ros2_slam_nav2/install/cartographer/include/cartographer/io/proto_stream.h
-- Installing: /home/nvidia/workspace/alan/src/AMR_ros2_slam_nav2/install/cartographer/include/cartographer/io/proto_stream_deserializer.h
-- Installing: /home/nvidia/workspace/alan/src/AMR_ros2_slam_nav2/install/cartographer/include/cartographer/io/proto_stream_interface.h
-- Installing: /home/nvidia/workspace/alan/src/AMR_ros2_slam_nav2/install/cartographer/include/cartographer/io/serialization_format_migration.h
-- Installing: /home/nvidia/workspace/alan/src/AMR_ros2_slam_nav2/install/cartographer/include/cartographer/io/submap_painter.h
-- Installing: /home/nvidia/workspace/alan/src/AMR_ros2_slam_nav2/install/cartographer/include/cartographer/io/xray_points_processor.h
-- Installing: /home/nvidia/workspace/alan/src/AMR_ros2_slam_nav2/install/cartographer/include/cartographer/io/xyz_writing_points_processor.h
-- Installing: /home/nvidia/workspace/alan/src/AMR_ros2_slam_nav2/install/cartographer/include/cartographer/mapping/2d/grid_2d.h
-- Installing: /home/nvidia/workspace/alan/src/AMR_ros2_slam_nav2/install/cartographer/include/cartographer/mapping/2d/map_limits.h
-- Installing: /home/nvidia/workspace/alan/src/AMR_ros2_slam_nav2/install/cartographer/include/cartographer/mapping/2d/probability_grid.h
-- Installing: /home/nvidia/workspace/alan/src/AMR_ros2_slam_nav2/install/cartographer/include/cartographer/mapping/2d/probability_grid_range_data_inserter_2d.h
-- Installing: /home/nvidia/workspace/alan/src/AMR_ros2_slam_nav2/install/cartographer/include/cartographer/mapping/2d/submap_2d.h
-- Installing: /home/nvidia/workspace/alan/src/AMR_ros2_slam_nav2/install/cartographer/include/cartographer/mapping/2d/xy_index.h
-- Installing: /home/nvidia/workspace/alan/src/AMR_ros2_slam_nav2/install/cartographer/include/cartographer/mapping/3d/hybrid_grid.h
-- Installing: /home/nvidia/workspace/alan/src/AMR_ros2_slam_nav2/install/cartographer/include/cartographer/mapping/3d/range_data_inserter_3d.h
-- Installing: /home/nvidia/workspace/alan/src/AMR_ros2_slam_nav2/install/cartographer/include/cartographer/mapping/3d/submap_3d.h
-- Installing: /home/nvidia/workspace/alan/src/AMR_ros2_slam_nav2/install/cartographer/include/cartographer/mapping/detect_floors.h
-- Installing: /home/nvidia/workspace/alan/src/AMR_ros2_slam_nav2/install/cartographer/include/cartographer/mapping/grid_interface.h
-- Installing: /home/nvidia/workspace/alan/src/AMR_ros2_slam_nav2/install/cartographer/include/cartographer/mapping/id.h
-- Installing: /home/nvidia/workspace/alan/src/AMR_ros2_slam_nav2/install/cartographer/include/cartographer/mapping/imu_tracker.h
-- Installing: /home/nvidia/workspace/alan/src/AMR_ros2_slam_nav2/install/cartographer/include/cartographer/mapping/local_slam_result_data.h
-- Installing: /home/nvidia/workspace/alan/src/AMR_ros2_slam_nav2/install/cartographer/include/cartographer/mapping/map_builder.h
-- Installing: /home/nvidia/workspace/alan/src/AMR_ros2_slam_nav2/install/cartographer/include/cartographer/mapping/map_builder_interface.h
-- Installing: /home/nvidia/workspace/alan/src/AMR_ros2_slam_nav2/install/cartographer/include/cartographer/mapping/pose_extrapolator.h
-- Installing: /home/nvidia/workspace/alan/src/AMR_ros2_slam_nav2/install/cartographer/include/cartographer/mapping/pose_graph.h
-- Installing: /home/nvidia/workspace/alan/src/AMR_ros2_slam_nav2/install/cartographer/include/cartographer/mapping/pose_graph_interface.h
-- Installing: /home/nvidia/workspace/alan/src/AMR_ros2_slam_nav2/install/cartographer/include/cartographer/mapping/pose_graph_trimmer.h
-- Installing: /home/nvidia/workspace/alan/src/AMR_ros2_slam_nav2/install/cartographer/include/cartographer/mapping/probability_values.h
-- Installing: /home/nvidia/workspace/alan/src/AMR_ros2_slam_nav2/install/cartographer/include/cartographer/mapping/range_data_inserter_interface.h
-- Installing: /home/nvidia/workspace/alan/src/AMR_ros2_slam_nav2/install/cartographer/include/cartographer/mapping/submaps.h
-- Installing: /home/nvidia/workspace/alan/src/AMR_ros2_slam_nav2/install/cartographer/include/cartographer/mapping/trajectory_builder_interface.h
-- Installing: /home/nvidia/workspace/alan/src/AMR_ros2_slam_nav2/install/cartographer/include/cartographer/mapping/trajectory_node.h
-- Installing: /home/nvidia/workspace/alan/src/AMR_ros2_slam_nav2/install/cartographer/include/cartographer/metrics/counter.h
-- Installing: /home/nvidia/workspace/alan/src/AMR_ros2_slam_nav2/install/cartographer/include/cartographer/metrics/family_factory.h
-- Installing: /home/nvidia/workspace/alan/src/AMR_ros2_slam_nav2/install/cartographer/include/cartographer/metrics/gauge.h
-- Installing: /home/nvidia/workspace/alan/src/AMR_ros2_slam_nav2/install/cartographer/include/cartographer/metrics/histogram.h
-- Installing: /home/nvidia/workspace/alan/src/AMR_ros2_slam_nav2/install/cartographer/include/cartographer/metrics/register.h
-- Installing: /home/nvidia/workspace/alan/src/AMR_ros2_slam_nav2/install/cartographer/include/cartographer/sensor/collator_interface.h
-- Installing: /home/nvidia/workspace/alan/src/AMR_ros2_slam_nav2/install/cartographer/include/cartographer/sensor/compressed_point_cloud.h
-- Installing: /home/nvidia/workspace/alan/src/AMR_ros2_slam_nav2/install/cartographer/include/cartographer/sensor/data.h
-- Installing: /home/nvidia/workspace/alan/src/AMR_ros2_slam_nav2/install/cartographer/include/cartographer/sensor/fixed_frame_pose_data.h
-- Installing: /home/nvidia/workspace/alan/src/AMR_ros2_slam_nav2/install/cartographer/include/cartographer/sensor/imu_data.h
-- Installing: /home/nvidia/workspace/alan/src/AMR_ros2_slam_nav2/install/cartographer/include/cartographer/sensor/landmark_data.h
-- Installing: /home/nvidia/workspace/alan/src/AMR_ros2_slam_nav2/install/cartographer/include/cartographer/sensor/map_by_time.h
-- Installing: /home/nvidia/workspace/alan/src/AMR_ros2_slam_nav2/install/cartographer/include/cartographer/sensor/odometry_data.h
-- Installing: /home/nvidia/workspace/alan/src/AMR_ros2_slam_nav2/install/cartographer/include/cartographer/sensor/point_cloud.h
-- Installing: /home/nvidia/workspace/alan/src/AMR_ros2_slam_nav2/install/cartographer/include/cartographer/sensor/range_data.h
-- Installing: /home/nvidia/workspace/alan/src/AMR_ros2_slam_nav2/install/cartographer/include/cartographer/sensor/timed_point_cloud_data.h
-- Installing: /home/nvidia/workspace/alan/src/AMR_ros2_slam_nav2/install/cartographer/include/cartographer/transform/rigid_transform.h
-- Installing: /home/nvidia/workspace/alan/src/AMR_ros2_slam_nav2/install/cartographer/include/cartographer/transform/timestamped_transform.h
-- Installing: /home/nvidia/workspace/alan/src/AMR_ros2_slam_nav2/install/cartographer/include/cartographer/transform/transform.h
-- Installing: /home/nvidia/workspace/alan/src/AMR_ros2_slam_nav2/install/cartographer/include/cartographer/transform/transform_interpolation_buffer.h
-- Installing: /home/nvidia/workspace/alan/src/AMR_ros2_slam_nav2/install/cartographer/include/cartographer/common/lua_parameter_dictionary_test_helpers.h
-- Installing: /home/nvidia/workspace/alan/src/AMR_ros2_slam_nav2/install/cartographer/include/cartographer/io/fake_file_writer.h
-- Installing: /home/nvidia/workspace/alan/src/AMR_ros2_slam_nav2/install/cartographer/include/cartographer/transform/rigid_transform_test_helpers.h
-- Installing: /home/nvidia/workspace/alan/src/AMR_ros2_slam_nav2/install/cartographer/include/cartographer/common/proto/ceres_solver_options.pb.h
-- Installing: /home/nvidia/workspace/alan/src/AMR_ros2_slam_nav2/install/cartographer/include/cartographer/ground_truth/proto/relations.pb.h
-- Installing: /home/nvidia/workspace/alan/src/AMR_ros2_slam_nav2/install/cartographer/include/cartographer/mapping/proto/2d/cell_limits.pb.h
-- Installing: /home/nvidia/workspace/alan/src/AMR_ros2_slam_nav2/install/cartographer/include/cartographer/mapping/proto/2d/grid_2d.pb.h
-- Installing: /home/nvidia/workspace/alan/src/AMR_ros2_slam_nav2/install/cartographer/include/cartographer/mapping/proto/2d/grid_2d_options.pb.h
-- Installing: /home/nvidia/workspace/alan/src/AMR_ros2_slam_nav2/install/cartographer/include/cartographer/mapping/proto/2d/local_trajectory_builder_options_2d.pb.h
-- Installing: /home/nvidia/workspace/alan/src/AMR_ros2_slam_nav2/install/cartographer/include/cartographer/mapping/proto/2d/map_limits.pb.h
-- Installing: /home/nvidia/workspace/alan/src/AMR_ros2_slam_nav2/install/cartographer/include/cartographer/mapping/proto/2d/probability_grid.pb.h
-- Installing: /home/nvidia/workspace/alan/src/AMR_ros2_slam_nav2/install/cartographer/include/cartographer/mapping/proto/2d/probability_grid_range_data_inserter_options_2d.pb.h
-- Installing: /home/nvidia/workspace/alan/src/AMR_ros2_slam_nav2/install/cartographer/include/cartographer/mapping/proto/2d/submaps_options_2d.pb.h
-- Installing: /home/nvidia/workspace/alan/src/AMR_ros2_slam_nav2/install/cartographer/include/cartographer/mapping/proto/3d/hybrid_grid.pb.h
-- Installing: /home/nvidia/workspace/alan/src/AMR_ros2_slam_nav2/install/cartographer/include/cartographer/mapping/proto/3d/local_trajectory_builder_options_3d.pb.h
-- Installing: /home/nvidia/workspace/alan/src/AMR_ros2_slam_nav2/install/cartographer/include/cartographer/mapping/proto/3d/range_data_inserter_options_3d.pb.h
-- Installing: /home/nvidia/workspace/alan/src/AMR_ros2_slam_nav2/install/cartographer/include/cartographer/mapping/proto/3d/submaps_options_3d.pb.h
-- Installing: /home/nvidia/workspace/alan/src/AMR_ros2_slam_nav2/install/cartographer/include/cartographer/mapping/proto/connected_components.pb.h
-- Installing: /home/nvidia/workspace/alan/src/AMR_ros2_slam_nav2/install/cartographer/include/cartographer/mapping/proto/internal/legacy_serialized_data.pb.h
-- Installing: /home/nvidia/workspace/alan/src/AMR_ros2_slam_nav2/install/cartographer/include/cartographer/mapping/proto/map_builder_options.pb.h
-- Installing: /home/nvidia/workspace/alan/src/AMR_ros2_slam_nav2/install/cartographer/include/cartographer/mapping/proto/motion_filter_options.pb.h
-- Installing: /home/nvidia/workspace/alan/src/AMR_ros2_slam_nav2/install/cartographer/include/cartographer/mapping/proto/pose_graph.pb.h
-- Installing: /home/nvidia/workspace/alan/src/AMR_ros2_slam_nav2/install/cartographer/include/cartographer/mapping/proto/pose_graph/constraint_builder_options.pb.h
-- Installing: /home/nvidia/workspace/alan/src/AMR_ros2_slam_nav2/install/cartographer/include/cartographer/mapping/proto/pose_graph/optimization_problem_options.pb.h
-- Installing: /home/nvidia/workspace/alan/src/AMR_ros2_slam_nav2/install/cartographer/include/cartographer/mapping/proto/pose_graph_options.pb.h
-- Installing: /home/nvidia/workspace/alan/src/AMR_ros2_slam_nav2/install/cartographer/include/cartographer/mapping/proto/range_data_inserter_options.pb.h
-- Installing: /home/nvidia/workspace/alan/src/AMR_ros2_slam_nav2/install/cartographer/include/cartographer/mapping/proto/scan_matching/ceres_scan_matcher_options_2d.pb.h
-- Installing: /home/nvidia/workspace/alan/src/AMR_ros2_slam_nav2/install/cartographer/include/cartographer/mapping/proto/scan_matching/ceres_scan_matcher_options_3d.pb.h
-- Installing: /home/nvidia/workspace/alan/src/AMR_ros2_slam_nav2/install/cartographer/include/cartographer/mapping/proto/scan_matching/fast_correlative_scan_matcher_options_2d.pb.h
-- Installing: /home/nvidia/workspace/alan/src/AMR_ros2_slam_nav2/install/cartographer/include/cartographer/mapping/proto/scan_matching/fast_correlative_scan_matcher_options_3d.pb.h
-- Installing: /home/nvidia/workspace/alan/src/AMR_ros2_slam_nav2/install/cartographer/include/cartographer/mapping/proto/scan_matching/real_time_correlative_scan_matcher_options.pb.h
-- Installing: /home/nvidia/workspace/alan/src/AMR_ros2_slam_nav2/install/cartographer/include/cartographer/mapping/proto/serialization.pb.h
-- Installing: /home/nvidia/workspace/alan/src/AMR_ros2_slam_nav2/install/cartographer/include/cartographer/mapping/proto/submap.pb.h
-- Installing: /home/nvidia/workspace/alan/src/AMR_ros2_slam_nav2/install/cartographer/include/cartographer/mapping/proto/submap_visualization.pb.h
-- Installing: /home/nvidia/workspace/alan/src/AMR_ros2_slam_nav2/install/cartographer/include/cartographer/mapping/proto/trajectory.pb.h
-- Installing: /home/nvidia/workspace/alan/src/AMR_ros2_slam_nav2/install/cartographer/include/cartographer/mapping/proto/trajectory_builder_options.pb.h
-- Installing: /home/nvidia/workspace/alan/src/AMR_ros2_slam_nav2/install/cartographer/include/cartographer/mapping/proto/trajectory_node_data.pb.h
-- Installing: /home/nvidia/workspace/alan/src/AMR_ros2_slam_nav2/install/cartographer/include/cartographer/sensor/proto/adaptive_voxel_filter_options.pb.h
-- Installing: /home/nvidia/workspace/alan/src/AMR_ros2_slam_nav2/install/cartographer/include/cartographer/sensor/proto/sensor.pb.h
-- Installing: /home/nvidia/workspace/alan/src/AMR_ros2_slam_nav2/install/cartographer/include/cartographer/transform/proto/transform.pb.h
-- Installing: /home/nvidia/workspace/alan/src/AMR_ros2_slam_nav2/install/cartographer/share/cartographer/cmake/CartographerTargets.cmake
-- Installing: /home/nvidia/workspace/alan/src/AMR_ros2_slam_nav2/install/cartographer/share/cartographer/cmake/CartographerTargets-release.cmake
-- Installing: /home/nvidia/workspace/alan/src/AMR_ros2_slam_nav2/install/cartographer/share/cartographer/cartographer-config.cmake
