[01m[K/home/nvidia/workspace/alan/src/AMR_ros2_slam_nav2/ros2_fdlink_driver/fdlink_ahrs/src/ahrs_driver.cpp:[m[K In member function ‘[01m[Kvoid FDILink::ahrsBringup::processLoop()[m[K’:
[01m[K/home/nvidia/workspace/alan/src/AMR_ros2_slam_nav2/ros2_fdlink_driver/fdlink_ahrs/src/ahrs_driver.cpp:134:14:[m[K [01;35m[Kwarning: [m[Kunused variable ‘[01m[Kground_sn_s[m[K’ [[01;35m[K-Wunused-variable[m[K]
       size_t [01;35m[Kground_sn_s[m[K = serial_.read(ground_sn, 1);
              [01;35m[K^~~~~~~~~~~[m[K
[01m[K/home/nvidia/workspace/alan/src/AMR_ros2_slam_nav2/ros2_fdlink_driver/fdlink_ahrs/src/ahrs_driver.cpp:157:14:[m[K [01;35m[Kwarning: [m[Kunused variable ‘[01m[Kground_ignore_s[m[K’ [[01;35m[K-Wunused-variable[m[K]
       size_t [01;35m[Kground_ignore_s[m[K = serial_.read(ground_ignore, (check_len[0]+4));
              [01;35m[K^~~~~~~~~~~~~~~[m[K
[01m[K/home/nvidia/workspace/alan/src/AMR_ros2_slam_nav2/ros2_fdlink_driver/fdlink_ahrs/src/ahrs_driver.cpp:247:14:[m[K [01;35m[Kwarning: [m[Kunused variable ‘[01m[Kdata_s[m[K’ [[01;35m[K-Wunused-variable[m[K]
       size_t [01;35m[Kdata_s[m[K = serial_.read(imu_frame_.read_buf.read_msg, (IMU_LEN + 1)); //48+1
              [01;35m[K^~~~~~[m[K
[01m[K/home/nvidia/workspace/alan/src/AMR_ros2_slam_nav2/ros2_fdlink_driver/fdlink_ahrs/src/ahrs_driver.cpp:282:14:[m[K [01;35m[Kwarning: [m[Kunused variable ‘[01m[Kdata_s[m[K’ [[01;35m[K-Wunused-variable[m[K]
       size_t [01;35m[Kdata_s[m[K = serial_.read(ahrs_frame_.read_buf.read_msg, (AHRS_LEN + 1)); //48+1
              [01;35m[K^~~~~~[m[K
[01m[K/home/nvidia/workspace/alan/src/AMR_ros2_slam_nav2/ros2_fdlink_driver/fdlink_ahrs/src/ahrs_driver.cpp:314:14:[m[K [01;35m[Kwarning: [m[Kunused variable ‘[01m[Kdata_s[m[K’ [[01;35m[K-Wunused-variable[m[K]
       size_t [01;35m[Kdata_s[m[K = serial_.read(insgps_frame_.read_buf.read_msg, (INSGPS_LEN + 1)); //48+1
              [01;35m[K^~~~~~[m[K
[01m[K/home/nvidia/workspace/alan/src/AMR_ros2_slam_nav2/ros2_fdlink_driver/fdlink_ahrs/src/ahrs_driver.cpp:348:26:[m[K [01;35m[Kwarning: [m[Kvariable ‘[01m[Kq_xiao_rr[m[K’ set but not used [[01;35m[K-Wunused-but-set-variable[m[K]
       Eigen::Quaterniond [01;35m[Kq_xiao_rr[m[K =
                          [01;35m[K^~~~~~~~~[m[K
[01m[K/home/nvidia/workspace/alan/src/AMR_ros2_slam_nav2/ros2_fdlink_driver/fdlink_ahrs/src/ahrs_driver.cpp:103:12:[m[K [01;35m[Kwarning: [m[Kunused variable ‘[01m[Ktype_s[m[K’ [[01;35m[K-Wunused-variable[m[K]
     size_t [01;35m[Ktype_s[m[K = serial_.read(head_type, 1);
            [01;35m[K^~~~~~[m[K
[01m[K/home/nvidia/workspace/alan/src/AMR_ros2_slam_nav2/ros2_fdlink_driver/fdlink_ahrs/src/ahrs_driver.cpp:114:12:[m[K [01;35m[Kwarning: [m[Kunused variable ‘[01m[Klen_s[m[K’ [[01;35m[K-Wunused-variable[m[K]
     size_t [01;35m[Klen_s[m[K = serial_.read(check_len, 1);
            [01;35m[K^~~~~[m[K
[01m[K/home/nvidia/workspace/alan/src/AMR_ros2_slam_nav2/ros2_fdlink_driver/fdlink_ahrs/src/ahrs_driver.cpp:162:12:[m[K [01;35m[Kwarning: [m[Kunused variable ‘[01m[Ksn_s[m[K’ [[01;35m[K-Wunused-variable[m[K]
     size_t [01;35m[Ksn_s[m[K = serial_.read(check_sn, 1);
            [01;35m[K^~~~[m[K
[01m[K/home/nvidia/workspace/alan/src/AMR_ros2_slam_nav2/ros2_fdlink_driver/fdlink_ahrs/src/ahrs_driver.cpp:164:12:[m[K [01;35m[Kwarning: [m[Kunused variable ‘[01m[Kcrc8_s[m[K’ [[01;35m[K-Wunused-variable[m[K]
     size_t [01;35m[Kcrc8_s[m[K = serial_.read(head_crc8, 1);
            [01;35m[K^~~~~~[m[K
[01m[K/home/nvidia/workspace/alan/src/AMR_ros2_slam_nav2/ros2_fdlink_driver/fdlink_ahrs/src/ahrs_driver.cpp:167:12:[m[K [01;35m[Kwarning: [m[Kunused variable ‘[01m[Kcrc16_H_s[m[K’ [[01;35m[K-Wunused-variable[m[K]
     size_t [01;35m[Kcrc16_H_s[m[K = serial_.read(head_crc16_H, 1);
            [01;35m[K^~~~~~~~~[m[K
[01m[K/home/nvidia/workspace/alan/src/AMR_ros2_slam_nav2/ros2_fdlink_driver/fdlink_ahrs/src/ahrs_driver.cpp:168:12:[m[K [01;35m[Kwarning: [m[Kunused variable ‘[01m[Kcrc16_L_s[m[K’ [[01;35m[K-Wunused-variable[m[K]
     size_t [01;35m[Kcrc16_L_s[m[K = serial_.read(head_crc16_L, 1);
            [01;35m[K^~~~~~~~~[m[K
