-- The C compiler identification is GNU 7.5.0
-- The CXX compiler identification is GNU 7.5.0
-- Check for working C compiler: /usr/bin/cc
-- Check for working C compiler: /usr/bin/cc -- works
-- Detecting C compiler ABI info
-- Detecting C compiler ABI info - done
-- Detecting C compile features
-- Detecting C compile features - done
-- Check for working CXX compiler: /usr/bin/c++
-- Check for working CXX compiler: /usr/bin/c++ -- works
-- Detecting CXX compiler ABI info
-- Detecting CXX compiler ABI info - done
-- Detecting CXX compile features
-- Detecting CXX compile features - done
-- Found ament_cmake: 0.9.9 (/home/workspace/ros2/install/share/ament_cmake/cmake)
-- Found PythonInterp: /usr/bin/python3 (found suitable version "3.6.9", minimum required is "3") 
-- Using PYTHON_EXECUTABLE: /usr/bin/python3
-- Found rclcpp: 2.4.0 (/home/workspace/ros2/install/share/rclcpp/cmake)
-- Using all available rosidl_typesupport_c: rosidl_typesupport_fastrtps_c;rosidl_typesupport_introspection_c
-- Found rosidl_adapter: 1.2.1 (/home/workspace/ros2/install/share/rosidl_adapter/cmake)
-- Found OpenSSL: /usr/lib/aarch64-linux-gnu/libcrypto.so (found version "1.1.1")  
-- Found FastRTPS: /home/workspace/ros2/install/include  
-- Using all available rosidl_typesupport_cpp: rosidl_typesupport_fastrtps_cpp;rosidl_typesupport_introspection_cpp
-- Found rmw_implementation_cmake: 1.0.3 (/home/workspace/ros2/install/share/rmw_implementation_cmake/cmake)
-- Using RMW implementation 'rmw_fastrtps_cpp' as default
-- Looking for pthread.h
-- Looking for pthread.h - found
-- Performing Test CMAKE_HAVE_LIBC_PTHREAD
-- Performing Test CMAKE_HAVE_LIBC_PTHREAD - Failed
-- Looking for pthread_create in pthreads
-- Looking for pthread_create in pthreads - not found
-- Looking for pthread_create in pthread
-- Looking for pthread_create in pthread - found
-- Found Threads: TRUE  
-- Found rclpy: 1.0.7 (/home/workspace/ros2/install/share/rclpy/cmake)
-- Found sensor_msgs: 2.0.4 (/home/workspace/ros2/install/share/sensor_msgs/cmake)
-- Found tf2: 0.13.12 (/home/workspace/ros2/install/share/tf2/cmake)
-- Found tf2_ros: 0.13.12 (/home/workspace/ros2/install/share/tf2_ros/cmake)
-- Found serial: 1.2.1 (/home/nvidia/workspace/alan/src/AMR_ros2_slam_nav2/install/serial/share/serial/cmake)
-- Found ament_lint_auto: 0.9.6 (/home/workspace/ros2/install/share/ament_lint_auto/cmake)
-- Added test 'copyright' to check source files copyright and LICENSE
-- Added test 'cppcheck' to perform static code analysis on C / C++ code
-- Configured cppcheck include dirs: /home/nvidia/workspace/alan/src/AMR_ros2_slam_nav2/ros2_fdlink_driver/fdlink_ahrs/include;/home/nvidia/workspace/alan/src/AMR_ros2_slam_nav2/ros2_fdlink_driver/fdlink_ahrs/src
-- Configured cppcheck exclude dirs and/or files: 
-- Added test 'cpplint' to check C / C++ code against the Google style
-- Configured cpplint exclude dirs and/or files: 
-- Added test 'flake8' to check Python code syntax and style conventions
-- Added test 'lint_cmake' to check CMake code style
-- Added test 'pep257' to check Python code against some of the style conventions in PEP 257
-- Added test 'uncrustify' to check C / C++ code style
-- Configured uncrustify additional arguments: 
-- Added test 'xmllint' to check XML markup files
-- Configuring done
-- Generating done
-- Build files have been written to: /home/nvidia/workspace/alan/src/AMR_ros2_slam_nav2/build/fdlink_ahrs
[35m[1mScanning dependencies of target ahrs_driver_node[0m
[ 20%] [32mBuilding CXX object CMakeFiles/ahrs_driver_node.dir/src/ahrs_driver.cpp.o[0m
[01m[K/home/nvidia/workspace/alan/src/AMR_ros2_slam_nav2/ros2_fdlink_driver/fdlink_ahrs/src/ahrs_driver.cpp:[m[K In member function ‘[01m[Kvoid FDILink::ahrsBringup::processLoop()[m[K’:
[01m[K/home/nvidia/workspace/alan/src/AMR_ros2_slam_nav2/ros2_fdlink_driver/fdlink_ahrs/src/ahrs_driver.cpp:134:14:[m[K [01;35m[Kwarning: [m[Kunused variable ‘[01m[Kground_sn_s[m[K’ [[01;35m[K-Wunused-variable[m[K]
       size_t [01;35m[Kground_sn_s[m[K = serial_.read(ground_sn, 1);
              [01;35m[K^~~~~~~~~~~[m[K
[01m[K/home/nvidia/workspace/alan/src/AMR_ros2_slam_nav2/ros2_fdlink_driver/fdlink_ahrs/src/ahrs_driver.cpp:157:14:[m[K [01;35m[Kwarning: [m[Kunused variable ‘[01m[Kground_ignore_s[m[K’ [[01;35m[K-Wunused-variable[m[K]
       size_t [01;35m[Kground_ignore_s[m[K = serial_.read(ground_ignore, (check_len[0]+4));
              [01;35m[K^~~~~~~~~~~~~~~[m[K
[01m[K/home/nvidia/workspace/alan/src/AMR_ros2_slam_nav2/ros2_fdlink_driver/fdlink_ahrs/src/ahrs_driver.cpp:247:14:[m[K [01;35m[Kwarning: [m[Kunused variable ‘[01m[Kdata_s[m[K’ [[01;35m[K-Wunused-variable[m[K]
       size_t [01;35m[Kdata_s[m[K = serial_.read(imu_frame_.read_buf.read_msg, (IMU_LEN + 1)); //48+1
              [01;35m[K^~~~~~[m[K
[01m[K/home/nvidia/workspace/alan/src/AMR_ros2_slam_nav2/ros2_fdlink_driver/fdlink_ahrs/src/ahrs_driver.cpp:282:14:[m[K [01;35m[Kwarning: [m[Kunused variable ‘[01m[Kdata_s[m[K’ [[01;35m[K-Wunused-variable[m[K]
       size_t [01;35m[Kdata_s[m[K = serial_.read(ahrs_frame_.read_buf.read_msg, (AHRS_LEN + 1)); //48+1
              [01;35m[K^~~~~~[m[K
[01m[K/home/nvidia/workspace/alan/src/AMR_ros2_slam_nav2/ros2_fdlink_driver/fdlink_ahrs/src/ahrs_driver.cpp:314:14:[m[K [01;35m[Kwarning: [m[Kunused variable ‘[01m[Kdata_s[m[K’ [[01;35m[K-Wunused-variable[m[K]
       size_t [01;35m[Kdata_s[m[K = serial_.read(insgps_frame_.read_buf.read_msg, (INSGPS_LEN + 1)); //48+1
              [01;35m[K^~~~~~[m[K
[01m[K/home/nvidia/workspace/alan/src/AMR_ros2_slam_nav2/ros2_fdlink_driver/fdlink_ahrs/src/ahrs_driver.cpp:348:26:[m[K [01;35m[Kwarning: [m[Kvariable ‘[01m[Kq_xiao_rr[m[K’ set but not used [[01;35m[K-Wunused-but-set-variable[m[K]
       Eigen::Quaterniond [01;35m[Kq_xiao_rr[m[K =
                          [01;35m[K^~~~~~~~~[m[K
[01m[K/home/nvidia/workspace/alan/src/AMR_ros2_slam_nav2/ros2_fdlink_driver/fdlink_ahrs/src/ahrs_driver.cpp:103:12:[m[K [01;35m[Kwarning: [m[Kunused variable ‘[01m[Ktype_s[m[K’ [[01;35m[K-Wunused-variable[m[K]
     size_t [01;35m[Ktype_s[m[K = serial_.read(head_type, 1);
            [01;35m[K^~~~~~[m[K
[01m[K/home/nvidia/workspace/alan/src/AMR_ros2_slam_nav2/ros2_fdlink_driver/fdlink_ahrs/src/ahrs_driver.cpp:114:12:[m[K [01;35m[Kwarning: [m[Kunused variable ‘[01m[Klen_s[m[K’ [[01;35m[K-Wunused-variable[m[K]
     size_t [01;35m[Klen_s[m[K = serial_.read(check_len, 1);
            [01;35m[K^~~~~[m[K
[01m[K/home/nvidia/workspace/alan/src/AMR_ros2_slam_nav2/ros2_fdlink_driver/fdlink_ahrs/src/ahrs_driver.cpp:162:12:[m[K [01;35m[Kwarning: [m[Kunused variable ‘[01m[Ksn_s[m[K’ [[01;35m[K-Wunused-variable[m[K]
     size_t [01;35m[Ksn_s[m[K = serial_.read(check_sn, 1);
            [01;35m[K^~~~[m[K
[01m[K/home/nvidia/workspace/alan/src/AMR_ros2_slam_nav2/ros2_fdlink_driver/fdlink_ahrs/src/ahrs_driver.cpp:164:12:[m[K [01;35m[Kwarning: [m[Kunused variable ‘[01m[Kcrc8_s[m[K’ [[01;35m[K-Wunused-variable[m[K]
     size_t [01;35m[Kcrc8_s[m[K = serial_.read(head_crc8, 1);
            [01;35m[K^~~~~~[m[K
[01m[K/home/nvidia/workspace/alan/src/AMR_ros2_slam_nav2/ros2_fdlink_driver/fdlink_ahrs/src/ahrs_driver.cpp:167:12:[m[K [01;35m[Kwarning: [m[Kunused variable ‘[01m[Kcrc16_H_s[m[K’ [[01;35m[K-Wunused-variable[m[K]
     size_t [01;35m[Kcrc16_H_s[m[K = serial_.read(head_crc16_H, 1);
            [01;35m[K^~~~~~~~~[m[K
[01m[K/home/nvidia/workspace/alan/src/AMR_ros2_slam_nav2/ros2_fdlink_driver/fdlink_ahrs/src/ahrs_driver.cpp:168:12:[m[K [01;35m[Kwarning: [m[Kunused variable ‘[01m[Kcrc16_L_s[m[K’ [[01;35m[K-Wunused-variable[m[K]
     size_t [01;35m[Kcrc16_L_s[m[K = serial_.read(head_crc16_L, 1);
            [01;35m[K^~~~~~~~~[m[K
[ 40%] [32mBuilding CXX object CMakeFiles/ahrs_driver_node.dir/src/crc_table.cpp.o[0m
[ 60%] [32m[1mLinking CXX executable ahrs_driver_node[0m
[ 60%] Built target ahrs_driver_node
[35m[1mScanning dependencies of target imu_tf_node[0m
[ 80%] [32mBuilding CXX object CMakeFiles/imu_tf_node.dir/src/imu_tf.cpp.o[0m
[100%] [32m[1mLinking CXX executable imu_tf_node[0m
[100%] Built target imu_tf_node
-- Install configuration: ""
-- Installing: /home/nvidia/workspace/alan/src/AMR_ros2_slam_nav2/install/fdlink_ahrs/lib/fdlink_ahrs/ahrs_driver_node
-- Set runtime path of "/home/nvidia/workspace/alan/src/AMR_ros2_slam_nav2/install/fdlink_ahrs/lib/fdlink_ahrs/ahrs_driver_node" to ""
-- Installing: /home/nvidia/workspace/alan/src/AMR_ros2_slam_nav2/install/fdlink_ahrs/lib/fdlink_ahrs/imu_tf_node
-- Set runtime path of "/home/nvidia/workspace/alan/src/AMR_ros2_slam_nav2/install/fdlink_ahrs/lib/fdlink_ahrs/imu_tf_node" to ""
-- Installing: /home/nvidia/workspace/alan/src/AMR_ros2_slam_nav2/install/fdlink_ahrs/share/fdlink_ahrs/launch
-- Installing: /home/nvidia/workspace/alan/src/AMR_ros2_slam_nav2/install/fdlink_ahrs/share/fdlink_ahrs/launch/ahrs_driver.launch.py
-- Installing: /home/nvidia/workspace/alan/src/AMR_ros2_slam_nav2/install/fdlink_ahrs/share/fdlink_ahrs/launch/imu_tf.launch.py
-- Installing: /home/nvidia/workspace/alan/src/AMR_ros2_slam_nav2/install/fdlink_ahrs/share/ament_index/resource_index/package_run_dependencies/fdlink_ahrs
-- Installing: /home/nvidia/workspace/alan/src/AMR_ros2_slam_nav2/install/fdlink_ahrs/share/ament_index/resource_index/parent_prefix_path/fdlink_ahrs
-- Installing: /home/nvidia/workspace/alan/src/AMR_ros2_slam_nav2/install/fdlink_ahrs/share/fdlink_ahrs/environment/ament_prefix_path.sh
-- Installing: /home/nvidia/workspace/alan/src/AMR_ros2_slam_nav2/install/fdlink_ahrs/share/fdlink_ahrs/environment/ament_prefix_path.dsv
-- Installing: /home/nvidia/workspace/alan/src/AMR_ros2_slam_nav2/install/fdlink_ahrs/share/fdlink_ahrs/environment/path.sh
-- Installing: /home/nvidia/workspace/alan/src/AMR_ros2_slam_nav2/install/fdlink_ahrs/share/fdlink_ahrs/environment/path.dsv
-- Installing: /home/nvidia/workspace/alan/src/AMR_ros2_slam_nav2/install/fdlink_ahrs/share/fdlink_ahrs/local_setup.bash
-- Installing: /home/nvidia/workspace/alan/src/AMR_ros2_slam_nav2/install/fdlink_ahrs/share/fdlink_ahrs/local_setup.sh
-- Installing: /home/nvidia/workspace/alan/src/AMR_ros2_slam_nav2/install/fdlink_ahrs/share/fdlink_ahrs/local_setup.zsh
-- Installing: /home/nvidia/workspace/alan/src/AMR_ros2_slam_nav2/install/fdlink_ahrs/share/fdlink_ahrs/local_setup.dsv
-- Installing: /home/nvidia/workspace/alan/src/AMR_ros2_slam_nav2/install/fdlink_ahrs/share/fdlink_ahrs/package.dsv
-- Installing: /home/nvidia/workspace/alan/src/AMR_ros2_slam_nav2/install/fdlink_ahrs/share/ament_index/resource_index/packages/fdlink_ahrs
-- Installing: /home/nvidia/workspace/alan/src/AMR_ros2_slam_nav2/install/fdlink_ahrs/share/fdlink_ahrs/cmake/fdlink_ahrsConfig.cmake
-- Installing: /home/nvidia/workspace/alan/src/AMR_ros2_slam_nav2/install/fdlink_ahrs/share/fdlink_ahrs/cmake/fdlink_ahrsConfig-version.cmake
-- Installing: /home/nvidia/workspace/alan/src/AMR_ros2_slam_nav2/install/fdlink_ahrs/share/fdlink_ahrs/package.xml
