-- The C compiler identification is GNU 7.5.0
-- The CXX compiler identification is GNU 7.5.0
-- Check for working C compiler: /usr/bin/cc
-- Check for working C compiler: /usr/bin/cc -- works
-- Detecting C compiler ABI info
-- Detecting C compiler ABI info - done
-- Detecting C compile features
-- Detecting C compile features - done
-- Check for working CXX compiler: /usr/bin/c++
-- Check for working CXX compiler: /usr/bin/c++ -- works
-- Detecting CXX compiler ABI info
-- Detecting CXX compiler ABI info - done
-- Detecting CXX compile features
-- Detecting CXX compile features - done
-- Found ament_cmake: 0.9.9 (/home/workspace/ros2/install/share/ament_cmake/cmake)
-- Found PythonInterp: /usr/bin/python3 (found suitable version "3.6.9", minimum required is "3") 
-- Using PYTHON_EXECUTABLE: /usr/bin/python3
-- Found std_msgs: 2.0.4 (/home/workspace/ros2/install/share/std_msgs/cmake)
-- Using all available rosidl_typesupport_c: rosidl_typesupport_fastrtps_c;rosidl_typesupport_introspection_c
-- Found rosidl_adapter: 1.2.1 (/home/workspace/ros2/install/share/rosidl_adapter/cmake)
-- Found OpenSSL: /usr/lib/aarch64-linux-gnu/libcrypto.so (found version "1.1.1")  
-- Found FastRTPS: /home/workspace/ros2/install/include  
-- Using all available rosidl_typesupport_cpp: rosidl_typesupport_fastrtps_cpp;rosidl_typesupport_introspection_cpp
-- Found rclcpp: 2.4.0 (/home/workspace/ros2/install/share/rclcpp/cmake)
-- Found rmw_implementation_cmake: 1.0.3 (/home/workspace/ros2/install/share/rmw_implementation_cmake/cmake)
-- Using RMW implementation 'rmw_fastrtps_cpp' as default
-- Looking for pthread.h
-- Looking for pthread.h - found
-- Performing Test CMAKE_HAVE_LIBC_PTHREAD
-- Performing Test CMAKE_HAVE_LIBC_PTHREAD - Failed
-- Looking for pthread_create in pthreads
-- Looking for pthread_create in pthreads - not found
-- Looking for pthread_create in pthread
-- Looking for pthread_create in pthread - found
-- Found Threads: TRUE  
-- Found rosidl_default_generators: 1.0.1 (/home/workspace/ros2/install/share/rosidl_default_generators/cmake)
-- Found PythonInterp: /usr/bin/python3 (found version "3.6.9") 
-- Found ament_cmake_ros: 0.9.2 (/home/workspace/ros2/install/share/ament_cmake_ros/cmake)
-- Using all available rosidl_typesupport_c: rosidl_typesupport_fastrtps_c;rosidl_typesupport_introspection_c
-- Using all available rosidl_typesupport_cpp: rosidl_typesupport_fastrtps_cpp;rosidl_typesupport_introspection_cpp
-- Found PythonInterp: /usr/bin/python3 (found suitable version "3.6.9", minimum required is "3.5") 
-- Found python_cmake_module: 0.8.1 (/home/workspace/ros2/install/share/python_cmake_module/cmake)
-- Found PythonLibs: /usr/lib/aarch64-linux-gnu/libpython3.6m.so (found suitable version "3.6.9", minimum required is "3.5") 
-- Using PYTHON_EXECUTABLE: /usr/bin/python3
-- Using PYTHON_INCLUDE_DIRS: /usr/include/python3.6m
-- Using PYTHON_LIBRARIES: /usr/lib/aarch64-linux-gnu/libpython3.6m.so
-- Found PythonExtra: .so  
-- Found ament_lint_auto: 0.9.6 (/home/workspace/ros2/install/share/ament_lint_auto/cmake)
-- Added test 'copyright' to check source files copyright and LICENSE
-- Added test 'lint_cmake' to check CMake code style
-- Added test 'xmllint' to check XML markup files
-- Configuring done
-- Generating done
-- Build files have been written to: /home/nvidia/workspace/alan/src/AMR_ros2_slam_nav2/build/rslidar_msg
[35m[1mScanning dependencies of target rslidar_msg__cpp[0m
[  2%] [34m[1mGenerating C++ code for ROS interfaces[0m
[  2%] Built target rslidar_msg__cpp
[  5%] [34m[1mGenerating C code for ROS interfaces[0m
[35m[1mScanning dependencies of target rslidar_msg__rosidl_generator_c[0m
[  7%] [32mBuilding C object CMakeFiles/rslidar_msg__rosidl_generator_c.dir/rosidl_generator_c/rslidar_msg/msg/detail/rslidar_packet__functions.c.o[0m
[ 10%] [32mBuilding C object CMakeFiles/rslidar_msg__rosidl_generator_c.dir/rosidl_generator_c/rslidar_msg/msg/detail/rslidar_scan__functions.c.o[0m
[ 12%] [32m[1mLinking C shared library librslidar_msg__rosidl_generator_c.so[0m
[ 12%] Built target rslidar_msg__rosidl_generator_c
[ 15%] [34m[1mGenerating C++ type support dispatch for ROS interfaces[0m
[35m[1mScanning dependencies of target rslidar_msg__rosidl_typesupport_cpp[0m
[ 17%] [32mBuilding CXX object CMakeFiles/rslidar_msg__rosidl_typesupport_cpp.dir/rosidl_typesupport_cpp/rslidar_msg/msg/rslidar_packet__type_support.cpp.o[0m
[ 20%] [32mBuilding CXX object CMakeFiles/rslidar_msg__rosidl_typesupport_cpp.dir/rosidl_typesupport_cpp/rslidar_msg/msg/rslidar_scan__type_support.cpp.o[0m
[ 23%] [32m[1mLinking CXX shared library librslidar_msg__rosidl_typesupport_cpp.so[0m
[ 23%] Built target rslidar_msg__rosidl_typesupport_cpp
[ 25%] [34m[1mGenerating C type support dispatch for ROS interfaces[0m
[35m[1mScanning dependencies of target rslidar_msg__rosidl_typesupport_c[0m
[ 28%] [32mBuilding CXX object CMakeFiles/rslidar_msg__rosidl_typesupport_c.dir/rosidl_typesupport_c/rslidar_msg/msg/rslidar_packet__type_support.cpp.o[0m
[ 30%] [32mBuilding CXX object CMakeFiles/rslidar_msg__rosidl_typesupport_c.dir/rosidl_typesupport_c/rslidar_msg/msg/rslidar_scan__type_support.cpp.o[0m
[ 33%] [32m[1mLinking CXX shared library librslidar_msg__rosidl_typesupport_c.so[0m
[ 33%] Built target rslidar_msg__rosidl_typesupport_c
[ 35%] [34m[1mGenerating C introspection for ROS interfaces[0m
[35m[1mScanning dependencies of target rslidar_msg__rosidl_typesupport_introspection_c[0m
[ 38%] [32mBuilding C object CMakeFiles/rslidar_msg__rosidl_typesupport_introspection_c.dir/rosidl_typesupport_introspection_c/rslidar_msg/msg/detail/rslidar_packet__type_support.c.o[0m
[ 41%] [32mBuilding C object CMakeFiles/rslidar_msg__rosidl_typesupport_introspection_c.dir/rosidl_typesupport_introspection_c/rslidar_msg/msg/detail/rslidar_scan__type_support.c.o[0m
[ 43%] [32m[1mLinking C shared library librslidar_msg__rosidl_typesupport_introspection_c.so[0m
[ 43%] Built target rslidar_msg__rosidl_typesupport_introspection_c
[ 46%] [34m[1mGenerating C++ introspection for ROS interfaces[0m
[35m[1mScanning dependencies of target rslidar_msg__rosidl_typesupport_introspection_cpp[0m
[ 48%] [32mBuilding CXX object CMakeFiles/rslidar_msg__rosidl_typesupport_introspection_cpp.dir/rosidl_typesupport_introspection_cpp/rslidar_msg/msg/detail/rslidar_packet__type_support.cpp.o[0m
[ 51%] [32mBuilding CXX object CMakeFiles/rslidar_msg__rosidl_typesupport_introspection_cpp.dir/rosidl_typesupport_introspection_cpp/rslidar_msg/msg/detail/rslidar_scan__type_support.cpp.o[0m
[ 53%] [32m[1mLinking CXX shared library librslidar_msg__rosidl_typesupport_introspection_cpp.so[0m
[ 53%] Built target rslidar_msg__rosidl_typesupport_introspection_cpp
[ 56%] [34m[1mGenerating C++ type support for eProsima Fast-RTPS[0m
[35m[1mScanning dependencies of target rslidar_msg__rosidl_typesupport_fastrtps_cpp[0m
[ 58%] [32mBuilding CXX object CMakeFiles/rslidar_msg__rosidl_typesupport_fastrtps_cpp.dir/rosidl_typesupport_fastrtps_cpp/rslidar_msg/msg/detail/dds_fastrtps/rslidar_packet__type_support.cpp.o[0m
[ 61%] [32mBuilding CXX object CMakeFiles/rslidar_msg__rosidl_typesupport_fastrtps_cpp.dir/rosidl_typesupport_fastrtps_cpp/rslidar_msg/msg/detail/dds_fastrtps/rslidar_scan__type_support.cpp.o[0m
[ 64%] [32m[1mLinking CXX shared library librslidar_msg__rosidl_typesupport_fastrtps_cpp.so[0m
[ 64%] Built target rslidar_msg__rosidl_typesupport_fastrtps_cpp
[ 66%] [34m[1mGenerating C type support for eProsima Fast-RTPS[0m
[35m[1mScanning dependencies of target rslidar_msg__rosidl_typesupport_fastrtps_c[0m
[ 69%] [32mBuilding CXX object CMakeFiles/rslidar_msg__rosidl_typesupport_fastrtps_c.dir/rosidl_typesupport_fastrtps_c/rslidar_msg/msg/detail/rslidar_packet__type_support_c.cpp.o[0m
[ 71%] [32mBuilding CXX object CMakeFiles/rslidar_msg__rosidl_typesupport_fastrtps_c.dir/rosidl_typesupport_fastrtps_c/rslidar_msg/msg/detail/rslidar_scan__type_support_c.cpp.o[0m
[ 74%] [32m[1mLinking CXX shared library librslidar_msg__rosidl_typesupport_fastrtps_c.so[0m
[ 74%] Built target rslidar_msg__rosidl_typesupport_fastrtps_c
[35m[1mScanning dependencies of target rslidar_msg[0m
[ 74%] Built target rslidar_msg
[35m[1mScanning dependencies of target rslidar_msg__py[0m
[ 76%] [34m[1mGenerating Python code for ROS interfaces[0m
[ 76%] Built target rslidar_msg__py
[35m[1mScanning dependencies of target rslidar_msg__python[0m
[ 79%] [32mBuilding C object CMakeFiles/rslidar_msg__python.dir/rosidl_generator_py/rslidar_msg/msg/_rslidar_packet_s.c.o[0m
[ 82%] [32mBuilding C object CMakeFiles/rslidar_msg__python.dir/rosidl_generator_py/rslidar_msg/msg/_rslidar_scan_s.c.o[0m
[ 84%] [32m[1mLinking C shared library rosidl_generator_py/rslidar_msg/librslidar_msg__python.so[0m
[ 84%] Built target rslidar_msg__python
[35m[1mScanning dependencies of target rslidar_msg__rosidl_typesupport_introspection_c__pyext[0m
[ 87%] [32mBuilding C object CMakeFiles/rslidar_msg__rosidl_typesupport_introspection_c__pyext.dir/rosidl_generator_py/rslidar_msg/_rslidar_msg_s.ep.rosidl_typesupport_introspection_c.c.o[0m
[ 89%] [32m[1mLinking C shared library rosidl_generator_py/rslidar_msg/rslidar_msg_s__rosidl_typesupport_introspection_c.cpython-36m-aarch64-linux-gnu.so[0m
[ 89%] Built target rslidar_msg__rosidl_typesupport_introspection_c__pyext
[35m[1mScanning dependencies of target rslidar_msg__rosidl_typesupport_c__pyext[0m
[ 92%] [32mBuilding C object CMakeFiles/rslidar_msg__rosidl_typesupport_c__pyext.dir/rosidl_generator_py/rslidar_msg/_rslidar_msg_s.ep.rosidl_typesupport_c.c.o[0m
[ 94%] [32m[1mLinking C shared library rosidl_generator_py/rslidar_msg/rslidar_msg_s__rosidl_typesupport_c.cpython-36m-aarch64-linux-gnu.so[0m
[ 94%] Built target rslidar_msg__rosidl_typesupport_c__pyext
[35m[1mScanning dependencies of target rslidar_msg__rosidl_typesupport_fastrtps_c__pyext[0m
[ 97%] [32mBuilding C object CMakeFiles/rslidar_msg__rosidl_typesupport_fastrtps_c__pyext.dir/rosidl_generator_py/rslidar_msg/_rslidar_msg_s.ep.rosidl_typesupport_fastrtps_c.c.o[0m
[100%] [32m[1mLinking CXX shared library rosidl_generator_py/rslidar_msg/rslidar_msg_s__rosidl_typesupport_fastrtps_c.cpython-36m-aarch64-linux-gnu.so[0m
[100%] Built target rslidar_msg__rosidl_typesupport_fastrtps_c__pyext
-- Install configuration: ""
-- Installing: /home/nvidia/workspace/alan/src/AMR_ros2_slam_nav2/install/rslidar_msg/share/ament_index/resource_index/rosidl_interfaces/rslidar_msg
-- Installing: /home/nvidia/workspace/alan/src/AMR_ros2_slam_nav2/install/rslidar_msg/include/rslidar_msg
-- Installing: /home/nvidia/workspace/alan/src/AMR_ros2_slam_nav2/install/rslidar_msg/include/rslidar_msg/msg
-- Installing: /home/nvidia/workspace/alan/src/AMR_ros2_slam_nav2/install/rslidar_msg/include/rslidar_msg/msg/detail
-- Installing: /home/nvidia/workspace/alan/src/AMR_ros2_slam_nav2/install/rslidar_msg/include/rslidar_msg/msg/detail/rslidar_packet__type_support.h
-- Installing: /home/nvidia/workspace/alan/src/AMR_ros2_slam_nav2/install/rslidar_msg/include/rslidar_msg/msg/detail/rslidar_scan__struct.h
-- Installing: /home/nvidia/workspace/alan/src/AMR_ros2_slam_nav2/install/rslidar_msg/include/rslidar_msg/msg/detail/rslidar_packet__struct.h
-- Installing: /home/nvidia/workspace/alan/src/AMR_ros2_slam_nav2/install/rslidar_msg/include/rslidar_msg/msg/detail/rslidar_packet__functions.c
-- Installing: /home/nvidia/workspace/alan/src/AMR_ros2_slam_nav2/install/rslidar_msg/include/rslidar_msg/msg/detail/rslidar_scan__functions.h
-- Installing: /home/nvidia/workspace/alan/src/AMR_ros2_slam_nav2/install/rslidar_msg/include/rslidar_msg/msg/detail/rslidar_scan__type_support.h
-- Installing: /home/nvidia/workspace/alan/src/AMR_ros2_slam_nav2/install/rslidar_msg/include/rslidar_msg/msg/detail/rslidar_scan__functions.c
-- Installing: /home/nvidia/workspace/alan/src/AMR_ros2_slam_nav2/install/rslidar_msg/include/rslidar_msg/msg/detail/rslidar_packet__functions.h
-- Installing: /home/nvidia/workspace/alan/src/AMR_ros2_slam_nav2/install/rslidar_msg/include/rslidar_msg/msg/rslidar_scan.h
-- Installing: /home/nvidia/workspace/alan/src/AMR_ros2_slam_nav2/install/rslidar_msg/include/rslidar_msg/msg/rosidl_generator_c__visibility_control.h
-- Installing: /home/nvidia/workspace/alan/src/AMR_ros2_slam_nav2/install/rslidar_msg/include/rslidar_msg/msg/rslidar_packet.h
-- Installing: /home/nvidia/workspace/alan/src/AMR_ros2_slam_nav2/install/rslidar_msg/share/rslidar_msg/environment/library_path.sh
-- Installing: /home/nvidia/workspace/alan/src/AMR_ros2_slam_nav2/install/rslidar_msg/share/rslidar_msg/environment/library_path.dsv
-- Installing: /home/nvidia/workspace/alan/src/AMR_ros2_slam_nav2/install/rslidar_msg/lib/librslidar_msg__rosidl_generator_c.so
-- Set runtime path of "/home/nvidia/workspace/alan/src/AMR_ros2_slam_nav2/install/rslidar_msg/lib/librslidar_msg__rosidl_generator_c.so" to ""
-- Up-to-date: /home/nvidia/workspace/alan/src/AMR_ros2_slam_nav2/install/rslidar_msg/include/rslidar_msg
-- Up-to-date: /home/nvidia/workspace/alan/src/AMR_ros2_slam_nav2/install/rslidar_msg/include/rslidar_msg/msg
-- Up-to-date: /home/nvidia/workspace/alan/src/AMR_ros2_slam_nav2/install/rslidar_msg/include/rslidar_msg/msg/detail
-- Installing: /home/nvidia/workspace/alan/src/AMR_ros2_slam_nav2/install/rslidar_msg/include/rslidar_msg/msg/detail/rslidar_packet__rosidl_typesupport_fastrtps_c.h
-- Installing: /home/nvidia/workspace/alan/src/AMR_ros2_slam_nav2/install/rslidar_msg/include/rslidar_msg/msg/detail/rslidar_scan__rosidl_typesupport_fastrtps_c.h
-- Installing: /home/nvidia/workspace/alan/src/AMR_ros2_slam_nav2/install/rslidar_msg/include/rslidar_msg/msg/rosidl_typesupport_fastrtps_c__visibility_control.h
-- Installing: /home/nvidia/workspace/alan/src/AMR_ros2_slam_nav2/install/rslidar_msg/lib/librslidar_msg__rosidl_typesupport_fastrtps_c.so
-- Set runtime path of "/home/nvidia/workspace/alan/src/AMR_ros2_slam_nav2/install/rslidar_msg/lib/librslidar_msg__rosidl_typesupport_fastrtps_c.so" to ""
-- Up-to-date: /home/nvidia/workspace/alan/src/AMR_ros2_slam_nav2/install/rslidar_msg/include/rslidar_msg
-- Up-to-date: /home/nvidia/workspace/alan/src/AMR_ros2_slam_nav2/install/rslidar_msg/include/rslidar_msg/msg
-- Up-to-date: /home/nvidia/workspace/alan/src/AMR_ros2_slam_nav2/install/rslidar_msg/include/rslidar_msg/msg/detail
-- Installing: /home/nvidia/workspace/alan/src/AMR_ros2_slam_nav2/install/rslidar_msg/include/rslidar_msg/msg/detail/rslidar_scan__rosidl_typesupport_fastrtps_cpp.hpp
-- Installing: /home/nvidia/workspace/alan/src/AMR_ros2_slam_nav2/install/rslidar_msg/include/rslidar_msg/msg/detail/rslidar_packet__rosidl_typesupport_fastrtps_cpp.hpp
-- Installing: /home/nvidia/workspace/alan/src/AMR_ros2_slam_nav2/install/rslidar_msg/include/rslidar_msg/msg/detail/dds_fastrtps
-- Installing: /home/nvidia/workspace/alan/src/AMR_ros2_slam_nav2/install/rslidar_msg/include/rslidar_msg/msg/rosidl_typesupport_fastrtps_cpp__visibility_control.h
-- Installing: /home/nvidia/workspace/alan/src/AMR_ros2_slam_nav2/install/rslidar_msg/lib/librslidar_msg__rosidl_typesupport_fastrtps_cpp.so
-- Set runtime path of "/home/nvidia/workspace/alan/src/AMR_ros2_slam_nav2/install/rslidar_msg/lib/librslidar_msg__rosidl_typesupport_fastrtps_cpp.so" to ""
-- Up-to-date: /home/nvidia/workspace/alan/src/AMR_ros2_slam_nav2/install/rslidar_msg/include/rslidar_msg
-- Up-to-date: /home/nvidia/workspace/alan/src/AMR_ros2_slam_nav2/install/rslidar_msg/include/rslidar_msg/msg
-- Up-to-date: /home/nvidia/workspace/alan/src/AMR_ros2_slam_nav2/install/rslidar_msg/include/rslidar_msg/msg/detail
-- Installing: /home/nvidia/workspace/alan/src/AMR_ros2_slam_nav2/install/rslidar_msg/include/rslidar_msg/msg/detail/rslidar_packet__type_support.c
-- Installing: /home/nvidia/workspace/alan/src/AMR_ros2_slam_nav2/install/rslidar_msg/include/rslidar_msg/msg/detail/rslidar_scan__rosidl_typesupport_introspection_c.h
-- Installing: /home/nvidia/workspace/alan/src/AMR_ros2_slam_nav2/install/rslidar_msg/include/rslidar_msg/msg/detail/rslidar_packet__rosidl_typesupport_introspection_c.h
-- Installing: /home/nvidia/workspace/alan/src/AMR_ros2_slam_nav2/install/rslidar_msg/include/rslidar_msg/msg/detail/rslidar_scan__type_support.c
-- Installing: /home/nvidia/workspace/alan/src/AMR_ros2_slam_nav2/install/rslidar_msg/include/rslidar_msg/msg/rosidl_typesupport_introspection_c__visibility_control.h
-- Installing: /home/nvidia/workspace/alan/src/AMR_ros2_slam_nav2/install/rslidar_msg/lib/librslidar_msg__rosidl_typesupport_introspection_c.so
-- Set runtime path of "/home/nvidia/workspace/alan/src/AMR_ros2_slam_nav2/install/rslidar_msg/lib/librslidar_msg__rosidl_typesupport_introspection_c.so" to ""
-- Installing: /home/nvidia/workspace/alan/src/AMR_ros2_slam_nav2/install/rslidar_msg/lib/librslidar_msg__rosidl_typesupport_c.so
-- Set runtime path of "/home/nvidia/workspace/alan/src/AMR_ros2_slam_nav2/install/rslidar_msg/lib/librslidar_msg__rosidl_typesupport_c.so" to ""
-- Up-to-date: /home/nvidia/workspace/alan/src/AMR_ros2_slam_nav2/install/rslidar_msg/include/rslidar_msg
-- Up-to-date: /home/nvidia/workspace/alan/src/AMR_ros2_slam_nav2/install/rslidar_msg/include/rslidar_msg/msg
-- Up-to-date: /home/nvidia/workspace/alan/src/AMR_ros2_slam_nav2/install/rslidar_msg/include/rslidar_msg/msg/detail
-- Installing: /home/nvidia/workspace/alan/src/AMR_ros2_slam_nav2/install/rslidar_msg/include/rslidar_msg/msg/detail/rslidar_packet__struct.hpp
-- Installing: /home/nvidia/workspace/alan/src/AMR_ros2_slam_nav2/install/rslidar_msg/include/rslidar_msg/msg/detail/rslidar_scan__traits.hpp
-- Installing: /home/nvidia/workspace/alan/src/AMR_ros2_slam_nav2/install/rslidar_msg/include/rslidar_msg/msg/detail/rslidar_scan__builder.hpp
-- Installing: /home/nvidia/workspace/alan/src/AMR_ros2_slam_nav2/install/rslidar_msg/include/rslidar_msg/msg/detail/rslidar_scan__struct.hpp
-- Installing: /home/nvidia/workspace/alan/src/AMR_ros2_slam_nav2/install/rslidar_msg/include/rslidar_msg/msg/detail/rslidar_packet__builder.hpp
-- Installing: /home/nvidia/workspace/alan/src/AMR_ros2_slam_nav2/install/rslidar_msg/include/rslidar_msg/msg/detail/rslidar_packet__traits.hpp
-- Installing: /home/nvidia/workspace/alan/src/AMR_ros2_slam_nav2/install/rslidar_msg/include/rslidar_msg/msg/rslidar_packet.hpp
-- Installing: /home/nvidia/workspace/alan/src/AMR_ros2_slam_nav2/install/rslidar_msg/include/rslidar_msg/msg/rslidar_scan.hpp
-- Up-to-date: /home/nvidia/workspace/alan/src/AMR_ros2_slam_nav2/install/rslidar_msg/include/rslidar_msg
-- Up-to-date: /home/nvidia/workspace/alan/src/AMR_ros2_slam_nav2/install/rslidar_msg/include/rslidar_msg/msg
-- Up-to-date: /home/nvidia/workspace/alan/src/AMR_ros2_slam_nav2/install/rslidar_msg/include/rslidar_msg/msg/detail
-- Installing: /home/nvidia/workspace/alan/src/AMR_ros2_slam_nav2/install/rslidar_msg/include/rslidar_msg/msg/detail/rslidar_scan__rosidl_typesupport_introspection_cpp.hpp
-- Installing: /home/nvidia/workspace/alan/src/AMR_ros2_slam_nav2/install/rslidar_msg/include/rslidar_msg/msg/detail/rslidar_packet__rosidl_typesupport_introspection_cpp.hpp
-- Installing: /home/nvidia/workspace/alan/src/AMR_ros2_slam_nav2/install/rslidar_msg/include/rslidar_msg/msg/detail/rslidar_scan__type_support.cpp
-- Installing: /home/nvidia/workspace/alan/src/AMR_ros2_slam_nav2/install/rslidar_msg/include/rslidar_msg/msg/detail/rslidar_packet__type_support.cpp
-- Installing: /home/nvidia/workspace/alan/src/AMR_ros2_slam_nav2/install/rslidar_msg/lib/librslidar_msg__rosidl_typesupport_introspection_cpp.so
-- Set runtime path of "/home/nvidia/workspace/alan/src/AMR_ros2_slam_nav2/install/rslidar_msg/lib/librslidar_msg__rosidl_typesupport_introspection_cpp.so" to ""
-- Installing: /home/nvidia/workspace/alan/src/AMR_ros2_slam_nav2/install/rslidar_msg/lib/librslidar_msg__rosidl_typesupport_cpp.so
-- Set runtime path of "/home/nvidia/workspace/alan/src/AMR_ros2_slam_nav2/install/rslidar_msg/lib/librslidar_msg__rosidl_typesupport_cpp.so" to ""
-- Installing: /home/nvidia/workspace/alan/src/AMR_ros2_slam_nav2/install/rslidar_msg/share/rslidar_msg/environment/pythonpath.sh
-- Installing: /home/nvidia/workspace/alan/src/AMR_ros2_slam_nav2/install/rslidar_msg/share/rslidar_msg/environment/pythonpath.dsv
-- Installing: /home/nvidia/workspace/alan/src/AMR_ros2_slam_nav2/install/rslidar_msg/lib/python3.6/site-packages/rslidar_msg/__init__.py
Compiling '/home/nvidia/workspace/alan/src/AMR_ros2_slam_nav2/install/rslidar_msg/lib/python3.6/site-packages/rslidar_msg/__init__.py'...
-- Installing: /home/nvidia/workspace/alan/src/AMR_ros2_slam_nav2/install/rslidar_msg/lib/python3.6/site-packages/rslidar_msg/msg
-- Installing: /home/nvidia/workspace/alan/src/AMR_ros2_slam_nav2/install/rslidar_msg/lib/python3.6/site-packages/rslidar_msg/msg/__init__.py
-- Installing: /home/nvidia/workspace/alan/src/AMR_ros2_slam_nav2/install/rslidar_msg/lib/python3.6/site-packages/rslidar_msg/msg/_rslidar_scan_s.c
-- Installing: /home/nvidia/workspace/alan/src/AMR_ros2_slam_nav2/install/rslidar_msg/lib/python3.6/site-packages/rslidar_msg/msg/_rslidar_packet_s.c
-- Installing: /home/nvidia/workspace/alan/src/AMR_ros2_slam_nav2/install/rslidar_msg/lib/python3.6/site-packages/rslidar_msg/msg/_rslidar_scan.py
-- Installing: /home/nvidia/workspace/alan/src/AMR_ros2_slam_nav2/install/rslidar_msg/lib/python3.6/site-packages/rslidar_msg/msg/_rslidar_packet.py
-- Installing: /home/nvidia/workspace/alan/src/AMR_ros2_slam_nav2/install/rslidar_msg/lib/python3.6/site-packages/rslidar_msg/rslidar_msg_s__rosidl_typesupport_fastrtps_c.cpython-36m-aarch64-linux-gnu.so
-- Set runtime path of "/home/nvidia/workspace/alan/src/AMR_ros2_slam_nav2/install/rslidar_msg/lib/python3.6/site-packages/rslidar_msg/rslidar_msg_s__rosidl_typesupport_fastrtps_c.cpython-36m-aarch64-linux-gnu.so" to ""
-- Installing: /home/nvidia/workspace/alan/src/AMR_ros2_slam_nav2/install/rslidar_msg/lib/python3.6/site-packages/rslidar_msg/rslidar_msg_s__rosidl_typesupport_introspection_c.cpython-36m-aarch64-linux-gnu.so
-- Set runtime path of "/home/nvidia/workspace/alan/src/AMR_ros2_slam_nav2/install/rslidar_msg/lib/python3.6/site-packages/rslidar_msg/rslidar_msg_s__rosidl_typesupport_introspection_c.cpython-36m-aarch64-linux-gnu.so" to ""
-- Installing: /home/nvidia/workspace/alan/src/AMR_ros2_slam_nav2/install/rslidar_msg/lib/python3.6/site-packages/rslidar_msg/rslidar_msg_s__rosidl_typesupport_c.cpython-36m-aarch64-linux-gnu.so
-- Set runtime path of "/home/nvidia/workspace/alan/src/AMR_ros2_slam_nav2/install/rslidar_msg/lib/python3.6/site-packages/rslidar_msg/rslidar_msg_s__rosidl_typesupport_c.cpython-36m-aarch64-linux-gnu.so" to ""
-- Installing: /home/nvidia/workspace/alan/src/AMR_ros2_slam_nav2/install/rslidar_msg/lib/librslidar_msg__python.so
-- Set runtime path of "/home/nvidia/workspace/alan/src/AMR_ros2_slam_nav2/install/rslidar_msg/lib/librslidar_msg__python.so" to ""
-- Installing: /home/nvidia/workspace/alan/src/AMR_ros2_slam_nav2/install/rslidar_msg/share/rslidar_msg/msg/RslidarPacket.idl
-- Installing: /home/nvidia/workspace/alan/src/AMR_ros2_slam_nav2/install/rslidar_msg/share/rslidar_msg/msg/RslidarScan.idl
-- Installing: /home/nvidia/workspace/alan/src/AMR_ros2_slam_nav2/install/rslidar_msg/share/rslidar_msg/msg/RslidarPacket.msg
-- Installing: /home/nvidia/workspace/alan/src/AMR_ros2_slam_nav2/install/rslidar_msg/share/rslidar_msg/msg/RslidarScan.msg
-- Installing: /home/nvidia/workspace/alan/src/AMR_ros2_slam_nav2/install/rslidar_msg/share/ament_index/resource_index/package_run_dependencies/rslidar_msg
-- Installing: /home/nvidia/workspace/alan/src/AMR_ros2_slam_nav2/install/rslidar_msg/share/ament_index/resource_index/parent_prefix_path/rslidar_msg
-- Installing: /home/nvidia/workspace/alan/src/AMR_ros2_slam_nav2/install/rslidar_msg/share/rslidar_msg/environment/ament_prefix_path.sh
-- Installing: /home/nvidia/workspace/alan/src/AMR_ros2_slam_nav2/install/rslidar_msg/share/rslidar_msg/environment/ament_prefix_path.dsv
-- Installing: /home/nvidia/workspace/alan/src/AMR_ros2_slam_nav2/install/rslidar_msg/share/rslidar_msg/environment/path.sh
-- Installing: /home/nvidia/workspace/alan/src/AMR_ros2_slam_nav2/install/rslidar_msg/share/rslidar_msg/environment/path.dsv
-- Installing: /home/nvidia/workspace/alan/src/AMR_ros2_slam_nav2/install/rslidar_msg/share/rslidar_msg/local_setup.bash
-- Installing: /home/nvidia/workspace/alan/src/AMR_ros2_slam_nav2/install/rslidar_msg/share/rslidar_msg/local_setup.sh
-- Installing: /home/nvidia/workspace/alan/src/AMR_ros2_slam_nav2/install/rslidar_msg/share/rslidar_msg/local_setup.zsh
-- Installing: /home/nvidia/workspace/alan/src/AMR_ros2_slam_nav2/install/rslidar_msg/share/rslidar_msg/local_setup.dsv
-- Installing: /home/nvidia/workspace/alan/src/AMR_ros2_slam_nav2/install/rslidar_msg/share/rslidar_msg/package.dsv
-- Installing: /home/nvidia/workspace/alan/src/AMR_ros2_slam_nav2/install/rslidar_msg/share/ament_index/resource_index/packages/rslidar_msg
-- Installing: /home/nvidia/workspace/alan/src/AMR_ros2_slam_nav2/install/rslidar_msg/share/rslidar_msg/cmake/rslidar_msg__rosidl_generator_cExport.cmake
-- Installing: /home/nvidia/workspace/alan/src/AMR_ros2_slam_nav2/install/rslidar_msg/share/rslidar_msg/cmake/rslidar_msg__rosidl_generator_cExport-noconfig.cmake
-- Installing: /home/nvidia/workspace/alan/src/AMR_ros2_slam_nav2/install/rslidar_msg/share/rslidar_msg/cmake/rslidar_msg__rosidl_typesupport_introspection_cExport.cmake
-- Installing: /home/nvidia/workspace/alan/src/AMR_ros2_slam_nav2/install/rslidar_msg/share/rslidar_msg/cmake/rslidar_msg__rosidl_typesupport_introspection_cExport-noconfig.cmake
-- Installing: /home/nvidia/workspace/alan/src/AMR_ros2_slam_nav2/install/rslidar_msg/share/rslidar_msg/cmake/rslidar_msg__rosidl_typesupport_cExport.cmake
-- Installing: /home/nvidia/workspace/alan/src/AMR_ros2_slam_nav2/install/rslidar_msg/share/rslidar_msg/cmake/rslidar_msg__rosidl_typesupport_cExport-noconfig.cmake
-- Installing: /home/nvidia/workspace/alan/src/AMR_ros2_slam_nav2/install/rslidar_msg/share/rslidar_msg/cmake/rslidar_msg__rosidl_generator_cppExport.cmake
-- Installing: /home/nvidia/workspace/alan/src/AMR_ros2_slam_nav2/install/rslidar_msg/share/rslidar_msg/cmake/rslidar_msg__rosidl_typesupport_introspection_cppExport.cmake
-- Installing: /home/nvidia/workspace/alan/src/AMR_ros2_slam_nav2/install/rslidar_msg/share/rslidar_msg/cmake/rslidar_msg__rosidl_typesupport_introspection_cppExport-noconfig.cmake
-- Installing: /home/nvidia/workspace/alan/src/AMR_ros2_slam_nav2/install/rslidar_msg/share/rslidar_msg/cmake/rslidar_msg__rosidl_typesupport_cppExport.cmake
-- Installing: /home/nvidia/workspace/alan/src/AMR_ros2_slam_nav2/install/rslidar_msg/share/rslidar_msg/cmake/rslidar_msg__rosidl_typesupport_cppExport-noconfig.cmake
-- Installing: /home/nvidia/workspace/alan/src/AMR_ros2_slam_nav2/install/rslidar_msg/share/rslidar_msg/cmake/rosidl_cmake-extras.cmake
-- Installing: /home/nvidia/workspace/alan/src/AMR_ros2_slam_nav2/install/rslidar_msg/share/rslidar_msg/cmake/ament_cmake_export_dependencies-extras.cmake
-- Installing: /home/nvidia/workspace/alan/src/AMR_ros2_slam_nav2/install/rslidar_msg/share/rslidar_msg/cmake/ament_cmake_export_libraries-extras.cmake
-- Installing: /home/nvidia/workspace/alan/src/AMR_ros2_slam_nav2/install/rslidar_msg/share/rslidar_msg/cmake/ament_cmake_export_targets-extras.cmake
-- Installing: /home/nvidia/workspace/alan/src/AMR_ros2_slam_nav2/install/rslidar_msg/share/rslidar_msg/cmake/ament_cmake_export_include_directories-extras.cmake
-- Installing: /home/nvidia/workspace/alan/src/AMR_ros2_slam_nav2/install/rslidar_msg/share/rslidar_msg/cmake/rosidl_cmake_export_typesupport_libraries-extras.cmake
-- Installing: /home/nvidia/workspace/alan/src/AMR_ros2_slam_nav2/install/rslidar_msg/share/rslidar_msg/cmake/rosidl_cmake_export_typesupport_targets-extras.cmake
-- Installing: /home/nvidia/workspace/alan/src/AMR_ros2_slam_nav2/install/rslidar_msg/share/rslidar_msg/cmake/rslidar_msgConfig.cmake
-- Installing: /home/nvidia/workspace/alan/src/AMR_ros2_slam_nav2/install/rslidar_msg/share/rslidar_msg/cmake/rslidar_msgConfig-version.cmake
-- Installing: /home/nvidia/workspace/alan/src/AMR_ros2_slam_nav2/install/rslidar_msg/share/rslidar_msg/package.xml
