[0.068s] Invoking command in '/home/nvidia/workspace/alan/src/AMR_ros2_slam_nav2/build/rslidar_msg': /usr/local/bin/cmake /home/nvidia/workspace/alan/src/AMR_ros2_slam_nav2/ROS2_driver_lidar_laserscan/rslidar_msg -DCMAKE_INSTALL_PREFIX=/home/nvidia/workspace/alan/src/AMR_ros2_slam_nav2/install/rslidar_msg
[0.385s] -- The C compiler identification is GNU 7.5.0
[0.681s] -- The CXX compiler identification is GNU 7.5.0
[0.736s] -- Check for working C compiler: /usr/bin/cc
[0.936s] -- Check for working C compiler: /usr/bin/cc -- works
[0.952s] -- Detecting C compiler ABI info
[1.175s] -- Detecting C compiler ABI info - done
[1.377s] -- Detecting C compile features
[1.382s] -- Detecting C compile features - done
[1.415s] -- Check for working CXX compiler: /usr/bin/c++
[1.651s] -- Check for working CXX compiler: /usr/bin/c++ -- works
[1.660s] -- Detecting CXX compiler ABI info
[1.908s] -- Detecting CXX compiler ABI info - done
[2.153s] -- Detecting CXX compile features
[2.160s] -- Detecting CXX compile features - done
[2.176s] -- Found ament_cmake: 0.9.9 (/home/workspace/ros2/install/share/ament_cmake/cmake)
[2.303s] -- Found PythonInterp: /usr/bin/python3 (found suitable version "3.6.9", minimum required is "3") 
[2.305s] -- Using PYTHON_EXECUTABLE: /usr/bin/python3
[3.319s] -- Found std_msgs: 2.0.4 (/home/workspace/ros2/install/share/std_msgs/cmake)
[3.595s] -- Using all available rosidl_typesupport_c: rosidl_typesupport_fastrtps_c;rosidl_typesupport_introspection_c
[3.672s] -- Found rosidl_adapter: 1.2.1 (/home/workspace/ros2/install/share/rosidl_adapter/cmake)
[4.049s] -- Found OpenSSL: /usr/lib/aarch64-linux-gnu/libcrypto.so (found version "1.1.1")  
[4.203s] -- Found FastRTPS: /home/workspace/ros2/install/include  
[4.988s] -- Using all available rosidl_typesupport_cpp: rosidl_typesupport_fastrtps_cpp;rosidl_typesupport_introspection_cpp
[5.663s] -- Found rclcpp: 2.4.0 (/home/workspace/ros2/install/share/rclcpp/cmake)
[6.175s] -- Found rmw_implementation_cmake: 1.0.3 (/home/workspace/ros2/install/share/rmw_implementation_cmake/cmake)
[6.194s] -- Using RMW implementation 'rmw_fastrtps_cpp' as default
[6.202s] -- Looking for pthread.h
[6.421s] -- Looking for pthread.h - found
[6.423s] -- Performing Test CMAKE_HAVE_LIBC_PTHREAD
[6.649s] -- Performing Test CMAKE_HAVE_LIBC_PTHREAD - Failed
[6.652s] -- Looking for pthread_create in pthreads
[6.841s] -- Looking for pthread_create in pthreads - not found
[6.845s] -- Looking for pthread_create in pthread
[7.095s] -- Looking for pthread_create in pthread - found
[7.108s] -- Found Threads: TRUE  
[8.900s] -- Found rosidl_default_generators: 1.0.1 (/home/workspace/ros2/install/share/rosidl_default_generators/cmake)
[9.149s] -- Found PythonInterp: /usr/bin/python3 (found version "3.6.9") 
[10.602s] -- Found ament_cmake_ros: 0.9.2 (/home/workspace/ros2/install/share/ament_cmake_ros/cmake)
[12.749s] -- Using all available rosidl_typesupport_c: rosidl_typesupport_fastrtps_c;rosidl_typesupport_introspection_c
[13.914s] -- Using all available rosidl_typesupport_cpp: rosidl_typesupport_fastrtps_cpp;rosidl_typesupport_introspection_cpp
[14.062s] -- Found PythonInterp: /usr/bin/python3 (found suitable version "3.6.9", minimum required is "3.5") 
[14.068s] -- Found python_cmake_module: 0.8.1 (/home/workspace/ros2/install/share/python_cmake_module/cmake)
[14.209s] -- Found PythonLibs: /usr/lib/aarch64-linux-gnu/libpython3.6m.so (found suitable version "3.6.9", minimum required is "3.5") 
[14.212s] -- Using PYTHON_EXECUTABLE: /usr/bin/python3
[14.213s] -- Using PYTHON_INCLUDE_DIRS: /usr/include/python3.6m
[14.214s] -- Using PYTHON_LIBRARIES: /usr/lib/aarch64-linux-gnu/libpython3.6m.so
[14.306s] -- Found PythonExtra: .so  
[15.022s] -- Found ament_lint_auto: 0.9.6 (/home/workspace/ros2/install/share/ament_lint_auto/cmake)
[15.189s] -- Added test 'copyright' to check source files copyright and LICENSE
[15.206s] -- Added test 'lint_cmake' to check CMake code style
[15.215s] -- Added test 'xmllint' to check XML markup files
[15.259s] -- Configuring done
[15.673s] -- Generating done
[15.694s] -- Build files have been written to: /home/nvidia/workspace/alan/src/AMR_ros2_slam_nav2/build/rslidar_msg
[15.737s] Invoked command in '/home/nvidia/workspace/alan/src/AMR_ros2_slam_nav2/build/rslidar_msg' returned '0': /usr/local/bin/cmake /home/nvidia/workspace/alan/src/AMR_ros2_slam_nav2/ROS2_driver_lidar_laserscan/rslidar_msg -DCMAKE_INSTALL_PREFIX=/home/nvidia/workspace/alan/src/AMR_ros2_slam_nav2/install/rslidar_msg
[15.739s] Invoking command in '/home/nvidia/workspace/alan/src/AMR_ros2_slam_nav2/build/rslidar_msg': /usr/local/bin/cmake --build /home/nvidia/workspace/alan/src/AMR_ros2_slam_nav2/build/rslidar_msg -- -j8 -l8
[15.868s] [35m[1mScanning dependencies of target rslidar_msg__cpp[0m
[15.888s] [  2%] [34m[1mGenerating C++ code for ROS interfaces[0m
[16.946s] [  2%] Built target rslidar_msg__cpp
[16.967s] [  5%] [34m[1mGenerating C code for ROS interfaces[0m
[18.053s] [35m[1mScanning dependencies of target rslidar_msg__rosidl_generator_c[0m
[18.085s] [  7%] [32mBuilding C object CMakeFiles/rslidar_msg__rosidl_generator_c.dir/rosidl_generator_c/rslidar_msg/msg/detail/rslidar_packet__functions.c.o[0m
[18.196s] [ 10%] [32mBuilding C object CMakeFiles/rslidar_msg__rosidl_generator_c.dir/rosidl_generator_c/rslidar_msg/msg/detail/rslidar_scan__functions.c.o[0m
[18.309s] [ 12%] [32m[1mLinking C shared library librslidar_msg__rosidl_generator_c.so[0m
[18.384s] [ 12%] Built target rslidar_msg__rosidl_generator_c
[18.399s] [ 15%] [34m[1mGenerating C++ type support dispatch for ROS interfaces[0m
[19.279s] [35m[1mScanning dependencies of target rslidar_msg__rosidl_typesupport_cpp[0m
[19.317s] [ 17%] [32mBuilding CXX object CMakeFiles/rslidar_msg__rosidl_typesupport_cpp.dir/rosidl_typesupport_cpp/rslidar_msg/msg/rslidar_packet__type_support.cpp.o[0m
[20.124s] [ 20%] [32mBuilding CXX object CMakeFiles/rslidar_msg__rosidl_typesupport_cpp.dir/rosidl_typesupport_cpp/rslidar_msg/msg/rslidar_scan__type_support.cpp.o[0m
[20.923s] [ 23%] [32m[1mLinking CXX shared library librslidar_msg__rosidl_typesupport_cpp.so[0m
[21.000s] [ 23%] Built target rslidar_msg__rosidl_typesupport_cpp
[21.018s] [ 25%] [34m[1mGenerating C type support dispatch for ROS interfaces[0m
[21.901s] [35m[1mScanning dependencies of target rslidar_msg__rosidl_typesupport_c[0m
[21.934s] [ 28%] [32mBuilding CXX object CMakeFiles/rslidar_msg__rosidl_typesupport_c.dir/rosidl_typesupport_c/rslidar_msg/msg/rslidar_packet__type_support.cpp.o[0m
[22.014s] [ 30%] [32mBuilding CXX object CMakeFiles/rslidar_msg__rosidl_typesupport_c.dir/rosidl_typesupport_c/rslidar_msg/msg/rslidar_scan__type_support.cpp.o[0m
[22.081s] [ 33%] [32m[1mLinking CXX shared library librslidar_msg__rosidl_typesupport_c.so[0m
[22.157s] [ 33%] Built target rslidar_msg__rosidl_typesupport_c
[22.177s] [ 35%] [34m[1mGenerating C introspection for ROS interfaces[0m
[23.162s] [35m[1mScanning dependencies of target rslidar_msg__rosidl_typesupport_introspection_c[0m
[23.209s] [ 38%] [32mBuilding C object CMakeFiles/rslidar_msg__rosidl_typesupport_introspection_c.dir/rosidl_typesupport_introspection_c/rslidar_msg/msg/detail/rslidar_packet__type_support.c.o[0m
[23.299s] [ 41%] [32mBuilding C object CMakeFiles/rslidar_msg__rosidl_typesupport_introspection_c.dir/rosidl_typesupport_introspection_c/rslidar_msg/msg/detail/rslidar_scan__type_support.c.o[0m
[23.397s] [ 43%] [32m[1mLinking C shared library librslidar_msg__rosidl_typesupport_introspection_c.so[0m
[23.461s] [ 43%] Built target rslidar_msg__rosidl_typesupport_introspection_c
[23.481s] [ 46%] [34m[1mGenerating C++ introspection for ROS interfaces[0m
[24.441s] [35m[1mScanning dependencies of target rslidar_msg__rosidl_typesupport_introspection_cpp[0m
[24.476s] [ 48%] [32mBuilding CXX object CMakeFiles/rslidar_msg__rosidl_typesupport_introspection_cpp.dir/rosidl_typesupport_introspection_cpp/rslidar_msg/msg/detail/rslidar_packet__type_support.cpp.o[0m
[25.267s] [ 51%] [32mBuilding CXX object CMakeFiles/rslidar_msg__rosidl_typesupport_introspection_cpp.dir/rosidl_typesupport_introspection_cpp/rslidar_msg/msg/detail/rslidar_scan__type_support.cpp.o[0m
[26.361s] [ 53%] [32m[1mLinking CXX shared library librslidar_msg__rosidl_typesupport_introspection_cpp.so[0m
[26.537s] [ 53%] Built target rslidar_msg__rosidl_typesupport_introspection_cpp
[26.558s] [ 56%] [34m[1mGenerating C++ type support for eProsima Fast-RTPS[0m
[27.633s] [35m[1mScanning dependencies of target rslidar_msg__rosidl_typesupport_fastrtps_cpp[0m
[27.693s] [ 58%] [32mBuilding CXX object CMakeFiles/rslidar_msg__rosidl_typesupport_fastrtps_cpp.dir/rosidl_typesupport_fastrtps_cpp/rslidar_msg/msg/detail/dds_fastrtps/rslidar_packet__type_support.cpp.o[0m
[29.116s] [ 61%] [32mBuilding CXX object CMakeFiles/rslidar_msg__rosidl_typesupport_fastrtps_cpp.dir/rosidl_typesupport_fastrtps_cpp/rslidar_msg/msg/detail/dds_fastrtps/rslidar_scan__type_support.cpp.o[0m
[30.474s] [ 64%] [32m[1mLinking CXX shared library librslidar_msg__rosidl_typesupport_fastrtps_cpp.so[0m
[30.681s] [ 64%] Built target rslidar_msg__rosidl_typesupport_fastrtps_cpp
[30.700s] [ 66%] [34m[1mGenerating C type support for eProsima Fast-RTPS[0m
[31.731s] [35m[1mScanning dependencies of target rslidar_msg__rosidl_typesupport_fastrtps_c[0m
[31.799s] [ 69%] [32mBuilding CXX object CMakeFiles/rslidar_msg__rosidl_typesupport_fastrtps_c.dir/rosidl_typesupport_fastrtps_c/rslidar_msg/msg/detail/rslidar_packet__type_support_c.cpp.o[0m
[32.796s] [ 71%] [32mBuilding CXX object CMakeFiles/rslidar_msg__rosidl_typesupport_fastrtps_c.dir/rosidl_typesupport_fastrtps_c/rslidar_msg/msg/detail/rslidar_scan__type_support_c.cpp.o[0m
[33.880s] [ 74%] [32m[1mLinking CXX shared library librslidar_msg__rosidl_typesupport_fastrtps_c.so[0m
[34.107s] [ 74%] Built target rslidar_msg__rosidl_typesupport_fastrtps_c
[34.131s] [35m[1mScanning dependencies of target rslidar_msg[0m
[34.152s] [ 74%] Built target rslidar_msg
[34.174s] [35m[1mScanning dependencies of target rslidar_msg__py[0m
[34.198s] [ 76%] [34m[1mGenerating Python code for ROS interfaces[0m
[36.105s] [ 76%] Built target rslidar_msg__py
[36.124s] [35m[1mScanning dependencies of target rslidar_msg__python[0m
[36.218s] [ 79%] [32mBuilding C object CMakeFiles/rslidar_msg__python.dir/rosidl_generator_py/rslidar_msg/msg/_rslidar_packet_s.c.o[0m
[36.499s] [ 82%] [32mBuilding C object CMakeFiles/rslidar_msg__python.dir/rosidl_generator_py/rslidar_msg/msg/_rslidar_scan_s.c.o[0m
[36.800s] [ 84%] [32m[1mLinking C shared library rosidl_generator_py/rslidar_msg/librslidar_msg__python.so[0m
[36.901s] [ 84%] Built target rslidar_msg__python
[36.921s] [35m[1mScanning dependencies of target rslidar_msg__rosidl_typesupport_introspection_c__pyext[0m
[36.992s] [ 87%] [32mBuilding C object CMakeFiles/rslidar_msg__rosidl_typesupport_introspection_c__pyext.dir/rosidl_generator_py/rslidar_msg/_rslidar_msg_s.ep.rosidl_typesupport_introspection_c.c.o[0m
[37.215s] [ 89%] [32m[1mLinking C shared library rosidl_generator_py/rslidar_msg/rslidar_msg_s__rosidl_typesupport_introspection_c.cpython-36m-aarch64-linux-gnu.so[0m
[37.296s] [ 89%] Built target rslidar_msg__rosidl_typesupport_introspection_c__pyext
[37.316s] [35m[1mScanning dependencies of target rslidar_msg__rosidl_typesupport_c__pyext[0m
[37.389s] [ 92%] [32mBuilding C object CMakeFiles/rslidar_msg__rosidl_typesupport_c__pyext.dir/rosidl_generator_py/rslidar_msg/_rslidar_msg_s.ep.rosidl_typesupport_c.c.o[0m
[37.633s] [ 94%] [32m[1mLinking C shared library rosidl_generator_py/rslidar_msg/rslidar_msg_s__rosidl_typesupport_c.cpython-36m-aarch64-linux-gnu.so[0m
[37.718s] [ 94%] Built target rslidar_msg__rosidl_typesupport_c__pyext
[37.737s] [35m[1mScanning dependencies of target rslidar_msg__rosidl_typesupport_fastrtps_c__pyext[0m
[37.824s] [ 97%] [32mBuilding C object CMakeFiles/rslidar_msg__rosidl_typesupport_fastrtps_c__pyext.dir/rosidl_generator_py/rslidar_msg/_rslidar_msg_s.ep.rosidl_typesupport_fastrtps_c.c.o[0m
[38.055s] [100%] [32m[1mLinking CXX shared library rosidl_generator_py/rslidar_msg/rslidar_msg_s__rosidl_typesupport_fastrtps_c.cpython-36m-aarch64-linux-gnu.so[0m
[38.220s] [100%] Built target rslidar_msg__rosidl_typesupport_fastrtps_c__pyext
[38.246s] Invoked command in '/home/nvidia/workspace/alan/src/AMR_ros2_slam_nav2/build/rslidar_msg' returned '0': /usr/local/bin/cmake --build /home/nvidia/workspace/alan/src/AMR_ros2_slam_nav2/build/rslidar_msg -- -j8 -l8
[38.511s] Invoking command in '/home/nvidia/workspace/alan/src/AMR_ros2_slam_nav2/build/rslidar_msg': /usr/local/bin/cmake --install /home/nvidia/workspace/alan/src/AMR_ros2_slam_nav2/build/rslidar_msg
[38.543s] -- Install configuration: ""
[38.545s] -- Installing: /home/nvidia/workspace/alan/src/AMR_ros2_slam_nav2/install/rslidar_msg/share/ament_index/resource_index/rosidl_interfaces/rslidar_msg
[38.546s] -- Installing: /home/nvidia/workspace/alan/src/AMR_ros2_slam_nav2/install/rslidar_msg/include/rslidar_msg
[38.547s] -- Installing: /home/nvidia/workspace/alan/src/AMR_ros2_slam_nav2/install/rslidar_msg/include/rslidar_msg/msg
[38.547s] -- Installing: /home/nvidia/workspace/alan/src/AMR_ros2_slam_nav2/install/rslidar_msg/include/rslidar_msg/msg/detail
[38.548s] -- Installing: /home/nvidia/workspace/alan/src/AMR_ros2_slam_nav2/install/rslidar_msg/include/rslidar_msg/msg/detail/rslidar_packet__type_support.h
[38.549s] -- Installing: /home/nvidia/workspace/alan/src/AMR_ros2_slam_nav2/install/rslidar_msg/include/rslidar_msg/msg/detail/rslidar_scan__struct.h
[38.550s] -- Installing: /home/nvidia/workspace/alan/src/AMR_ros2_slam_nav2/install/rslidar_msg/include/rslidar_msg/msg/detail/rslidar_packet__struct.h
[38.550s] -- Installing: /home/nvidia/workspace/alan/src/AMR_ros2_slam_nav2/install/rslidar_msg/include/rslidar_msg/msg/detail/rslidar_packet__functions.c
[38.550s] -- Installing: /home/nvidia/workspace/alan/src/AMR_ros2_slam_nav2/install/rslidar_msg/include/rslidar_msg/msg/detail/rslidar_scan__functions.h
[38.551s] -- Installing: /home/nvidia/workspace/alan/src/AMR_ros2_slam_nav2/install/rslidar_msg/include/rslidar_msg/msg/detail/rslidar_scan__type_support.h
[38.551s] -- Installing: /home/nvidia/workspace/alan/src/AMR_ros2_slam_nav2/install/rslidar_msg/include/rslidar_msg/msg/detail/rslidar_scan__functions.c
[38.552s] -- Installing: /home/nvidia/workspace/alan/src/AMR_ros2_slam_nav2/install/rslidar_msg/include/rslidar_msg/msg/detail/rslidar_packet__functions.h
[38.552s] -- Installing: /home/nvidia/workspace/alan/src/AMR_ros2_slam_nav2/install/rslidar_msg/include/rslidar_msg/msg/rslidar_scan.h
[38.553s] -- Installing: /home/nvidia/workspace/alan/src/AMR_ros2_slam_nav2/install/rslidar_msg/include/rslidar_msg/msg/rosidl_generator_c__visibility_control.h
[38.553s] -- Installing: /home/nvidia/workspace/alan/src/AMR_ros2_slam_nav2/install/rslidar_msg/include/rslidar_msg/msg/rslidar_packet.h
[38.554s] -- Installing: /home/nvidia/workspace/alan/src/AMR_ros2_slam_nav2/install/rslidar_msg/share/rslidar_msg/environment/library_path.sh
[38.554s] -- Installing: /home/nvidia/workspace/alan/src/AMR_ros2_slam_nav2/install/rslidar_msg/share/rslidar_msg/environment/library_path.dsv
[38.555s] -- Installing: /home/nvidia/workspace/alan/src/AMR_ros2_slam_nav2/install/rslidar_msg/lib/librslidar_msg__rosidl_generator_c.so
[38.555s] -- Set runtime path of "/home/nvidia/workspace/alan/src/AMR_ros2_slam_nav2/install/rslidar_msg/lib/librslidar_msg__rosidl_generator_c.so" to ""
[38.556s] -- Up-to-date: /home/nvidia/workspace/alan/src/AMR_ros2_slam_nav2/install/rslidar_msg/include/rslidar_msg
[38.556s] -- Up-to-date: /home/nvidia/workspace/alan/src/AMR_ros2_slam_nav2/install/rslidar_msg/include/rslidar_msg/msg
[38.557s] -- Up-to-date: /home/nvidia/workspace/alan/src/AMR_ros2_slam_nav2/install/rslidar_msg/include/rslidar_msg/msg/detail
[38.557s] -- Installing: /home/nvidia/workspace/alan/src/AMR_ros2_slam_nav2/install/rslidar_msg/include/rslidar_msg/msg/detail/rslidar_packet__rosidl_typesupport_fastrtps_c.h
[38.557s] -- Installing: /home/nvidia/workspace/alan/src/AMR_ros2_slam_nav2/install/rslidar_msg/include/rslidar_msg/msg/detail/rslidar_scan__rosidl_typesupport_fastrtps_c.h
[38.558s] -- Installing: /home/nvidia/workspace/alan/src/AMR_ros2_slam_nav2/install/rslidar_msg/include/rslidar_msg/msg/rosidl_typesupport_fastrtps_c__visibility_control.h
[38.558s] -- Installing: /home/nvidia/workspace/alan/src/AMR_ros2_slam_nav2/install/rslidar_msg/lib/librslidar_msg__rosidl_typesupport_fastrtps_c.so
[38.559s] -- Set runtime path of "/home/nvidia/workspace/alan/src/AMR_ros2_slam_nav2/install/rslidar_msg/lib/librslidar_msg__rosidl_typesupport_fastrtps_c.so" to ""
[38.560s] -- Up-to-date: /home/nvidia/workspace/alan/src/AMR_ros2_slam_nav2/install/rslidar_msg/include/rslidar_msg
[38.561s] -- Up-to-date: /home/nvidia/workspace/alan/src/AMR_ros2_slam_nav2/install/rslidar_msg/include/rslidar_msg/msg
[38.562s] -- Up-to-date: /home/nvidia/workspace/alan/src/AMR_ros2_slam_nav2/install/rslidar_msg/include/rslidar_msg/msg/detail
[38.566s] -- Installing: /home/nvidia/workspace/alan/src/AMR_ros2_slam_nav2/install/rslidar_msg/include/rslidar_msg/msg/detail/rslidar_scan__rosidl_typesupport_fastrtps_cpp.hpp
[38.569s] -- Installing: /home/nvidia/workspace/alan/src/AMR_ros2_slam_nav2/install/rslidar_msg/include/rslidar_msg/msg/detail/rslidar_packet__rosidl_typesupport_fastrtps_cpp.hpp
[38.571s] -- Installing: /home/nvidia/workspace/alan/src/AMR_ros2_slam_nav2/install/rslidar_msg/include/rslidar_msg/msg/detail/dds_fastrtps
[38.571s] -- Installing: /home/nvidia/workspace/alan/src/AMR_ros2_slam_nav2/install/rslidar_msg/include/rslidar_msg/msg/rosidl_typesupport_fastrtps_cpp__visibility_control.h
[38.572s] -- Installing: /home/nvidia/workspace/alan/src/AMR_ros2_slam_nav2/install/rslidar_msg/lib/librslidar_msg__rosidl_typesupport_fastrtps_cpp.so
[38.573s] -- Set runtime path of "/home/nvidia/workspace/alan/src/AMR_ros2_slam_nav2/install/rslidar_msg/lib/librslidar_msg__rosidl_typesupport_fastrtps_cpp.so" to ""
[38.575s] -- Up-to-date: /home/nvidia/workspace/alan/src/AMR_ros2_slam_nav2/install/rslidar_msg/include/rslidar_msg
[38.576s] -- Up-to-date: /home/nvidia/workspace/alan/src/AMR_ros2_slam_nav2/install/rslidar_msg/include/rslidar_msg/msg
[38.578s] -- Up-to-date: /home/nvidia/workspace/alan/src/AMR_ros2_slam_nav2/install/rslidar_msg/include/rslidar_msg/msg/detail
[38.580s] -- Installing: /home/nvidia/workspace/alan/src/AMR_ros2_slam_nav2/install/rslidar_msg/include/rslidar_msg/msg/detail/rslidar_packet__type_support.c
[38.581s] -- Installing: /home/nvidia/workspace/alan/src/AMR_ros2_slam_nav2/install/rslidar_msg/include/rslidar_msg/msg/detail/rslidar_scan__rosidl_typesupport_introspection_c.h
[38.582s] -- Installing: /home/nvidia/workspace/alan/src/AMR_ros2_slam_nav2/install/rslidar_msg/include/rslidar_msg/msg/detail/rslidar_packet__rosidl_typesupport_introspection_c.h
[38.583s] -- Installing: /home/nvidia/workspace/alan/src/AMR_ros2_slam_nav2/install/rslidar_msg/include/rslidar_msg/msg/detail/rslidar_scan__type_support.c
[38.585s] -- Installing: /home/nvidia/workspace/alan/src/AMR_ros2_slam_nav2/install/rslidar_msg/include/rslidar_msg/msg/rosidl_typesupport_introspection_c__visibility_control.h
[38.588s] -- Installing: /home/nvidia/workspace/alan/src/AMR_ros2_slam_nav2/install/rslidar_msg/lib/librslidar_msg__rosidl_typesupport_introspection_c.so
[38.589s] -- Set runtime path of "/home/nvidia/workspace/alan/src/AMR_ros2_slam_nav2/install/rslidar_msg/lib/librslidar_msg__rosidl_typesupport_introspection_c.so" to ""
[38.589s] -- Installing: /home/nvidia/workspace/alan/src/AMR_ros2_slam_nav2/install/rslidar_msg/lib/librslidar_msg__rosidl_typesupport_c.so
[38.590s] -- Set runtime path of "/home/nvidia/workspace/alan/src/AMR_ros2_slam_nav2/install/rslidar_msg/lib/librslidar_msg__rosidl_typesupport_c.so" to ""
[38.590s] -- Up-to-date: /home/nvidia/workspace/alan/src/AMR_ros2_slam_nav2/install/rslidar_msg/include/rslidar_msg
[38.591s] -- Up-to-date: /home/nvidia/workspace/alan/src/AMR_ros2_slam_nav2/install/rslidar_msg/include/rslidar_msg/msg
[38.591s] -- Up-to-date: /home/nvidia/workspace/alan/src/AMR_ros2_slam_nav2/install/rslidar_msg/include/rslidar_msg/msg/detail
[38.591s] -- Installing: /home/nvidia/workspace/alan/src/AMR_ros2_slam_nav2/install/rslidar_msg/include/rslidar_msg/msg/detail/rslidar_packet__struct.hpp
[38.592s] -- Installing: /home/nvidia/workspace/alan/src/AMR_ros2_slam_nav2/install/rslidar_msg/include/rslidar_msg/msg/detail/rslidar_scan__traits.hpp
[38.592s] -- Installing: /home/nvidia/workspace/alan/src/AMR_ros2_slam_nav2/install/rslidar_msg/include/rslidar_msg/msg/detail/rslidar_scan__builder.hpp
[38.592s] -- Installing: /home/nvidia/workspace/alan/src/AMR_ros2_slam_nav2/install/rslidar_msg/include/rslidar_msg/msg/detail/rslidar_scan__struct.hpp
[38.594s] -- Installing: /home/nvidia/workspace/alan/src/AMR_ros2_slam_nav2/install/rslidar_msg/include/rslidar_msg/msg/detail/rslidar_packet__builder.hpp
[38.595s] -- Installing: /home/nvidia/workspace/alan/src/AMR_ros2_slam_nav2/install/rslidar_msg/include/rslidar_msg/msg/detail/rslidar_packet__traits.hpp
[38.598s] -- Installing: /home/nvidia/workspace/alan/src/AMR_ros2_slam_nav2/install/rslidar_msg/include/rslidar_msg/msg/rslidar_packet.hpp
[38.599s] -- Installing: /home/nvidia/workspace/alan/src/AMR_ros2_slam_nav2/install/rslidar_msg/include/rslidar_msg/msg/rslidar_scan.hpp
[38.599s] -- Up-to-date: /home/nvidia/workspace/alan/src/AMR_ros2_slam_nav2/install/rslidar_msg/include/rslidar_msg
[38.600s] -- Up-to-date: /home/nvidia/workspace/alan/src/AMR_ros2_slam_nav2/install/rslidar_msg/include/rslidar_msg/msg
[38.600s] -- Up-to-date: /home/nvidia/workspace/alan/src/AMR_ros2_slam_nav2/install/rslidar_msg/include/rslidar_msg/msg/detail
[38.601s] -- Installing: /home/nvidia/workspace/alan/src/AMR_ros2_slam_nav2/install/rslidar_msg/include/rslidar_msg/msg/detail/rslidar_scan__rosidl_typesupport_introspection_cpp.hpp
[38.601s] -- Installing: /home/nvidia/workspace/alan/src/AMR_ros2_slam_nav2/install/rslidar_msg/include/rslidar_msg/msg/detail/rslidar_packet__rosidl_typesupport_introspection_cpp.hpp
[38.601s] -- Installing: /home/nvidia/workspace/alan/src/AMR_ros2_slam_nav2/install/rslidar_msg/include/rslidar_msg/msg/detail/rslidar_scan__type_support.cpp
[38.602s] -- Installing: /home/nvidia/workspace/alan/src/AMR_ros2_slam_nav2/install/rslidar_msg/include/rslidar_msg/msg/detail/rslidar_packet__type_support.cpp
[38.602s] -- Installing: /home/nvidia/workspace/alan/src/AMR_ros2_slam_nav2/install/rslidar_msg/lib/librslidar_msg__rosidl_typesupport_introspection_cpp.so
[38.602s] -- Set runtime path of "/home/nvidia/workspace/alan/src/AMR_ros2_slam_nav2/install/rslidar_msg/lib/librslidar_msg__rosidl_typesupport_introspection_cpp.so" to ""
[38.603s] -- Installing: /home/nvidia/workspace/alan/src/AMR_ros2_slam_nav2/install/rslidar_msg/lib/librslidar_msg__rosidl_typesupport_cpp.so
[38.603s] -- Set runtime path of "/home/nvidia/workspace/alan/src/AMR_ros2_slam_nav2/install/rslidar_msg/lib/librslidar_msg__rosidl_typesupport_cpp.so" to ""
[38.603s] -- Installing: /home/nvidia/workspace/alan/src/AMR_ros2_slam_nav2/install/rslidar_msg/share/rslidar_msg/environment/pythonpath.sh
[38.604s] -- Installing: /home/nvidia/workspace/alan/src/AMR_ros2_slam_nav2/install/rslidar_msg/share/rslidar_msg/environment/pythonpath.dsv
[38.605s] -- Installing: /home/nvidia/workspace/alan/src/AMR_ros2_slam_nav2/install/rslidar_msg/lib/python3.6/site-packages/rslidar_msg/__init__.py
[38.716s] Compiling '/home/nvidia/workspace/alan/src/AMR_ros2_slam_nav2/install/rslidar_msg/lib/python3.6/site-packages/rslidar_msg/__init__.py'...
[38.731s] -- Installing: /home/nvidia/workspace/alan/src/AMR_ros2_slam_nav2/install/rslidar_msg/lib/python3.6/site-packages/rslidar_msg/msg
[38.732s] -- Installing: /home/nvidia/workspace/alan/src/AMR_ros2_slam_nav2/install/rslidar_msg/lib/python3.6/site-packages/rslidar_msg/msg/__init__.py
[38.733s] -- Installing: /home/nvidia/workspace/alan/src/AMR_ros2_slam_nav2/install/rslidar_msg/lib/python3.6/site-packages/rslidar_msg/msg/_rslidar_scan_s.c
[38.734s] -- Installing: /home/nvidia/workspace/alan/src/AMR_ros2_slam_nav2/install/rslidar_msg/lib/python3.6/site-packages/rslidar_msg/msg/_rslidar_packet_s.c
[38.734s] -- Installing: /home/nvidia/workspace/alan/src/AMR_ros2_slam_nav2/install/rslidar_msg/lib/python3.6/site-packages/rslidar_msg/msg/_rslidar_scan.py
[38.735s] -- Installing: /home/nvidia/workspace/alan/src/AMR_ros2_slam_nav2/install/rslidar_msg/lib/python3.6/site-packages/rslidar_msg/msg/_rslidar_packet.py
[38.735s] -- Installing: /home/nvidia/workspace/alan/src/AMR_ros2_slam_nav2/install/rslidar_msg/lib/python3.6/site-packages/rslidar_msg/rslidar_msg_s__rosidl_typesupport_fastrtps_c.cpython-36m-aarch64-linux-gnu.so
[38.736s] -- Set runtime path of "/home/nvidia/workspace/alan/src/AMR_ros2_slam_nav2/install/rslidar_msg/lib/python3.6/site-packages/rslidar_msg/rslidar_msg_s__rosidl_typesupport_fastrtps_c.cpython-36m-aarch64-linux-gnu.so" to ""
[38.738s] -- Installing: /home/nvidia/workspace/alan/src/AMR_ros2_slam_nav2/install/rslidar_msg/lib/python3.6/site-packages/rslidar_msg/rslidar_msg_s__rosidl_typesupport_introspection_c.cpython-36m-aarch64-linux-gnu.so
[38.740s] -- Set runtime path of "/home/nvidia/workspace/alan/src/AMR_ros2_slam_nav2/install/rslidar_msg/lib/python3.6/site-packages/rslidar_msg/rslidar_msg_s__rosidl_typesupport_introspection_c.cpython-36m-aarch64-linux-gnu.so" to ""
[38.741s] -- Installing: /home/nvidia/workspace/alan/src/AMR_ros2_slam_nav2/install/rslidar_msg/lib/python3.6/site-packages/rslidar_msg/rslidar_msg_s__rosidl_typesupport_c.cpython-36m-aarch64-linux-gnu.so
[38.743s] -- Set runtime path of "/home/nvidia/workspace/alan/src/AMR_ros2_slam_nav2/install/rslidar_msg/lib/python3.6/site-packages/rslidar_msg/rslidar_msg_s__rosidl_typesupport_c.cpython-36m-aarch64-linux-gnu.so" to ""
[38.744s] -- Installing: /home/nvidia/workspace/alan/src/AMR_ros2_slam_nav2/install/rslidar_msg/lib/librslidar_msg__python.so
[38.746s] -- Set runtime path of "/home/nvidia/workspace/alan/src/AMR_ros2_slam_nav2/install/rslidar_msg/lib/librslidar_msg__python.so" to ""
[38.746s] -- Installing: /home/nvidia/workspace/alan/src/AMR_ros2_slam_nav2/install/rslidar_msg/share/rslidar_msg/msg/RslidarPacket.idl
[38.747s] -- Installing: /home/nvidia/workspace/alan/src/AMR_ros2_slam_nav2/install/rslidar_msg/share/rslidar_msg/msg/RslidarScan.idl
[38.748s] -- Installing: /home/nvidia/workspace/alan/src/AMR_ros2_slam_nav2/install/rslidar_msg/share/rslidar_msg/msg/RslidarPacket.msg
[38.749s] -- Installing: /home/nvidia/workspace/alan/src/AMR_ros2_slam_nav2/install/rslidar_msg/share/rslidar_msg/msg/RslidarScan.msg
[38.750s] -- Installing: /home/nvidia/workspace/alan/src/AMR_ros2_slam_nav2/install/rslidar_msg/share/ament_index/resource_index/package_run_dependencies/rslidar_msg
[38.751s] -- Installing: /home/nvidia/workspace/alan/src/AMR_ros2_slam_nav2/install/rslidar_msg/share/ament_index/resource_index/parent_prefix_path/rslidar_msg
[38.753s] -- Installing: /home/nvidia/workspace/alan/src/AMR_ros2_slam_nav2/install/rslidar_msg/share/rslidar_msg/environment/ament_prefix_path.sh
[38.755s] -- Installing: /home/nvidia/workspace/alan/src/AMR_ros2_slam_nav2/install/rslidar_msg/share/rslidar_msg/environment/ament_prefix_path.dsv
[38.756s] -- Installing: /home/nvidia/workspace/alan/src/AMR_ros2_slam_nav2/install/rslidar_msg/share/rslidar_msg/environment/path.sh
[38.759s] -- Installing: /home/nvidia/workspace/alan/src/AMR_ros2_slam_nav2/install/rslidar_msg/share/rslidar_msg/environment/path.dsv
[38.760s] -- Installing: /home/nvidia/workspace/alan/src/AMR_ros2_slam_nav2/install/rslidar_msg/share/rslidar_msg/local_setup.bash
[38.762s] -- Installing: /home/nvidia/workspace/alan/src/AMR_ros2_slam_nav2/install/rslidar_msg/share/rslidar_msg/local_setup.sh
[38.764s] -- Installing: /home/nvidia/workspace/alan/src/AMR_ros2_slam_nav2/install/rslidar_msg/share/rslidar_msg/local_setup.zsh
[38.767s] -- Installing: /home/nvidia/workspace/alan/src/AMR_ros2_slam_nav2/install/rslidar_msg/share/rslidar_msg/local_setup.dsv
[38.769s] -- Installing: /home/nvidia/workspace/alan/src/AMR_ros2_slam_nav2/install/rslidar_msg/share/rslidar_msg/package.dsv
[38.771s] -- Installing: /home/nvidia/workspace/alan/src/AMR_ros2_slam_nav2/install/rslidar_msg/share/ament_index/resource_index/packages/rslidar_msg
[38.774s] -- Installing: /home/nvidia/workspace/alan/src/AMR_ros2_slam_nav2/install/rslidar_msg/share/rslidar_msg/cmake/rslidar_msg__rosidl_generator_cExport.cmake
[38.776s] -- Installing: /home/nvidia/workspace/alan/src/AMR_ros2_slam_nav2/install/rslidar_msg/share/rslidar_msg/cmake/rslidar_msg__rosidl_generator_cExport-noconfig.cmake
[38.779s] -- Installing: /home/nvidia/workspace/alan/src/AMR_ros2_slam_nav2/install/rslidar_msg/share/rslidar_msg/cmake/rslidar_msg__rosidl_typesupport_introspection_cExport.cmake
[38.781s] -- Installing: /home/nvidia/workspace/alan/src/AMR_ros2_slam_nav2/install/rslidar_msg/share/rslidar_msg/cmake/rslidar_msg__rosidl_typesupport_introspection_cExport-noconfig.cmake
[38.783s] -- Installing: /home/nvidia/workspace/alan/src/AMR_ros2_slam_nav2/install/rslidar_msg/share/rslidar_msg/cmake/rslidar_msg__rosidl_typesupport_cExport.cmake
[38.785s] -- Installing: /home/nvidia/workspace/alan/src/AMR_ros2_slam_nav2/install/rslidar_msg/share/rslidar_msg/cmake/rslidar_msg__rosidl_typesupport_cExport-noconfig.cmake
[38.789s] -- Installing: /home/nvidia/workspace/alan/src/AMR_ros2_slam_nav2/install/rslidar_msg/share/rslidar_msg/cmake/rslidar_msg__rosidl_generator_cppExport.cmake
[38.791s] -- Installing: /home/nvidia/workspace/alan/src/AMR_ros2_slam_nav2/install/rslidar_msg/share/rslidar_msg/cmake/rslidar_msg__rosidl_typesupport_introspection_cppExport.cmake
[38.793s] -- Installing: /home/nvidia/workspace/alan/src/AMR_ros2_slam_nav2/install/rslidar_msg/share/rslidar_msg/cmake/rslidar_msg__rosidl_typesupport_introspection_cppExport-noconfig.cmake
[38.796s] -- Installing: /home/nvidia/workspace/alan/src/AMR_ros2_slam_nav2/install/rslidar_msg/share/rslidar_msg/cmake/rslidar_msg__rosidl_typesupport_cppExport.cmake
[38.798s] -- Installing: /home/nvidia/workspace/alan/src/AMR_ros2_slam_nav2/install/rslidar_msg/share/rslidar_msg/cmake/rslidar_msg__rosidl_typesupport_cppExport-noconfig.cmake
[38.800s] -- Installing: /home/nvidia/workspace/alan/src/AMR_ros2_slam_nav2/install/rslidar_msg/share/rslidar_msg/cmake/rosidl_cmake-extras.cmake
[38.802s] -- Installing: /home/nvidia/workspace/alan/src/AMR_ros2_slam_nav2/install/rslidar_msg/share/rslidar_msg/cmake/ament_cmake_export_dependencies-extras.cmake
[38.805s] -- Installing: /home/nvidia/workspace/alan/src/AMR_ros2_slam_nav2/install/rslidar_msg/share/rslidar_msg/cmake/ament_cmake_export_libraries-extras.cmake
[38.807s] -- Installing: /home/nvidia/workspace/alan/src/AMR_ros2_slam_nav2/install/rslidar_msg/share/rslidar_msg/cmake/ament_cmake_export_targets-extras.cmake
[38.809s] -- Installing: /home/nvidia/workspace/alan/src/AMR_ros2_slam_nav2/install/rslidar_msg/share/rslidar_msg/cmake/ament_cmake_export_include_directories-extras.cmake
[38.811s] -- Installing: /home/nvidia/workspace/alan/src/AMR_ros2_slam_nav2/install/rslidar_msg/share/rslidar_msg/cmake/rosidl_cmake_export_typesupport_libraries-extras.cmake
[38.813s] -- Installing: /home/nvidia/workspace/alan/src/AMR_ros2_slam_nav2/install/rslidar_msg/share/rslidar_msg/cmake/rosidl_cmake_export_typesupport_targets-extras.cmake
[38.814s] -- Installing: /home/nvidia/workspace/alan/src/AMR_ros2_slam_nav2/install/rslidar_msg/share/rslidar_msg/cmake/rslidar_msgConfig.cmake
[38.816s] -- Installing: /home/nvidia/workspace/alan/src/AMR_ros2_slam_nav2/install/rslidar_msg/share/rslidar_msg/cmake/rslidar_msgConfig-version.cmake
[38.818s] -- Installing: /home/nvidia/workspace/alan/src/AMR_ros2_slam_nav2/install/rslidar_msg/share/rslidar_msg/package.xml
[38.834s] Invoked command in '/home/nvidia/workspace/alan/src/AMR_ros2_slam_nav2/build/rslidar_msg' returned '0': /usr/local/bin/cmake --install /home/nvidia/workspace/alan/src/AMR_ros2_slam_nav2/build/rslidar_msg
