[3.090s] Invoking command in '/home/nvidia/workspace/alan/src/AMR_ros2_slam_nav2/turtlebot3_example': AMENT_PREFIX_PATH=/home/nvidia/workspace/alan/src/AMR_ros2_slam_nav2/install/turtlebot3_msgs:${AMENT_PREFIX_PATH} CMAKE_PREFIX_PATH=/home/nvidia/workspace/alan/src/AMR_ros2_slam_nav2/install/turtlebot3_msgs:${CMAKE_PREFIX_PATH} LD_LIBRARY_PATH=/home/nvidia/workspace/alan/src/AMR_ros2_slam_nav2/install/turtlebot3_msgs/lib:/home/workspace/ros2/install/opt/yaml_cpp_vendor/lib:/home/workspace/ros2/install/opt/rviz_ogre_vendor/lib:/home/workspace/ros2/install/lib:/usr/local/cuda-10.2/lib64 PYTHONPATH=/home/nvidia/workspace/alan/src/AMR_ros2_slam_nav2/install/turtlebot3_example/lib/python3.6/site-packages:/home/nvidia/workspace/alan/src/AMR_ros2_slam_nav2/install/turtlebot3_msgs/lib/python3.6/site-packages:/home/workspace/ros2/install/lib/python3.6/site-packages:/usr/local/lib:/usr/local/cuda/bin /usr/bin/python3 setup.py egg_info --egg-base ../build/turtlebot3_example build --build-base /home/nvidia/workspace/alan/src/AMR_ros2_slam_nav2/build/turtlebot3_example/build install --prefix /home/nvidia/workspace/alan/src/AMR_ros2_slam_nav2/install/turtlebot3_example --record /home/nvidia/workspace/alan/src/AMR_ros2_slam_nav2/build/turtlebot3_example/install.log --single-version-externally-managed
[4.244s] running egg_info
[4.246s] creating ../build/turtlebot3_example/turtlebot3_example.egg-info
[4.247s] writing ../build/turtlebot3_example/turtlebot3_example.egg-info/PKG-INFO
[4.248s] writing dependency_links to ../build/turtlebot3_example/turtlebot3_example.egg-info/dependency_links.txt
[4.249s] writing entry points to ../build/turtlebot3_example/turtlebot3_example.egg-info/entry_points.txt
[4.250s] writing requirements to ../build/turtlebot3_example/turtlebot3_example.egg-info/requires.txt
[4.250s] writing top-level names to ../build/turtlebot3_example/turtlebot3_example.egg-info/top_level.txt
[4.254s] writing manifest file '../build/turtlebot3_example/turtlebot3_example.egg-info/SOURCES.txt'
[4.261s] reading manifest file '../build/turtlebot3_example/turtlebot3_example.egg-info/SOURCES.txt'
[4.265s] writing manifest file '../build/turtlebot3_example/turtlebot3_example.egg-info/SOURCES.txt'
[4.266s] running build
[4.266s] running build_py
[4.267s] creating /home/nvidia/workspace/alan/src/AMR_ros2_slam_nav2/build/turtlebot3_example/build
[4.267s] creating /home/nvidia/workspace/alan/src/AMR_ros2_slam_nav2/build/turtlebot3_example/build/lib
[4.267s] creating /home/nvidia/workspace/alan/src/AMR_ros2_slam_nav2/build/turtlebot3_example/build/lib/turtlebot3_example
[4.268s] copying turtlebot3_example/__init__.py -> /home/nvidia/workspace/alan/src/AMR_ros2_slam_nav2/build/turtlebot3_example/build/lib/turtlebot3_example
[4.268s] creating /home/nvidia/workspace/alan/src/AMR_ros2_slam_nav2/build/turtlebot3_example/build/lib/turtlebot3_example/turtlebot3_obstacle_detection
[4.269s] copying turtlebot3_example/turtlebot3_obstacle_detection/__init__.py -> /home/nvidia/workspace/alan/src/AMR_ros2_slam_nav2/build/turtlebot3_example/build/lib/turtlebot3_example/turtlebot3_obstacle_detection
[4.269s] copying turtlebot3_example/turtlebot3_obstacle_detection/main.py -> /home/nvidia/workspace/alan/src/AMR_ros2_slam_nav2/build/turtlebot3_example/build/lib/turtlebot3_example/turtlebot3_obstacle_detection
[4.270s] copying turtlebot3_example/turtlebot3_obstacle_detection/turtlebot3_obstacle_detection.py -> /home/nvidia/workspace/alan/src/AMR_ros2_slam_nav2/build/turtlebot3_example/build/lib/turtlebot3_example/turtlebot3_obstacle_detection
[4.270s] creating /home/nvidia/workspace/alan/src/AMR_ros2_slam_nav2/build/turtlebot3_example/build/lib/turtlebot3_example/turtlebot3_patrol_server
[4.272s] copying turtlebot3_example/turtlebot3_patrol_server/__init__.py -> /home/nvidia/workspace/alan/src/AMR_ros2_slam_nav2/build/turtlebot3_example/build/lib/turtlebot3_example/turtlebot3_patrol_server
[4.273s] copying turtlebot3_example/turtlebot3_patrol_server/main.py -> /home/nvidia/workspace/alan/src/AMR_ros2_slam_nav2/build/turtlebot3_example/build/lib/turtlebot3_example/turtlebot3_patrol_server
[4.274s] copying turtlebot3_example/turtlebot3_patrol_server/turtlebot3_patrol_server.py -> /home/nvidia/workspace/alan/src/AMR_ros2_slam_nav2/build/turtlebot3_example/build/lib/turtlebot3_example/turtlebot3_patrol_server
[4.274s] copying turtlebot3_example/turtlebot3_patrol_server/turtlebot3_path.py -> /home/nvidia/workspace/alan/src/AMR_ros2_slam_nav2/build/turtlebot3_example/build/lib/turtlebot3_example/turtlebot3_patrol_server
[4.276s] creating /home/nvidia/workspace/alan/src/AMR_ros2_slam_nav2/build/turtlebot3_example/build/lib/turtlebot3_example/turtlebot3_position_control
[4.277s] copying turtlebot3_example/turtlebot3_position_control/__init__.py -> /home/nvidia/workspace/alan/src/AMR_ros2_slam_nav2/build/turtlebot3_example/build/lib/turtlebot3_example/turtlebot3_position_control
[4.277s] copying turtlebot3_example/turtlebot3_position_control/turtlebot3_position_control.py -> /home/nvidia/workspace/alan/src/AMR_ros2_slam_nav2/build/turtlebot3_example/build/lib/turtlebot3_example/turtlebot3_position_control
[4.277s] copying turtlebot3_example/turtlebot3_position_control/main.py -> /home/nvidia/workspace/alan/src/AMR_ros2_slam_nav2/build/turtlebot3_example/build/lib/turtlebot3_example/turtlebot3_position_control
[4.278s] copying turtlebot3_example/turtlebot3_position_control/turtlebot3_path.py -> /home/nvidia/workspace/alan/src/AMR_ros2_slam_nav2/build/turtlebot3_example/build/lib/turtlebot3_example/turtlebot3_position_control
[4.278s] creating /home/nvidia/workspace/alan/src/AMR_ros2_slam_nav2/build/turtlebot3_example/build/lib/turtlebot3_example/turtlebot3_patrol_client
[4.279s] copying turtlebot3_example/turtlebot3_patrol_client/__init__.py -> /home/nvidia/workspace/alan/src/AMR_ros2_slam_nav2/build/turtlebot3_example/build/lib/turtlebot3_example/turtlebot3_patrol_client
[4.279s] copying turtlebot3_example/turtlebot3_patrol_client/main.py -> /home/nvidia/workspace/alan/src/AMR_ros2_slam_nav2/build/turtlebot3_example/build/lib/turtlebot3_example/turtlebot3_patrol_client
[4.279s] copying turtlebot3_example/turtlebot3_patrol_client/turtlebot3_patrol_client.py -> /home/nvidia/workspace/alan/src/AMR_ros2_slam_nav2/build/turtlebot3_example/build/lib/turtlebot3_example/turtlebot3_patrol_client
[4.279s] running install
[4.280s] /home/nvidia/.local/lib/python3.6/site-packages/setuptools/command/install.py:37: SetuptoolsDeprecationWarning: setup.py install is deprecated. Use build and pip and other standards-based tools.
[4.280s]   setuptools.SetuptoolsDeprecationWarning,
[4.283s] running install_lib
[4.285s] creating /home/nvidia/workspace/alan/src/AMR_ros2_slam_nav2/install/turtlebot3_example/lib/python3.6/site-packages/turtlebot3_example
[4.286s] copying /home/nvidia/workspace/alan/src/AMR_ros2_slam_nav2/build/turtlebot3_example/build/lib/turtlebot3_example/__init__.py -> /home/nvidia/workspace/alan/src/AMR_ros2_slam_nav2/install/turtlebot3_example/lib/python3.6/site-packages/turtlebot3_example
[4.287s] creating /home/nvidia/workspace/alan/src/AMR_ros2_slam_nav2/install/turtlebot3_example/lib/python3.6/site-packages/turtlebot3_example/turtlebot3_obstacle_detection
[4.287s] copying /home/nvidia/workspace/alan/src/AMR_ros2_slam_nav2/build/turtlebot3_example/build/lib/turtlebot3_example/turtlebot3_obstacle_detection/__init__.py -> /home/nvidia/workspace/alan/src/AMR_ros2_slam_nav2/install/turtlebot3_example/lib/python3.6/site-packages/turtlebot3_example/turtlebot3_obstacle_detection
[4.288s] copying /home/nvidia/workspace/alan/src/AMR_ros2_slam_nav2/build/turtlebot3_example/build/lib/turtlebot3_example/turtlebot3_obstacle_detection/main.py -> /home/nvidia/workspace/alan/src/AMR_ros2_slam_nav2/install/turtlebot3_example/lib/python3.6/site-packages/turtlebot3_example/turtlebot3_obstacle_detection
[4.289s] copying /home/nvidia/workspace/alan/src/AMR_ros2_slam_nav2/build/turtlebot3_example/build/lib/turtlebot3_example/turtlebot3_obstacle_detection/turtlebot3_obstacle_detection.py -> /home/nvidia/workspace/alan/src/AMR_ros2_slam_nav2/install/turtlebot3_example/lib/python3.6/site-packages/turtlebot3_example/turtlebot3_obstacle_detection
[4.290s] creating /home/nvidia/workspace/alan/src/AMR_ros2_slam_nav2/install/turtlebot3_example/lib/python3.6/site-packages/turtlebot3_example/turtlebot3_patrol_server
[4.293s] copying /home/nvidia/workspace/alan/src/AMR_ros2_slam_nav2/build/turtlebot3_example/build/lib/turtlebot3_example/turtlebot3_patrol_server/__init__.py -> /home/nvidia/workspace/alan/src/AMR_ros2_slam_nav2/install/turtlebot3_example/lib/python3.6/site-packages/turtlebot3_example/turtlebot3_patrol_server
[4.293s] copying /home/nvidia/workspace/alan/src/AMR_ros2_slam_nav2/build/turtlebot3_example/build/lib/turtlebot3_example/turtlebot3_patrol_server/main.py -> /home/nvidia/workspace/alan/src/AMR_ros2_slam_nav2/install/turtlebot3_example/lib/python3.6/site-packages/turtlebot3_example/turtlebot3_patrol_server
[4.294s] copying /home/nvidia/workspace/alan/src/AMR_ros2_slam_nav2/build/turtlebot3_example/build/lib/turtlebot3_example/turtlebot3_patrol_server/turtlebot3_patrol_server.py -> /home/nvidia/workspace/alan/src/AMR_ros2_slam_nav2/install/turtlebot3_example/lib/python3.6/site-packages/turtlebot3_example/turtlebot3_patrol_server
[4.294s] copying /home/nvidia/workspace/alan/src/AMR_ros2_slam_nav2/build/turtlebot3_example/build/lib/turtlebot3_example/turtlebot3_patrol_server/turtlebot3_path.py -> /home/nvidia/workspace/alan/src/AMR_ros2_slam_nav2/install/turtlebot3_example/lib/python3.6/site-packages/turtlebot3_example/turtlebot3_patrol_server
[4.296s] creating /home/nvidia/workspace/alan/src/AMR_ros2_slam_nav2/install/turtlebot3_example/lib/python3.6/site-packages/turtlebot3_example/turtlebot3_position_control
[4.296s] copying /home/nvidia/workspace/alan/src/AMR_ros2_slam_nav2/build/turtlebot3_example/build/lib/turtlebot3_example/turtlebot3_position_control/__init__.py -> /home/nvidia/workspace/alan/src/AMR_ros2_slam_nav2/install/turtlebot3_example/lib/python3.6/site-packages/turtlebot3_example/turtlebot3_position_control
[4.298s] copying /home/nvidia/workspace/alan/src/AMR_ros2_slam_nav2/build/turtlebot3_example/build/lib/turtlebot3_example/turtlebot3_position_control/turtlebot3_position_control.py -> /home/nvidia/workspace/alan/src/AMR_ros2_slam_nav2/install/turtlebot3_example/lib/python3.6/site-packages/turtlebot3_example/turtlebot3_position_control
[4.299s] copying /home/nvidia/workspace/alan/src/AMR_ros2_slam_nav2/build/turtlebot3_example/build/lib/turtlebot3_example/turtlebot3_position_control/main.py -> /home/nvidia/workspace/alan/src/AMR_ros2_slam_nav2/install/turtlebot3_example/lib/python3.6/site-packages/turtlebot3_example/turtlebot3_position_control
[4.300s] copying /home/nvidia/workspace/alan/src/AMR_ros2_slam_nav2/build/turtlebot3_example/build/lib/turtlebot3_example/turtlebot3_position_control/turtlebot3_path.py -> /home/nvidia/workspace/alan/src/AMR_ros2_slam_nav2/install/turtlebot3_example/lib/python3.6/site-packages/turtlebot3_example/turtlebot3_position_control
[4.301s] creating /home/nvidia/workspace/alan/src/AMR_ros2_slam_nav2/install/turtlebot3_example/lib/python3.6/site-packages/turtlebot3_example/turtlebot3_patrol_client
[4.302s] copying /home/nvidia/workspace/alan/src/AMR_ros2_slam_nav2/build/turtlebot3_example/build/lib/turtlebot3_example/turtlebot3_patrol_client/__init__.py -> /home/nvidia/workspace/alan/src/AMR_ros2_slam_nav2/install/turtlebot3_example/lib/python3.6/site-packages/turtlebot3_example/turtlebot3_patrol_client
[4.302s] copying /home/nvidia/workspace/alan/src/AMR_ros2_slam_nav2/build/turtlebot3_example/build/lib/turtlebot3_example/turtlebot3_patrol_client/main.py -> /home/nvidia/workspace/alan/src/AMR_ros2_slam_nav2/install/turtlebot3_example/lib/python3.6/site-packages/turtlebot3_example/turtlebot3_patrol_client
[4.304s] copying /home/nvidia/workspace/alan/src/AMR_ros2_slam_nav2/build/turtlebot3_example/build/lib/turtlebot3_example/turtlebot3_patrol_client/turtlebot3_patrol_client.py -> /home/nvidia/workspace/alan/src/AMR_ros2_slam_nav2/install/turtlebot3_example/lib/python3.6/site-packages/turtlebot3_example/turtlebot3_patrol_client
[4.304s] byte-compiling /home/nvidia/workspace/alan/src/AMR_ros2_slam_nav2/install/turtlebot3_example/lib/python3.6/site-packages/turtlebot3_example/__init__.py to __init__.cpython-36.pyc
[4.306s] byte-compiling /home/nvidia/workspace/alan/src/AMR_ros2_slam_nav2/install/turtlebot3_example/lib/python3.6/site-packages/turtlebot3_example/turtlebot3_obstacle_detection/__init__.py to __init__.cpython-36.pyc
[4.306s] byte-compiling /home/nvidia/workspace/alan/src/AMR_ros2_slam_nav2/install/turtlebot3_example/lib/python3.6/site-packages/turtlebot3_example/turtlebot3_obstacle_detection/main.py to main.cpython-36.pyc
[4.307s] byte-compiling /home/nvidia/workspace/alan/src/AMR_ros2_slam_nav2/install/turtlebot3_example/lib/python3.6/site-packages/turtlebot3_example/turtlebot3_obstacle_detection/turtlebot3_obstacle_detection.py to turtlebot3_obstacle_detection.cpython-36.pyc
[4.307s] byte-compiling /home/nvidia/workspace/alan/src/AMR_ros2_slam_nav2/install/turtlebot3_example/lib/python3.6/site-packages/turtlebot3_example/turtlebot3_patrol_server/__init__.py to __init__.cpython-36.pyc
[4.308s] byte-compiling /home/nvidia/workspace/alan/src/AMR_ros2_slam_nav2/install/turtlebot3_example/lib/python3.6/site-packages/turtlebot3_example/turtlebot3_patrol_server/main.py to main.cpython-36.pyc
[4.310s] byte-compiling /home/nvidia/workspace/alan/src/AMR_ros2_slam_nav2/install/turtlebot3_example/lib/python3.6/site-packages/turtlebot3_example/turtlebot3_patrol_server/turtlebot3_patrol_server.py to turtlebot3_patrol_server.cpython-36.pyc
[4.310s] byte-compiling /home/nvidia/workspace/alan/src/AMR_ros2_slam_nav2/install/turtlebot3_example/lib/python3.6/site-packages/turtlebot3_example/turtlebot3_patrol_server/turtlebot3_path.py to turtlebot3_path.cpython-36.pyc
[4.312s] byte-compiling /home/nvidia/workspace/alan/src/AMR_ros2_slam_nav2/install/turtlebot3_example/lib/python3.6/site-packages/turtlebot3_example/turtlebot3_position_control/__init__.py to __init__.cpython-36.pyc
[4.312s] byte-compiling /home/nvidia/workspace/alan/src/AMR_ros2_slam_nav2/install/turtlebot3_example/lib/python3.6/site-packages/turtlebot3_example/turtlebot3_position_control/turtlebot3_position_control.py to turtlebot3_position_control.cpython-36.pyc
[4.312s] byte-compiling /home/nvidia/workspace/alan/src/AMR_ros2_slam_nav2/install/turtlebot3_example/lib/python3.6/site-packages/turtlebot3_example/turtlebot3_position_control/main.py to main.cpython-36.pyc
[4.314s] byte-compiling /home/nvidia/workspace/alan/src/AMR_ros2_slam_nav2/install/turtlebot3_example/lib/python3.6/site-packages/turtlebot3_example/turtlebot3_position_control/turtlebot3_path.py to turtlebot3_path.cpython-36.pyc
[4.316s] byte-compiling /home/nvidia/workspace/alan/src/AMR_ros2_slam_nav2/install/turtlebot3_example/lib/python3.6/site-packages/turtlebot3_example/turtlebot3_patrol_client/__init__.py to __init__.cpython-36.pyc
[4.317s] byte-compiling /home/nvidia/workspace/alan/src/AMR_ros2_slam_nav2/install/turtlebot3_example/lib/python3.6/site-packages/turtlebot3_example/turtlebot3_patrol_client/main.py to main.cpython-36.pyc
[4.317s] byte-compiling /home/nvidia/workspace/alan/src/AMR_ros2_slam_nav2/install/turtlebot3_example/lib/python3.6/site-packages/turtlebot3_example/turtlebot3_patrol_client/turtlebot3_patrol_client.py to turtlebot3_patrol_client.cpython-36.pyc
[4.318s] running install_data
[4.320s] creating /home/nvidia/workspace/alan/src/AMR_ros2_slam_nav2/install/turtlebot3_example/share/ament_index
[4.320s] creating /home/nvidia/workspace/alan/src/AMR_ros2_slam_nav2/install/turtlebot3_example/share/ament_index/resource_index
[4.322s] creating /home/nvidia/workspace/alan/src/AMR_ros2_slam_nav2/install/turtlebot3_example/share/ament_index/resource_index/packages
[4.323s] copying resource/turtlebot3_example -> /home/nvidia/workspace/alan/src/AMR_ros2_slam_nav2/install/turtlebot3_example/share/ament_index/resource_index/packages
[4.326s] copying package.xml -> /home/nvidia/workspace/alan/src/AMR_ros2_slam_nav2/install/turtlebot3_example/share/turtlebot3_example
[4.326s] running install_egg_info
[4.326s] Copying ../build/turtlebot3_example/turtlebot3_example.egg-info to /home/nvidia/workspace/alan/src/AMR_ros2_slam_nav2/install/turtlebot3_example/lib/python3.6/site-packages/turtlebot3_example-2.1.2-py3.6.egg-info
[4.332s] running install_scripts
[4.387s] Installing turtlebot3_obstacle_detection script to /home/nvidia/workspace/alan/src/AMR_ros2_slam_nav2/install/turtlebot3_example/lib/turtlebot3_example
[4.388s] Installing turtlebot3_patrol_client script to /home/nvidia/workspace/alan/src/AMR_ros2_slam_nav2/install/turtlebot3_example/lib/turtlebot3_example
[4.388s] Installing turtlebot3_patrol_server script to /home/nvidia/workspace/alan/src/AMR_ros2_slam_nav2/install/turtlebot3_example/lib/turtlebot3_example
[4.389s] Installing turtlebot3_position_control script to /home/nvidia/workspace/alan/src/AMR_ros2_slam_nav2/install/turtlebot3_example/lib/turtlebot3_example
[4.391s] writing list of installed files to '/home/nvidia/workspace/alan/src/AMR_ros2_slam_nav2/build/turtlebot3_example/install.log'
[4.482s] Invoked command in '/home/nvidia/workspace/alan/src/AMR_ros2_slam_nav2/turtlebot3_example' returned '0': AMENT_PREFIX_PATH=/home/nvidia/workspace/alan/src/AMR_ros2_slam_nav2/install/turtlebot3_msgs:${AMENT_PREFIX_PATH} CMAKE_PREFIX_PATH=/home/nvidia/workspace/alan/src/AMR_ros2_slam_nav2/install/turtlebot3_msgs:${CMAKE_PREFIX_PATH} LD_LIBRARY_PATH=/home/nvidia/workspace/alan/src/AMR_ros2_slam_nav2/install/turtlebot3_msgs/lib:/home/workspace/ros2/install/opt/yaml_cpp_vendor/lib:/home/workspace/ros2/install/opt/rviz_ogre_vendor/lib:/home/workspace/ros2/install/lib:/usr/local/cuda-10.2/lib64 PYTHONPATH=/home/nvidia/workspace/alan/src/AMR_ros2_slam_nav2/install/turtlebot3_example/lib/python3.6/site-packages:/home/nvidia/workspace/alan/src/AMR_ros2_slam_nav2/install/turtlebot3_msgs/lib/python3.6/site-packages:/home/workspace/ros2/install/lib/python3.6/site-packages:/usr/local/lib:/usr/local/cuda/bin /usr/bin/python3 setup.py egg_info --egg-base ../build/turtlebot3_example build --build-base /home/nvidia/workspace/alan/src/AMR_ros2_slam_nav2/build/turtlebot3_example/build install --prefix /home/nvidia/workspace/alan/src/AMR_ros2_slam_nav2/install/turtlebot3_example --record /home/nvidia/workspace/alan/src/AMR_ros2_slam_nav2/build/turtlebot3_example/install.log --single-version-externally-managed
