[0.139s] Invoking command in '/home/nvidia/workspace/alan/src/AMR_ros2_slam_nav2/build/image_geometry': CMAKE_PREFIX_PATH=${CMAKE_PREFIX_PATH}:/home/nvidia/workspace/alan/src/AMR_ros2_slam_nav2/install/turtlebot3_teleop:/home/nvidia/workspace/alan/src/AMR_ros2_slam_nav2/install/turtlebot3_example:/home/nvidia/workspace/alan/src/AMR_ros2_slam_nav2/install/opencv_tests:/home/nvidia/workspace/alan/src/AMR_ros2_slam_nav2/install/nav2_gazebo_spawner:/home/nvidia/workspace/alan/AMR/install/turtlebot3_teleop:/home/nvidia/workspace/alan/AMR/install/turtlebot3_example:/home/nvidia/workspace/alan/AMR/install/opencv_tests:/home/nvidia/workspace/alan/AMR/install/nav2_gazebo_spawner /usr/local/bin/cmake --build /home/nvidia/workspace/alan/src/AMR_ros2_slam_nav2/build/image_geometry -- -j8 -l8
[0.303s] [ 22%] Built target gtest_main
[0.308s] [ 44%] Built target gtest
[0.325s] [ 77%] Built target image_geometry
[0.416s] [100%] Built target image_geometry-utest
[0.613s] Invoked command in '/home/nvidia/workspace/alan/src/AMR_ros2_slam_nav2/build/image_geometry' returned '0': CMAKE_PREFIX_PATH=${CMAKE_PREFIX_PATH}:/home/nvidia/workspace/alan/src/AMR_ros2_slam_nav2/install/turtlebot3_teleop:/home/nvidia/workspace/alan/src/AMR_ros2_slam_nav2/install/turtlebot3_example:/home/nvidia/workspace/alan/src/AMR_ros2_slam_nav2/install/opencv_tests:/home/nvidia/workspace/alan/src/AMR_ros2_slam_nav2/install/nav2_gazebo_spawner:/home/nvidia/workspace/alan/AMR/install/turtlebot3_teleop:/home/nvidia/workspace/alan/AMR/install/turtlebot3_example:/home/nvidia/workspace/alan/AMR/install/opencv_tests:/home/nvidia/workspace/alan/AMR/install/nav2_gazebo_spawner /usr/local/bin/cmake --build /home/nvidia/workspace/alan/src/AMR_ros2_slam_nav2/build/image_geometry -- -j8 -l8
[1.043s] Invoking command in '/home/nvidia/workspace/alan/src/AMR_ros2_slam_nav2/build/image_geometry': CMAKE_PREFIX_PATH=${CMAKE_PREFIX_PATH}:/home/nvidia/workspace/alan/src/AMR_ros2_slam_nav2/install/turtlebot3_teleop:/home/nvidia/workspace/alan/src/AMR_ros2_slam_nav2/install/turtlebot3_example:/home/nvidia/workspace/alan/src/AMR_ros2_slam_nav2/install/opencv_tests:/home/nvidia/workspace/alan/src/AMR_ros2_slam_nav2/install/nav2_gazebo_spawner:/home/nvidia/workspace/alan/AMR/install/turtlebot3_teleop:/home/nvidia/workspace/alan/AMR/install/turtlebot3_example:/home/nvidia/workspace/alan/AMR/install/opencv_tests:/home/nvidia/workspace/alan/AMR/install/nav2_gazebo_spawner /usr/local/bin/cmake --install /home/nvidia/workspace/alan/src/AMR_ros2_slam_nav2/build/image_geometry
[1.073s] -- Install configuration: ""
[1.073s] -- Up-to-date: /home/nvidia/workspace/alan/src/AMR_ros2_slam_nav2/install/image_geometry/share/image_geometry/environment/pythonpath.sh
[1.074s] -- Up-to-date: /home/nvidia/workspace/alan/src/AMR_ros2_slam_nav2/install/image_geometry/share/image_geometry/environment/pythonpath.dsv
[1.074s] -- Up-to-date: /home/nvidia/workspace/alan/src/AMR_ros2_slam_nav2/install/image_geometry/lib/python3.6/site-packages/image_geometry
[1.075s] -- Up-to-date: /home/nvidia/workspace/alan/src/AMR_ros2_slam_nav2/install/image_geometry/lib/python3.6/site-packages/image_geometry/__init__.py
[1.076s] -- Up-to-date: /home/nvidia/workspace/alan/src/AMR_ros2_slam_nav2/install/image_geometry/lib/python3.6/site-packages/image_geometry/cameramodels.py
[1.289s] Listing '/home/nvidia/workspace/alan/src/AMR_ros2_slam_nav2/install/image_geometry/lib/python3.6/site-packages/image_geometry'...
[1.303s] -- Up-to-date: /home/nvidia/workspace/alan/src/AMR_ros2_slam_nav2/install/image_geometry/include/image_geometry
[1.303s] -- Up-to-date: /home/nvidia/workspace/alan/src/AMR_ros2_slam_nav2/install/image_geometry/include/image_geometry/visibility_control.hpp
[1.304s] -- Up-to-date: /home/nvidia/workspace/alan/src/AMR_ros2_slam_nav2/install/image_geometry/include/image_geometry/pinhole_camera_model.h
[1.304s] -- Up-to-date: /home/nvidia/workspace/alan/src/AMR_ros2_slam_nav2/install/image_geometry/include/image_geometry/stereo_camera_model.h
[1.306s] -- Up-to-date: /home/nvidia/workspace/alan/src/AMR_ros2_slam_nav2/install/image_geometry/lib/libimage_geometry.so
[1.308s] -- Up-to-date: /home/nvidia/workspace/alan/src/AMR_ros2_slam_nav2/install/image_geometry/share/image_geometry/environment/library_path.sh
[1.310s] -- Up-to-date: /home/nvidia/workspace/alan/src/AMR_ros2_slam_nav2/install/image_geometry/share/image_geometry/environment/library_path.dsv
[1.312s] -- Up-to-date: /home/nvidia/workspace/alan/src/AMR_ros2_slam_nav2/install/image_geometry/share/ament_index/resource_index/package_run_dependencies/image_geometry
[1.314s] -- Up-to-date: /home/nvidia/workspace/alan/src/AMR_ros2_slam_nav2/install/image_geometry/share/ament_index/resource_index/parent_prefix_path/image_geometry
[1.315s] -- Up-to-date: /home/nvidia/workspace/alan/src/AMR_ros2_slam_nav2/install/image_geometry/share/image_geometry/environment/ament_prefix_path.sh
[1.319s] -- Up-to-date: /home/nvidia/workspace/alan/src/AMR_ros2_slam_nav2/install/image_geometry/share/image_geometry/environment/ament_prefix_path.dsv
[1.321s] -- Up-to-date: /home/nvidia/workspace/alan/src/AMR_ros2_slam_nav2/install/image_geometry/share/image_geometry/environment/path.sh
[1.324s] -- Up-to-date: /home/nvidia/workspace/alan/src/AMR_ros2_slam_nav2/install/image_geometry/share/image_geometry/environment/path.dsv
[1.325s] -- Up-to-date: /home/nvidia/workspace/alan/src/AMR_ros2_slam_nav2/install/image_geometry/share/image_geometry/local_setup.bash
[1.325s] -- Up-to-date: /home/nvidia/workspace/alan/src/AMR_ros2_slam_nav2/install/image_geometry/share/image_geometry/local_setup.sh
[1.325s] -- Up-to-date: /home/nvidia/workspace/alan/src/AMR_ros2_slam_nav2/install/image_geometry/share/image_geometry/local_setup.zsh
[1.326s] -- Up-to-date: /home/nvidia/workspace/alan/src/AMR_ros2_slam_nav2/install/image_geometry/share/image_geometry/local_setup.dsv
[1.326s] -- Installing: /home/nvidia/workspace/alan/src/AMR_ros2_slam_nav2/install/image_geometry/share/image_geometry/package.dsv
[1.331s] -- Up-to-date: /home/nvidia/workspace/alan/src/AMR_ros2_slam_nav2/install/image_geometry/share/ament_index/resource_index/packages/image_geometry
[1.333s] -- Up-to-date: /home/nvidia/workspace/alan/src/AMR_ros2_slam_nav2/install/image_geometry/share/image_geometry/cmake/ament_cmake_export_libraries-extras.cmake
[1.334s] -- Up-to-date: /home/nvidia/workspace/alan/src/AMR_ros2_slam_nav2/install/image_geometry/share/image_geometry/cmake/ament_cmake_export_dependencies-extras.cmake
[1.335s] -- Up-to-date: /home/nvidia/workspace/alan/src/AMR_ros2_slam_nav2/install/image_geometry/share/image_geometry/cmake/ament_cmake_export_include_directories-extras.cmake
[1.335s] -- Up-to-date: /home/nvidia/workspace/alan/src/AMR_ros2_slam_nav2/install/image_geometry/share/image_geometry/cmake/image_geometryConfig.cmake
[1.336s] -- Up-to-date: /home/nvidia/workspace/alan/src/AMR_ros2_slam_nav2/install/image_geometry/share/image_geometry/cmake/image_geometryConfig-version.cmake
[1.337s] -- Up-to-date: /home/nvidia/workspace/alan/src/AMR_ros2_slam_nav2/install/image_geometry/share/image_geometry/package.xml
[1.371s] Invoked command in '/home/nvidia/workspace/alan/src/AMR_ros2_slam_nav2/build/image_geometry' returned '0': CMAKE_PREFIX_PATH=${CMAKE_PREFIX_PATH}:/home/nvidia/workspace/alan/src/AMR_ros2_slam_nav2/install/turtlebot3_teleop:/home/nvidia/workspace/alan/src/AMR_ros2_slam_nav2/install/turtlebot3_example:/home/nvidia/workspace/alan/src/AMR_ros2_slam_nav2/install/opencv_tests:/home/nvidia/workspace/alan/src/AMR_ros2_slam_nav2/install/nav2_gazebo_spawner:/home/nvidia/workspace/alan/AMR/install/turtlebot3_teleop:/home/nvidia/workspace/alan/AMR/install/turtlebot3_example:/home/nvidia/workspace/alan/AMR/install/opencv_tests:/home/nvidia/workspace/alan/AMR/install/nav2_gazebo_spawner /usr/local/bin/cmake --install /home/nvidia/workspace/alan/src/AMR_ros2_slam_nav2/build/image_geometry
