[0.147s] Invoking command in '/home/nvidia/workspace/alan/src/AMR_ros2_slam_nav2/build/turtlebot3_description': CMAKE_PREFIX_PATH=${CMAKE_PREFIX_PATH}:/home/nvidia/workspace/alan/AMR/install/turtlebot3_teleop:/home/nvidia/workspace/alan/AMR/install/turtlebot3_example:/home/nvidia/workspace/alan/AMR/install/opencv_tests:/home/nvidia/workspace/alan/AMR/install/nav2_gazebo_spawner /usr/local/bin/cmake --build /home/nvidia/workspace/alan/src/AMR_ros2_slam_nav2/build/turtlebot3_description -- -j8 -l8
[0.340s] Invoked command in '/home/nvidia/workspace/alan/src/AMR_ros2_slam_nav2/build/turtlebot3_description' returned '0': CMAKE_PREFIX_PATH=${CMAKE_PREFIX_PATH}:/home/nvidia/workspace/alan/AMR/install/turtlebot3_teleop:/home/nvidia/workspace/alan/AMR/install/turtlebot3_example:/home/nvidia/workspace/alan/AMR/install/opencv_tests:/home/nvidia/workspace/alan/AMR/install/nav2_gazebo_spawner /usr/local/bin/cmake --build /home/nvidia/workspace/alan/src/AMR_ros2_slam_nav2/build/turtlebot3_description -- -j8 -l8
[0.579s] Invoking command in '/home/nvidia/workspace/alan/src/AMR_ros2_slam_nav2/build/turtlebot3_description': CMAKE_PREFIX_PATH=${CMAKE_PREFIX_PATH}:/home/nvidia/workspace/alan/AMR/install/turtlebot3_teleop:/home/nvidia/workspace/alan/AMR/install/turtlebot3_example:/home/nvidia/workspace/alan/AMR/install/opencv_tests:/home/nvidia/workspace/alan/AMR/install/nav2_gazebo_spawner /usr/local/bin/cmake --install /home/nvidia/workspace/alan/src/AMR_ros2_slam_nav2/build/turtlebot3_description
[0.678s] -- Install configuration: ""
[0.685s] -- Up-to-date: /home/nvidia/workspace/alan/src/AMR_ros2_slam_nav2/install/turtlebot3_description/share/turtlebot3_description/meshes
[0.689s] -- Up-to-date: /home/nvidia/workspace/alan/src/AMR_ros2_slam_nav2/install/turtlebot3_description/share/turtlebot3_description/meshes/bases
[0.690s] -- Up-to-date: /home/nvidia/workspace/alan/src/AMR_ros2_slam_nav2/install/turtlebot3_description/share/turtlebot3_description/meshes/bases/waffle_pi_base.stl
[0.692s] -- Up-to-date: /home/nvidia/workspace/alan/src/AMR_ros2_slam_nav2/install/turtlebot3_description/share/turtlebot3_description/meshes/bases/waffle_base.stl
[0.693s] -- Up-to-date: /home/nvidia/workspace/alan/src/AMR_ros2_slam_nav2/install/turtlebot3_description/share/turtlebot3_description/meshes/bases/burger_base.stl
[0.694s] -- Up-to-date: /home/nvidia/workspace/alan/src/AMR_ros2_slam_nav2/install/turtlebot3_description/share/turtlebot3_description/meshes/sensors
[0.696s] -- Up-to-date: /home/nvidia/workspace/alan/src/AMR_ros2_slam_nav2/install/turtlebot3_description/share/turtlebot3_description/meshes/sensors/lds.stl
[0.697s] -- Up-to-date: /home/nvidia/workspace/alan/src/AMR_ros2_slam_nav2/install/turtlebot3_description/share/turtlebot3_description/meshes/sensors/astra.jpg
[0.699s] -- Up-to-date: /home/nvidia/workspace/alan/src/AMR_ros2_slam_nav2/install/turtlebot3_description/share/turtlebot3_description/meshes/sensors/astra.dae
[0.703s] -- Up-to-date: /home/nvidia/workspace/alan/src/AMR_ros2_slam_nav2/install/turtlebot3_description/share/turtlebot3_description/meshes/sensors/r200.dae
[0.705s] -- Up-to-date: /home/nvidia/workspace/alan/src/AMR_ros2_slam_nav2/install/turtlebot3_description/share/turtlebot3_description/meshes/sensors/r200.jpg
[0.707s] -- Up-to-date: /home/nvidia/workspace/alan/src/AMR_ros2_slam_nav2/install/turtlebot3_description/share/turtlebot3_description/meshes/wheels
[0.710s] -- Up-to-date: /home/nvidia/workspace/alan/src/AMR_ros2_slam_nav2/install/turtlebot3_description/share/turtlebot3_description/meshes/wheels/left_tire.stl
[0.713s] -- Up-to-date: /home/nvidia/workspace/alan/src/AMR_ros2_slam_nav2/install/turtlebot3_description/share/turtlebot3_description/meshes/wheels/right_tire.stl
[0.716s] -- Up-to-date: /home/nvidia/workspace/alan/src/AMR_ros2_slam_nav2/install/turtlebot3_description/share/turtlebot3_description/rviz
[0.716s] -- Up-to-date: /home/nvidia/workspace/alan/src/AMR_ros2_slam_nav2/install/turtlebot3_description/share/turtlebot3_description/rviz/model.rviz
[0.717s] -- Up-to-date: /home/nvidia/workspace/alan/src/AMR_ros2_slam_nav2/install/turtlebot3_description/share/turtlebot3_description/urdf
[0.719s] -- Up-to-date: /home/nvidia/workspace/alan/src/AMR_ros2_slam_nav2/install/turtlebot3_description/share/turtlebot3_description/urdf/turtlebot3_burger.urdf
[0.732s] -- Up-to-date: /home/nvidia/workspace/alan/src/AMR_ros2_slam_nav2/install/turtlebot3_description/share/turtlebot3_description/urdf/turtlebot3_waffle.urdf
[0.733s] -- Up-to-date: /home/nvidia/workspace/alan/src/AMR_ros2_slam_nav2/install/turtlebot3_description/share/turtlebot3_description/urdf/turtlebot3_waffle_pi.urdf
[0.734s] -- Up-to-date: /home/nvidia/workspace/alan/src/AMR_ros2_slam_nav2/install/turtlebot3_description/share/turtlebot3_description/urdf/common_properties.urdf
[0.734s] -- Up-to-date: /home/nvidia/workspace/alan/src/AMR_ros2_slam_nav2/install/turtlebot3_description/share/ament_index/resource_index/package_run_dependencies/turtlebot3_description
[0.735s] -- Up-to-date: /home/nvidia/workspace/alan/src/AMR_ros2_slam_nav2/install/turtlebot3_description/share/ament_index/resource_index/parent_prefix_path/turtlebot3_description
[0.735s] -- Up-to-date: /home/nvidia/workspace/alan/src/AMR_ros2_slam_nav2/install/turtlebot3_description/share/turtlebot3_description/environment/ament_prefix_path.sh
[0.736s] -- Up-to-date: /home/nvidia/workspace/alan/src/AMR_ros2_slam_nav2/install/turtlebot3_description/share/turtlebot3_description/environment/ament_prefix_path.dsv
[0.737s] -- Up-to-date: /home/nvidia/workspace/alan/src/AMR_ros2_slam_nav2/install/turtlebot3_description/share/turtlebot3_description/environment/path.sh
[0.737s] -- Up-to-date: /home/nvidia/workspace/alan/src/AMR_ros2_slam_nav2/install/turtlebot3_description/share/turtlebot3_description/environment/path.dsv
[0.738s] -- Up-to-date: /home/nvidia/workspace/alan/src/AMR_ros2_slam_nav2/install/turtlebot3_description/share/turtlebot3_description/local_setup.bash
[0.738s] -- Up-to-date: /home/nvidia/workspace/alan/src/AMR_ros2_slam_nav2/install/turtlebot3_description/share/turtlebot3_description/local_setup.sh
[0.738s] -- Up-to-date: /home/nvidia/workspace/alan/src/AMR_ros2_slam_nav2/install/turtlebot3_description/share/turtlebot3_description/local_setup.zsh
[0.739s] -- Up-to-date: /home/nvidia/workspace/alan/src/AMR_ros2_slam_nav2/install/turtlebot3_description/share/turtlebot3_description/local_setup.dsv
[0.739s] -- Up-to-date: /home/nvidia/workspace/alan/src/AMR_ros2_slam_nav2/install/turtlebot3_description/share/turtlebot3_description/package.dsv
[0.748s] -- Up-to-date: /home/nvidia/workspace/alan/src/AMR_ros2_slam_nav2/install/turtlebot3_description/share/ament_index/resource_index/packages/turtlebot3_description
[0.749s] -- Up-to-date: /home/nvidia/workspace/alan/src/AMR_ros2_slam_nav2/install/turtlebot3_description/share/turtlebot3_description/cmake/turtlebot3_descriptionConfig.cmake
[0.749s] -- Up-to-date: /home/nvidia/workspace/alan/src/AMR_ros2_slam_nav2/install/turtlebot3_description/share/turtlebot3_description/cmake/turtlebot3_descriptionConfig-version.cmake
[0.757s] -- Up-to-date: /home/nvidia/workspace/alan/src/AMR_ros2_slam_nav2/install/turtlebot3_description/share/turtlebot3_description/package.xml
[0.816s] Invoked command in '/home/nvidia/workspace/alan/src/AMR_ros2_slam_nav2/build/turtlebot3_description' returned '0': CMAKE_PREFIX_PATH=${CMAKE_PREFIX_PATH}:/home/nvidia/workspace/alan/AMR/install/turtlebot3_teleop:/home/nvidia/workspace/alan/AMR/install/turtlebot3_example:/home/nvidia/workspace/alan/AMR/install/opencv_tests:/home/nvidia/workspace/alan/AMR/install/nav2_gazebo_spawner /usr/local/bin/cmake --install /home/nvidia/workspace/alan/src/AMR_ros2_slam_nav2/build/turtlebot3_description
