Performing C SOURCE FILE Test CMAKE_HAVE_LIBC_PTHREAD failed with the following output:
Change Dir: /home/nvidia/workspace/alan/src/AMR_ros2_slam_nav2/build/slam_toolbox/CMakeFiles/CMakeTmp

Run Build Command(s):/usr/bin/make cmTC_29f42/fast && /usr/bin/make -f CMakeFiles/cmTC_29f42.dir/build.make CMakeFiles/cmTC_29f42.dir/build
make[1]: Entering directory '/home/nvidia/workspace/alan/src/AMR_ros2_slam_nav2/build/slam_toolbox/CMakeFiles/CMakeTmp'
Building C object CMakeFiles/cmTC_29f42.dir/src.c.o
/usr/bin/cc   -DCMAKE_HAVE_LIBC_PTHREAD   -o CMakeFiles/cmTC_29f42.dir/src.c.o   -c /home/nvidia/workspace/alan/src/AMR_ros2_slam_nav2/build/slam_toolbox/CMakeFiles/CMakeTmp/src.c
Linking C executable cmTC_29f42
/usr/local/bin/cmake -E cmake_link_script CMakeFiles/cmTC_29f42.dir/link.txt --verbose=1
/usr/bin/cc  -DCMAKE_HAVE_LIBC_PTHREAD    CMakeFiles/cmTC_29f42.dir/src.c.o  -o cmTC_29f42 
CMakeFiles/cmTC_29f42.dir/src.c.o: In function `main':
src.c:(.text+0x48): undefined reference to `pthread_create'
src.c:(.text+0x50): undefined reference to `pthread_detach'
src.c:(.text+0x5c): undefined reference to `pthread_join'
src.c:(.text+0x6c): undefined reference to `pthread_atfork'
collect2: error: ld returned 1 exit status
CMakeFiles/cmTC_29f42.dir/build.make:86: recipe for target 'cmTC_29f42' failed
make[1]: *** [cmTC_29f42] Error 1
make[1]: Leaving directory '/home/nvidia/workspace/alan/src/AMR_ros2_slam_nav2/build/slam_toolbox/CMakeFiles/CMakeTmp'
Makefile:121: recipe for target 'cmTC_29f42/fast' failed
make: *** [cmTC_29f42/fast] Error 2


Source file was:
#include <pthread.h>

void* test_func(void* data)
{
  return data;
}

int main(void)
{
  pthread_t thread;
  pthread_create(&thread, NULL, test_func, NULL);
  pthread_detach(thread);
  pthread_join(thread, NULL);
  pthread_atfork(NULL, NULL, NULL);
  pthread_exit(NULL);

  return 0;
}

Determining if the function pthread_create exists in the pthreads failed with the following output:
Change Dir: /home/nvidia/workspace/alan/src/AMR_ros2_slam_nav2/build/slam_toolbox/CMakeFiles/CMakeTmp

Run Build Command(s):/usr/bin/make cmTC_2ad5a/fast && /usr/bin/make -f CMakeFiles/cmTC_2ad5a.dir/build.make CMakeFiles/cmTC_2ad5a.dir/build
make[1]: Entering directory '/home/nvidia/workspace/alan/src/AMR_ros2_slam_nav2/build/slam_toolbox/CMakeFiles/CMakeTmp'
Building C object CMakeFiles/cmTC_2ad5a.dir/CheckFunctionExists.c.o
/usr/bin/cc   -DCHECK_FUNCTION_EXISTS=pthread_create   -o CMakeFiles/cmTC_2ad5a.dir/CheckFunctionExists.c.o   -c /usr/local/share/cmake-3.16/Modules/CheckFunctionExists.c
Linking C executable cmTC_2ad5a
/usr/local/bin/cmake -E cmake_link_script CMakeFiles/cmTC_2ad5a.dir/link.txt --verbose=1
/usr/bin/cc  -DCHECK_FUNCTION_EXISTS=pthread_create    CMakeFiles/cmTC_2ad5a.dir/CheckFunctionExists.c.o  -o cmTC_2ad5a  -lpthreads 
/usr/bin/ld: cannot find -lpthreads
collect2: error: ld returned 1 exit status
CMakeFiles/cmTC_2ad5a.dir/build.make:86: recipe for target 'cmTC_2ad5a' failed
make[1]: *** [cmTC_2ad5a] Error 1
make[1]: Leaving directory '/home/nvidia/workspace/alan/src/AMR_ros2_slam_nav2/build/slam_toolbox/CMakeFiles/CMakeTmp'
Makefile:121: recipe for target 'cmTC_2ad5a/fast' failed
make: *** [cmTC_2ad5a/fast] Error 2



Determining if the function sgemm_ exists failed with the following output:
Change Dir: /home/nvidia/workspace/alan/src/AMR_ros2_slam_nav2/build/slam_toolbox/CMakeFiles/CMakeTmp

Run Build Command(s):/usr/bin/make cmTC_0ef05/fast && /usr/bin/make -f CMakeFiles/cmTC_0ef05.dir/build.make CMakeFiles/cmTC_0ef05.dir/build
make[1]: Entering directory '/home/nvidia/workspace/alan/src/AMR_ros2_slam_nav2/build/slam_toolbox/CMakeFiles/CMakeTmp'
Building C object CMakeFiles/cmTC_0ef05.dir/CheckFunctionExists.c.o
/usr/bin/cc   -DCHECK_FUNCTION_EXISTS=sgemm_   -o CMakeFiles/cmTC_0ef05.dir/CheckFunctionExists.c.o   -c /usr/local/share/cmake-3.16/Modules/CheckFunctionExists.c
Linking C executable cmTC_0ef05
/usr/local/bin/cmake -E cmake_link_script CMakeFiles/cmTC_0ef05.dir/link.txt --verbose=1
/usr/bin/cc  -DCHECK_FUNCTION_EXISTS=sgemm_    CMakeFiles/cmTC_0ef05.dir/CheckFunctionExists.c.o  -o cmTC_0ef05 
CMakeFiles/cmTC_0ef05.dir/CheckFunctionExists.c.o: In function `main':
CheckFunctionExists.c:(.text+0x10): undefined reference to `sgemm_'
collect2: error: ld returned 1 exit status
CMakeFiles/cmTC_0ef05.dir/build.make:86: recipe for target 'cmTC_0ef05' failed
make[1]: *** [cmTC_0ef05] Error 1
make[1]: Leaving directory '/home/nvidia/workspace/alan/src/AMR_ros2_slam_nav2/build/slam_toolbox/CMakeFiles/CMakeTmp'
Makefile:121: recipe for target 'cmTC_0ef05/fast' failed
make: *** [cmTC_0ef05/fast] Error 2



Determining if the function cheev_ exists failed with the following output:
Change Dir: /home/nvidia/workspace/alan/src/AMR_ros2_slam_nav2/build/slam_toolbox/CMakeFiles/CMakeTmp

Run Build Command(s):/usr/bin/make cmTC_11d3f/fast && /usr/bin/make -f CMakeFiles/cmTC_11d3f.dir/build.make CMakeFiles/cmTC_11d3f.dir/build
make[1]: Entering directory '/home/nvidia/workspace/alan/src/AMR_ros2_slam_nav2/build/slam_toolbox/CMakeFiles/CMakeTmp'
Building C object CMakeFiles/cmTC_11d3f.dir/CheckFunctionExists.c.o
/usr/bin/cc   -DCHECK_FUNCTION_EXISTS=cheev_   -o CMakeFiles/cmTC_11d3f.dir/CheckFunctionExists.c.o   -c /usr/local/share/cmake-3.16/Modules/CheckFunctionExists.c
Linking C executable cmTC_11d3f
/usr/local/bin/cmake -E cmake_link_script CMakeFiles/cmTC_11d3f.dir/link.txt --verbose=1
/usr/bin/cc  -DCHECK_FUNCTION_EXISTS=cheev_    CMakeFiles/cmTC_11d3f.dir/CheckFunctionExists.c.o  -o cmTC_11d3f  /usr/lib/aarch64-linux-gnu/libblas.so 
CMakeFiles/cmTC_11d3f.dir/CheckFunctionExists.c.o: In function `main':
CheckFunctionExists.c:(.text+0x10): undefined reference to `cheev_'
collect2: error: ld returned 1 exit status
CMakeFiles/cmTC_11d3f.dir/build.make:87: recipe for target 'cmTC_11d3f' failed
make[1]: *** [cmTC_11d3f] Error 1
make[1]: Leaving directory '/home/nvidia/workspace/alan/src/AMR_ros2_slam_nav2/build/slam_toolbox/CMakeFiles/CMakeTmp'
Makefile:121: recipe for target 'cmTC_11d3f/fast' failed
make: *** [cmTC_11d3f/fast] Error 2



