[0.224s] Invoking command in '/home/nvidia/workspace/alan/src/AMR_ros2_slam_nav2/build/image_transport': /usr/local/bin/cmake /home/nvidia/workspace/alan/src/AMR_ros2_slam_nav2/image_common/image_transport -DCMAKE_INSTALL_PREFIX=/home/nvidia/workspace/alan/src/AMR_ros2_slam_nav2/install/image_transport
[0.603s] -- The C compiler identification is GNU 7.5.0
[0.992s] -- The CXX compiler identification is GNU 7.5.0
[1.061s] -- Check for working C compiler: /usr/bin/cc
[1.283s] -- Check for working C compiler: /usr/bin/cc -- works
[1.302s] -- Detecting C compiler ABI info
[1.558s] -- Detecting C compiler ABI info - done
[1.779s] -- Detecting C compile features
[1.785s] -- Detecting C compile features - done
[1.824s] -- Check for working CXX compiler: /usr/bin/c++
[2.097s] -- Check for working CXX compiler: /usr/bin/c++ -- works
[2.114s] -- Detecting CXX compiler ABI info
[2.398s] -- Detecting CXX compiler ABI info - done
[2.644s] -- Detecting CXX compile features
[2.652s] -- Detecting CXX compile features - done
[2.666s] -- Found ament_cmake_ros: 0.9.2 (/home/workspace/ros2/install/share/ament_cmake_ros/cmake)
[2.833s] -- Found PythonInterp: /usr/bin/python3 (found suitable version "3.6.9", minimum required is "3") 
[2.833s] -- Using PYTHON_EXECUTABLE: /usr/bin/python3
[3.806s] -- Found message_filters: 3.2.5 (/home/workspace/ros2/install/share/message_filters/cmake)
[3.845s] -- Found pluginlib: 2.5.3 (/home/workspace/ros2/install/share/pluginlib/cmake)
[4.229s] -- Found rclcpp: 2.4.0 (/home/workspace/ros2/install/share/rclcpp/cmake)
[4.615s] -- Using all available rosidl_typesupport_c: rosidl_typesupport_fastrtps_c;rosidl_typesupport_introspection_c
[4.696s] -- Found rosidl_adapter: 1.2.1 (/home/workspace/ros2/install/share/rosidl_adapter/cmake)
[5.103s] -- Found OpenSSL: /usr/lib/aarch64-linux-gnu/libcrypto.so (found version "1.1.1")  
[5.306s] -- Found FastRTPS: /home/workspace/ros2/install/include  
[6.092s] -- Using all available rosidl_typesupport_cpp: rosidl_typesupport_fastrtps_cpp;rosidl_typesupport_introspection_cpp
[6.907s] -- Found rmw_implementation_cmake: 1.0.3 (/home/workspace/ros2/install/share/rmw_implementation_cmake/cmake)
[6.928s] -- Using RMW implementation 'rmw_fastrtps_cpp' as default
[6.936s] -- Looking for pthread.h
[7.151s] -- Looking for pthread.h - found
[7.153s] -- Performing Test CMAKE_HAVE_LIBC_PTHREAD
[7.384s] -- Performing Test CMAKE_HAVE_LIBC_PTHREAD - Failed
[7.388s] -- Looking for pthread_create in pthreads
[7.597s] -- Looking for pthread_create in pthreads - not found
[7.600s] -- Looking for pthread_create in pthread
[7.812s] -- Looking for pthread_create in pthread - found
[7.827s] -- Found Threads: TRUE  
[10.170s] -- Found sensor_msgs: 2.0.4 (/home/workspace/ros2/install/share/sensor_msgs/cmake)
[11.878s] -- Found gtest sources under '/home/workspace/ros2/install/src/gtest_vendor': C++ tests using 'Google Test' will be built
[11.899s] -- Check if compiler accepts -pthread
[12.119s] -- Check if compiler accepts -pthread - yes
[12.821s] -- Configuring done
[13.497s] -- Generating done
[13.521s] -- Build files have been written to: /home/nvidia/workspace/alan/src/AMR_ros2_slam_nav2/build/image_transport
[13.573s] Invoked command in '/home/nvidia/workspace/alan/src/AMR_ros2_slam_nav2/build/image_transport' returned '0': /usr/local/bin/cmake /home/nvidia/workspace/alan/src/AMR_ros2_slam_nav2/image_common/image_transport -DCMAKE_INSTALL_PREFIX=/home/nvidia/workspace/alan/src/AMR_ros2_slam_nav2/install/image_transport
[13.577s] Invoking command in '/home/nvidia/workspace/alan/src/AMR_ros2_slam_nav2/build/image_transport': /usr/local/bin/cmake --build /home/nvidia/workspace/alan/src/AMR_ros2_slam_nav2/build/image_transport -- -j8 -l8
[13.857s] [35m[1mScanning dependencies of target gtest_main[0m
[13.866s] [35m[1mScanning dependencies of target gtest[0m
[13.880s] [35m[1mScanning dependencies of target image_transport[0m
[14.026s] [  3%] [32mBuilding CXX object gtest/CMakeFiles/gtest_main.dir/src/gtest_main.cc.o[0m
[14.101s] [  6%] [32mBuilding CXX object gtest/CMakeFiles/gtest.dir/src/gtest-all.cc.o[0m
[14.514s] [ 10%] [32mBuilding CXX object CMakeFiles/image_transport.dir/src/camera_common.cpp.o[0m
[14.603s] [ 13%] [32mBuilding CXX object CMakeFiles/image_transport.dir/src/camera_publisher.cpp.o[0m
[14.607s] [ 16%] [32mBuilding CXX object CMakeFiles/image_transport.dir/src/publisher.cpp.o[0m
[14.618s] [ 20%] [32mBuilding CXX object CMakeFiles/image_transport.dir/src/single_subscriber_publisher.cpp.o[0m
[14.624s] [ 26%] [32mBuilding CXX object CMakeFiles/image_transport.dir/src/camera_subscriber.cpp.o[0m
[14.625s] [ 23%] [32mBuilding CXX object CMakeFiles/image_transport.dir/src/subscriber.cpp.o[0m
[15.684s] [ 30%] [32mBuilding CXX object CMakeFiles/image_transport.dir/src/image_transport.cpp.o[0m
[19.159s] [ 33%] [32m[1mLinking CXX static library libgtest_main.a[0m
[19.423s] [ 33%] Built target gtest_main
[36.908s] [ 36%] [32m[1mLinking CXX static library libgtest.a[0m
[37.430s] [ 36%] Built target gtest
[53.855s] [ 40%] [32m[1mLinking CXX shared library libimage_transport.so[0m
[55.965s] [ 40%] Built target image_transport
[55.986s] [35m[1mScanning dependencies of target republish[0m
[56.231s] [ 43%] [32mBuilding CXX object CMakeFiles/republish.dir/src/republish.cpp.o[0m
[72.195s] [ 46%] [32m[1mLinking CXX executable republish[0m
[73.398s] [ 46%] Built target republish
[73.417s] [35m[1mScanning dependencies of target image_transport-message_passing[0m
[73.659s] [ 50%] [32mBuilding CXX object CMakeFiles/image_transport-message_passing.dir/test/test_message_passing.cpp.o[0m
[81.710s] [ 53%] [32m[1mLinking CXX executable image_transport-message_passing[0m
[83.001s] [ 53%] Built target image_transport-message_passing
[83.020s] [35m[1mScanning dependencies of target image_transport-single_subscriber_publisher[0m
[83.259s] [ 56%] [32mBuilding CXX object CMakeFiles/image_transport-single_subscriber_publisher.dir/test/test_single_subscriber_publisher.cpp.o[0m
[90.536s] [ 60%] [32m[1mLinking CXX executable image_transport-single_subscriber_publisher[0m
[91.757s] [ 60%] Built target image_transport-single_subscriber_publisher
[91.777s] [35m[1mScanning dependencies of target image_transport-subscriber[0m
[92.024s] [ 63%] [32mBuilding CXX object CMakeFiles/image_transport-subscriber.dir/test/test_subscriber.cpp.o[0m
[99.409s] [ 66%] [32m[1mLinking CXX executable image_transport-subscriber[0m
[100.662s] [ 66%] Built target image_transport-subscriber
[100.679s] [35m[1mScanning dependencies of target image_transport-publisher[0m
[100.920s] [ 70%] [32mBuilding CXX object CMakeFiles/image_transport-publisher.dir/test/test_publisher.cpp.o[0m
[108.503s] [ 73%] [32m[1mLinking CXX executable image_transport-publisher[0m
[109.705s] [ 73%] Built target image_transport-publisher
[109.725s] [35m[1mScanning dependencies of target image_transport-remapping[0m
[109.973s] [ 76%] [32mBuilding CXX object CMakeFiles/image_transport-remapping.dir/test/test_remapping.cpp.o[0m
[118.072s] [ 80%] [32m[1mLinking CXX executable image_transport-remapping[0m
[119.281s] [ 80%] Built target image_transport-remapping
[119.305s] [35m[1mScanning dependencies of target image_transport-camera_common[0m
[119.382s] [ 83%] [32mBuilding CXX object CMakeFiles/image_transport-camera_common.dir/test/test_camera_common.cpp.o[0m
[121.799s] [ 86%] [32m[1mLinking CXX executable image_transport-camera_common[0m
[122.644s] [ 86%] Built target image_transport-camera_common
[122.661s] [35m[1mScanning dependencies of target image_transport_plugins[0m
[122.823s] [ 90%] [32mBuilding CXX object CMakeFiles/image_transport_plugins.dir/src/manifest.cpp.o[0m
[138.570s] [ 93%] [32m[1mLinking CXX shared library libimage_transport_plugins.so[0m
[139.780s] [ 93%] Built target image_transport_plugins
[139.799s] [35m[1mScanning dependencies of target list_transports[0m
[139.985s] [ 96%] [32mBuilding CXX object CMakeFiles/list_transports.dir/src/list_transports.cpp.o[0m
[154.213s] [100%] [32m[1mLinking CXX executable list_transports[0m
[155.016s] [100%] Built target list_transports
[155.040s] Invoked command in '/home/nvidia/workspace/alan/src/AMR_ros2_slam_nav2/build/image_transport' returned '0': /usr/local/bin/cmake --build /home/nvidia/workspace/alan/src/AMR_ros2_slam_nav2/build/image_transport -- -j8 -l8
[155.273s] Invoking command in '/home/nvidia/workspace/alan/src/AMR_ros2_slam_nav2/build/image_transport': /usr/local/bin/cmake --install /home/nvidia/workspace/alan/src/AMR_ros2_slam_nav2/build/image_transport
[155.305s] -- Install configuration: ""
[155.305s] -- Installing: /home/nvidia/workspace/alan/src/AMR_ros2_slam_nav2/install/image_transport/share/image_transport/default_plugins.xml
[155.306s] -- Installing: /home/nvidia/workspace/alan/src/AMR_ros2_slam_nav2/install/image_transport/lib/libimage_transport.so
[155.334s] -- Set runtime path of "/home/nvidia/workspace/alan/src/AMR_ros2_slam_nav2/install/image_transport/lib/libimage_transport.so" to ""
[155.335s] -- Installing: /home/nvidia/workspace/alan/src/AMR_ros2_slam_nav2/install/image_transport/lib/libimage_transport_plugins.so
[155.350s] -- Set runtime path of "/home/nvidia/workspace/alan/src/AMR_ros2_slam_nav2/install/image_transport/lib/libimage_transport_plugins.so" to ""
[155.352s] -- Installing: /home/nvidia/workspace/alan/src/AMR_ros2_slam_nav2/install/image_transport/lib/image_transport/list_transports
[155.359s] -- Set runtime path of "/home/nvidia/workspace/alan/src/AMR_ros2_slam_nav2/install/image_transport/lib/image_transport/list_transports" to ""
[155.360s] -- Installing: /home/nvidia/workspace/alan/src/AMR_ros2_slam_nav2/install/image_transport/lib/image_transport/republish
[155.369s] -- Set runtime path of "/home/nvidia/workspace/alan/src/AMR_ros2_slam_nav2/install/image_transport/lib/image_transport/republish" to ""
[155.369s] -- Installing: /home/nvidia/workspace/alan/src/AMR_ros2_slam_nav2/install/image_transport/include
[155.370s] -- Installing: /home/nvidia/workspace/alan/src/AMR_ros2_slam_nav2/install/image_transport/include/image_transport
[155.371s] -- Installing: /home/nvidia/workspace/alan/src/AMR_ros2_slam_nav2/install/image_transport/include/image_transport/visibility_control.hpp
[155.371s] -- Installing: /home/nvidia/workspace/alan/src/AMR_ros2_slam_nav2/install/image_transport/include/image_transport/camera_publisher.hpp
[155.374s] -- Installing: /home/nvidia/workspace/alan/src/AMR_ros2_slam_nav2/install/image_transport/include/image_transport/raw_subscriber.h
[155.375s] -- Installing: /home/nvidia/workspace/alan/src/AMR_ros2_slam_nav2/install/image_transport/include/image_transport/simple_publisher_plugin.hpp
[155.376s] -- Installing: /home/nvidia/workspace/alan/src/AMR_ros2_slam_nav2/install/image_transport/include/image_transport/transport_hints.h
[155.377s] -- Installing: /home/nvidia/workspace/alan/src/AMR_ros2_slam_nav2/install/image_transport/include/image_transport/subscriber_filter.hpp
[155.377s] -- Installing: /home/nvidia/workspace/alan/src/AMR_ros2_slam_nav2/install/image_transport/include/image_transport/loader_fwds.h
[155.378s] -- Installing: /home/nvidia/workspace/alan/src/AMR_ros2_slam_nav2/install/image_transport/include/image_transport/publisher.hpp
[155.378s] -- Installing: /home/nvidia/workspace/alan/src/AMR_ros2_slam_nav2/install/image_transport/include/image_transport/simple_publisher_plugin.h
[155.379s] -- Installing: /home/nvidia/workspace/alan/src/AMR_ros2_slam_nav2/install/image_transport/include/image_transport/transport_hints.hpp
[155.379s] -- Installing: /home/nvidia/workspace/alan/src/AMR_ros2_slam_nav2/install/image_transport/include/image_transport/subscriber_plugin.hpp
[155.380s] -- Installing: /home/nvidia/workspace/alan/src/AMR_ros2_slam_nav2/install/image_transport/include/image_transport/image_transport.hpp
[155.380s] -- Installing: /home/nvidia/workspace/alan/src/AMR_ros2_slam_nav2/install/image_transport/include/image_transport/camera_common.h
[155.381s] -- Installing: /home/nvidia/workspace/alan/src/AMR_ros2_slam_nav2/install/image_transport/include/image_transport/raw_subscriber.hpp
[155.381s] -- Installing: /home/nvidia/workspace/alan/src/AMR_ros2_slam_nav2/install/image_transport/include/image_transport/publisher_plugin.h
[155.381s] -- Installing: /home/nvidia/workspace/alan/src/AMR_ros2_slam_nav2/install/image_transport/include/image_transport/exception.h
[155.382s] -- Installing: /home/nvidia/workspace/alan/src/AMR_ros2_slam_nav2/install/image_transport/include/image_transport/raw_publisher.h
[155.382s] -- Installing: /home/nvidia/workspace/alan/src/AMR_ros2_slam_nav2/install/image_transport/include/image_transport/simple_subscriber_plugin.h
[155.383s] -- Installing: /home/nvidia/workspace/alan/src/AMR_ros2_slam_nav2/install/image_transport/include/image_transport/image_transport.h
[155.384s] -- Installing: /home/nvidia/workspace/alan/src/AMR_ros2_slam_nav2/install/image_transport/include/image_transport/subscriber_plugin.h
[155.384s] -- Installing: /home/nvidia/workspace/alan/src/AMR_ros2_slam_nav2/install/image_transport/include/image_transport/single_subscriber_publisher.hpp
[155.385s] -- Installing: /home/nvidia/workspace/alan/src/AMR_ros2_slam_nav2/install/image_transport/include/image_transport/single_subscriber_publisher.h
[155.387s] -- Installing: /home/nvidia/workspace/alan/src/AMR_ros2_slam_nav2/install/image_transport/include/image_transport/camera_common.hpp
[155.389s] -- Installing: /home/nvidia/workspace/alan/src/AMR_ros2_slam_nav2/install/image_transport/include/image_transport/publisher.h
[155.389s] -- Installing: /home/nvidia/workspace/alan/src/AMR_ros2_slam_nav2/install/image_transport/include/image_transport/camera_publisher.h
[155.391s] -- Installing: /home/nvidia/workspace/alan/src/AMR_ros2_slam_nav2/install/image_transport/include/image_transport/subscriber.h
[155.393s] -- Installing: /home/nvidia/workspace/alan/src/AMR_ros2_slam_nav2/install/image_transport/include/image_transport/camera_subscriber.hpp
[155.394s] -- Installing: /home/nvidia/workspace/alan/src/AMR_ros2_slam_nav2/install/image_transport/include/image_transport/subscriber_filter.h
[155.395s] -- Installing: /home/nvidia/workspace/alan/src/AMR_ros2_slam_nav2/install/image_transport/include/image_transport/simple_subscriber_plugin.hpp
[155.397s] -- Installing: /home/nvidia/workspace/alan/src/AMR_ros2_slam_nav2/install/image_transport/include/image_transport/publisher_plugin.hpp
[155.418s] -- Installing: /home/nvidia/workspace/alan/src/AMR_ros2_slam_nav2/install/image_transport/include/image_transport/raw_publisher.hpp
[155.419s] -- Installing: /home/nvidia/workspace/alan/src/AMR_ros2_slam_nav2/install/image_transport/include/image_transport/camera_subscriber.h
[155.419s] -- Installing: /home/nvidia/workspace/alan/src/AMR_ros2_slam_nav2/install/image_transport/include/image_transport/loader_fwds.hpp
[155.420s] -- Installing: /home/nvidia/workspace/alan/src/AMR_ros2_slam_nav2/install/image_transport/include/image_transport/subscriber.hpp
[155.420s] -- Installing: /home/nvidia/workspace/alan/src/AMR_ros2_slam_nav2/install/image_transport/include/image_transport/exception.hpp
[155.420s] -- Installing: /home/nvidia/workspace/alan/src/AMR_ros2_slam_nav2/install/image_transport/share/image_transport/environment/library_path.sh
[155.421s] -- Installing: /home/nvidia/workspace/alan/src/AMR_ros2_slam_nav2/install/image_transport/share/image_transport/environment/library_path.dsv
[155.421s] -- Installing: /home/nvidia/workspace/alan/src/AMR_ros2_slam_nav2/install/image_transport/share/ament_index/resource_index/package_run_dependencies/image_transport
[155.421s] -- Installing: /home/nvidia/workspace/alan/src/AMR_ros2_slam_nav2/install/image_transport/share/ament_index/resource_index/parent_prefix_path/image_transport
[155.421s] -- Installing: /home/nvidia/workspace/alan/src/AMR_ros2_slam_nav2/install/image_transport/share/image_transport/environment/ament_prefix_path.sh
[155.422s] -- Installing: /home/nvidia/workspace/alan/src/AMR_ros2_slam_nav2/install/image_transport/share/image_transport/environment/ament_prefix_path.dsv
[155.422s] -- Installing: /home/nvidia/workspace/alan/src/AMR_ros2_slam_nav2/install/image_transport/share/image_transport/environment/path.sh
[155.422s] -- Installing: /home/nvidia/workspace/alan/src/AMR_ros2_slam_nav2/install/image_transport/share/image_transport/environment/path.dsv
[155.423s] -- Installing: /home/nvidia/workspace/alan/src/AMR_ros2_slam_nav2/install/image_transport/share/image_transport/local_setup.bash
[155.423s] -- Installing: /home/nvidia/workspace/alan/src/AMR_ros2_slam_nav2/install/image_transport/share/image_transport/local_setup.sh
[155.424s] -- Installing: /home/nvidia/workspace/alan/src/AMR_ros2_slam_nav2/install/image_transport/share/image_transport/local_setup.zsh
[155.424s] -- Installing: /home/nvidia/workspace/alan/src/AMR_ros2_slam_nav2/install/image_transport/share/image_transport/local_setup.dsv
[155.424s] -- Installing: /home/nvidia/workspace/alan/src/AMR_ros2_slam_nav2/install/image_transport/share/image_transport/package.dsv
[155.425s] -- Installing: /home/nvidia/workspace/alan/src/AMR_ros2_slam_nav2/install/image_transport/share/ament_index/resource_index/packages/image_transport
[155.425s] -- Installing: /home/nvidia/workspace/alan/src/AMR_ros2_slam_nav2/install/image_transport/share/ament_index/resource_index/image_transport__pluginlib__plugin/image_transport
[155.425s] -- Installing: /home/nvidia/workspace/alan/src/AMR_ros2_slam_nav2/install/image_transport/share/image_transport/cmake/ament_cmake_export_include_directories-extras.cmake
[155.425s] -- Installing: /home/nvidia/workspace/alan/src/AMR_ros2_slam_nav2/install/image_transport/share/image_transport/cmake/ament_cmake_export_libraries-extras.cmake
[155.426s] -- Installing: /home/nvidia/workspace/alan/src/AMR_ros2_slam_nav2/install/image_transport/share/image_transport/cmake/ament_cmake_export_dependencies-extras.cmake
[155.426s] -- Installing: /home/nvidia/workspace/alan/src/AMR_ros2_slam_nav2/install/image_transport/share/image_transport/cmake/image_transportConfig.cmake
[155.426s] -- Installing: /home/nvidia/workspace/alan/src/AMR_ros2_slam_nav2/install/image_transport/share/image_transport/cmake/image_transportConfig-version.cmake
[155.427s] -- Installing: /home/nvidia/workspace/alan/src/AMR_ros2_slam_nav2/install/image_transport/share/image_transport/package.xml
[155.436s] Invoked command in '/home/nvidia/workspace/alan/src/AMR_ros2_slam_nav2/build/image_transport' returned '0': /usr/local/bin/cmake --install /home/nvidia/workspace/alan/src/AMR_ros2_slam_nav2/build/image_transport
