[0.239s] Invoking command in '/home/nvidia/workspace/alan/src/AMR_ros2_slam_nav2/build/yhs_chassis_description': CMAKE_PREFIX_PATH=${CMAKE_PREFIX_PATH}:/home/nvidia/workspace/alan/src/AMR_ros2_slam_nav2/install/turtlebot3_teleop:/home/nvidia/workspace/alan/src/AMR_ros2_slam_nav2/install/turtlebot3_example:/home/nvidia/workspace/alan/src/AMR_ros2_slam_nav2/install/opencv_tests:/home/nvidia/workspace/alan/src/AMR_ros2_slam_nav2/install/nav2_gazebo_spawner:/home/nvidia/workspace/alan/AMR/install/turtlebot3_teleop:/home/nvidia/workspace/alan/AMR/install/turtlebot3_example:/home/nvidia/workspace/alan/AMR/install/opencv_tests:/home/nvidia/workspace/alan/AMR/install/nav2_gazebo_spawner /usr/local/bin/cmake --build /home/nvidia/workspace/alan/src/AMR_ros2_slam_nav2/build/yhs_chassis_description -- -j8 -l8
[0.524s] Invoked command in '/home/nvidia/workspace/alan/src/AMR_ros2_slam_nav2/build/yhs_chassis_description' returned '0': CMAKE_PREFIX_PATH=${CMAKE_PREFIX_PATH}:/home/nvidia/workspace/alan/src/AMR_ros2_slam_nav2/install/turtlebot3_teleop:/home/nvidia/workspace/alan/src/AMR_ros2_slam_nav2/install/turtlebot3_example:/home/nvidia/workspace/alan/src/AMR_ros2_slam_nav2/install/opencv_tests:/home/nvidia/workspace/alan/src/AMR_ros2_slam_nav2/install/nav2_gazebo_spawner:/home/nvidia/workspace/alan/AMR/install/turtlebot3_teleop:/home/nvidia/workspace/alan/AMR/install/turtlebot3_example:/home/nvidia/workspace/alan/AMR/install/opencv_tests:/home/nvidia/workspace/alan/AMR/install/nav2_gazebo_spawner /usr/local/bin/cmake --build /home/nvidia/workspace/alan/src/AMR_ros2_slam_nav2/build/yhs_chassis_description -- -j8 -l8
[0.694s] Invoking command in '/home/nvidia/workspace/alan/src/AMR_ros2_slam_nav2/build/yhs_chassis_description': CMAKE_PREFIX_PATH=${CMAKE_PREFIX_PATH}:/home/nvidia/workspace/alan/src/AMR_ros2_slam_nav2/install/turtlebot3_teleop:/home/nvidia/workspace/alan/src/AMR_ros2_slam_nav2/install/turtlebot3_example:/home/nvidia/workspace/alan/src/AMR_ros2_slam_nav2/install/opencv_tests:/home/nvidia/workspace/alan/src/AMR_ros2_slam_nav2/install/nav2_gazebo_spawner:/home/nvidia/workspace/alan/AMR/install/turtlebot3_teleop:/home/nvidia/workspace/alan/AMR/install/turtlebot3_example:/home/nvidia/workspace/alan/AMR/install/opencv_tests:/home/nvidia/workspace/alan/AMR/install/nav2_gazebo_spawner /usr/local/bin/cmake --install /home/nvidia/workspace/alan/src/AMR_ros2_slam_nav2/build/yhs_chassis_description
[0.719s] -- Install configuration: ""
[0.719s] -- Installing: /home/nvidia/workspace/alan/src/AMR_ros2_slam_nav2/install/yhs_chassis_description/share/yhs_chassis_description/meshes
[0.721s] -- Installing: /home/nvidia/workspace/alan/src/AMR_ros2_slam_nav2/install/yhs_chassis_description/share/yhs_chassis_description/meshes/DGT-001L.STL
[0.724s] -- Installing: /home/nvidia/workspace/alan/src/AMR_ros2_slam_nav2/install/yhs_chassis_description/share/yhs_chassis_description/meshes/FR-07PRO.STL
[0.740s] -- Installing: /home/nvidia/workspace/alan/src/AMR_ros2_slam_nav2/install/yhs_chassis_description/share/yhs_chassis_description/meshes/FW-001.STL
[0.741s] -- Installing: /home/nvidia/workspace/alan/src/AMR_ros2_slam_nav2/install/yhs_chassis_description/share/yhs_chassis_description/meshes/VLP16_scan.stl
[0.746s] -- Installing: /home/nvidia/workspace/alan/src/AMR_ros2_slam_nav2/install/yhs_chassis_description/share/yhs_chassis_description/meshes/VLP16_base_1.stl
[0.746s] -- Installing: /home/nvidia/workspace/alan/src/AMR_ros2_slam_nav2/install/yhs_chassis_description/share/yhs_chassis_description/meshes/HDL32E_base.stl
[0.747s] -- Installing: /home/nvidia/workspace/alan/src/AMR_ros2_slam_nav2/install/yhs_chassis_description/share/yhs_chassis_description/meshes/HDL32E_scan.dae
[0.747s] -- Installing: /home/nvidia/workspace/alan/src/AMR_ros2_slam_nav2/install/yhs_chassis_description/share/yhs_chassis_description/meshes/FB-001.STL
[0.748s] -- Installing: /home/nvidia/workspace/alan/src/AMR_ros2_slam_nav2/install/yhs_chassis_description/share/yhs_chassis_description/meshes/bases
[0.750s] -- Installing: /home/nvidia/workspace/alan/src/AMR_ros2_slam_nav2/install/yhs_chassis_description/share/yhs_chassis_description/meshes/bases/waffle_pi_base.stl
[0.767s] -- Installing: /home/nvidia/workspace/alan/src/AMR_ros2_slam_nav2/install/yhs_chassis_description/share/yhs_chassis_description/meshes/bases/waffle_base.stl
[0.809s] -- Installing: /home/nvidia/workspace/alan/src/AMR_ros2_slam_nav2/install/yhs_chassis_description/share/yhs_chassis_description/meshes/bases/burger_base.stl
[0.832s] -- Installing: /home/nvidia/workspace/alan/src/AMR_ros2_slam_nav2/install/yhs_chassis_description/share/yhs_chassis_description/meshes/DGT-001mini.STL
[0.836s] -- Installing: /home/nvidia/workspace/alan/src/AMR_ros2_slam_nav2/install/yhs_chassis_description/share/yhs_chassis_description/meshes/VLP16_base_1.dae
[0.856s] -- Installing: /home/nvidia/workspace/alan/src/AMR_ros2_slam_nav2/install/yhs_chassis_description/share/yhs_chassis_description/meshes/sensors
[0.856s] -- Installing: /home/nvidia/workspace/alan/src/AMR_ros2_slam_nav2/install/yhs_chassis_description/share/yhs_chassis_description/meshes/sensors/lds.stl
[0.859s] -- Installing: /home/nvidia/workspace/alan/src/AMR_ros2_slam_nav2/install/yhs_chassis_description/share/yhs_chassis_description/meshes/sensors/astra.jpg
[0.859s] -- Installing: /home/nvidia/workspace/alan/src/AMR_ros2_slam_nav2/install/yhs_chassis_description/share/yhs_chassis_description/meshes/sensors/astra.dae
[0.902s] -- Installing: /home/nvidia/workspace/alan/src/AMR_ros2_slam_nav2/install/yhs_chassis_description/share/yhs_chassis_description/meshes/sensors/r200.dae
[0.902s] -- Installing: /home/nvidia/workspace/alan/src/AMR_ros2_slam_nav2/install/yhs_chassis_description/share/yhs_chassis_description/meshes/sensors/r200.jpg
[0.903s] -- Installing: /home/nvidia/workspace/alan/src/AMR_ros2_slam_nav2/install/yhs_chassis_description/share/yhs_chassis_description/meshes/VLP16_base_2.stl
[0.903s] -- Installing: /home/nvidia/workspace/alan/src/AMR_ros2_slam_nav2/install/yhs_chassis_description/share/yhs_chassis_description/meshes/wheels
[0.903s] -- Installing: /home/nvidia/workspace/alan/src/AMR_ros2_slam_nav2/install/yhs_chassis_description/share/yhs_chassis_description/meshes/wheels/left_tire.stl
[0.918s] -- Installing: /home/nvidia/workspace/alan/src/AMR_ros2_slam_nav2/install/yhs_chassis_description/share/yhs_chassis_description/meshes/wheels/right_tire.stl
[0.972s] -- Installing: /home/nvidia/workspace/alan/src/AMR_ros2_slam_nav2/install/yhs_chassis_description/share/yhs_chassis_description/meshes/DGT-001M.STL
[0.973s] -- Installing: /home/nvidia/workspace/alan/src/AMR_ros2_slam_nav2/install/yhs_chassis_description/share/yhs_chassis_description/meshes/VLP16_base_2.dae
[0.975s] -- Installing: /home/nvidia/workspace/alan/src/AMR_ros2_slam_nav2/install/yhs_chassis_description/share/yhs_chassis_description/meshes/HDL32E_base.dae
[0.978s] -- Installing: /home/nvidia/workspace/alan/src/AMR_ros2_slam_nav2/install/yhs_chassis_description/share/yhs_chassis_description/meshes/MID-001.STL
[1.019s] -- Installing: /home/nvidia/workspace/alan/src/AMR_ros2_slam_nav2/install/yhs_chassis_description/share/yhs_chassis_description/meshes/DGT001S.STL
[1.031s] -- Installing: /home/nvidia/workspace/alan/src/AMR_ros2_slam_nav2/install/yhs_chassis_description/share/yhs_chassis_description/meshes/VLP16_base_1.stl-back
[1.032s] -- Installing: /home/nvidia/workspace/alan/src/AMR_ros2_slam_nav2/install/yhs_chassis_description/share/yhs_chassis_description/meshes/DGT-001S.STL
[1.061s] -- Installing: /home/nvidia/workspace/alan/src/AMR_ros2_slam_nav2/install/yhs_chassis_description/share/yhs_chassis_description/meshes/VLP16_base_1.dae-back
[1.061s] -- Installing: /home/nvidia/workspace/alan/src/AMR_ros2_slam_nav2/install/yhs_chassis_description/share/yhs_chassis_description/meshes/HDL32E_scan.stl
[1.062s] -- Installing: /home/nvidia/workspace/alan/src/AMR_ros2_slam_nav2/install/yhs_chassis_description/share/yhs_chassis_description/meshes/VLP16_scan.dae
[1.070s] -- Installing: /home/nvidia/workspace/alan/src/AMR_ros2_slam_nav2/install/yhs_chassis_description/share/yhs_chassis_description/meshes/FR-09PRO.STL
[1.108s] -- Installing: /home/nvidia/workspace/alan/src/AMR_ros2_slam_nav2/install/yhs_chassis_description/share/yhs_chassis_description/rviz
[1.117s] -- Installing: /home/nvidia/workspace/alan/src/AMR_ros2_slam_nav2/install/yhs_chassis_description/share/yhs_chassis_description/rviz/urdf.rviz
[1.118s] -- Installing: /home/nvidia/workspace/alan/src/AMR_ros2_slam_nav2/install/yhs_chassis_description/share/yhs_chassis_description/urdf
[1.119s] -- Installing: /home/nvidia/workspace/alan/src/AMR_ros2_slam_nav2/install/yhs_chassis_description/share/yhs_chassis_description/urdf/yhs_dgt001s.urdf
[1.121s] -- Installing: /home/nvidia/workspace/alan/src/AMR_ros2_slam_nav2/install/yhs_chassis_description/share/yhs_chassis_description/urdf/yhs_dgt001l.urdf
[1.122s] -- Installing: /home/nvidia/workspace/alan/src/AMR_ros2_slam_nav2/install/yhs_chassis_description/share/yhs_chassis_description/urdf/yhs_fr07pro.urdf
[1.122s] -- Installing: /home/nvidia/workspace/alan/src/AMR_ros2_slam_nav2/install/yhs_chassis_description/share/yhs_chassis_description/urdf/amr.urdf
[1.122s] -- Installing: /home/nvidia/workspace/alan/src/AMR_ros2_slam_nav2/install/yhs_chassis_description/share/yhs_chassis_description/urdf/yhs_fr09pro.urdf
[1.122s] -- Installing: /home/nvidia/workspace/alan/src/AMR_ros2_slam_nav2/install/yhs_chassis_description/share/yhs_chassis_description/urdf/yhs_fw001.urdf
[1.125s] -- Installing: /home/nvidia/workspace/alan/src/AMR_ros2_slam_nav2/install/yhs_chassis_description/share/yhs_chassis_description/urdf/yhs_dgt001m.urdf
[1.126s] -- Installing: /home/nvidia/workspace/alan/src/AMR_ros2_slam_nav2/install/yhs_chassis_description/share/yhs_chassis_description/urdf/amr.urdf_bak
[1.126s] -- Installing: /home/nvidia/workspace/alan/src/AMR_ros2_slam_nav2/install/yhs_chassis_description/share/yhs_chassis_description/urdf/amr.urdf_back
[1.129s] -- Installing: /home/nvidia/workspace/alan/src/AMR_ros2_slam_nav2/install/yhs_chassis_description/share/yhs_chassis_description/urdf/amr_scan.urdf
[1.129s] -- Installing: /home/nvidia/workspace/alan/src/AMR_ros2_slam_nav2/install/yhs_chassis_description/share/yhs_chassis_description/urdf/yhs_dgt001m.urdf_V1
[1.130s] -- Installing: /home/nvidia/workspace/alan/src/AMR_ros2_slam_nav2/install/yhs_chassis_description/share/yhs_chassis_description/urdf/yhs_fb001.urdf
[1.131s] -- Installing: /home/nvidia/workspace/alan/src/AMR_ros2_slam_nav2/install/yhs_chassis_description/share/yhs_chassis_description/urdf/yhs_dgt001mini.urdf
[1.132s] -- Installing: /home/nvidia/workspace/alan/src/AMR_ros2_slam_nav2/install/yhs_chassis_description/share/yhs_chassis_description/urdf/yhs_mid001.urdf
[1.134s] -- Installing: /home/nvidia/workspace/alan/src/AMR_ros2_slam_nav2/install/yhs_chassis_description/share/yhs_chassis_description/launch
[1.135s] -- Installing: /home/nvidia/workspace/alan/src/AMR_ros2_slam_nav2/install/yhs_chassis_description/share/yhs_chassis_description/launch/yhs_fr09pro.launch
[1.135s] -- Installing: /home/nvidia/workspace/alan/src/AMR_ros2_slam_nav2/install/yhs_chassis_description/share/yhs_chassis_description/launch/yhs_dgt001l.launch
[1.135s] -- Installing: /home/nvidia/workspace/alan/src/AMR_ros2_slam_nav2/install/yhs_chassis_description/share/yhs_chassis_description/launch/yhs_dgt001mini.launch
[1.136s] -- Installing: /home/nvidia/workspace/alan/src/AMR_ros2_slam_nav2/install/yhs_chassis_description/share/yhs_chassis_description/launch/yhs_fw001.launch
[1.136s] -- Installing: /home/nvidia/workspace/alan/src/AMR_ros2_slam_nav2/install/yhs_chassis_description/share/yhs_chassis_description/launch/yhs_fr07pro.launch
[1.138s] -- Installing: /home/nvidia/workspace/alan/src/AMR_ros2_slam_nav2/install/yhs_chassis_description/share/yhs_chassis_description/launch/yhs_mid001.launch
[1.139s] -- Installing: /home/nvidia/workspace/alan/src/AMR_ros2_slam_nav2/install/yhs_chassis_description/share/yhs_chassis_description/launch/yhs_dgt001m.launch
[1.144s] -- Installing: /home/nvidia/workspace/alan/src/AMR_ros2_slam_nav2/install/yhs_chassis_description/share/yhs_chassis_description/launch/yhs_fb001.launch
[1.144s] -- Installing: /home/nvidia/workspace/alan/src/AMR_ros2_slam_nav2/install/yhs_chassis_description/share/yhs_chassis_description/launch/yhs_dgt001s.launch
[1.148s] -- Installing: /home/nvidia/workspace/alan/src/AMR_ros2_slam_nav2/install/yhs_chassis_description/share/ament_index/resource_index/package_run_dependencies/yhs_chassis_description
[1.149s] -- Installing: /home/nvidia/workspace/alan/src/AMR_ros2_slam_nav2/install/yhs_chassis_description/share/ament_index/resource_index/parent_prefix_path/yhs_chassis_description
[1.164s] -- Installing: /home/nvidia/workspace/alan/src/AMR_ros2_slam_nav2/install/yhs_chassis_description/share/yhs_chassis_description/environment/ament_prefix_path.sh
[1.165s] -- Installing: /home/nvidia/workspace/alan/src/AMR_ros2_slam_nav2/install/yhs_chassis_description/share/yhs_chassis_description/environment/ament_prefix_path.dsv
[1.167s] -- Installing: /home/nvidia/workspace/alan/src/AMR_ros2_slam_nav2/install/yhs_chassis_description/share/yhs_chassis_description/environment/path.sh
[1.168s] -- Installing: /home/nvidia/workspace/alan/src/AMR_ros2_slam_nav2/install/yhs_chassis_description/share/yhs_chassis_description/environment/path.dsv
[1.170s] -- Installing: /home/nvidia/workspace/alan/src/AMR_ros2_slam_nav2/install/yhs_chassis_description/share/yhs_chassis_description/local_setup.bash
[1.172s] -- Installing: /home/nvidia/workspace/alan/src/AMR_ros2_slam_nav2/install/yhs_chassis_description/share/yhs_chassis_description/local_setup.sh
[1.172s] -- Installing: /home/nvidia/workspace/alan/src/AMR_ros2_slam_nav2/install/yhs_chassis_description/share/yhs_chassis_description/local_setup.zsh
[1.172s] -- Installing: /home/nvidia/workspace/alan/src/AMR_ros2_slam_nav2/install/yhs_chassis_description/share/yhs_chassis_description/local_setup.dsv
[1.174s] -- Installing: /home/nvidia/workspace/alan/src/AMR_ros2_slam_nav2/install/yhs_chassis_description/share/yhs_chassis_description/package.dsv
[1.180s] -- Installing: /home/nvidia/workspace/alan/src/AMR_ros2_slam_nav2/install/yhs_chassis_description/share/ament_index/resource_index/packages/yhs_chassis_description
[1.185s] -- Installing: /home/nvidia/workspace/alan/src/AMR_ros2_slam_nav2/install/yhs_chassis_description/share/yhs_chassis_description/cmake/yhs_chassis_descriptionConfig.cmake
[1.185s] -- Installing: /home/nvidia/workspace/alan/src/AMR_ros2_slam_nav2/install/yhs_chassis_description/share/yhs_chassis_description/cmake/yhs_chassis_descriptionConfig-version.cmake
[1.188s] -- Installing: /home/nvidia/workspace/alan/src/AMR_ros2_slam_nav2/install/yhs_chassis_description/share/yhs_chassis_description/package.xml
[1.427s] Invoked command in '/home/nvidia/workspace/alan/src/AMR_ros2_slam_nav2/build/yhs_chassis_description' returned '0': CMAKE_PREFIX_PATH=${CMAKE_PREFIX_PATH}:/home/nvidia/workspace/alan/src/AMR_ros2_slam_nav2/install/turtlebot3_teleop:/home/nvidia/workspace/alan/src/AMR_ros2_slam_nav2/install/turtlebot3_example:/home/nvidia/workspace/alan/src/AMR_ros2_slam_nav2/install/opencv_tests:/home/nvidia/workspace/alan/src/AMR_ros2_slam_nav2/install/nav2_gazebo_spawner:/home/nvidia/workspace/alan/AMR/install/turtlebot3_teleop:/home/nvidia/workspace/alan/AMR/install/turtlebot3_example:/home/nvidia/workspace/alan/AMR/install/opencv_tests:/home/nvidia/workspace/alan/AMR/install/nav2_gazebo_spawner /usr/local/bin/cmake --install /home/nvidia/workspace/alan/src/AMR_ros2_slam_nav2/build/yhs_chassis_description
