[0.081s] Invoking command in '/home/nvidia/workspace/alan/src/AMR_ros2_slam_nav2/build/perception_pcl': AMENT_PREFIX_PATH=/home/nvidia/workspace/alan/src/AMR_ros2_slam_nav2/install/pcl_ros:/home/nvidia/workspace/alan/src/AMR_ros2_slam_nav2/install/pcl_conversions:/home/nvidia/workspace/alan/src/AMR_ros2_slam_nav2/install/pcl_msgs:${AMENT_PREFIX_PATH} CMAKE_PREFIX_PATH=/home/nvidia/workspace/alan/src/AMR_ros2_slam_nav2/install/pcl_ros:/home/nvidia/workspace/alan/src/AMR_ros2_slam_nav2/install/pcl_conversions:/home/nvidia/workspace/alan/src/AMR_ros2_slam_nav2/install/pcl_msgs:${CMAKE_PREFIX_PATH} LD_LIBRARY_PATH=/home/nvidia/workspace/alan/src/AMR_ros2_slam_nav2/install/pcl_ros/lib:/home/nvidia/workspace/alan/src/AMR_ros2_slam_nav2/install/pcl_msgs/lib:/home/workspace/ros2/install/opt/yaml_cpp_vendor/lib:/home/workspace/ros2/install/opt/rviz_ogre_vendor/lib:/home/workspace/ros2/install/lib:/usr/local/cuda-10.2/lib64 PYTHONPATH=/home/nvidia/workspace/alan/src/AMR_ros2_slam_nav2/install/pcl_msgs/lib/python3.6/site-packages:/home/workspace/ros2/install/lib/python3.6/site-packages:/usr/local/lib:/usr/local/cuda/bin /usr/local/bin/cmake /home/nvidia/workspace/alan/src/AMR_ros2_slam_nav2/perception_pcl/perception_pcl -DCMAKE_INSTALL_PREFIX=/home/nvidia/workspace/alan/src/AMR_ros2_slam_nav2/install/perception_pcl
[0.401s] -- The C compiler identification is GNU 7.5.0
[0.712s] -- The CXX compiler identification is GNU 7.5.0
[0.781s] -- Check for working C compiler: /usr/bin/cc
[0.999s] -- Check for working C compiler: /usr/bin/cc -- works
[1.010s] -- Detecting C compiler ABI info
[1.234s] -- Detecting C compiler ABI info - done
[1.427s] -- Detecting C compile features
[1.435s] -- Detecting C compile features - done
[1.476s] -- Check for working CXX compiler: /usr/bin/c++
[1.718s] -- Check for working CXX compiler: /usr/bin/c++ -- works
[1.730s] -- Detecting CXX compiler ABI info
[1.993s] -- Detecting CXX compiler ABI info - done
[2.190s] -- Detecting CXX compile features
[2.199s] -- Detecting CXX compile features - done
[2.219s] -- Found ament_cmake: 0.9.9 (/home/workspace/ros2/install/share/ament_cmake/cmake)
[2.371s] -- Found PythonInterp: /usr/bin/python3 (found suitable version "3.6.9", minimum required is "3") 
[2.374s] -- Using PYTHON_EXECUTABLE: /usr/bin/python3
[4.095s] -- Configuring done
[4.113s] -- Generating done
[4.122s] -- Build files have been written to: /home/nvidia/workspace/alan/src/AMR_ros2_slam_nav2/build/perception_pcl
[4.141s] Invoked command in '/home/nvidia/workspace/alan/src/AMR_ros2_slam_nav2/build/perception_pcl' returned '0': AMENT_PREFIX_PATH=/home/nvidia/workspace/alan/src/AMR_ros2_slam_nav2/install/pcl_ros:/home/nvidia/workspace/alan/src/AMR_ros2_slam_nav2/install/pcl_conversions:/home/nvidia/workspace/alan/src/AMR_ros2_slam_nav2/install/pcl_msgs:${AMENT_PREFIX_PATH} CMAKE_PREFIX_PATH=/home/nvidia/workspace/alan/src/AMR_ros2_slam_nav2/install/pcl_ros:/home/nvidia/workspace/alan/src/AMR_ros2_slam_nav2/install/pcl_conversions:/home/nvidia/workspace/alan/src/AMR_ros2_slam_nav2/install/pcl_msgs:${CMAKE_PREFIX_PATH} LD_LIBRARY_PATH=/home/nvidia/workspace/alan/src/AMR_ros2_slam_nav2/install/pcl_ros/lib:/home/nvidia/workspace/alan/src/AMR_ros2_slam_nav2/install/pcl_msgs/lib:/home/workspace/ros2/install/opt/yaml_cpp_vendor/lib:/home/workspace/ros2/install/opt/rviz_ogre_vendor/lib:/home/workspace/ros2/install/lib:/usr/local/cuda-10.2/lib64 PYTHONPATH=/home/nvidia/workspace/alan/src/AMR_ros2_slam_nav2/install/pcl_msgs/lib/python3.6/site-packages:/home/workspace/ros2/install/lib/python3.6/site-packages:/usr/local/lib:/usr/local/cuda/bin /usr/local/bin/cmake /home/nvidia/workspace/alan/src/AMR_ros2_slam_nav2/perception_pcl/perception_pcl -DCMAKE_INSTALL_PREFIX=/home/nvidia/workspace/alan/src/AMR_ros2_slam_nav2/install/perception_pcl
[4.143s] Invoking command in '/home/nvidia/workspace/alan/src/AMR_ros2_slam_nav2/build/perception_pcl': AMENT_PREFIX_PATH=/home/nvidia/workspace/alan/src/AMR_ros2_slam_nav2/install/pcl_ros:/home/nvidia/workspace/alan/src/AMR_ros2_slam_nav2/install/pcl_conversions:/home/nvidia/workspace/alan/src/AMR_ros2_slam_nav2/install/pcl_msgs:${AMENT_PREFIX_PATH} CMAKE_PREFIX_PATH=/home/nvidia/workspace/alan/src/AMR_ros2_slam_nav2/install/pcl_ros:/home/nvidia/workspace/alan/src/AMR_ros2_slam_nav2/install/pcl_conversions:/home/nvidia/workspace/alan/src/AMR_ros2_slam_nav2/install/pcl_msgs:${CMAKE_PREFIX_PATH} LD_LIBRARY_PATH=/home/nvidia/workspace/alan/src/AMR_ros2_slam_nav2/install/pcl_ros/lib:/home/nvidia/workspace/alan/src/AMR_ros2_slam_nav2/install/pcl_msgs/lib:/home/workspace/ros2/install/opt/yaml_cpp_vendor/lib:/home/workspace/ros2/install/opt/rviz_ogre_vendor/lib:/home/workspace/ros2/install/lib:/usr/local/cuda-10.2/lib64 PYTHONPATH=/home/nvidia/workspace/alan/src/AMR_ros2_slam_nav2/install/pcl_msgs/lib/python3.6/site-packages:/home/workspace/ros2/install/lib/python3.6/site-packages:/usr/local/lib:/usr/local/cuda/bin /usr/local/bin/cmake --build /home/nvidia/workspace/alan/src/AMR_ros2_slam_nav2/build/perception_pcl -- -j8 -l8
[4.245s] Invoked command in '/home/nvidia/workspace/alan/src/AMR_ros2_slam_nav2/build/perception_pcl' returned '0': AMENT_PREFIX_PATH=/home/nvidia/workspace/alan/src/AMR_ros2_slam_nav2/install/pcl_ros:/home/nvidia/workspace/alan/src/AMR_ros2_slam_nav2/install/pcl_conversions:/home/nvidia/workspace/alan/src/AMR_ros2_slam_nav2/install/pcl_msgs:${AMENT_PREFIX_PATH} CMAKE_PREFIX_PATH=/home/nvidia/workspace/alan/src/AMR_ros2_slam_nav2/install/pcl_ros:/home/nvidia/workspace/alan/src/AMR_ros2_slam_nav2/install/pcl_conversions:/home/nvidia/workspace/alan/src/AMR_ros2_slam_nav2/install/pcl_msgs:${CMAKE_PREFIX_PATH} LD_LIBRARY_PATH=/home/nvidia/workspace/alan/src/AMR_ros2_slam_nav2/install/pcl_ros/lib:/home/nvidia/workspace/alan/src/AMR_ros2_slam_nav2/install/pcl_msgs/lib:/home/workspace/ros2/install/opt/yaml_cpp_vendor/lib:/home/workspace/ros2/install/opt/rviz_ogre_vendor/lib:/home/workspace/ros2/install/lib:/usr/local/cuda-10.2/lib64 PYTHONPATH=/home/nvidia/workspace/alan/src/AMR_ros2_slam_nav2/install/pcl_msgs/lib/python3.6/site-packages:/home/workspace/ros2/install/lib/python3.6/site-packages:/usr/local/lib:/usr/local/cuda/bin /usr/local/bin/cmake --build /home/nvidia/workspace/alan/src/AMR_ros2_slam_nav2/build/perception_pcl -- -j8 -l8
[4.319s] Invoking command in '/home/nvidia/workspace/alan/src/AMR_ros2_slam_nav2/build/perception_pcl': AMENT_PREFIX_PATH=/home/nvidia/workspace/alan/src/AMR_ros2_slam_nav2/install/pcl_ros:/home/nvidia/workspace/alan/src/AMR_ros2_slam_nav2/install/pcl_conversions:/home/nvidia/workspace/alan/src/AMR_ros2_slam_nav2/install/pcl_msgs:${AMENT_PREFIX_PATH} CMAKE_PREFIX_PATH=/home/nvidia/workspace/alan/src/AMR_ros2_slam_nav2/install/pcl_ros:/home/nvidia/workspace/alan/src/AMR_ros2_slam_nav2/install/pcl_conversions:/home/nvidia/workspace/alan/src/AMR_ros2_slam_nav2/install/pcl_msgs:${CMAKE_PREFIX_PATH} LD_LIBRARY_PATH=/home/nvidia/workspace/alan/src/AMR_ros2_slam_nav2/install/pcl_ros/lib:/home/nvidia/workspace/alan/src/AMR_ros2_slam_nav2/install/pcl_msgs/lib:/home/workspace/ros2/install/opt/yaml_cpp_vendor/lib:/home/workspace/ros2/install/opt/rviz_ogre_vendor/lib:/home/workspace/ros2/install/lib:/usr/local/cuda-10.2/lib64 PYTHONPATH=/home/nvidia/workspace/alan/src/AMR_ros2_slam_nav2/install/pcl_msgs/lib/python3.6/site-packages:/home/workspace/ros2/install/lib/python3.6/site-packages:/usr/local/lib:/usr/local/cuda/bin /usr/local/bin/cmake --install /home/nvidia/workspace/alan/src/AMR_ros2_slam_nav2/build/perception_pcl
[4.351s] -- Install configuration: ""
[4.355s] -- Installing: /home/nvidia/workspace/alan/src/AMR_ros2_slam_nav2/install/perception_pcl/share/ament_index/resource_index/package_run_dependencies/perception_pcl
[4.358s] -- Installing: /home/nvidia/workspace/alan/src/AMR_ros2_slam_nav2/install/perception_pcl/share/ament_index/resource_index/parent_prefix_path/perception_pcl
[4.360s] -- Installing: /home/nvidia/workspace/alan/src/AMR_ros2_slam_nav2/install/perception_pcl/share/perception_pcl/environment/ament_prefix_path.sh
[4.363s] -- Installing: /home/nvidia/workspace/alan/src/AMR_ros2_slam_nav2/install/perception_pcl/share/perception_pcl/environment/ament_prefix_path.dsv
[4.366s] -- Installing: /home/nvidia/workspace/alan/src/AMR_ros2_slam_nav2/install/perception_pcl/share/perception_pcl/environment/path.sh
[4.368s] -- Installing: /home/nvidia/workspace/alan/src/AMR_ros2_slam_nav2/install/perception_pcl/share/perception_pcl/environment/path.dsv
[4.370s] -- Installing: /home/nvidia/workspace/alan/src/AMR_ros2_slam_nav2/install/perception_pcl/share/perception_pcl/local_setup.bash
[4.374s] -- Installing: /home/nvidia/workspace/alan/src/AMR_ros2_slam_nav2/install/perception_pcl/share/perception_pcl/local_setup.sh
[4.379s] -- Installing: /home/nvidia/workspace/alan/src/AMR_ros2_slam_nav2/install/perception_pcl/share/perception_pcl/local_setup.zsh
[4.381s] -- Installing: /home/nvidia/workspace/alan/src/AMR_ros2_slam_nav2/install/perception_pcl/share/perception_pcl/local_setup.dsv
[4.383s] -- Installing: /home/nvidia/workspace/alan/src/AMR_ros2_slam_nav2/install/perception_pcl/share/perception_pcl/package.dsv
[4.386s] -- Installing: /home/nvidia/workspace/alan/src/AMR_ros2_slam_nav2/install/perception_pcl/share/ament_index/resource_index/packages/perception_pcl
[4.389s] -- Installing: /home/nvidia/workspace/alan/src/AMR_ros2_slam_nav2/install/perception_pcl/share/perception_pcl/cmake/perception_pclConfig.cmake
[4.390s] -- Installing: /home/nvidia/workspace/alan/src/AMR_ros2_slam_nav2/install/perception_pcl/share/perception_pcl/cmake/perception_pclConfig-version.cmake
[4.392s] -- Installing: /home/nvidia/workspace/alan/src/AMR_ros2_slam_nav2/install/perception_pcl/share/perception_pcl/package.xml
[4.407s] Invoked command in '/home/nvidia/workspace/alan/src/AMR_ros2_slam_nav2/build/perception_pcl' returned '0': AMENT_PREFIX_PATH=/home/nvidia/workspace/alan/src/AMR_ros2_slam_nav2/install/pcl_ros:/home/nvidia/workspace/alan/src/AMR_ros2_slam_nav2/install/pcl_conversions:/home/nvidia/workspace/alan/src/AMR_ros2_slam_nav2/install/pcl_msgs:${AMENT_PREFIX_PATH} CMAKE_PREFIX_PATH=/home/nvidia/workspace/alan/src/AMR_ros2_slam_nav2/install/pcl_ros:/home/nvidia/workspace/alan/src/AMR_ros2_slam_nav2/install/pcl_conversions:/home/nvidia/workspace/alan/src/AMR_ros2_slam_nav2/install/pcl_msgs:${CMAKE_PREFIX_PATH} LD_LIBRARY_PATH=/home/nvidia/workspace/alan/src/AMR_ros2_slam_nav2/install/pcl_ros/lib:/home/nvidia/workspace/alan/src/AMR_ros2_slam_nav2/install/pcl_msgs/lib:/home/workspace/ros2/install/opt/yaml_cpp_vendor/lib:/home/workspace/ros2/install/opt/rviz_ogre_vendor/lib:/home/workspace/ros2/install/lib:/usr/local/cuda-10.2/lib64 PYTHONPATH=/home/nvidia/workspace/alan/src/AMR_ros2_slam_nav2/install/pcl_msgs/lib/python3.6/site-packages:/home/workspace/ros2/install/lib/python3.6/site-packages:/usr/local/lib:/usr/local/cuda/bin /usr/local/bin/cmake --install /home/nvidia/workspace/alan/src/AMR_ros2_slam_nav2/build/perception_pcl
