[0.160s] Invoking command in '/home/nvidia/workspace/alan/src/AMR_ros2_slam_nav2/build/dwb_critics': AMENT_PREFIX_PATH=/home/nvidia/workspace/alan/src/AMR_ros2_slam_nav2/install/dwb_core:/home/nvidia/workspace/alan/src/AMR_ros2_slam_nav2/install/nav2_core:/home/nvidia/workspace/alan/src/AMR_ros2_slam_nav2/install/costmap_queue:/home/nvidia/workspace/alan/src/AMR_ros2_slam_nav2/install/nav2_costmap_2d:/home/nvidia/workspace/alan/src/AMR_ros2_slam_nav2/install/nav_2d_utils:/home/nvidia/workspace/alan/src/AMR_ros2_slam_nav2/install/nav2_util:/home/nvidia/workspace/alan/src/AMR_ros2_slam_nav2/install/nav2_voxel_grid:/home/nvidia/workspace/alan/src/AMR_ros2_slam_nav2/install/nav2_msgs:/home/nvidia/workspace/alan/src/AMR_ros2_slam_nav2/install/dwb_msgs:/home/nvidia/workspace/alan/src/AMR_ros2_slam_nav2/install/nav_2d_msgs:/home/nvidia/workspace/alan/src/AMR_ros2_slam_nav2/install/nav2_common:${AMENT_PREFIX_PATH} CMAKE_PREFIX_PATH=/home/nvidia/workspace/alan/src/AMR_ros2_slam_nav2/install/dwb_core:/home/nvidia/workspace/alan/src/AMR_ros2_slam_nav2/install/nav2_core:/home/nvidia/workspace/alan/src/AMR_ros2_slam_nav2/install/costmap_queue:/home/nvidia/workspace/alan/src/AMR_ros2_slam_nav2/install/nav2_costmap_2d:/home/nvidia/workspace/alan/src/AMR_ros2_slam_nav2/install/nav_2d_utils:/home/nvidia/workspace/alan/src/AMR_ros2_slam_nav2/install/nav2_util:/home/nvidia/workspace/alan/src/AMR_ros2_slam_nav2/install/nav2_voxel_grid:/home/nvidia/workspace/alan/src/AMR_ros2_slam_nav2/install/nav2_msgs:/home/nvidia/workspace/alan/src/AMR_ros2_slam_nav2/install/dwb_msgs:/home/nvidia/workspace/alan/src/AMR_ros2_slam_nav2/install/nav_2d_msgs:/home/nvidia/workspace/alan/src/AMR_ros2_slam_nav2/install/nav2_common:${CMAKE_PREFIX_PATH} LD_LIBRARY_PATH=/home/nvidia/workspace/alan/src/AMR_ros2_slam_nav2/install/dwb_core/lib:/home/nvidia/workspace/alan/src/AMR_ros2_slam_nav2/install/costmap_queue/lib:/home/nvidia/workspace/alan/src/AMR_ros2_slam_nav2/install/nav2_costmap_2d/lib:/home/nvidia/workspace/alan/src/AMR_ros2_slam_nav2/install/nav_2d_utils/lib:/home/nvidia/workspace/alan/src/AMR_ros2_slam_nav2/install/nav2_util/lib:/home/nvidia/workspace/alan/src/AMR_ros2_slam_nav2/install/nav2_voxel_grid/lib:/home/nvidia/workspace/alan/src/AMR_ros2_slam_nav2/install/nav2_msgs/lib:/home/nvidia/workspace/alan/src/AMR_ros2_slam_nav2/install/dwb_msgs/lib:/home/nvidia/workspace/alan/src/AMR_ros2_slam_nav2/install/nav_2d_msgs/lib:/home/workspace/ros2/install/opt/yaml_cpp_vendor/lib:/home/workspace/ros2/install/opt/rviz_ogre_vendor/lib:/home/workspace/ros2/install/lib:/usr/local/cuda-10.2/lib64 PYTHONPATH=/home/nvidia/workspace/alan/src/AMR_ros2_slam_nav2/install/nav2_msgs/lib/python3.6/site-packages:/home/nvidia/workspace/alan/src/AMR_ros2_slam_nav2/install/dwb_msgs/lib/python3.6/site-packages:/home/nvidia/workspace/alan/src/AMR_ros2_slam_nav2/install/nav_2d_msgs/lib/python3.6/site-packages:/home/nvidia/workspace/alan/src/AMR_ros2_slam_nav2/install/nav2_common/lib/python3.6/site-packages:/home/workspace/ros2/install/lib/python3.6/site-packages:/usr/local/lib:/usr/local/cuda/bin /usr/local/bin/cmake /home/nvidia/workspace/alan/src/AMR_ros2_slam_nav2/navigation2/nav2_dwb_controller/dwb_critics -DCMAKE_INSTALL_PREFIX=/home/nvidia/workspace/alan/src/AMR_ros2_slam_nav2/install/dwb_critics
[0.488s] -- The C compiler identification is GNU 7.5.0
[0.809s] -- The CXX compiler identification is GNU 7.5.0
[0.878s] -- Check for working C compiler: /usr/bin/cc
[1.127s] -- Check for working C compiler: /usr/bin/cc -- works
[1.137s] -- Detecting C compiler ABI info
[1.366s] -- Detecting C compiler ABI info - done
[1.547s] -- Detecting C compile features
[1.553s] -- Detecting C compile features - done
[1.588s] -- Check for working CXX compiler: /usr/bin/c++
[1.836s] -- Check for working CXX compiler: /usr/bin/c++ -- works
[1.848s] -- Detecting CXX compiler ABI info
[2.106s] -- Detecting CXX compiler ABI info - done
[2.298s] -- Detecting CXX compile features
[2.307s] -- Detecting CXX compile features - done
[2.332s] -- Found ament_cmake: 0.9.9 (/home/workspace/ros2/install/share/ament_cmake/cmake)
[2.514s] -- Found PythonInterp: /usr/bin/python3 (found suitable version "3.6.9", minimum required is "3") 
[2.515s] -- Using PYTHON_EXECUTABLE: /usr/bin/python3
[3.839s] -- Found nav2_common: 0.4.7 (/home/nvidia/workspace/alan/src/AMR_ros2_slam_nav2/install/nav2_common/share/nav2_common/cmake)
[3.876s] -- Found nav2_costmap_2d: 0.4.7 (/home/nvidia/workspace/alan/src/AMR_ros2_slam_nav2/install/nav2_costmap_2d/share/nav2_costmap_2d/cmake)
[4.257s] -- Using all available rosidl_typesupport_c: rosidl_typesupport_fastrtps_c;rosidl_typesupport_introspection_c
[4.344s] -- Found rosidl_adapter: 1.2.1 (/home/workspace/ros2/install/share/rosidl_adapter/cmake)
[4.839s] -- Found OpenSSL: /usr/lib/aarch64-linux-gnu/libcrypto.so (found version "1.1.1")  
[5.019s] -- Found FastRTPS: /home/workspace/ros2/install/include  
[5.843s] -- Using all available rosidl_typesupport_cpp: rosidl_typesupport_fastrtps_cpp;rosidl_typesupport_introspection_cpp
[15.620s] -- Found rmw_implementation_cmake: 1.0.3 (/home/workspace/ros2/install/share/rmw_implementation_cmake/cmake)
[15.650s] -- Using RMW implementation 'rmw_fastrtps_cpp' as default
[15.658s] -- Looking for pthread.h
[15.915s] -- Looking for pthread.h - found
[15.920s] -- Performing Test CMAKE_HAVE_LIBC_PTHREAD
[16.209s] -- Performing Test CMAKE_HAVE_LIBC_PTHREAD - Failed
[16.215s] -- Looking for pthread_create in pthreads
[16.466s] -- Looking for pthread_create in pthreads - not found
[16.471s] -- Looking for pthread_create in pthread
[16.762s] -- Looking for pthread_create in pthread - found
[16.780s] -- Found Threads: TRUE  
[22.368s] -- Found Eigen3: TRUE (found version "3.3.4") 
[27.757s] -- Found costmap_queue: 0.4.7 (/home/nvidia/workspace/alan/src/AMR_ros2_slam_nav2/install/costmap_queue/share/costmap_queue/cmake)
[27.791s] -- Found dwb_core: 0.4.7 (/home/nvidia/workspace/alan/src/AMR_ros2_slam_nav2/install/dwb_core/share/dwb_core/cmake)
[42.354s] -- Setting build type to Release as none was specified.
[58.827s] -- Found ament_lint_auto: 0.9.6 (/home/workspace/ros2/install/share/ament_lint_auto/cmake)
[59.544s] -- Added test 'cppcheck' to perform static code analysis on C / C++ code
[59.552s] -- Configured cppcheck include dirs: /home/nvidia/workspace/alan/src/AMR_ros2_slam_nav2/navigation2/nav2_dwb_controller/dwb_critics/include
[59.553s] -- Configured cppcheck exclude dirs and/or files: 
[59.566s] -- Added test 'cpplint' to check C / C++ code against the Google style
[59.567s] -- Configured cpplint exclude dirs and/or files: 
[59.578s] -- Added test 'lint_cmake' to check CMake code style
[59.593s] -- Added test 'uncrustify' to check C / C++ code style
[59.593s] -- Configured uncrustify additional arguments: 
[59.601s] -- Added test 'xmllint' to check XML markup files
[59.653s] -- Configuring done
[59.932s] -- Generating done
[59.948s] -- Build files have been written to: /home/nvidia/workspace/alan/src/AMR_ros2_slam_nav2/build/dwb_critics
[59.990s] Invoked command in '/home/nvidia/workspace/alan/src/AMR_ros2_slam_nav2/build/dwb_critics' returned '0': AMENT_PREFIX_PATH=/home/nvidia/workspace/alan/src/AMR_ros2_slam_nav2/install/dwb_core:/home/nvidia/workspace/alan/src/AMR_ros2_slam_nav2/install/nav2_core:/home/nvidia/workspace/alan/src/AMR_ros2_slam_nav2/install/costmap_queue:/home/nvidia/workspace/alan/src/AMR_ros2_slam_nav2/install/nav2_costmap_2d:/home/nvidia/workspace/alan/src/AMR_ros2_slam_nav2/install/nav_2d_utils:/home/nvidia/workspace/alan/src/AMR_ros2_slam_nav2/install/nav2_util:/home/nvidia/workspace/alan/src/AMR_ros2_slam_nav2/install/nav2_voxel_grid:/home/nvidia/workspace/alan/src/AMR_ros2_slam_nav2/install/nav2_msgs:/home/nvidia/workspace/alan/src/AMR_ros2_slam_nav2/install/dwb_msgs:/home/nvidia/workspace/alan/src/AMR_ros2_slam_nav2/install/nav_2d_msgs:/home/nvidia/workspace/alan/src/AMR_ros2_slam_nav2/install/nav2_common:${AMENT_PREFIX_PATH} CMAKE_PREFIX_PATH=/home/nvidia/workspace/alan/src/AMR_ros2_slam_nav2/install/dwb_core:/home/nvidia/workspace/alan/src/AMR_ros2_slam_nav2/install/nav2_core:/home/nvidia/workspace/alan/src/AMR_ros2_slam_nav2/install/costmap_queue:/home/nvidia/workspace/alan/src/AMR_ros2_slam_nav2/install/nav2_costmap_2d:/home/nvidia/workspace/alan/src/AMR_ros2_slam_nav2/install/nav_2d_utils:/home/nvidia/workspace/alan/src/AMR_ros2_slam_nav2/install/nav2_util:/home/nvidia/workspace/alan/src/AMR_ros2_slam_nav2/install/nav2_voxel_grid:/home/nvidia/workspace/alan/src/AMR_ros2_slam_nav2/install/nav2_msgs:/home/nvidia/workspace/alan/src/AMR_ros2_slam_nav2/install/dwb_msgs:/home/nvidia/workspace/alan/src/AMR_ros2_slam_nav2/install/nav_2d_msgs:/home/nvidia/workspace/alan/src/AMR_ros2_slam_nav2/install/nav2_common:${CMAKE_PREFIX_PATH} LD_LIBRARY_PATH=/home/nvidia/workspace/alan/src/AMR_ros2_slam_nav2/install/dwb_core/lib:/home/nvidia/workspace/alan/src/AMR_ros2_slam_nav2/install/costmap_queue/lib:/home/nvidia/workspace/alan/src/AMR_ros2_slam_nav2/install/nav2_costmap_2d/lib:/home/nvidia/workspace/alan/src/AMR_ros2_slam_nav2/install/nav_2d_utils/lib:/home/nvidia/workspace/alan/src/AMR_ros2_slam_nav2/install/nav2_util/lib:/home/nvidia/workspace/alan/src/AMR_ros2_slam_nav2/install/nav2_voxel_grid/lib:/home/nvidia/workspace/alan/src/AMR_ros2_slam_nav2/install/nav2_msgs/lib:/home/nvidia/workspace/alan/src/AMR_ros2_slam_nav2/install/dwb_msgs/lib:/home/nvidia/workspace/alan/src/AMR_ros2_slam_nav2/install/nav_2d_msgs/lib:/home/workspace/ros2/install/opt/yaml_cpp_vendor/lib:/home/workspace/ros2/install/opt/rviz_ogre_vendor/lib:/home/workspace/ros2/install/lib:/usr/local/cuda-10.2/lib64 PYTHONPATH=/home/nvidia/workspace/alan/src/AMR_ros2_slam_nav2/install/nav2_msgs/lib/python3.6/site-packages:/home/nvidia/workspace/alan/src/AMR_ros2_slam_nav2/install/dwb_msgs/lib/python3.6/site-packages:/home/nvidia/workspace/alan/src/AMR_ros2_slam_nav2/install/nav_2d_msgs/lib/python3.6/site-packages:/home/nvidia/workspace/alan/src/AMR_ros2_slam_nav2/install/nav2_common/lib/python3.6/site-packages:/home/workspace/ros2/install/lib/python3.6/site-packages:/usr/local/lib:/usr/local/cuda/bin /usr/local/bin/cmake /home/nvidia/workspace/alan/src/AMR_ros2_slam_nav2/navigation2/nav2_dwb_controller/dwb_critics -DCMAKE_INSTALL_PREFIX=/home/nvidia/workspace/alan/src/AMR_ros2_slam_nav2/install/dwb_critics
[60.005s] Invoking command in '/home/nvidia/workspace/alan/src/AMR_ros2_slam_nav2/build/dwb_critics': AMENT_PREFIX_PATH=/home/nvidia/workspace/alan/src/AMR_ros2_slam_nav2/install/dwb_core:/home/nvidia/workspace/alan/src/AMR_ros2_slam_nav2/install/nav2_core:/home/nvidia/workspace/alan/src/AMR_ros2_slam_nav2/install/costmap_queue:/home/nvidia/workspace/alan/src/AMR_ros2_slam_nav2/install/nav2_costmap_2d:/home/nvidia/workspace/alan/src/AMR_ros2_slam_nav2/install/nav_2d_utils:/home/nvidia/workspace/alan/src/AMR_ros2_slam_nav2/install/nav2_util:/home/nvidia/workspace/alan/src/AMR_ros2_slam_nav2/install/nav2_voxel_grid:/home/nvidia/workspace/alan/src/AMR_ros2_slam_nav2/install/nav2_msgs:/home/nvidia/workspace/alan/src/AMR_ros2_slam_nav2/install/dwb_msgs:/home/nvidia/workspace/alan/src/AMR_ros2_slam_nav2/install/nav_2d_msgs:/home/nvidia/workspace/alan/src/AMR_ros2_slam_nav2/install/nav2_common:${AMENT_PREFIX_PATH} CMAKE_PREFIX_PATH=/home/nvidia/workspace/alan/src/AMR_ros2_slam_nav2/install/dwb_core:/home/nvidia/workspace/alan/src/AMR_ros2_slam_nav2/install/nav2_core:/home/nvidia/workspace/alan/src/AMR_ros2_slam_nav2/install/costmap_queue:/home/nvidia/workspace/alan/src/AMR_ros2_slam_nav2/install/nav2_costmap_2d:/home/nvidia/workspace/alan/src/AMR_ros2_slam_nav2/install/nav_2d_utils:/home/nvidia/workspace/alan/src/AMR_ros2_slam_nav2/install/nav2_util:/home/nvidia/workspace/alan/src/AMR_ros2_slam_nav2/install/nav2_voxel_grid:/home/nvidia/workspace/alan/src/AMR_ros2_slam_nav2/install/nav2_msgs:/home/nvidia/workspace/alan/src/AMR_ros2_slam_nav2/install/dwb_msgs:/home/nvidia/workspace/alan/src/AMR_ros2_slam_nav2/install/nav_2d_msgs:/home/nvidia/workspace/alan/src/AMR_ros2_slam_nav2/install/nav2_common:${CMAKE_PREFIX_PATH} LD_LIBRARY_PATH=/home/nvidia/workspace/alan/src/AMR_ros2_slam_nav2/install/dwb_core/lib:/home/nvidia/workspace/alan/src/AMR_ros2_slam_nav2/install/costmap_queue/lib:/home/nvidia/workspace/alan/src/AMR_ros2_slam_nav2/install/nav2_costmap_2d/lib:/home/nvidia/workspace/alan/src/AMR_ros2_slam_nav2/install/nav_2d_utils/lib:/home/nvidia/workspace/alan/src/AMR_ros2_slam_nav2/install/nav2_util/lib:/home/nvidia/workspace/alan/src/AMR_ros2_slam_nav2/install/nav2_voxel_grid/lib:/home/nvidia/workspace/alan/src/AMR_ros2_slam_nav2/install/nav2_msgs/lib:/home/nvidia/workspace/alan/src/AMR_ros2_slam_nav2/install/dwb_msgs/lib:/home/nvidia/workspace/alan/src/AMR_ros2_slam_nav2/install/nav_2d_msgs/lib:/home/workspace/ros2/install/opt/yaml_cpp_vendor/lib:/home/workspace/ros2/install/opt/rviz_ogre_vendor/lib:/home/workspace/ros2/install/lib:/usr/local/cuda-10.2/lib64 PYTHONPATH=/home/nvidia/workspace/alan/src/AMR_ros2_slam_nav2/install/nav2_msgs/lib/python3.6/site-packages:/home/nvidia/workspace/alan/src/AMR_ros2_slam_nav2/install/dwb_msgs/lib/python3.6/site-packages:/home/nvidia/workspace/alan/src/AMR_ros2_slam_nav2/install/nav_2d_msgs/lib/python3.6/site-packages:/home/nvidia/workspace/alan/src/AMR_ros2_slam_nav2/install/nav2_common/lib/python3.6/site-packages:/home/workspace/ros2/install/lib/python3.6/site-packages:/usr/local/lib:/usr/local/cuda/bin /usr/local/bin/cmake --build /home/nvidia/workspace/alan/src/AMR_ros2_slam_nav2/build/dwb_critics -- -j8 -l8
[60.137s] [35m[1mScanning dependencies of target dwb_critics[0m
[60.971s] [  7%] [32mBuilding CXX object CMakeFiles/dwb_critics.dir/src/alignment_util.cpp.o[0m
[62.034s] [ 15%] [32mBuilding CXX object CMakeFiles/dwb_critics.dir/src/obstacle_footprint.cpp.o[0m
[71.084s] [ 23%] [32mBuilding CXX object CMakeFiles/dwb_critics.dir/src/oscillation.cpp.o[0m
[73.148s] [ 30%] [32mBuilding CXX object CMakeFiles/dwb_critics.dir/src/base_obstacle.cpp.o[0m
[75.223s] [ 38%] [32mBuilding CXX object CMakeFiles/dwb_critics.dir/src/path_align.cpp.o[0m
[99.264s] [ 46%] [32mBuilding CXX object CMakeFiles/dwb_critics.dir/src/twirling.cpp.o[0m
[118.553s] [ 53%] [32mBuilding CXX object CMakeFiles/dwb_critics.dir/src/rotate_to_goal.cpp.o[0m
[133.264s] [ 61%] [32mBuilding CXX object CMakeFiles/dwb_critics.dir/src/prefer_forward.cpp.o[0m
[148.860s] [ 69%] [32mBuilding CXX object CMakeFiles/dwb_critics.dir/src/goal_align.cpp.o[0m
[164.326s] [ 76%] [32mBuilding CXX object CMakeFiles/dwb_critics.dir/src/path_dist.cpp.o[0m
[177.248s] [ 84%] [32mBuilding CXX object CMakeFiles/dwb_critics.dir/src/goal_dist.cpp.o[0m
[189.427s] [ 92%] [32mBuilding CXX object CMakeFiles/dwb_critics.dir/src/map_grid.cpp.o[0m
[202.526s] [100%] [32m[1mLinking CXX shared library libdwb_critics.so[0m
[203.882s] [100%] Built target dwb_critics
[203.934s] Invoked command in '/home/nvidia/workspace/alan/src/AMR_ros2_slam_nav2/build/dwb_critics' returned '0': AMENT_PREFIX_PATH=/home/nvidia/workspace/alan/src/AMR_ros2_slam_nav2/install/dwb_core:/home/nvidia/workspace/alan/src/AMR_ros2_slam_nav2/install/nav2_core:/home/nvidia/workspace/alan/src/AMR_ros2_slam_nav2/install/costmap_queue:/home/nvidia/workspace/alan/src/AMR_ros2_slam_nav2/install/nav2_costmap_2d:/home/nvidia/workspace/alan/src/AMR_ros2_slam_nav2/install/nav_2d_utils:/home/nvidia/workspace/alan/src/AMR_ros2_slam_nav2/install/nav2_util:/home/nvidia/workspace/alan/src/AMR_ros2_slam_nav2/install/nav2_voxel_grid:/home/nvidia/workspace/alan/src/AMR_ros2_slam_nav2/install/nav2_msgs:/home/nvidia/workspace/alan/src/AMR_ros2_slam_nav2/install/dwb_msgs:/home/nvidia/workspace/alan/src/AMR_ros2_slam_nav2/install/nav_2d_msgs:/home/nvidia/workspace/alan/src/AMR_ros2_slam_nav2/install/nav2_common:${AMENT_PREFIX_PATH} CMAKE_PREFIX_PATH=/home/nvidia/workspace/alan/src/AMR_ros2_slam_nav2/install/dwb_core:/home/nvidia/workspace/alan/src/AMR_ros2_slam_nav2/install/nav2_core:/home/nvidia/workspace/alan/src/AMR_ros2_slam_nav2/install/costmap_queue:/home/nvidia/workspace/alan/src/AMR_ros2_slam_nav2/install/nav2_costmap_2d:/home/nvidia/workspace/alan/src/AMR_ros2_slam_nav2/install/nav_2d_utils:/home/nvidia/workspace/alan/src/AMR_ros2_slam_nav2/install/nav2_util:/home/nvidia/workspace/alan/src/AMR_ros2_slam_nav2/install/nav2_voxel_grid:/home/nvidia/workspace/alan/src/AMR_ros2_slam_nav2/install/nav2_msgs:/home/nvidia/workspace/alan/src/AMR_ros2_slam_nav2/install/dwb_msgs:/home/nvidia/workspace/alan/src/AMR_ros2_slam_nav2/install/nav_2d_msgs:/home/nvidia/workspace/alan/src/AMR_ros2_slam_nav2/install/nav2_common:${CMAKE_PREFIX_PATH} LD_LIBRARY_PATH=/home/nvidia/workspace/alan/src/AMR_ros2_slam_nav2/install/dwb_core/lib:/home/nvidia/workspace/alan/src/AMR_ros2_slam_nav2/install/costmap_queue/lib:/home/nvidia/workspace/alan/src/AMR_ros2_slam_nav2/install/nav2_costmap_2d/lib:/home/nvidia/workspace/alan/src/AMR_ros2_slam_nav2/install/nav_2d_utils/lib:/home/nvidia/workspace/alan/src/AMR_ros2_slam_nav2/install/nav2_util/lib:/home/nvidia/workspace/alan/src/AMR_ros2_slam_nav2/install/nav2_voxel_grid/lib:/home/nvidia/workspace/alan/src/AMR_ros2_slam_nav2/install/nav2_msgs/lib:/home/nvidia/workspace/alan/src/AMR_ros2_slam_nav2/install/dwb_msgs/lib:/home/nvidia/workspace/alan/src/AMR_ros2_slam_nav2/install/nav_2d_msgs/lib:/home/workspace/ros2/install/opt/yaml_cpp_vendor/lib:/home/workspace/ros2/install/opt/rviz_ogre_vendor/lib:/home/workspace/ros2/install/lib:/usr/local/cuda-10.2/lib64 PYTHONPATH=/home/nvidia/workspace/alan/src/AMR_ros2_slam_nav2/install/nav2_msgs/lib/python3.6/site-packages:/home/nvidia/workspace/alan/src/AMR_ros2_slam_nav2/install/dwb_msgs/lib/python3.6/site-packages:/home/nvidia/workspace/alan/src/AMR_ros2_slam_nav2/install/nav_2d_msgs/lib/python3.6/site-packages:/home/nvidia/workspace/alan/src/AMR_ros2_slam_nav2/install/nav2_common/lib/python3.6/site-packages:/home/workspace/ros2/install/lib/python3.6/site-packages:/usr/local/lib:/usr/local/cuda/bin /usr/local/bin/cmake --build /home/nvidia/workspace/alan/src/AMR_ros2_slam_nav2/build/dwb_critics -- -j8 -l8
[204.075s] Invoking command in '/home/nvidia/workspace/alan/src/AMR_ros2_slam_nav2/build/dwb_critics': AMENT_PREFIX_PATH=/home/nvidia/workspace/alan/src/AMR_ros2_slam_nav2/install/dwb_core:/home/nvidia/workspace/alan/src/AMR_ros2_slam_nav2/install/nav2_core:/home/nvidia/workspace/alan/src/AMR_ros2_slam_nav2/install/costmap_queue:/home/nvidia/workspace/alan/src/AMR_ros2_slam_nav2/install/nav2_costmap_2d:/home/nvidia/workspace/alan/src/AMR_ros2_slam_nav2/install/nav_2d_utils:/home/nvidia/workspace/alan/src/AMR_ros2_slam_nav2/install/nav2_util:/home/nvidia/workspace/alan/src/AMR_ros2_slam_nav2/install/nav2_voxel_grid:/home/nvidia/workspace/alan/src/AMR_ros2_slam_nav2/install/nav2_msgs:/home/nvidia/workspace/alan/src/AMR_ros2_slam_nav2/install/dwb_msgs:/home/nvidia/workspace/alan/src/AMR_ros2_slam_nav2/install/nav_2d_msgs:/home/nvidia/workspace/alan/src/AMR_ros2_slam_nav2/install/nav2_common:${AMENT_PREFIX_PATH} CMAKE_PREFIX_PATH=/home/nvidia/workspace/alan/src/AMR_ros2_slam_nav2/install/dwb_core:/home/nvidia/workspace/alan/src/AMR_ros2_slam_nav2/install/nav2_core:/home/nvidia/workspace/alan/src/AMR_ros2_slam_nav2/install/costmap_queue:/home/nvidia/workspace/alan/src/AMR_ros2_slam_nav2/install/nav2_costmap_2d:/home/nvidia/workspace/alan/src/AMR_ros2_slam_nav2/install/nav_2d_utils:/home/nvidia/workspace/alan/src/AMR_ros2_slam_nav2/install/nav2_util:/home/nvidia/workspace/alan/src/AMR_ros2_slam_nav2/install/nav2_voxel_grid:/home/nvidia/workspace/alan/src/AMR_ros2_slam_nav2/install/nav2_msgs:/home/nvidia/workspace/alan/src/AMR_ros2_slam_nav2/install/dwb_msgs:/home/nvidia/workspace/alan/src/AMR_ros2_slam_nav2/install/nav_2d_msgs:/home/nvidia/workspace/alan/src/AMR_ros2_slam_nav2/install/nav2_common:${CMAKE_PREFIX_PATH} LD_LIBRARY_PATH=/home/nvidia/workspace/alan/src/AMR_ros2_slam_nav2/install/dwb_core/lib:/home/nvidia/workspace/alan/src/AMR_ros2_slam_nav2/install/costmap_queue/lib:/home/nvidia/workspace/alan/src/AMR_ros2_slam_nav2/install/nav2_costmap_2d/lib:/home/nvidia/workspace/alan/src/AMR_ros2_slam_nav2/install/nav_2d_utils/lib:/home/nvidia/workspace/alan/src/AMR_ros2_slam_nav2/install/nav2_util/lib:/home/nvidia/workspace/alan/src/AMR_ros2_slam_nav2/install/nav2_voxel_grid/lib:/home/nvidia/workspace/alan/src/AMR_ros2_slam_nav2/install/nav2_msgs/lib:/home/nvidia/workspace/alan/src/AMR_ros2_slam_nav2/install/dwb_msgs/lib:/home/nvidia/workspace/alan/src/AMR_ros2_slam_nav2/install/nav_2d_msgs/lib:/home/workspace/ros2/install/opt/yaml_cpp_vendor/lib:/home/workspace/ros2/install/opt/rviz_ogre_vendor/lib:/home/workspace/ros2/install/lib:/usr/local/cuda-10.2/lib64 PYTHONPATH=/home/nvidia/workspace/alan/src/AMR_ros2_slam_nav2/install/nav2_msgs/lib/python3.6/site-packages:/home/nvidia/workspace/alan/src/AMR_ros2_slam_nav2/install/dwb_msgs/lib/python3.6/site-packages:/home/nvidia/workspace/alan/src/AMR_ros2_slam_nav2/install/nav_2d_msgs/lib/python3.6/site-packages:/home/nvidia/workspace/alan/src/AMR_ros2_slam_nav2/install/nav2_common/lib/python3.6/site-packages:/home/workspace/ros2/install/lib/python3.6/site-packages:/usr/local/lib:/usr/local/cuda/bin /usr/local/bin/cmake --install /home/nvidia/workspace/alan/src/AMR_ros2_slam_nav2/build/dwb_critics
[204.088s] -- Install configuration: "Release"
[204.090s] -- Installing: /home/nvidia/workspace/alan/src/AMR_ros2_slam_nav2/install/dwb_critics/lib/libdwb_critics.so
[204.093s] -- Set runtime path of "/home/nvidia/workspace/alan/src/AMR_ros2_slam_nav2/install/dwb_critics/lib/libdwb_critics.so" to ""
[204.094s] -- Installing: /home/nvidia/workspace/alan/src/AMR_ros2_slam_nav2/install/dwb_critics/include/
[204.094s] -- Installing: /home/nvidia/workspace/alan/src/AMR_ros2_slam_nav2/install/dwb_critics/include//dwb_critics
[204.095s] -- Installing: /home/nvidia/workspace/alan/src/AMR_ros2_slam_nav2/install/dwb_critics/include//dwb_critics/line_iterator.hpp
[204.095s] -- Installing: /home/nvidia/workspace/alan/src/AMR_ros2_slam_nav2/install/dwb_critics/include//dwb_critics/goal_dist.hpp
[204.095s] -- Installing: /home/nvidia/workspace/alan/src/AMR_ros2_slam_nav2/install/dwb_critics/include//dwb_critics/oscillation.hpp
[204.096s] -- Installing: /home/nvidia/workspace/alan/src/AMR_ros2_slam_nav2/install/dwb_critics/include//dwb_critics/path_dist.hpp
[204.096s] -- Installing: /home/nvidia/workspace/alan/src/AMR_ros2_slam_nav2/install/dwb_critics/include//dwb_critics/prefer_forward.hpp
[204.097s] -- Installing: /home/nvidia/workspace/alan/src/AMR_ros2_slam_nav2/install/dwb_critics/include//dwb_critics/twirling.hpp
[204.097s] -- Installing: /home/nvidia/workspace/alan/src/AMR_ros2_slam_nav2/install/dwb_critics/include//dwb_critics/map_grid.hpp
[204.098s] -- Installing: /home/nvidia/workspace/alan/src/AMR_ros2_slam_nav2/install/dwb_critics/include//dwb_critics/obstacle_footprint.hpp
[204.098s] -- Installing: /home/nvidia/workspace/alan/src/AMR_ros2_slam_nav2/install/dwb_critics/include//dwb_critics/goal_align.hpp
[204.098s] -- Installing: /home/nvidia/workspace/alan/src/AMR_ros2_slam_nav2/install/dwb_critics/include//dwb_critics/alignment_util.hpp
[204.099s] -- Installing: /home/nvidia/workspace/alan/src/AMR_ros2_slam_nav2/install/dwb_critics/include//dwb_critics/path_align.hpp
[204.099s] -- Installing: /home/nvidia/workspace/alan/src/AMR_ros2_slam_nav2/install/dwb_critics/include//dwb_critics/base_obstacle.hpp
[204.099s] -- Installing: /home/nvidia/workspace/alan/src/AMR_ros2_slam_nav2/install/dwb_critics/include//dwb_critics/rotate_to_goal.hpp
[204.100s] -- Installing: /home/nvidia/workspace/alan/src/AMR_ros2_slam_nav2/install/dwb_critics/share/dwb_critics/default_critics.xml
[204.100s] -- Installing: /home/nvidia/workspace/alan/src/AMR_ros2_slam_nav2/install/dwb_critics/share/dwb_critics/environment/library_path.sh
[204.101s] -- Installing: /home/nvidia/workspace/alan/src/AMR_ros2_slam_nav2/install/dwb_critics/share/dwb_critics/environment/library_path.dsv
[204.101s] -- Up-to-date: /home/nvidia/workspace/alan/src/AMR_ros2_slam_nav2/install/dwb_critics/share/dwb_critics/default_critics.xml
[204.102s] -- Installing: /home/nvidia/workspace/alan/src/AMR_ros2_slam_nav2/install/dwb_critics/share/ament_index/resource_index/package_run_dependencies/dwb_critics
[204.104s] -- Installing: /home/nvidia/workspace/alan/src/AMR_ros2_slam_nav2/install/dwb_critics/share/ament_index/resource_index/parent_prefix_path/dwb_critics
[204.105s] -- Installing: /home/nvidia/workspace/alan/src/AMR_ros2_slam_nav2/install/dwb_critics/share/dwb_critics/environment/ament_prefix_path.sh
[204.106s] -- Installing: /home/nvidia/workspace/alan/src/AMR_ros2_slam_nav2/install/dwb_critics/share/dwb_critics/environment/ament_prefix_path.dsv
[204.107s] -- Installing: /home/nvidia/workspace/alan/src/AMR_ros2_slam_nav2/install/dwb_critics/share/dwb_critics/environment/path.sh
[204.107s] -- Installing: /home/nvidia/workspace/alan/src/AMR_ros2_slam_nav2/install/dwb_critics/share/dwb_critics/environment/path.dsv
[204.108s] -- Installing: /home/nvidia/workspace/alan/src/AMR_ros2_slam_nav2/install/dwb_critics/share/dwb_critics/local_setup.bash
[204.109s] -- Installing: /home/nvidia/workspace/alan/src/AMR_ros2_slam_nav2/install/dwb_critics/share/dwb_critics/local_setup.sh
[204.109s] -- Installing: /home/nvidia/workspace/alan/src/AMR_ros2_slam_nav2/install/dwb_critics/share/dwb_critics/local_setup.zsh
[204.110s] -- Installing: /home/nvidia/workspace/alan/src/AMR_ros2_slam_nav2/install/dwb_critics/share/dwb_critics/local_setup.dsv
[204.111s] -- Installing: /home/nvidia/workspace/alan/src/AMR_ros2_slam_nav2/install/dwb_critics/share/dwb_critics/package.dsv
[204.112s] -- Installing: /home/nvidia/workspace/alan/src/AMR_ros2_slam_nav2/install/dwb_critics/share/ament_index/resource_index/packages/dwb_critics
[204.113s] -- Installing: /home/nvidia/workspace/alan/src/AMR_ros2_slam_nav2/install/dwb_critics/share/ament_index/resource_index/dwb_core__pluginlib__plugin/dwb_critics
[204.114s] -- Installing: /home/nvidia/workspace/alan/src/AMR_ros2_slam_nav2/install/dwb_critics/share/dwb_critics/cmake/ament_cmake_export_include_directories-extras.cmake
[204.115s] -- Installing: /home/nvidia/workspace/alan/src/AMR_ros2_slam_nav2/install/dwb_critics/share/dwb_critics/cmake/ament_cmake_export_libraries-extras.cmake
[204.116s] -- Installing: /home/nvidia/workspace/alan/src/AMR_ros2_slam_nav2/install/dwb_critics/share/dwb_critics/cmake/ament_cmake_export_dependencies-extras.cmake
[204.116s] -- Installing: /home/nvidia/workspace/alan/src/AMR_ros2_slam_nav2/install/dwb_critics/share/dwb_critics/cmake/ament_cmake_export_definitions-extras.cmake
[204.117s] -- Installing: /home/nvidia/workspace/alan/src/AMR_ros2_slam_nav2/install/dwb_critics/share/dwb_critics/cmake/dwb_criticsConfig.cmake
[204.118s] -- Installing: /home/nvidia/workspace/alan/src/AMR_ros2_slam_nav2/install/dwb_critics/share/dwb_critics/cmake/dwb_criticsConfig-version.cmake
[204.118s] -- Installing: /home/nvidia/workspace/alan/src/AMR_ros2_slam_nav2/install/dwb_critics/share/dwb_critics/package.xml
[204.130s] Invoked command in '/home/nvidia/workspace/alan/src/AMR_ros2_slam_nav2/build/dwb_critics' returned '0': AMENT_PREFIX_PATH=/home/nvidia/workspace/alan/src/AMR_ros2_slam_nav2/install/dwb_core:/home/nvidia/workspace/alan/src/AMR_ros2_slam_nav2/install/nav2_core:/home/nvidia/workspace/alan/src/AMR_ros2_slam_nav2/install/costmap_queue:/home/nvidia/workspace/alan/src/AMR_ros2_slam_nav2/install/nav2_costmap_2d:/home/nvidia/workspace/alan/src/AMR_ros2_slam_nav2/install/nav_2d_utils:/home/nvidia/workspace/alan/src/AMR_ros2_slam_nav2/install/nav2_util:/home/nvidia/workspace/alan/src/AMR_ros2_slam_nav2/install/nav2_voxel_grid:/home/nvidia/workspace/alan/src/AMR_ros2_slam_nav2/install/nav2_msgs:/home/nvidia/workspace/alan/src/AMR_ros2_slam_nav2/install/dwb_msgs:/home/nvidia/workspace/alan/src/AMR_ros2_slam_nav2/install/nav_2d_msgs:/home/nvidia/workspace/alan/src/AMR_ros2_slam_nav2/install/nav2_common:${AMENT_PREFIX_PATH} CMAKE_PREFIX_PATH=/home/nvidia/workspace/alan/src/AMR_ros2_slam_nav2/install/dwb_core:/home/nvidia/workspace/alan/src/AMR_ros2_slam_nav2/install/nav2_core:/home/nvidia/workspace/alan/src/AMR_ros2_slam_nav2/install/costmap_queue:/home/nvidia/workspace/alan/src/AMR_ros2_slam_nav2/install/nav2_costmap_2d:/home/nvidia/workspace/alan/src/AMR_ros2_slam_nav2/install/nav_2d_utils:/home/nvidia/workspace/alan/src/AMR_ros2_slam_nav2/install/nav2_util:/home/nvidia/workspace/alan/src/AMR_ros2_slam_nav2/install/nav2_voxel_grid:/home/nvidia/workspace/alan/src/AMR_ros2_slam_nav2/install/nav2_msgs:/home/nvidia/workspace/alan/src/AMR_ros2_slam_nav2/install/dwb_msgs:/home/nvidia/workspace/alan/src/AMR_ros2_slam_nav2/install/nav_2d_msgs:/home/nvidia/workspace/alan/src/AMR_ros2_slam_nav2/install/nav2_common:${CMAKE_PREFIX_PATH} LD_LIBRARY_PATH=/home/nvidia/workspace/alan/src/AMR_ros2_slam_nav2/install/dwb_core/lib:/home/nvidia/workspace/alan/src/AMR_ros2_slam_nav2/install/costmap_queue/lib:/home/nvidia/workspace/alan/src/AMR_ros2_slam_nav2/install/nav2_costmap_2d/lib:/home/nvidia/workspace/alan/src/AMR_ros2_slam_nav2/install/nav_2d_utils/lib:/home/nvidia/workspace/alan/src/AMR_ros2_slam_nav2/install/nav2_util/lib:/home/nvidia/workspace/alan/src/AMR_ros2_slam_nav2/install/nav2_voxel_grid/lib:/home/nvidia/workspace/alan/src/AMR_ros2_slam_nav2/install/nav2_msgs/lib:/home/nvidia/workspace/alan/src/AMR_ros2_slam_nav2/install/dwb_msgs/lib:/home/nvidia/workspace/alan/src/AMR_ros2_slam_nav2/install/nav_2d_msgs/lib:/home/workspace/ros2/install/opt/yaml_cpp_vendor/lib:/home/workspace/ros2/install/opt/rviz_ogre_vendor/lib:/home/workspace/ros2/install/lib:/usr/local/cuda-10.2/lib64 PYTHONPATH=/home/nvidia/workspace/alan/src/AMR_ros2_slam_nav2/install/nav2_msgs/lib/python3.6/site-packages:/home/nvidia/workspace/alan/src/AMR_ros2_slam_nav2/install/dwb_msgs/lib/python3.6/site-packages:/home/nvidia/workspace/alan/src/AMR_ros2_slam_nav2/install/nav_2d_msgs/lib/python3.6/site-packages:/home/nvidia/workspace/alan/src/AMR_ros2_slam_nav2/install/nav2_common/lib/python3.6/site-packages:/home/workspace/ros2/install/lib/python3.6/site-packages:/usr/local/lib:/usr/local/cuda/bin /usr/local/bin/cmake --install /home/nvidia/workspace/alan/src/AMR_ros2_slam_nav2/build/dwb_critics
