-- The C compiler identification is GNU 7.5.0
-- The CXX compiler identification is GNU 7.5.0
-- Check for working C compiler: /usr/bin/cc
-- Check for working C compiler: /usr/bin/cc -- works
-- Detecting C compiler ABI info
-- Detecting C compiler ABI info - done
-- Detecting C compile features
-- Detecting C compile features - done
-- Check for working CXX compiler: /usr/bin/c++
-- Check for working CXX compiler: /usr/bin/c++ -- works
-- Detecting CXX compiler ABI info
-- Detecting CXX compiler ABI info - done
-- Detecting CXX compile features
-- Detecting CXX compile features - done
-- Found ament_cmake: 0.9.9 (/home/workspace/ros2/install/share/ament_cmake/cmake)
-- Found PythonInterp: /usr/bin/python3 (found suitable version "3.6.9", minimum required is "3") 
-- Using PYTHON_EXECUTABLE: /usr/bin/python3
-- Found camera_info_manager: 2.3.0 (/home/nvidia/workspace/alan/src/AMR_ros2_slam_nav2/install/camera_info_manager/share/camera_info_manager/cmake)
-- Using all available rosidl_typesupport_c: rosidl_typesupport_fastrtps_c;rosidl_typesupport_introspection_c
-- Found rosidl_adapter: 1.2.1 (/home/workspace/ros2/install/share/rosidl_adapter/cmake)
-- Found OpenSSL: /usr/lib/aarch64-linux-gnu/libcrypto.so (found version "1.1.1")  
-- Found FastRTPS: /home/workspace/ros2/install/include  
-- Using all available rosidl_typesupport_cpp: rosidl_typesupport_fastrtps_cpp;rosidl_typesupport_introspection_cpp
-- Found rmw_implementation_cmake: 1.0.3 (/home/workspace/ros2/install/share/rmw_implementation_cmake/cmake)
-- Using RMW implementation 'rmw_fastrtps_cpp' as default
-- Looking for pthread.h
-- Looking for pthread.h - found
-- Performing Test CMAKE_HAVE_LIBC_PTHREAD
-- Performing Test CMAKE_HAVE_LIBC_PTHREAD - Failed
-- Looking for pthread_create in pthreads
-- Looking for pthread_create in pthreads - not found
-- Looking for pthread_create in pthread
-- Looking for pthread_create in pthread - found
-- Found Threads: TRUE  
-- Setting yaml-cpp_DIR to: '/home/workspace/ros2/install/share/yaml_cpp_vendor/cmake/../../../opt/yaml_cpp_vendor/lib/cmake/yaml-cpp'
-- Found gazebo_dev: 3.5.3 (/home/nvidia/workspace/alan/src/AMR_ros2_slam_nav2/install/gazebo_dev/share/gazebo_dev/cmake)
-- Found PkgConfig: /usr/bin/pkg-config (found version "0.29.1") 
-- Checking for module 'bullet>=2.82'
--   Found bullet, version 2.87
-- Found Simbody: /usr/include/simbody  
-- Found Boost: /usr/include (found suitable version "1.65.1", minimum required is "1.40.0") found components: thread signals system filesystem program_options regex iostreams date_time chrono atomic 
-- Found Protobuf: /usr/lib/aarch64-linux-gnu/libprotobuf.so;-lpthread (found version "3.0.0") 
-- Found Boost: /usr/include (found version "1.65.1")  
-- Looking for OGRE...
-- OGRE_PREFIX_WATCH changed.
-- Checking for module 'OGRE'
--   Found OGRE, version 1.9.0
-- Found Ogre Ghadamon (1.9.0)
-- Found OGRE: optimized;/usr/lib/aarch64-linux-gnu/libOgreMain.so;debug;/usr/lib/aarch64-linux-gnu/libOgreMain.so
-- Looking for OGRE_Paging...
-- Found OGRE_Paging: optimized;/usr/lib/aarch64-linux-gnu/libOgrePaging.so;debug;/usr/lib/aarch64-linux-gnu/libOgrePaging.so
-- Looking for OGRE_Terrain...
-- Found OGRE_Terrain: optimized;/usr/lib/aarch64-linux-gnu/libOgreTerrain.so;debug;/usr/lib/aarch64-linux-gnu/libOgreTerrain.so
-- Looking for OGRE_Property...
-- Found OGRE_Property: optimized;/usr/lib/aarch64-linux-gnu/libOgreProperty.so;debug;/usr/lib/aarch64-linux-gnu/libOgreProperty.so
-- Looking for OGRE_RTShaderSystem...
-- Found OGRE_RTShaderSystem: optimized;/usr/lib/aarch64-linux-gnu/libOgreRTShaderSystem.so;debug;/usr/lib/aarch64-linux-gnu/libOgreRTShaderSystem.so
-- Looking for OGRE_Volume...
-- Found OGRE_Volume: optimized;/usr/lib/aarch64-linux-gnu/libOgreVolume.so;debug;/usr/lib/aarch64-linux-gnu/libOgreVolume.so
-- Looking for OGRE_Overlay...
-- Found OGRE_Overlay: optimized;/usr/lib/aarch64-linux-gnu/libOgreOverlay.so;debug;/usr/lib/aarch64-linux-gnu/libOgreOverlay.so
-- Found Protobuf: /usr/lib/aarch64-linux-gnu/libprotobuf.so;-lpthread (found suitable version "3.0.0", minimum required is "2.3.0") 
-- Config-file not installed for ZeroMQ -- checking for pkg-config
-- Checking for module 'libzmq >= 4'
--   Found libzmq , version 4.2.5
-- Found ZeroMQ: TRUE (Required is at least version "4") 
-- Checking for module 'uuid'
--   Found uuid, version 2.31.1
-- Found UUID: TRUE  
-- Checking for module 'tinyxml2'
--   Found tinyxml2, version 6.0.0
-- Looking for dlfcn.h - found
-- Looking for libdl - found
-- Found DL: TRUE  
-- FreeImage.pc not found, we will search for FreeImage_INCLUDE_DIRS and FreeImage_LIBRARIES
-- Found UUID: TRUE  
-- Checking for module 'gts'
--   Found gts, version 0.7.6
-- Found GTS: TRUE  
-- Checking for module 'libswscale'
--   Found libswscale, version 4.8.100
-- Found SWSCALE: TRUE  
-- Checking for module 'libavdevice >= 56.4.100'
--   Found libavdevice , version 57.10.100
-- Found AVDEVICE: TRUE (Required is at least version "56.4.100") 
-- Checking for module 'libavformat'
--   Found libavformat, version 57.83.100
-- Found AVFORMAT: TRUE  
-- Checking for module 'libavcodec'
--   Found libavcodec, version 57.107.100
-- Found AVCODEC: TRUE  
-- Checking for module 'libavutil'
--   Found libavutil, version 55.78.100
-- Found AVUTIL: TRUE  
-- Found CURL: /usr/lib/aarch64-linux-gnu/libcurl.so (found version "7.81.0-DEV")  
-- Checking for module 'jsoncpp'
--   Found jsoncpp, version 1.7.4
-- Found JSONCPP: TRUE  
-- Checking for module 'yaml-0.1'
--   Found yaml-0.1, version 0.1.7
-- Found YAML: TRUE  
-- Checking for module 'libzip'
--   Found libzip, version 1.1.2
-- Found ZIP: TRUE  
-- Gazebo version: 9.0
-- Found gazebo_msgs: 3.5.3 (/home/nvidia/workspace/alan/src/AMR_ros2_slam_nav2/install/gazebo_msgs/share/gazebo_msgs/cmake)
-- Found gazebo_ros: 3.5.3 (/home/nvidia/workspace/alan/src/AMR_ros2_slam_nav2/install/gazebo_ros/share/gazebo_ros/cmake)
-- Found image_transport: 2.3.0 (/home/nvidia/workspace/alan/src/AMR_ros2_slam_nav2/install/image_transport/share/image_transport/cmake)
-- Found cv_bridge: 2.2.1 (/home/nvidia/workspace/alan/src/AMR_ros2_slam_nav2/install/cv_bridge/share/cv_bridge/cmake)
-- Found nav_msgs: 2.0.4 (/home/workspace/ros2/install/share/nav_msgs/cmake)
-- Found std_srvs: 2.0.4 (/home/workspace/ros2/install/share/std_srvs/cmake)
-- Found tf2: 0.13.12 (/home/workspace/ros2/install/share/tf2/cmake)
-- Found tf2_geometry_msgs: 0.13.12 (/home/workspace/ros2/install/share/tf2_geometry_msgs/cmake)
-- Found eigen3_cmake_module: 0.1.1 (/home/workspace/ros2/install/share/eigen3_cmake_module/cmake)
-- Found Eigen3: TRUE (found version "3.3.4") 
-- Found ament_cmake_gtest: 0.9.9 (/home/workspace/ros2/install/share/ament_cmake_gtest/cmake)
-- Found gtest sources under '/home/workspace/ros2/install/src/gtest_vendor': C++ tests using 'Google Test' will be built
-- Check if compiler accepts -pthread
-- Check if compiler accepts -pthread - yes
-- Found ament_lint_auto: 0.9.6 (/home/workspace/ros2/install/share/ament_lint_auto/cmake)
-- Added test 'copyright' to check source files copyright and LICENSE
-- Added test 'cppcheck' to perform static code analysis on C / C++ code
-- Configured cppcheck include dirs: /home/nvidia/workspace/alan/src/AMR_ros2_slam_nav2/gazebo_ros_pkgs/gazebo_plugins/include
-- Configured cppcheck exclude dirs and/or files: 
-- Added test 'cpplint' to check C / C++ code against the Google style
-- Configured cpplint exclude dirs and/or files: 
-- Added test 'lint_cmake' to check CMake code style
-- Added test 'uncrustify' to check C / C++ code style
-- Configured uncrustify additional arguments: 
-- Added test 'xmllint' to check XML markup files
-- Configuring done
-- Generating done
-- Build files have been written to: /home/nvidia/workspace/alan/src/AMR_ros2_slam_nav2/build/gazebo_plugins
[35m[1mScanning dependencies of target gazebo_ros_planar_move[0m
[  1%] [32mBuilding CXX object CMakeFiles/gazebo_ros_planar_move.dir/src/gazebo_ros_planar_move.cpp.o[0m
[35m[1mScanning dependencies of target gazebo_ros_template[0m
[  2%] [32mBuilding CXX object CMakeFiles/gazebo_ros_template.dir/src/gazebo_ros_template.cpp.o[0m
[35m[1mScanning dependencies of target gazebo_ros_diff_drive[0m
[35m[1mScanning dependencies of target gazebo_ros_hand_of_god[0m
[  3%] [32mBuilding CXX object CMakeFiles/gazebo_ros_diff_drive.dir/src/gazebo_ros_diff_drive.cpp.o[0m
[35m[1mScanning dependencies of target gazebo_ros_force[0m
[  4%] [32mBuilding CXX object CMakeFiles/gazebo_ros_hand_of_god.dir/src/gazebo_ros_hand_of_god.cpp.o[0m
[  6%] [32mBuilding CXX object CMakeFiles/gazebo_ros_force.dir/src/gazebo_ros_force.cpp.o[0m
[  7%] [32m[1mLinking CXX shared library libgazebo_ros_planar_move.so[0m
[  7%] Built target gazebo_ros_planar_move
[  8%] [32m[1mLinking CXX shared library libgazebo_ros_template.so[0m
[  8%] Built target gazebo_ros_template
[  9%] [32m[1mLinking CXX shared library libgazebo_ros_hand_of_god.so[0m
[  9%] Built target gazebo_ros_hand_of_god
[ 10%] [32m[1mLinking CXX shared library libgazebo_ros_force.so[0m
[ 10%] Built target gazebo_ros_force
[ 12%] [32m[1mLinking CXX shared library libgazebo_ros_diff_drive.so[0m
[ 12%] Built target gazebo_ros_diff_drive
[35m[1mScanning dependencies of target gazebo_ros_elevator[0m
[ 13%] [32mBuilding CXX object CMakeFiles/gazebo_ros_elevator.dir/src/gazebo_ros_elevator.cpp.o[0m
[ 14%] [32m[1mLinking CXX shared library libgazebo_ros_elevator.so[0m
[ 14%] Built target gazebo_ros_elevator
[35m[1mScanning dependencies of target gazebo_ros_imu_sensor[0m
[ 15%] [32mBuilding CXX object CMakeFiles/gazebo_ros_imu_sensor.dir/src/gazebo_ros_imu_sensor.cpp.o[0m
[ 17%] [32m[1mLinking CXX shared library libgazebo_ros_imu_sensor.so[0m
[ 17%] Built target gazebo_ros_imu_sensor
[35m[1mScanning dependencies of target gazebo_ros_video[0m
[ 18%] [32mBuilding CXX object CMakeFiles/gazebo_ros_video.dir/src/gazebo_ros_video.cpp.o[0m
[35m[1mScanning dependencies of target gazebo_ros_gps_sensor[0m
[35m[1mScanning dependencies of target multi_camera_plugin[0m
[ 19%] [32mBuilding CXX object CMakeFiles/gazebo_ros_gps_sensor.dir/src/gazebo_ros_gps_sensor.cpp.o[0m
[ 20%] [32mBuilding CXX object CMakeFiles/multi_camera_plugin.dir/src/multi_camera_plugin.cpp.o[0m
[35m[1mScanning dependencies of target gazebo_ros_ray_sensor[0m
[35m[1mScanning dependencies of target gazebo_ros_joint_state_publisher[0m
[ 21%] [32mBuilding CXX object CMakeFiles/gazebo_ros_ray_sensor.dir/src/gazebo_ros_ray_sensor.cpp.o[0m
[ 23%] [32mBuilding CXX object CMakeFiles/gazebo_ros_joint_state_publisher.dir/src/gazebo_ros_joint_state_publisher.cpp.o[0m
[35m[1mScanning dependencies of target gazebo_ros_vacuum_gripper[0m
[ 24%] [32mBuilding CXX object CMakeFiles/gazebo_ros_vacuum_gripper.dir/src/gazebo_ros_vacuum_gripper.cpp.o[0m
[ 25%] [32m[1mLinking CXX shared library libgazebo_ros_gps_sensor.so[0m
[ 25%] Built target gazebo_ros_gps_sensor
[ 26%] [32m[1mLinking CXX shared library libgazebo_ros_joint_state_publisher.so[0m
[ 28%] [32m[1mLinking CXX shared library libgazebo_ros_vacuum_gripper.so[0m
[ 28%] Built target gazebo_ros_joint_state_publisher
[ 29%] [32m[1mLinking CXX shared library libmulti_camera_plugin.so[0m
[ 29%] Built target gazebo_ros_vacuum_gripper
[ 29%] Built target multi_camera_plugin
[ 30%] [32m[1mLinking CXX shared library libgazebo_ros_ray_sensor.so[0m
[ 30%] Built target gazebo_ros_ray_sensor
[ 31%] [32m[1mLinking CXX shared library libgazebo_ros_video.so[0m
[ 31%] Built target gazebo_ros_video
[35m[1mScanning dependencies of target gazebo_ros_projector[0m
[ 32%] [32mBuilding CXX object CMakeFiles/gazebo_ros_projector.dir/src/gazebo_ros_projector.cpp.o[0m
[35m[1mScanning dependencies of target gazebo_ros_bumper[0m
[ 34%] [32mBuilding CXX object CMakeFiles/gazebo_ros_bumper.dir/src/gazebo_ros_bumper.cpp.o[0m
[35m[1mScanning dependencies of target gazebo_ros_tricycle_drive[0m
[35m[1mScanning dependencies of target gazebo_ros_ft_sensor[0m
[ 35%] [32mBuilding CXX object CMakeFiles/gazebo_ros_tricycle_drive.dir/src/gazebo_ros_tricycle_drive.cpp.o[0m
[35m[1mScanning dependencies of target gazebo_ros_harness[0m
[ 36%] [32mBuilding CXX object CMakeFiles/gazebo_ros_ft_sensor.dir/src/gazebo_ros_ft_sensor.cpp.o[0m
[35m[1mScanning dependencies of target gazebo_ros_p3d[0m
[ 37%] [32mBuilding CXX object CMakeFiles/gazebo_ros_harness.dir/src/gazebo_ros_harness.cpp.o[0m
[ 39%] [32mBuilding CXX object CMakeFiles/gazebo_ros_p3d.dir/src/gazebo_ros_p3d.cpp.o[0m
[ 40%] [32m[1mLinking CXX shared library libgazebo_ros_projector.so[0m
[ 40%] Built target gazebo_ros_projector
[ 41%] [32m[1mLinking CXX shared library libgazebo_ros_bumper.so[0m
[ 42%] [32m[1mLinking CXX shared library libgazebo_ros_ft_sensor.so[0m
[ 42%] Built target gazebo_ros_ft_sensor
[ 42%] Built target gazebo_ros_bumper
[ 43%] [32m[1mLinking CXX shared library libgazebo_ros_p3d.so[0m
[ 43%] Built target gazebo_ros_p3d
[ 45%] [32m[1mLinking CXX shared library libgazebo_ros_harness.so[0m
[ 45%] Built target gazebo_ros_harness
[ 46%] [32m[1mLinking CXX shared library libgazebo_ros_tricycle_drive.so[0m
[ 46%] Built target gazebo_ros_tricycle_drive
[35m[1mScanning dependencies of target gazebo_ros_camera[0m
[ 47%] [32mBuilding CXX object CMakeFiles/gazebo_ros_camera.dir/src/gazebo_ros_camera.cpp.o[0m
[ 48%] [32m[1mLinking CXX shared library libgazebo_ros_camera.so[0m
[ 48%] Built target gazebo_ros_camera
[35m[1mScanning dependencies of target gtest_main[0m
[ 50%] [32mBuilding CXX object gtest/CMakeFiles/gtest_main.dir/src/gtest_main.cc.o[0m
[ 51%] [32m[1mLinking CXX static library libgtest_main.a[0m
[ 51%] Built target gtest_main
[35m[1mScanning dependencies of target gtest[0m
[ 52%] [32mBuilding CXX object gtest/CMakeFiles/gtest.dir/src/gtest-all.cc.o[0m
[ 53%] [32m[1mLinking CXX static library libgtest.a[0m
[ 53%] Built target gtest
[35m[1mScanning dependencies of target gazebo_ros_ackermann_drive[0m
[ 54%] [32mBuilding CXX object CMakeFiles/gazebo_ros_ackermann_drive.dir/src/gazebo_ros_ackermann_drive.cpp.o[0m
[35m[1mScanning dependencies of target test_gazebo_ros_ackermann_drive[0m
[35m[1mScanning dependencies of target test_gazebo_ros_diff_drive[0m
[ 56%] [32mBuilding CXX object test/CMakeFiles/test_gazebo_ros_ackermann_drive.dir/test_gazebo_ros_ackermann_drive.cpp.o[0m
[ 57%] [32mBuilding CXX object test/CMakeFiles/test_gazebo_ros_diff_drive.dir/test_gazebo_ros_diff_drive.cpp.o[0m
[35m[1mScanning dependencies of target test_gazebo_ros_elevator[0m
[35m[1mScanning dependencies of target test_gazebo_ros_ft_sensor[0m
[ 58%] [32mBuilding CXX object test/CMakeFiles/test_gazebo_ros_elevator.dir/test_gazebo_ros_elevator.cpp.o[0m
[35m[1mScanning dependencies of target test_gazebo_ros_force[0m
[35m[1mScanning dependencies of target test_gazebo_ros_vacuum_gripper[0m
[ 59%] [32mBuilding CXX object test/CMakeFiles/test_gazebo_ros_ft_sensor.dir/test_gazebo_ros_ft_sensor.cpp.o[0m
[ 60%] [32mBuilding CXX object test/CMakeFiles/test_gazebo_ros_force.dir/test_gazebo_ros_force.cpp.o[0m
[ 62%] [32mBuilding CXX object test/CMakeFiles/test_gazebo_ros_vacuum_gripper.dir/test_gazebo_ros_vacuum_gripper.cpp.o[0m
[ 63%] [32m[1mLinking CXX shared library libgazebo_ros_ackermann_drive.so[0m
[ 63%] Built target gazebo_ros_ackermann_drive
[ 64%] [32m[1mLinking CXX executable test_gazebo_ros_vacuum_gripper[0m
[ 65%] [32m[1mLinking CXX executable test_gazebo_ros_elevator[0m
[ 67%] [32m[1mLinking CXX executable test_gazebo_ros_force[0m
[ 67%] Built target test_gazebo_ros_vacuum_gripper
[ 67%] Built target test_gazebo_ros_elevator
[ 67%] Built target test_gazebo_ros_force
[ 68%] [32m[1mLinking CXX executable test_gazebo_ros_ackermann_drive[0m
[ 69%] [32m[1mLinking CXX executable test_gazebo_ros_ft_sensor[0m
[ 70%] [32m[1mLinking CXX executable test_gazebo_ros_diff_drive[0m
[ 70%] Built target test_gazebo_ros_ackermann_drive
[ 70%] Built target test_gazebo_ros_ft_sensor
[ 70%] Built target test_gazebo_ros_diff_drive
[35m[1mScanning dependencies of target test_gazebo_ros_planar_move[0m
[ 71%] [32mBuilding CXX object test/CMakeFiles/test_gazebo_ros_planar_move.dir/test_gazebo_ros_planar_move.cpp.o[0m
[ 73%] [32m[1mLinking CXX executable test_gazebo_ros_planar_move[0m
[ 73%] Built target test_gazebo_ros_planar_move
[35m[1mScanning dependencies of target test_gazebo_ros_joint_state_publisher[0m
[ 74%] [32mBuilding CXX object test/CMakeFiles/test_gazebo_ros_joint_state_publisher.dir/test_gazebo_ros_joint_state_publisher.cpp.o[0m
[ 75%] [32m[1mLinking CXX executable test_gazebo_ros_joint_state_publisher[0m
[ 75%] Built target test_gazebo_ros_joint_state_publisher
[35m[1mScanning dependencies of target test_gazebo_ros_p3d[0m
[ 76%] [32mBuilding CXX object test/CMakeFiles/test_gazebo_ros_p3d.dir/test_gazebo_ros_p3d.cpp.o[0m
[ 78%] [32m[1mLinking CXX executable test_gazebo_ros_p3d[0m
[ 78%] Built target test_gazebo_ros_p3d
[35m[1mScanning dependencies of target test_gazebo_ros_bumper[0m
[ 79%] [32mBuilding CXX object test/CMakeFiles/test_gazebo_ros_bumper.dir/test_gazebo_ros_bumper.cpp.o[0m
[35m[1mScanning dependencies of target test_gazebo_ros_ray_sensor[0m
[ 80%] [32mBuilding CXX object test/CMakeFiles/test_gazebo_ros_ray_sensor.dir/test_gazebo_ros_ray_sensor.cpp.o[0m
[ 81%] [32m[1mLinking CXX executable test_gazebo_ros_bumper[0m
[35m[1mScanning dependencies of target test_gazebo_ros_gps_sensor[0m
[ 82%] [32mBuilding CXX object test/CMakeFiles/test_gazebo_ros_gps_sensor.dir/test_gazebo_ros_gps_sensor.cpp.o[0m
[35m[1mScanning dependencies of target test_gazebo_ros_imu_sensor[0m
[ 84%] [32mBuilding CXX object test/CMakeFiles/test_gazebo_ros_imu_sensor.dir/test_gazebo_ros_imu_sensor.cpp.o[0m
[ 84%] Built target test_gazebo_ros_bumper
[ 85%] [32m[1mLinking CXX executable test_gazebo_ros_gps_sensor[0m
[ 86%] [32m[1mLinking CXX executable test_gazebo_ros_imu_sensor[0m
[ 86%] Built target test_gazebo_ros_gps_sensor
[ 86%] Built target test_gazebo_ros_imu_sensor
[ 87%] [32m[1mLinking CXX executable test_gazebo_ros_ray_sensor[0m
[ 87%] Built target test_gazebo_ros_ray_sensor
[35m[1mScanning dependencies of target test_gazebo_ros_tricycle_drive[0m
[ 89%] [32mBuilding CXX object test/CMakeFiles/test_gazebo_ros_tricycle_drive.dir/test_gazebo_ros_tricycle_drive.cpp.o[0m
[ 90%] [32m[1mLinking CXX executable test_gazebo_ros_tricycle_drive[0m
[ 90%] Built target test_gazebo_ros_tricycle_drive
[35m[1mScanning dependencies of target test_gazebo_ros_harness[0m
[35m[1mScanning dependencies of target test_gazebo_ros_joint_pose_trajectory[0m
[35m[1mScanning dependencies of target test_gazebo_ros_hand_of_god[0m
[ 91%] [32mBuilding CXX object test/CMakeFiles/test_gazebo_ros_harness.dir/test_gazebo_ros_harness.cpp.o[0m
[ 92%] [32mBuilding CXX object test/CMakeFiles/test_gazebo_ros_hand_of_god.dir/test_gazebo_ros_hand_of_god.cpp.o[0m
[ 93%] [32mBuilding CXX object test/CMakeFiles/test_gazebo_ros_joint_pose_trajectory.dir/test_gazebo_ros_joint_pose_trajectory.cpp.o[0m
[ 95%] [32m[1mLinking CXX executable test_gazebo_ros_joint_pose_trajectory[0m
[ 96%] [32m[1mLinking CXX executable test_gazebo_ros_hand_of_god[0m
[ 97%] [32m[1mLinking CXX executable test_gazebo_ros_harness[0m
[ 97%] Built target test_gazebo_ros_joint_pose_trajectory
[35m[1mScanning dependencies of target gazebo_ros_joint_pose_trajectory[0m
[ 97%] Built target test_gazebo_ros_hand_of_god
[ 98%] [32mBuilding CXX object CMakeFiles/gazebo_ros_joint_pose_trajectory.dir/src/gazebo_ros_joint_pose_trajectory.cpp.o[0m
[ 98%] Built target test_gazebo_ros_harness
[100%] [32m[1mLinking CXX shared library libgazebo_ros_joint_pose_trajectory.so[0m
[100%] Built target gazebo_ros_joint_pose_trajectory
-- Install configuration: ""
-- Installing: /home/nvidia/workspace/alan/src/AMR_ros2_slam_nav2/install/gazebo_plugins/share/gazebo_plugins/environment/library_path.sh
-- Installing: /home/nvidia/workspace/alan/src/AMR_ros2_slam_nav2/install/gazebo_plugins/share/gazebo_plugins/environment/library_path.dsv
-- Installing: /home/nvidia/workspace/alan/src/AMR_ros2_slam_nav2/install/gazebo_plugins/share/gazebo_plugins/environment/gazebo_plugins.sh
-- Installing: /home/nvidia/workspace/alan/src/AMR_ros2_slam_nav2/install/gazebo_plugins/share/gazebo_plugins/environment/gazebo_plugins.dsv
-- Installing: /home/nvidia/workspace/alan/src/AMR_ros2_slam_nav2/install/gazebo_plugins/share/ament_index/resource_index/package_run_dependencies/gazebo_plugins
-- Installing: /home/nvidia/workspace/alan/src/AMR_ros2_slam_nav2/install/gazebo_plugins/share/ament_index/resource_index/parent_prefix_path/gazebo_plugins
-- Installing: /home/nvidia/workspace/alan/src/AMR_ros2_slam_nav2/install/gazebo_plugins/share/gazebo_plugins/environment/ament_prefix_path.sh
-- Installing: /home/nvidia/workspace/alan/src/AMR_ros2_slam_nav2/install/gazebo_plugins/share/gazebo_plugins/environment/ament_prefix_path.dsv
-- Installing: /home/nvidia/workspace/alan/src/AMR_ros2_slam_nav2/install/gazebo_plugins/share/gazebo_plugins/environment/path.sh
-- Installing: /home/nvidia/workspace/alan/src/AMR_ros2_slam_nav2/install/gazebo_plugins/share/gazebo_plugins/environment/path.dsv
-- Installing: /home/nvidia/workspace/alan/src/AMR_ros2_slam_nav2/install/gazebo_plugins/share/gazebo_plugins/local_setup.bash
-- Installing: /home/nvidia/workspace/alan/src/AMR_ros2_slam_nav2/install/gazebo_plugins/share/gazebo_plugins/local_setup.sh
-- Installing: /home/nvidia/workspace/alan/src/AMR_ros2_slam_nav2/install/gazebo_plugins/share/gazebo_plugins/local_setup.zsh
-- Installing: /home/nvidia/workspace/alan/src/AMR_ros2_slam_nav2/install/gazebo_plugins/share/gazebo_plugins/local_setup.dsv
-- Installing: /home/nvidia/workspace/alan/src/AMR_ros2_slam_nav2/install/gazebo_plugins/share/gazebo_plugins/package.dsv
-- Installing: /home/nvidia/workspace/alan/src/AMR_ros2_slam_nav2/install/gazebo_plugins/share/ament_index/resource_index/packages/gazebo_plugins
-- Installing: /home/nvidia/workspace/alan/src/AMR_ros2_slam_nav2/install/gazebo_plugins/share/gazebo_plugins/cmake/ament_cmake_export_libraries-extras.cmake
-- Installing: /home/nvidia/workspace/alan/src/AMR_ros2_slam_nav2/install/gazebo_plugins/share/gazebo_plugins/cmake/ament_cmake_export_include_directories-extras.cmake
-- Installing: /home/nvidia/workspace/alan/src/AMR_ros2_slam_nav2/install/gazebo_plugins/share/gazebo_plugins/cmake/ament_cmake_export_dependencies-extras.cmake
-- Installing: /home/nvidia/workspace/alan/src/AMR_ros2_slam_nav2/install/gazebo_plugins/share/gazebo_plugins/cmake/gazebo_pluginsConfig.cmake
-- Installing: /home/nvidia/workspace/alan/src/AMR_ros2_slam_nav2/install/gazebo_plugins/share/gazebo_plugins/cmake/gazebo_pluginsConfig-version.cmake
-- Installing: /home/nvidia/workspace/alan/src/AMR_ros2_slam_nav2/install/gazebo_plugins/share/gazebo_plugins/package.xml
-- Installing: /home/nvidia/workspace/alan/src/AMR_ros2_slam_nav2/install/gazebo_plugins/include
-- Installing: /home/nvidia/workspace/alan/src/AMR_ros2_slam_nav2/install/gazebo_plugins/include/gazebo_plugins
-- Installing: /home/nvidia/workspace/alan/src/AMR_ros2_slam_nav2/install/gazebo_plugins/include/gazebo_plugins/gazebo_ros_ft_sensor.hpp
-- Installing: /home/nvidia/workspace/alan/src/AMR_ros2_slam_nav2/install/gazebo_plugins/include/gazebo_plugins/gazebo_ros_force.hpp
-- Installing: /home/nvidia/workspace/alan/src/AMR_ros2_slam_nav2/install/gazebo_plugins/include/gazebo_plugins/gazebo_ros_bumper.hpp
-- Installing: /home/nvidia/workspace/alan/src/AMR_ros2_slam_nav2/install/gazebo_plugins/include/gazebo_plugins/gazebo_ros_tricycle_drive.hpp
-- Installing: /home/nvidia/workspace/alan/src/AMR_ros2_slam_nav2/install/gazebo_plugins/include/gazebo_plugins/gazebo_ros_camera.hpp
-- Installing: /home/nvidia/workspace/alan/src/AMR_ros2_slam_nav2/install/gazebo_plugins/include/gazebo_plugins/gazebo_ros_joint_pose_trajectory.hpp
-- Installing: /home/nvidia/workspace/alan/src/AMR_ros2_slam_nav2/install/gazebo_plugins/include/gazebo_plugins/gazebo_ros_joint_state_publisher.hpp
-- Installing: /home/nvidia/workspace/alan/src/AMR_ros2_slam_nav2/install/gazebo_plugins/include/gazebo_plugins/gazebo_ros_template.hpp
-- Installing: /home/nvidia/workspace/alan/src/AMR_ros2_slam_nav2/install/gazebo_plugins/include/gazebo_plugins/gazebo_ros_imu_sensor.hpp
-- Installing: /home/nvidia/workspace/alan/src/AMR_ros2_slam_nav2/install/gazebo_plugins/include/gazebo_plugins/gazebo_ros_gps_sensor.hpp
-- Installing: /home/nvidia/workspace/alan/src/AMR_ros2_slam_nav2/install/gazebo_plugins/include/gazebo_plugins/gazebo_ros_harness.hpp
-- Installing: /home/nvidia/workspace/alan/src/AMR_ros2_slam_nav2/install/gazebo_plugins/include/gazebo_plugins/gazebo_ros_video.hpp
-- Installing: /home/nvidia/workspace/alan/src/AMR_ros2_slam_nav2/install/gazebo_plugins/include/gazebo_plugins/gazebo_ros_vacuum_gripper.hpp
-- Installing: /home/nvidia/workspace/alan/src/AMR_ros2_slam_nav2/install/gazebo_plugins/include/gazebo_plugins/gazebo_ros_planar_move.hpp
-- Installing: /home/nvidia/workspace/alan/src/AMR_ros2_slam_nav2/install/gazebo_plugins/include/gazebo_plugins/gazebo_ros_diff_drive.hpp
-- Installing: /home/nvidia/workspace/alan/src/AMR_ros2_slam_nav2/install/gazebo_plugins/include/gazebo_plugins/gazebo_ros_wheel_slip.hpp
-- Installing: /home/nvidia/workspace/alan/src/AMR_ros2_slam_nav2/install/gazebo_plugins/include/gazebo_plugins/multi_camera_plugin.hpp
-- Installing: /home/nvidia/workspace/alan/src/AMR_ros2_slam_nav2/install/gazebo_plugins/include/gazebo_plugins/gazebo_ros_ackermann_drive.hpp
-- Installing: /home/nvidia/workspace/alan/src/AMR_ros2_slam_nav2/install/gazebo_plugins/include/gazebo_plugins/gazebo_ros_hand_of_god.hpp
-- Installing: /home/nvidia/workspace/alan/src/AMR_ros2_slam_nav2/install/gazebo_plugins/include/gazebo_plugins/gazebo_ros_p3d.hpp
-- Installing: /home/nvidia/workspace/alan/src/AMR_ros2_slam_nav2/install/gazebo_plugins/include/gazebo_plugins/gazebo_ros_projector.hpp
-- Installing: /home/nvidia/workspace/alan/src/AMR_ros2_slam_nav2/install/gazebo_plugins/include/gazebo_plugins/gazebo_ros_elevator.hpp
-- Installing: /home/nvidia/workspace/alan/src/AMR_ros2_slam_nav2/install/gazebo_plugins/include/gazebo_plugins/gazebo_ros_ray_sensor.hpp
-- Installing: /home/nvidia/workspace/alan/src/AMR_ros2_slam_nav2/install/gazebo_plugins/lib/libgazebo_ros_ackermann_drive.so
-- Set runtime path of "/home/nvidia/workspace/alan/src/AMR_ros2_slam_nav2/install/gazebo_plugins/lib/libgazebo_ros_ackermann_drive.so" to ""
-- Installing: /home/nvidia/workspace/alan/src/AMR_ros2_slam_nav2/install/gazebo_plugins/lib/libgazebo_ros_bumper.so
-- Set runtime path of "/home/nvidia/workspace/alan/src/AMR_ros2_slam_nav2/install/gazebo_plugins/lib/libgazebo_ros_bumper.so" to ""
-- Installing: /home/nvidia/workspace/alan/src/AMR_ros2_slam_nav2/install/gazebo_plugins/lib/libgazebo_ros_camera.so
-- Set runtime path of "/home/nvidia/workspace/alan/src/AMR_ros2_slam_nav2/install/gazebo_plugins/lib/libgazebo_ros_camera.so" to ""
-- Installing: /home/nvidia/workspace/alan/src/AMR_ros2_slam_nav2/install/gazebo_plugins/lib/libgazebo_ros_diff_drive.so
-- Set runtime path of "/home/nvidia/workspace/alan/src/AMR_ros2_slam_nav2/install/gazebo_plugins/lib/libgazebo_ros_diff_drive.so" to ""
-- Installing: /home/nvidia/workspace/alan/src/AMR_ros2_slam_nav2/install/gazebo_plugins/lib/libgazebo_ros_elevator.so
-- Set runtime path of "/home/nvidia/workspace/alan/src/AMR_ros2_slam_nav2/install/gazebo_plugins/lib/libgazebo_ros_elevator.so" to ""
-- Installing: /home/nvidia/workspace/alan/src/AMR_ros2_slam_nav2/install/gazebo_plugins/lib/libgazebo_ros_force.so
-- Set runtime path of "/home/nvidia/workspace/alan/src/AMR_ros2_slam_nav2/install/gazebo_plugins/lib/libgazebo_ros_force.so" to ""
-- Installing: /home/nvidia/workspace/alan/src/AMR_ros2_slam_nav2/install/gazebo_plugins/lib/libgazebo_ros_ft_sensor.so
-- Set runtime path of "/home/nvidia/workspace/alan/src/AMR_ros2_slam_nav2/install/gazebo_plugins/lib/libgazebo_ros_ft_sensor.so" to ""
-- Installing: /home/nvidia/workspace/alan/src/AMR_ros2_slam_nav2/install/gazebo_plugins/lib/libgazebo_ros_hand_of_god.so
-- Set runtime path of "/home/nvidia/workspace/alan/src/AMR_ros2_slam_nav2/install/gazebo_plugins/lib/libgazebo_ros_hand_of_god.so" to ""
-- Installing: /home/nvidia/workspace/alan/src/AMR_ros2_slam_nav2/install/gazebo_plugins/lib/libgazebo_ros_harness.so
-- Set runtime path of "/home/nvidia/workspace/alan/src/AMR_ros2_slam_nav2/install/gazebo_plugins/lib/libgazebo_ros_harness.so" to ""
-- Installing: /home/nvidia/workspace/alan/src/AMR_ros2_slam_nav2/install/gazebo_plugins/lib/libgazebo_ros_imu_sensor.so
-- Set runtime path of "/home/nvidia/workspace/alan/src/AMR_ros2_slam_nav2/install/gazebo_plugins/lib/libgazebo_ros_imu_sensor.so" to ""
-- Installing: /home/nvidia/workspace/alan/src/AMR_ros2_slam_nav2/install/gazebo_plugins/lib/libgazebo_ros_gps_sensor.so
-- Set runtime path of "/home/nvidia/workspace/alan/src/AMR_ros2_slam_nav2/install/gazebo_plugins/lib/libgazebo_ros_gps_sensor.so" to ""
-- Installing: /home/nvidia/workspace/alan/src/AMR_ros2_slam_nav2/install/gazebo_plugins/lib/libgazebo_ros_joint_pose_trajectory.so
-- Set runtime path of "/home/nvidia/workspace/alan/src/AMR_ros2_slam_nav2/install/gazebo_plugins/lib/libgazebo_ros_joint_pose_trajectory.so" to ""
-- Installing: /home/nvidia/workspace/alan/src/AMR_ros2_slam_nav2/install/gazebo_plugins/lib/libgazebo_ros_joint_state_publisher.so
-- Set runtime path of "/home/nvidia/workspace/alan/src/AMR_ros2_slam_nav2/install/gazebo_plugins/lib/libgazebo_ros_joint_state_publisher.so" to ""
-- Installing: /home/nvidia/workspace/alan/src/AMR_ros2_slam_nav2/install/gazebo_plugins/lib/libgazebo_ros_planar_move.so
-- Set runtime path of "/home/nvidia/workspace/alan/src/AMR_ros2_slam_nav2/install/gazebo_plugins/lib/libgazebo_ros_planar_move.so" to ""
-- Installing: /home/nvidia/workspace/alan/src/AMR_ros2_slam_nav2/install/gazebo_plugins/lib/libgazebo_ros_projector.so
-- Set runtime path of "/home/nvidia/workspace/alan/src/AMR_ros2_slam_nav2/install/gazebo_plugins/lib/libgazebo_ros_projector.so" to ""
-- Installing: /home/nvidia/workspace/alan/src/AMR_ros2_slam_nav2/install/gazebo_plugins/lib/libgazebo_ros_ray_sensor.so
-- Set runtime path of "/home/nvidia/workspace/alan/src/AMR_ros2_slam_nav2/install/gazebo_plugins/lib/libgazebo_ros_ray_sensor.so" to ""
-- Installing: /home/nvidia/workspace/alan/src/AMR_ros2_slam_nav2/install/gazebo_plugins/lib/libgazebo_ros_p3d.so
-- Set runtime path of "/home/nvidia/workspace/alan/src/AMR_ros2_slam_nav2/install/gazebo_plugins/lib/libgazebo_ros_p3d.so" to ""
-- Installing: /home/nvidia/workspace/alan/src/AMR_ros2_slam_nav2/install/gazebo_plugins/lib/libgazebo_ros_template.so
-- Set runtime path of "/home/nvidia/workspace/alan/src/AMR_ros2_slam_nav2/install/gazebo_plugins/lib/libgazebo_ros_template.so" to ""
-- Installing: /home/nvidia/workspace/alan/src/AMR_ros2_slam_nav2/install/gazebo_plugins/lib/libgazebo_ros_tricycle_drive.so
-- Set runtime path of "/home/nvidia/workspace/alan/src/AMR_ros2_slam_nav2/install/gazebo_plugins/lib/libgazebo_ros_tricycle_drive.so" to ""
-- Installing: /home/nvidia/workspace/alan/src/AMR_ros2_slam_nav2/install/gazebo_plugins/lib/libgazebo_ros_vacuum_gripper.so
-- Set runtime path of "/home/nvidia/workspace/alan/src/AMR_ros2_slam_nav2/install/gazebo_plugins/lib/libgazebo_ros_vacuum_gripper.so" to ""
-- Installing: /home/nvidia/workspace/alan/src/AMR_ros2_slam_nav2/install/gazebo_plugins/lib/libgazebo_ros_video.so
-- Set runtime path of "/home/nvidia/workspace/alan/src/AMR_ros2_slam_nav2/install/gazebo_plugins/lib/libgazebo_ros_video.so" to ""
-- Installing: /home/nvidia/workspace/alan/src/AMR_ros2_slam_nav2/install/gazebo_plugins/lib/libmulti_camera_plugin.so
-- Set runtime path of "/home/nvidia/workspace/alan/src/AMR_ros2_slam_nav2/install/gazebo_plugins/lib/libmulti_camera_plugin.so" to ""
-- Installing: /home/nvidia/workspace/alan/src/AMR_ros2_slam_nav2/install/gazebo_plugins/share/gazebo_plugins//worlds
-- Installing: /home/nvidia/workspace/alan/src/AMR_ros2_slam_nav2/install/gazebo_plugins/share/gazebo_plugins//worlds/gazebo_ros_camera_demo.world
-- Installing: /home/nvidia/workspace/alan/src/AMR_ros2_slam_nav2/install/gazebo_plugins/share/gazebo_plugins//worlds/gazebo_ros_skid_steer_drive_demo.world
-- Installing: /home/nvidia/workspace/alan/src/AMR_ros2_slam_nav2/install/gazebo_plugins/share/gazebo_plugins//worlds/gazebo_ros_multicamera_demo.world
-- Installing: /home/nvidia/workspace/alan/src/AMR_ros2_slam_nav2/install/gazebo_plugins/share/gazebo_plugins//worlds/gazebo_ros_p3d_demo.world
-- Installing: /home/nvidia/workspace/alan/src/AMR_ros2_slam_nav2/install/gazebo_plugins/share/gazebo_plugins//worlds/gazebo_ros_tricycle_drive_demo.world
-- Installing: /home/nvidia/workspace/alan/src/AMR_ros2_slam_nav2/install/gazebo_plugins/share/gazebo_plugins//worlds/gazebo_ros_ackermann_drive_demo.world
-- Installing: /home/nvidia/workspace/alan/src/AMR_ros2_slam_nav2/install/gazebo_plugins/share/gazebo_plugins//worlds/gazebo_ros_camera_distortion_barrel_demo.world
-- Installing: /home/nvidia/workspace/alan/src/AMR_ros2_slam_nav2/install/gazebo_plugins/share/gazebo_plugins//worlds/gazebo_ros_bumper_demo.world
-- Installing: /home/nvidia/workspace/alan/src/AMR_ros2_slam_nav2/install/gazebo_plugins/share/gazebo_plugins//worlds/gazebo_ros_ft_sensor_demo.world
-- Installing: /home/nvidia/workspace/alan/src/AMR_ros2_slam_nav2/install/gazebo_plugins/share/gazebo_plugins//worlds/gazebo_ros_depth_camera_demo.world
-- Installing: /home/nvidia/workspace/alan/src/AMR_ros2_slam_nav2/install/gazebo_plugins/share/gazebo_plugins//worlds/gazebo_ros_gps_sensor_demo.world
-- Installing: /home/nvidia/workspace/alan/src/AMR_ros2_slam_nav2/install/gazebo_plugins/share/gazebo_plugins//worlds/gazebo_ros_template_demo.world
-- Installing: /home/nvidia/workspace/alan/src/AMR_ros2_slam_nav2/install/gazebo_plugins/share/gazebo_plugins//worlds/gazebo_ros_hand_of_god_demo.world
-- Installing: /home/nvidia/workspace/alan/src/AMR_ros2_slam_nav2/install/gazebo_plugins/share/gazebo_plugins//worlds/gazebo_ros_ray_sensor_demo.world
-- Installing: /home/nvidia/workspace/alan/src/AMR_ros2_slam_nav2/install/gazebo_plugins/share/gazebo_plugins//worlds/gazebo_ros_wheel_slip_demo.world
-- Installing: /home/nvidia/workspace/alan/src/AMR_ros2_slam_nav2/install/gazebo_plugins/share/gazebo_plugins//worlds/gazebo_ros_planar_move_demo.world
-- Installing: /home/nvidia/workspace/alan/src/AMR_ros2_slam_nav2/install/gazebo_plugins/share/gazebo_plugins//worlds/gazebo_ros_projector_demo.world
-- Installing: /home/nvidia/workspace/alan/src/AMR_ros2_slam_nav2/install/gazebo_plugins/share/gazebo_plugins//worlds/gazebo_ros_video_demo.world
-- Installing: /home/nvidia/workspace/alan/src/AMR_ros2_slam_nav2/install/gazebo_plugins/share/gazebo_plugins//worlds/gazebo_ros_diff_drive_demo.world
-- Installing: /home/nvidia/workspace/alan/src/AMR_ros2_slam_nav2/install/gazebo_plugins/share/gazebo_plugins//worlds/gazebo_ros_elevator_demo.world
-- Installing: /home/nvidia/workspace/alan/src/AMR_ros2_slam_nav2/install/gazebo_plugins/share/gazebo_plugins//worlds/gazebo_ros_camera_triggered_demo.world
-- Installing: /home/nvidia/workspace/alan/src/AMR_ros2_slam_nav2/install/gazebo_plugins/share/gazebo_plugins//worlds/gazebo_ros_joint_pose_trajectory_demo.world
-- Installing: /home/nvidia/workspace/alan/src/AMR_ros2_slam_nav2/install/gazebo_plugins/share/gazebo_plugins//worlds/gazebo_ros_camera_distortion_pincushion_demo.world
-- Installing: /home/nvidia/workspace/alan/src/AMR_ros2_slam_nav2/install/gazebo_plugins/share/gazebo_plugins//worlds/gazebo_ros_joint_state_publisher_demo.world
-- Installing: /home/nvidia/workspace/alan/src/AMR_ros2_slam_nav2/install/gazebo_plugins/share/gazebo_plugins//worlds/gazebo_ros_harness_demo.world
-- Installing: /home/nvidia/workspace/alan/src/AMR_ros2_slam_nav2/install/gazebo_plugins/share/gazebo_plugins//worlds/gazebo_ros_multi_camera_demo.world
-- Installing: /home/nvidia/workspace/alan/src/AMR_ros2_slam_nav2/install/gazebo_plugins/share/gazebo_plugins//worlds/gazebo_ros_vacuum_gripper_demo.world
-- Installing: /home/nvidia/workspace/alan/src/AMR_ros2_slam_nav2/install/gazebo_plugins/share/gazebo_plugins//worlds/gazebo_ros_force_demo.world
