[0.103s] Invoking command in '/home/nvidia/workspace/alan/src/AMR_ros2_slam_nav2/build/gazebo_plugins': AMENT_PREFIX_PATH=/home/nvidia/workspace/alan/src/AMR_ros2_slam_nav2/install/gazebo_ros:/home/nvidia/workspace/alan/src/AMR_ros2_slam_nav2/install/camera_info_manager:/home/nvidia/workspace/alan/src/AMR_ros2_slam_nav2/install/image_transport:/home/nvidia/workspace/alan/src/AMR_ros2_slam_nav2/install/gazebo_msgs:/home/nvidia/workspace/alan/src/AMR_ros2_slam_nav2/install/gazebo_dev:/home/nvidia/workspace/alan/src/AMR_ros2_slam_nav2/install/cv_bridge:/home/nvidia/workspace/alan/src/AMR_ros2_slam_nav2/install/camera_calibration_parsers:${AMENT_PREFIX_PATH} CMAKE_PREFIX_PATH=/home/nvidia/workspace/alan/src/AMR_ros2_slam_nav2/install/gazebo_ros:/home/nvidia/workspace/alan/src/AMR_ros2_slam_nav2/install/camera_info_manager:/home/nvidia/workspace/alan/src/AMR_ros2_slam_nav2/install/image_transport:/home/nvidia/workspace/alan/src/AMR_ros2_slam_nav2/install/gazebo_msgs:/home/nvidia/workspace/alan/src/AMR_ros2_slam_nav2/install/gazebo_dev:/home/nvidia/workspace/alan/src/AMR_ros2_slam_nav2/install/cv_bridge:/home/nvidia/workspace/alan/src/AMR_ros2_slam_nav2/install/camera_calibration_parsers:${CMAKE_PREFIX_PATH} LD_LIBRARY_PATH=/home/nvidia/workspace/alan/src/AMR_ros2_slam_nav2/install/gazebo_ros/lib:/home/nvidia/workspace/alan/src/AMR_ros2_slam_nav2/install/camera_info_manager/lib:/home/nvidia/workspace/alan/src/AMR_ros2_slam_nav2/install/image_transport/lib:/home/nvidia/workspace/alan/src/AMR_ros2_slam_nav2/install/gazebo_msgs/lib:/home/nvidia/workspace/alan/src/AMR_ros2_slam_nav2/install/cv_bridge/lib:/home/nvidia/workspace/alan/src/AMR_ros2_slam_nav2/install/camera_calibration_parsers/lib:/home/workspace/ros2/install/opt/yaml_cpp_vendor/lib:/home/workspace/ros2/install/opt/rviz_ogre_vendor/lib:/home/workspace/ros2/install/lib:/usr/local/cuda-10.2/lib64 PYTHONPATH=/home/nvidia/workspace/alan/src/AMR_ros2_slam_nav2/install/gazebo_ros/lib/python3.6/site-packages:/home/nvidia/workspace/alan/src/AMR_ros2_slam_nav2/install/gazebo_msgs/lib/python3.6/site-packages:/home/nvidia/workspace/alan/src/AMR_ros2_slam_nav2/install/cv_bridge/lib/python3.6/site-packages:/home/workspace/ros2/install/lib/python3.6/site-packages:/usr/local/lib:/usr/local/cuda/bin /usr/local/bin/cmake /home/nvidia/workspace/alan/src/AMR_ros2_slam_nav2/gazebo_ros_pkgs/gazebo_plugins -DCMAKE_INSTALL_PREFIX=/home/nvidia/workspace/alan/src/AMR_ros2_slam_nav2/install/gazebo_plugins
[0.412s] -- The C compiler identification is GNU 7.5.0
[0.717s] -- The CXX compiler identification is GNU 7.5.0
[0.782s] -- Check for working C compiler: /usr/bin/cc
[0.994s] -- Check for working C compiler: /usr/bin/cc -- works
[1.003s] -- Detecting C compiler ABI info
[1.218s] -- Detecting C compiler ABI info - done
[1.390s] -- Detecting C compile features
[1.395s] -- Detecting C compile features - done
[1.433s] -- Check for working CXX compiler: /usr/bin/c++
[1.670s] -- Check for working CXX compiler: /usr/bin/c++ -- works
[1.683s] -- Detecting CXX compiler ABI info
[1.913s] -- Detecting CXX compiler ABI info - done
[2.069s] -- Detecting CXX compile features
[2.075s] -- Detecting CXX compile features - done
[2.093s] -- Found ament_cmake: 0.9.9 (/home/workspace/ros2/install/share/ament_cmake/cmake)
[2.206s] -- Found PythonInterp: /usr/bin/python3 (found suitable version "3.6.9", minimum required is "3") 
[2.207s] -- Using PYTHON_EXECUTABLE: /usr/bin/python3
[3.089s] -- Found camera_info_manager: 2.3.0 (/home/nvidia/workspace/alan/src/AMR_ros2_slam_nav2/install/camera_info_manager/share/camera_info_manager/cmake)
[3.526s] -- Using all available rosidl_typesupport_c: rosidl_typesupport_fastrtps_c;rosidl_typesupport_introspection_c
[3.588s] -- Found rosidl_adapter: 1.2.1 (/home/workspace/ros2/install/share/rosidl_adapter/cmake)
[3.916s] -- Found OpenSSL: /usr/lib/aarch64-linux-gnu/libcrypto.so (found version "1.1.1")  
[4.034s] -- Found FastRTPS: /home/workspace/ros2/install/include  
[4.643s] -- Using all available rosidl_typesupport_cpp: rosidl_typesupport_fastrtps_cpp;rosidl_typesupport_introspection_cpp
[5.239s] -- Found rmw_implementation_cmake: 1.0.3 (/home/workspace/ros2/install/share/rmw_implementation_cmake/cmake)
[5.258s] -- Using RMW implementation 'rmw_fastrtps_cpp' as default
[5.265s] -- Looking for pthread.h
[5.451s] -- Looking for pthread.h - found
[5.454s] -- Performing Test CMAKE_HAVE_LIBC_PTHREAD
[5.657s] -- Performing Test CMAKE_HAVE_LIBC_PTHREAD - Failed
[5.659s] -- Looking for pthread_create in pthreads
[5.824s] -- Looking for pthread_create in pthreads - not found
[5.826s] -- Looking for pthread_create in pthread
[6.008s] -- Looking for pthread_create in pthread - found
[6.018s] -- Found Threads: TRUE  
[9.624s] -- Setting yaml-cpp_DIR to: '/home/workspace/ros2/install/share/yaml_cpp_vendor/cmake/../../../opt/yaml_cpp_vendor/lib/cmake/yaml-cpp'
[10.703s] -- Found gazebo_dev: 3.5.3 (/home/nvidia/workspace/alan/src/AMR_ros2_slam_nav2/install/gazebo_dev/share/gazebo_dev/cmake)
[10.751s] -- Found PkgConfig: /usr/bin/pkg-config (found version "0.29.1") 
[10.787s] -- Checking for module 'bullet>=2.82'
[11.065s] --   Found bullet, version 2.87
[11.607s] -- Found Simbody: /usr/include/simbody  
[13.024s] -- Found Boost: /usr/include (found suitable version "1.65.1", minimum required is "1.40.0") found components: thread signals system filesystem program_options regex iostreams date_time chrono atomic 
[13.303s] -- Found Protobuf: /usr/lib/aarch64-linux-gnu/libprotobuf.so;-lpthread (found version "3.0.0") 
[13.699s] -- Found Boost: /usr/include (found version "1.65.1")  
[13.735s] -- Looking for OGRE...
[13.756s] -- OGRE_PREFIX_WATCH changed.
[13.857s] -- Checking for module 'OGRE'
[14.102s] --   Found OGRE, version 1.9.0
[14.642s] -- Found Ogre Ghadamon (1.9.0)
[14.752s] -- Found OGRE: optimized;/usr/lib/aarch64-linux-gnu/libOgreMain.so;debug;/usr/lib/aarch64-linux-gnu/libOgreMain.so
[15.546s] -- Looking for OGRE_Paging...
[15.590s] -- Found OGRE_Paging: optimized;/usr/lib/aarch64-linux-gnu/libOgrePaging.so;debug;/usr/lib/aarch64-linux-gnu/libOgrePaging.so
[15.591s] -- Looking for OGRE_Terrain...
[15.652s] -- Found OGRE_Terrain: optimized;/usr/lib/aarch64-linux-gnu/libOgreTerrain.so;debug;/usr/lib/aarch64-linux-gnu/libOgreTerrain.so
[15.653s] -- Looking for OGRE_Property...
[15.715s] -- Found OGRE_Property: optimized;/usr/lib/aarch64-linux-gnu/libOgreProperty.so;debug;/usr/lib/aarch64-linux-gnu/libOgreProperty.so
[15.716s] -- Looking for OGRE_RTShaderSystem...
[15.795s] -- Found OGRE_RTShaderSystem: optimized;/usr/lib/aarch64-linux-gnu/libOgreRTShaderSystem.so;debug;/usr/lib/aarch64-linux-gnu/libOgreRTShaderSystem.so
[15.796s] -- Looking for OGRE_Volume...
[15.859s] -- Found OGRE_Volume: optimized;/usr/lib/aarch64-linux-gnu/libOgreVolume.so;debug;/usr/lib/aarch64-linux-gnu/libOgreVolume.so
[15.863s] -- Looking for OGRE_Overlay...
[15.934s] -- Found OGRE_Overlay: optimized;/usr/lib/aarch64-linux-gnu/libOgreOverlay.so;debug;/usr/lib/aarch64-linux-gnu/libOgreOverlay.so
[17.230s] -- Found Protobuf: /usr/lib/aarch64-linux-gnu/libprotobuf.so;-lpthread (found suitable version "3.0.0", minimum required is "2.3.0") 
[17.280s] -- Config-file not installed for ZeroMQ -- checking for pkg-config
[17.366s] -- Checking for module 'libzmq >= 4'
[17.640s] --   Found libzmq , version 4.2.5
[18.199s] -- Found ZeroMQ: TRUE (Required is at least version "4") 
[18.323s] -- Checking for module 'uuid'
[18.621s] --   Found uuid, version 2.31.1
[19.163s] -- Found UUID: TRUE  
[19.666s] -- Checking for module 'tinyxml2'
[19.901s] --   Found tinyxml2, version 6.0.0
[20.385s] -- Looking for dlfcn.h - found
[20.396s] -- Looking for libdl - found
[20.419s] -- Found DL: TRUE  
[20.429s] -- FreeImage.pc not found, we will search for FreeImage_INCLUDE_DIRS and FreeImage_LIBRARIES
[21.412s] -- Found UUID: TRUE  
[21.483s] -- Checking for module 'gts'
[21.747s] --   Found gts, version 0.7.6
[22.432s] -- Found GTS: TRUE  
[22.546s] -- Checking for module 'libswscale'
[22.778s] --   Found libswscale, version 4.8.100
[23.316s] -- Found SWSCALE: TRUE  
[23.407s] -- Checking for module 'libavdevice >= 56.4.100'
[23.646s] --   Found libavdevice , version 57.10.100
[24.261s] -- Found AVDEVICE: TRUE (Required is at least version "56.4.100") 
[24.356s] -- Checking for module 'libavformat'
[24.608s] --   Found libavformat, version 57.83.100
[25.218s] -- Found AVFORMAT: TRUE  
[25.307s] -- Checking for module 'libavcodec'
[25.535s] --   Found libavcodec, version 57.107.100
[26.097s] -- Found AVCODEC: TRUE  
[26.194s] -- Checking for module 'libavutil'
[26.452s] --   Found libavutil, version 55.78.100
[26.973s] -- Found AVUTIL: TRUE  
[28.114s] -- Found CURL: /usr/lib/aarch64-linux-gnu/libcurl.so (found version "7.81.0-DEV")  
[28.273s] -- Checking for module 'jsoncpp'
[28.531s] --   Found jsoncpp, version 1.7.4
[29.028s] -- Found JSONCPP: TRUE  
[29.117s] -- Checking for module 'yaml-0.1'
[29.408s] --   Found yaml-0.1, version 0.1.7
[29.926s] -- Found YAML: TRUE  
[30.013s] -- Checking for module 'libzip'
[30.257s] --   Found libzip, version 1.1.2
[30.792s] -- Found ZIP: TRUE  
[30.803s] -- Gazebo version: 9.0
[30.828s] -- Found gazebo_msgs: 3.5.3 (/home/nvidia/workspace/alan/src/AMR_ros2_slam_nav2/install/gazebo_msgs/share/gazebo_msgs/cmake)
[34.718s] -- Found gazebo_ros: 3.5.3 (/home/nvidia/workspace/alan/src/AMR_ros2_slam_nav2/install/gazebo_ros/share/gazebo_ros/cmake)
[34.897s] -- Found image_transport: 2.3.0 (/home/nvidia/workspace/alan/src/AMR_ros2_slam_nav2/install/image_transport/share/image_transport/cmake)
[35.395s] -- Found cv_bridge: 2.2.1 (/home/nvidia/workspace/alan/src/AMR_ros2_slam_nav2/install/cv_bridge/share/cv_bridge/cmake)
[35.599s] -- Found nav_msgs: 2.0.4 (/home/workspace/ros2/install/share/nav_msgs/cmake)
[37.051s] -- Found std_srvs: 2.0.4 (/home/workspace/ros2/install/share/std_srvs/cmake)
[37.280s] -- Found tf2: 0.13.12 (/home/workspace/ros2/install/share/tf2/cmake)
[37.446s] -- Found tf2_geometry_msgs: 0.13.12 (/home/workspace/ros2/install/share/tf2_geometry_msgs/cmake)
[37.588s] -- Found eigen3_cmake_module: 0.1.1 (/home/workspace/ros2/install/share/eigen3_cmake_module/cmake)
[37.634s] -- Found Eigen3: TRUE (found version "3.3.4") 
[49.028s] -- Found ament_cmake_gtest: 0.9.9 (/home/workspace/ros2/install/share/ament_cmake_gtest/cmake)
[49.062s] -- Found gtest sources under '/home/workspace/ros2/install/src/gtest_vendor': C++ tests using 'Google Test' will be built
[49.084s] -- Check if compiler accepts -pthread
[49.281s] -- Check if compiler accepts -pthread - yes
[56.475s] -- Found ament_lint_auto: 0.9.6 (/home/workspace/ros2/install/share/ament_lint_auto/cmake)
[57.100s] -- Added test 'copyright' to check source files copyright and LICENSE
[57.119s] -- Added test 'cppcheck' to perform static code analysis on C / C++ code
[57.201s] -- Configured cppcheck include dirs: /home/nvidia/workspace/alan/src/AMR_ros2_slam_nav2/gazebo_ros_pkgs/gazebo_plugins/include
[57.202s] -- Configured cppcheck exclude dirs and/or files: 
[57.220s] -- Added test 'cpplint' to check C / C++ code against the Google style
[57.220s] -- Configured cpplint exclude dirs and/or files: 
[57.233s] -- Added test 'lint_cmake' to check CMake code style
[57.253s] -- Added test 'uncrustify' to check C / C++ code style
[57.254s] -- Configured uncrustify additional arguments: 
[57.261s] -- Added test 'xmllint' to check XML markup files
[57.304s] -- Configuring done
[61.419s] -- Generating done
[61.457s] -- Build files have been written to: /home/nvidia/workspace/alan/src/AMR_ros2_slam_nav2/build/gazebo_plugins
[61.523s] Invoked command in '/home/nvidia/workspace/alan/src/AMR_ros2_slam_nav2/build/gazebo_plugins' returned '0': AMENT_PREFIX_PATH=/home/nvidia/workspace/alan/src/AMR_ros2_slam_nav2/install/gazebo_ros:/home/nvidia/workspace/alan/src/AMR_ros2_slam_nav2/install/camera_info_manager:/home/nvidia/workspace/alan/src/AMR_ros2_slam_nav2/install/image_transport:/home/nvidia/workspace/alan/src/AMR_ros2_slam_nav2/install/gazebo_msgs:/home/nvidia/workspace/alan/src/AMR_ros2_slam_nav2/install/gazebo_dev:/home/nvidia/workspace/alan/src/AMR_ros2_slam_nav2/install/cv_bridge:/home/nvidia/workspace/alan/src/AMR_ros2_slam_nav2/install/camera_calibration_parsers:${AMENT_PREFIX_PATH} CMAKE_PREFIX_PATH=/home/nvidia/workspace/alan/src/AMR_ros2_slam_nav2/install/gazebo_ros:/home/nvidia/workspace/alan/src/AMR_ros2_slam_nav2/install/camera_info_manager:/home/nvidia/workspace/alan/src/AMR_ros2_slam_nav2/install/image_transport:/home/nvidia/workspace/alan/src/AMR_ros2_slam_nav2/install/gazebo_msgs:/home/nvidia/workspace/alan/src/AMR_ros2_slam_nav2/install/gazebo_dev:/home/nvidia/workspace/alan/src/AMR_ros2_slam_nav2/install/cv_bridge:/home/nvidia/workspace/alan/src/AMR_ros2_slam_nav2/install/camera_calibration_parsers:${CMAKE_PREFIX_PATH} LD_LIBRARY_PATH=/home/nvidia/workspace/alan/src/AMR_ros2_slam_nav2/install/gazebo_ros/lib:/home/nvidia/workspace/alan/src/AMR_ros2_slam_nav2/install/camera_info_manager/lib:/home/nvidia/workspace/alan/src/AMR_ros2_slam_nav2/install/image_transport/lib:/home/nvidia/workspace/alan/src/AMR_ros2_slam_nav2/install/gazebo_msgs/lib:/home/nvidia/workspace/alan/src/AMR_ros2_slam_nav2/install/cv_bridge/lib:/home/nvidia/workspace/alan/src/AMR_ros2_slam_nav2/install/camera_calibration_parsers/lib:/home/workspace/ros2/install/opt/yaml_cpp_vendor/lib:/home/workspace/ros2/install/opt/rviz_ogre_vendor/lib:/home/workspace/ros2/install/lib:/usr/local/cuda-10.2/lib64 PYTHONPATH=/home/nvidia/workspace/alan/src/AMR_ros2_slam_nav2/install/gazebo_ros/lib/python3.6/site-packages:/home/nvidia/workspace/alan/src/AMR_ros2_slam_nav2/install/gazebo_msgs/lib/python3.6/site-packages:/home/nvidia/workspace/alan/src/AMR_ros2_slam_nav2/install/cv_bridge/lib/python3.6/site-packages:/home/workspace/ros2/install/lib/python3.6/site-packages:/usr/local/lib:/usr/local/cuda/bin /usr/local/bin/cmake /home/nvidia/workspace/alan/src/AMR_ros2_slam_nav2/gazebo_ros_pkgs/gazebo_plugins -DCMAKE_INSTALL_PREFIX=/home/nvidia/workspace/alan/src/AMR_ros2_slam_nav2/install/gazebo_plugins
[61.538s] Invoking command in '/home/nvidia/workspace/alan/src/AMR_ros2_slam_nav2/build/gazebo_plugins': AMENT_PREFIX_PATH=/home/nvidia/workspace/alan/src/AMR_ros2_slam_nav2/install/gazebo_ros:/home/nvidia/workspace/alan/src/AMR_ros2_slam_nav2/install/camera_info_manager:/home/nvidia/workspace/alan/src/AMR_ros2_slam_nav2/install/image_transport:/home/nvidia/workspace/alan/src/AMR_ros2_slam_nav2/install/gazebo_msgs:/home/nvidia/workspace/alan/src/AMR_ros2_slam_nav2/install/gazebo_dev:/home/nvidia/workspace/alan/src/AMR_ros2_slam_nav2/install/cv_bridge:/home/nvidia/workspace/alan/src/AMR_ros2_slam_nav2/install/camera_calibration_parsers:${AMENT_PREFIX_PATH} CMAKE_PREFIX_PATH=/home/nvidia/workspace/alan/src/AMR_ros2_slam_nav2/install/gazebo_ros:/home/nvidia/workspace/alan/src/AMR_ros2_slam_nav2/install/camera_info_manager:/home/nvidia/workspace/alan/src/AMR_ros2_slam_nav2/install/image_transport:/home/nvidia/workspace/alan/src/AMR_ros2_slam_nav2/install/gazebo_msgs:/home/nvidia/workspace/alan/src/AMR_ros2_slam_nav2/install/gazebo_dev:/home/nvidia/workspace/alan/src/AMR_ros2_slam_nav2/install/cv_bridge:/home/nvidia/workspace/alan/src/AMR_ros2_slam_nav2/install/camera_calibration_parsers:${CMAKE_PREFIX_PATH} LD_LIBRARY_PATH=/home/nvidia/workspace/alan/src/AMR_ros2_slam_nav2/install/gazebo_ros/lib:/home/nvidia/workspace/alan/src/AMR_ros2_slam_nav2/install/camera_info_manager/lib:/home/nvidia/workspace/alan/src/AMR_ros2_slam_nav2/install/image_transport/lib:/home/nvidia/workspace/alan/src/AMR_ros2_slam_nav2/install/gazebo_msgs/lib:/home/nvidia/workspace/alan/src/AMR_ros2_slam_nav2/install/cv_bridge/lib:/home/nvidia/workspace/alan/src/AMR_ros2_slam_nav2/install/camera_calibration_parsers/lib:/home/workspace/ros2/install/opt/yaml_cpp_vendor/lib:/home/workspace/ros2/install/opt/rviz_ogre_vendor/lib:/home/workspace/ros2/install/lib:/usr/local/cuda-10.2/lib64 PYTHONPATH=/home/nvidia/workspace/alan/src/AMR_ros2_slam_nav2/install/gazebo_ros/lib/python3.6/site-packages:/home/nvidia/workspace/alan/src/AMR_ros2_slam_nav2/install/gazebo_msgs/lib/python3.6/site-packages:/home/nvidia/workspace/alan/src/AMR_ros2_slam_nav2/install/cv_bridge/lib/python3.6/site-packages:/home/workspace/ros2/install/lib/python3.6/site-packages:/usr/local/lib:/usr/local/cuda/bin /usr/local/bin/cmake --build /home/nvidia/workspace/alan/src/AMR_ros2_slam_nav2/build/gazebo_plugins -- -j8 -l8
[61.658s] [35m[1mScanning dependencies of target gazebo_ros_planar_move[0m
[62.077s] [  1%] [32mBuilding CXX object CMakeFiles/gazebo_ros_planar_move.dir/src/gazebo_ros_planar_move.cpp.o[0m
[83.062s] [35m[1mScanning dependencies of target gazebo_ros_template[0m
[83.530s] [  2%] [32mBuilding CXX object CMakeFiles/gazebo_ros_template.dir/src/gazebo_ros_template.cpp.o[0m
[84.551s] [35m[1mScanning dependencies of target gazebo_ros_diff_drive[0m
[85.511s] [35m[1mScanning dependencies of target gazebo_ros_hand_of_god[0m
[85.587s] [  3%] [32mBuilding CXX object CMakeFiles/gazebo_ros_diff_drive.dir/src/gazebo_ros_diff_drive.cpp.o[0m
[86.518s] [35m[1mScanning dependencies of target gazebo_ros_force[0m
[86.697s] [  4%] [32mBuilding CXX object CMakeFiles/gazebo_ros_hand_of_god.dir/src/gazebo_ros_hand_of_god.cpp.o[0m
[87.821s] [  6%] [32mBuilding CXX object CMakeFiles/gazebo_ros_force.dir/src/gazebo_ros_force.cpp.o[0m
[113.733s] [  7%] [32m[1mLinking CXX shared library libgazebo_ros_planar_move.so[0m
[118.146s] [  7%] Built target gazebo_ros_planar_move
[123.983s] [  8%] [32m[1mLinking CXX shared library libgazebo_ros_template.so[0m
[126.501s] [  8%] Built target gazebo_ros_template
[136.825s] [  9%] [32m[1mLinking CXX shared library libgazebo_ros_hand_of_god.so[0m
[138.798s] [  9%] Built target gazebo_ros_hand_of_god
[142.777s] [ 10%] [32m[1mLinking CXX shared library libgazebo_ros_force.so[0m
[144.475s] [ 10%] Built target gazebo_ros_force
[145.646s] [ 12%] [32m[1mLinking CXX shared library libgazebo_ros_diff_drive.so[0m
[147.829s] [ 12%] Built target gazebo_ros_diff_drive
[147.845s] [35m[1mScanning dependencies of target gazebo_ros_elevator[0m
[148.131s] [ 13%] [32mBuilding CXX object CMakeFiles/gazebo_ros_elevator.dir/src/gazebo_ros_elevator.cpp.o[0m
[172.912s] [ 14%] [32m[1mLinking CXX shared library libgazebo_ros_elevator.so[0m
[174.381s] [ 14%] Built target gazebo_ros_elevator
[174.400s] [35m[1mScanning dependencies of target gazebo_ros_imu_sensor[0m
[174.846s] [ 15%] [32mBuilding CXX object CMakeFiles/gazebo_ros_imu_sensor.dir/src/gazebo_ros_imu_sensor.cpp.o[0m
[197.916s] [ 17%] [32m[1mLinking CXX shared library libgazebo_ros_imu_sensor.so[0m
[199.220s] [ 17%] Built target gazebo_ros_imu_sensor
[199.238s] [35m[1mScanning dependencies of target gazebo_ros_video[0m
[199.794s] [ 18%] [32mBuilding CXX object CMakeFiles/gazebo_ros_video.dir/src/gazebo_ros_video.cpp.o[0m
[202.761s] [35m[1mScanning dependencies of target gazebo_ros_gps_sensor[0m
[203.160s] [35m[1mScanning dependencies of target multi_camera_plugin[0m
[203.223s] [ 19%] [32mBuilding CXX object CMakeFiles/gazebo_ros_gps_sensor.dir/src/gazebo_ros_gps_sensor.cpp.o[0m
[203.460s] [ 20%] [32mBuilding CXX object CMakeFiles/multi_camera_plugin.dir/src/multi_camera_plugin.cpp.o[0m
[204.496s] [35m[1mScanning dependencies of target gazebo_ros_ray_sensor[0m
[205.142s] [35m[1mScanning dependencies of target gazebo_ros_joint_state_publisher[0m
[205.266s] [ 21%] [32mBuilding CXX object CMakeFiles/gazebo_ros_ray_sensor.dir/src/gazebo_ros_ray_sensor.cpp.o[0m
[206.059s] [ 23%] [32mBuilding CXX object CMakeFiles/gazebo_ros_joint_state_publisher.dir/src/gazebo_ros_joint_state_publisher.cpp.o[0m
[206.975s] [35m[1mScanning dependencies of target gazebo_ros_vacuum_gripper[0m
[207.951s] [ 24%] [32mBuilding CXX object CMakeFiles/gazebo_ros_vacuum_gripper.dir/src/gazebo_ros_vacuum_gripper.cpp.o[0m
[242.108s] [ 25%] [32m[1mLinking CXX shared library libgazebo_ros_gps_sensor.so[0m
[244.086s] [ 25%] Built target gazebo_ros_gps_sensor
[248.549s] [ 26%] [32m[1mLinking CXX shared library libgazebo_ros_joint_state_publisher.so[0m
[250.297s] [ 28%] [32m[1mLinking CXX shared library libgazebo_ros_vacuum_gripper.so[0m
[250.487s] [ 28%] Built target gazebo_ros_joint_state_publisher
[251.985s] [ 29%] [32m[1mLinking CXX shared library libmulti_camera_plugin.so[0m
[252.103s] [ 29%] Built target gazebo_ros_vacuum_gripper
[252.453s] [ 29%] Built target multi_camera_plugin
[257.441s] [ 30%] [32m[1mLinking CXX shared library libgazebo_ros_ray_sensor.so[0m
[259.332s] [ 30%] Built target gazebo_ros_ray_sensor
[274.597s] [ 31%] [32m[1mLinking CXX shared library libgazebo_ros_video.so[0m
[276.807s] [ 31%] Built target gazebo_ros_video
[276.824s] [35m[1mScanning dependencies of target gazebo_ros_projector[0m
[277.196s] [ 32%] [32mBuilding CXX object CMakeFiles/gazebo_ros_projector.dir/src/gazebo_ros_projector.cpp.o[0m
[288.183s] [35m[1mScanning dependencies of target gazebo_ros_bumper[0m
[288.655s] [ 34%] [32mBuilding CXX object CMakeFiles/gazebo_ros_bumper.dir/src/gazebo_ros_bumper.cpp.o[0m
[289.668s] [35m[1mScanning dependencies of target gazebo_ros_tricycle_drive[0m
[290.453s] [35m[1mScanning dependencies of target gazebo_ros_ft_sensor[0m
[290.536s] [ 35%] [32mBuilding CXX object CMakeFiles/gazebo_ros_tricycle_drive.dir/src/gazebo_ros_tricycle_drive.cpp.o[0m
[291.394s] [35m[1mScanning dependencies of target gazebo_ros_harness[0m
[291.501s] [ 36%] [32mBuilding CXX object CMakeFiles/gazebo_ros_ft_sensor.dir/src/gazebo_ros_ft_sensor.cpp.o[0m
[292.321s] [35m[1mScanning dependencies of target gazebo_ros_p3d[0m
[292.380s] [ 37%] [32mBuilding CXX object CMakeFiles/gazebo_ros_harness.dir/src/gazebo_ros_harness.cpp.o[0m
[293.303s] [ 39%] [32mBuilding CXX object CMakeFiles/gazebo_ros_p3d.dir/src/gazebo_ros_p3d.cpp.o[0m
[323.028s] [ 40%] [32m[1mLinking CXX shared library libgazebo_ros_projector.so[0m
[325.375s] [ 40%] Built target gazebo_ros_projector
[329.530s] [ 41%] [32m[1mLinking CXX shared library libgazebo_ros_bumper.so[0m
[329.541s] [ 42%] [32m[1mLinking CXX shared library libgazebo_ros_ft_sensor.so[0m
[331.558s] [ 42%] Built target gazebo_ros_ft_sensor
[331.665s] [ 42%] Built target gazebo_ros_bumper
[333.808s] [ 43%] [32m[1mLinking CXX shared library libgazebo_ros_p3d.so[0m
[335.591s] [ 43%] Built target gazebo_ros_p3d
[338.458s] [ 45%] [32m[1mLinking CXX shared library libgazebo_ros_harness.so[0m
[340.197s] [ 45%] Built target gazebo_ros_harness
[341.591s] [ 46%] [32m[1mLinking CXX shared library libgazebo_ros_tricycle_drive.so[0m
[343.774s] [ 46%] Built target gazebo_ros_tricycle_drive
[343.792s] [35m[1mScanning dependencies of target gazebo_ros_camera[0m
[344.274s] [ 47%] [32mBuilding CXX object CMakeFiles/gazebo_ros_camera.dir/src/gazebo_ros_camera.cpp.o[0m
[407.638s] [ 48%] [32m[1mLinking CXX shared library libgazebo_ros_camera.so[0m
[410.273s] [ 48%] Built target gazebo_ros_camera
[410.288s] [35m[1mScanning dependencies of target gtest_main[0m
[410.321s] [ 50%] [32mBuilding CXX object gtest/CMakeFiles/gtest_main.dir/src/gtest_main.cc.o[0m
[412.152s] [ 51%] [32m[1mLinking CXX static library libgtest_main.a[0m
[412.194s] [ 51%] Built target gtest_main
[412.212s] [35m[1mScanning dependencies of target gtest[0m
[412.260s] [ 52%] [32mBuilding CXX object gtest/CMakeFiles/gtest.dir/src/gtest-all.cc.o[0m
[426.669s] [ 53%] [32m[1mLinking CXX static library libgtest.a[0m
[427.047s] [ 53%] Built target gtest
[427.117s] [35m[1mScanning dependencies of target gazebo_ros_ackermann_drive[0m
[427.821s] [ 54%] [32mBuilding CXX object CMakeFiles/gazebo_ros_ackermann_drive.dir/src/gazebo_ros_ackermann_drive.cpp.o[0m
[442.674s] [35m[1mScanning dependencies of target test_gazebo_ros_ackermann_drive[0m
[443.187s] [35m[1mScanning dependencies of target test_gazebo_ros_diff_drive[0m
[443.226s] [ 56%] [32mBuilding CXX object test/CMakeFiles/test_gazebo_ros_ackermann_drive.dir/test_gazebo_ros_ackermann_drive.cpp.o[0m
[443.821s] [ 57%] [32mBuilding CXX object test/CMakeFiles/test_gazebo_ros_diff_drive.dir/test_gazebo_ros_diff_drive.cpp.o[0m
[444.822s] [35m[1mScanning dependencies of target test_gazebo_ros_elevator[0m
[445.846s] [35m[1mScanning dependencies of target test_gazebo_ros_ft_sensor[0m
[445.976s] [ 58%] [32mBuilding CXX object test/CMakeFiles/test_gazebo_ros_elevator.dir/test_gazebo_ros_elevator.cpp.o[0m
[446.832s] [35m[1mScanning dependencies of target test_gazebo_ros_force[0m
[447.133s] [35m[1mScanning dependencies of target test_gazebo_ros_vacuum_gripper[0m
[447.206s] [ 59%] [32mBuilding CXX object test/CMakeFiles/test_gazebo_ros_ft_sensor.dir/test_gazebo_ros_ft_sensor.cpp.o[0m
[447.946s] [ 60%] [32mBuilding CXX object test/CMakeFiles/test_gazebo_ros_force.dir/test_gazebo_ros_force.cpp.o[0m
[448.376s] [ 62%] [32mBuilding CXX object test/CMakeFiles/test_gazebo_ros_vacuum_gripper.dir/test_gazebo_ros_vacuum_gripper.cpp.o[0m
[480.504s] [ 63%] [32m[1mLinking CXX shared library libgazebo_ros_ackermann_drive.so[0m
[483.888s] [ 63%] Built target gazebo_ros_ackermann_drive
[506.411s] [ 64%] [32m[1mLinking CXX executable test_gazebo_ros_vacuum_gripper[0m
[508.123s] [ 65%] [32m[1mLinking CXX executable test_gazebo_ros_elevator[0m
[509.444s] [ 67%] [32m[1mLinking CXX executable test_gazebo_ros_force[0m
[511.231s] [ 67%] Built target test_gazebo_ros_vacuum_gripper
[512.615s] [ 67%] Built target test_gazebo_ros_elevator
[513.837s] [ 67%] Built target test_gazebo_ros_force
[516.740s] [ 68%] [32m[1mLinking CXX executable test_gazebo_ros_ackermann_drive[0m
[517.295s] [ 69%] [32m[1mLinking CXX executable test_gazebo_ros_ft_sensor[0m
[518.997s] [ 70%] [32m[1mLinking CXX executable test_gazebo_ros_diff_drive[0m
[520.867s] [ 70%] Built target test_gazebo_ros_ackermann_drive
[521.324s] [ 70%] Built target test_gazebo_ros_ft_sensor
[522.886s] [ 70%] Built target test_gazebo_ros_diff_drive
[522.904s] [35m[1mScanning dependencies of target test_gazebo_ros_planar_move[0m
[523.424s] [ 71%] [32mBuilding CXX object test/CMakeFiles/test_gazebo_ros_planar_move.dir/test_gazebo_ros_planar_move.cpp.o[0m
[581.050s] [ 73%] [32m[1mLinking CXX executable test_gazebo_ros_planar_move[0m
[585.498s] [ 73%] Built target test_gazebo_ros_planar_move
[585.520s] [35m[1mScanning dependencies of target test_gazebo_ros_joint_state_publisher[0m
[586.207s] [ 74%] [32mBuilding CXX object test/CMakeFiles/test_gazebo_ros_joint_state_publisher.dir/test_gazebo_ros_joint_state_publisher.cpp.o[0m
[646.087s] [ 75%] [32m[1mLinking CXX executable test_gazebo_ros_joint_state_publisher[0m
[650.355s] [ 75%] Built target test_gazebo_ros_joint_state_publisher
[650.380s] [35m[1mScanning dependencies of target test_gazebo_ros_p3d[0m
[650.995s] [ 76%] [32mBuilding CXX object test/CMakeFiles/test_gazebo_ros_p3d.dir/test_gazebo_ros_p3d.cpp.o[0m
[709.866s] [ 78%] [32m[1mLinking CXX executable test_gazebo_ros_p3d[0m
[714.259s] [ 78%] Built target test_gazebo_ros_p3d
[714.281s] [35m[1mScanning dependencies of target test_gazebo_ros_bumper[0m
[714.887s] [ 79%] [32mBuilding CXX object test/CMakeFiles/test_gazebo_ros_bumper.dir/test_gazebo_ros_bumper.cpp.o[0m
[772.844s] [35m[1mScanning dependencies of target test_gazebo_ros_ray_sensor[0m
[773.592s] [ 80%] [32mBuilding CXX object test/CMakeFiles/test_gazebo_ros_ray_sensor.dir/test_gazebo_ros_ray_sensor.cpp.o[0m
[773.840s] [ 81%] [32m[1mLinking CXX executable test_gazebo_ros_bumper[0m
[774.519s] [35m[1mScanning dependencies of target test_gazebo_ros_gps_sensor[0m
[775.476s] [ 82%] [32mBuilding CXX object test/CMakeFiles/test_gazebo_ros_gps_sensor.dir/test_gazebo_ros_gps_sensor.cpp.o[0m
[776.393s] [35m[1mScanning dependencies of target test_gazebo_ros_imu_sensor[0m
[777.696s] [ 84%] [32mBuilding CXX object test/CMakeFiles/test_gazebo_ros_imu_sensor.dir/test_gazebo_ros_imu_sensor.cpp.o[0m
[781.704s] [ 84%] Built target test_gazebo_ros_bumper
[855.404s] [ 85%] [32m[1mLinking CXX executable test_gazebo_ros_gps_sensor[0m
[857.051s] [ 86%] [32m[1mLinking CXX executable test_gazebo_ros_imu_sensor[0m
[860.260s] [ 86%] Built target test_gazebo_ros_gps_sensor
[861.464s] [ 86%] Built target test_gazebo_ros_imu_sensor
[871.683s] [ 87%] [32m[1mLinking CXX executable test_gazebo_ros_ray_sensor[0m
[876.383s] [ 87%] Built target test_gazebo_ros_ray_sensor
[876.403s] [35m[1mScanning dependencies of target test_gazebo_ros_tricycle_drive[0m
[876.976s] [ 89%] [32mBuilding CXX object test/CMakeFiles/test_gazebo_ros_tricycle_drive.dir/test_gazebo_ros_tricycle_drive.cpp.o[0m
[936.617s] [ 90%] [32m[1mLinking CXX executable test_gazebo_ros_tricycle_drive[0m
[940.601s] [ 90%] Built target test_gazebo_ros_tricycle_drive
[940.621s] [35m[1mScanning dependencies of target test_gazebo_ros_harness[0m
[940.624s] [35m[1mScanning dependencies of target test_gazebo_ros_joint_pose_trajectory[0m
[940.625s] [35m[1mScanning dependencies of target test_gazebo_ros_hand_of_god[0m
[941.207s] [ 91%] [32mBuilding CXX object test/CMakeFiles/test_gazebo_ros_harness.dir/test_gazebo_ros_harness.cpp.o[0m
[941.266s] [ 92%] [32mBuilding CXX object test/CMakeFiles/test_gazebo_ros_hand_of_god.dir/test_gazebo_ros_hand_of_god.cpp.o[0m
[941.280s] [ 93%] [32mBuilding CXX object test/CMakeFiles/test_gazebo_ros_joint_pose_trajectory.dir/test_gazebo_ros_joint_pose_trajectory.cpp.o[0m
[986.364s] [ 95%] [32m[1mLinking CXX executable test_gazebo_ros_joint_pose_trajectory[0m
[986.412s] [ 96%] [32m[1mLinking CXX executable test_gazebo_ros_hand_of_god[0m
[987.383s] [ 97%] [32m[1mLinking CXX executable test_gazebo_ros_harness[0m
[990.095s] [ 97%] Built target test_gazebo_ros_joint_pose_trajectory
[990.111s] [35m[1mScanning dependencies of target gazebo_ros_joint_pose_trajectory[0m
[990.427s] [ 97%] Built target test_gazebo_ros_hand_of_god
[990.500s] [ 98%] [32mBuilding CXX object CMakeFiles/gazebo_ros_joint_pose_trajectory.dir/src/gazebo_ros_joint_pose_trajectory.cpp.o[0m
[991.060s] [ 98%] Built target test_gazebo_ros_harness
[1016.435s] [100%] [32m[1mLinking CXX shared library libgazebo_ros_joint_pose_trajectory.so[0m
[1018.045s] [100%] Built target gazebo_ros_joint_pose_trajectory
[1018.065s] Invoked command in '/home/nvidia/workspace/alan/src/AMR_ros2_slam_nav2/build/gazebo_plugins' returned '0': AMENT_PREFIX_PATH=/home/nvidia/workspace/alan/src/AMR_ros2_slam_nav2/install/gazebo_ros:/home/nvidia/workspace/alan/src/AMR_ros2_slam_nav2/install/camera_info_manager:/home/nvidia/workspace/alan/src/AMR_ros2_slam_nav2/install/image_transport:/home/nvidia/workspace/alan/src/AMR_ros2_slam_nav2/install/gazebo_msgs:/home/nvidia/workspace/alan/src/AMR_ros2_slam_nav2/install/gazebo_dev:/home/nvidia/workspace/alan/src/AMR_ros2_slam_nav2/install/cv_bridge:/home/nvidia/workspace/alan/src/AMR_ros2_slam_nav2/install/camera_calibration_parsers:${AMENT_PREFIX_PATH} CMAKE_PREFIX_PATH=/home/nvidia/workspace/alan/src/AMR_ros2_slam_nav2/install/gazebo_ros:/home/nvidia/workspace/alan/src/AMR_ros2_slam_nav2/install/camera_info_manager:/home/nvidia/workspace/alan/src/AMR_ros2_slam_nav2/install/image_transport:/home/nvidia/workspace/alan/src/AMR_ros2_slam_nav2/install/gazebo_msgs:/home/nvidia/workspace/alan/src/AMR_ros2_slam_nav2/install/gazebo_dev:/home/nvidia/workspace/alan/src/AMR_ros2_slam_nav2/install/cv_bridge:/home/nvidia/workspace/alan/src/AMR_ros2_slam_nav2/install/camera_calibration_parsers:${CMAKE_PREFIX_PATH} LD_LIBRARY_PATH=/home/nvidia/workspace/alan/src/AMR_ros2_slam_nav2/install/gazebo_ros/lib:/home/nvidia/workspace/alan/src/AMR_ros2_slam_nav2/install/camera_info_manager/lib:/home/nvidia/workspace/alan/src/AMR_ros2_slam_nav2/install/image_transport/lib:/home/nvidia/workspace/alan/src/AMR_ros2_slam_nav2/install/gazebo_msgs/lib:/home/nvidia/workspace/alan/src/AMR_ros2_slam_nav2/install/cv_bridge/lib:/home/nvidia/workspace/alan/src/AMR_ros2_slam_nav2/install/camera_calibration_parsers/lib:/home/workspace/ros2/install/opt/yaml_cpp_vendor/lib:/home/workspace/ros2/install/opt/rviz_ogre_vendor/lib:/home/workspace/ros2/install/lib:/usr/local/cuda-10.2/lib64 PYTHONPATH=/home/nvidia/workspace/alan/src/AMR_ros2_slam_nav2/install/gazebo_ros/lib/python3.6/site-packages:/home/nvidia/workspace/alan/src/AMR_ros2_slam_nav2/install/gazebo_msgs/lib/python3.6/site-packages:/home/nvidia/workspace/alan/src/AMR_ros2_slam_nav2/install/cv_bridge/lib/python3.6/site-packages:/home/workspace/ros2/install/lib/python3.6/site-packages:/usr/local/lib:/usr/local/cuda/bin /usr/local/bin/cmake --build /home/nvidia/workspace/alan/src/AMR_ros2_slam_nav2/build/gazebo_plugins -- -j8 -l8
[1018.329s] Invoking command in '/home/nvidia/workspace/alan/src/AMR_ros2_slam_nav2/build/gazebo_plugins': AMENT_PREFIX_PATH=/home/nvidia/workspace/alan/src/AMR_ros2_slam_nav2/install/gazebo_ros:/home/nvidia/workspace/alan/src/AMR_ros2_slam_nav2/install/camera_info_manager:/home/nvidia/workspace/alan/src/AMR_ros2_slam_nav2/install/image_transport:/home/nvidia/workspace/alan/src/AMR_ros2_slam_nav2/install/gazebo_msgs:/home/nvidia/workspace/alan/src/AMR_ros2_slam_nav2/install/gazebo_dev:/home/nvidia/workspace/alan/src/AMR_ros2_slam_nav2/install/cv_bridge:/home/nvidia/workspace/alan/src/AMR_ros2_slam_nav2/install/camera_calibration_parsers:${AMENT_PREFIX_PATH} CMAKE_PREFIX_PATH=/home/nvidia/workspace/alan/src/AMR_ros2_slam_nav2/install/gazebo_ros:/home/nvidia/workspace/alan/src/AMR_ros2_slam_nav2/install/camera_info_manager:/home/nvidia/workspace/alan/src/AMR_ros2_slam_nav2/install/image_transport:/home/nvidia/workspace/alan/src/AMR_ros2_slam_nav2/install/gazebo_msgs:/home/nvidia/workspace/alan/src/AMR_ros2_slam_nav2/install/gazebo_dev:/home/nvidia/workspace/alan/src/AMR_ros2_slam_nav2/install/cv_bridge:/home/nvidia/workspace/alan/src/AMR_ros2_slam_nav2/install/camera_calibration_parsers:${CMAKE_PREFIX_PATH} LD_LIBRARY_PATH=/home/nvidia/workspace/alan/src/AMR_ros2_slam_nav2/install/gazebo_ros/lib:/home/nvidia/workspace/alan/src/AMR_ros2_slam_nav2/install/camera_info_manager/lib:/home/nvidia/workspace/alan/src/AMR_ros2_slam_nav2/install/image_transport/lib:/home/nvidia/workspace/alan/src/AMR_ros2_slam_nav2/install/gazebo_msgs/lib:/home/nvidia/workspace/alan/src/AMR_ros2_slam_nav2/install/cv_bridge/lib:/home/nvidia/workspace/alan/src/AMR_ros2_slam_nav2/install/camera_calibration_parsers/lib:/home/workspace/ros2/install/opt/yaml_cpp_vendor/lib:/home/workspace/ros2/install/opt/rviz_ogre_vendor/lib:/home/workspace/ros2/install/lib:/usr/local/cuda-10.2/lib64 PYTHONPATH=/home/nvidia/workspace/alan/src/AMR_ros2_slam_nav2/install/gazebo_ros/lib/python3.6/site-packages:/home/nvidia/workspace/alan/src/AMR_ros2_slam_nav2/install/gazebo_msgs/lib/python3.6/site-packages:/home/nvidia/workspace/alan/src/AMR_ros2_slam_nav2/install/cv_bridge/lib/python3.6/site-packages:/home/workspace/ros2/install/lib/python3.6/site-packages:/usr/local/lib:/usr/local/cuda/bin /usr/local/bin/cmake --install /home/nvidia/workspace/alan/src/AMR_ros2_slam_nav2/build/gazebo_plugins
[1018.347s] -- Install configuration: ""
[1018.348s] -- Installing: /home/nvidia/workspace/alan/src/AMR_ros2_slam_nav2/install/gazebo_plugins/share/gazebo_plugins/environment/library_path.sh
[1018.350s] -- Installing: /home/nvidia/workspace/alan/src/AMR_ros2_slam_nav2/install/gazebo_plugins/share/gazebo_plugins/environment/library_path.dsv
[1018.350s] -- Installing: /home/nvidia/workspace/alan/src/AMR_ros2_slam_nav2/install/gazebo_plugins/share/gazebo_plugins/environment/gazebo_plugins.sh
[1018.351s] -- Installing: /home/nvidia/workspace/alan/src/AMR_ros2_slam_nav2/install/gazebo_plugins/share/gazebo_plugins/environment/gazebo_plugins.dsv
[1018.352s] -- Installing: /home/nvidia/workspace/alan/src/AMR_ros2_slam_nav2/install/gazebo_plugins/share/ament_index/resource_index/package_run_dependencies/gazebo_plugins
[1018.353s] -- Installing: /home/nvidia/workspace/alan/src/AMR_ros2_slam_nav2/install/gazebo_plugins/share/ament_index/resource_index/parent_prefix_path/gazebo_plugins
[1018.355s] -- Installing: /home/nvidia/workspace/alan/src/AMR_ros2_slam_nav2/install/gazebo_plugins/share/gazebo_plugins/environment/ament_prefix_path.sh
[1018.356s] -- Installing: /home/nvidia/workspace/alan/src/AMR_ros2_slam_nav2/install/gazebo_plugins/share/gazebo_plugins/environment/ament_prefix_path.dsv
[1018.356s] -- Installing: /home/nvidia/workspace/alan/src/AMR_ros2_slam_nav2/install/gazebo_plugins/share/gazebo_plugins/environment/path.sh
[1018.358s] -- Installing: /home/nvidia/workspace/alan/src/AMR_ros2_slam_nav2/install/gazebo_plugins/share/gazebo_plugins/environment/path.dsv
[1018.359s] -- Installing: /home/nvidia/workspace/alan/src/AMR_ros2_slam_nav2/install/gazebo_plugins/share/gazebo_plugins/local_setup.bash
[1018.359s] -- Installing: /home/nvidia/workspace/alan/src/AMR_ros2_slam_nav2/install/gazebo_plugins/share/gazebo_plugins/local_setup.sh
[1018.360s] -- Installing: /home/nvidia/workspace/alan/src/AMR_ros2_slam_nav2/install/gazebo_plugins/share/gazebo_plugins/local_setup.zsh
[1018.360s] -- Installing: /home/nvidia/workspace/alan/src/AMR_ros2_slam_nav2/install/gazebo_plugins/share/gazebo_plugins/local_setup.dsv
[1018.360s] -- Installing: /home/nvidia/workspace/alan/src/AMR_ros2_slam_nav2/install/gazebo_plugins/share/gazebo_plugins/package.dsv
[1018.361s] -- Installing: /home/nvidia/workspace/alan/src/AMR_ros2_slam_nav2/install/gazebo_plugins/share/ament_index/resource_index/packages/gazebo_plugins
[1018.361s] -- Installing: /home/nvidia/workspace/alan/src/AMR_ros2_slam_nav2/install/gazebo_plugins/share/gazebo_plugins/cmake/ament_cmake_export_libraries-extras.cmake
[1018.362s] -- Installing: /home/nvidia/workspace/alan/src/AMR_ros2_slam_nav2/install/gazebo_plugins/share/gazebo_plugins/cmake/ament_cmake_export_include_directories-extras.cmake
[1018.362s] -- Installing: /home/nvidia/workspace/alan/src/AMR_ros2_slam_nav2/install/gazebo_plugins/share/gazebo_plugins/cmake/ament_cmake_export_dependencies-extras.cmake
[1018.363s] -- Installing: /home/nvidia/workspace/alan/src/AMR_ros2_slam_nav2/install/gazebo_plugins/share/gazebo_plugins/cmake/gazebo_pluginsConfig.cmake
[1018.363s] -- Installing: /home/nvidia/workspace/alan/src/AMR_ros2_slam_nav2/install/gazebo_plugins/share/gazebo_plugins/cmake/gazebo_pluginsConfig-version.cmake
[1018.364s] -- Installing: /home/nvidia/workspace/alan/src/AMR_ros2_slam_nav2/install/gazebo_plugins/share/gazebo_plugins/package.xml
[1018.364s] -- Installing: /home/nvidia/workspace/alan/src/AMR_ros2_slam_nav2/install/gazebo_plugins/include
[1018.365s] -- Installing: /home/nvidia/workspace/alan/src/AMR_ros2_slam_nav2/install/gazebo_plugins/include/gazebo_plugins
[1018.365s] -- Installing: /home/nvidia/workspace/alan/src/AMR_ros2_slam_nav2/install/gazebo_plugins/include/gazebo_plugins/gazebo_ros_ft_sensor.hpp
[1018.366s] -- Installing: /home/nvidia/workspace/alan/src/AMR_ros2_slam_nav2/install/gazebo_plugins/include/gazebo_plugins/gazebo_ros_force.hpp
[1018.366s] -- Installing: /home/nvidia/workspace/alan/src/AMR_ros2_slam_nav2/install/gazebo_plugins/include/gazebo_plugins/gazebo_ros_bumper.hpp
[1018.366s] -- Installing: /home/nvidia/workspace/alan/src/AMR_ros2_slam_nav2/install/gazebo_plugins/include/gazebo_plugins/gazebo_ros_tricycle_drive.hpp
[1018.367s] -- Installing: /home/nvidia/workspace/alan/src/AMR_ros2_slam_nav2/install/gazebo_plugins/include/gazebo_plugins/gazebo_ros_camera.hpp
[1018.368s] -- Installing: /home/nvidia/workspace/alan/src/AMR_ros2_slam_nav2/install/gazebo_plugins/include/gazebo_plugins/gazebo_ros_joint_pose_trajectory.hpp
[1018.368s] -- Installing: /home/nvidia/workspace/alan/src/AMR_ros2_slam_nav2/install/gazebo_plugins/include/gazebo_plugins/gazebo_ros_joint_state_publisher.hpp
[1018.369s] -- Installing: /home/nvidia/workspace/alan/src/AMR_ros2_slam_nav2/install/gazebo_plugins/include/gazebo_plugins/gazebo_ros_template.hpp
[1018.369s] -- Installing: /home/nvidia/workspace/alan/src/AMR_ros2_slam_nav2/install/gazebo_plugins/include/gazebo_plugins/gazebo_ros_imu_sensor.hpp
[1018.370s] -- Installing: /home/nvidia/workspace/alan/src/AMR_ros2_slam_nav2/install/gazebo_plugins/include/gazebo_plugins/gazebo_ros_gps_sensor.hpp
[1018.370s] -- Installing: /home/nvidia/workspace/alan/src/AMR_ros2_slam_nav2/install/gazebo_plugins/include/gazebo_plugins/gazebo_ros_harness.hpp
[1018.370s] -- Installing: /home/nvidia/workspace/alan/src/AMR_ros2_slam_nav2/install/gazebo_plugins/include/gazebo_plugins/gazebo_ros_video.hpp
[1018.370s] -- Installing: /home/nvidia/workspace/alan/src/AMR_ros2_slam_nav2/install/gazebo_plugins/include/gazebo_plugins/gazebo_ros_vacuum_gripper.hpp
[1018.371s] -- Installing: /home/nvidia/workspace/alan/src/AMR_ros2_slam_nav2/install/gazebo_plugins/include/gazebo_plugins/gazebo_ros_planar_move.hpp
[1018.371s] -- Installing: /home/nvidia/workspace/alan/src/AMR_ros2_slam_nav2/install/gazebo_plugins/include/gazebo_plugins/gazebo_ros_diff_drive.hpp
[1018.371s] -- Installing: /home/nvidia/workspace/alan/src/AMR_ros2_slam_nav2/install/gazebo_plugins/include/gazebo_plugins/gazebo_ros_wheel_slip.hpp
[1018.372s] -- Installing: /home/nvidia/workspace/alan/src/AMR_ros2_slam_nav2/install/gazebo_plugins/include/gazebo_plugins/multi_camera_plugin.hpp
[1018.372s] -- Installing: /home/nvidia/workspace/alan/src/AMR_ros2_slam_nav2/install/gazebo_plugins/include/gazebo_plugins/gazebo_ros_ackermann_drive.hpp
[1018.372s] -- Installing: /home/nvidia/workspace/alan/src/AMR_ros2_slam_nav2/install/gazebo_plugins/include/gazebo_plugins/gazebo_ros_hand_of_god.hpp
[1018.372s] -- Installing: /home/nvidia/workspace/alan/src/AMR_ros2_slam_nav2/install/gazebo_plugins/include/gazebo_plugins/gazebo_ros_p3d.hpp
[1018.373s] -- Installing: /home/nvidia/workspace/alan/src/AMR_ros2_slam_nav2/install/gazebo_plugins/include/gazebo_plugins/gazebo_ros_projector.hpp
[1018.373s] -- Installing: /home/nvidia/workspace/alan/src/AMR_ros2_slam_nav2/install/gazebo_plugins/include/gazebo_plugins/gazebo_ros_elevator.hpp
[1018.373s] -- Installing: /home/nvidia/workspace/alan/src/AMR_ros2_slam_nav2/install/gazebo_plugins/include/gazebo_plugins/gazebo_ros_ray_sensor.hpp
[1018.373s] -- Installing: /home/nvidia/workspace/alan/src/AMR_ros2_slam_nav2/install/gazebo_plugins/lib/libgazebo_ros_ackermann_drive.so
[1018.388s] -- Set runtime path of "/home/nvidia/workspace/alan/src/AMR_ros2_slam_nav2/install/gazebo_plugins/lib/libgazebo_ros_ackermann_drive.so" to ""
[1018.388s] -- Installing: /home/nvidia/workspace/alan/src/AMR_ros2_slam_nav2/install/gazebo_plugins/lib/libgazebo_ros_bumper.so
[1018.394s] -- Set runtime path of "/home/nvidia/workspace/alan/src/AMR_ros2_slam_nav2/install/gazebo_plugins/lib/libgazebo_ros_bumper.so" to ""
[1018.395s] -- Installing: /home/nvidia/workspace/alan/src/AMR_ros2_slam_nav2/install/gazebo_plugins/lib/libgazebo_ros_camera.so
[1018.410s] -- Set runtime path of "/home/nvidia/workspace/alan/src/AMR_ros2_slam_nav2/install/gazebo_plugins/lib/libgazebo_ros_camera.so" to ""
[1018.411s] -- Installing: /home/nvidia/workspace/alan/src/AMR_ros2_slam_nav2/install/gazebo_plugins/lib/libgazebo_ros_diff_drive.so
[1018.428s] -- Set runtime path of "/home/nvidia/workspace/alan/src/AMR_ros2_slam_nav2/install/gazebo_plugins/lib/libgazebo_ros_diff_drive.so" to ""
[1018.429s] -- Installing: /home/nvidia/workspace/alan/src/AMR_ros2_slam_nav2/install/gazebo_plugins/lib/libgazebo_ros_elevator.so
[1018.440s] -- Set runtime path of "/home/nvidia/workspace/alan/src/AMR_ros2_slam_nav2/install/gazebo_plugins/lib/libgazebo_ros_elevator.so" to ""
[1018.440s] -- Installing: /home/nvidia/workspace/alan/src/AMR_ros2_slam_nav2/install/gazebo_plugins/lib/libgazebo_ros_force.so
[1018.451s] -- Set runtime path of "/home/nvidia/workspace/alan/src/AMR_ros2_slam_nav2/install/gazebo_plugins/lib/libgazebo_ros_force.so" to ""
[1018.452s] -- Installing: /home/nvidia/workspace/alan/src/AMR_ros2_slam_nav2/install/gazebo_plugins/lib/libgazebo_ros_ft_sensor.so
[1018.458s] -- Set runtime path of "/home/nvidia/workspace/alan/src/AMR_ros2_slam_nav2/install/gazebo_plugins/lib/libgazebo_ros_ft_sensor.so" to ""
[1018.459s] -- Installing: /home/nvidia/workspace/alan/src/AMR_ros2_slam_nav2/install/gazebo_plugins/lib/libgazebo_ros_hand_of_god.so
[1018.465s] -- Set runtime path of "/home/nvidia/workspace/alan/src/AMR_ros2_slam_nav2/install/gazebo_plugins/lib/libgazebo_ros_hand_of_god.so" to ""
[1018.466s] -- Installing: /home/nvidia/workspace/alan/src/AMR_ros2_slam_nav2/install/gazebo_plugins/lib/libgazebo_ros_harness.so
[1018.480s] -- Set runtime path of "/home/nvidia/workspace/alan/src/AMR_ros2_slam_nav2/install/gazebo_plugins/lib/libgazebo_ros_harness.so" to ""
[1018.481s] -- Installing: /home/nvidia/workspace/alan/src/AMR_ros2_slam_nav2/install/gazebo_plugins/lib/libgazebo_ros_imu_sensor.so
[1018.486s] -- Set runtime path of "/home/nvidia/workspace/alan/src/AMR_ros2_slam_nav2/install/gazebo_plugins/lib/libgazebo_ros_imu_sensor.so" to ""
[1018.487s] -- Installing: /home/nvidia/workspace/alan/src/AMR_ros2_slam_nav2/install/gazebo_plugins/lib/libgazebo_ros_gps_sensor.so
[1018.491s] -- Set runtime path of "/home/nvidia/workspace/alan/src/AMR_ros2_slam_nav2/install/gazebo_plugins/lib/libgazebo_ros_gps_sensor.so" to ""
[1018.492s] -- Installing: /home/nvidia/workspace/alan/src/AMR_ros2_slam_nav2/install/gazebo_plugins/lib/libgazebo_ros_joint_pose_trajectory.so
[1018.505s] -- Set runtime path of "/home/nvidia/workspace/alan/src/AMR_ros2_slam_nav2/install/gazebo_plugins/lib/libgazebo_ros_joint_pose_trajectory.so" to ""
[1018.505s] -- Installing: /home/nvidia/workspace/alan/src/AMR_ros2_slam_nav2/install/gazebo_plugins/lib/libgazebo_ros_joint_state_publisher.so
[1018.511s] -- Set runtime path of "/home/nvidia/workspace/alan/src/AMR_ros2_slam_nav2/install/gazebo_plugins/lib/libgazebo_ros_joint_state_publisher.so" to ""
[1018.512s] -- Installing: /home/nvidia/workspace/alan/src/AMR_ros2_slam_nav2/install/gazebo_plugins/lib/libgazebo_ros_planar_move.so
[1018.526s] -- Set runtime path of "/home/nvidia/workspace/alan/src/AMR_ros2_slam_nav2/install/gazebo_plugins/lib/libgazebo_ros_planar_move.so" to ""
[1018.527s] -- Installing: /home/nvidia/workspace/alan/src/AMR_ros2_slam_nav2/install/gazebo_plugins/lib/libgazebo_ros_projector.so
[1018.538s] -- Set runtime path of "/home/nvidia/workspace/alan/src/AMR_ros2_slam_nav2/install/gazebo_plugins/lib/libgazebo_ros_projector.so" to ""
[1018.539s] -- Installing: /home/nvidia/workspace/alan/src/AMR_ros2_slam_nav2/install/gazebo_plugins/lib/libgazebo_ros_ray_sensor.so
[1018.552s] -- Set runtime path of "/home/nvidia/workspace/alan/src/AMR_ros2_slam_nav2/install/gazebo_plugins/lib/libgazebo_ros_ray_sensor.so" to ""
[1018.553s] -- Installing: /home/nvidia/workspace/alan/src/AMR_ros2_slam_nav2/install/gazebo_plugins/lib/libgazebo_ros_p3d.so
[1018.559s] -- Set runtime path of "/home/nvidia/workspace/alan/src/AMR_ros2_slam_nav2/install/gazebo_plugins/lib/libgazebo_ros_p3d.so" to ""
[1018.560s] -- Installing: /home/nvidia/workspace/alan/src/AMR_ros2_slam_nav2/install/gazebo_plugins/lib/libgazebo_ros_template.so
[1018.562s] -- Set runtime path of "/home/nvidia/workspace/alan/src/AMR_ros2_slam_nav2/install/gazebo_plugins/lib/libgazebo_ros_template.so" to ""
[1018.562s] -- Installing: /home/nvidia/workspace/alan/src/AMR_ros2_slam_nav2/install/gazebo_plugins/lib/libgazebo_ros_tricycle_drive.so
[1018.578s] -- Set runtime path of "/home/nvidia/workspace/alan/src/AMR_ros2_slam_nav2/install/gazebo_plugins/lib/libgazebo_ros_tricycle_drive.so" to ""
[1018.579s] -- Installing: /home/nvidia/workspace/alan/src/AMR_ros2_slam_nav2/install/gazebo_plugins/lib/libgazebo_ros_vacuum_gripper.so
[1018.586s] -- Set runtime path of "/home/nvidia/workspace/alan/src/AMR_ros2_slam_nav2/install/gazebo_plugins/lib/libgazebo_ros_vacuum_gripper.so" to ""
[1018.586s] -- Installing: /home/nvidia/workspace/alan/src/AMR_ros2_slam_nav2/install/gazebo_plugins/lib/libgazebo_ros_video.so
[1018.598s] -- Set runtime path of "/home/nvidia/workspace/alan/src/AMR_ros2_slam_nav2/install/gazebo_plugins/lib/libgazebo_ros_video.so" to ""
[1018.599s] -- Installing: /home/nvidia/workspace/alan/src/AMR_ros2_slam_nav2/install/gazebo_plugins/lib/libmulti_camera_plugin.so
[1018.602s] -- Set runtime path of "/home/nvidia/workspace/alan/src/AMR_ros2_slam_nav2/install/gazebo_plugins/lib/libmulti_camera_plugin.so" to ""
[1018.602s] -- Installing: /home/nvidia/workspace/alan/src/AMR_ros2_slam_nav2/install/gazebo_plugins/share/gazebo_plugins//worlds
[1018.603s] -- Installing: /home/nvidia/workspace/alan/src/AMR_ros2_slam_nav2/install/gazebo_plugins/share/gazebo_plugins//worlds/gazebo_ros_camera_demo.world
[1018.603s] -- Installing: /home/nvidia/workspace/alan/src/AMR_ros2_slam_nav2/install/gazebo_plugins/share/gazebo_plugins//worlds/gazebo_ros_skid_steer_drive_demo.world
[1018.604s] -- Installing: /home/nvidia/workspace/alan/src/AMR_ros2_slam_nav2/install/gazebo_plugins/share/gazebo_plugins//worlds/gazebo_ros_multicamera_demo.world
[1018.604s] -- Installing: /home/nvidia/workspace/alan/src/AMR_ros2_slam_nav2/install/gazebo_plugins/share/gazebo_plugins//worlds/gazebo_ros_p3d_demo.world
[1018.605s] -- Installing: /home/nvidia/workspace/alan/src/AMR_ros2_slam_nav2/install/gazebo_plugins/share/gazebo_plugins//worlds/gazebo_ros_tricycle_drive_demo.world
[1018.605s] -- Installing: /home/nvidia/workspace/alan/src/AMR_ros2_slam_nav2/install/gazebo_plugins/share/gazebo_plugins//worlds/gazebo_ros_ackermann_drive_demo.world
[1018.605s] -- Installing: /home/nvidia/workspace/alan/src/AMR_ros2_slam_nav2/install/gazebo_plugins/share/gazebo_plugins//worlds/gazebo_ros_camera_distortion_barrel_demo.world
[1018.606s] -- Installing: /home/nvidia/workspace/alan/src/AMR_ros2_slam_nav2/install/gazebo_plugins/share/gazebo_plugins//worlds/gazebo_ros_bumper_demo.world
[1018.606s] -- Installing: /home/nvidia/workspace/alan/src/AMR_ros2_slam_nav2/install/gazebo_plugins/share/gazebo_plugins//worlds/gazebo_ros_ft_sensor_demo.world
[1018.606s] -- Installing: /home/nvidia/workspace/alan/src/AMR_ros2_slam_nav2/install/gazebo_plugins/share/gazebo_plugins//worlds/gazebo_ros_depth_camera_demo.world
[1018.607s] -- Installing: /home/nvidia/workspace/alan/src/AMR_ros2_slam_nav2/install/gazebo_plugins/share/gazebo_plugins//worlds/gazebo_ros_gps_sensor_demo.world
[1018.607s] -- Installing: /home/nvidia/workspace/alan/src/AMR_ros2_slam_nav2/install/gazebo_plugins/share/gazebo_plugins//worlds/gazebo_ros_template_demo.world
[1018.608s] -- Installing: /home/nvidia/workspace/alan/src/AMR_ros2_slam_nav2/install/gazebo_plugins/share/gazebo_plugins//worlds/gazebo_ros_hand_of_god_demo.world
[1018.608s] -- Installing: /home/nvidia/workspace/alan/src/AMR_ros2_slam_nav2/install/gazebo_plugins/share/gazebo_plugins//worlds/gazebo_ros_ray_sensor_demo.world
[1018.608s] -- Installing: /home/nvidia/workspace/alan/src/AMR_ros2_slam_nav2/install/gazebo_plugins/share/gazebo_plugins//worlds/gazebo_ros_wheel_slip_demo.world
[1018.609s] -- Installing: /home/nvidia/workspace/alan/src/AMR_ros2_slam_nav2/install/gazebo_plugins/share/gazebo_plugins//worlds/gazebo_ros_planar_move_demo.world
[1018.609s] -- Installing: /home/nvidia/workspace/alan/src/AMR_ros2_slam_nav2/install/gazebo_plugins/share/gazebo_plugins//worlds/gazebo_ros_projector_demo.world
[1018.609s] -- Installing: /home/nvidia/workspace/alan/src/AMR_ros2_slam_nav2/install/gazebo_plugins/share/gazebo_plugins//worlds/gazebo_ros_video_demo.world
[1018.610s] -- Installing: /home/nvidia/workspace/alan/src/AMR_ros2_slam_nav2/install/gazebo_plugins/share/gazebo_plugins//worlds/gazebo_ros_diff_drive_demo.world
[1018.610s] -- Installing: /home/nvidia/workspace/alan/src/AMR_ros2_slam_nav2/install/gazebo_plugins/share/gazebo_plugins//worlds/gazebo_ros_elevator_demo.world
[1018.610s] -- Installing: /home/nvidia/workspace/alan/src/AMR_ros2_slam_nav2/install/gazebo_plugins/share/gazebo_plugins//worlds/gazebo_ros_camera_triggered_demo.world
[1018.610s] -- Installing: /home/nvidia/workspace/alan/src/AMR_ros2_slam_nav2/install/gazebo_plugins/share/gazebo_plugins//worlds/gazebo_ros_joint_pose_trajectory_demo.world
[1018.610s] -- Installing: /home/nvidia/workspace/alan/src/AMR_ros2_slam_nav2/install/gazebo_plugins/share/gazebo_plugins//worlds/gazebo_ros_camera_distortion_pincushion_demo.world
[1018.611s] -- Installing: /home/nvidia/workspace/alan/src/AMR_ros2_slam_nav2/install/gazebo_plugins/share/gazebo_plugins//worlds/gazebo_ros_joint_state_publisher_demo.world
[1018.611s] -- Installing: /home/nvidia/workspace/alan/src/AMR_ros2_slam_nav2/install/gazebo_plugins/share/gazebo_plugins//worlds/gazebo_ros_harness_demo.world
[1018.611s] -- Installing: /home/nvidia/workspace/alan/src/AMR_ros2_slam_nav2/install/gazebo_plugins/share/gazebo_plugins//worlds/gazebo_ros_multi_camera_demo.world
[1018.611s] -- Installing: /home/nvidia/workspace/alan/src/AMR_ros2_slam_nav2/install/gazebo_plugins/share/gazebo_plugins//worlds/gazebo_ros_vacuum_gripper_demo.world
[1018.612s] -- Installing: /home/nvidia/workspace/alan/src/AMR_ros2_slam_nav2/install/gazebo_plugins/share/gazebo_plugins//worlds/gazebo_ros_force_demo.world
[1018.622s] Invoked command in '/home/nvidia/workspace/alan/src/AMR_ros2_slam_nav2/build/gazebo_plugins' returned '0': AMENT_PREFIX_PATH=/home/nvidia/workspace/alan/src/AMR_ros2_slam_nav2/install/gazebo_ros:/home/nvidia/workspace/alan/src/AMR_ros2_slam_nav2/install/camera_info_manager:/home/nvidia/workspace/alan/src/AMR_ros2_slam_nav2/install/image_transport:/home/nvidia/workspace/alan/src/AMR_ros2_slam_nav2/install/gazebo_msgs:/home/nvidia/workspace/alan/src/AMR_ros2_slam_nav2/install/gazebo_dev:/home/nvidia/workspace/alan/src/AMR_ros2_slam_nav2/install/cv_bridge:/home/nvidia/workspace/alan/src/AMR_ros2_slam_nav2/install/camera_calibration_parsers:${AMENT_PREFIX_PATH} CMAKE_PREFIX_PATH=/home/nvidia/workspace/alan/src/AMR_ros2_slam_nav2/install/gazebo_ros:/home/nvidia/workspace/alan/src/AMR_ros2_slam_nav2/install/camera_info_manager:/home/nvidia/workspace/alan/src/AMR_ros2_slam_nav2/install/image_transport:/home/nvidia/workspace/alan/src/AMR_ros2_slam_nav2/install/gazebo_msgs:/home/nvidia/workspace/alan/src/AMR_ros2_slam_nav2/install/gazebo_dev:/home/nvidia/workspace/alan/src/AMR_ros2_slam_nav2/install/cv_bridge:/home/nvidia/workspace/alan/src/AMR_ros2_slam_nav2/install/camera_calibration_parsers:${CMAKE_PREFIX_PATH} LD_LIBRARY_PATH=/home/nvidia/workspace/alan/src/AMR_ros2_slam_nav2/install/gazebo_ros/lib:/home/nvidia/workspace/alan/src/AMR_ros2_slam_nav2/install/camera_info_manager/lib:/home/nvidia/workspace/alan/src/AMR_ros2_slam_nav2/install/image_transport/lib:/home/nvidia/workspace/alan/src/AMR_ros2_slam_nav2/install/gazebo_msgs/lib:/home/nvidia/workspace/alan/src/AMR_ros2_slam_nav2/install/cv_bridge/lib:/home/nvidia/workspace/alan/src/AMR_ros2_slam_nav2/install/camera_calibration_parsers/lib:/home/workspace/ros2/install/opt/yaml_cpp_vendor/lib:/home/workspace/ros2/install/opt/rviz_ogre_vendor/lib:/home/workspace/ros2/install/lib:/usr/local/cuda-10.2/lib64 PYTHONPATH=/home/nvidia/workspace/alan/src/AMR_ros2_slam_nav2/install/gazebo_ros/lib/python3.6/site-packages:/home/nvidia/workspace/alan/src/AMR_ros2_slam_nav2/install/gazebo_msgs/lib/python3.6/site-packages:/home/nvidia/workspace/alan/src/AMR_ros2_slam_nav2/install/cv_bridge/lib/python3.6/site-packages:/home/workspace/ros2/install/lib/python3.6/site-packages:/usr/local/lib:/usr/local/cuda/bin /usr/local/bin/cmake --install /home/nvidia/workspace/alan/src/AMR_ros2_slam_nav2/build/gazebo_plugins
