[0.398s] Invoking command in '/home/nvidia/workspace/alan/src/AMR_ros2_slam_nav2/build/rslidar_msg': CMAKE_PREFIX_PATH=${CMAKE_PREFIX_PATH}:/home/nvidia/workspace/alan/src/AMR_ros2_slam_nav2/install/turtlebot3_teleop:/home/nvidia/workspace/alan/src/AMR_ros2_slam_nav2/install/turtlebot3_example:/home/nvidia/workspace/alan/src/AMR_ros2_slam_nav2/install/opencv_tests:/home/nvidia/workspace/alan/src/AMR_ros2_slam_nav2/install/nav2_gazebo_spawner:/home/nvidia/workspace/alan/AMR/install/turtlebot3_teleop:/home/nvidia/workspace/alan/AMR/install/turtlebot3_example:/home/nvidia/workspace/alan/AMR/install/opencv_tests:/home/nvidia/workspace/alan/AMR/install/nav2_gazebo_spawner /usr/local/bin/cmake --build /home/nvidia/workspace/alan/src/AMR_ros2_slam_nav2/build/rslidar_msg -- -j8 -l8
[0.566s] [  2%] Built target rslidar_msg__cpp
[0.584s] [ 12%] Built target rslidar_msg__rosidl_generator_c
[0.664s] [ 23%] Built target rslidar_msg__rosidl_typesupport_fastrtps_cpp
[0.669s] [ 33%] Built target rslidar_msg__rosidl_typesupport_c
[0.680s] [ 43%] Built target rslidar_msg__rosidl_typesupport_cpp
[0.689s] [ 53%] Built target rslidar_msg__rosidl_typesupport_introspection_cpp
[0.694s] [ 64%] Built target rslidar_msg__rosidl_typesupport_introspection_c
[0.744s] [ 74%] Built target rslidar_msg__rosidl_typesupport_fastrtps_c
[0.808s] [ 74%] Built target rslidar_msg
[0.876s] [ 76%] Built target rslidar_msg__py
[1.056s] [ 84%] Built target rslidar_msg__python
[1.210s] [ 89%] Built target rslidar_msg__rosidl_typesupport_c__pyext
[1.211s] [ 94%] Built target rslidar_msg__rosidl_typesupport_fastrtps_c__pyext
[1.211s] [100%] Built target rslidar_msg__rosidl_typesupport_introspection_c__pyext
[1.218s] Invoked command in '/home/nvidia/workspace/alan/src/AMR_ros2_slam_nav2/build/rslidar_msg' returned '0': CMAKE_PREFIX_PATH=${CMAKE_PREFIX_PATH}:/home/nvidia/workspace/alan/src/AMR_ros2_slam_nav2/install/turtlebot3_teleop:/home/nvidia/workspace/alan/src/AMR_ros2_slam_nav2/install/turtlebot3_example:/home/nvidia/workspace/alan/src/AMR_ros2_slam_nav2/install/opencv_tests:/home/nvidia/workspace/alan/src/AMR_ros2_slam_nav2/install/nav2_gazebo_spawner:/home/nvidia/workspace/alan/AMR/install/turtlebot3_teleop:/home/nvidia/workspace/alan/AMR/install/turtlebot3_example:/home/nvidia/workspace/alan/AMR/install/opencv_tests:/home/nvidia/workspace/alan/AMR/install/nav2_gazebo_spawner /usr/local/bin/cmake --build /home/nvidia/workspace/alan/src/AMR_ros2_slam_nav2/build/rslidar_msg -- -j8 -l8
[1.856s] Invoking command in '/home/nvidia/workspace/alan/src/AMR_ros2_slam_nav2/build/rslidar_msg': CMAKE_PREFIX_PATH=${CMAKE_PREFIX_PATH}:/home/nvidia/workspace/alan/src/AMR_ros2_slam_nav2/install/turtlebot3_teleop:/home/nvidia/workspace/alan/src/AMR_ros2_slam_nav2/install/turtlebot3_example:/home/nvidia/workspace/alan/src/AMR_ros2_slam_nav2/install/opencv_tests:/home/nvidia/workspace/alan/src/AMR_ros2_slam_nav2/install/nav2_gazebo_spawner:/home/nvidia/workspace/alan/AMR/install/turtlebot3_teleop:/home/nvidia/workspace/alan/AMR/install/turtlebot3_example:/home/nvidia/workspace/alan/AMR/install/opencv_tests:/home/nvidia/workspace/alan/AMR/install/nav2_gazebo_spawner /usr/local/bin/cmake --install /home/nvidia/workspace/alan/src/AMR_ros2_slam_nav2/build/rslidar_msg
[1.892s] -- Install configuration: ""
[1.894s] -- Up-to-date: /home/nvidia/workspace/alan/src/AMR_ros2_slam_nav2/install/rslidar_msg/share/ament_index/resource_index/rosidl_interfaces/rslidar_msg
[1.896s] -- Up-to-date: /home/nvidia/workspace/alan/src/AMR_ros2_slam_nav2/install/rslidar_msg/include/rslidar_msg
[1.898s] -- Up-to-date: /home/nvidia/workspace/alan/src/AMR_ros2_slam_nav2/install/rslidar_msg/include/rslidar_msg/msg
[1.903s] -- Up-to-date: /home/nvidia/workspace/alan/src/AMR_ros2_slam_nav2/install/rslidar_msg/include/rslidar_msg/msg/detail
[1.903s] -- Up-to-date: /home/nvidia/workspace/alan/src/AMR_ros2_slam_nav2/install/rslidar_msg/include/rslidar_msg/msg/detail/rslidar_packet__type_support.h
[1.909s] -- Up-to-date: /home/nvidia/workspace/alan/src/AMR_ros2_slam_nav2/install/rslidar_msg/include/rslidar_msg/msg/detail/rslidar_scan__struct.h
[1.909s] -- Up-to-date: /home/nvidia/workspace/alan/src/AMR_ros2_slam_nav2/install/rslidar_msg/include/rslidar_msg/msg/detail/rslidar_packet__struct.h
[1.910s] -- Up-to-date: /home/nvidia/workspace/alan/src/AMR_ros2_slam_nav2/install/rslidar_msg/include/rslidar_msg/msg/detail/rslidar_packet__functions.c
[1.911s] -- Up-to-date: /home/nvidia/workspace/alan/src/AMR_ros2_slam_nav2/install/rslidar_msg/include/rslidar_msg/msg/detail/rslidar_scan__functions.h
[1.912s] -- Up-to-date: /home/nvidia/workspace/alan/src/AMR_ros2_slam_nav2/install/rslidar_msg/include/rslidar_msg/msg/detail/rslidar_scan__type_support.h
[1.914s] -- Up-to-date: /home/nvidia/workspace/alan/src/AMR_ros2_slam_nav2/install/rslidar_msg/include/rslidar_msg/msg/detail/rslidar_scan__functions.c
[1.915s] -- Up-to-date: /home/nvidia/workspace/alan/src/AMR_ros2_slam_nav2/install/rslidar_msg/include/rslidar_msg/msg/detail/rslidar_packet__functions.h
[1.916s] -- Up-to-date: /home/nvidia/workspace/alan/src/AMR_ros2_slam_nav2/install/rslidar_msg/include/rslidar_msg/msg/rslidar_scan.h
[1.916s] -- Up-to-date: /home/nvidia/workspace/alan/src/AMR_ros2_slam_nav2/install/rslidar_msg/include/rslidar_msg/msg/rosidl_generator_c__visibility_control.h
[1.918s] -- Up-to-date: /home/nvidia/workspace/alan/src/AMR_ros2_slam_nav2/install/rslidar_msg/include/rslidar_msg/msg/rslidar_packet.h
[1.920s] -- Up-to-date: /home/nvidia/workspace/alan/src/AMR_ros2_slam_nav2/install/rslidar_msg/share/rslidar_msg/environment/library_path.sh
[1.921s] -- Up-to-date: /home/nvidia/workspace/alan/src/AMR_ros2_slam_nav2/install/rslidar_msg/share/rslidar_msg/environment/library_path.dsv
[1.923s] -- Up-to-date: /home/nvidia/workspace/alan/src/AMR_ros2_slam_nav2/install/rslidar_msg/lib/librslidar_msg__rosidl_generator_c.so
[1.926s] -- Up-to-date: /home/nvidia/workspace/alan/src/AMR_ros2_slam_nav2/install/rslidar_msg/include/rslidar_msg
[1.927s] -- Up-to-date: /home/nvidia/workspace/alan/src/AMR_ros2_slam_nav2/install/rslidar_msg/include/rslidar_msg/msg
[1.934s] -- Up-to-date: /home/nvidia/workspace/alan/src/AMR_ros2_slam_nav2/install/rslidar_msg/include/rslidar_msg/msg/detail
[1.935s] -- Up-to-date: /home/nvidia/workspace/alan/src/AMR_ros2_slam_nav2/install/rslidar_msg/include/rslidar_msg/msg/detail/rslidar_packet__rosidl_typesupport_fastrtps_c.h
[1.935s] -- Up-to-date: /home/nvidia/workspace/alan/src/AMR_ros2_slam_nav2/install/rslidar_msg/include/rslidar_msg/msg/detail/rslidar_scan__rosidl_typesupport_fastrtps_c.h
[1.936s] -- Up-to-date: /home/nvidia/workspace/alan/src/AMR_ros2_slam_nav2/install/rslidar_msg/include/rslidar_msg/msg/rosidl_typesupport_fastrtps_c__visibility_control.h
[1.937s] -- Up-to-date: /home/nvidia/workspace/alan/src/AMR_ros2_slam_nav2/install/rslidar_msg/lib/librslidar_msg__rosidl_typesupport_fastrtps_c.so
[1.938s] -- Up-to-date: /home/nvidia/workspace/alan/src/AMR_ros2_slam_nav2/install/rslidar_msg/include/rslidar_msg
[1.942s] -- Up-to-date: /home/nvidia/workspace/alan/src/AMR_ros2_slam_nav2/install/rslidar_msg/include/rslidar_msg/msg
[1.943s] -- Up-to-date: /home/nvidia/workspace/alan/src/AMR_ros2_slam_nav2/install/rslidar_msg/include/rslidar_msg/msg/detail
[1.944s] -- Up-to-date: /home/nvidia/workspace/alan/src/AMR_ros2_slam_nav2/install/rslidar_msg/include/rslidar_msg/msg/detail/rslidar_scan__rosidl_typesupport_fastrtps_cpp.hpp
[1.945s] -- Up-to-date: /home/nvidia/workspace/alan/src/AMR_ros2_slam_nav2/install/rslidar_msg/include/rslidar_msg/msg/detail/rslidar_packet__rosidl_typesupport_fastrtps_cpp.hpp
[1.945s] -- Up-to-date: /home/nvidia/workspace/alan/src/AMR_ros2_slam_nav2/install/rslidar_msg/include/rslidar_msg/msg/detail/dds_fastrtps
[1.946s] -- Up-to-date: /home/nvidia/workspace/alan/src/AMR_ros2_slam_nav2/install/rslidar_msg/include/rslidar_msg/msg/rosidl_typesupport_fastrtps_cpp__visibility_control.h
[1.947s] -- Up-to-date: /home/nvidia/workspace/alan/src/AMR_ros2_slam_nav2/install/rslidar_msg/lib/librslidar_msg__rosidl_typesupport_fastrtps_cpp.so
[1.948s] -- Up-to-date: /home/nvidia/workspace/alan/src/AMR_ros2_slam_nav2/install/rslidar_msg/include/rslidar_msg
[1.949s] -- Up-to-date: /home/nvidia/workspace/alan/src/AMR_ros2_slam_nav2/install/rslidar_msg/include/rslidar_msg/msg
[1.954s] -- Up-to-date: /home/nvidia/workspace/alan/src/AMR_ros2_slam_nav2/install/rslidar_msg/include/rslidar_msg/msg/detail
[1.956s] -- Up-to-date: /home/nvidia/workspace/alan/src/AMR_ros2_slam_nav2/install/rslidar_msg/include/rslidar_msg/msg/detail/rslidar_packet__type_support.c
[1.957s] -- Up-to-date: /home/nvidia/workspace/alan/src/AMR_ros2_slam_nav2/install/rslidar_msg/include/rslidar_msg/msg/detail/rslidar_scan__rosidl_typesupport_introspection_c.h
[1.958s] -- Up-to-date: /home/nvidia/workspace/alan/src/AMR_ros2_slam_nav2/install/rslidar_msg/include/rslidar_msg/msg/detail/rslidar_packet__rosidl_typesupport_introspection_c.h
[1.958s] -- Up-to-date: /home/nvidia/workspace/alan/src/AMR_ros2_slam_nav2/install/rslidar_msg/include/rslidar_msg/msg/detail/rslidar_scan__type_support.c
[1.959s] -- Up-to-date: /home/nvidia/workspace/alan/src/AMR_ros2_slam_nav2/install/rslidar_msg/include/rslidar_msg/msg/rosidl_typesupport_introspection_c__visibility_control.h
[1.960s] -- Up-to-date: /home/nvidia/workspace/alan/src/AMR_ros2_slam_nav2/install/rslidar_msg/lib/librslidar_msg__rosidl_typesupport_introspection_c.so
[1.961s] -- Up-to-date: /home/nvidia/workspace/alan/src/AMR_ros2_slam_nav2/install/rslidar_msg/lib/librslidar_msg__rosidl_typesupport_c.so
[1.966s] -- Up-to-date: /home/nvidia/workspace/alan/src/AMR_ros2_slam_nav2/install/rslidar_msg/include/rslidar_msg
[1.970s] -- Up-to-date: /home/nvidia/workspace/alan/src/AMR_ros2_slam_nav2/install/rslidar_msg/include/rslidar_msg/msg
[1.971s] -- Up-to-date: /home/nvidia/workspace/alan/src/AMR_ros2_slam_nav2/install/rslidar_msg/include/rslidar_msg/msg/detail
[1.972s] -- Up-to-date: /home/nvidia/workspace/alan/src/AMR_ros2_slam_nav2/install/rslidar_msg/include/rslidar_msg/msg/detail/rslidar_packet__struct.hpp
[1.973s] -- Up-to-date: /home/nvidia/workspace/alan/src/AMR_ros2_slam_nav2/install/rslidar_msg/include/rslidar_msg/msg/detail/rslidar_scan__traits.hpp
[1.974s] -- Up-to-date: /home/nvidia/workspace/alan/src/AMR_ros2_slam_nav2/install/rslidar_msg/include/rslidar_msg/msg/detail/rslidar_scan__builder.hpp
[1.978s] -- Up-to-date: /home/nvidia/workspace/alan/src/AMR_ros2_slam_nav2/install/rslidar_msg/include/rslidar_msg/msg/detail/rslidar_scan__struct.hpp
[1.979s] -- Up-to-date: /home/nvidia/workspace/alan/src/AMR_ros2_slam_nav2/install/rslidar_msg/include/rslidar_msg/msg/detail/rslidar_packet__builder.hpp
[1.980s] -- Up-to-date: /home/nvidia/workspace/alan/src/AMR_ros2_slam_nav2/install/rslidar_msg/include/rslidar_msg/msg/detail/rslidar_packet__traits.hpp
[1.980s] -- Up-to-date: /home/nvidia/workspace/alan/src/AMR_ros2_slam_nav2/install/rslidar_msg/include/rslidar_msg/msg/rslidar_packet.hpp
[1.980s] -- Up-to-date: /home/nvidia/workspace/alan/src/AMR_ros2_slam_nav2/install/rslidar_msg/include/rslidar_msg/msg/rslidar_scan.hpp
[1.981s] -- Up-to-date: /home/nvidia/workspace/alan/src/AMR_ros2_slam_nav2/install/rslidar_msg/include/rslidar_msg
[1.981s] -- Up-to-date: /home/nvidia/workspace/alan/src/AMR_ros2_slam_nav2/install/rslidar_msg/include/rslidar_msg/msg
[1.981s] -- Up-to-date: /home/nvidia/workspace/alan/src/AMR_ros2_slam_nav2/install/rslidar_msg/include/rslidar_msg/msg/detail
[1.981s] -- Up-to-date: /home/nvidia/workspace/alan/src/AMR_ros2_slam_nav2/install/rslidar_msg/include/rslidar_msg/msg/detail/rslidar_scan__rosidl_typesupport_introspection_cpp.hpp
[1.982s] -- Up-to-date: /home/nvidia/workspace/alan/src/AMR_ros2_slam_nav2/install/rslidar_msg/include/rslidar_msg/msg/detail/rslidar_packet__rosidl_typesupport_introspection_cpp.hpp
[1.982s] -- Up-to-date: /home/nvidia/workspace/alan/src/AMR_ros2_slam_nav2/install/rslidar_msg/include/rslidar_msg/msg/detail/rslidar_scan__type_support.cpp
[1.982s] -- Up-to-date: /home/nvidia/workspace/alan/src/AMR_ros2_slam_nav2/install/rslidar_msg/include/rslidar_msg/msg/detail/rslidar_packet__type_support.cpp
[1.982s] -- Up-to-date: /home/nvidia/workspace/alan/src/AMR_ros2_slam_nav2/install/rslidar_msg/lib/librslidar_msg__rosidl_typesupport_introspection_cpp.so
[1.983s] -- Up-to-date: /home/nvidia/workspace/alan/src/AMR_ros2_slam_nav2/install/rslidar_msg/lib/librslidar_msg__rosidl_typesupport_cpp.so
[1.983s] -- Up-to-date: /home/nvidia/workspace/alan/src/AMR_ros2_slam_nav2/install/rslidar_msg/share/rslidar_msg/environment/pythonpath.sh
[1.983s] -- Up-to-date: /home/nvidia/workspace/alan/src/AMR_ros2_slam_nav2/install/rslidar_msg/share/rslidar_msg/environment/pythonpath.dsv
[1.984s] -- Up-to-date: /home/nvidia/workspace/alan/src/AMR_ros2_slam_nav2/install/rslidar_msg/lib/python3.6/site-packages/rslidar_msg/__init__.py
[2.157s] -- Up-to-date: /home/nvidia/workspace/alan/src/AMR_ros2_slam_nav2/install/rslidar_msg/lib/python3.6/site-packages/rslidar_msg/msg
[2.159s] -- Up-to-date: /home/nvidia/workspace/alan/src/AMR_ros2_slam_nav2/install/rslidar_msg/lib/python3.6/site-packages/rslidar_msg/msg/__init__.py
[2.161s] -- Up-to-date: /home/nvidia/workspace/alan/src/AMR_ros2_slam_nav2/install/rslidar_msg/lib/python3.6/site-packages/rslidar_msg/msg/_rslidar_scan_s.c
[2.162s] -- Up-to-date: /home/nvidia/workspace/alan/src/AMR_ros2_slam_nav2/install/rslidar_msg/lib/python3.6/site-packages/rslidar_msg/msg/_rslidar_packet_s.c
[2.163s] -- Up-to-date: /home/nvidia/workspace/alan/src/AMR_ros2_slam_nav2/install/rslidar_msg/lib/python3.6/site-packages/rslidar_msg/msg/_rslidar_scan.py
[2.164s] -- Up-to-date: /home/nvidia/workspace/alan/src/AMR_ros2_slam_nav2/install/rslidar_msg/lib/python3.6/site-packages/rslidar_msg/msg/_rslidar_packet.py
[2.164s] -- Up-to-date: /home/nvidia/workspace/alan/src/AMR_ros2_slam_nav2/install/rslidar_msg/lib/python3.6/site-packages/rslidar_msg/rslidar_msg_s__rosidl_typesupport_fastrtps_c.cpython-36m-aarch64-linux-gnu.so
[2.165s] -- Up-to-date: /home/nvidia/workspace/alan/src/AMR_ros2_slam_nav2/install/rslidar_msg/lib/python3.6/site-packages/rslidar_msg/rslidar_msg_s__rosidl_typesupport_introspection_c.cpython-36m-aarch64-linux-gnu.so
[2.165s] -- Up-to-date: /home/nvidia/workspace/alan/src/AMR_ros2_slam_nav2/install/rslidar_msg/lib/python3.6/site-packages/rslidar_msg/rslidar_msg_s__rosidl_typesupport_c.cpython-36m-aarch64-linux-gnu.so
[2.166s] -- Up-to-date: /home/nvidia/workspace/alan/src/AMR_ros2_slam_nav2/install/rslidar_msg/lib/librslidar_msg__python.so
[2.167s] -- Up-to-date: /home/nvidia/workspace/alan/src/AMR_ros2_slam_nav2/install/rslidar_msg/share/rslidar_msg/msg/RslidarPacket.idl
[2.171s] -- Up-to-date: /home/nvidia/workspace/alan/src/AMR_ros2_slam_nav2/install/rslidar_msg/share/rslidar_msg/msg/RslidarScan.idl
[2.173s] -- Up-to-date: /home/nvidia/workspace/alan/src/AMR_ros2_slam_nav2/install/rslidar_msg/share/rslidar_msg/msg/RslidarPacket.msg
[2.174s] -- Up-to-date: /home/nvidia/workspace/alan/src/AMR_ros2_slam_nav2/install/rslidar_msg/share/rslidar_msg/msg/RslidarScan.msg
[2.179s] -- Up-to-date: /home/nvidia/workspace/alan/src/AMR_ros2_slam_nav2/install/rslidar_msg/share/ament_index/resource_index/package_run_dependencies/rslidar_msg
[2.180s] -- Up-to-date: /home/nvidia/workspace/alan/src/AMR_ros2_slam_nav2/install/rslidar_msg/share/ament_index/resource_index/parent_prefix_path/rslidar_msg
[2.180s] -- Up-to-date: /home/nvidia/workspace/alan/src/AMR_ros2_slam_nav2/install/rslidar_msg/share/rslidar_msg/environment/ament_prefix_path.sh
[2.181s] -- Up-to-date: /home/nvidia/workspace/alan/src/AMR_ros2_slam_nav2/install/rslidar_msg/share/rslidar_msg/environment/ament_prefix_path.dsv
[2.181s] -- Up-to-date: /home/nvidia/workspace/alan/src/AMR_ros2_slam_nav2/install/rslidar_msg/share/rslidar_msg/environment/path.sh
[2.183s] -- Up-to-date: /home/nvidia/workspace/alan/src/AMR_ros2_slam_nav2/install/rslidar_msg/share/rslidar_msg/environment/path.dsv
[2.184s] -- Up-to-date: /home/nvidia/workspace/alan/src/AMR_ros2_slam_nav2/install/rslidar_msg/share/rslidar_msg/local_setup.bash
[2.184s] -- Up-to-date: /home/nvidia/workspace/alan/src/AMR_ros2_slam_nav2/install/rslidar_msg/share/rslidar_msg/local_setup.sh
[2.186s] -- Up-to-date: /home/nvidia/workspace/alan/src/AMR_ros2_slam_nav2/install/rslidar_msg/share/rslidar_msg/local_setup.zsh
[2.187s] -- Up-to-date: /home/nvidia/workspace/alan/src/AMR_ros2_slam_nav2/install/rslidar_msg/share/rslidar_msg/local_setup.dsv
[2.191s] -- Installing: /home/nvidia/workspace/alan/src/AMR_ros2_slam_nav2/install/rslidar_msg/share/rslidar_msg/package.dsv
[2.192s] -- Up-to-date: /home/nvidia/workspace/alan/src/AMR_ros2_slam_nav2/install/rslidar_msg/share/ament_index/resource_index/packages/rslidar_msg
[2.193s] -- Up-to-date: /home/nvidia/workspace/alan/src/AMR_ros2_slam_nav2/install/rslidar_msg/share/rslidar_msg/cmake/rslidar_msg__rosidl_generator_cExport.cmake
[2.194s] -- Up-to-date: /home/nvidia/workspace/alan/src/AMR_ros2_slam_nav2/install/rslidar_msg/share/rslidar_msg/cmake/rslidar_msg__rosidl_generator_cExport-noconfig.cmake
[2.194s] -- Up-to-date: /home/nvidia/workspace/alan/src/AMR_ros2_slam_nav2/install/rslidar_msg/share/rslidar_msg/cmake/rslidar_msg__rosidl_typesupport_introspection_cExport.cmake
[2.195s] -- Up-to-date: /home/nvidia/workspace/alan/src/AMR_ros2_slam_nav2/install/rslidar_msg/share/rslidar_msg/cmake/rslidar_msg__rosidl_typesupport_introspection_cExport-noconfig.cmake
[2.195s] -- Up-to-date: /home/nvidia/workspace/alan/src/AMR_ros2_slam_nav2/install/rslidar_msg/share/rslidar_msg/cmake/rslidar_msg__rosidl_typesupport_cExport.cmake
[2.195s] -- Up-to-date: /home/nvidia/workspace/alan/src/AMR_ros2_slam_nav2/install/rslidar_msg/share/rslidar_msg/cmake/rslidar_msg__rosidl_typesupport_cExport-noconfig.cmake
[2.196s] -- Up-to-date: /home/nvidia/workspace/alan/src/AMR_ros2_slam_nav2/install/rslidar_msg/share/rslidar_msg/cmake/rslidar_msg__rosidl_generator_cppExport.cmake
[2.197s] -- Up-to-date: /home/nvidia/workspace/alan/src/AMR_ros2_slam_nav2/install/rslidar_msg/share/rslidar_msg/cmake/rslidar_msg__rosidl_typesupport_introspection_cppExport.cmake
[2.197s] -- Up-to-date: /home/nvidia/workspace/alan/src/AMR_ros2_slam_nav2/install/rslidar_msg/share/rslidar_msg/cmake/rslidar_msg__rosidl_typesupport_introspection_cppExport-noconfig.cmake
[2.199s] -- Up-to-date: /home/nvidia/workspace/alan/src/AMR_ros2_slam_nav2/install/rslidar_msg/share/rslidar_msg/cmake/rslidar_msg__rosidl_typesupport_cppExport.cmake
[2.200s] -- Up-to-date: /home/nvidia/workspace/alan/src/AMR_ros2_slam_nav2/install/rslidar_msg/share/rslidar_msg/cmake/rslidar_msg__rosidl_typesupport_cppExport-noconfig.cmake
[2.200s] -- Up-to-date: /home/nvidia/workspace/alan/src/AMR_ros2_slam_nav2/install/rslidar_msg/share/rslidar_msg/cmake/rosidl_cmake-extras.cmake
[2.202s] -- Up-to-date: /home/nvidia/workspace/alan/src/AMR_ros2_slam_nav2/install/rslidar_msg/share/rslidar_msg/cmake/ament_cmake_export_dependencies-extras.cmake
[2.203s] -- Up-to-date: /home/nvidia/workspace/alan/src/AMR_ros2_slam_nav2/install/rslidar_msg/share/rslidar_msg/cmake/ament_cmake_export_libraries-extras.cmake
[2.204s] -- Up-to-date: /home/nvidia/workspace/alan/src/AMR_ros2_slam_nav2/install/rslidar_msg/share/rslidar_msg/cmake/ament_cmake_export_targets-extras.cmake
[2.205s] -- Up-to-date: /home/nvidia/workspace/alan/src/AMR_ros2_slam_nav2/install/rslidar_msg/share/rslidar_msg/cmake/ament_cmake_export_include_directories-extras.cmake
[2.205s] -- Up-to-date: /home/nvidia/workspace/alan/src/AMR_ros2_slam_nav2/install/rslidar_msg/share/rslidar_msg/cmake/rosidl_cmake_export_typesupport_libraries-extras.cmake
[2.206s] -- Up-to-date: /home/nvidia/workspace/alan/src/AMR_ros2_slam_nav2/install/rslidar_msg/share/rslidar_msg/cmake/rosidl_cmake_export_typesupport_targets-extras.cmake
[2.207s] -- Up-to-date: /home/nvidia/workspace/alan/src/AMR_ros2_slam_nav2/install/rslidar_msg/share/rslidar_msg/cmake/rslidar_msgConfig.cmake
[2.208s] -- Up-to-date: /home/nvidia/workspace/alan/src/AMR_ros2_slam_nav2/install/rslidar_msg/share/rslidar_msg/cmake/rslidar_msgConfig-version.cmake
[2.208s] -- Up-to-date: /home/nvidia/workspace/alan/src/AMR_ros2_slam_nav2/install/rslidar_msg/share/rslidar_msg/package.xml
[2.372s] Invoked command in '/home/nvidia/workspace/alan/src/AMR_ros2_slam_nav2/build/rslidar_msg' returned '0': CMAKE_PREFIX_PATH=${CMAKE_PREFIX_PATH}:/home/nvidia/workspace/alan/src/AMR_ros2_slam_nav2/install/turtlebot3_teleop:/home/nvidia/workspace/alan/src/AMR_ros2_slam_nav2/install/turtlebot3_example:/home/nvidia/workspace/alan/src/AMR_ros2_slam_nav2/install/opencv_tests:/home/nvidia/workspace/alan/src/AMR_ros2_slam_nav2/install/nav2_gazebo_spawner:/home/nvidia/workspace/alan/AMR/install/turtlebot3_teleop:/home/nvidia/workspace/alan/AMR/install/turtlebot3_example:/home/nvidia/workspace/alan/AMR/install/opencv_tests:/home/nvidia/workspace/alan/AMR/install/nav2_gazebo_spawner /usr/local/bin/cmake --install /home/nvidia/workspace/alan/src/AMR_ros2_slam_nav2/build/rslidar_msg
