[0.065s] Invoking command in '/home/nvidia/workspace/alan/src/AMR_ros2_slam_nav2/build/diagnostic_updater': /usr/local/bin/cmake /home/nvidia/workspace/alan/src/AMR_ros2_slam_nav2/ROS2-driver-for-Realsense/diagnostics/diagnostic_updater -DCMAKE_INSTALL_PREFIX=/home/nvidia/workspace/alan/src/AMR_ros2_slam_nav2/install/diagnostic_updater
[0.379s] -- The C compiler identification is GNU 7.5.0
[0.670s] -- The CXX compiler identification is GNU 7.5.0
[0.729s] -- Check for working C compiler: /usr/bin/cc
[0.946s] -- Check for working C compiler: /usr/bin/cc -- works
[0.961s] -- Detecting C compiler ABI info
[1.205s] -- Detecting C compiler ABI info - done
[1.409s] -- Detecting C compile features
[1.415s] -- Detecting C compile features - done
[1.452s] -- Check for working CXX compiler: /usr/bin/c++
[1.687s] -- Check for working CXX compiler: /usr/bin/c++ -- works
[1.699s] -- Detecting CXX compiler ABI info
[1.955s] -- Detecting CXX compiler ABI info - done
[2.196s] -- Detecting CXX compile features
[2.205s] -- Detecting CXX compile features - done
[2.223s] -- Found ament_cmake: 0.9.9 (/home/workspace/ros2/install/share/ament_cmake/cmake)
[2.366s] -- Found PythonInterp: /usr/bin/python3 (found suitable version "3.6.9", minimum required is "3") 
[2.367s] -- Using PYTHON_EXECUTABLE: /usr/bin/python3
[3.435s] -- Found diagnostic_msgs: 2.0.4 (/home/workspace/ros2/install/share/diagnostic_msgs/cmake)
[3.770s] -- Using all available rosidl_typesupport_c: rosidl_typesupport_fastrtps_c;rosidl_typesupport_introspection_c
[3.851s] -- Found rosidl_adapter: 1.2.1 (/home/workspace/ros2/install/share/rosidl_adapter/cmake)
[4.266s] -- Found OpenSSL: /usr/lib/aarch64-linux-gnu/libcrypto.so (found version "1.1.1")  
[4.414s] -- Found FastRTPS: /home/workspace/ros2/install/include  
[5.215s] -- Using all available rosidl_typesupport_cpp: rosidl_typesupport_fastrtps_cpp;rosidl_typesupport_introspection_cpp
[6.527s] -- Found rclcpp: 2.4.0 (/home/workspace/ros2/install/share/rclcpp/cmake)
[7.010s] -- Found rmw_implementation_cmake: 1.0.3 (/home/workspace/ros2/install/share/rmw_implementation_cmake/cmake)
[7.029s] -- Using RMW implementation 'rmw_fastrtps_cpp' as default
[7.036s] -- Looking for pthread.h
[7.244s] -- Looking for pthread.h - found
[7.248s] -- Performing Test CMAKE_HAVE_LIBC_PTHREAD
[7.480s] -- Performing Test CMAKE_HAVE_LIBC_PTHREAD - Failed
[7.484s] -- Looking for pthread_create in pthreads
[7.676s] -- Looking for pthread_create in pthreads - not found
[7.679s] -- Looking for pthread_create in pthread
[7.883s] -- Looking for pthread_create in pthread - found
[7.896s] -- Found Threads: TRUE  
[9.598s] -- Found rclpy: 1.0.7 (/home/workspace/ros2/install/share/rclpy/cmake)
[9.625s] -- Found ament_lint_auto: 0.9.6 (/home/workspace/ros2/install/share/ament_lint_auto/cmake)
[10.627s] -- Found gtest sources under '/home/workspace/ros2/install/src/gtest_vendor': C++ tests using 'Google Test' will be built
[10.647s] -- Check if compiler accepts -pthread
[10.867s] -- Check if compiler accepts -pthread - yes
[15.021s] -- Added test 'cppcheck' to perform static code analysis on C / C++ code
[15.030s] -- Configured cppcheck include dirs: $<BUILD_INTERFACE:/home/nvidia/workspace/alan/src/AMR_ros2_slam_nav2/ROS2-driver-for-Realsense/diagnostics/diagnostic_updater/include>
[15.030s] -- Configured cppcheck exclude dirs and/or files: 
[15.042s] -- Added test 'cpplint' to check C / C++ code against the Google style
[15.045s] -- Configured cpplint exclude dirs and/or files: 
[15.050s] -- Added test 'flake8' to check Python code syntax and style conventions
[15.056s] -- Added test 'lint_cmake' to check CMake code style
[15.062s] -- Added test 'pep257' to check Python code against some of the style conventions in PEP 257
[15.072s] -- Added test 'uncrustify' to check C / C++ code style
[15.072s] -- Configured uncrustify additional arguments: 
[15.078s] -- Added test 'xmllint' to check XML markup files
[15.114s] -- Configuring done
[15.278s] -- Generating done
[15.293s] -- Build files have been written to: /home/nvidia/workspace/alan/src/AMR_ros2_slam_nav2/build/diagnostic_updater
[15.331s] Invoked command in '/home/nvidia/workspace/alan/src/AMR_ros2_slam_nav2/build/diagnostic_updater' returned '0': /usr/local/bin/cmake /home/nvidia/workspace/alan/src/AMR_ros2_slam_nav2/ROS2-driver-for-Realsense/diagnostics/diagnostic_updater -DCMAKE_INSTALL_PREFIX=/home/nvidia/workspace/alan/src/AMR_ros2_slam_nav2/install/diagnostic_updater
[15.334s] Invoking command in '/home/nvidia/workspace/alan/src/AMR_ros2_slam_nav2/build/diagnostic_updater': /usr/local/bin/cmake --build /home/nvidia/workspace/alan/src/AMR_ros2_slam_nav2/build/diagnostic_updater -- -j8 -l8
[15.449s] [35m[1mScanning dependencies of target example[0m
[15.642s] [ 12%] [32mBuilding CXX object CMakeFiles/example.dir/src/example.cpp.o[0m
[29.780s] [ 25%] [32m[1mLinking CXX executable example[0m
[30.668s] [ 25%] Built target example
[30.686s] [35m[1mScanning dependencies of target gtest_main[0m
[30.735s] [ 37%] [32mBuilding CXX object gtest/CMakeFiles/gtest_main.dir/src/gtest_main.cc.o[0m
[32.891s] [ 50%] [32m[1mLinking CXX static library libgtest_main.a[0m
[32.941s] [ 50%] Built target gtest_main
[32.959s] [35m[1mScanning dependencies of target gtest[0m
[33.025s] [ 62%] [32mBuilding CXX object gtest/CMakeFiles/gtest.dir/src/gtest-all.cc.o[0m
[42.980s] [ 75%] [32m[1mLinking CXX static library libgtest.a[0m
[43.174s] [ 75%] Built target gtest
[43.196s] [35m[1mScanning dependencies of target diagnostic_updater_test[0m
[43.420s] [ 87%] [32mBuilding CXX object CMakeFiles/diagnostic_updater_test.dir/test/diagnostic_updater_test.cpp.o[0m
[59.784s] [100%] [32m[1mLinking CXX executable diagnostic_updater_test[0m
[61.147s] [100%] Built target diagnostic_updater_test
[61.166s] Invoked command in '/home/nvidia/workspace/alan/src/AMR_ros2_slam_nav2/build/diagnostic_updater' returned '0': /usr/local/bin/cmake --build /home/nvidia/workspace/alan/src/AMR_ros2_slam_nav2/build/diagnostic_updater -- -j8 -l8
[61.281s] Invoking command in '/home/nvidia/workspace/alan/src/AMR_ros2_slam_nav2/build/diagnostic_updater': /usr/local/bin/cmake --install /home/nvidia/workspace/alan/src/AMR_ros2_slam_nav2/build/diagnostic_updater
[61.303s] -- Install configuration: ""
[61.305s] -- Installing: /home/nvidia/workspace/alan/src/AMR_ros2_slam_nav2/install/diagnostic_updater/share/diagnostic_updater/environment/pythonpath.sh
[61.306s] -- Installing: /home/nvidia/workspace/alan/src/AMR_ros2_slam_nav2/install/diagnostic_updater/share/diagnostic_updater/environment/pythonpath.dsv
[61.307s] -- Installing: /home/nvidia/workspace/alan/src/AMR_ros2_slam_nav2/install/diagnostic_updater/lib/python3.6/site-packages/diagnostic_updater
[61.308s] -- Installing: /home/nvidia/workspace/alan/src/AMR_ros2_slam_nav2/install/diagnostic_updater/lib/python3.6/site-packages/diagnostic_updater/_diagnostic_updater.py
[61.310s] -- Installing: /home/nvidia/workspace/alan/src/AMR_ros2_slam_nav2/install/diagnostic_updater/lib/python3.6/site-packages/diagnostic_updater/_diagnostic_status_wrapper.py
[61.310s] -- Installing: /home/nvidia/workspace/alan/src/AMR_ros2_slam_nav2/install/diagnostic_updater/lib/python3.6/site-packages/diagnostic_updater/__init__.py
[61.311s] -- Installing: /home/nvidia/workspace/alan/src/AMR_ros2_slam_nav2/install/diagnostic_updater/lib/python3.6/site-packages/diagnostic_updater/example.py
[61.311s] -- Installing: /home/nvidia/workspace/alan/src/AMR_ros2_slam_nav2/install/diagnostic_updater/lib/python3.6/site-packages/diagnostic_updater/_publisher.py
[61.312s] -- Installing: /home/nvidia/workspace/alan/src/AMR_ros2_slam_nav2/install/diagnostic_updater/lib/python3.6/site-packages/diagnostic_updater/_update_functions.py
[61.450s] Listing '/home/nvidia/workspace/alan/src/AMR_ros2_slam_nav2/install/diagnostic_updater/lib/python3.6/site-packages/diagnostic_updater'...
[61.451s] Compiling '/home/nvidia/workspace/alan/src/AMR_ros2_slam_nav2/install/diagnostic_updater/lib/python3.6/site-packages/diagnostic_updater/__init__.py'...
[61.451s] Compiling '/home/nvidia/workspace/alan/src/AMR_ros2_slam_nav2/install/diagnostic_updater/lib/python3.6/site-packages/diagnostic_updater/_diagnostic_status_wrapper.py'...
[61.452s] Compiling '/home/nvidia/workspace/alan/src/AMR_ros2_slam_nav2/install/diagnostic_updater/lib/python3.6/site-packages/diagnostic_updater/_diagnostic_updater.py'...
[61.452s] Compiling '/home/nvidia/workspace/alan/src/AMR_ros2_slam_nav2/install/diagnostic_updater/lib/python3.6/site-packages/diagnostic_updater/_publisher.py'...
[61.453s] Compiling '/home/nvidia/workspace/alan/src/AMR_ros2_slam_nav2/install/diagnostic_updater/lib/python3.6/site-packages/diagnostic_updater/_update_functions.py'...
[61.454s] Compiling '/home/nvidia/workspace/alan/src/AMR_ros2_slam_nav2/install/diagnostic_updater/lib/python3.6/site-packages/diagnostic_updater/example.py'...
[61.467s] -- Installing: /home/nvidia/workspace/alan/src/AMR_ros2_slam_nav2/install/diagnostic_updater/lib/diagnostic_updater/example.py
[61.468s] -- Installing: /home/nvidia/workspace/alan/src/AMR_ros2_slam_nav2/install/diagnostic_updater/lib/diagnostic_updater/example
[61.475s] -- Set runtime path of "/home/nvidia/workspace/alan/src/AMR_ros2_slam_nav2/install/diagnostic_updater/lib/diagnostic_updater/example" to ""
[61.475s] -- Installing: /home/nvidia/workspace/alan/src/AMR_ros2_slam_nav2/install/diagnostic_updater/include
[61.476s] -- Installing: /home/nvidia/workspace/alan/src/AMR_ros2_slam_nav2/install/diagnostic_updater/include/diagnostic_updater
[61.477s] -- Installing: /home/nvidia/workspace/alan/src/AMR_ros2_slam_nav2/install/diagnostic_updater/include/diagnostic_updater/diagnostic_status_wrapper.hpp
[61.479s] -- Installing: /home/nvidia/workspace/alan/src/AMR_ros2_slam_nav2/install/diagnostic_updater/include/diagnostic_updater/update_functions.hpp
[61.479s] -- Installing: /home/nvidia/workspace/alan/src/AMR_ros2_slam_nav2/install/diagnostic_updater/include/diagnostic_updater/diagnostic_updater.hpp
[61.480s] -- Installing: /home/nvidia/workspace/alan/src/AMR_ros2_slam_nav2/install/diagnostic_updater/include/diagnostic_updater/publisher.hpp
[61.480s] -- Installing: /home/nvidia/workspace/alan/src/AMR_ros2_slam_nav2/install/diagnostic_updater/share/ament_index/resource_index/package_run_dependencies/diagnostic_updater
[61.481s] -- Installing: /home/nvidia/workspace/alan/src/AMR_ros2_slam_nav2/install/diagnostic_updater/share/ament_index/resource_index/parent_prefix_path/diagnostic_updater
[61.481s] -- Installing: /home/nvidia/workspace/alan/src/AMR_ros2_slam_nav2/install/diagnostic_updater/share/diagnostic_updater/environment/ament_prefix_path.sh
[61.482s] -- Installing: /home/nvidia/workspace/alan/src/AMR_ros2_slam_nav2/install/diagnostic_updater/share/diagnostic_updater/environment/ament_prefix_path.dsv
[61.484s] -- Installing: /home/nvidia/workspace/alan/src/AMR_ros2_slam_nav2/install/diagnostic_updater/share/diagnostic_updater/environment/path.sh
[61.485s] -- Installing: /home/nvidia/workspace/alan/src/AMR_ros2_slam_nav2/install/diagnostic_updater/share/diagnostic_updater/environment/path.dsv
[61.486s] -- Installing: /home/nvidia/workspace/alan/src/AMR_ros2_slam_nav2/install/diagnostic_updater/share/diagnostic_updater/local_setup.bash
[61.488s] -- Installing: /home/nvidia/workspace/alan/src/AMR_ros2_slam_nav2/install/diagnostic_updater/share/diagnostic_updater/local_setup.sh
[61.489s] -- Installing: /home/nvidia/workspace/alan/src/AMR_ros2_slam_nav2/install/diagnostic_updater/share/diagnostic_updater/local_setup.zsh
[61.490s] -- Installing: /home/nvidia/workspace/alan/src/AMR_ros2_slam_nav2/install/diagnostic_updater/share/diagnostic_updater/local_setup.dsv
[61.491s] -- Installing: /home/nvidia/workspace/alan/src/AMR_ros2_slam_nav2/install/diagnostic_updater/share/diagnostic_updater/package.dsv
[61.493s] -- Installing: /home/nvidia/workspace/alan/src/AMR_ros2_slam_nav2/install/diagnostic_updater/share/ament_index/resource_index/packages/diagnostic_updater
[61.495s] -- Installing: /home/nvidia/workspace/alan/src/AMR_ros2_slam_nav2/install/diagnostic_updater/share/diagnostic_updater/cmake/ament_cmake_export_include_directories-extras.cmake
[61.498s] -- Installing: /home/nvidia/workspace/alan/src/AMR_ros2_slam_nav2/install/diagnostic_updater/share/diagnostic_updater/cmake/ament_cmake_export_dependencies-extras.cmake
[61.499s] -- Installing: /home/nvidia/workspace/alan/src/AMR_ros2_slam_nav2/install/diagnostic_updater/share/diagnostic_updater/cmake/diagnostic_updaterConfig.cmake
[61.499s] -- Installing: /home/nvidia/workspace/alan/src/AMR_ros2_slam_nav2/install/diagnostic_updater/share/diagnostic_updater/cmake/diagnostic_updaterConfig-version.cmake
[61.500s] -- Installing: /home/nvidia/workspace/alan/src/AMR_ros2_slam_nav2/install/diagnostic_updater/share/diagnostic_updater/package.xml
[61.517s] Invoked command in '/home/nvidia/workspace/alan/src/AMR_ros2_slam_nav2/build/diagnostic_updater' returned '0': /usr/local/bin/cmake --install /home/nvidia/workspace/alan/src/AMR_ros2_slam_nav2/build/diagnostic_updater
