Performing C SOURCE FILE Test CMAKE_HAVE_LIBC_PTHREAD failed with the following output:
Change Dir: /home/nvidia/workspace/alan/src/AMR_ros2_slam_nav2/build/cv_bridge/CMakeFiles/CMakeTmp

Run Build Command(s):/usr/bin/make cmTC_4c9cb/fast && /usr/bin/make -f CMakeFiles/cmTC_4c9cb.dir/build.make CMakeFiles/cmTC_4c9cb.dir/build
make[1]: Entering directory '/home/nvidia/workspace/alan/src/AMR_ros2_slam_nav2/build/cv_bridge/CMakeFiles/CMakeTmp'
Building C object CMakeFiles/cmTC_4c9cb.dir/src.c.o
/usr/bin/cc   -DCMAKE_HAVE_LIBC_PTHREAD   -o CMakeFiles/cmTC_4c9cb.dir/src.c.o   -c /home/nvidia/workspace/alan/src/AMR_ros2_slam_nav2/build/cv_bridge/CMakeFiles/CMakeTmp/src.c
Linking C executable cmTC_4c9cb
/usr/local/bin/cmake -E cmake_link_script CMakeFiles/cmTC_4c9cb.dir/link.txt --verbose=1
/usr/bin/cc  -DCMAKE_HAVE_LIBC_PTHREAD    CMakeFiles/cmTC_4c9cb.dir/src.c.o  -o cmTC_4c9cb 
CMakeFiles/cmTC_4c9cb.dir/src.c.o: In function `main':
src.c:(.text+0x48): undefined reference to `pthread_create'
src.c:(.text+0x50): undefined reference to `pthread_detach'
src.c:(.text+0x5c): undefined reference to `pthread_join'
src.c:(.text+0x6c): undefined reference to `pthread_atfork'
collect2: error: ld returned 1 exit status
CMakeFiles/cmTC_4c9cb.dir/build.make:86: recipe for target 'cmTC_4c9cb' failed
make[1]: *** [cmTC_4c9cb] Error 1
make[1]: Leaving directory '/home/nvidia/workspace/alan/src/AMR_ros2_slam_nav2/build/cv_bridge/CMakeFiles/CMakeTmp'
Makefile:121: recipe for target 'cmTC_4c9cb/fast' failed
make: *** [cmTC_4c9cb/fast] Error 2


Source file was:
#include <pthread.h>

void* test_func(void* data)
{
  return data;
}

int main(void)
{
  pthread_t thread;
  pthread_create(&thread, NULL, test_func, NULL);
  pthread_detach(thread);
  pthread_join(thread, NULL);
  pthread_atfork(NULL, NULL, NULL);
  pthread_exit(NULL);

  return 0;
}

