[5.692s] Invoking command in '/home/nvidia/workspace/alan/src/AMR_ros2_slam_nav2/navigation2/nav2_bringup/nav2_gazebo_spawner': PYTHONPATH=/home/nvidia/workspace/alan/src/AMR_ros2_slam_nav2/install/nav2_gazebo_spawner/lib/python3.6/site-packages:${PYTHONPATH} /usr/bin/python3 setup.py egg_info --egg-base ../../../build/nav2_gazebo_spawner build --build-base /home/nvidia/workspace/alan/src/AMR_ros2_slam_nav2/build/nav2_gazebo_spawner/build install --prefix /home/nvidia/workspace/alan/src/AMR_ros2_slam_nav2/install/nav2_gazebo_spawner --record /home/nvidia/workspace/alan/src/AMR_ros2_slam_nav2/build/nav2_gazebo_spawner/install.log --single-version-externally-managed
[6.817s] /home/nvidia/.local/lib/python3.6/site-packages/setuptools/dist.py:726: UserWarning: Usage of dash-separated 'script-dir' will not be supported in future versions. Please use the underscore name 'script_dir' instead
[6.819s]   % (opt, underscore_opt)
[6.820s] /home/nvidia/.local/lib/python3.6/site-packages/setuptools/dist.py:726: UserWarning: Usage of dash-separated 'install-scripts' will not be supported in future versions. Please use the underscore name 'install_scripts' instead
[6.821s]   % (opt, underscore_opt)
[6.931s] running egg_info
[6.932s] writing ../../../build/nav2_gazebo_spawner/nav2_gazebo_spawner.egg-info/PKG-INFO
[6.933s] writing dependency_links to ../../../build/nav2_gazebo_spawner/nav2_gazebo_spawner.egg-info/dependency_links.txt
[6.935s] writing entry points to ../../../build/nav2_gazebo_spawner/nav2_gazebo_spawner.egg-info/entry_points.txt
[6.939s] writing requirements to ../../../build/nav2_gazebo_spawner/nav2_gazebo_spawner.egg-info/requires.txt
[6.940s] writing top-level names to ../../../build/nav2_gazebo_spawner/nav2_gazebo_spawner.egg-info/top_level.txt
[6.950s] reading manifest file '../../../build/nav2_gazebo_spawner/nav2_gazebo_spawner.egg-info/SOURCES.txt'
[6.955s] writing manifest file '../../../build/nav2_gazebo_spawner/nav2_gazebo_spawner.egg-info/SOURCES.txt'
[6.956s] running build
[6.957s] running build_py
[6.957s] running install
[6.964s] /home/nvidia/.local/lib/python3.6/site-packages/setuptools/command/install.py:37: SetuptoolsDeprecationWarning: setup.py install is deprecated. Use build and pip and other standards-based tools.
[6.966s]   setuptools.SetuptoolsDeprecationWarning,
[6.966s] running install_lib
[6.988s] running install_data
[6.989s] running install_egg_info
[6.992s] removing '/home/nvidia/workspace/alan/src/AMR_ros2_slam_nav2/install/nav2_gazebo_spawner/lib/python3.6/site-packages/nav2_gazebo_spawner-0.3.0-py3.6.egg-info' (and everything under it)
[6.995s] Copying ../../../build/nav2_gazebo_spawner/nav2_gazebo_spawner.egg-info to /home/nvidia/workspace/alan/src/AMR_ros2_slam_nav2/install/nav2_gazebo_spawner/lib/python3.6/site-packages/nav2_gazebo_spawner-0.3.0-py3.6.egg-info
[7.015s] running install_scripts
[7.115s] Installing nav2_gazebo_spawner script to /home/nvidia/workspace/alan/src/AMR_ros2_slam_nav2/install/nav2_gazebo_spawner/lib/nav2_gazebo_spawner
[7.115s] writing list of installed files to '/home/nvidia/workspace/alan/src/AMR_ros2_slam_nav2/build/nav2_gazebo_spawner/install.log'
[7.164s] Invoked command in '/home/nvidia/workspace/alan/src/AMR_ros2_slam_nav2/navigation2/nav2_bringup/nav2_gazebo_spawner' returned '0': PYTHONPATH=/home/nvidia/workspace/alan/src/AMR_ros2_slam_nav2/install/nav2_gazebo_spawner/lib/python3.6/site-packages:${PYTHONPATH} /usr/bin/python3 setup.py egg_info --egg-base ../../../build/nav2_gazebo_spawner build --build-base /home/nvidia/workspace/alan/src/AMR_ros2_slam_nav2/build/nav2_gazebo_spawner/build install --prefix /home/nvidia/workspace/alan/src/AMR_ros2_slam_nav2/install/nav2_gazebo_spawner --record /home/nvidia/workspace/alan/src/AMR_ros2_slam_nav2/build/nav2_gazebo_spawner/install.log --single-version-externally-managed
