[0.213s] Invoking command in '/home/nvidia/workspace/alan/src/AMR_ros2_slam_nav2/build/dwb_core': AMENT_PREFIX_PATH=/home/nvidia/workspace/alan/src/AMR_ros2_slam_nav2/install/nav2_core:/home/nvidia/workspace/alan/src/AMR_ros2_slam_nav2/install/nav2_costmap_2d:/home/nvidia/workspace/alan/src/AMR_ros2_slam_nav2/install/nav_2d_utils:/home/nvidia/workspace/alan/src/AMR_ros2_slam_nav2/install/nav2_util:/home/nvidia/workspace/alan/src/AMR_ros2_slam_nav2/install/nav2_voxel_grid:/home/nvidia/workspace/alan/src/AMR_ros2_slam_nav2/install/nav2_msgs:/home/nvidia/workspace/alan/src/AMR_ros2_slam_nav2/install/dwb_msgs:/home/nvidia/workspace/alan/src/AMR_ros2_slam_nav2/install/nav_2d_msgs:/home/nvidia/workspace/alan/src/AMR_ros2_slam_nav2/install/nav2_common:${AMENT_PREFIX_PATH} CMAKE_PREFIX_PATH=/home/nvidia/workspace/alan/src/AMR_ros2_slam_nav2/install/nav2_core:/home/nvidia/workspace/alan/src/AMR_ros2_slam_nav2/install/nav2_costmap_2d:/home/nvidia/workspace/alan/src/AMR_ros2_slam_nav2/install/nav_2d_utils:/home/nvidia/workspace/alan/src/AMR_ros2_slam_nav2/install/nav2_util:/home/nvidia/workspace/alan/src/AMR_ros2_slam_nav2/install/nav2_voxel_grid:/home/nvidia/workspace/alan/src/AMR_ros2_slam_nav2/install/nav2_msgs:/home/nvidia/workspace/alan/src/AMR_ros2_slam_nav2/install/dwb_msgs:/home/nvidia/workspace/alan/src/AMR_ros2_slam_nav2/install/nav_2d_msgs:/home/nvidia/workspace/alan/src/AMR_ros2_slam_nav2/install/nav2_common:${CMAKE_PREFIX_PATH} LD_LIBRARY_PATH=/home/nvidia/workspace/alan/src/AMR_ros2_slam_nav2/install/nav2_costmap_2d/lib:/home/nvidia/workspace/alan/src/AMR_ros2_slam_nav2/install/nav_2d_utils/lib:/home/nvidia/workspace/alan/src/AMR_ros2_slam_nav2/install/nav2_util/lib:/home/nvidia/workspace/alan/src/AMR_ros2_slam_nav2/install/nav2_voxel_grid/lib:/home/nvidia/workspace/alan/src/AMR_ros2_slam_nav2/install/nav2_msgs/lib:/home/nvidia/workspace/alan/src/AMR_ros2_slam_nav2/install/dwb_msgs/lib:/home/nvidia/workspace/alan/src/AMR_ros2_slam_nav2/install/nav_2d_msgs/lib:/home/workspace/ros2/install/opt/yaml_cpp_vendor/lib:/home/workspace/ros2/install/opt/rviz_ogre_vendor/lib:/home/workspace/ros2/install/lib:/usr/local/cuda-10.2/lib64 PYTHONPATH=/home/nvidia/workspace/alan/src/AMR_ros2_slam_nav2/install/nav2_msgs/lib/python3.6/site-packages:/home/nvidia/workspace/alan/src/AMR_ros2_slam_nav2/install/dwb_msgs/lib/python3.6/site-packages:/home/nvidia/workspace/alan/src/AMR_ros2_slam_nav2/install/nav_2d_msgs/lib/python3.6/site-packages:/home/nvidia/workspace/alan/src/AMR_ros2_slam_nav2/install/nav2_common/lib/python3.6/site-packages:/home/workspace/ros2/install/lib/python3.6/site-packages:/usr/local/lib:/usr/local/cuda/bin /usr/local/bin/cmake /home/nvidia/workspace/alan/src/AMR_ros2_slam_nav2/navigation2/nav2_dwb_controller/dwb_core -DCMAKE_INSTALL_PREFIX=/home/nvidia/workspace/alan/src/AMR_ros2_slam_nav2/install/dwb_core
[0.495s] -- The C compiler identification is GNU 7.5.0
[0.769s] -- The CXX compiler identification is GNU 7.5.0
[0.828s] -- Check for working C compiler: /usr/bin/cc
[1.023s] -- Check for working C compiler: /usr/bin/cc -- works
[1.032s] -- Detecting C compiler ABI info
[1.254s] -- Detecting C compiler ABI info - done
[1.399s] -- Detecting C compile features
[1.403s] -- Detecting C compile features - done
[1.431s] -- Check for working CXX compiler: /usr/bin/c++
[1.672s] -- Check for working CXX compiler: /usr/bin/c++ -- works
[1.693s] -- Detecting CXX compiler ABI info
[1.950s] -- Detecting CXX compiler ABI info - done
[2.141s] -- Detecting CXX compile features
[2.148s] -- Detecting CXX compile features - done
[2.167s] -- Found ament_cmake: 0.9.9 (/home/workspace/ros2/install/share/ament_cmake/cmake)
[2.306s] -- Found PythonInterp: /usr/bin/python3 (found suitable version "3.6.9", minimum required is "3") 
[2.307s] -- Using PYTHON_EXECUTABLE: /usr/bin/python3
[3.389s] -- Found nav2_common: 0.4.7 (/home/nvidia/workspace/alan/src/AMR_ros2_slam_nav2/install/nav2_common/share/nav2_common/cmake)
[3.399s] -- Found rclcpp: 2.4.0 (/home/workspace/ros2/install/share/rclcpp/cmake)
[3.818s] -- Using all available rosidl_typesupport_c: rosidl_typesupport_fastrtps_c;rosidl_typesupport_introspection_c
[3.891s] -- Found rosidl_adapter: 1.2.1 (/home/workspace/ros2/install/share/rosidl_adapter/cmake)
[4.325s] -- Found OpenSSL: /usr/lib/aarch64-linux-gnu/libcrypto.so (found version "1.1.1")  
[4.494s] -- Found FastRTPS: /home/workspace/ros2/install/include  
[5.161s] -- Using all available rosidl_typesupport_cpp: rosidl_typesupport_fastrtps_cpp;rosidl_typesupport_introspection_cpp
[5.765s] -- Found rmw_implementation_cmake: 1.0.3 (/home/workspace/ros2/install/share/rmw_implementation_cmake/cmake)
[5.788s] -- Using RMW implementation 'rmw_fastrtps_cpp' as default
[5.794s] -- Looking for pthread.h
[6.009s] -- Looking for pthread.h - found
[6.013s] -- Performing Test CMAKE_HAVE_LIBC_PTHREAD
[6.273s] -- Performing Test CMAKE_HAVE_LIBC_PTHREAD - Failed
[6.277s] -- Looking for pthread_create in pthreads
[6.468s] -- Looking for pthread_create in pthreads - not found
[6.472s] -- Looking for pthread_create in pthread
[6.724s] -- Looking for pthread_create in pthread - found
[6.734s] -- Found Threads: TRUE  
[8.627s] -- Found geometry_msgs: 2.0.4 (/home/workspace/ros2/install/share/geometry_msgs/cmake)
[9.053s] -- Found nav_2d_msgs: 0.4.7 (/home/nvidia/workspace/alan/src/AMR_ros2_slam_nav2/install/nav_2d_msgs/share/nav_2d_msgs/cmake)
[9.816s] -- Found dwb_msgs: 0.4.7 (/home/nvidia/workspace/alan/src/AMR_ros2_slam_nav2/install/dwb_msgs/share/dwb_msgs/cmake)
[12.781s] -- Found nav2_costmap_2d: 0.4.7 (/home/nvidia/workspace/alan/src/AMR_ros2_slam_nav2/install/nav2_costmap_2d/share/nav2_costmap_2d/cmake)
[22.935s] -- Found Eigen3: TRUE (found version "3.3.4") 
[27.347s] -- Found nav_2d_utils: 0.4.7 (/home/nvidia/workspace/alan/src/AMR_ros2_slam_nav2/install/nav_2d_utils/share/nav_2d_utils/cmake)
[28.848s] -- Found nav2_core: 0.4.7 (/home/nvidia/workspace/alan/src/AMR_ros2_slam_nav2/install/nav2_core/share/nav2_core/cmake)
[32.099s] -- Setting build type to Release as none was specified.
[43.772s] -- Found ament_lint_auto: 0.9.6 (/home/workspace/ros2/install/share/ament_lint_auto/cmake)
[44.430s] -- Found ament_cmake_gtest: 0.9.9 (/home/workspace/ros2/install/share/ament_cmake_gtest/cmake)
[44.469s] -- Found gtest sources under '/home/workspace/ros2/install/src/gtest_vendor': C++ tests using 'Google Test' will be built
[44.488s] -- Check if compiler accepts -pthread
[44.723s] -- Check if compiler accepts -pthread - yes
[44.812s] -- Added test 'cppcheck' to perform static code analysis on C / C++ code
[44.821s] -- Configured cppcheck include dirs: /home/nvidia/workspace/alan/src/AMR_ros2_slam_nav2/navigation2/nav2_dwb_controller/dwb_core/include
[44.822s] -- Configured cppcheck exclude dirs and/or files: 
[44.836s] -- Added test 'cpplint' to check C / C++ code against the Google style
[44.838s] -- Configured cpplint exclude dirs and/or files: 
[44.850s] -- Added test 'lint_cmake' to check CMake code style
[44.863s] -- Added test 'uncrustify' to check C / C++ code style
[44.865s] -- Configured uncrustify additional arguments: 
[44.874s] -- Added test 'xmllint' to check XML markup files
[44.931s] -- Configuring done
[45.438s] -- Generating done
[45.457s] -- Build files have been written to: /home/nvidia/workspace/alan/src/AMR_ros2_slam_nav2/build/dwb_core
[45.512s] Invoked command in '/home/nvidia/workspace/alan/src/AMR_ros2_slam_nav2/build/dwb_core' returned '0': AMENT_PREFIX_PATH=/home/nvidia/workspace/alan/src/AMR_ros2_slam_nav2/install/nav2_core:/home/nvidia/workspace/alan/src/AMR_ros2_slam_nav2/install/nav2_costmap_2d:/home/nvidia/workspace/alan/src/AMR_ros2_slam_nav2/install/nav_2d_utils:/home/nvidia/workspace/alan/src/AMR_ros2_slam_nav2/install/nav2_util:/home/nvidia/workspace/alan/src/AMR_ros2_slam_nav2/install/nav2_voxel_grid:/home/nvidia/workspace/alan/src/AMR_ros2_slam_nav2/install/nav2_msgs:/home/nvidia/workspace/alan/src/AMR_ros2_slam_nav2/install/dwb_msgs:/home/nvidia/workspace/alan/src/AMR_ros2_slam_nav2/install/nav_2d_msgs:/home/nvidia/workspace/alan/src/AMR_ros2_slam_nav2/install/nav2_common:${AMENT_PREFIX_PATH} CMAKE_PREFIX_PATH=/home/nvidia/workspace/alan/src/AMR_ros2_slam_nav2/install/nav2_core:/home/nvidia/workspace/alan/src/AMR_ros2_slam_nav2/install/nav2_costmap_2d:/home/nvidia/workspace/alan/src/AMR_ros2_slam_nav2/install/nav_2d_utils:/home/nvidia/workspace/alan/src/AMR_ros2_slam_nav2/install/nav2_util:/home/nvidia/workspace/alan/src/AMR_ros2_slam_nav2/install/nav2_voxel_grid:/home/nvidia/workspace/alan/src/AMR_ros2_slam_nav2/install/nav2_msgs:/home/nvidia/workspace/alan/src/AMR_ros2_slam_nav2/install/dwb_msgs:/home/nvidia/workspace/alan/src/AMR_ros2_slam_nav2/install/nav_2d_msgs:/home/nvidia/workspace/alan/src/AMR_ros2_slam_nav2/install/nav2_common:${CMAKE_PREFIX_PATH} LD_LIBRARY_PATH=/home/nvidia/workspace/alan/src/AMR_ros2_slam_nav2/install/nav2_costmap_2d/lib:/home/nvidia/workspace/alan/src/AMR_ros2_slam_nav2/install/nav_2d_utils/lib:/home/nvidia/workspace/alan/src/AMR_ros2_slam_nav2/install/nav2_util/lib:/home/nvidia/workspace/alan/src/AMR_ros2_slam_nav2/install/nav2_voxel_grid/lib:/home/nvidia/workspace/alan/src/AMR_ros2_slam_nav2/install/nav2_msgs/lib:/home/nvidia/workspace/alan/src/AMR_ros2_slam_nav2/install/dwb_msgs/lib:/home/nvidia/workspace/alan/src/AMR_ros2_slam_nav2/install/nav_2d_msgs/lib:/home/workspace/ros2/install/opt/yaml_cpp_vendor/lib:/home/workspace/ros2/install/opt/rviz_ogre_vendor/lib:/home/workspace/ros2/install/lib:/usr/local/cuda-10.2/lib64 PYTHONPATH=/home/nvidia/workspace/alan/src/AMR_ros2_slam_nav2/install/nav2_msgs/lib/python3.6/site-packages:/home/nvidia/workspace/alan/src/AMR_ros2_slam_nav2/install/dwb_msgs/lib/python3.6/site-packages:/home/nvidia/workspace/alan/src/AMR_ros2_slam_nav2/install/nav_2d_msgs/lib/python3.6/site-packages:/home/nvidia/workspace/alan/src/AMR_ros2_slam_nav2/install/nav2_common/lib/python3.6/site-packages:/home/workspace/ros2/install/lib/python3.6/site-packages:/usr/local/lib:/usr/local/cuda/bin /usr/local/bin/cmake /home/nvidia/workspace/alan/src/AMR_ros2_slam_nav2/navigation2/nav2_dwb_controller/dwb_core -DCMAKE_INSTALL_PREFIX=/home/nvidia/workspace/alan/src/AMR_ros2_slam_nav2/install/dwb_core
[45.525s] Invoking command in '/home/nvidia/workspace/alan/src/AMR_ros2_slam_nav2/build/dwb_core': AMENT_PREFIX_PATH=/home/nvidia/workspace/alan/src/AMR_ros2_slam_nav2/install/nav2_core:/home/nvidia/workspace/alan/src/AMR_ros2_slam_nav2/install/nav2_costmap_2d:/home/nvidia/workspace/alan/src/AMR_ros2_slam_nav2/install/nav_2d_utils:/home/nvidia/workspace/alan/src/AMR_ros2_slam_nav2/install/nav2_util:/home/nvidia/workspace/alan/src/AMR_ros2_slam_nav2/install/nav2_voxel_grid:/home/nvidia/workspace/alan/src/AMR_ros2_slam_nav2/install/nav2_msgs:/home/nvidia/workspace/alan/src/AMR_ros2_slam_nav2/install/dwb_msgs:/home/nvidia/workspace/alan/src/AMR_ros2_slam_nav2/install/nav_2d_msgs:/home/nvidia/workspace/alan/src/AMR_ros2_slam_nav2/install/nav2_common:${AMENT_PREFIX_PATH} CMAKE_PREFIX_PATH=/home/nvidia/workspace/alan/src/AMR_ros2_slam_nav2/install/nav2_core:/home/nvidia/workspace/alan/src/AMR_ros2_slam_nav2/install/nav2_costmap_2d:/home/nvidia/workspace/alan/src/AMR_ros2_slam_nav2/install/nav_2d_utils:/home/nvidia/workspace/alan/src/AMR_ros2_slam_nav2/install/nav2_util:/home/nvidia/workspace/alan/src/AMR_ros2_slam_nav2/install/nav2_voxel_grid:/home/nvidia/workspace/alan/src/AMR_ros2_slam_nav2/install/nav2_msgs:/home/nvidia/workspace/alan/src/AMR_ros2_slam_nav2/install/dwb_msgs:/home/nvidia/workspace/alan/src/AMR_ros2_slam_nav2/install/nav_2d_msgs:/home/nvidia/workspace/alan/src/AMR_ros2_slam_nav2/install/nav2_common:${CMAKE_PREFIX_PATH} LD_LIBRARY_PATH=/home/nvidia/workspace/alan/src/AMR_ros2_slam_nav2/install/nav2_costmap_2d/lib:/home/nvidia/workspace/alan/src/AMR_ros2_slam_nav2/install/nav_2d_utils/lib:/home/nvidia/workspace/alan/src/AMR_ros2_slam_nav2/install/nav2_util/lib:/home/nvidia/workspace/alan/src/AMR_ros2_slam_nav2/install/nav2_voxel_grid/lib:/home/nvidia/workspace/alan/src/AMR_ros2_slam_nav2/install/nav2_msgs/lib:/home/nvidia/workspace/alan/src/AMR_ros2_slam_nav2/install/dwb_msgs/lib:/home/nvidia/workspace/alan/src/AMR_ros2_slam_nav2/install/nav_2d_msgs/lib:/home/workspace/ros2/install/opt/yaml_cpp_vendor/lib:/home/workspace/ros2/install/opt/rviz_ogre_vendor/lib:/home/workspace/ros2/install/lib:/usr/local/cuda-10.2/lib64 PYTHONPATH=/home/nvidia/workspace/alan/src/AMR_ros2_slam_nav2/install/nav2_msgs/lib/python3.6/site-packages:/home/nvidia/workspace/alan/src/AMR_ros2_slam_nav2/install/dwb_msgs/lib/python3.6/site-packages:/home/nvidia/workspace/alan/src/AMR_ros2_slam_nav2/install/nav_2d_msgs/lib/python3.6/site-packages:/home/nvidia/workspace/alan/src/AMR_ros2_slam_nav2/install/nav2_common/lib/python3.6/site-packages:/home/workspace/ros2/install/lib/python3.6/site-packages:/usr/local/lib:/usr/local/cuda/bin /usr/local/bin/cmake --build /home/nvidia/workspace/alan/src/AMR_ros2_slam_nav2/build/dwb_core -- -j8 -l8
[45.656s] [35m[1mScanning dependencies of target dwb_core[0m
[46.137s] [  9%] [32mBuilding CXX object CMakeFiles/dwb_core.dir/src/dwb_local_planner.cpp.o[0m
[84.109s] [ 18%] [32mBuilding CXX object CMakeFiles/dwb_core.dir/src/trajectory_utils.cpp.o[0m
[91.909s] [ 27%] [32mBuilding CXX object CMakeFiles/dwb_core.dir/src/illegal_trajectory_tracker.cpp.o[0m
[94.825s] [ 36%] [32mBuilding CXX object CMakeFiles/dwb_core.dir/src/publisher.cpp.o[0m
[128.310s] [ 45%] [32m[1mLinking CXX shared library libdwb_core.so[0m
[130.056s] [ 45%] Built target dwb_core
[130.076s] [35m[1mScanning dependencies of target gtest_main[0m
[130.124s] [ 54%] [32mBuilding CXX object gtest/CMakeFiles/gtest_main.dir/src/gtest_main.cc.o[0m
[132.577s] [ 63%] [32m[1mLinking CXX static library libgtest_main.a[0m
[132.628s] [ 63%] Built target gtest_main
[132.645s] [35m[1mScanning dependencies of target gtest[0m
[132.710s] [ 72%] [32mBuilding CXX object gtest/CMakeFiles/gtest.dir/src/gtest-all.cc.o[0m
[158.005s] [ 81%] [32m[1mLinking CXX static library libgtest.a[0m
[158.073s] [ 81%] Built target gtest
[158.096s] [35m[1mScanning dependencies of target utils_test[0m
[158.369s] [ 90%] [32mBuilding CXX object test/CMakeFiles/utils_test.dir/utils_test.cpp.o[0m
[167.752s] [100%] [32m[1mLinking CXX executable utils_test[0m
[169.242s] [100%] Built target utils_test
[169.263s] Invoked command in '/home/nvidia/workspace/alan/src/AMR_ros2_slam_nav2/build/dwb_core' returned '0': AMENT_PREFIX_PATH=/home/nvidia/workspace/alan/src/AMR_ros2_slam_nav2/install/nav2_core:/home/nvidia/workspace/alan/src/AMR_ros2_slam_nav2/install/nav2_costmap_2d:/home/nvidia/workspace/alan/src/AMR_ros2_slam_nav2/install/nav_2d_utils:/home/nvidia/workspace/alan/src/AMR_ros2_slam_nav2/install/nav2_util:/home/nvidia/workspace/alan/src/AMR_ros2_slam_nav2/install/nav2_voxel_grid:/home/nvidia/workspace/alan/src/AMR_ros2_slam_nav2/install/nav2_msgs:/home/nvidia/workspace/alan/src/AMR_ros2_slam_nav2/install/dwb_msgs:/home/nvidia/workspace/alan/src/AMR_ros2_slam_nav2/install/nav_2d_msgs:/home/nvidia/workspace/alan/src/AMR_ros2_slam_nav2/install/nav2_common:${AMENT_PREFIX_PATH} CMAKE_PREFIX_PATH=/home/nvidia/workspace/alan/src/AMR_ros2_slam_nav2/install/nav2_core:/home/nvidia/workspace/alan/src/AMR_ros2_slam_nav2/install/nav2_costmap_2d:/home/nvidia/workspace/alan/src/AMR_ros2_slam_nav2/install/nav_2d_utils:/home/nvidia/workspace/alan/src/AMR_ros2_slam_nav2/install/nav2_util:/home/nvidia/workspace/alan/src/AMR_ros2_slam_nav2/install/nav2_voxel_grid:/home/nvidia/workspace/alan/src/AMR_ros2_slam_nav2/install/nav2_msgs:/home/nvidia/workspace/alan/src/AMR_ros2_slam_nav2/install/dwb_msgs:/home/nvidia/workspace/alan/src/AMR_ros2_slam_nav2/install/nav_2d_msgs:/home/nvidia/workspace/alan/src/AMR_ros2_slam_nav2/install/nav2_common:${CMAKE_PREFIX_PATH} LD_LIBRARY_PATH=/home/nvidia/workspace/alan/src/AMR_ros2_slam_nav2/install/nav2_costmap_2d/lib:/home/nvidia/workspace/alan/src/AMR_ros2_slam_nav2/install/nav_2d_utils/lib:/home/nvidia/workspace/alan/src/AMR_ros2_slam_nav2/install/nav2_util/lib:/home/nvidia/workspace/alan/src/AMR_ros2_slam_nav2/install/nav2_voxel_grid/lib:/home/nvidia/workspace/alan/src/AMR_ros2_slam_nav2/install/nav2_msgs/lib:/home/nvidia/workspace/alan/src/AMR_ros2_slam_nav2/install/dwb_msgs/lib:/home/nvidia/workspace/alan/src/AMR_ros2_slam_nav2/install/nav_2d_msgs/lib:/home/workspace/ros2/install/opt/yaml_cpp_vendor/lib:/home/workspace/ros2/install/opt/rviz_ogre_vendor/lib:/home/workspace/ros2/install/lib:/usr/local/cuda-10.2/lib64 PYTHONPATH=/home/nvidia/workspace/alan/src/AMR_ros2_slam_nav2/install/nav2_msgs/lib/python3.6/site-packages:/home/nvidia/workspace/alan/src/AMR_ros2_slam_nav2/install/dwb_msgs/lib/python3.6/site-packages:/home/nvidia/workspace/alan/src/AMR_ros2_slam_nav2/install/nav_2d_msgs/lib/python3.6/site-packages:/home/nvidia/workspace/alan/src/AMR_ros2_slam_nav2/install/nav2_common/lib/python3.6/site-packages:/home/workspace/ros2/install/lib/python3.6/site-packages:/usr/local/lib:/usr/local/cuda/bin /usr/local/bin/cmake --build /home/nvidia/workspace/alan/src/AMR_ros2_slam_nav2/build/dwb_core -- -j8 -l8
[169.391s] Invoking command in '/home/nvidia/workspace/alan/src/AMR_ros2_slam_nav2/build/dwb_core': AMENT_PREFIX_PATH=/home/nvidia/workspace/alan/src/AMR_ros2_slam_nav2/install/nav2_core:/home/nvidia/workspace/alan/src/AMR_ros2_slam_nav2/install/nav2_costmap_2d:/home/nvidia/workspace/alan/src/AMR_ros2_slam_nav2/install/nav_2d_utils:/home/nvidia/workspace/alan/src/AMR_ros2_slam_nav2/install/nav2_util:/home/nvidia/workspace/alan/src/AMR_ros2_slam_nav2/install/nav2_voxel_grid:/home/nvidia/workspace/alan/src/AMR_ros2_slam_nav2/install/nav2_msgs:/home/nvidia/workspace/alan/src/AMR_ros2_slam_nav2/install/dwb_msgs:/home/nvidia/workspace/alan/src/AMR_ros2_slam_nav2/install/nav_2d_msgs:/home/nvidia/workspace/alan/src/AMR_ros2_slam_nav2/install/nav2_common:${AMENT_PREFIX_PATH} CMAKE_PREFIX_PATH=/home/nvidia/workspace/alan/src/AMR_ros2_slam_nav2/install/nav2_core:/home/nvidia/workspace/alan/src/AMR_ros2_slam_nav2/install/nav2_costmap_2d:/home/nvidia/workspace/alan/src/AMR_ros2_slam_nav2/install/nav_2d_utils:/home/nvidia/workspace/alan/src/AMR_ros2_slam_nav2/install/nav2_util:/home/nvidia/workspace/alan/src/AMR_ros2_slam_nav2/install/nav2_voxel_grid:/home/nvidia/workspace/alan/src/AMR_ros2_slam_nav2/install/nav2_msgs:/home/nvidia/workspace/alan/src/AMR_ros2_slam_nav2/install/dwb_msgs:/home/nvidia/workspace/alan/src/AMR_ros2_slam_nav2/install/nav_2d_msgs:/home/nvidia/workspace/alan/src/AMR_ros2_slam_nav2/install/nav2_common:${CMAKE_PREFIX_PATH} LD_LIBRARY_PATH=/home/nvidia/workspace/alan/src/AMR_ros2_slam_nav2/install/nav2_costmap_2d/lib:/home/nvidia/workspace/alan/src/AMR_ros2_slam_nav2/install/nav_2d_utils/lib:/home/nvidia/workspace/alan/src/AMR_ros2_slam_nav2/install/nav2_util/lib:/home/nvidia/workspace/alan/src/AMR_ros2_slam_nav2/install/nav2_voxel_grid/lib:/home/nvidia/workspace/alan/src/AMR_ros2_slam_nav2/install/nav2_msgs/lib:/home/nvidia/workspace/alan/src/AMR_ros2_slam_nav2/install/dwb_msgs/lib:/home/nvidia/workspace/alan/src/AMR_ros2_slam_nav2/install/nav_2d_msgs/lib:/home/workspace/ros2/install/opt/yaml_cpp_vendor/lib:/home/workspace/ros2/install/opt/rviz_ogre_vendor/lib:/home/workspace/ros2/install/lib:/usr/local/cuda-10.2/lib64 PYTHONPATH=/home/nvidia/workspace/alan/src/AMR_ros2_slam_nav2/install/nav2_msgs/lib/python3.6/site-packages:/home/nvidia/workspace/alan/src/AMR_ros2_slam_nav2/install/dwb_msgs/lib/python3.6/site-packages:/home/nvidia/workspace/alan/src/AMR_ros2_slam_nav2/install/nav_2d_msgs/lib/python3.6/site-packages:/home/nvidia/workspace/alan/src/AMR_ros2_slam_nav2/install/nav2_common/lib/python3.6/site-packages:/home/workspace/ros2/install/lib/python3.6/site-packages:/usr/local/lib:/usr/local/cuda/bin /usr/local/bin/cmake --install /home/nvidia/workspace/alan/src/AMR_ros2_slam_nav2/build/dwb_core
[169.424s] -- Install configuration: "Release"
[169.429s] -- Installing: /home/nvidia/workspace/alan/src/AMR_ros2_slam_nav2/install/dwb_core/lib/libdwb_core.so
[169.438s] -- Set runtime path of "/home/nvidia/workspace/alan/src/AMR_ros2_slam_nav2/install/dwb_core/lib/libdwb_core.so" to ""
[169.440s] -- Installing: /home/nvidia/workspace/alan/src/AMR_ros2_slam_nav2/install/dwb_core/include/
[169.441s] -- Installing: /home/nvidia/workspace/alan/src/AMR_ros2_slam_nav2/install/dwb_core/include//dwb_core
[169.443s] -- Installing: /home/nvidia/workspace/alan/src/AMR_ros2_slam_nav2/install/dwb_core/include//dwb_core/trajectory_critic.hpp
[169.444s] -- Installing: /home/nvidia/workspace/alan/src/AMR_ros2_slam_nav2/install/dwb_core/include//dwb_core/trajectory_generator.hpp
[169.446s] -- Installing: /home/nvidia/workspace/alan/src/AMR_ros2_slam_nav2/install/dwb_core/include//dwb_core/publisher.hpp
[169.447s] -- Installing: /home/nvidia/workspace/alan/src/AMR_ros2_slam_nav2/install/dwb_core/include//dwb_core/exceptions.hpp
[169.448s] -- Installing: /home/nvidia/workspace/alan/src/AMR_ros2_slam_nav2/install/dwb_core/include//dwb_core/dwb_local_planner.hpp
[169.450s] -- Installing: /home/nvidia/workspace/alan/src/AMR_ros2_slam_nav2/install/dwb_core/include//dwb_core/trajectory_utils.hpp
[169.451s] -- Installing: /home/nvidia/workspace/alan/src/AMR_ros2_slam_nav2/install/dwb_core/include//dwb_core/illegal_trajectory_tracker.hpp
[169.453s] -- Installing: /home/nvidia/workspace/alan/src/AMR_ros2_slam_nav2/install/dwb_core/share/dwb_core/environment/library_path.sh
[169.455s] -- Installing: /home/nvidia/workspace/alan/src/AMR_ros2_slam_nav2/install/dwb_core/share/dwb_core/environment/library_path.dsv
[169.458s] -- Installing: /home/nvidia/workspace/alan/src/AMR_ros2_slam_nav2/install/dwb_core/share/dwb_core/local_planner_plugin.xml
[169.460s] -- Installing: /home/nvidia/workspace/alan/src/AMR_ros2_slam_nav2/install/dwb_core/share/ament_index/resource_index/package_run_dependencies/dwb_core
[169.463s] -- Installing: /home/nvidia/workspace/alan/src/AMR_ros2_slam_nav2/install/dwb_core/share/ament_index/resource_index/parent_prefix_path/dwb_core
[169.466s] -- Installing: /home/nvidia/workspace/alan/src/AMR_ros2_slam_nav2/install/dwb_core/share/dwb_core/environment/ament_prefix_path.sh
[169.468s] -- Installing: /home/nvidia/workspace/alan/src/AMR_ros2_slam_nav2/install/dwb_core/share/dwb_core/environment/ament_prefix_path.dsv
[169.470s] -- Installing: /home/nvidia/workspace/alan/src/AMR_ros2_slam_nav2/install/dwb_core/share/dwb_core/environment/path.sh
[169.472s] -- Installing: /home/nvidia/workspace/alan/src/AMR_ros2_slam_nav2/install/dwb_core/share/dwb_core/environment/path.dsv
[169.474s] -- Installing: /home/nvidia/workspace/alan/src/AMR_ros2_slam_nav2/install/dwb_core/share/dwb_core/local_setup.bash
[169.476s] -- Installing: /home/nvidia/workspace/alan/src/AMR_ros2_slam_nav2/install/dwb_core/share/dwb_core/local_setup.sh
[169.478s] -- Installing: /home/nvidia/workspace/alan/src/AMR_ros2_slam_nav2/install/dwb_core/share/dwb_core/local_setup.zsh
[169.480s] -- Installing: /home/nvidia/workspace/alan/src/AMR_ros2_slam_nav2/install/dwb_core/share/dwb_core/local_setup.dsv
[169.482s] -- Installing: /home/nvidia/workspace/alan/src/AMR_ros2_slam_nav2/install/dwb_core/share/dwb_core/package.dsv
[169.485s] -- Installing: /home/nvidia/workspace/alan/src/AMR_ros2_slam_nav2/install/dwb_core/share/ament_index/resource_index/packages/dwb_core
[169.487s] -- Installing: /home/nvidia/workspace/alan/src/AMR_ros2_slam_nav2/install/dwb_core/share/ament_index/resource_index/nav2_core__pluginlib__plugin/dwb_core
[169.490s] -- Installing: /home/nvidia/workspace/alan/src/AMR_ros2_slam_nav2/install/dwb_core/share/dwb_core/cmake/ament_cmake_export_include_directories-extras.cmake
[169.493s] -- Installing: /home/nvidia/workspace/alan/src/AMR_ros2_slam_nav2/install/dwb_core/share/dwb_core/cmake/ament_cmake_export_libraries-extras.cmake
[169.495s] -- Installing: /home/nvidia/workspace/alan/src/AMR_ros2_slam_nav2/install/dwb_core/share/dwb_core/cmake/ament_cmake_export_dependencies-extras.cmake
[169.497s] -- Installing: /home/nvidia/workspace/alan/src/AMR_ros2_slam_nav2/install/dwb_core/share/dwb_core/cmake/ament_cmake_export_definitions-extras.cmake
[169.499s] -- Installing: /home/nvidia/workspace/alan/src/AMR_ros2_slam_nav2/install/dwb_core/share/dwb_core/cmake/dwb_coreConfig.cmake
[169.500s] -- Installing: /home/nvidia/workspace/alan/src/AMR_ros2_slam_nav2/install/dwb_core/share/dwb_core/cmake/dwb_coreConfig-version.cmake
[169.502s] -- Installing: /home/nvidia/workspace/alan/src/AMR_ros2_slam_nav2/install/dwb_core/share/dwb_core/package.xml
[169.520s] Invoked command in '/home/nvidia/workspace/alan/src/AMR_ros2_slam_nav2/build/dwb_core' returned '0': AMENT_PREFIX_PATH=/home/nvidia/workspace/alan/src/AMR_ros2_slam_nav2/install/nav2_core:/home/nvidia/workspace/alan/src/AMR_ros2_slam_nav2/install/nav2_costmap_2d:/home/nvidia/workspace/alan/src/AMR_ros2_slam_nav2/install/nav_2d_utils:/home/nvidia/workspace/alan/src/AMR_ros2_slam_nav2/install/nav2_util:/home/nvidia/workspace/alan/src/AMR_ros2_slam_nav2/install/nav2_voxel_grid:/home/nvidia/workspace/alan/src/AMR_ros2_slam_nav2/install/nav2_msgs:/home/nvidia/workspace/alan/src/AMR_ros2_slam_nav2/install/dwb_msgs:/home/nvidia/workspace/alan/src/AMR_ros2_slam_nav2/install/nav_2d_msgs:/home/nvidia/workspace/alan/src/AMR_ros2_slam_nav2/install/nav2_common:${AMENT_PREFIX_PATH} CMAKE_PREFIX_PATH=/home/nvidia/workspace/alan/src/AMR_ros2_slam_nav2/install/nav2_core:/home/nvidia/workspace/alan/src/AMR_ros2_slam_nav2/install/nav2_costmap_2d:/home/nvidia/workspace/alan/src/AMR_ros2_slam_nav2/install/nav_2d_utils:/home/nvidia/workspace/alan/src/AMR_ros2_slam_nav2/install/nav2_util:/home/nvidia/workspace/alan/src/AMR_ros2_slam_nav2/install/nav2_voxel_grid:/home/nvidia/workspace/alan/src/AMR_ros2_slam_nav2/install/nav2_msgs:/home/nvidia/workspace/alan/src/AMR_ros2_slam_nav2/install/dwb_msgs:/home/nvidia/workspace/alan/src/AMR_ros2_slam_nav2/install/nav_2d_msgs:/home/nvidia/workspace/alan/src/AMR_ros2_slam_nav2/install/nav2_common:${CMAKE_PREFIX_PATH} LD_LIBRARY_PATH=/home/nvidia/workspace/alan/src/AMR_ros2_slam_nav2/install/nav2_costmap_2d/lib:/home/nvidia/workspace/alan/src/AMR_ros2_slam_nav2/install/nav_2d_utils/lib:/home/nvidia/workspace/alan/src/AMR_ros2_slam_nav2/install/nav2_util/lib:/home/nvidia/workspace/alan/src/AMR_ros2_slam_nav2/install/nav2_voxel_grid/lib:/home/nvidia/workspace/alan/src/AMR_ros2_slam_nav2/install/nav2_msgs/lib:/home/nvidia/workspace/alan/src/AMR_ros2_slam_nav2/install/dwb_msgs/lib:/home/nvidia/workspace/alan/src/AMR_ros2_slam_nav2/install/nav_2d_msgs/lib:/home/workspace/ros2/install/opt/yaml_cpp_vendor/lib:/home/workspace/ros2/install/opt/rviz_ogre_vendor/lib:/home/workspace/ros2/install/lib:/usr/local/cuda-10.2/lib64 PYTHONPATH=/home/nvidia/workspace/alan/src/AMR_ros2_slam_nav2/install/nav2_msgs/lib/python3.6/site-packages:/home/nvidia/workspace/alan/src/AMR_ros2_slam_nav2/install/dwb_msgs/lib/python3.6/site-packages:/home/nvidia/workspace/alan/src/AMR_ros2_slam_nav2/install/nav_2d_msgs/lib/python3.6/site-packages:/home/nvidia/workspace/alan/src/AMR_ros2_slam_nav2/install/nav2_common/lib/python3.6/site-packages:/home/workspace/ros2/install/lib/python3.6/site-packages:/usr/local/lib:/usr/local/cuda/bin /usr/local/bin/cmake --install /home/nvidia/workspace/alan/src/AMR_ros2_slam_nav2/build/dwb_core
