-- The C compiler identification is GNU 7.5.0
-- The CXX compiler identification is GNU 7.5.0
-- Check for working C compiler: /usr/bin/cc
-- Check for working C compiler: /usr/bin/cc -- works
-- Detecting C compiler ABI info
-- Detecting C compiler ABI info - done
-- Detecting C compile features
-- Detecting C compile features - done
-- Check for working CXX compiler: /usr/bin/c++
-- Check for working CXX compiler: /usr/bin/c++ -- works
-- Detecting CXX compiler ABI info
-- Detecting CXX compiler ABI info - done
-- Detecting CXX compile features
-- Detecting CXX compile features - done
-- Found builtin_interfaces: 1.0.0 (/home/workspace/ros2/install/share/builtin_interfaces/cmake)
-- Found PythonInterp: /usr/bin/python3 (found suitable version "3.6.9", minimum required is "3") 
-- Using PYTHON_EXECUTABLE: /usr/bin/python3
-- Using all available rosidl_typesupport_c: rosidl_typesupport_fastrtps_c;rosidl_typesupport_introspection_c
-- Found rosidl_adapter: 1.2.1 (/home/workspace/ros2/install/share/rosidl_adapter/cmake)
-- Found OpenSSL: /usr/lib/aarch64-linux-gnu/libcrypto.so (found version "1.1.1")  
-- Found FastRTPS: /home/workspace/ros2/install/include  
-- Using all available rosidl_typesupport_cpp: rosidl_typesupport_fastrtps_cpp;rosidl_typesupport_introspection_cpp
-- Found geometry_msgs: 2.0.4 (/home/workspace/ros2/install/share/geometry_msgs/cmake)
-- Found nav_2d_msgs: 0.4.7 (/home/nvidia/workspace/alan/src/AMR_ros2_slam_nav2/install/nav_2d_msgs/share/nav_2d_msgs/cmake)
-- Found nav_msgs: 2.0.4 (/home/workspace/ros2/install/share/nav_msgs/cmake)
-- Found rosidl_default_generators: 1.0.1 (/home/workspace/ros2/install/share/rosidl_default_generators/cmake)
-- Found PythonInterp: /usr/bin/python3 (found version "3.6.9") 
-- Found ament_cmake_ros: 0.9.2 (/home/workspace/ros2/install/share/ament_cmake_ros/cmake)
-- Using all available rosidl_typesupport_c: rosidl_typesupport_fastrtps_c;rosidl_typesupport_introspection_c
-- Using all available rosidl_typesupport_cpp: rosidl_typesupport_fastrtps_cpp;rosidl_typesupport_introspection_cpp
-- Found PythonInterp: /usr/bin/python3 (found suitable version "3.6.9", minimum required is "3.5") 
-- Found python_cmake_module: 0.8.1 (/home/workspace/ros2/install/share/python_cmake_module/cmake)
-- Found PythonLibs: /usr/lib/aarch64-linux-gnu/libpython3.6m.so (found suitable version "3.6.9", minimum required is "3.5") 
-- Using PYTHON_EXECUTABLE: /usr/bin/python3
-- Using PYTHON_INCLUDE_DIRS: /usr/include/python3.6m
-- Using PYTHON_LIBRARIES: /usr/lib/aarch64-linux-gnu/libpython3.6m.so
-- Found PythonExtra: .so  
-- Configuring done
-- Generating done
-- Build files have been written to: /home/nvidia/workspace/alan/src/AMR_ros2_slam_nav2/build/dwb_msgs
[35m[1mScanning dependencies of target dwb_msgs__cpp[0m
[  1%] [34m[1mGenerating C++ code for ROS interfaces[0m
[  1%] Built target dwb_msgs__cpp
[  2%] [34m[1mGenerating C code for ROS interfaces[0m
[35m[1mScanning dependencies of target dwb_msgs__rosidl_generator_c[0m
[  3%] [32mBuilding C object CMakeFiles/dwb_msgs__rosidl_generator_c.dir/rosidl_generator_c/dwb_msgs/msg/detail/critic_score__functions.c.o[0m
[  4%] [32mBuilding C object CMakeFiles/dwb_msgs__rosidl_generator_c.dir/rosidl_generator_c/dwb_msgs/srv/detail/debug_local_plan__functions.c.o[0m
[  5%] [32mBuilding C object CMakeFiles/dwb_msgs__rosidl_generator_c.dir/rosidl_generator_c/dwb_msgs/srv/detail/generate_trajectory__functions.c.o[0m
[  6%] [32mBuilding C object CMakeFiles/dwb_msgs__rosidl_generator_c.dir/rosidl_generator_c/dwb_msgs/srv/detail/generate_twists__functions.c.o[0m
[  7%] [32mBuilding C object CMakeFiles/dwb_msgs__rosidl_generator_c.dir/rosidl_generator_c/dwb_msgs/srv/detail/get_critic_score__functions.c.o[0m
[  8%] [32mBuilding C object CMakeFiles/dwb_msgs__rosidl_generator_c.dir/rosidl_generator_c/dwb_msgs/srv/detail/score_trajectory__functions.c.o[0m
[  9%] [32mBuilding C object CMakeFiles/dwb_msgs__rosidl_generator_c.dir/rosidl_generator_c/dwb_msgs/msg/detail/trajectory_score__functions.c.o[0m
[ 10%] [32mBuilding C object CMakeFiles/dwb_msgs__rosidl_generator_c.dir/rosidl_generator_c/dwb_msgs/msg/detail/trajectory2_d__functions.c.o[0m
[ 11%] [32mBuilding C object CMakeFiles/dwb_msgs__rosidl_generator_c.dir/rosidl_generator_c/dwb_msgs/msg/detail/local_plan_evaluation__functions.c.o[0m
[ 12%] [32m[1mLinking C shared library libdwb_msgs__rosidl_generator_c.so[0m
[ 12%] Built target dwb_msgs__rosidl_generator_c
[ 13%] [34m[1mGenerating C++ introspection for ROS interfaces[0m
[35m[1mScanning dependencies of target dwb_msgs__rosidl_typesupport_introspection_cpp[0m
[ 14%] [32mBuilding CXX object CMakeFiles/dwb_msgs__rosidl_typesupport_introspection_cpp.dir/rosidl_typesupport_introspection_cpp/dwb_msgs/msg/detail/critic_score__type_support.cpp.o[0m
[ 15%] [32mBuilding CXX object CMakeFiles/dwb_msgs__rosidl_typesupport_introspection_cpp.dir/rosidl_typesupport_introspection_cpp/dwb_msgs/msg/detail/trajectory_score__type_support.cpp.o[0m
[ 16%] [32mBuilding CXX object CMakeFiles/dwb_msgs__rosidl_typesupport_introspection_cpp.dir/rosidl_typesupport_introspection_cpp/dwb_msgs/srv/detail/debug_local_plan__type_support.cpp.o[0m
[ 17%] [32mBuilding CXX object CMakeFiles/dwb_msgs__rosidl_typesupport_introspection_cpp.dir/rosidl_typesupport_introspection_cpp/dwb_msgs/srv/detail/generate_trajectory__type_support.cpp.o[0m
[ 18%] [32mBuilding CXX object CMakeFiles/dwb_msgs__rosidl_typesupport_introspection_cpp.dir/rosidl_typesupport_introspection_cpp/dwb_msgs/srv/detail/generate_twists__type_support.cpp.o[0m
[ 20%] [32mBuilding CXX object CMakeFiles/dwb_msgs__rosidl_typesupport_introspection_cpp.dir/rosidl_typesupport_introspection_cpp/dwb_msgs/srv/detail/get_critic_score__type_support.cpp.o[0m
[ 21%] [32mBuilding CXX object CMakeFiles/dwb_msgs__rosidl_typesupport_introspection_cpp.dir/rosidl_typesupport_introspection_cpp/dwb_msgs/srv/detail/score_trajectory__type_support.cpp.o[0m
[ 22%] [32mBuilding CXX object CMakeFiles/dwb_msgs__rosidl_typesupport_introspection_cpp.dir/rosidl_typesupport_introspection_cpp/dwb_msgs/msg/detail/trajectory2_d__type_support.cpp.o[0m
[ 23%] [32mBuilding CXX object CMakeFiles/dwb_msgs__rosidl_typesupport_introspection_cpp.dir/rosidl_typesupport_introspection_cpp/dwb_msgs/msg/detail/local_plan_evaluation__type_support.cpp.o[0m
[ 24%] [32m[1mLinking CXX shared library libdwb_msgs__rosidl_typesupport_introspection_cpp.so[0m
[ 24%] Built target dwb_msgs__rosidl_typesupport_introspection_cpp
[ 25%] [34m[1mGenerating C type support dispatch for ROS interfaces[0m
[35m[1mScanning dependencies of target dwb_msgs__rosidl_typesupport_c[0m
[ 26%] [32mBuilding CXX object CMakeFiles/dwb_msgs__rosidl_typesupport_c.dir/rosidl_typesupport_c/dwb_msgs/msg/critic_score__type_support.cpp.o[0m
[ 27%] [32mBuilding CXX object CMakeFiles/dwb_msgs__rosidl_typesupport_c.dir/rosidl_typesupport_c/dwb_msgs/srv/debug_local_plan__type_support.cpp.o[0m
[ 28%] [32mBuilding CXX object CMakeFiles/dwb_msgs__rosidl_typesupport_c.dir/rosidl_typesupport_c/dwb_msgs/srv/generate_trajectory__type_support.cpp.o[0m
[ 29%] [32mBuilding CXX object CMakeFiles/dwb_msgs__rosidl_typesupport_c.dir/rosidl_typesupport_c/dwb_msgs/srv/generate_twists__type_support.cpp.o[0m
[ 30%] [32mBuilding CXX object CMakeFiles/dwb_msgs__rosidl_typesupport_c.dir/rosidl_typesupport_c/dwb_msgs/srv/get_critic_score__type_support.cpp.o[0m
[ 31%] [32mBuilding CXX object CMakeFiles/dwb_msgs__rosidl_typesupport_c.dir/rosidl_typesupport_c/dwb_msgs/srv/score_trajectory__type_support.cpp.o[0m
[ 32%] [32mBuilding CXX object CMakeFiles/dwb_msgs__rosidl_typesupport_c.dir/rosidl_typesupport_c/dwb_msgs/msg/trajectory_score__type_support.cpp.o[0m
[ 33%] [32mBuilding CXX object CMakeFiles/dwb_msgs__rosidl_typesupport_c.dir/rosidl_typesupport_c/dwb_msgs/msg/trajectory2_d__type_support.cpp.o[0m
[ 34%] [32mBuilding CXX object CMakeFiles/dwb_msgs__rosidl_typesupport_c.dir/rosidl_typesupport_c/dwb_msgs/msg/local_plan_evaluation__type_support.cpp.o[0m
[ 35%] [32m[1mLinking CXX shared library libdwb_msgs__rosidl_typesupport_c.so[0m
[ 35%] Built target dwb_msgs__rosidl_typesupport_c
[ 36%] [34m[1mGenerating C introspection for ROS interfaces[0m
[35m[1mScanning dependencies of target dwb_msgs__rosidl_typesupport_introspection_c[0m
[ 37%] [32mBuilding C object CMakeFiles/dwb_msgs__rosidl_typesupport_introspection_c.dir/rosidl_typesupport_introspection_c/dwb_msgs/msg/detail/critic_score__type_support.c.o[0m
[ 38%] [32mBuilding C object CMakeFiles/dwb_msgs__rosidl_typesupport_introspection_c.dir/rosidl_typesupport_introspection_c/dwb_msgs/srv/detail/generate_trajectory__type_support.c.o[0m
[ 40%] [32mBuilding C object CMakeFiles/dwb_msgs__rosidl_typesupport_introspection_c.dir/rosidl_typesupport_introspection_c/dwb_msgs/srv/detail/generate_twists__type_support.c.o[0m
[ 41%] [32mBuilding C object CMakeFiles/dwb_msgs__rosidl_typesupport_introspection_c.dir/rosidl_typesupport_introspection_c/dwb_msgs/srv/detail/get_critic_score__type_support.c.o[0m
[ 42%] [32mBuilding C object CMakeFiles/dwb_msgs__rosidl_typesupport_introspection_c.dir/rosidl_typesupport_introspection_c/dwb_msgs/srv/detail/score_trajectory__type_support.c.o[0m
[ 43%] [32mBuilding C object CMakeFiles/dwb_msgs__rosidl_typesupport_introspection_c.dir/rosidl_typesupport_introspection_c/dwb_msgs/srv/detail/debug_local_plan__type_support.c.o[0m
[ 44%] [32mBuilding C object CMakeFiles/dwb_msgs__rosidl_typesupport_introspection_c.dir/rosidl_typesupport_introspection_c/dwb_msgs/msg/detail/trajectory_score__type_support.c.o[0m
[ 45%] [32mBuilding C object CMakeFiles/dwb_msgs__rosidl_typesupport_introspection_c.dir/rosidl_typesupport_introspection_c/dwb_msgs/msg/detail/trajectory2_d__type_support.c.o[0m
[ 46%] [32mBuilding C object CMakeFiles/dwb_msgs__rosidl_typesupport_introspection_c.dir/rosidl_typesupport_introspection_c/dwb_msgs/msg/detail/local_plan_evaluation__type_support.c.o[0m
[ 47%] [32m[1mLinking C shared library libdwb_msgs__rosidl_typesupport_introspection_c.so[0m
[ 47%] Built target dwb_msgs__rosidl_typesupport_introspection_c
[ 48%] [34m[1mGenerating C++ type support dispatch for ROS interfaces[0m
[35m[1mScanning dependencies of target dwb_msgs__rosidl_typesupport_cpp[0m
[ 49%] [32mBuilding CXX object CMakeFiles/dwb_msgs__rosidl_typesupport_cpp.dir/rosidl_typesupport_cpp/dwb_msgs/msg/critic_score__type_support.cpp.o[0m
[ 50%] [32mBuilding CXX object CMakeFiles/dwb_msgs__rosidl_typesupport_cpp.dir/rosidl_typesupport_cpp/dwb_msgs/srv/generate_twists__type_support.cpp.o[0m
[ 51%] [32mBuilding CXX object CMakeFiles/dwb_msgs__rosidl_typesupport_cpp.dir/rosidl_typesupport_cpp/dwb_msgs/srv/get_critic_score__type_support.cpp.o[0m
[ 52%] [32mBuilding CXX object CMakeFiles/dwb_msgs__rosidl_typesupport_cpp.dir/rosidl_typesupport_cpp/dwb_msgs/srv/score_trajectory__type_support.cpp.o[0m
[ 53%] [32mBuilding CXX object CMakeFiles/dwb_msgs__rosidl_typesupport_cpp.dir/rosidl_typesupport_cpp/dwb_msgs/srv/generate_trajectory__type_support.cpp.o[0m
[ 54%] [32mBuilding CXX object CMakeFiles/dwb_msgs__rosidl_typesupport_cpp.dir/rosidl_typesupport_cpp/dwb_msgs/srv/debug_local_plan__type_support.cpp.o[0m
[ 55%] [32mBuilding CXX object CMakeFiles/dwb_msgs__rosidl_typesupport_cpp.dir/rosidl_typesupport_cpp/dwb_msgs/msg/trajectory_score__type_support.cpp.o[0m
[ 56%] [32mBuilding CXX object CMakeFiles/dwb_msgs__rosidl_typesupport_cpp.dir/rosidl_typesupport_cpp/dwb_msgs/msg/trajectory2_d__type_support.cpp.o[0m
[ 57%] [32mBuilding CXX object CMakeFiles/dwb_msgs__rosidl_typesupport_cpp.dir/rosidl_typesupport_cpp/dwb_msgs/msg/local_plan_evaluation__type_support.cpp.o[0m
[ 58%] [32m[1mLinking CXX shared library libdwb_msgs__rosidl_typesupport_cpp.so[0m
[ 58%] Built target dwb_msgs__rosidl_typesupport_cpp
[ 60%] [34m[1mGenerating C++ type support for eProsima Fast-RTPS[0m
[35m[1mScanning dependencies of target dwb_msgs__rosidl_typesupport_fastrtps_cpp[0m
[ 61%] [32mBuilding CXX object CMakeFiles/dwb_msgs__rosidl_typesupport_fastrtps_cpp.dir/rosidl_typesupport_fastrtps_cpp/dwb_msgs/msg/detail/dds_fastrtps/critic_score__type_support.cpp.o[0m
[ 62%] [32mBuilding CXX object CMakeFiles/dwb_msgs__rosidl_typesupport_fastrtps_cpp.dir/rosidl_typesupport_fastrtps_cpp/dwb_msgs/srv/detail/dds_fastrtps/get_critic_score__type_support.cpp.o[0m
[ 63%] [32mBuilding CXX object CMakeFiles/dwb_msgs__rosidl_typesupport_fastrtps_cpp.dir/rosidl_typesupport_fastrtps_cpp/dwb_msgs/srv/detail/dds_fastrtps/score_trajectory__type_support.cpp.o[0m
[ 64%] [32mBuilding CXX object CMakeFiles/dwb_msgs__rosidl_typesupport_fastrtps_cpp.dir/rosidl_typesupport_fastrtps_cpp/dwb_msgs/srv/detail/dds_fastrtps/generate_twists__type_support.cpp.o[0m
[ 65%] [32mBuilding CXX object CMakeFiles/dwb_msgs__rosidl_typesupport_fastrtps_cpp.dir/rosidl_typesupport_fastrtps_cpp/dwb_msgs/srv/detail/dds_fastrtps/generate_trajectory__type_support.cpp.o[0m
[ 66%] [32mBuilding CXX object CMakeFiles/dwb_msgs__rosidl_typesupport_fastrtps_cpp.dir/rosidl_typesupport_fastrtps_cpp/dwb_msgs/srv/detail/dds_fastrtps/debug_local_plan__type_support.cpp.o[0m
[ 67%] [32mBuilding CXX object CMakeFiles/dwb_msgs__rosidl_typesupport_fastrtps_cpp.dir/rosidl_typesupport_fastrtps_cpp/dwb_msgs/msg/detail/dds_fastrtps/trajectory_score__type_support.cpp.o[0m
[ 68%] [32mBuilding CXX object CMakeFiles/dwb_msgs__rosidl_typesupport_fastrtps_cpp.dir/rosidl_typesupport_fastrtps_cpp/dwb_msgs/msg/detail/dds_fastrtps/trajectory2_d__type_support.cpp.o[0m
[ 69%] [32mBuilding CXX object CMakeFiles/dwb_msgs__rosidl_typesupport_fastrtps_cpp.dir/rosidl_typesupport_fastrtps_cpp/dwb_msgs/msg/detail/dds_fastrtps/local_plan_evaluation__type_support.cpp.o[0m
[ 70%] [32m[1mLinking CXX shared library libdwb_msgs__rosidl_typesupport_fastrtps_cpp.so[0m
[ 70%] Built target dwb_msgs__rosidl_typesupport_fastrtps_cpp
[ 71%] [34m[1mGenerating C type support for eProsima Fast-RTPS[0m
[35m[1mScanning dependencies of target dwb_msgs__rosidl_typesupport_fastrtps_c[0m
[ 72%] [32mBuilding CXX object CMakeFiles/dwb_msgs__rosidl_typesupport_fastrtps_c.dir/rosidl_typesupport_fastrtps_c/dwb_msgs/msg/detail/critic_score__type_support_c.cpp.o[0m
[ 73%] [32mBuilding CXX object CMakeFiles/dwb_msgs__rosidl_typesupport_fastrtps_c.dir/rosidl_typesupport_fastrtps_c/dwb_msgs/srv/detail/get_critic_score__type_support_c.cpp.o[0m
[ 74%] [32mBuilding CXX object CMakeFiles/dwb_msgs__rosidl_typesupport_fastrtps_c.dir/rosidl_typesupport_fastrtps_c/dwb_msgs/srv/detail/score_trajectory__type_support_c.cpp.o[0m
[ 75%] [32mBuilding CXX object CMakeFiles/dwb_msgs__rosidl_typesupport_fastrtps_c.dir/rosidl_typesupport_fastrtps_c/dwb_msgs/srv/detail/generate_twists__type_support_c.cpp.o[0m
[ 76%] [32mBuilding CXX object CMakeFiles/dwb_msgs__rosidl_typesupport_fastrtps_c.dir/rosidl_typesupport_fastrtps_c/dwb_msgs/srv/detail/generate_trajectory__type_support_c.cpp.o[0m
[ 77%] [32mBuilding CXX object CMakeFiles/dwb_msgs__rosidl_typesupport_fastrtps_c.dir/rosidl_typesupport_fastrtps_c/dwb_msgs/srv/detail/debug_local_plan__type_support_c.cpp.o[0m
[ 78%] [32mBuilding CXX object CMakeFiles/dwb_msgs__rosidl_typesupport_fastrtps_c.dir/rosidl_typesupport_fastrtps_c/dwb_msgs/msg/detail/trajectory_score__type_support_c.cpp.o[0m
[ 80%] [32mBuilding CXX object CMakeFiles/dwb_msgs__rosidl_typesupport_fastrtps_c.dir/rosidl_typesupport_fastrtps_c/dwb_msgs/msg/detail/trajectory2_d__type_support_c.cpp.o[0m
[ 81%] [32mBuilding CXX object CMakeFiles/dwb_msgs__rosidl_typesupport_fastrtps_c.dir/rosidl_typesupport_fastrtps_c/dwb_msgs/msg/detail/local_plan_evaluation__type_support_c.cpp.o[0m
[ 82%] [32m[1mLinking CXX shared library libdwb_msgs__rosidl_typesupport_fastrtps_c.so[0m
[ 82%] Built target dwb_msgs__rosidl_typesupport_fastrtps_c
[35m[1mScanning dependencies of target dwb_msgs[0m
[ 82%] Built target dwb_msgs
[35m[1mScanning dependencies of target dwb_msgs__py[0m
[ 83%] [34m[1mGenerating Python code for ROS interfaces[0m
[ 83%] Built target dwb_msgs__py
[35m[1mScanning dependencies of target dwb_msgs__python[0m
[ 84%] [32mBuilding C object CMakeFiles/dwb_msgs__python.dir/rosidl_generator_py/dwb_msgs/msg/_critic_score_s.c.o[0m
[ 85%] [32mBuilding C object CMakeFiles/dwb_msgs__python.dir/rosidl_generator_py/dwb_msgs/srv/_get_critic_score_s.c.o[0m
[ 86%] [32mBuilding C object CMakeFiles/dwb_msgs__python.dir/rosidl_generator_py/dwb_msgs/srv/_score_trajectory_s.c.o[0m
[ 87%] [32mBuilding C object CMakeFiles/dwb_msgs__python.dir/rosidl_generator_py/dwb_msgs/srv/_generate_twists_s.c.o[0m
[ 88%] [32mBuilding C object CMakeFiles/dwb_msgs__python.dir/rosidl_generator_py/dwb_msgs/srv/_generate_trajectory_s.c.o[0m
[ 89%] [32mBuilding C object CMakeFiles/dwb_msgs__python.dir/rosidl_generator_py/dwb_msgs/srv/_debug_local_plan_s.c.o[0m
[ 90%] [32mBuilding C object CMakeFiles/dwb_msgs__python.dir/rosidl_generator_py/dwb_msgs/msg/_trajectory_score_s.c.o[0m
[ 91%] [32mBuilding C object CMakeFiles/dwb_msgs__python.dir/rosidl_generator_py/dwb_msgs/msg/_trajectory2_d_s.c.o[0m
[ 92%] [32mBuilding C object CMakeFiles/dwb_msgs__python.dir/rosidl_generator_py/dwb_msgs/msg/_local_plan_evaluation_s.c.o[0m
[ 93%] [32m[1mLinking C shared library rosidl_generator_py/dwb_msgs/libdwb_msgs__python.so[0m
[ 93%] Built target dwb_msgs__python
[35m[1mScanning dependencies of target dwb_msgs__rosidl_typesupport_introspection_c__pyext[0m
[ 94%] [32mBuilding C object CMakeFiles/dwb_msgs__rosidl_typesupport_introspection_c__pyext.dir/rosidl_generator_py/dwb_msgs/_dwb_msgs_s.ep.rosidl_typesupport_introspection_c.c.o[0m
[ 95%] [32m[1mLinking C shared library rosidl_generator_py/dwb_msgs/dwb_msgs_s__rosidl_typesupport_introspection_c.cpython-36m-aarch64-linux-gnu.so[0m
[ 95%] Built target dwb_msgs__rosidl_typesupport_introspection_c__pyext
[35m[1mScanning dependencies of target dwb_msgs__rosidl_typesupport_c__pyext[0m
[ 96%] [32mBuilding C object CMakeFiles/dwb_msgs__rosidl_typesupport_c__pyext.dir/rosidl_generator_py/dwb_msgs/_dwb_msgs_s.ep.rosidl_typesupport_c.c.o[0m
[ 97%] [32m[1mLinking C shared library rosidl_generator_py/dwb_msgs/dwb_msgs_s__rosidl_typesupport_c.cpython-36m-aarch64-linux-gnu.so[0m
[ 97%] Built target dwb_msgs__rosidl_typesupport_c__pyext
[35m[1mScanning dependencies of target dwb_msgs__rosidl_typesupport_fastrtps_c__pyext[0m
[ 98%] [32mBuilding C object CMakeFiles/dwb_msgs__rosidl_typesupport_fastrtps_c__pyext.dir/rosidl_generator_py/dwb_msgs/_dwb_msgs_s.ep.rosidl_typesupport_fastrtps_c.c.o[0m
[100%] [32m[1mLinking CXX shared library rosidl_generator_py/dwb_msgs/dwb_msgs_s__rosidl_typesupport_fastrtps_c.cpython-36m-aarch64-linux-gnu.so[0m
[100%] Built target dwb_msgs__rosidl_typesupport_fastrtps_c__pyext
-- Install configuration: ""
-- Installing: /home/nvidia/workspace/alan/src/AMR_ros2_slam_nav2/install/dwb_msgs/share/ament_index/resource_index/rosidl_interfaces/dwb_msgs
-- Installing: /home/nvidia/workspace/alan/src/AMR_ros2_slam_nav2/install/dwb_msgs/include/dwb_msgs
-- Installing: /home/nvidia/workspace/alan/src/AMR_ros2_slam_nav2/install/dwb_msgs/include/dwb_msgs/srv
-- Installing: /home/nvidia/workspace/alan/src/AMR_ros2_slam_nav2/install/dwb_msgs/include/dwb_msgs/srv/get_critic_score.h
-- Installing: /home/nvidia/workspace/alan/src/AMR_ros2_slam_nav2/install/dwb_msgs/include/dwb_msgs/srv/debug_local_plan.h
-- Installing: /home/nvidia/workspace/alan/src/AMR_ros2_slam_nav2/install/dwb_msgs/include/dwb_msgs/srv/generate_trajectory.h
-- Installing: /home/nvidia/workspace/alan/src/AMR_ros2_slam_nav2/install/dwb_msgs/include/dwb_msgs/srv/detail
-- Installing: /home/nvidia/workspace/alan/src/AMR_ros2_slam_nav2/install/dwb_msgs/include/dwb_msgs/srv/detail/get_critic_score__functions.h
-- Installing: /home/nvidia/workspace/alan/src/AMR_ros2_slam_nav2/install/dwb_msgs/include/dwb_msgs/srv/detail/generate_trajectory__functions.c
-- Installing: /home/nvidia/workspace/alan/src/AMR_ros2_slam_nav2/install/dwb_msgs/include/dwb_msgs/srv/detail/get_critic_score__type_support.h
-- Installing: /home/nvidia/workspace/alan/src/AMR_ros2_slam_nav2/install/dwb_msgs/include/dwb_msgs/srv/detail/generate_trajectory__functions.h
-- Installing: /home/nvidia/workspace/alan/src/AMR_ros2_slam_nav2/install/dwb_msgs/include/dwb_msgs/srv/detail/debug_local_plan__functions.c
-- Installing: /home/nvidia/workspace/alan/src/AMR_ros2_slam_nav2/install/dwb_msgs/include/dwb_msgs/srv/detail/score_trajectory__struct.h
-- Installing: /home/nvidia/workspace/alan/src/AMR_ros2_slam_nav2/install/dwb_msgs/include/dwb_msgs/srv/detail/score_trajectory__functions.c
-- Installing: /home/nvidia/workspace/alan/src/AMR_ros2_slam_nav2/install/dwb_msgs/include/dwb_msgs/srv/detail/generate_twists__functions.c
-- Installing: /home/nvidia/workspace/alan/src/AMR_ros2_slam_nav2/install/dwb_msgs/include/dwb_msgs/srv/detail/debug_local_plan__type_support.h
-- Installing: /home/nvidia/workspace/alan/src/AMR_ros2_slam_nav2/install/dwb_msgs/include/dwb_msgs/srv/detail/generate_twists__type_support.h
-- Installing: /home/nvidia/workspace/alan/src/AMR_ros2_slam_nav2/install/dwb_msgs/include/dwb_msgs/srv/detail/generate_trajectory__type_support.h
-- Installing: /home/nvidia/workspace/alan/src/AMR_ros2_slam_nav2/install/dwb_msgs/include/dwb_msgs/srv/detail/get_critic_score__struct.h
-- Installing: /home/nvidia/workspace/alan/src/AMR_ros2_slam_nav2/install/dwb_msgs/include/dwb_msgs/srv/detail/get_critic_score__functions.c
-- Installing: /home/nvidia/workspace/alan/src/AMR_ros2_slam_nav2/install/dwb_msgs/include/dwb_msgs/srv/detail/generate_trajectory__struct.h
-- Installing: /home/nvidia/workspace/alan/src/AMR_ros2_slam_nav2/install/dwb_msgs/include/dwb_msgs/srv/detail/debug_local_plan__struct.h
-- Installing: /home/nvidia/workspace/alan/src/AMR_ros2_slam_nav2/install/dwb_msgs/include/dwb_msgs/srv/detail/score_trajectory__type_support.h
-- Installing: /home/nvidia/workspace/alan/src/AMR_ros2_slam_nav2/install/dwb_msgs/include/dwb_msgs/srv/detail/generate_twists__functions.h
-- Installing: /home/nvidia/workspace/alan/src/AMR_ros2_slam_nav2/install/dwb_msgs/include/dwb_msgs/srv/detail/generate_twists__struct.h
-- Installing: /home/nvidia/workspace/alan/src/AMR_ros2_slam_nav2/install/dwb_msgs/include/dwb_msgs/srv/detail/score_trajectory__functions.h
-- Installing: /home/nvidia/workspace/alan/src/AMR_ros2_slam_nav2/install/dwb_msgs/include/dwb_msgs/srv/detail/debug_local_plan__functions.h
-- Installing: /home/nvidia/workspace/alan/src/AMR_ros2_slam_nav2/install/dwb_msgs/include/dwb_msgs/srv/generate_twists.h
-- Installing: /home/nvidia/workspace/alan/src/AMR_ros2_slam_nav2/install/dwb_msgs/include/dwb_msgs/srv/score_trajectory.h
-- Installing: /home/nvidia/workspace/alan/src/AMR_ros2_slam_nav2/install/dwb_msgs/include/dwb_msgs/msg
-- Installing: /home/nvidia/workspace/alan/src/AMR_ros2_slam_nav2/install/dwb_msgs/include/dwb_msgs/msg/trajectory_score.h
-- Installing: /home/nvidia/workspace/alan/src/AMR_ros2_slam_nav2/install/dwb_msgs/include/dwb_msgs/msg/detail
-- Installing: /home/nvidia/workspace/alan/src/AMR_ros2_slam_nav2/install/dwb_msgs/include/dwb_msgs/msg/detail/local_plan_evaluation__type_support.h
-- Installing: /home/nvidia/workspace/alan/src/AMR_ros2_slam_nav2/install/dwb_msgs/include/dwb_msgs/msg/detail/trajectory2_d__struct.h
-- Installing: /home/nvidia/workspace/alan/src/AMR_ros2_slam_nav2/install/dwb_msgs/include/dwb_msgs/msg/detail/trajectory_score__functions.c
-- Installing: /home/nvidia/workspace/alan/src/AMR_ros2_slam_nav2/install/dwb_msgs/include/dwb_msgs/msg/detail/critic_score__struct.h
-- Installing: /home/nvidia/workspace/alan/src/AMR_ros2_slam_nav2/install/dwb_msgs/include/dwb_msgs/msg/detail/trajectory2_d__functions.c
-- Installing: /home/nvidia/workspace/alan/src/AMR_ros2_slam_nav2/install/dwb_msgs/include/dwb_msgs/msg/detail/trajectory2_d__functions.h
-- Installing: /home/nvidia/workspace/alan/src/AMR_ros2_slam_nav2/install/dwb_msgs/include/dwb_msgs/msg/detail/trajectory2_d__type_support.h
-- Installing: /home/nvidia/workspace/alan/src/AMR_ros2_slam_nav2/install/dwb_msgs/include/dwb_msgs/msg/detail/critic_score__type_support.h
-- Installing: /home/nvidia/workspace/alan/src/AMR_ros2_slam_nav2/install/dwb_msgs/include/dwb_msgs/msg/detail/trajectory_score__struct.h
-- Installing: /home/nvidia/workspace/alan/src/AMR_ros2_slam_nav2/install/dwb_msgs/include/dwb_msgs/msg/detail/local_plan_evaluation__functions.h
-- Installing: /home/nvidia/workspace/alan/src/AMR_ros2_slam_nav2/install/dwb_msgs/include/dwb_msgs/msg/detail/trajectory_score__functions.h
-- Installing: /home/nvidia/workspace/alan/src/AMR_ros2_slam_nav2/install/dwb_msgs/include/dwb_msgs/msg/detail/critic_score__functions.h
-- Installing: /home/nvidia/workspace/alan/src/AMR_ros2_slam_nav2/install/dwb_msgs/include/dwb_msgs/msg/detail/local_plan_evaluation__functions.c
-- Installing: /home/nvidia/workspace/alan/src/AMR_ros2_slam_nav2/install/dwb_msgs/include/dwb_msgs/msg/detail/critic_score__functions.c
-- Installing: /home/nvidia/workspace/alan/src/AMR_ros2_slam_nav2/install/dwb_msgs/include/dwb_msgs/msg/detail/trajectory_score__type_support.h
-- Installing: /home/nvidia/workspace/alan/src/AMR_ros2_slam_nav2/install/dwb_msgs/include/dwb_msgs/msg/detail/local_plan_evaluation__struct.h
-- Installing: /home/nvidia/workspace/alan/src/AMR_ros2_slam_nav2/install/dwb_msgs/include/dwb_msgs/msg/critic_score.h
-- Installing: /home/nvidia/workspace/alan/src/AMR_ros2_slam_nav2/install/dwb_msgs/include/dwb_msgs/msg/trajectory2_d.h
-- Installing: /home/nvidia/workspace/alan/src/AMR_ros2_slam_nav2/install/dwb_msgs/include/dwb_msgs/msg/rosidl_generator_c__visibility_control.h
-- Installing: /home/nvidia/workspace/alan/src/AMR_ros2_slam_nav2/install/dwb_msgs/include/dwb_msgs/msg/local_plan_evaluation.h
-- Installing: /home/nvidia/workspace/alan/src/AMR_ros2_slam_nav2/install/dwb_msgs/share/dwb_msgs/environment/library_path.sh
-- Installing: /home/nvidia/workspace/alan/src/AMR_ros2_slam_nav2/install/dwb_msgs/share/dwb_msgs/environment/library_path.dsv
-- Installing: /home/nvidia/workspace/alan/src/AMR_ros2_slam_nav2/install/dwb_msgs/lib/libdwb_msgs__rosidl_generator_c.so
-- Set runtime path of "/home/nvidia/workspace/alan/src/AMR_ros2_slam_nav2/install/dwb_msgs/lib/libdwb_msgs__rosidl_generator_c.so" to ""
-- Up-to-date: /home/nvidia/workspace/alan/src/AMR_ros2_slam_nav2/install/dwb_msgs/include/dwb_msgs
-- Up-to-date: /home/nvidia/workspace/alan/src/AMR_ros2_slam_nav2/install/dwb_msgs/include/dwb_msgs/srv
-- Up-to-date: /home/nvidia/workspace/alan/src/AMR_ros2_slam_nav2/install/dwb_msgs/include/dwb_msgs/srv/detail
-- Installing: /home/nvidia/workspace/alan/src/AMR_ros2_slam_nav2/install/dwb_msgs/include/dwb_msgs/srv/detail/generate_twists__rosidl_typesupport_fastrtps_c.h
-- Installing: /home/nvidia/workspace/alan/src/AMR_ros2_slam_nav2/install/dwb_msgs/include/dwb_msgs/srv/detail/debug_local_plan__rosidl_typesupport_fastrtps_c.h
-- Installing: /home/nvidia/workspace/alan/src/AMR_ros2_slam_nav2/install/dwb_msgs/include/dwb_msgs/srv/detail/generate_trajectory__rosidl_typesupport_fastrtps_c.h
-- Installing: /home/nvidia/workspace/alan/src/AMR_ros2_slam_nav2/install/dwb_msgs/include/dwb_msgs/srv/detail/get_critic_score__rosidl_typesupport_fastrtps_c.h
-- Installing: /home/nvidia/workspace/alan/src/AMR_ros2_slam_nav2/install/dwb_msgs/include/dwb_msgs/srv/detail/score_trajectory__rosidl_typesupport_fastrtps_c.h
-- Up-to-date: /home/nvidia/workspace/alan/src/AMR_ros2_slam_nav2/install/dwb_msgs/include/dwb_msgs/msg
-- Up-to-date: /home/nvidia/workspace/alan/src/AMR_ros2_slam_nav2/install/dwb_msgs/include/dwb_msgs/msg/detail
-- Installing: /home/nvidia/workspace/alan/src/AMR_ros2_slam_nav2/install/dwb_msgs/include/dwb_msgs/msg/detail/trajectory2_d__rosidl_typesupport_fastrtps_c.h
-- Installing: /home/nvidia/workspace/alan/src/AMR_ros2_slam_nav2/install/dwb_msgs/include/dwb_msgs/msg/detail/critic_score__rosidl_typesupport_fastrtps_c.h
-- Installing: /home/nvidia/workspace/alan/src/AMR_ros2_slam_nav2/install/dwb_msgs/include/dwb_msgs/msg/detail/local_plan_evaluation__rosidl_typesupport_fastrtps_c.h
-- Installing: /home/nvidia/workspace/alan/src/AMR_ros2_slam_nav2/install/dwb_msgs/include/dwb_msgs/msg/detail/trajectory_score__rosidl_typesupport_fastrtps_c.h
-- Installing: /home/nvidia/workspace/alan/src/AMR_ros2_slam_nav2/install/dwb_msgs/include/dwb_msgs/msg/rosidl_typesupport_fastrtps_c__visibility_control.h
-- Installing: /home/nvidia/workspace/alan/src/AMR_ros2_slam_nav2/install/dwb_msgs/lib/libdwb_msgs__rosidl_typesupport_fastrtps_c.so
-- Set runtime path of "/home/nvidia/workspace/alan/src/AMR_ros2_slam_nav2/install/dwb_msgs/lib/libdwb_msgs__rosidl_typesupport_fastrtps_c.so" to ""
-- Up-to-date: /home/nvidia/workspace/alan/src/AMR_ros2_slam_nav2/install/dwb_msgs/include/dwb_msgs
-- Up-to-date: /home/nvidia/workspace/alan/src/AMR_ros2_slam_nav2/install/dwb_msgs/include/dwb_msgs/srv
-- Up-to-date: /home/nvidia/workspace/alan/src/AMR_ros2_slam_nav2/install/dwb_msgs/include/dwb_msgs/srv/detail
-- Installing: /home/nvidia/workspace/alan/src/AMR_ros2_slam_nav2/install/dwb_msgs/include/dwb_msgs/srv/detail/debug_local_plan__rosidl_typesupport_fastrtps_cpp.hpp
-- Installing: /home/nvidia/workspace/alan/src/AMR_ros2_slam_nav2/install/dwb_msgs/include/dwb_msgs/srv/detail/get_critic_score__rosidl_typesupport_fastrtps_cpp.hpp
-- Installing: /home/nvidia/workspace/alan/src/AMR_ros2_slam_nav2/install/dwb_msgs/include/dwb_msgs/srv/detail/dds_fastrtps
-- Installing: /home/nvidia/workspace/alan/src/AMR_ros2_slam_nav2/install/dwb_msgs/include/dwb_msgs/srv/detail/generate_twists__rosidl_typesupport_fastrtps_cpp.hpp
-- Installing: /home/nvidia/workspace/alan/src/AMR_ros2_slam_nav2/install/dwb_msgs/include/dwb_msgs/srv/detail/generate_trajectory__rosidl_typesupport_fastrtps_cpp.hpp
-- Installing: /home/nvidia/workspace/alan/src/AMR_ros2_slam_nav2/install/dwb_msgs/include/dwb_msgs/srv/detail/score_trajectory__rosidl_typesupport_fastrtps_cpp.hpp
-- Up-to-date: /home/nvidia/workspace/alan/src/AMR_ros2_slam_nav2/install/dwb_msgs/include/dwb_msgs/msg
-- Up-to-date: /home/nvidia/workspace/alan/src/AMR_ros2_slam_nav2/install/dwb_msgs/include/dwb_msgs/msg/detail
-- Installing: /home/nvidia/workspace/alan/src/AMR_ros2_slam_nav2/install/dwb_msgs/include/dwb_msgs/msg/detail/critic_score__rosidl_typesupport_fastrtps_cpp.hpp
-- Installing: /home/nvidia/workspace/alan/src/AMR_ros2_slam_nav2/install/dwb_msgs/include/dwb_msgs/msg/detail/trajectory_score__rosidl_typesupport_fastrtps_cpp.hpp
-- Installing: /home/nvidia/workspace/alan/src/AMR_ros2_slam_nav2/install/dwb_msgs/include/dwb_msgs/msg/detail/dds_fastrtps
-- Installing: /home/nvidia/workspace/alan/src/AMR_ros2_slam_nav2/install/dwb_msgs/include/dwb_msgs/msg/detail/trajectory2_d__rosidl_typesupport_fastrtps_cpp.hpp
-- Installing: /home/nvidia/workspace/alan/src/AMR_ros2_slam_nav2/install/dwb_msgs/include/dwb_msgs/msg/detail/local_plan_evaluation__rosidl_typesupport_fastrtps_cpp.hpp
-- Installing: /home/nvidia/workspace/alan/src/AMR_ros2_slam_nav2/install/dwb_msgs/include/dwb_msgs/msg/rosidl_typesupport_fastrtps_cpp__visibility_control.h
-- Installing: /home/nvidia/workspace/alan/src/AMR_ros2_slam_nav2/install/dwb_msgs/lib/libdwb_msgs__rosidl_typesupport_fastrtps_cpp.so
-- Set runtime path of "/home/nvidia/workspace/alan/src/AMR_ros2_slam_nav2/install/dwb_msgs/lib/libdwb_msgs__rosidl_typesupport_fastrtps_cpp.so" to ""
-- Up-to-date: /home/nvidia/workspace/alan/src/AMR_ros2_slam_nav2/install/dwb_msgs/include/dwb_msgs
-- Up-to-date: /home/nvidia/workspace/alan/src/AMR_ros2_slam_nav2/install/dwb_msgs/include/dwb_msgs/srv
-- Up-to-date: /home/nvidia/workspace/alan/src/AMR_ros2_slam_nav2/install/dwb_msgs/include/dwb_msgs/srv/detail
-- Installing: /home/nvidia/workspace/alan/src/AMR_ros2_slam_nav2/install/dwb_msgs/include/dwb_msgs/srv/detail/generate_trajectory__rosidl_typesupport_introspection_c.h
-- Installing: /home/nvidia/workspace/alan/src/AMR_ros2_slam_nav2/install/dwb_msgs/include/dwb_msgs/srv/detail/generate_twists__type_support.c
-- Installing: /home/nvidia/workspace/alan/src/AMR_ros2_slam_nav2/install/dwb_msgs/include/dwb_msgs/srv/detail/generate_trajectory__type_support.c
-- Installing: /home/nvidia/workspace/alan/src/AMR_ros2_slam_nav2/install/dwb_msgs/include/dwb_msgs/srv/detail/score_trajectory__type_support.c
-- Installing: /home/nvidia/workspace/alan/src/AMR_ros2_slam_nav2/install/dwb_msgs/include/dwb_msgs/srv/detail/get_critic_score__rosidl_typesupport_introspection_c.h
-- Installing: /home/nvidia/workspace/alan/src/AMR_ros2_slam_nav2/install/dwb_msgs/include/dwb_msgs/srv/detail/debug_local_plan__type_support.c
-- Installing: /home/nvidia/workspace/alan/src/AMR_ros2_slam_nav2/install/dwb_msgs/include/dwb_msgs/srv/detail/generate_twists__rosidl_typesupport_introspection_c.h
-- Installing: /home/nvidia/workspace/alan/src/AMR_ros2_slam_nav2/install/dwb_msgs/include/dwb_msgs/srv/detail/debug_local_plan__rosidl_typesupport_introspection_c.h
-- Installing: /home/nvidia/workspace/alan/src/AMR_ros2_slam_nav2/install/dwb_msgs/include/dwb_msgs/srv/detail/get_critic_score__type_support.c
-- Installing: /home/nvidia/workspace/alan/src/AMR_ros2_slam_nav2/install/dwb_msgs/include/dwb_msgs/srv/detail/score_trajectory__rosidl_typesupport_introspection_c.h
-- Up-to-date: /home/nvidia/workspace/alan/src/AMR_ros2_slam_nav2/install/dwb_msgs/include/dwb_msgs/msg
-- Up-to-date: /home/nvidia/workspace/alan/src/AMR_ros2_slam_nav2/install/dwb_msgs/include/dwb_msgs/msg/detail
-- Installing: /home/nvidia/workspace/alan/src/AMR_ros2_slam_nav2/install/dwb_msgs/include/dwb_msgs/msg/detail/local_plan_evaluation__type_support.c
-- Installing: /home/nvidia/workspace/alan/src/AMR_ros2_slam_nav2/install/dwb_msgs/include/dwb_msgs/msg/detail/trajectory_score__type_support.c
-- Installing: /home/nvidia/workspace/alan/src/AMR_ros2_slam_nav2/install/dwb_msgs/include/dwb_msgs/msg/detail/local_plan_evaluation__rosidl_typesupport_introspection_c.h
-- Installing: /home/nvidia/workspace/alan/src/AMR_ros2_slam_nav2/install/dwb_msgs/include/dwb_msgs/msg/detail/critic_score__rosidl_typesupport_introspection_c.h
-- Installing: /home/nvidia/workspace/alan/src/AMR_ros2_slam_nav2/install/dwb_msgs/include/dwb_msgs/msg/detail/trajectory2_d__rosidl_typesupport_introspection_c.h
-- Installing: /home/nvidia/workspace/alan/src/AMR_ros2_slam_nav2/install/dwb_msgs/include/dwb_msgs/msg/detail/trajectory2_d__type_support.c
-- Installing: /home/nvidia/workspace/alan/src/AMR_ros2_slam_nav2/install/dwb_msgs/include/dwb_msgs/msg/detail/trajectory_score__rosidl_typesupport_introspection_c.h
-- Installing: /home/nvidia/workspace/alan/src/AMR_ros2_slam_nav2/install/dwb_msgs/include/dwb_msgs/msg/detail/critic_score__type_support.c
-- Installing: /home/nvidia/workspace/alan/src/AMR_ros2_slam_nav2/install/dwb_msgs/include/dwb_msgs/msg/rosidl_typesupport_introspection_c__visibility_control.h
-- Installing: /home/nvidia/workspace/alan/src/AMR_ros2_slam_nav2/install/dwb_msgs/lib/libdwb_msgs__rosidl_typesupport_introspection_c.so
-- Set runtime path of "/home/nvidia/workspace/alan/src/AMR_ros2_slam_nav2/install/dwb_msgs/lib/libdwb_msgs__rosidl_typesupport_introspection_c.so" to ""
-- Installing: /home/nvidia/workspace/alan/src/AMR_ros2_slam_nav2/install/dwb_msgs/lib/libdwb_msgs__rosidl_typesupport_c.so
-- Set runtime path of "/home/nvidia/workspace/alan/src/AMR_ros2_slam_nav2/install/dwb_msgs/lib/libdwb_msgs__rosidl_typesupport_c.so" to ""
-- Up-to-date: /home/nvidia/workspace/alan/src/AMR_ros2_slam_nav2/install/dwb_msgs/include/dwb_msgs
-- Up-to-date: /home/nvidia/workspace/alan/src/AMR_ros2_slam_nav2/install/dwb_msgs/include/dwb_msgs/srv
-- Installing: /home/nvidia/workspace/alan/src/AMR_ros2_slam_nav2/install/dwb_msgs/include/dwb_msgs/srv/get_critic_score.hpp
-- Installing: /home/nvidia/workspace/alan/src/AMR_ros2_slam_nav2/install/dwb_msgs/include/dwb_msgs/srv/generate_twists.hpp
-- Installing: /home/nvidia/workspace/alan/src/AMR_ros2_slam_nav2/install/dwb_msgs/include/dwb_msgs/srv/generate_trajectory.hpp
-- Installing: /home/nvidia/workspace/alan/src/AMR_ros2_slam_nav2/install/dwb_msgs/include/dwb_msgs/srv/debug_local_plan.hpp
-- Up-to-date: /home/nvidia/workspace/alan/src/AMR_ros2_slam_nav2/install/dwb_msgs/include/dwb_msgs/srv/detail
-- Installing: /home/nvidia/workspace/alan/src/AMR_ros2_slam_nav2/install/dwb_msgs/include/dwb_msgs/srv/detail/score_trajectory__builder.hpp
-- Installing: /home/nvidia/workspace/alan/src/AMR_ros2_slam_nav2/install/dwb_msgs/include/dwb_msgs/srv/detail/score_trajectory__traits.hpp
-- Installing: /home/nvidia/workspace/alan/src/AMR_ros2_slam_nav2/install/dwb_msgs/include/dwb_msgs/srv/detail/generate_twists__traits.hpp
-- Installing: /home/nvidia/workspace/alan/src/AMR_ros2_slam_nav2/install/dwb_msgs/include/dwb_msgs/srv/detail/debug_local_plan__builder.hpp
-- Installing: /home/nvidia/workspace/alan/src/AMR_ros2_slam_nav2/install/dwb_msgs/include/dwb_msgs/srv/detail/generate_trajectory__struct.hpp
-- Installing: /home/nvidia/workspace/alan/src/AMR_ros2_slam_nav2/install/dwb_msgs/include/dwb_msgs/srv/detail/generate_twists__builder.hpp
-- Installing: /home/nvidia/workspace/alan/src/AMR_ros2_slam_nav2/install/dwb_msgs/include/dwb_msgs/srv/detail/get_critic_score__traits.hpp
-- Installing: /home/nvidia/workspace/alan/src/AMR_ros2_slam_nav2/install/dwb_msgs/include/dwb_msgs/srv/detail/generate_trajectory__builder.hpp
-- Installing: /home/nvidia/workspace/alan/src/AMR_ros2_slam_nav2/install/dwb_msgs/include/dwb_msgs/srv/detail/debug_local_plan__traits.hpp
-- Installing: /home/nvidia/workspace/alan/src/AMR_ros2_slam_nav2/install/dwb_msgs/include/dwb_msgs/srv/detail/generate_trajectory__traits.hpp
-- Installing: /home/nvidia/workspace/alan/src/AMR_ros2_slam_nav2/install/dwb_msgs/include/dwb_msgs/srv/detail/score_trajectory__struct.hpp
-- Installing: /home/nvidia/workspace/alan/src/AMR_ros2_slam_nav2/install/dwb_msgs/include/dwb_msgs/srv/detail/generate_twists__struct.hpp
-- Installing: /home/nvidia/workspace/alan/src/AMR_ros2_slam_nav2/install/dwb_msgs/include/dwb_msgs/srv/detail/debug_local_plan__struct.hpp
-- Installing: /home/nvidia/workspace/alan/src/AMR_ros2_slam_nav2/install/dwb_msgs/include/dwb_msgs/srv/detail/get_critic_score__struct.hpp
-- Installing: /home/nvidia/workspace/alan/src/AMR_ros2_slam_nav2/install/dwb_msgs/include/dwb_msgs/srv/detail/get_critic_score__builder.hpp
-- Installing: /home/nvidia/workspace/alan/src/AMR_ros2_slam_nav2/install/dwb_msgs/include/dwb_msgs/srv/score_trajectory.hpp
-- Up-to-date: /home/nvidia/workspace/alan/src/AMR_ros2_slam_nav2/install/dwb_msgs/include/dwb_msgs/msg
-- Up-to-date: /home/nvidia/workspace/alan/src/AMR_ros2_slam_nav2/install/dwb_msgs/include/dwb_msgs/msg/detail
-- Installing: /home/nvidia/workspace/alan/src/AMR_ros2_slam_nav2/install/dwb_msgs/include/dwb_msgs/msg/detail/local_plan_evaluation__struct.hpp
-- Installing: /home/nvidia/workspace/alan/src/AMR_ros2_slam_nav2/install/dwb_msgs/include/dwb_msgs/msg/detail/trajectory2_d__traits.hpp
-- Installing: /home/nvidia/workspace/alan/src/AMR_ros2_slam_nav2/install/dwb_msgs/include/dwb_msgs/msg/detail/trajectory2_d__struct.hpp
-- Installing: /home/nvidia/workspace/alan/src/AMR_ros2_slam_nav2/install/dwb_msgs/include/dwb_msgs/msg/detail/critic_score__traits.hpp
-- Installing: /home/nvidia/workspace/alan/src/AMR_ros2_slam_nav2/install/dwb_msgs/include/dwb_msgs/msg/detail/local_plan_evaluation__builder.hpp
-- Installing: /home/nvidia/workspace/alan/src/AMR_ros2_slam_nav2/install/dwb_msgs/include/dwb_msgs/msg/detail/critic_score__builder.hpp
-- Installing: /home/nvidia/workspace/alan/src/AMR_ros2_slam_nav2/install/dwb_msgs/include/dwb_msgs/msg/detail/trajectory_score__traits.hpp
-- Installing: /home/nvidia/workspace/alan/src/AMR_ros2_slam_nav2/install/dwb_msgs/include/dwb_msgs/msg/detail/local_plan_evaluation__traits.hpp
-- Installing: /home/nvidia/workspace/alan/src/AMR_ros2_slam_nav2/install/dwb_msgs/include/dwb_msgs/msg/detail/trajectory_score__builder.hpp
-- Installing: /home/nvidia/workspace/alan/src/AMR_ros2_slam_nav2/install/dwb_msgs/include/dwb_msgs/msg/detail/critic_score__struct.hpp
-- Installing: /home/nvidia/workspace/alan/src/AMR_ros2_slam_nav2/install/dwb_msgs/include/dwb_msgs/msg/detail/trajectory2_d__builder.hpp
-- Installing: /home/nvidia/workspace/alan/src/AMR_ros2_slam_nav2/install/dwb_msgs/include/dwb_msgs/msg/detail/trajectory_score__struct.hpp
-- Installing: /home/nvidia/workspace/alan/src/AMR_ros2_slam_nav2/install/dwb_msgs/include/dwb_msgs/msg/critic_score.hpp
-- Installing: /home/nvidia/workspace/alan/src/AMR_ros2_slam_nav2/install/dwb_msgs/include/dwb_msgs/msg/local_plan_evaluation.hpp
-- Installing: /home/nvidia/workspace/alan/src/AMR_ros2_slam_nav2/install/dwb_msgs/include/dwb_msgs/msg/trajectory_score.hpp
-- Installing: /home/nvidia/workspace/alan/src/AMR_ros2_slam_nav2/install/dwb_msgs/include/dwb_msgs/msg/trajectory2_d.hpp
-- Up-to-date: /home/nvidia/workspace/alan/src/AMR_ros2_slam_nav2/install/dwb_msgs/include/dwb_msgs
-- Up-to-date: /home/nvidia/workspace/alan/src/AMR_ros2_slam_nav2/install/dwb_msgs/include/dwb_msgs/srv
-- Up-to-date: /home/nvidia/workspace/alan/src/AMR_ros2_slam_nav2/install/dwb_msgs/include/dwb_msgs/srv/detail
-- Installing: /home/nvidia/workspace/alan/src/AMR_ros2_slam_nav2/install/dwb_msgs/include/dwb_msgs/srv/detail/score_trajectory__type_support.cpp
-- Installing: /home/nvidia/workspace/alan/src/AMR_ros2_slam_nav2/install/dwb_msgs/include/dwb_msgs/srv/detail/generate_trajectory__type_support.cpp
-- Installing: /home/nvidia/workspace/alan/src/AMR_ros2_slam_nav2/install/dwb_msgs/include/dwb_msgs/srv/detail/generate_twists__rosidl_typesupport_introspection_cpp.hpp
-- Installing: /home/nvidia/workspace/alan/src/AMR_ros2_slam_nav2/install/dwb_msgs/include/dwb_msgs/srv/detail/generate_twists__type_support.cpp
-- Installing: /home/nvidia/workspace/alan/src/AMR_ros2_slam_nav2/install/dwb_msgs/include/dwb_msgs/srv/detail/debug_local_plan__type_support.cpp
-- Installing: /home/nvidia/workspace/alan/src/AMR_ros2_slam_nav2/install/dwb_msgs/include/dwb_msgs/srv/detail/generate_trajectory__rosidl_typesupport_introspection_cpp.hpp
-- Installing: /home/nvidia/workspace/alan/src/AMR_ros2_slam_nav2/install/dwb_msgs/include/dwb_msgs/srv/detail/get_critic_score__type_support.cpp
-- Installing: /home/nvidia/workspace/alan/src/AMR_ros2_slam_nav2/install/dwb_msgs/include/dwb_msgs/srv/detail/score_trajectory__rosidl_typesupport_introspection_cpp.hpp
-- Installing: /home/nvidia/workspace/alan/src/AMR_ros2_slam_nav2/install/dwb_msgs/include/dwb_msgs/srv/detail/debug_local_plan__rosidl_typesupport_introspection_cpp.hpp
-- Installing: /home/nvidia/workspace/alan/src/AMR_ros2_slam_nav2/install/dwb_msgs/include/dwb_msgs/srv/detail/get_critic_score__rosidl_typesupport_introspection_cpp.hpp
-- Up-to-date: /home/nvidia/workspace/alan/src/AMR_ros2_slam_nav2/install/dwb_msgs/include/dwb_msgs/msg
-- Up-to-date: /home/nvidia/workspace/alan/src/AMR_ros2_slam_nav2/install/dwb_msgs/include/dwb_msgs/msg/detail
-- Installing: /home/nvidia/workspace/alan/src/AMR_ros2_slam_nav2/install/dwb_msgs/include/dwb_msgs/msg/detail/local_plan_evaluation__type_support.cpp
-- Installing: /home/nvidia/workspace/alan/src/AMR_ros2_slam_nav2/install/dwb_msgs/include/dwb_msgs/msg/detail/local_plan_evaluation__rosidl_typesupport_introspection_cpp.hpp
-- Installing: /home/nvidia/workspace/alan/src/AMR_ros2_slam_nav2/install/dwb_msgs/include/dwb_msgs/msg/detail/trajectory_score__type_support.cpp
-- Installing: /home/nvidia/workspace/alan/src/AMR_ros2_slam_nav2/install/dwb_msgs/include/dwb_msgs/msg/detail/trajectory_score__rosidl_typesupport_introspection_cpp.hpp
-- Installing: /home/nvidia/workspace/alan/src/AMR_ros2_slam_nav2/install/dwb_msgs/include/dwb_msgs/msg/detail/critic_score__rosidl_typesupport_introspection_cpp.hpp
-- Installing: /home/nvidia/workspace/alan/src/AMR_ros2_slam_nav2/install/dwb_msgs/include/dwb_msgs/msg/detail/critic_score__type_support.cpp
-- Installing: /home/nvidia/workspace/alan/src/AMR_ros2_slam_nav2/install/dwb_msgs/include/dwb_msgs/msg/detail/trajectory2_d__type_support.cpp
-- Installing: /home/nvidia/workspace/alan/src/AMR_ros2_slam_nav2/install/dwb_msgs/include/dwb_msgs/msg/detail/trajectory2_d__rosidl_typesupport_introspection_cpp.hpp
-- Installing: /home/nvidia/workspace/alan/src/AMR_ros2_slam_nav2/install/dwb_msgs/lib/libdwb_msgs__rosidl_typesupport_introspection_cpp.so
-- Set runtime path of "/home/nvidia/workspace/alan/src/AMR_ros2_slam_nav2/install/dwb_msgs/lib/libdwb_msgs__rosidl_typesupport_introspection_cpp.so" to ""
-- Installing: /home/nvidia/workspace/alan/src/AMR_ros2_slam_nav2/install/dwb_msgs/lib/libdwb_msgs__rosidl_typesupport_cpp.so
-- Set runtime path of "/home/nvidia/workspace/alan/src/AMR_ros2_slam_nav2/install/dwb_msgs/lib/libdwb_msgs__rosidl_typesupport_cpp.so" to ""
-- Installing: /home/nvidia/workspace/alan/src/AMR_ros2_slam_nav2/install/dwb_msgs/share/dwb_msgs/environment/pythonpath.sh
-- Installing: /home/nvidia/workspace/alan/src/AMR_ros2_slam_nav2/install/dwb_msgs/share/dwb_msgs/environment/pythonpath.dsv
-- Installing: /home/nvidia/workspace/alan/src/AMR_ros2_slam_nav2/install/dwb_msgs/lib/python3.6/site-packages/dwb_msgs/__init__.py
Compiling '/home/nvidia/workspace/alan/src/AMR_ros2_slam_nav2/install/dwb_msgs/lib/python3.6/site-packages/dwb_msgs/__init__.py'...
-- Installing: /home/nvidia/workspace/alan/src/AMR_ros2_slam_nav2/install/dwb_msgs/lib/python3.6/site-packages/dwb_msgs/msg
-- Installing: /home/nvidia/workspace/alan/src/AMR_ros2_slam_nav2/install/dwb_msgs/lib/python3.6/site-packages/dwb_msgs/msg/__init__.py
-- Installing: /home/nvidia/workspace/alan/src/AMR_ros2_slam_nav2/install/dwb_msgs/lib/python3.6/site-packages/dwb_msgs/msg/_local_plan_evaluation.py
-- Installing: /home/nvidia/workspace/alan/src/AMR_ros2_slam_nav2/install/dwb_msgs/lib/python3.6/site-packages/dwb_msgs/msg/_trajectory_score_s.c
-- Installing: /home/nvidia/workspace/alan/src/AMR_ros2_slam_nav2/install/dwb_msgs/lib/python3.6/site-packages/dwb_msgs/msg/_critic_score.py
-- Installing: /home/nvidia/workspace/alan/src/AMR_ros2_slam_nav2/install/dwb_msgs/lib/python3.6/site-packages/dwb_msgs/msg/_local_plan_evaluation_s.c
-- Installing: /home/nvidia/workspace/alan/src/AMR_ros2_slam_nav2/install/dwb_msgs/lib/python3.6/site-packages/dwb_msgs/msg/_trajectory_score.py
-- Installing: /home/nvidia/workspace/alan/src/AMR_ros2_slam_nav2/install/dwb_msgs/lib/python3.6/site-packages/dwb_msgs/msg/_critic_score_s.c
-- Installing: /home/nvidia/workspace/alan/src/AMR_ros2_slam_nav2/install/dwb_msgs/lib/python3.6/site-packages/dwb_msgs/msg/_trajectory2_d_s.c
-- Installing: /home/nvidia/workspace/alan/src/AMR_ros2_slam_nav2/install/dwb_msgs/lib/python3.6/site-packages/dwb_msgs/msg/_trajectory2_d.py
-- Installing: /home/nvidia/workspace/alan/src/AMR_ros2_slam_nav2/install/dwb_msgs/lib/python3.6/site-packages/dwb_msgs/srv
-- Installing: /home/nvidia/workspace/alan/src/AMR_ros2_slam_nav2/install/dwb_msgs/lib/python3.6/site-packages/dwb_msgs/srv/_generate_twists_s.c
-- Installing: /home/nvidia/workspace/alan/src/AMR_ros2_slam_nav2/install/dwb_msgs/lib/python3.6/site-packages/dwb_msgs/srv/_generate_trajectory.py
-- Installing: /home/nvidia/workspace/alan/src/AMR_ros2_slam_nav2/install/dwb_msgs/lib/python3.6/site-packages/dwb_msgs/srv/__init__.py
-- Installing: /home/nvidia/workspace/alan/src/AMR_ros2_slam_nav2/install/dwb_msgs/lib/python3.6/site-packages/dwb_msgs/srv/_get_critic_score_s.c
-- Installing: /home/nvidia/workspace/alan/src/AMR_ros2_slam_nav2/install/dwb_msgs/lib/python3.6/site-packages/dwb_msgs/srv/_debug_local_plan_s.c
-- Installing: /home/nvidia/workspace/alan/src/AMR_ros2_slam_nav2/install/dwb_msgs/lib/python3.6/site-packages/dwb_msgs/srv/_get_critic_score.py
-- Installing: /home/nvidia/workspace/alan/src/AMR_ros2_slam_nav2/install/dwb_msgs/lib/python3.6/site-packages/dwb_msgs/srv/_generate_twists.py
-- Installing: /home/nvidia/workspace/alan/src/AMR_ros2_slam_nav2/install/dwb_msgs/lib/python3.6/site-packages/dwb_msgs/srv/_generate_trajectory_s.c
-- Installing: /home/nvidia/workspace/alan/src/AMR_ros2_slam_nav2/install/dwb_msgs/lib/python3.6/site-packages/dwb_msgs/srv/_score_trajectory_s.c
-- Installing: /home/nvidia/workspace/alan/src/AMR_ros2_slam_nav2/install/dwb_msgs/lib/python3.6/site-packages/dwb_msgs/srv/_score_trajectory.py
-- Installing: /home/nvidia/workspace/alan/src/AMR_ros2_slam_nav2/install/dwb_msgs/lib/python3.6/site-packages/dwb_msgs/srv/_debug_local_plan.py
-- Installing: /home/nvidia/workspace/alan/src/AMR_ros2_slam_nav2/install/dwb_msgs/lib/python3.6/site-packages/dwb_msgs/dwb_msgs_s__rosidl_typesupport_fastrtps_c.cpython-36m-aarch64-linux-gnu.so
-- Set runtime path of "/home/nvidia/workspace/alan/src/AMR_ros2_slam_nav2/install/dwb_msgs/lib/python3.6/site-packages/dwb_msgs/dwb_msgs_s__rosidl_typesupport_fastrtps_c.cpython-36m-aarch64-linux-gnu.so" to ""
-- Installing: /home/nvidia/workspace/alan/src/AMR_ros2_slam_nav2/install/dwb_msgs/lib/python3.6/site-packages/dwb_msgs/dwb_msgs_s__rosidl_typesupport_introspection_c.cpython-36m-aarch64-linux-gnu.so
-- Set runtime path of "/home/nvidia/workspace/alan/src/AMR_ros2_slam_nav2/install/dwb_msgs/lib/python3.6/site-packages/dwb_msgs/dwb_msgs_s__rosidl_typesupport_introspection_c.cpython-36m-aarch64-linux-gnu.so" to ""
-- Installing: /home/nvidia/workspace/alan/src/AMR_ros2_slam_nav2/install/dwb_msgs/lib/python3.6/site-packages/dwb_msgs/dwb_msgs_s__rosidl_typesupport_c.cpython-36m-aarch64-linux-gnu.so
-- Set runtime path of "/home/nvidia/workspace/alan/src/AMR_ros2_slam_nav2/install/dwb_msgs/lib/python3.6/site-packages/dwb_msgs/dwb_msgs_s__rosidl_typesupport_c.cpython-36m-aarch64-linux-gnu.so" to ""
-- Installing: /home/nvidia/workspace/alan/src/AMR_ros2_slam_nav2/install/dwb_msgs/lib/libdwb_msgs__python.so
-- Set runtime path of "/home/nvidia/workspace/alan/src/AMR_ros2_slam_nav2/install/dwb_msgs/lib/libdwb_msgs__python.so" to ""
-- Installing: /home/nvidia/workspace/alan/src/AMR_ros2_slam_nav2/install/dwb_msgs/share/dwb_msgs/msg/CriticScore.idl
-- Installing: /home/nvidia/workspace/alan/src/AMR_ros2_slam_nav2/install/dwb_msgs/share/dwb_msgs/msg/LocalPlanEvaluation.idl
-- Installing: /home/nvidia/workspace/alan/src/AMR_ros2_slam_nav2/install/dwb_msgs/share/dwb_msgs/msg/Trajectory2D.idl
-- Installing: /home/nvidia/workspace/alan/src/AMR_ros2_slam_nav2/install/dwb_msgs/share/dwb_msgs/msg/TrajectoryScore.idl
-- Installing: /home/nvidia/workspace/alan/src/AMR_ros2_slam_nav2/install/dwb_msgs/share/dwb_msgs/srv/DebugLocalPlan.idl
-- Installing: /home/nvidia/workspace/alan/src/AMR_ros2_slam_nav2/install/dwb_msgs/share/dwb_msgs/srv/GenerateTrajectory.idl
-- Installing: /home/nvidia/workspace/alan/src/AMR_ros2_slam_nav2/install/dwb_msgs/share/dwb_msgs/srv/GenerateTwists.idl
-- Installing: /home/nvidia/workspace/alan/src/AMR_ros2_slam_nav2/install/dwb_msgs/share/dwb_msgs/srv/GetCriticScore.idl
-- Installing: /home/nvidia/workspace/alan/src/AMR_ros2_slam_nav2/install/dwb_msgs/share/dwb_msgs/srv/ScoreTrajectory.idl
-- Installing: /home/nvidia/workspace/alan/src/AMR_ros2_slam_nav2/install/dwb_msgs/share/dwb_msgs/msg/CriticScore.msg
-- Installing: /home/nvidia/workspace/alan/src/AMR_ros2_slam_nav2/install/dwb_msgs/share/dwb_msgs/msg/LocalPlanEvaluation.msg
-- Installing: /home/nvidia/workspace/alan/src/AMR_ros2_slam_nav2/install/dwb_msgs/share/dwb_msgs/msg/Trajectory2D.msg
-- Installing: /home/nvidia/workspace/alan/src/AMR_ros2_slam_nav2/install/dwb_msgs/share/dwb_msgs/msg/TrajectoryScore.msg
-- Installing: /home/nvidia/workspace/alan/src/AMR_ros2_slam_nav2/install/dwb_msgs/share/dwb_msgs/srv/DebugLocalPlan.srv
-- Installing: /home/nvidia/workspace/alan/src/AMR_ros2_slam_nav2/install/dwb_msgs/share/dwb_msgs/srv/DebugLocalPlan_Request.msg
-- Installing: /home/nvidia/workspace/alan/src/AMR_ros2_slam_nav2/install/dwb_msgs/share/dwb_msgs/srv/DebugLocalPlan_Response.msg
-- Installing: /home/nvidia/workspace/alan/src/AMR_ros2_slam_nav2/install/dwb_msgs/share/dwb_msgs/srv/GenerateTrajectory.srv
-- Installing: /home/nvidia/workspace/alan/src/AMR_ros2_slam_nav2/install/dwb_msgs/share/dwb_msgs/srv/GenerateTrajectory_Request.msg
-- Installing: /home/nvidia/workspace/alan/src/AMR_ros2_slam_nav2/install/dwb_msgs/share/dwb_msgs/srv/GenerateTrajectory_Response.msg
-- Installing: /home/nvidia/workspace/alan/src/AMR_ros2_slam_nav2/install/dwb_msgs/share/dwb_msgs/srv/GenerateTwists.srv
-- Installing: /home/nvidia/workspace/alan/src/AMR_ros2_slam_nav2/install/dwb_msgs/share/dwb_msgs/srv/GenerateTwists_Request.msg
-- Installing: /home/nvidia/workspace/alan/src/AMR_ros2_slam_nav2/install/dwb_msgs/share/dwb_msgs/srv/GenerateTwists_Response.msg
-- Installing: /home/nvidia/workspace/alan/src/AMR_ros2_slam_nav2/install/dwb_msgs/share/dwb_msgs/srv/GetCriticScore.srv
-- Installing: /home/nvidia/workspace/alan/src/AMR_ros2_slam_nav2/install/dwb_msgs/share/dwb_msgs/srv/GetCriticScore_Request.msg
-- Installing: /home/nvidia/workspace/alan/src/AMR_ros2_slam_nav2/install/dwb_msgs/share/dwb_msgs/srv/GetCriticScore_Response.msg
-- Installing: /home/nvidia/workspace/alan/src/AMR_ros2_slam_nav2/install/dwb_msgs/share/dwb_msgs/srv/ScoreTrajectory.srv
-- Installing: /home/nvidia/workspace/alan/src/AMR_ros2_slam_nav2/install/dwb_msgs/share/dwb_msgs/srv/ScoreTrajectory_Request.msg
-- Installing: /home/nvidia/workspace/alan/src/AMR_ros2_slam_nav2/install/dwb_msgs/share/dwb_msgs/srv/ScoreTrajectory_Response.msg
-- Installing: /home/nvidia/workspace/alan/src/AMR_ros2_slam_nav2/install/dwb_msgs/share/ament_index/resource_index/package_run_dependencies/dwb_msgs
-- Installing: /home/nvidia/workspace/alan/src/AMR_ros2_slam_nav2/install/dwb_msgs/share/ament_index/resource_index/parent_prefix_path/dwb_msgs
-- Installing: /home/nvidia/workspace/alan/src/AMR_ros2_slam_nav2/install/dwb_msgs/share/dwb_msgs/environment/ament_prefix_path.sh
-- Installing: /home/nvidia/workspace/alan/src/AMR_ros2_slam_nav2/install/dwb_msgs/share/dwb_msgs/environment/ament_prefix_path.dsv
-- Installing: /home/nvidia/workspace/alan/src/AMR_ros2_slam_nav2/install/dwb_msgs/share/dwb_msgs/environment/path.sh
-- Installing: /home/nvidia/workspace/alan/src/AMR_ros2_slam_nav2/install/dwb_msgs/share/dwb_msgs/environment/path.dsv
-- Installing: /home/nvidia/workspace/alan/src/AMR_ros2_slam_nav2/install/dwb_msgs/share/dwb_msgs/local_setup.bash
-- Installing: /home/nvidia/workspace/alan/src/AMR_ros2_slam_nav2/install/dwb_msgs/share/dwb_msgs/local_setup.sh
-- Installing: /home/nvidia/workspace/alan/src/AMR_ros2_slam_nav2/install/dwb_msgs/share/dwb_msgs/local_setup.zsh
-- Installing: /home/nvidia/workspace/alan/src/AMR_ros2_slam_nav2/install/dwb_msgs/share/dwb_msgs/local_setup.dsv
-- Installing: /home/nvidia/workspace/alan/src/AMR_ros2_slam_nav2/install/dwb_msgs/share/dwb_msgs/package.dsv
-- Installing: /home/nvidia/workspace/alan/src/AMR_ros2_slam_nav2/install/dwb_msgs/share/ament_index/resource_index/packages/dwb_msgs
-- Installing: /home/nvidia/workspace/alan/src/AMR_ros2_slam_nav2/install/dwb_msgs/share/dwb_msgs/cmake/dwb_msgs__rosidl_generator_cExport.cmake
-- Installing: /home/nvidia/workspace/alan/src/AMR_ros2_slam_nav2/install/dwb_msgs/share/dwb_msgs/cmake/dwb_msgs__rosidl_generator_cExport-noconfig.cmake
-- Installing: /home/nvidia/workspace/alan/src/AMR_ros2_slam_nav2/install/dwb_msgs/share/dwb_msgs/cmake/dwb_msgs__rosidl_typesupport_introspection_cExport.cmake
-- Installing: /home/nvidia/workspace/alan/src/AMR_ros2_slam_nav2/install/dwb_msgs/share/dwb_msgs/cmake/dwb_msgs__rosidl_typesupport_introspection_cExport-noconfig.cmake
-- Installing: /home/nvidia/workspace/alan/src/AMR_ros2_slam_nav2/install/dwb_msgs/share/dwb_msgs/cmake/dwb_msgs__rosidl_typesupport_cExport.cmake
-- Installing: /home/nvidia/workspace/alan/src/AMR_ros2_slam_nav2/install/dwb_msgs/share/dwb_msgs/cmake/dwb_msgs__rosidl_typesupport_cExport-noconfig.cmake
-- Installing: /home/nvidia/workspace/alan/src/AMR_ros2_slam_nav2/install/dwb_msgs/share/dwb_msgs/cmake/dwb_msgs__rosidl_generator_cppExport.cmake
-- Installing: /home/nvidia/workspace/alan/src/AMR_ros2_slam_nav2/install/dwb_msgs/share/dwb_msgs/cmake/dwb_msgs__rosidl_typesupport_introspection_cppExport.cmake
-- Installing: /home/nvidia/workspace/alan/src/AMR_ros2_slam_nav2/install/dwb_msgs/share/dwb_msgs/cmake/dwb_msgs__rosidl_typesupport_introspection_cppExport-noconfig.cmake
-- Installing: /home/nvidia/workspace/alan/src/AMR_ros2_slam_nav2/install/dwb_msgs/share/dwb_msgs/cmake/dwb_msgs__rosidl_typesupport_cppExport.cmake
-- Installing: /home/nvidia/workspace/alan/src/AMR_ros2_slam_nav2/install/dwb_msgs/share/dwb_msgs/cmake/dwb_msgs__rosidl_typesupport_cppExport-noconfig.cmake
-- Installing: /home/nvidia/workspace/alan/src/AMR_ros2_slam_nav2/install/dwb_msgs/share/dwb_msgs/cmake/rosidl_cmake-extras.cmake
-- Installing: /home/nvidia/workspace/alan/src/AMR_ros2_slam_nav2/install/dwb_msgs/share/dwb_msgs/cmake/ament_cmake_export_dependencies-extras.cmake
-- Installing: /home/nvidia/workspace/alan/src/AMR_ros2_slam_nav2/install/dwb_msgs/share/dwb_msgs/cmake/ament_cmake_export_libraries-extras.cmake
-- Installing: /home/nvidia/workspace/alan/src/AMR_ros2_slam_nav2/install/dwb_msgs/share/dwb_msgs/cmake/ament_cmake_export_targets-extras.cmake
-- Installing: /home/nvidia/workspace/alan/src/AMR_ros2_slam_nav2/install/dwb_msgs/share/dwb_msgs/cmake/ament_cmake_export_include_directories-extras.cmake
-- Installing: /home/nvidia/workspace/alan/src/AMR_ros2_slam_nav2/install/dwb_msgs/share/dwb_msgs/cmake/rosidl_cmake_export_typesupport_libraries-extras.cmake
-- Installing: /home/nvidia/workspace/alan/src/AMR_ros2_slam_nav2/install/dwb_msgs/share/dwb_msgs/cmake/rosidl_cmake_export_typesupport_targets-extras.cmake
-- Installing: /home/nvidia/workspace/alan/src/AMR_ros2_slam_nav2/install/dwb_msgs/share/dwb_msgs/cmake/dwb_msgsConfig.cmake
-- Installing: /home/nvidia/workspace/alan/src/AMR_ros2_slam_nav2/install/dwb_msgs/share/dwb_msgs/cmake/dwb_msgsConfig-version.cmake
-- Installing: /home/nvidia/workspace/alan/src/AMR_ros2_slam_nav2/install/dwb_msgs/share/dwb_msgs/package.xml
