[ 33%] Built target gtest_main
[ 66%] Built target gtest
[100%] Built target pcl_conversions-test
-- Install configuration: ""
-- Installing: /home/nvidia/workspace/alan/src/AMR_ros2_slam_nav2/install/pcl_conversions/include/pcl_conversions/
-- Installing: /home/nvidia/workspace/alan/src/AMR_ros2_slam_nav2/install/pcl_conversions/include/pcl_conversions//pcl_conversions.h
-- Installing: /home/nvidia/workspace/alan/src/AMR_ros2_slam_nav2/install/pcl_conversions/share/ament_index/resource_index/package_run_dependencies/pcl_conversions
-- Installing: /home/nvidia/workspace/alan/src/AMR_ros2_slam_nav2/install/pcl_conversions/share/ament_index/resource_index/parent_prefix_path/pcl_conversions
-- Installing: /home/nvidia/workspace/alan/src/AMR_ros2_slam_nav2/install/pcl_conversions/share/pcl_conversions/environment/ament_prefix_path.sh
-- Installing: /home/nvidia/workspace/alan/src/AMR_ros2_slam_nav2/install/pcl_conversions/share/pcl_conversions/environment/ament_prefix_path.dsv
-- Installing: /home/nvidia/workspace/alan/src/AMR_ros2_slam_nav2/install/pcl_conversions/share/pcl_conversions/environment/path.sh
-- Installing: /home/nvidia/workspace/alan/src/AMR_ros2_slam_nav2/install/pcl_conversions/share/pcl_conversions/environment/path.dsv
-- Installing: /home/nvidia/workspace/alan/src/AMR_ros2_slam_nav2/install/pcl_conversions/share/pcl_conversions/local_setup.bash
-- Installing: /home/nvidia/workspace/alan/src/AMR_ros2_slam_nav2/install/pcl_conversions/share/pcl_conversions/local_setup.sh
-- Installing: /home/nvidia/workspace/alan/src/AMR_ros2_slam_nav2/install/pcl_conversions/share/pcl_conversions/local_setup.zsh
-- Installing: /home/nvidia/workspace/alan/src/AMR_ros2_slam_nav2/install/pcl_conversions/share/pcl_conversions/local_setup.dsv
-- Installing: /home/nvidia/workspace/alan/src/AMR_ros2_slam_nav2/install/pcl_conversions/share/pcl_conversions/package.dsv
-- Installing: /home/nvidia/workspace/alan/src/AMR_ros2_slam_nav2/install/pcl_conversions/share/ament_index/resource_index/packages/pcl_conversions
-- Installing: /home/nvidia/workspace/alan/src/AMR_ros2_slam_nav2/install/pcl_conversions/share/pcl_conversions/cmake/ament_cmake_export_include_directories-extras.cmake
-- Installing: /home/nvidia/workspace/alan/src/AMR_ros2_slam_nav2/install/pcl_conversions/share/pcl_conversions/cmake/ament_cmake_export_dependencies-extras.cmake
-- Installing: /home/nvidia/workspace/alan/src/AMR_ros2_slam_nav2/install/pcl_conversions/share/pcl_conversions/cmake/pcl_conversionsConfig.cmake
-- Installing: /home/nvidia/workspace/alan/src/AMR_ros2_slam_nav2/install/pcl_conversions/share/pcl_conversions/cmake/pcl_conversionsConfig-version.cmake
-- Installing: /home/nvidia/workspace/alan/src/AMR_ros2_slam_nav2/install/pcl_conversions/share/pcl_conversions/package.xml
