[0.060s] Invoking command in '/home/nvidia/workspace/alan/src/AMR_ros2_slam_nav2/build/amr_cartographer': AMENT_PREFIX_PATH=/home/nvidia/workspace/alan/src/AMR_ros2_slam_nav2/install/cartographer_ros:/home/nvidia/workspace/alan/src/AMR_ros2_slam_nav2/install/cartographer_ros_msgs:${AMENT_PREFIX_PATH} CMAKE_PREFIX_PATH=/home/nvidia/workspace/alan/src/AMR_ros2_slam_nav2/install/cartographer_ros:/home/nvidia/workspace/alan/src/AMR_ros2_slam_nav2/install/cartographer_ros_msgs:/home/nvidia/workspace/alan/src/AMR_ros2_slam_nav2/install/cartographer:${CMAKE_PREFIX_PATH} LD_LIBRARY_PATH=/home/nvidia/workspace/alan/src/AMR_ros2_slam_nav2/install/cartographer_ros_msgs/lib:/home/workspace/ros2/install/opt/yaml_cpp_vendor/lib:/home/workspace/ros2/install/opt/rviz_ogre_vendor/lib:/home/workspace/ros2/install/lib:/usr/local/cuda-10.2/lib64 PATH=/home/nvidia/workspace/alan/src/AMR_ros2_slam_nav2/install/cartographer/bin:/home/workspace/ros2/install/bin:/usr/local/sbin:/usr/local/bin:/usr/sbin:/usr/bin:/sbin:/bin:/usr/games:/usr/local/games:/snap/bin:/usr/local/cuda/bin PKG_CONFIG_PATH=/home/nvidia/workspace/alan/src/AMR_ros2_slam_nav2/install/cartographer/lib/aarch64-linux-gnu/pkgconfig:/home/nvidia/workspace/alan/src/AMR_ros2_slam_nav2/install/cartographer/lib/pkgconfig:${PKG_CONFIG_PATH} PYTHONPATH=/home/nvidia/workspace/alan/src/AMR_ros2_slam_nav2/install/cartographer_ros_msgs/lib/python3.6/site-packages:/home/workspace/ros2/install/lib/python3.6/site-packages:/usr/local/lib:/usr/local/cuda/bin /usr/local/bin/cmake /home/nvidia/workspace/alan/src/AMR_ros2_slam_nav2/amr_cartographer -DCMAKE_INSTALL_PREFIX=/home/nvidia/workspace/alan/src/AMR_ros2_slam_nav2/install/amr_cartographer
[0.249s] -- The C compiler identification is GNU 7.5.0
[0.444s] -- The CXX compiler identification is GNU 7.5.0
[0.483s] -- Check for working C compiler: /usr/bin/cc
[0.636s] -- Check for working C compiler: /usr/bin/cc -- works
[0.642s] -- Detecting C compiler ABI info
[0.793s] -- Detecting C compiler ABI info - done
[0.921s] -- Detecting C compile features
[0.925s] -- Detecting C compile features - done
[0.950s] -- Check for working CXX compiler: /usr/bin/c++
[1.128s] -- Check for working CXX compiler: /usr/bin/c++ -- works
[1.136s] -- Detecting CXX compiler ABI info
[1.318s] -- Detecting CXX compiler ABI info - done
[1.446s] -- Detecting CXX compile features
[1.450s] -- Detecting CXX compile features - done
[1.462s] -- Found ament_cmake: 0.9.9 (/home/workspace/ros2/install/share/ament_cmake/cmake)
[1.553s] -- Found PythonInterp: /usr/bin/python3 (found suitable version "3.6.9", minimum required is "3") 
[1.553s] -- Using PYTHON_EXECUTABLE: /usr/bin/python3
[2.697s] -- Configuring done
[2.707s] -- Generating done
[2.712s] -- Build files have been written to: /home/nvidia/workspace/alan/src/AMR_ros2_slam_nav2/build/amr_cartographer
[2.720s] Invoked command in '/home/nvidia/workspace/alan/src/AMR_ros2_slam_nav2/build/amr_cartographer' returned '0': AMENT_PREFIX_PATH=/home/nvidia/workspace/alan/src/AMR_ros2_slam_nav2/install/cartographer_ros:/home/nvidia/workspace/alan/src/AMR_ros2_slam_nav2/install/cartographer_ros_msgs:${AMENT_PREFIX_PATH} CMAKE_PREFIX_PATH=/home/nvidia/workspace/alan/src/AMR_ros2_slam_nav2/install/cartographer_ros:/home/nvidia/workspace/alan/src/AMR_ros2_slam_nav2/install/cartographer_ros_msgs:/home/nvidia/workspace/alan/src/AMR_ros2_slam_nav2/install/cartographer:${CMAKE_PREFIX_PATH} LD_LIBRARY_PATH=/home/nvidia/workspace/alan/src/AMR_ros2_slam_nav2/install/cartographer_ros_msgs/lib:/home/workspace/ros2/install/opt/yaml_cpp_vendor/lib:/home/workspace/ros2/install/opt/rviz_ogre_vendor/lib:/home/workspace/ros2/install/lib:/usr/local/cuda-10.2/lib64 PATH=/home/nvidia/workspace/alan/src/AMR_ros2_slam_nav2/install/cartographer/bin:/home/workspace/ros2/install/bin:/usr/local/sbin:/usr/local/bin:/usr/sbin:/usr/bin:/sbin:/bin:/usr/games:/usr/local/games:/snap/bin:/usr/local/cuda/bin PKG_CONFIG_PATH=/home/nvidia/workspace/alan/src/AMR_ros2_slam_nav2/install/cartographer/lib/aarch64-linux-gnu/pkgconfig:/home/nvidia/workspace/alan/src/AMR_ros2_slam_nav2/install/cartographer/lib/pkgconfig:${PKG_CONFIG_PATH} PYTHONPATH=/home/nvidia/workspace/alan/src/AMR_ros2_slam_nav2/install/cartographer_ros_msgs/lib/python3.6/site-packages:/home/workspace/ros2/install/lib/python3.6/site-packages:/usr/local/lib:/usr/local/cuda/bin /usr/local/bin/cmake /home/nvidia/workspace/alan/src/AMR_ros2_slam_nav2/amr_cartographer -DCMAKE_INSTALL_PREFIX=/home/nvidia/workspace/alan/src/AMR_ros2_slam_nav2/install/amr_cartographer
[2.732s] Invoking command in '/home/nvidia/workspace/alan/src/AMR_ros2_slam_nav2/build/amr_cartographer': AMENT_PREFIX_PATH=/home/nvidia/workspace/alan/src/AMR_ros2_slam_nav2/install/cartographer_ros:/home/nvidia/workspace/alan/src/AMR_ros2_slam_nav2/install/cartographer_ros_msgs:${AMENT_PREFIX_PATH} CMAKE_PREFIX_PATH=/home/nvidia/workspace/alan/src/AMR_ros2_slam_nav2/install/cartographer_ros:/home/nvidia/workspace/alan/src/AMR_ros2_slam_nav2/install/cartographer_ros_msgs:/home/nvidia/workspace/alan/src/AMR_ros2_slam_nav2/install/cartographer:${CMAKE_PREFIX_PATH} LD_LIBRARY_PATH=/home/nvidia/workspace/alan/src/AMR_ros2_slam_nav2/install/cartographer_ros_msgs/lib:/home/workspace/ros2/install/opt/yaml_cpp_vendor/lib:/home/workspace/ros2/install/opt/rviz_ogre_vendor/lib:/home/workspace/ros2/install/lib:/usr/local/cuda-10.2/lib64 PATH=/home/nvidia/workspace/alan/src/AMR_ros2_slam_nav2/install/cartographer/bin:/home/workspace/ros2/install/bin:/usr/local/sbin:/usr/local/bin:/usr/sbin:/usr/bin:/sbin:/bin:/usr/games:/usr/local/games:/snap/bin:/usr/local/cuda/bin PKG_CONFIG_PATH=/home/nvidia/workspace/alan/src/AMR_ros2_slam_nav2/install/cartographer/lib/aarch64-linux-gnu/pkgconfig:/home/nvidia/workspace/alan/src/AMR_ros2_slam_nav2/install/cartographer/lib/pkgconfig:${PKG_CONFIG_PATH} PYTHONPATH=/home/nvidia/workspace/alan/src/AMR_ros2_slam_nav2/install/cartographer_ros_msgs/lib/python3.6/site-packages:/home/workspace/ros2/install/lib/python3.6/site-packages:/usr/local/lib:/usr/local/cuda/bin /usr/local/bin/cmake --build /home/nvidia/workspace/alan/src/AMR_ros2_slam_nav2/build/amr_cartographer -- -j8 -l8
[2.784s] Invoked command in '/home/nvidia/workspace/alan/src/AMR_ros2_slam_nav2/build/amr_cartographer' returned '0': AMENT_PREFIX_PATH=/home/nvidia/workspace/alan/src/AMR_ros2_slam_nav2/install/cartographer_ros:/home/nvidia/workspace/alan/src/AMR_ros2_slam_nav2/install/cartographer_ros_msgs:${AMENT_PREFIX_PATH} CMAKE_PREFIX_PATH=/home/nvidia/workspace/alan/src/AMR_ros2_slam_nav2/install/cartographer_ros:/home/nvidia/workspace/alan/src/AMR_ros2_slam_nav2/install/cartographer_ros_msgs:/home/nvidia/workspace/alan/src/AMR_ros2_slam_nav2/install/cartographer:${CMAKE_PREFIX_PATH} LD_LIBRARY_PATH=/home/nvidia/workspace/alan/src/AMR_ros2_slam_nav2/install/cartographer_ros_msgs/lib:/home/workspace/ros2/install/opt/yaml_cpp_vendor/lib:/home/workspace/ros2/install/opt/rviz_ogre_vendor/lib:/home/workspace/ros2/install/lib:/usr/local/cuda-10.2/lib64 PATH=/home/nvidia/workspace/alan/src/AMR_ros2_slam_nav2/install/cartographer/bin:/home/workspace/ros2/install/bin:/usr/local/sbin:/usr/local/bin:/usr/sbin:/usr/bin:/sbin:/bin:/usr/games:/usr/local/games:/snap/bin:/usr/local/cuda/bin PKG_CONFIG_PATH=/home/nvidia/workspace/alan/src/AMR_ros2_slam_nav2/install/cartographer/lib/aarch64-linux-gnu/pkgconfig:/home/nvidia/workspace/alan/src/AMR_ros2_slam_nav2/install/cartographer/lib/pkgconfig:${PKG_CONFIG_PATH} PYTHONPATH=/home/nvidia/workspace/alan/src/AMR_ros2_slam_nav2/install/cartographer_ros_msgs/lib/python3.6/site-packages:/home/workspace/ros2/install/lib/python3.6/site-packages:/usr/local/lib:/usr/local/cuda/bin /usr/local/bin/cmake --build /home/nvidia/workspace/alan/src/AMR_ros2_slam_nav2/build/amr_cartographer -- -j8 -l8
[2.839s] Invoking command in '/home/nvidia/workspace/alan/src/AMR_ros2_slam_nav2/build/amr_cartographer': AMENT_PREFIX_PATH=/home/nvidia/workspace/alan/src/AMR_ros2_slam_nav2/install/cartographer_ros:/home/nvidia/workspace/alan/src/AMR_ros2_slam_nav2/install/cartographer_ros_msgs:${AMENT_PREFIX_PATH} CMAKE_PREFIX_PATH=/home/nvidia/workspace/alan/src/AMR_ros2_slam_nav2/install/cartographer_ros:/home/nvidia/workspace/alan/src/AMR_ros2_slam_nav2/install/cartographer_ros_msgs:/home/nvidia/workspace/alan/src/AMR_ros2_slam_nav2/install/cartographer:${CMAKE_PREFIX_PATH} LD_LIBRARY_PATH=/home/nvidia/workspace/alan/src/AMR_ros2_slam_nav2/install/cartographer_ros_msgs/lib:/home/workspace/ros2/install/opt/yaml_cpp_vendor/lib:/home/workspace/ros2/install/opt/rviz_ogre_vendor/lib:/home/workspace/ros2/install/lib:/usr/local/cuda-10.2/lib64 PATH=/home/nvidia/workspace/alan/src/AMR_ros2_slam_nav2/install/cartographer/bin:/home/workspace/ros2/install/bin:/usr/local/sbin:/usr/local/bin:/usr/sbin:/usr/bin:/sbin:/bin:/usr/games:/usr/local/games:/snap/bin:/usr/local/cuda/bin PKG_CONFIG_PATH=/home/nvidia/workspace/alan/src/AMR_ros2_slam_nav2/install/cartographer/lib/aarch64-linux-gnu/pkgconfig:/home/nvidia/workspace/alan/src/AMR_ros2_slam_nav2/install/cartographer/lib/pkgconfig:${PKG_CONFIG_PATH} PYTHONPATH=/home/nvidia/workspace/alan/src/AMR_ros2_slam_nav2/install/cartographer_ros_msgs/lib/python3.6/site-packages:/home/workspace/ros2/install/lib/python3.6/site-packages:/usr/local/lib:/usr/local/cuda/bin /usr/local/bin/cmake --install /home/nvidia/workspace/alan/src/AMR_ros2_slam_nav2/build/amr_cartographer
[2.852s] -- Install configuration: ""
[2.853s] -- Installing: /home/nvidia/workspace/alan/src/AMR_ros2_slam_nav2/install/amr_cartographer/share/amr_cartographer/config
[2.854s] -- Installing: /home/nvidia/workspace/alan/src/AMR_ros2_slam_nav2/install/amr_cartographer/share/amr_cartographer/config/turtlebot3_lds_2d.lua
[2.855s] -- Installing: /home/nvidia/workspace/alan/src/AMR_ros2_slam_nav2/install/amr_cartographer/share/amr_cartographer/config/amr_lds_2d_odom.lua
[2.855s] -- Installing: /home/nvidia/workspace/alan/src/AMR_ros2_slam_nav2/install/amr_cartographer/share/amr_cartographer/config/amr_lds_2d_odom_scan.lua
[2.856s] -- Installing: /home/nvidia/workspace/alan/src/AMR_ros2_slam_nav2/install/amr_cartographer/share/amr_cartographer/config/amr_lds_2d_imu.lua
[2.856s] -- Installing: /home/nvidia/workspace/alan/src/AMR_ros2_slam_nav2/install/amr_cartographer/share/amr_cartographer/config/amr_lds_3d.lua
[2.857s] -- Installing: /home/nvidia/workspace/alan/src/AMR_ros2_slam_nav2/install/amr_cartographer/share/amr_cartographer/config/amr_lds_2d_imu_realsense.lua
[2.857s] -- Installing: /home/nvidia/workspace/alan/src/AMR_ros2_slam_nav2/install/amr_cartographer/share/amr_cartographer/config/amr_lds_2d.lua
[2.857s] -- Installing: /home/nvidia/workspace/alan/src/AMR_ros2_slam_nav2/install/amr_cartographer/share/amr_cartographer/launch
[2.858s] -- Installing: /home/nvidia/workspace/alan/src/AMR_ros2_slam_nav2/install/amr_cartographer/share/amr_cartographer/launch/cartographer_3D.launch.py
[2.858s] -- Installing: /home/nvidia/workspace/alan/src/AMR_ros2_slam_nav2/install/amr_cartographer/share/amr_cartographer/launch/cartographer_odom_scan.launch.py
[2.859s] -- Installing: /home/nvidia/workspace/alan/src/AMR_ros2_slam_nav2/install/amr_cartographer/share/amr_cartographer/launch/cartographer_odom_wqscan.launch.py
[2.859s] -- Installing: /home/nvidia/workspace/alan/src/AMR_ros2_slam_nav2/install/amr_cartographer/share/amr_cartographer/launch/cartographer.launch.py
[2.859s] -- Installing: /home/nvidia/workspace/alan/src/AMR_ros2_slam_nav2/install/amr_cartographer/share/amr_cartographer/launch/cartographer_odom_scan_norviz.launch.py
[2.860s] -- Installing: /home/nvidia/workspace/alan/src/AMR_ros2_slam_nav2/install/amr_cartographer/share/amr_cartographer/launch/occupancy_grid.launch.py
[2.860s] -- Installing: /home/nvidia/workspace/alan/src/AMR_ros2_slam_nav2/install/amr_cartographer/share/amr_cartographer/launch/cartographer_scan.launch.py
[2.860s] -- Installing: /home/nvidia/workspace/alan/src/AMR_ros2_slam_nav2/install/amr_cartographer/share/amr_cartographer/rviz
[2.860s] -- Installing: /home/nvidia/workspace/alan/src/AMR_ros2_slam_nav2/install/amr_cartographer/share/amr_cartographer/rviz/amr_cartographer.rviz_back
[2.861s] -- Installing: /home/nvidia/workspace/alan/src/AMR_ros2_slam_nav2/install/amr_cartographer/share/amr_cartographer/rviz/amr_cartographer_odom_scan.rviz
[2.862s] -- Installing: /home/nvidia/workspace/alan/src/AMR_ros2_slam_nav2/install/amr_cartographer/share/amr_cartographer/rviz/amr_cartographer_odom.rviz
[2.862s] -- Installing: /home/nvidia/workspace/alan/src/AMR_ros2_slam_nav2/install/amr_cartographer/share/amr_cartographer/rviz/tb3_cartographer.rviz
[2.863s] -- Installing: /home/nvidia/workspace/alan/src/AMR_ros2_slam_nav2/install/amr_cartographer/share/amr_cartographer/rviz/amr_cartographer_ODOM.rviz_back
[2.863s] -- Installing: /home/nvidia/workspace/alan/src/AMR_ros2_slam_nav2/install/amr_cartographer/share/amr_cartographer/rviz/amr_cartographer_odom.rviz_save
[2.863s] -- Installing: /home/nvidia/workspace/alan/src/AMR_ros2_slam_nav2/install/amr_cartographer/share/amr_cartographer/rviz/urdf.rviz
[2.864s] -- Installing: /home/nvidia/workspace/alan/src/AMR_ros2_slam_nav2/install/amr_cartographer/share/amr_cartographer/rviz/amr_cartographer.rviz
[2.864s] -- Installing: /home/nvidia/workspace/alan/src/AMR_ros2_slam_nav2/install/amr_cartographer/share/amr_cartographer/rviz/amr_cartographer_ODOM.rviz
[2.864s] -- Installing: /home/nvidia/workspace/alan/src/AMR_ros2_slam_nav2/install/amr_cartographer/share/amr_cartographer/rviz/amr_cartographer_imu.rviz
[2.864s] -- Installing: /home/nvidia/workspace/alan/src/AMR_ros2_slam_nav2/install/amr_cartographer/share/amr_cartographer/rviz/amr_cartographer_rslidar.rviz
[2.865s] -- Installing: /home/nvidia/workspace/alan/src/AMR_ros2_slam_nav2/install/amr_cartographer/share/ament_index/resource_index/package_run_dependencies/amr_cartographer
[2.865s] -- Installing: /home/nvidia/workspace/alan/src/AMR_ros2_slam_nav2/install/amr_cartographer/share/ament_index/resource_index/parent_prefix_path/amr_cartographer
[2.866s] -- Installing: /home/nvidia/workspace/alan/src/AMR_ros2_slam_nav2/install/amr_cartographer/share/amr_cartographer/environment/ament_prefix_path.sh
[2.866s] -- Installing: /home/nvidia/workspace/alan/src/AMR_ros2_slam_nav2/install/amr_cartographer/share/amr_cartographer/environment/ament_prefix_path.dsv
[2.866s] -- Installing: /home/nvidia/workspace/alan/src/AMR_ros2_slam_nav2/install/amr_cartographer/share/amr_cartographer/environment/path.sh
[2.867s] -- Installing: /home/nvidia/workspace/alan/src/AMR_ros2_slam_nav2/install/amr_cartographer/share/amr_cartographer/environment/path.dsv
[2.867s] -- Installing: /home/nvidia/workspace/alan/src/AMR_ros2_slam_nav2/install/amr_cartographer/share/amr_cartographer/local_setup.bash
[2.867s] -- Installing: /home/nvidia/workspace/alan/src/AMR_ros2_slam_nav2/install/amr_cartographer/share/amr_cartographer/local_setup.sh
[2.867s] -- Installing: /home/nvidia/workspace/alan/src/AMR_ros2_slam_nav2/install/amr_cartographer/share/amr_cartographer/local_setup.zsh
[2.868s] -- Installing: /home/nvidia/workspace/alan/src/AMR_ros2_slam_nav2/install/amr_cartographer/share/amr_cartographer/local_setup.dsv
[2.868s] -- Installing: /home/nvidia/workspace/alan/src/AMR_ros2_slam_nav2/install/amr_cartographer/share/amr_cartographer/package.dsv
[2.868s] -- Installing: /home/nvidia/workspace/alan/src/AMR_ros2_slam_nav2/install/amr_cartographer/share/ament_index/resource_index/packages/amr_cartographer
[2.869s] -- Installing: /home/nvidia/workspace/alan/src/AMR_ros2_slam_nav2/install/amr_cartographer/share/amr_cartographer/cmake/amr_cartographerConfig.cmake
[2.869s] -- Installing: /home/nvidia/workspace/alan/src/AMR_ros2_slam_nav2/install/amr_cartographer/share/amr_cartographer/cmake/amr_cartographerConfig-version.cmake
[2.869s] -- Installing: /home/nvidia/workspace/alan/src/AMR_ros2_slam_nav2/install/amr_cartographer/share/amr_cartographer/package.xml
[2.880s] Invoked command in '/home/nvidia/workspace/alan/src/AMR_ros2_slam_nav2/build/amr_cartographer' returned '0': AMENT_PREFIX_PATH=/home/nvidia/workspace/alan/src/AMR_ros2_slam_nav2/install/cartographer_ros:/home/nvidia/workspace/alan/src/AMR_ros2_slam_nav2/install/cartographer_ros_msgs:${AMENT_PREFIX_PATH} CMAKE_PREFIX_PATH=/home/nvidia/workspace/alan/src/AMR_ros2_slam_nav2/install/cartographer_ros:/home/nvidia/workspace/alan/src/AMR_ros2_slam_nav2/install/cartographer_ros_msgs:/home/nvidia/workspace/alan/src/AMR_ros2_slam_nav2/install/cartographer:${CMAKE_PREFIX_PATH} LD_LIBRARY_PATH=/home/nvidia/workspace/alan/src/AMR_ros2_slam_nav2/install/cartographer_ros_msgs/lib:/home/workspace/ros2/install/opt/yaml_cpp_vendor/lib:/home/workspace/ros2/install/opt/rviz_ogre_vendor/lib:/home/workspace/ros2/install/lib:/usr/local/cuda-10.2/lib64 PATH=/home/nvidia/workspace/alan/src/AMR_ros2_slam_nav2/install/cartographer/bin:/home/workspace/ros2/install/bin:/usr/local/sbin:/usr/local/bin:/usr/sbin:/usr/bin:/sbin:/bin:/usr/games:/usr/local/games:/snap/bin:/usr/local/cuda/bin PKG_CONFIG_PATH=/home/nvidia/workspace/alan/src/AMR_ros2_slam_nav2/install/cartographer/lib/aarch64-linux-gnu/pkgconfig:/home/nvidia/workspace/alan/src/AMR_ros2_slam_nav2/install/cartographer/lib/pkgconfig:${PKG_CONFIG_PATH} PYTHONPATH=/home/nvidia/workspace/alan/src/AMR_ros2_slam_nav2/install/cartographer_ros_msgs/lib/python3.6/site-packages:/home/workspace/ros2/install/lib/python3.6/site-packages:/usr/local/lib:/usr/local/cuda/bin /usr/local/bin/cmake --install /home/nvidia/workspace/alan/src/AMR_ros2_slam_nav2/build/amr_cartographer
