-- Install configuration: ""
-- Up-to-date: /home/nvidia/workspace/alan/src/AMR_ros2_slam_nav2/install/nav2_common/share/nav2_common/environment/pythonpath.sh
-- Up-to-date: /home/nvidia/workspace/alan/src/AMR_ros2_slam_nav2/install/nav2_common/share/nav2_common/environment/pythonpath.dsv
-- Up-to-date: /home/nvidia/workspace/alan/src/AMR_ros2_slam_nav2/install/nav2_common/lib/python3.6/site-packages/nav2_common
-- Up-to-date: /home/nvidia/workspace/alan/src/AMR_ros2_slam_nav2/install/nav2_common/lib/python3.6/site-packages/nav2_common/__init__.py
-- Up-to-date: /home/nvidia/workspace/alan/src/AMR_ros2_slam_nav2/install/nav2_common/lib/python3.6/site-packages/nav2_common/launch
-- Up-to-date: /home/nvidia/workspace/alan/src/AMR_ros2_slam_nav2/install/nav2_common/lib/python3.6/site-packages/nav2_common/launch/__init__.py
-- Up-to-date: /home/nvidia/workspace/alan/src/AMR_ros2_slam_nav2/install/nav2_common/lib/python3.6/site-packages/nav2_common/launch/has_node_params.py
-- Up-to-date: /home/nvidia/workspace/alan/src/AMR_ros2_slam_nav2/install/nav2_common/lib/python3.6/site-packages/nav2_common/launch/rewritten_yaml.py
-- Up-to-date: /home/nvidia/workspace/alan/src/AMR_ros2_slam_nav2/install/nav2_common/lib/python3.6/site-packages/nav2_common/launch/replace_string.py
Listing '/home/nvidia/workspace/alan/src/AMR_ros2_slam_nav2/install/nav2_common/lib/python3.6/site-packages/nav2_common'...
Listing '/home/nvidia/workspace/alan/src/AMR_ros2_slam_nav2/install/nav2_common/lib/python3.6/site-packages/nav2_common/launch'...
-- Up-to-date: /home/nvidia/workspace/alan/src/AMR_ros2_slam_nav2/install/nav2_common/share/ament_index/resource_index/package_run_dependencies/nav2_common
-- Up-to-date: /home/nvidia/workspace/alan/src/AMR_ros2_slam_nav2/install/nav2_common/share/ament_index/resource_index/parent_prefix_path/nav2_common
-- Up-to-date: /home/nvidia/workspace/alan/src/AMR_ros2_slam_nav2/install/nav2_common/share/nav2_common/environment/ament_prefix_path.sh
-- Up-to-date: /home/nvidia/workspace/alan/src/AMR_ros2_slam_nav2/install/nav2_common/share/nav2_common/environment/ament_prefix_path.dsv
-- Up-to-date: /home/nvidia/workspace/alan/src/AMR_ros2_slam_nav2/install/nav2_common/share/nav2_common/environment/path.sh
-- Up-to-date: /home/nvidia/workspace/alan/src/AMR_ros2_slam_nav2/install/nav2_common/share/nav2_common/environment/path.dsv
-- Up-to-date: /home/nvidia/workspace/alan/src/AMR_ros2_slam_nav2/install/nav2_common/share/nav2_common/local_setup.bash
-- Up-to-date: /home/nvidia/workspace/alan/src/AMR_ros2_slam_nav2/install/nav2_common/share/nav2_common/local_setup.sh
-- Up-to-date: /home/nvidia/workspace/alan/src/AMR_ros2_slam_nav2/install/nav2_common/share/nav2_common/local_setup.zsh
-- Up-to-date: /home/nvidia/workspace/alan/src/AMR_ros2_slam_nav2/install/nav2_common/share/nav2_common/local_setup.dsv
-- Installing: /home/nvidia/workspace/alan/src/AMR_ros2_slam_nav2/install/nav2_common/share/nav2_common/package.dsv
-- Up-to-date: /home/nvidia/workspace/alan/src/AMR_ros2_slam_nav2/install/nav2_common/share/ament_index/resource_index/packages/nav2_common
-- Up-to-date: /home/nvidia/workspace/alan/src/AMR_ros2_slam_nav2/install/nav2_common/share/nav2_common/cmake/nav2_common-extras.cmake
-- Up-to-date: /home/nvidia/workspace/alan/src/AMR_ros2_slam_nav2/install/nav2_common/share/nav2_common/cmake/nav2_commonConfig.cmake
-- Up-to-date: /home/nvidia/workspace/alan/src/AMR_ros2_slam_nav2/install/nav2_common/share/nav2_common/cmake/nav2_commonConfig-version.cmake
-- Up-to-date: /home/nvidia/workspace/alan/src/AMR_ros2_slam_nav2/install/nav2_common/share/nav2_common/package.xml
-- Up-to-date: /home/nvidia/workspace/alan/src/AMR_ros2_slam_nav2/install/nav2_common/share/nav2_common/cmake
-- Up-to-date: /home/nvidia/workspace/alan/src/AMR_ros2_slam_nav2/install/nav2_common/share/nav2_common/cmake/nav2_package.cmake
