-- Install configuration: "Release"
-- Up-to-date: /home/nvidia/workspace/alan/src/AMR_ros2_slam_nav2/install/nav2_core/include/
-- Up-to-date: /home/nvidia/workspace/alan/src/AMR_ros2_slam_nav2/install/nav2_core/include//nav2_core
-- Up-to-date: /home/nvidia/workspace/alan/src/AMR_ros2_slam_nav2/install/nav2_core/include//nav2_core/goal_checker.hpp
-- Up-to-date: /home/nvidia/workspace/alan/src/AMR_ros2_slam_nav2/install/nav2_core/include//nav2_core/exceptions.hpp
-- Up-to-date: /home/nvidia/workspace/alan/src/AMR_ros2_slam_nav2/install/nav2_core/include//nav2_core/controller.hpp
-- Up-to-date: /home/nvidia/workspace/alan/src/AMR_ros2_slam_nav2/install/nav2_core/include//nav2_core/recovery.hpp
-- Up-to-date: /home/nvidia/workspace/alan/src/AMR_ros2_slam_nav2/install/nav2_core/include//nav2_core/progress_checker.hpp
-- Up-to-date: /home/nvidia/workspace/alan/src/AMR_ros2_slam_nav2/install/nav2_core/include//nav2_core/global_planner.hpp
-- Up-to-date: /home/nvidia/workspace/alan/src/AMR_ros2_slam_nav2/install/nav2_core/share/ament_index/resource_index/package_run_dependencies/nav2_core
-- Up-to-date: /home/nvidia/workspace/alan/src/AMR_ros2_slam_nav2/install/nav2_core/share/ament_index/resource_index/parent_prefix_path/nav2_core
-- Up-to-date: /home/nvidia/workspace/alan/src/AMR_ros2_slam_nav2/install/nav2_core/share/nav2_core/environment/ament_prefix_path.sh
-- Up-to-date: /home/nvidia/workspace/alan/src/AMR_ros2_slam_nav2/install/nav2_core/share/nav2_core/environment/ament_prefix_path.dsv
-- Up-to-date: /home/nvidia/workspace/alan/src/AMR_ros2_slam_nav2/install/nav2_core/share/nav2_core/environment/path.sh
-- Up-to-date: /home/nvidia/workspace/alan/src/AMR_ros2_slam_nav2/install/nav2_core/share/nav2_core/environment/path.dsv
-- Up-to-date: /home/nvidia/workspace/alan/src/AMR_ros2_slam_nav2/install/nav2_core/share/nav2_core/local_setup.bash
-- Up-to-date: /home/nvidia/workspace/alan/src/AMR_ros2_slam_nav2/install/nav2_core/share/nav2_core/local_setup.sh
-- Up-to-date: /home/nvidia/workspace/alan/src/AMR_ros2_slam_nav2/install/nav2_core/share/nav2_core/local_setup.zsh
-- Up-to-date: /home/nvidia/workspace/alan/src/AMR_ros2_slam_nav2/install/nav2_core/share/nav2_core/local_setup.dsv
-- Up-to-date: /home/nvidia/workspace/alan/src/AMR_ros2_slam_nav2/install/nav2_core/share/nav2_core/package.dsv
-- Up-to-date: /home/nvidia/workspace/alan/src/AMR_ros2_slam_nav2/install/nav2_core/share/ament_index/resource_index/packages/nav2_core
-- Up-to-date: /home/nvidia/workspace/alan/src/AMR_ros2_slam_nav2/install/nav2_core/share/nav2_core/cmake/ament_cmake_export_include_directories-extras.cmake
-- Up-to-date: /home/nvidia/workspace/alan/src/AMR_ros2_slam_nav2/install/nav2_core/share/nav2_core/cmake/ament_cmake_export_dependencies-extras.cmake
-- Up-to-date: /home/nvidia/workspace/alan/src/AMR_ros2_slam_nav2/install/nav2_core/share/nav2_core/cmake/nav2_coreConfig.cmake
-- Up-to-date: /home/nvidia/workspace/alan/src/AMR_ros2_slam_nav2/install/nav2_core/share/nav2_core/cmake/nav2_coreConfig-version.cmake
-- Up-to-date: /home/nvidia/workspace/alan/src/AMR_ros2_slam_nav2/install/nav2_core/share/nav2_core/package.xml
