-- The C compiler identification is GNU 7.5.0
-- The CXX compiler identification is GNU 7.5.0
-- Check for working C compiler: /usr/bin/cc
-- Check for working C compiler: /usr/bin/cc -- works
-- Detecting C compiler ABI info
-- Detecting C compiler ABI info - done
-- Detecting C compile features
-- Detecting C compile features - done
-- Check for working CXX compiler: /usr/bin/c++
-- Check for working CXX compiler: /usr/bin/c++ -- works
-- Detecting CXX compiler ABI info
-- Detecting CXX compiler ABI info - done
-- Detecting CXX compile features
-- Detecting CXX compile features - done
-- Found ament_cmake: 0.9.9 (/home/workspace/ros2/install/share/ament_cmake/cmake)
-- Found PythonInterp: /usr/bin/python3 (found suitable version "3.6.9", minimum required is "3") 
-- Using PYTHON_EXECUTABLE: /usr/bin/python3
-- Found rclcpp: 2.4.0 (/home/workspace/ros2/install/share/rclcpp/cmake)
-- Using all available rosidl_typesupport_c: rosidl_typesupport_fastrtps_c;rosidl_typesupport_introspection_c
-- Found rosidl_adapter: 1.2.1 (/home/workspace/ros2/install/share/rosidl_adapter/cmake)
-- Found OpenSSL: /usr/lib/aarch64-linux-gnu/libcrypto.so (found version "1.1.1")  
-- Found FastRTPS: /home/workspace/ros2/install/include  
-- Using all available rosidl_typesupport_cpp: rosidl_typesupport_fastrtps_cpp;rosidl_typesupport_introspection_cpp
-- Found rmw_implementation_cmake: 1.0.3 (/home/workspace/ros2/install/share/rmw_implementation_cmake/cmake)
-- Using RMW implementation 'rmw_fastrtps_cpp' as default
-- Looking for pthread.h
-- Looking for pthread.h - found
-- Performing Test CMAKE_HAVE_LIBC_PTHREAD
-- Performing Test CMAKE_HAVE_LIBC_PTHREAD - Failed
-- Looking for pthread_create in pthreads
-- Looking for pthread_create in pthreads - not found
-- Looking for pthread_create in pthread
-- Looking for pthread_create in pthread - found
-- Found Threads: TRUE  
-- Found ros2_rada_msg: 0.0.0 (/home/nvidia/workspace/alan/src/AMR_ros2_slam_nav2/install/ros2_rada_msg/share/ros2_rada_msg/cmake)
-- Found rosidl_default_generators: 1.0.1 (/home/workspace/ros2/install/share/rosidl_default_generators/cmake)
-- Found Boost: /usr/include (found version "1.65.1") found components: system thread chrono date_time atomic 
-- Found ament_lint_auto: 0.9.6 (/home/workspace/ros2/install/share/ament_lint_auto/cmake)
-- Added test 'copyright' to check source files copyright and LICENSE
-- Added test 'cppcheck' to perform static code analysis on C / C++ code
-- Configured cppcheck include dirs: /home/nvidia/workspace/alan/src/AMR_ros2_slam_nav2/ROS2_rada_driver/ros2_rada_driver/include
-- Configured cppcheck exclude dirs and/or files: 
-- Added test 'cpplint' to check C / C++ code against the Google style
-- Configured cpplint exclude dirs and/or files: 
-- Added test 'lint_cmake' to check CMake code style
-- Added test 'uncrustify' to check C / C++ code style
-- Configured uncrustify additional arguments: 
-- Added test 'xmllint' to check XML markup files
-- Configuring done
-- Generating done
-- Build files have been written to: /home/nvidia/workspace/alan/src/AMR_ros2_slam_nav2/build/ros2_rada_driver_pub
[35m[1mScanning dependencies of target rada_pub[0m
[ 50%] [32mBuilding CXX object CMakeFiles/rada_pub.dir/src/rada_pub.cpp.o[0m
[100%] [32m[1mLinking CXX executable rada_pub[0m
[100%] Built target rada_pub
-- Install configuration: ""
-- Installing: /home/nvidia/workspace/alan/src/AMR_ros2_slam_nav2/install/ros2_rada_driver_pub/lib/ros2_rada_driver_pub/rada_pub
-- Set runtime path of "/home/nvidia/workspace/alan/src/AMR_ros2_slam_nav2/install/ros2_rada_driver_pub/lib/ros2_rada_driver_pub/rada_pub" to ""
-- Installing: /home/nvidia/workspace/alan/src/AMR_ros2_slam_nav2/install/ros2_rada_driver_pub/share/ament_index/resource_index/package_run_dependencies/ros2_rada_driver_pub
-- Installing: /home/nvidia/workspace/alan/src/AMR_ros2_slam_nav2/install/ros2_rada_driver_pub/share/ament_index/resource_index/parent_prefix_path/ros2_rada_driver_pub
-- Installing: /home/nvidia/workspace/alan/src/AMR_ros2_slam_nav2/install/ros2_rada_driver_pub/share/ros2_rada_driver_pub/environment/ament_prefix_path.sh
-- Installing: /home/nvidia/workspace/alan/src/AMR_ros2_slam_nav2/install/ros2_rada_driver_pub/share/ros2_rada_driver_pub/environment/ament_prefix_path.dsv
-- Installing: /home/nvidia/workspace/alan/src/AMR_ros2_slam_nav2/install/ros2_rada_driver_pub/share/ros2_rada_driver_pub/environment/path.sh
-- Installing: /home/nvidia/workspace/alan/src/AMR_ros2_slam_nav2/install/ros2_rada_driver_pub/share/ros2_rada_driver_pub/environment/path.dsv
-- Installing: /home/nvidia/workspace/alan/src/AMR_ros2_slam_nav2/install/ros2_rada_driver_pub/share/ros2_rada_driver_pub/local_setup.bash
-- Installing: /home/nvidia/workspace/alan/src/AMR_ros2_slam_nav2/install/ros2_rada_driver_pub/share/ros2_rada_driver_pub/local_setup.sh
-- Installing: /home/nvidia/workspace/alan/src/AMR_ros2_slam_nav2/install/ros2_rada_driver_pub/share/ros2_rada_driver_pub/local_setup.zsh
-- Installing: /home/nvidia/workspace/alan/src/AMR_ros2_slam_nav2/install/ros2_rada_driver_pub/share/ros2_rada_driver_pub/local_setup.dsv
-- Installing: /home/nvidia/workspace/alan/src/AMR_ros2_slam_nav2/install/ros2_rada_driver_pub/share/ros2_rada_driver_pub/package.dsv
-- Installing: /home/nvidia/workspace/alan/src/AMR_ros2_slam_nav2/install/ros2_rada_driver_pub/share/ament_index/resource_index/packages/ros2_rada_driver_pub
-- Installing: /home/nvidia/workspace/alan/src/AMR_ros2_slam_nav2/install/ros2_rada_driver_pub/share/ros2_rada_driver_pub/cmake/ros2_rada_driver_pubConfig.cmake
-- Installing: /home/nvidia/workspace/alan/src/AMR_ros2_slam_nav2/install/ros2_rada_driver_pub/share/ros2_rada_driver_pub/cmake/ros2_rada_driver_pubConfig-version.cmake
-- Installing: /home/nvidia/workspace/alan/src/AMR_ros2_slam_nav2/install/ros2_rada_driver_pub/share/ros2_rada_driver_pub/package.xml
