-- The C compiler identification is GNU 7.5.0
-- The CXX compiler identification is GNU 7.5.0
-- Check for working C compiler: /usr/bin/cc
-- Check for working C compiler: /usr/bin/cc -- works
-- Detecting C compiler ABI info
-- Detecting C compiler ABI info - done
-- Detecting C compile features
-- Detecting C compile features - done
-- Check for working CXX compiler: /usr/bin/c++
-- Check for working CXX compiler: /usr/bin/c++ -- works
-- Detecting CXX compiler ABI info
-- Detecting CXX compiler ABI info - done
-- Detecting CXX compile features
-- Detecting CXX compile features - done
-- Checking for module 'eigen3'
--   Found eigen3, version 3.3.4
-- Found Eigen: /usr/include/eigen3  
-- Eigen found (include: /usr/include/eigen3, version: 3.3.4)
-- Checking for module 'flann'
--   Found flann, version 1.9.1
-- FLANN found (include: , lib: flann;flann_cpp)
-- FLANN found (include: , lib: flann;flann_cpp)
-- The imported target "vtkRenderingPythonTkWidgets" references the file
   "/usr/lib/aarch64-linux-gnu/libvtkRenderingPythonTkWidgets.so"
but this file does not exist.  Possible reasons include:
* The file was deleted, renamed, or moved to another location.
* An install or uninstall procedure did not complete successfully.
* The installation package was faulty and contained
   "/usr/lib/cmake/vtk-6.3/VTKTargets.cmake"
but not all the files it references.

-- The imported target "vtk" references the file
   "/usr/bin/vtk"
but this file does not exist.  Possible reasons include:
* The file was deleted, renamed, or moved to another location.
* An install or uninstall procedure did not complete successfully.
* The installation package was faulty and contained
   "/usr/lib/cmake/vtk-6.3/VTKTargets.cmake"
but not all the files it references.

-- Checking for module 'libusb-1.0'
--   Found libusb-1.0, version 1.0.21
-- Found USB_10: /usr/lib/aarch64-linux-gnu/libusb-1.0.so  
-- OpenNI found (include: /usr/include/ni, lib: /usr/lib/libOpenNI.so)
-- OpenNI2 found (include: /usr/include/openni2, lib: /usr/lib/libOpenNI2.so)
-- Found libusb-1.0: /usr/include  
-- OpenNI found (include: /usr/include/ni, lib: /usr/lib/libOpenNI.so)
-- OpenNI2 found (include: /usr/include/openni2, lib: /usr/lib/libOpenNI2.so)
-- Found Qhull: optimized;/usr/lib/aarch64-linux-gnu/libqhull.so;debug;/usr/lib/aarch64-linux-gnu/libqhull.so  
-- QHULL found (include: /usr/include, lib: optimized;/usr/lib/aarch64-linux-gnu/libqhull.so;debug;/usr/lib/aarch64-linux-gnu/libqhull.so)
-- Found PCL_COMMON: /usr/local/lib/libpcl_common.so  
-- Found PCL_KDTREE: /usr/local/lib/libpcl_kdtree.so  
-- Found PCL_OCTREE: /usr/local/lib/libpcl_octree.so  
-- Found PCL_SEARCH: /usr/local/lib/libpcl_search.so  
-- Found PCL_SAMPLE_CONSENSUS: /usr/local/lib/libpcl_sample_consensus.so  
-- Found PCL_FILTERS: /usr/local/lib/libpcl_filters.so  
-- Found PCL_2D: /usr/local/include/pcl-1.9  
-- Found PCL_GEOMETRY: /usr/local/include/pcl-1.9  
-- Found PCL_IO: /usr/local/lib/libpcl_io.so  
-- Found PCL_FEATURES: /usr/local/lib/libpcl_features.so  
-- Found PCL_ML: /usr/local/lib/libpcl_ml.so  
-- Found PCL_SEGMENTATION: /usr/local/lib/libpcl_segmentation.so  
-- Found PCL_VISUALIZATION: /usr/local/lib/libpcl_visualization.so  
-- Found PCL_SURFACE: /usr/local/lib/libpcl_surface.so  
-- Found PCL_REGISTRATION: /usr/local/lib/libpcl_registration.so  
-- Found PCL_KEYPOINTS: /usr/local/lib/libpcl_keypoints.so  
-- Found PCL_TRACKING: /usr/local/lib/libpcl_tracking.so  
-- Found PCL_RECOGNITION: /usr/local/lib/libpcl_recognition.so  
-- Found PCL_STEREO: /usr/local/lib/libpcl_stereo.so  
-- Found PCL_OUTOFCORE: /usr/local/lib/libpcl_outofcore.so  
-- Found PCL_PEOPLE: /usr/local/lib/libpcl_people.so  
-- Found ament_cmake: 0.9.9 (/home/workspace/ros2/install/share/ament_cmake/cmake)
-- Found PythonInterp: /usr/bin/python3 (found suitable version "3.6.9", minimum required is "3") 
-- Using PYTHON_EXECUTABLE: /usr/bin/python3
-- Found pcl_conversions: 2.4.0 (/home/nvidia/workspace/alan/src/AMR_ros2_slam_nav2/install/pcl_conversions/share/pcl_conversions/cmake)
-- Using all available rosidl_typesupport_c: rosidl_typesupport_fastrtps_c;rosidl_typesupport_introspection_c
-- Found rosidl_adapter: 1.2.1 (/home/workspace/ros2/install/share/rosidl_adapter/cmake)
-- Found OpenSSL: /usr/lib/aarch64-linux-gnu/libcrypto.so (found version "1.1.1")  
-- Found FastRTPS: /home/workspace/ros2/install/include  
-- Using all available rosidl_typesupport_cpp: rosidl_typesupport_fastrtps_cpp;rosidl_typesupport_introspection_cpp
-- Found rmw_implementation_cmake: 1.0.3 (/home/workspace/ros2/install/share/rmw_implementation_cmake/cmake)
-- Using RMW implementation 'rmw_fastrtps_cpp' as default
-- Found Threads: TRUE  
-- Found tf2: 0.13.12 (/home/workspace/ros2/install/share/tf2/cmake)
-- Found tf2_geometry_msgs: 0.13.12 (/home/workspace/ros2/install/share/tf2_geometry_msgs/cmake)
-- Found eigen3_cmake_module: 0.1.1 (/home/workspace/ros2/install/share/eigen3_cmake_module/cmake)
-- Found Eigen3: TRUE (found version "3.3.4") 
-- Found ament_lint_auto: 0.9.6 (/home/workspace/ros2/install/share/ament_lint_auto/cmake)
-- Added test 'cppcheck' to perform static code analysis on C / C++ code
-- Configured cppcheck include dirs: /home/nvidia/workspace/alan/src/AMR_ros2_slam_nav2/perception_pcl/pcl_ros/include
-- Configured cppcheck exclude dirs and/or files: 
-- Added test 'cpplint' to check C / C++ code against the Google style
-- Configured cpplint exclude dirs and/or files: 
-- Added test 'flake8' to check Python code syntax and style conventions
-- Added test 'lint_cmake' to check CMake code style
-- Added test 'pep257' to check Python code against some of the style conventions in PEP 257
-- Added test 'uncrustify' to check C / C++ code style
-- Configured uncrustify additional arguments: 
-- Added test 'xmllint' to check XML markup files
-- Configuring done
-- Generating done
-- Build files have been written to: /home/nvidia/workspace/alan/src/AMR_ros2_slam_nav2/build/pcl_ros
[35m[1mScanning dependencies of target pcl_ros_tf[0m
[ 50%] [32mBuilding CXX object CMakeFiles/pcl_ros_tf.dir/src/transforms.cpp.o[0m
[100%] [32m[1mLinking CXX static library libpcl_ros_tf.a[0m
[100%] Built target pcl_ros_tf
-- Install configuration: ""
-- Installing: /home/nvidia/workspace/alan/src/AMR_ros2_slam_nav2/install/pcl_ros/include
-- Installing: /home/nvidia/workspace/alan/src/AMR_ros2_slam_nav2/install/pcl_ros/include/pcl_ros
-- Installing: /home/nvidia/workspace/alan/src/AMR_ros2_slam_nav2/install/pcl_ros/include/pcl_ros/pcl_nodelet.hpp
-- Installing: /home/nvidia/workspace/alan/src/AMR_ros2_slam_nav2/install/pcl_ros/include/pcl_ros/publisher.hpp
-- Installing: /home/nvidia/workspace/alan/src/AMR_ros2_slam_nav2/install/pcl_ros/include/pcl_ros/transforms.hpp
-- Installing: /home/nvidia/workspace/alan/src/AMR_ros2_slam_nav2/install/pcl_ros/include/pcl_ros/filters
-- Installing: /home/nvidia/workspace/alan/src/AMR_ros2_slam_nav2/install/pcl_ros/include/pcl_ros/filters/crop_box.hpp
-- Installing: /home/nvidia/workspace/alan/src/AMR_ros2_slam_nav2/install/pcl_ros/include/pcl_ros/filters/filter.hpp
-- Installing: /home/nvidia/workspace/alan/src/AMR_ros2_slam_nav2/install/pcl_ros/include/pcl_ros/filters/statistical_outlier_removal.hpp
-- Installing: /home/nvidia/workspace/alan/src/AMR_ros2_slam_nav2/install/pcl_ros/include/pcl_ros/filters/passthrough.hpp
-- Installing: /home/nvidia/workspace/alan/src/AMR_ros2_slam_nav2/install/pcl_ros/include/pcl_ros/filters/voxel_grid.hpp
-- Installing: /home/nvidia/workspace/alan/src/AMR_ros2_slam_nav2/install/pcl_ros/include/pcl_ros/filters/extract_indices.hpp
-- Installing: /home/nvidia/workspace/alan/src/AMR_ros2_slam_nav2/install/pcl_ros/include/pcl_ros/filters/radius_outlier_removal.hpp
-- Installing: /home/nvidia/workspace/alan/src/AMR_ros2_slam_nav2/install/pcl_ros/include/pcl_ros/filters/project_inliers.hpp
-- Installing: /home/nvidia/workspace/alan/src/AMR_ros2_slam_nav2/install/pcl_ros/include/pcl_ros/io
-- Installing: /home/nvidia/workspace/alan/src/AMR_ros2_slam_nav2/install/pcl_ros/include/pcl_ros/io/pcd_io.hpp
-- Installing: /home/nvidia/workspace/alan/src/AMR_ros2_slam_nav2/install/pcl_ros/include/pcl_ros/io/concatenate_fields.hpp
-- Installing: /home/nvidia/workspace/alan/src/AMR_ros2_slam_nav2/install/pcl_ros/include/pcl_ros/io/concatenate_data.hpp
-- Installing: /home/nvidia/workspace/alan/src/AMR_ros2_slam_nav2/install/pcl_ros/include/pcl_ros/io/bag_io.hpp
-- Installing: /home/nvidia/workspace/alan/src/AMR_ros2_slam_nav2/install/pcl_ros/include/pcl_ros/point_cloud.hpp
-- Installing: /home/nvidia/workspace/alan/src/AMR_ros2_slam_nav2/install/pcl_ros/include/pcl_ros/segmentation
-- Installing: /home/nvidia/workspace/alan/src/AMR_ros2_slam_nav2/install/pcl_ros/include/pcl_ros/segmentation/extract_clusters.hpp
-- Installing: /home/nvidia/workspace/alan/src/AMR_ros2_slam_nav2/install/pcl_ros/include/pcl_ros/segmentation/sac_segmentation.hpp
-- Installing: /home/nvidia/workspace/alan/src/AMR_ros2_slam_nav2/install/pcl_ros/include/pcl_ros/segmentation/segment_differences.hpp
-- Installing: /home/nvidia/workspace/alan/src/AMR_ros2_slam_nav2/install/pcl_ros/include/pcl_ros/segmentation/extract_polygonal_prism_data.hpp
-- Installing: /home/nvidia/workspace/alan/src/AMR_ros2_slam_nav2/install/pcl_ros/include/pcl_ros/features
-- Installing: /home/nvidia/workspace/alan/src/AMR_ros2_slam_nav2/install/pcl_ros/include/pcl_ros/features/pfh.hpp
-- Installing: /home/nvidia/workspace/alan/src/AMR_ros2_slam_nav2/install/pcl_ros/include/pcl_ros/features/moment_invariants.hpp
-- Installing: /home/nvidia/workspace/alan/src/AMR_ros2_slam_nav2/install/pcl_ros/include/pcl_ros/features/boundary.hpp
-- Installing: /home/nvidia/workspace/alan/src/AMR_ros2_slam_nav2/install/pcl_ros/include/pcl_ros/features/normal_3d.hpp
-- Installing: /home/nvidia/workspace/alan/src/AMR_ros2_slam_nav2/install/pcl_ros/include/pcl_ros/features/feature.hpp
-- Installing: /home/nvidia/workspace/alan/src/AMR_ros2_slam_nav2/install/pcl_ros/include/pcl_ros/features/principal_curvatures.hpp
-- Installing: /home/nvidia/workspace/alan/src/AMR_ros2_slam_nav2/install/pcl_ros/include/pcl_ros/features/shot_omp.hpp
-- Installing: /home/nvidia/workspace/alan/src/AMR_ros2_slam_nav2/install/pcl_ros/include/pcl_ros/features/normal_3d_omp.hpp
-- Installing: /home/nvidia/workspace/alan/src/AMR_ros2_slam_nav2/install/pcl_ros/include/pcl_ros/features/vfh.hpp
-- Installing: /home/nvidia/workspace/alan/src/AMR_ros2_slam_nav2/install/pcl_ros/include/pcl_ros/features/fpfh_omp.hpp
-- Installing: /home/nvidia/workspace/alan/src/AMR_ros2_slam_nav2/install/pcl_ros/include/pcl_ros/features/shot.hpp
-- Installing: /home/nvidia/workspace/alan/src/AMR_ros2_slam_nav2/install/pcl_ros/include/pcl_ros/features/normal_3d_tbb.hpp
-- Installing: /home/nvidia/workspace/alan/src/AMR_ros2_slam_nav2/install/pcl_ros/include/pcl_ros/features/fpfh.hpp
-- Installing: /home/nvidia/workspace/alan/src/AMR_ros2_slam_nav2/install/pcl_ros/include/pcl_ros/impl
-- Installing: /home/nvidia/workspace/alan/src/AMR_ros2_slam_nav2/install/pcl_ros/include/pcl_ros/impl/transforms.hpp
-- Installing: /home/nvidia/workspace/alan/src/AMR_ros2_slam_nav2/install/pcl_ros/include/pcl_ros/surface
-- Installing: /home/nvidia/workspace/alan/src/AMR_ros2_slam_nav2/install/pcl_ros/include/pcl_ros/surface/moving_least_squares.hpp
-- Installing: /home/nvidia/workspace/alan/src/AMR_ros2_slam_nav2/install/pcl_ros/include/pcl_ros/surface/convex_hull.hpp
-- Installing: /home/nvidia/workspace/alan/src/AMR_ros2_slam_nav2/install/pcl_ros/lib/libpcl_ros_tf.a
-- Installing: /home/nvidia/workspace/alan/src/AMR_ros2_slam_nav2/install/pcl_ros/share/pcl_ros/plugins
-- Installing: /home/nvidia/workspace/alan/src/AMR_ros2_slam_nav2/install/pcl_ros/share/pcl_ros/plugins/nodelet
-- Installing: /home/nvidia/workspace/alan/src/AMR_ros2_slam_nav2/install/pcl_ros/share/pcl_ros/plugins/nodelet/libpcl_ros_features.xml
-- Installing: /home/nvidia/workspace/alan/src/AMR_ros2_slam_nav2/install/pcl_ros/share/pcl_ros/plugins/nodelet/libpcl_ros_surface.xml
-- Installing: /home/nvidia/workspace/alan/src/AMR_ros2_slam_nav2/install/pcl_ros/share/pcl_ros/plugins/nodelet/libpcl_ros_io.xml
-- Installing: /home/nvidia/workspace/alan/src/AMR_ros2_slam_nav2/install/pcl_ros/share/pcl_ros/plugins/nodelet/libpcl_ros_filters.xml
-- Installing: /home/nvidia/workspace/alan/src/AMR_ros2_slam_nav2/install/pcl_ros/share/pcl_ros/plugins/nodelet/libpcl_ros_segmentation.xml
-- Installing: /home/nvidia/workspace/alan/src/AMR_ros2_slam_nav2/install/pcl_ros/share/pcl_ros/samples
-- Installing: /home/nvidia/workspace/alan/src/AMR_ros2_slam_nav2/install/pcl_ros/share/pcl_ros/samples/pcl_ros
-- Installing: /home/nvidia/workspace/alan/src/AMR_ros2_slam_nav2/install/pcl_ros/share/pcl_ros/samples/pcl_ros/filters
-- Installing: /home/nvidia/workspace/alan/src/AMR_ros2_slam_nav2/install/pcl_ros/share/pcl_ros/samples/pcl_ros/filters/config
-- Installing: /home/nvidia/workspace/alan/src/AMR_ros2_slam_nav2/install/pcl_ros/share/pcl_ros/samples/pcl_ros/filters/config/statistical_outlier_removal.rviz
-- Installing: /home/nvidia/workspace/alan/src/AMR_ros2_slam_nav2/install/pcl_ros/share/pcl_ros/samples/pcl_ros/filters/config/voxel_grid.rviz
-- Installing: /home/nvidia/workspace/alan/src/AMR_ros2_slam_nav2/install/pcl_ros/share/pcl_ros/samples/pcl_ros/filters/sample_statistical_outlier_removal.launch
-- Installing: /home/nvidia/workspace/alan/src/AMR_ros2_slam_nav2/install/pcl_ros/share/pcl_ros/samples/pcl_ros/filters/sample_voxel_grid.launch
-- Installing: /home/nvidia/workspace/alan/src/AMR_ros2_slam_nav2/install/pcl_ros/share/pcl_ros/samples/pcl_ros/io
-- Installing: /home/nvidia/workspace/alan/src/AMR_ros2_slam_nav2/install/pcl_ros/share/pcl_ros/samples/pcl_ros/io/sample_concatenate_data.launch
-- Installing: /home/nvidia/workspace/alan/src/AMR_ros2_slam_nav2/install/pcl_ros/share/pcl_ros/samples/pcl_ros/segmentation
-- Installing: /home/nvidia/workspace/alan/src/AMR_ros2_slam_nav2/install/pcl_ros/share/pcl_ros/samples/pcl_ros/segmentation/sample_extract_clusters.launch
-- Installing: /home/nvidia/workspace/alan/src/AMR_ros2_slam_nav2/install/pcl_ros/share/pcl_ros/samples/pcl_ros/features
-- Installing: /home/nvidia/workspace/alan/src/AMR_ros2_slam_nav2/install/pcl_ros/share/pcl_ros/samples/pcl_ros/features/sample_normal_3d.launch
-- Installing: /home/nvidia/workspace/alan/src/AMR_ros2_slam_nav2/install/pcl_ros/share/pcl_ros/samples/pcl_ros/surface
-- Installing: /home/nvidia/workspace/alan/src/AMR_ros2_slam_nav2/install/pcl_ros/share/pcl_ros/samples/pcl_ros/surface/sample_convex_hull.launch
-- Installing: /home/nvidia/workspace/alan/src/AMR_ros2_slam_nav2/install/pcl_ros/share/pcl_ros/samples/data
-- Installing: /home/nvidia/workspace/alan/src/AMR_ros2_slam_nav2/install/pcl_ros/share/pcl_ros/samples/data/.gitignore
-- Installing: /home/nvidia/workspace/alan/src/AMR_ros2_slam_nav2/install/pcl_ros/share/pcl_ros/environment/library_path.sh
-- Installing: /home/nvidia/workspace/alan/src/AMR_ros2_slam_nav2/install/pcl_ros/share/pcl_ros/environment/library_path.dsv
-- Installing: /home/nvidia/workspace/alan/src/AMR_ros2_slam_nav2/install/pcl_ros/share/ament_index/resource_index/package_run_dependencies/pcl_ros
-- Installing: /home/nvidia/workspace/alan/src/AMR_ros2_slam_nav2/install/pcl_ros/share/ament_index/resource_index/parent_prefix_path/pcl_ros
-- Installing: /home/nvidia/workspace/alan/src/AMR_ros2_slam_nav2/install/pcl_ros/share/pcl_ros/environment/ament_prefix_path.sh
-- Installing: /home/nvidia/workspace/alan/src/AMR_ros2_slam_nav2/install/pcl_ros/share/pcl_ros/environment/ament_prefix_path.dsv
-- Installing: /home/nvidia/workspace/alan/src/AMR_ros2_slam_nav2/install/pcl_ros/share/pcl_ros/environment/path.sh
-- Installing: /home/nvidia/workspace/alan/src/AMR_ros2_slam_nav2/install/pcl_ros/share/pcl_ros/environment/path.dsv
-- Installing: /home/nvidia/workspace/alan/src/AMR_ros2_slam_nav2/install/pcl_ros/share/pcl_ros/local_setup.bash
-- Installing: /home/nvidia/workspace/alan/src/AMR_ros2_slam_nav2/install/pcl_ros/share/pcl_ros/local_setup.sh
-- Installing: /home/nvidia/workspace/alan/src/AMR_ros2_slam_nav2/install/pcl_ros/share/pcl_ros/local_setup.zsh
-- Installing: /home/nvidia/workspace/alan/src/AMR_ros2_slam_nav2/install/pcl_ros/share/pcl_ros/local_setup.dsv
-- Installing: /home/nvidia/workspace/alan/src/AMR_ros2_slam_nav2/install/pcl_ros/share/pcl_ros/package.dsv
-- Installing: /home/nvidia/workspace/alan/src/AMR_ros2_slam_nav2/install/pcl_ros/share/ament_index/resource_index/packages/pcl_ros
-- Installing: /home/nvidia/workspace/alan/src/AMR_ros2_slam_nav2/install/pcl_ros/share/pcl_ros/cmake/export_pcl_rosExport.cmake
-- Installing: /home/nvidia/workspace/alan/src/AMR_ros2_slam_nav2/install/pcl_ros/share/pcl_ros/cmake/export_pcl_rosExport-noconfig.cmake
-- Installing: /home/nvidia/workspace/alan/src/AMR_ros2_slam_nav2/install/pcl_ros/share/pcl_ros/cmake/ament_cmake_export_include_directories-extras.cmake
-- Installing: /home/nvidia/workspace/alan/src/AMR_ros2_slam_nav2/install/pcl_ros/share/pcl_ros/cmake/ament_cmake_export_libraries-extras.cmake
-- Installing: /home/nvidia/workspace/alan/src/AMR_ros2_slam_nav2/install/pcl_ros/share/pcl_ros/cmake/ament_cmake_export_dependencies-extras.cmake
-- Installing: /home/nvidia/workspace/alan/src/AMR_ros2_slam_nav2/install/pcl_ros/share/pcl_ros/cmake/ament_cmake_export_targets-extras.cmake
-- Installing: /home/nvidia/workspace/alan/src/AMR_ros2_slam_nav2/install/pcl_ros/share/pcl_ros/cmake/pcl_rosConfig.cmake
-- Installing: /home/nvidia/workspace/alan/src/AMR_ros2_slam_nav2/install/pcl_ros/share/pcl_ros/cmake/pcl_rosConfig-version.cmake
-- Installing: /home/nvidia/workspace/alan/src/AMR_ros2_slam_nav2/install/pcl_ros/share/pcl_ros/package.xml
