[2.897s] Invoking command in '/home/nvidia/workspace/alan/src/AMR_ros2_slam_nav2/navigation2/nav2_bringup/nav2_gazebo_spawner': PYTHONPATH=/home/nvidia/workspace/alan/src/AMR_ros2_slam_nav2/install/nav2_gazebo_spawner/lib/python3.6/site-packages:${PYTHONPATH} /usr/bin/python3 setup.py egg_info --egg-base ../../../build/nav2_gazebo_spawner build --build-base /home/nvidia/workspace/alan/src/AMR_ros2_slam_nav2/build/nav2_gazebo_spawner/build install --prefix /home/nvidia/workspace/alan/src/AMR_ros2_slam_nav2/install/nav2_gazebo_spawner --record /home/nvidia/workspace/alan/src/AMR_ros2_slam_nav2/build/nav2_gazebo_spawner/install.log --single-version-externally-managed
[4.053s] /home/nvidia/.local/lib/python3.6/site-packages/setuptools/dist.py:726: UserWarning: Usage of dash-separated 'script-dir' will not be supported in future versions. Please use the underscore name 'script_dir' instead
[4.054s]   % (opt, underscore_opt)
[4.064s] /home/nvidia/.local/lib/python3.6/site-packages/setuptools/dist.py:726: UserWarning: Usage of dash-separated 'install-scripts' will not be supported in future versions. Please use the underscore name 'install_scripts' instead
[4.065s]   % (opt, underscore_opt)
[4.216s] running egg_info
[4.218s] creating ../../../build/nav2_gazebo_spawner/nav2_gazebo_spawner.egg-info
[4.219s] writing ../../../build/nav2_gazebo_spawner/nav2_gazebo_spawner.egg-info/PKG-INFO
[4.220s] writing dependency_links to ../../../build/nav2_gazebo_spawner/nav2_gazebo_spawner.egg-info/dependency_links.txt
[4.221s] writing entry points to ../../../build/nav2_gazebo_spawner/nav2_gazebo_spawner.egg-info/entry_points.txt
[4.222s] writing requirements to ../../../build/nav2_gazebo_spawner/nav2_gazebo_spawner.egg-info/requires.txt
[4.222s] writing top-level names to ../../../build/nav2_gazebo_spawner/nav2_gazebo_spawner.egg-info/top_level.txt
[4.225s] writing manifest file '../../../build/nav2_gazebo_spawner/nav2_gazebo_spawner.egg-info/SOURCES.txt'
[4.231s] reading manifest file '../../../build/nav2_gazebo_spawner/nav2_gazebo_spawner.egg-info/SOURCES.txt'
[4.236s] writing manifest file '../../../build/nav2_gazebo_spawner/nav2_gazebo_spawner.egg-info/SOURCES.txt'
[4.237s] running build
[4.237s] running build_py
[4.238s] creating /home/nvidia/workspace/alan/src/AMR_ros2_slam_nav2/build/nav2_gazebo_spawner/build
[4.238s] creating /home/nvidia/workspace/alan/src/AMR_ros2_slam_nav2/build/nav2_gazebo_spawner/build/lib
[4.239s] creating /home/nvidia/workspace/alan/src/AMR_ros2_slam_nav2/build/nav2_gazebo_spawner/build/lib/nav2_gazebo_spawner
[4.239s] copying nav2_gazebo_spawner/__init__.py -> /home/nvidia/workspace/alan/src/AMR_ros2_slam_nav2/build/nav2_gazebo_spawner/build/lib/nav2_gazebo_spawner
[4.240s] /home/nvidia/.local/lib/python3.6/site-packages/setuptools/command/install.py:37: SetuptoolsDeprecationWarning: setup.py install is deprecated. Use build and pip and other standards-based tools.
[4.241s]   setuptools.SetuptoolsDeprecationWarning,
[4.241s] copying nav2_gazebo_spawner/nav2_gazebo_spawner.py -> /home/nvidia/workspace/alan/src/AMR_ros2_slam_nav2/build/nav2_gazebo_spawner/build/lib/nav2_gazebo_spawner
[4.242s] running install
[4.242s] running install_lib
[4.243s] creating /home/nvidia/workspace/alan/src/AMR_ros2_slam_nav2/install/nav2_gazebo_spawner/lib/python3.6/site-packages/nav2_gazebo_spawner
[4.243s] copying /home/nvidia/workspace/alan/src/AMR_ros2_slam_nav2/build/nav2_gazebo_spawner/build/lib/nav2_gazebo_spawner/__init__.py -> /home/nvidia/workspace/alan/src/AMR_ros2_slam_nav2/install/nav2_gazebo_spawner/lib/python3.6/site-packages/nav2_gazebo_spawner
[4.245s] copying /home/nvidia/workspace/alan/src/AMR_ros2_slam_nav2/build/nav2_gazebo_spawner/build/lib/nav2_gazebo_spawner/nav2_gazebo_spawner.py -> /home/nvidia/workspace/alan/src/AMR_ros2_slam_nav2/install/nav2_gazebo_spawner/lib/python3.6/site-packages/nav2_gazebo_spawner
[4.245s] byte-compiling /home/nvidia/workspace/alan/src/AMR_ros2_slam_nav2/install/nav2_gazebo_spawner/lib/python3.6/site-packages/nav2_gazebo_spawner/__init__.py to __init__.cpython-36.pyc
[4.246s] byte-compiling /home/nvidia/workspace/alan/src/AMR_ros2_slam_nav2/install/nav2_gazebo_spawner/lib/python3.6/site-packages/nav2_gazebo_spawner/nav2_gazebo_spawner.py to nav2_gazebo_spawner.cpython-36.pyc
[4.247s] running install_data
[4.249s] creating /home/nvidia/workspace/alan/src/AMR_ros2_slam_nav2/install/nav2_gazebo_spawner/share/ament_index
[4.250s] creating /home/nvidia/workspace/alan/src/AMR_ros2_slam_nav2/install/nav2_gazebo_spawner/share/ament_index/resource_index
[4.250s] creating /home/nvidia/workspace/alan/src/AMR_ros2_slam_nav2/install/nav2_gazebo_spawner/share/ament_index/resource_index/packages
[4.250s] copying resource/nav2_gazebo_spawner -> /home/nvidia/workspace/alan/src/AMR_ros2_slam_nav2/install/nav2_gazebo_spawner/share/ament_index/resource_index/packages
[4.251s] copying package.xml -> /home/nvidia/workspace/alan/src/AMR_ros2_slam_nav2/install/nav2_gazebo_spawner/share/nav2_gazebo_spawner
[4.251s] running install_egg_info
[4.255s] Copying ../../../build/nav2_gazebo_spawner/nav2_gazebo_spawner.egg-info to /home/nvidia/workspace/alan/src/AMR_ros2_slam_nav2/install/nav2_gazebo_spawner/lib/python3.6/site-packages/nav2_gazebo_spawner-0.3.0-py3.6.egg-info
[4.259s] running install_scripts
[4.322s] Installing nav2_gazebo_spawner script to /home/nvidia/workspace/alan/src/AMR_ros2_slam_nav2/install/nav2_gazebo_spawner/lib/nav2_gazebo_spawner
[4.324s] writing list of installed files to '/home/nvidia/workspace/alan/src/AMR_ros2_slam_nav2/build/nav2_gazebo_spawner/install.log'
[4.415s] Invoked command in '/home/nvidia/workspace/alan/src/AMR_ros2_slam_nav2/navigation2/nav2_bringup/nav2_gazebo_spawner' returned '0': PYTHONPATH=/home/nvidia/workspace/alan/src/AMR_ros2_slam_nav2/install/nav2_gazebo_spawner/lib/python3.6/site-packages:${PYTHONPATH} /usr/bin/python3 setup.py egg_info --egg-base ../../../build/nav2_gazebo_spawner build --build-base /home/nvidia/workspace/alan/src/AMR_ros2_slam_nav2/build/nav2_gazebo_spawner/build install --prefix /home/nvidia/workspace/alan/src/AMR_ros2_slam_nav2/install/nav2_gazebo_spawner --record /home/nvidia/workspace/alan/src/AMR_ros2_slam_nav2/build/nav2_gazebo_spawner/install.log --single-version-externally-managed
