[ 40%] Built target diagnostic_aggregator
[ 60%] Built target aggregator_node
[100%] Built target diagnostic_aggregator_analyzers
-- Install configuration: ""
-- Up-to-date: /home/nvidia/workspace/alan/src/AMR_ros2_slam_nav2/install/diagnostic_aggregator/lib/diagnostic_aggregator/aggregator_node
-- Up-to-date: /home/nvidia/workspace/alan/src/AMR_ros2_slam_nav2/install/diagnostic_aggregator/lib/libdiagnostic_aggregator.so
-- Up-to-date: /home/nvidia/workspace/alan/src/AMR_ros2_slam_nav2/install/diagnostic_aggregator/lib/libdiagnostic_aggregator_analyzers.so
-- Up-to-date: /home/nvidia/workspace/alan/src/AMR_ros2_slam_nav2/install/diagnostic_aggregator/include
-- Up-to-date: /home/nvidia/workspace/alan/src/AMR_ros2_slam_nav2/install/diagnostic_aggregator/include/diagnostic_aggregator
-- Up-to-date: /home/nvidia/workspace/alan/src/AMR_ros2_slam_nav2/install/diagnostic_aggregator/include/diagnostic_aggregator/visibility_control.hpp
-- Up-to-date: /home/nvidia/workspace/alan/src/AMR_ros2_slam_nav2/install/diagnostic_aggregator/include/diagnostic_aggregator/discard_analyzer.hpp
-- Up-to-date: /home/nvidia/workspace/alan/src/AMR_ros2_slam_nav2/install/diagnostic_aggregator/include/diagnostic_aggregator/ignore_analyzer.hpp
-- Up-to-date: /home/nvidia/workspace/alan/src/AMR_ros2_slam_nav2/install/diagnostic_aggregator/include/diagnostic_aggregator/status_item.hpp
-- Up-to-date: /home/nvidia/workspace/alan/src/AMR_ros2_slam_nav2/install/diagnostic_aggregator/include/diagnostic_aggregator/generic_analyzer.hpp
-- Up-to-date: /home/nvidia/workspace/alan/src/AMR_ros2_slam_nav2/install/diagnostic_aggregator/include/diagnostic_aggregator/aggregator.hpp
-- Up-to-date: /home/nvidia/workspace/alan/src/AMR_ros2_slam_nav2/install/diagnostic_aggregator/include/diagnostic_aggregator/analyzer_group.hpp
-- Up-to-date: /home/nvidia/workspace/alan/src/AMR_ros2_slam_nav2/install/diagnostic_aggregator/include/diagnostic_aggregator/generic_analyzer_base.hpp
-- Up-to-date: /home/nvidia/workspace/alan/src/AMR_ros2_slam_nav2/install/diagnostic_aggregator/include/diagnostic_aggregator/analyzer.hpp
-- Up-to-date: /home/nvidia/workspace/alan/src/AMR_ros2_slam_nav2/install/diagnostic_aggregator/include/diagnostic_aggregator/other_analyzer.hpp
-- Up-to-date: /home/nvidia/workspace/alan/src/AMR_ros2_slam_nav2/install/diagnostic_aggregator/share/diagnostic_aggregator/environment/pythonpath.sh
-- Up-to-date: /home/nvidia/workspace/alan/src/AMR_ros2_slam_nav2/install/diagnostic_aggregator/share/diagnostic_aggregator/environment/pythonpath.dsv
-- Up-to-date: /home/nvidia/workspace/alan/src/AMR_ros2_slam_nav2/install/diagnostic_aggregator/lib/python3.6/site-packages/diagnostic_aggregator
-- Up-to-date: /home/nvidia/workspace/alan/src/AMR_ros2_slam_nav2/install/diagnostic_aggregator/lib/python3.6/site-packages/diagnostic_aggregator/__init__.py
Listing '/home/nvidia/workspace/alan/src/AMR_ros2_slam_nav2/install/diagnostic_aggregator/lib/python3.6/site-packages/diagnostic_aggregator'...
-- Up-to-date: /home/nvidia/workspace/alan/src/AMR_ros2_slam_nav2/install/diagnostic_aggregator/share/diagnostic_aggregator/example.launch.py
-- Up-to-date: /home/nvidia/workspace/alan/src/AMR_ros2_slam_nav2/install/diagnostic_aggregator/lib/diagnostic_aggregator/example_pub.py
-- Up-to-date: /home/nvidia/workspace/alan/src/AMR_ros2_slam_nav2/install/diagnostic_aggregator/share/diagnostic_aggregator/example.yaml
-- Up-to-date: /home/nvidia/workspace/alan/src/AMR_ros2_slam_nav2/install/diagnostic_aggregator/share/diagnostic_aggregator/plugin_description.xml
-- Up-to-date: /home/nvidia/workspace/alan/src/AMR_ros2_slam_nav2/install/diagnostic_aggregator/share/ament_index/resource_index/package_run_dependencies/diagnostic_aggregator
-- Up-to-date: /home/nvidia/workspace/alan/src/AMR_ros2_slam_nav2/install/diagnostic_aggregator/share/ament_index/resource_index/parent_prefix_path/diagnostic_aggregator
-- Up-to-date: /home/nvidia/workspace/alan/src/AMR_ros2_slam_nav2/install/diagnostic_aggregator/share/diagnostic_aggregator/environment/ament_prefix_path.sh
-- Up-to-date: /home/nvidia/workspace/alan/src/AMR_ros2_slam_nav2/install/diagnostic_aggregator/share/diagnostic_aggregator/environment/ament_prefix_path.dsv
-- Up-to-date: /home/nvidia/workspace/alan/src/AMR_ros2_slam_nav2/install/diagnostic_aggregator/share/diagnostic_aggregator/environment/path.sh
-- Up-to-date: /home/nvidia/workspace/alan/src/AMR_ros2_slam_nav2/install/diagnostic_aggregator/share/diagnostic_aggregator/environment/path.dsv
-- Up-to-date: /home/nvidia/workspace/alan/src/AMR_ros2_slam_nav2/install/diagnostic_aggregator/share/diagnostic_aggregator/local_setup.bash
-- Up-to-date: /home/nvidia/workspace/alan/src/AMR_ros2_slam_nav2/install/diagnostic_aggregator/share/diagnostic_aggregator/local_setup.sh
-- Up-to-date: /home/nvidia/workspace/alan/src/AMR_ros2_slam_nav2/install/diagnostic_aggregator/share/diagnostic_aggregator/local_setup.zsh
-- Up-to-date: /home/nvidia/workspace/alan/src/AMR_ros2_slam_nav2/install/diagnostic_aggregator/share/diagnostic_aggregator/local_setup.dsv
-- Installing: /home/nvidia/workspace/alan/src/AMR_ros2_slam_nav2/install/diagnostic_aggregator/share/diagnostic_aggregator/package.dsv
-- Up-to-date: /home/nvidia/workspace/alan/src/AMR_ros2_slam_nav2/install/diagnostic_aggregator/share/ament_index/resource_index/packages/diagnostic_aggregator
-- Up-to-date: /home/nvidia/workspace/alan/src/AMR_ros2_slam_nav2/install/diagnostic_aggregator/share/ament_index/resource_index/diagnostic_aggregator__pluginlib__plugin/diagnostic_aggregator
-- Up-to-date: /home/nvidia/workspace/alan/src/AMR_ros2_slam_nav2/install/diagnostic_aggregator/share/diagnostic_aggregator/cmake/ament_cmake_export_include_directories-extras.cmake
-- Up-to-date: /home/nvidia/workspace/alan/src/AMR_ros2_slam_nav2/install/diagnostic_aggregator/share/diagnostic_aggregator/cmake/ament_cmake_export_dependencies-extras.cmake
-- Up-to-date: /home/nvidia/workspace/alan/src/AMR_ros2_slam_nav2/install/diagnostic_aggregator/share/diagnostic_aggregator/cmake/diagnostic_aggregatorConfig.cmake
-- Up-to-date: /home/nvidia/workspace/alan/src/AMR_ros2_slam_nav2/install/diagnostic_aggregator/share/diagnostic_aggregator/cmake/diagnostic_aggregatorConfig-version.cmake
-- Up-to-date: /home/nvidia/workspace/alan/src/AMR_ros2_slam_nav2/install/diagnostic_aggregator/share/diagnostic_aggregator/package.xml
