Performing C SOURCE FILE Test CMAKE_HAVE_LIBC_PTHREAD failed with the following output:
Change Dir: /home/nvidia/workspace/alan/src/AMR_ros2_slam_nav2/build/dwb_core/CMakeFiles/CMakeTmp

Run Build Command(s):/usr/bin/make cmTC_ba591/fast && /usr/bin/make -f CMakeFiles/cmTC_ba591.dir/build.make CMakeFiles/cmTC_ba591.dir/build
make[1]: Entering directory '/home/nvidia/workspace/alan/src/AMR_ros2_slam_nav2/build/dwb_core/CMakeFiles/CMakeTmp'
Building C object CMakeFiles/cmTC_ba591.dir/src.c.o
/usr/bin/cc   -DCMAKE_HAVE_LIBC_PTHREAD   -o CMakeFiles/cmTC_ba591.dir/src.c.o   -c /home/nvidia/workspace/alan/src/AMR_ros2_slam_nav2/build/dwb_core/CMakeFiles/CMakeTmp/src.c
Linking C executable cmTC_ba591
/usr/local/bin/cmake -E cmake_link_script CMakeFiles/cmTC_ba591.dir/link.txt --verbose=1
/usr/bin/cc  -DCMAKE_HAVE_LIBC_PTHREAD    CMakeFiles/cmTC_ba591.dir/src.c.o  -o cmTC_ba591 
CMakeFiles/cmTC_ba591.dir/src.c.o: In function `main':
src.c:(.text+0x48): undefined reference to `pthread_create'
src.c:(.text+0x50): undefined reference to `pthread_detach'
src.c:(.text+0x5c): undefined reference to `pthread_join'
src.c:(.text+0x6c): undefined reference to `pthread_atfork'
collect2: error: ld returned 1 exit status
CMakeFiles/cmTC_ba591.dir/build.make:86: recipe for target 'cmTC_ba591' failed
make[1]: *** [cmTC_ba591] Error 1
make[1]: Leaving directory '/home/nvidia/workspace/alan/src/AMR_ros2_slam_nav2/build/dwb_core/CMakeFiles/CMakeTmp'
Makefile:121: recipe for target 'cmTC_ba591/fast' failed
make: *** [cmTC_ba591/fast] Error 2


Source file was:
#include <pthread.h>

void* test_func(void* data)
{
  return data;
}

int main(void)
{
  pthread_t thread;
  pthread_create(&thread, NULL, test_func, NULL);
  pthread_detach(thread);
  pthread_join(thread, NULL);
  pthread_atfork(NULL, NULL, NULL);
  pthread_exit(NULL);

  return 0;
}

Determining if the function pthread_create exists in the pthreads failed with the following output:
Change Dir: /home/nvidia/workspace/alan/src/AMR_ros2_slam_nav2/build/dwb_core/CMakeFiles/CMakeTmp

Run Build Command(s):/usr/bin/make cmTC_ef2ff/fast && /usr/bin/make -f CMakeFiles/cmTC_ef2ff.dir/build.make CMakeFiles/cmTC_ef2ff.dir/build
make[1]: Entering directory '/home/nvidia/workspace/alan/src/AMR_ros2_slam_nav2/build/dwb_core/CMakeFiles/CMakeTmp'
Building C object CMakeFiles/cmTC_ef2ff.dir/CheckFunctionExists.c.o
/usr/bin/cc   -DCHECK_FUNCTION_EXISTS=pthread_create   -o CMakeFiles/cmTC_ef2ff.dir/CheckFunctionExists.c.o   -c /usr/local/share/cmake-3.16/Modules/CheckFunctionExists.c
Linking C executable cmTC_ef2ff
/usr/local/bin/cmake -E cmake_link_script CMakeFiles/cmTC_ef2ff.dir/link.txt --verbose=1
/usr/bin/cc  -DCHECK_FUNCTION_EXISTS=pthread_create    CMakeFiles/cmTC_ef2ff.dir/CheckFunctionExists.c.o  -o cmTC_ef2ff  -lpthreads 
/usr/bin/ld: cannot find -lpthreads
collect2: error: ld returned 1 exit status
CMakeFiles/cmTC_ef2ff.dir/build.make:86: recipe for target 'cmTC_ef2ff' failed
make[1]: *** [cmTC_ef2ff] Error 1
make[1]: Leaving directory '/home/nvidia/workspace/alan/src/AMR_ros2_slam_nav2/build/dwb_core/CMakeFiles/CMakeTmp'
Makefile:121: recipe for target 'cmTC_ef2ff/fast' failed
make: *** [cmTC_ef2ff/fast] Error 2



