Performing C++ SOURCE FILE Test CMAKE_HAVE_LIBC_PTHREAD failed with the following output:
Change Dir: /home/nvidia/workspace/alan/src/AMR_ros2_slam_nav2/build/nav2_behavior_tree/CMakeFiles/CMakeTmp

Run Build Command(s):/usr/bin/make cmTC_87a6c/fast && /usr/bin/make -f CMakeFiles/cmTC_87a6c.dir/build.make CMakeFiles/cmTC_87a6c.dir/build
make[1]: Entering directory '/home/nvidia/workspace/alan/src/AMR_ros2_slam_nav2/build/nav2_behavior_tree/CMakeFiles/CMakeTmp'
Building CXX object CMakeFiles/cmTC_87a6c.dir/src.cxx.o
/usr/bin/c++    -DCMAKE_HAVE_LIBC_PTHREAD   -o CMakeFiles/cmTC_87a6c.dir/src.cxx.o -c /home/nvidia/workspace/alan/src/AMR_ros2_slam_nav2/build/nav2_behavior_tree/CMakeFiles/CMakeTmp/src.cxx
Linking CXX executable cmTC_87a6c
/usr/local/bin/cmake -E cmake_link_script CMakeFiles/cmTC_87a6c.dir/link.txt --verbose=1
/usr/bin/c++   -DCMAKE_HAVE_LIBC_PTHREAD    CMakeFiles/cmTC_87a6c.dir/src.cxx.o  -o cmTC_87a6c 
CMakeFiles/cmTC_87a6c.dir/src.cxx.o: In function `main':
src.cxx:(.text+0x48): undefined reference to `pthread_create'
src.cxx:(.text+0x50): undefined reference to `pthread_detach'
src.cxx:(.text+0x5c): undefined reference to `pthread_join'
src.cxx:(.text+0x6c): undefined reference to `pthread_atfork'
collect2: error: ld returned 1 exit status
CMakeFiles/cmTC_87a6c.dir/build.make:86: recipe for target 'cmTC_87a6c' failed
make[1]: *** [cmTC_87a6c] Error 1
make[1]: Leaving directory '/home/nvidia/workspace/alan/src/AMR_ros2_slam_nav2/build/nav2_behavior_tree/CMakeFiles/CMakeTmp'
Makefile:121: recipe for target 'cmTC_87a6c/fast' failed
make: *** [cmTC_87a6c/fast] Error 2


Source file was:
#include <pthread.h>

void* test_func(void* data)
{
  return data;
}

int main(void)
{
  pthread_t thread;
  pthread_create(&thread, NULL, test_func, NULL);
  pthread_detach(thread);
  pthread_join(thread, NULL);
  pthread_atfork(NULL, NULL, NULL);
  pthread_exit(NULL);

  return 0;
}

Determining if the function pthread_create exists in the pthreads failed with the following output:
Change Dir: /home/nvidia/workspace/alan/src/AMR_ros2_slam_nav2/build/nav2_behavior_tree/CMakeFiles/CMakeTmp

Run Build Command(s):/usr/bin/make cmTC_bdc6b/fast && /usr/bin/make -f CMakeFiles/cmTC_bdc6b.dir/build.make CMakeFiles/cmTC_bdc6b.dir/build
make[1]: Entering directory '/home/nvidia/workspace/alan/src/AMR_ros2_slam_nav2/build/nav2_behavior_tree/CMakeFiles/CMakeTmp'
Building CXX object CMakeFiles/cmTC_bdc6b.dir/CheckFunctionExists.cxx.o
/usr/bin/c++    -DCHECK_FUNCTION_EXISTS=pthread_create   -o CMakeFiles/cmTC_bdc6b.dir/CheckFunctionExists.cxx.o -c /home/nvidia/workspace/alan/src/AMR_ros2_slam_nav2/build/nav2_behavior_tree/CMakeFiles/CheckLibraryExists/CheckFunctionExists.cxx
Linking CXX executable cmTC_bdc6b
/usr/local/bin/cmake -E cmake_link_script CMakeFiles/cmTC_bdc6b.dir/link.txt --verbose=1
/usr/bin/c++   -DCHECK_FUNCTION_EXISTS=pthread_create    CMakeFiles/cmTC_bdc6b.dir/CheckFunctionExists.cxx.o  -o cmTC_bdc6b  -lpthreads 
/usr/bin/ld: cannot find -lpthreads
collect2: error: ld returned 1 exit status
CMakeFiles/cmTC_bdc6b.dir/build.make:86: recipe for target 'cmTC_bdc6b' failed
make[1]: *** [cmTC_bdc6b] Error 1
make[1]: Leaving directory '/home/nvidia/workspace/alan/src/AMR_ros2_slam_nav2/build/nav2_behavior_tree/CMakeFiles/CMakeTmp'
Makefile:121: recipe for target 'cmTC_bdc6b/fast' failed
make: *** [cmTC_bdc6b/fast] Error 2



