-- Install configuration: ""
-- Up-to-date: /home/nvidia/workspace/alan/src/AMR_ros2_slam_nav2/install/amr_navigation2/share/amr_navigation2/launch
-- Up-to-date: /home/nvidia/workspace/alan/src/AMR_ros2_slam_nav2/install/amr_navigation2/share/amr_navigation2/launch/navigation2.launch.py
-- Up-to-date: /home/nvidia/workspace/alan/src/AMR_ros2_slam_nav2/install/amr_navigation2/share/amr_navigation2/map
-- Up-to-date: /home/nvidia/workspace/alan/src/AMR_ros2_slam_nav2/install/amr_navigation2/share/amr_navigation2/map/amr_world.pgm
-- Up-to-date: /home/nvidia/workspace/alan/src/AMR_ros2_slam_nav2/install/amr_navigation2/share/amr_navigation2/map/turtlebot3_world.pgm
-- Up-to-date: /home/nvidia/workspace/alan/src/AMR_ros2_slam_nav2/install/amr_navigation2/share/amr_navigation2/map/amr_world.yaml
-- Up-to-date: /home/nvidia/workspace/alan/src/AMR_ros2_slam_nav2/install/amr_navigation2/share/amr_navigation2/map/turtlebot3_world.yaml
-- Up-to-date: /home/nvidia/workspace/alan/src/AMR_ros2_slam_nav2/install/amr_navigation2/share/amr_navigation2/param
-- Up-to-date: /home/nvidia/workspace/alan/src/AMR_ros2_slam_nav2/install/amr_navigation2/share/amr_navigation2/param/waffle.yaml
-- Up-to-date: /home/nvidia/workspace/alan/src/AMR_ros2_slam_nav2/install/amr_navigation2/share/amr_navigation2/param/burger.yaml
-- Up-to-date: /home/nvidia/workspace/alan/src/AMR_ros2_slam_nav2/install/amr_navigation2/share/amr_navigation2/param/amr.yaml
-- Up-to-date: /home/nvidia/workspace/alan/src/AMR_ros2_slam_nav2/install/amr_navigation2/share/amr_navigation2/param/amr.yaml_back
-- Up-to-date: /home/nvidia/workspace/alan/src/AMR_ros2_slam_nav2/install/amr_navigation2/share/amr_navigation2/param/waffle_pi.yaml
-- Up-to-date: /home/nvidia/workspace/alan/src/AMR_ros2_slam_nav2/install/amr_navigation2/share/amr_navigation2/rviz
-- Up-to-date: /home/nvidia/workspace/alan/src/AMR_ros2_slam_nav2/install/amr_navigation2/share/amr_navigation2/rviz/tb3_navigation2.rviz
-- Up-to-date: /home/nvidia/workspace/alan/src/AMR_ros2_slam_nav2/install/amr_navigation2/share/amr_navigation2/rviz/amr_navigation2.rviz
-- Up-to-date: /home/nvidia/workspace/alan/src/AMR_ros2_slam_nav2/install/amr_navigation2/share/ament_index/resource_index/package_run_dependencies/amr_navigation2
-- Up-to-date: /home/nvidia/workspace/alan/src/AMR_ros2_slam_nav2/install/amr_navigation2/share/ament_index/resource_index/parent_prefix_path/amr_navigation2
-- Up-to-date: /home/nvidia/workspace/alan/src/AMR_ros2_slam_nav2/install/amr_navigation2/share/amr_navigation2/environment/ament_prefix_path.sh
-- Up-to-date: /home/nvidia/workspace/alan/src/AMR_ros2_slam_nav2/install/amr_navigation2/share/amr_navigation2/environment/ament_prefix_path.dsv
-- Up-to-date: /home/nvidia/workspace/alan/src/AMR_ros2_slam_nav2/install/amr_navigation2/share/amr_navigation2/environment/path.sh
-- Up-to-date: /home/nvidia/workspace/alan/src/AMR_ros2_slam_nav2/install/amr_navigation2/share/amr_navigation2/environment/path.dsv
-- Up-to-date: /home/nvidia/workspace/alan/src/AMR_ros2_slam_nav2/install/amr_navigation2/share/amr_navigation2/local_setup.bash
-- Up-to-date: /home/nvidia/workspace/alan/src/AMR_ros2_slam_nav2/install/amr_navigation2/share/amr_navigation2/local_setup.sh
-- Up-to-date: /home/nvidia/workspace/alan/src/AMR_ros2_slam_nav2/install/amr_navigation2/share/amr_navigation2/local_setup.zsh
-- Up-to-date: /home/nvidia/workspace/alan/src/AMR_ros2_slam_nav2/install/amr_navigation2/share/amr_navigation2/local_setup.dsv
-- Installing: /home/nvidia/workspace/alan/src/AMR_ros2_slam_nav2/install/amr_navigation2/share/amr_navigation2/package.dsv
-- Up-to-date: /home/nvidia/workspace/alan/src/AMR_ros2_slam_nav2/install/amr_navigation2/share/ament_index/resource_index/packages/amr_navigation2
-- Up-to-date: /home/nvidia/workspace/alan/src/AMR_ros2_slam_nav2/install/amr_navigation2/share/amr_navigation2/cmake/amr_navigation2Config.cmake
-- Up-to-date: /home/nvidia/workspace/alan/src/AMR_ros2_slam_nav2/install/amr_navigation2/share/amr_navigation2/cmake/amr_navigation2Config-version.cmake
-- Up-to-date: /home/nvidia/workspace/alan/src/AMR_ros2_slam_nav2/install/amr_navigation2/share/amr_navigation2/package.xml
