[0.351s] Invoking command in '/home/nvidia/workspace/alan/src/AMR_ros2_slam_nav2/build/costmap_queue': AMENT_PREFIX_PATH=/home/nvidia/workspace/alan/src/AMR_ros2_slam_nav2/install/nav2_costmap_2d:/home/nvidia/workspace/alan/src/AMR_ros2_slam_nav2/install/nav2_util:/home/nvidia/workspace/alan/src/AMR_ros2_slam_nav2/install/nav2_voxel_grid:/home/nvidia/workspace/alan/src/AMR_ros2_slam_nav2/install/nav2_msgs:/home/nvidia/workspace/alan/src/AMR_ros2_slam_nav2/install/nav2_common:${AMENT_PREFIX_PATH} CMAKE_PREFIX_PATH=/home/nvidia/workspace/alan/src/AMR_ros2_slam_nav2/install/nav2_costmap_2d:/home/nvidia/workspace/alan/src/AMR_ros2_slam_nav2/install/nav2_util:/home/nvidia/workspace/alan/src/AMR_ros2_slam_nav2/install/nav2_voxel_grid:/home/nvidia/workspace/alan/src/AMR_ros2_slam_nav2/install/nav2_msgs:/home/nvidia/workspace/alan/src/AMR_ros2_slam_nav2/install/nav2_common:${CMAKE_PREFIX_PATH} LD_LIBRARY_PATH=/home/nvidia/workspace/alan/src/AMR_ros2_slam_nav2/install/nav2_costmap_2d/lib:/home/nvidia/workspace/alan/src/AMR_ros2_slam_nav2/install/nav2_util/lib:/home/nvidia/workspace/alan/src/AMR_ros2_slam_nav2/install/nav2_voxel_grid/lib:/home/nvidia/workspace/alan/src/AMR_ros2_slam_nav2/install/nav2_msgs/lib:/home/workspace/ros2/install/opt/yaml_cpp_vendor/lib:/home/workspace/ros2/install/opt/rviz_ogre_vendor/lib:/home/workspace/ros2/install/lib:/usr/local/cuda-10.2/lib64 PYTHONPATH=/home/nvidia/workspace/alan/src/AMR_ros2_slam_nav2/install/nav2_msgs/lib/python3.6/site-packages:/home/nvidia/workspace/alan/src/AMR_ros2_slam_nav2/install/nav2_common/lib/python3.6/site-packages:/home/workspace/ros2/install/lib/python3.6/site-packages:/usr/local/lib:/usr/local/cuda/bin /usr/local/bin/cmake /home/nvidia/workspace/alan/src/AMR_ros2_slam_nav2/navigation2/nav2_dwb_controller/costmap_queue -DCMAKE_INSTALL_PREFIX=/home/nvidia/workspace/alan/src/AMR_ros2_slam_nav2/install/costmap_queue
[0.938s] -- The C compiler identification is GNU 7.5.0
[1.438s] -- The CXX compiler identification is GNU 7.5.0
[1.539s] -- Check for working C compiler: /usr/bin/cc
[2.071s] -- Check for working C compiler: /usr/bin/cc -- works
[2.100s] -- Detecting C compiler ABI info
[2.748s] -- Detecting C compiler ABI info - done
[3.055s] -- Detecting C compile features
[3.077s] -- Detecting C compile features - done
[3.148s] -- Check for working CXX compiler: /usr/bin/c++
[3.795s] -- Check for working CXX compiler: /usr/bin/c++ -- works
[3.817s] -- Detecting CXX compiler ABI info
[4.508s] -- Detecting CXX compiler ABI info - done
[4.822s] -- Detecting CXX compile features
[4.830s] -- Detecting CXX compile features - done
[4.849s] -- Found ament_cmake: 0.9.9 (/home/workspace/ros2/install/share/ament_cmake/cmake)
[4.999s] -- Found PythonInterp: /usr/bin/python3 (found suitable version "3.6.9", minimum required is "3") 
[5.000s] -- Using PYTHON_EXECUTABLE: /usr/bin/python3
[6.255s] -- Found nav2_common: 0.4.7 (/home/nvidia/workspace/alan/src/AMR_ros2_slam_nav2/install/nav2_common/share/nav2_common/cmake)
[6.263s] -- Found nav2_costmap_2d: 0.4.7 (/home/nvidia/workspace/alan/src/AMR_ros2_slam_nav2/install/nav2_costmap_2d/share/nav2_costmap_2d/cmake)
[6.616s] -- Using all available rosidl_typesupport_c: rosidl_typesupport_fastrtps_c;rosidl_typesupport_introspection_c
[6.687s] -- Found rosidl_adapter: 1.2.1 (/home/workspace/ros2/install/share/rosidl_adapter/cmake)
[7.094s] -- Found OpenSSL: /usr/lib/aarch64-linux-gnu/libcrypto.so (found version "1.1.1")  
[7.255s] -- Found FastRTPS: /home/workspace/ros2/install/include  
[7.961s] -- Using all available rosidl_typesupport_cpp: rosidl_typesupport_fastrtps_cpp;rosidl_typesupport_introspection_cpp
[16.435s] -- Found rmw_implementation_cmake: 1.0.3 (/home/workspace/ros2/install/share/rmw_implementation_cmake/cmake)
[16.453s] -- Using RMW implementation 'rmw_fastrtps_cpp' as default
[16.459s] -- Looking for pthread.h
[16.648s] -- Looking for pthread.h - found
[16.650s] -- Performing Test CMAKE_HAVE_LIBC_PTHREAD
[16.851s] -- Performing Test CMAKE_HAVE_LIBC_PTHREAD - Failed
[16.853s] -- Looking for pthread_create in pthreads
[17.034s] -- Looking for pthread_create in pthreads - not found
[17.035s] -- Looking for pthread_create in pthread
[17.224s] -- Looking for pthread_create in pthread - found
[17.233s] -- Found Threads: TRUE  
[21.612s] -- Found Eigen3: TRUE (found version "3.3.4") 
[25.774s] -- Setting build type to Release as none was specified.
[27.770s] -- Found ament_lint_auto: 0.9.6 (/home/workspace/ros2/install/share/ament_lint_auto/cmake)
[28.448s] -- Found gtest sources under '/home/workspace/ros2/install/src/gtest_vendor': C++ tests using 'Google Test' will be built
[28.470s] -- Check if compiler accepts -pthread
[28.675s] -- Check if compiler accepts -pthread - yes
[32.839s] -- Added test 'cppcheck' to perform static code analysis on C / C++ code
[32.850s] -- Configured cppcheck include dirs: /home/nvidia/workspace/alan/src/AMR_ros2_slam_nav2/navigation2/nav2_dwb_controller/costmap_queue/include
[32.851s] -- Configured cppcheck exclude dirs and/or files: 
[32.860s] -- Added test 'cpplint' to check C / C++ code against the Google style
[32.860s] -- Configured cpplint exclude dirs and/or files: 
[32.868s] -- Added test 'lint_cmake' to check CMake code style
[32.879s] -- Added test 'uncrustify' to check C / C++ code style
[32.879s] -- Configured uncrustify additional arguments: 
[32.885s] -- Added test 'xmllint' to check XML markup files
[32.918s] -- Configuring done
[33.461s] -- Generating done
[33.476s] -- Build files have been written to: /home/nvidia/workspace/alan/src/AMR_ros2_slam_nav2/build/costmap_queue
[33.518s] Invoked command in '/home/nvidia/workspace/alan/src/AMR_ros2_slam_nav2/build/costmap_queue' returned '0': AMENT_PREFIX_PATH=/home/nvidia/workspace/alan/src/AMR_ros2_slam_nav2/install/nav2_costmap_2d:/home/nvidia/workspace/alan/src/AMR_ros2_slam_nav2/install/nav2_util:/home/nvidia/workspace/alan/src/AMR_ros2_slam_nav2/install/nav2_voxel_grid:/home/nvidia/workspace/alan/src/AMR_ros2_slam_nav2/install/nav2_msgs:/home/nvidia/workspace/alan/src/AMR_ros2_slam_nav2/install/nav2_common:${AMENT_PREFIX_PATH} CMAKE_PREFIX_PATH=/home/nvidia/workspace/alan/src/AMR_ros2_slam_nav2/install/nav2_costmap_2d:/home/nvidia/workspace/alan/src/AMR_ros2_slam_nav2/install/nav2_util:/home/nvidia/workspace/alan/src/AMR_ros2_slam_nav2/install/nav2_voxel_grid:/home/nvidia/workspace/alan/src/AMR_ros2_slam_nav2/install/nav2_msgs:/home/nvidia/workspace/alan/src/AMR_ros2_slam_nav2/install/nav2_common:${CMAKE_PREFIX_PATH} LD_LIBRARY_PATH=/home/nvidia/workspace/alan/src/AMR_ros2_slam_nav2/install/nav2_costmap_2d/lib:/home/nvidia/workspace/alan/src/AMR_ros2_slam_nav2/install/nav2_util/lib:/home/nvidia/workspace/alan/src/AMR_ros2_slam_nav2/install/nav2_voxel_grid/lib:/home/nvidia/workspace/alan/src/AMR_ros2_slam_nav2/install/nav2_msgs/lib:/home/workspace/ros2/install/opt/yaml_cpp_vendor/lib:/home/workspace/ros2/install/opt/rviz_ogre_vendor/lib:/home/workspace/ros2/install/lib:/usr/local/cuda-10.2/lib64 PYTHONPATH=/home/nvidia/workspace/alan/src/AMR_ros2_slam_nav2/install/nav2_msgs/lib/python3.6/site-packages:/home/nvidia/workspace/alan/src/AMR_ros2_slam_nav2/install/nav2_common/lib/python3.6/site-packages:/home/workspace/ros2/install/lib/python3.6/site-packages:/usr/local/lib:/usr/local/cuda/bin /usr/local/bin/cmake /home/nvidia/workspace/alan/src/AMR_ros2_slam_nav2/navigation2/nav2_dwb_controller/costmap_queue -DCMAKE_INSTALL_PREFIX=/home/nvidia/workspace/alan/src/AMR_ros2_slam_nav2/install/costmap_queue
[33.531s] Invoking command in '/home/nvidia/workspace/alan/src/AMR_ros2_slam_nav2/build/costmap_queue': AMENT_PREFIX_PATH=/home/nvidia/workspace/alan/src/AMR_ros2_slam_nav2/install/nav2_costmap_2d:/home/nvidia/workspace/alan/src/AMR_ros2_slam_nav2/install/nav2_util:/home/nvidia/workspace/alan/src/AMR_ros2_slam_nav2/install/nav2_voxel_grid:/home/nvidia/workspace/alan/src/AMR_ros2_slam_nav2/install/nav2_msgs:/home/nvidia/workspace/alan/src/AMR_ros2_slam_nav2/install/nav2_common:${AMENT_PREFIX_PATH} CMAKE_PREFIX_PATH=/home/nvidia/workspace/alan/src/AMR_ros2_slam_nav2/install/nav2_costmap_2d:/home/nvidia/workspace/alan/src/AMR_ros2_slam_nav2/install/nav2_util:/home/nvidia/workspace/alan/src/AMR_ros2_slam_nav2/install/nav2_voxel_grid:/home/nvidia/workspace/alan/src/AMR_ros2_slam_nav2/install/nav2_msgs:/home/nvidia/workspace/alan/src/AMR_ros2_slam_nav2/install/nav2_common:${CMAKE_PREFIX_PATH} LD_LIBRARY_PATH=/home/nvidia/workspace/alan/src/AMR_ros2_slam_nav2/install/nav2_costmap_2d/lib:/home/nvidia/workspace/alan/src/AMR_ros2_slam_nav2/install/nav2_util/lib:/home/nvidia/workspace/alan/src/AMR_ros2_slam_nav2/install/nav2_voxel_grid/lib:/home/nvidia/workspace/alan/src/AMR_ros2_slam_nav2/install/nav2_msgs/lib:/home/workspace/ros2/install/opt/yaml_cpp_vendor/lib:/home/workspace/ros2/install/opt/rviz_ogre_vendor/lib:/home/workspace/ros2/install/lib:/usr/local/cuda-10.2/lib64 PYTHONPATH=/home/nvidia/workspace/alan/src/AMR_ros2_slam_nav2/install/nav2_msgs/lib/python3.6/site-packages:/home/nvidia/workspace/alan/src/AMR_ros2_slam_nav2/install/nav2_common/lib/python3.6/site-packages:/home/workspace/ros2/install/lib/python3.6/site-packages:/usr/local/lib:/usr/local/cuda/bin /usr/local/bin/cmake --build /home/nvidia/workspace/alan/src/AMR_ros2_slam_nav2/build/costmap_queue -- -j8 -l8
[33.655s] [35m[1mScanning dependencies of target costmap_queue[0m
[33.703s] [  9%] [32mBuilding CXX object CMakeFiles/costmap_queue.dir/src/costmap_queue.cpp.o[0m
[36.314s] [ 18%] [32mBuilding CXX object CMakeFiles/costmap_queue.dir/src/limited_costmap_queue.cpp.o[0m
[37.918s] [ 27%] [32m[1mLinking CXX static library libcostmap_queue.a[0m
[37.967s] [ 27%] Built target costmap_queue
[37.985s] [35m[1mScanning dependencies of target gtest_main[0m
[38.032s] [ 36%] [32mBuilding CXX object gtest/CMakeFiles/gtest_main.dir/src/gtest_main.cc.o[0m
[40.294s] [ 45%] [32m[1mLinking CXX static library libgtest_main.a[0m
[40.345s] [ 45%] Built target gtest_main
[40.364s] [35m[1mScanning dependencies of target gtest[0m
[40.429s] [ 54%] [32mBuilding CXX object gtest/CMakeFiles/gtest.dir/src/gtest-all.cc.o[0m
[65.034s] [ 63%] [32m[1mLinking CXX static library libgtest.a[0m
[65.103s] [ 63%] Built target gtest
[65.128s] [35m[1mScanning dependencies of target mbq_test[0m
[65.204s] [ 72%] [32mBuilding CXX object CMakeFiles/mbq_test.dir/test/mbq_test.cpp.o[0m
[69.947s] [ 81%] [32m[1mLinking CXX executable mbq_test[0m
[70.543s] [ 81%] Built target mbq_test
[70.568s] [35m[1mScanning dependencies of target utest[0m
[70.800s] [ 90%] [32mBuilding CXX object CMakeFiles/utest.dir/test/utest.cpp.o[0m
[80.959s] [100%] [32m[1mLinking CXX executable utest[0m
[82.157s] [100%] Built target utest
[82.182s] Invoked command in '/home/nvidia/workspace/alan/src/AMR_ros2_slam_nav2/build/costmap_queue' returned '0': AMENT_PREFIX_PATH=/home/nvidia/workspace/alan/src/AMR_ros2_slam_nav2/install/nav2_costmap_2d:/home/nvidia/workspace/alan/src/AMR_ros2_slam_nav2/install/nav2_util:/home/nvidia/workspace/alan/src/AMR_ros2_slam_nav2/install/nav2_voxel_grid:/home/nvidia/workspace/alan/src/AMR_ros2_slam_nav2/install/nav2_msgs:/home/nvidia/workspace/alan/src/AMR_ros2_slam_nav2/install/nav2_common:${AMENT_PREFIX_PATH} CMAKE_PREFIX_PATH=/home/nvidia/workspace/alan/src/AMR_ros2_slam_nav2/install/nav2_costmap_2d:/home/nvidia/workspace/alan/src/AMR_ros2_slam_nav2/install/nav2_util:/home/nvidia/workspace/alan/src/AMR_ros2_slam_nav2/install/nav2_voxel_grid:/home/nvidia/workspace/alan/src/AMR_ros2_slam_nav2/install/nav2_msgs:/home/nvidia/workspace/alan/src/AMR_ros2_slam_nav2/install/nav2_common:${CMAKE_PREFIX_PATH} LD_LIBRARY_PATH=/home/nvidia/workspace/alan/src/AMR_ros2_slam_nav2/install/nav2_costmap_2d/lib:/home/nvidia/workspace/alan/src/AMR_ros2_slam_nav2/install/nav2_util/lib:/home/nvidia/workspace/alan/src/AMR_ros2_slam_nav2/install/nav2_voxel_grid/lib:/home/nvidia/workspace/alan/src/AMR_ros2_slam_nav2/install/nav2_msgs/lib:/home/workspace/ros2/install/opt/yaml_cpp_vendor/lib:/home/workspace/ros2/install/opt/rviz_ogre_vendor/lib:/home/workspace/ros2/install/lib:/usr/local/cuda-10.2/lib64 PYTHONPATH=/home/nvidia/workspace/alan/src/AMR_ros2_slam_nav2/install/nav2_msgs/lib/python3.6/site-packages:/home/nvidia/workspace/alan/src/AMR_ros2_slam_nav2/install/nav2_common/lib/python3.6/site-packages:/home/workspace/ros2/install/lib/python3.6/site-packages:/usr/local/lib:/usr/local/cuda/bin /usr/local/bin/cmake --build /home/nvidia/workspace/alan/src/AMR_ros2_slam_nav2/build/costmap_queue -- -j8 -l8
[82.330s] Invoking command in '/home/nvidia/workspace/alan/src/AMR_ros2_slam_nav2/build/costmap_queue': AMENT_PREFIX_PATH=/home/nvidia/workspace/alan/src/AMR_ros2_slam_nav2/install/nav2_costmap_2d:/home/nvidia/workspace/alan/src/AMR_ros2_slam_nav2/install/nav2_util:/home/nvidia/workspace/alan/src/AMR_ros2_slam_nav2/install/nav2_voxel_grid:/home/nvidia/workspace/alan/src/AMR_ros2_slam_nav2/install/nav2_msgs:/home/nvidia/workspace/alan/src/AMR_ros2_slam_nav2/install/nav2_common:${AMENT_PREFIX_PATH} CMAKE_PREFIX_PATH=/home/nvidia/workspace/alan/src/AMR_ros2_slam_nav2/install/nav2_costmap_2d:/home/nvidia/workspace/alan/src/AMR_ros2_slam_nav2/install/nav2_util:/home/nvidia/workspace/alan/src/AMR_ros2_slam_nav2/install/nav2_voxel_grid:/home/nvidia/workspace/alan/src/AMR_ros2_slam_nav2/install/nav2_msgs:/home/nvidia/workspace/alan/src/AMR_ros2_slam_nav2/install/nav2_common:${CMAKE_PREFIX_PATH} LD_LIBRARY_PATH=/home/nvidia/workspace/alan/src/AMR_ros2_slam_nav2/install/nav2_costmap_2d/lib:/home/nvidia/workspace/alan/src/AMR_ros2_slam_nav2/install/nav2_util/lib:/home/nvidia/workspace/alan/src/AMR_ros2_slam_nav2/install/nav2_voxel_grid/lib:/home/nvidia/workspace/alan/src/AMR_ros2_slam_nav2/install/nav2_msgs/lib:/home/workspace/ros2/install/opt/yaml_cpp_vendor/lib:/home/workspace/ros2/install/opt/rviz_ogre_vendor/lib:/home/workspace/ros2/install/lib:/usr/local/cuda-10.2/lib64 PYTHONPATH=/home/nvidia/workspace/alan/src/AMR_ros2_slam_nav2/install/nav2_msgs/lib/python3.6/site-packages:/home/nvidia/workspace/alan/src/AMR_ros2_slam_nav2/install/nav2_common/lib/python3.6/site-packages:/home/workspace/ros2/install/lib/python3.6/site-packages:/usr/local/lib:/usr/local/cuda/bin /usr/local/bin/cmake --install /home/nvidia/workspace/alan/src/AMR_ros2_slam_nav2/build/costmap_queue
[82.357s] -- Install configuration: "Release"
[82.362s] -- Installing: /home/nvidia/workspace/alan/src/AMR_ros2_slam_nav2/install/costmap_queue/lib/libcostmap_queue.a
[82.365s] -- Installing: /home/nvidia/workspace/alan/src/AMR_ros2_slam_nav2/install/costmap_queue/include/
[82.367s] -- Installing: /home/nvidia/workspace/alan/src/AMR_ros2_slam_nav2/install/costmap_queue/include//costmap_queue
[82.368s] -- Installing: /home/nvidia/workspace/alan/src/AMR_ros2_slam_nav2/install/costmap_queue/include//costmap_queue/limited_costmap_queue.hpp
[82.370s] -- Installing: /home/nvidia/workspace/alan/src/AMR_ros2_slam_nav2/install/costmap_queue/include//costmap_queue/costmap_queue.hpp
[82.372s] -- Installing: /home/nvidia/workspace/alan/src/AMR_ros2_slam_nav2/install/costmap_queue/include//costmap_queue/map_based_queue.hpp
[82.375s] -- Installing: /home/nvidia/workspace/alan/src/AMR_ros2_slam_nav2/install/costmap_queue/share/costmap_queue/environment/library_path.sh
[82.378s] -- Installing: /home/nvidia/workspace/alan/src/AMR_ros2_slam_nav2/install/costmap_queue/share/costmap_queue/environment/library_path.dsv
[82.381s] -- Installing: /home/nvidia/workspace/alan/src/AMR_ros2_slam_nav2/install/costmap_queue/share/ament_index/resource_index/package_run_dependencies/costmap_queue
[82.384s] -- Installing: /home/nvidia/workspace/alan/src/AMR_ros2_slam_nav2/install/costmap_queue/share/ament_index/resource_index/parent_prefix_path/costmap_queue
[82.387s] -- Installing: /home/nvidia/workspace/alan/src/AMR_ros2_slam_nav2/install/costmap_queue/share/costmap_queue/environment/ament_prefix_path.sh
[82.390s] -- Installing: /home/nvidia/workspace/alan/src/AMR_ros2_slam_nav2/install/costmap_queue/share/costmap_queue/environment/ament_prefix_path.dsv
[82.393s] -- Installing: /home/nvidia/workspace/alan/src/AMR_ros2_slam_nav2/install/costmap_queue/share/costmap_queue/environment/path.sh
[82.398s] -- Installing: /home/nvidia/workspace/alan/src/AMR_ros2_slam_nav2/install/costmap_queue/share/costmap_queue/environment/path.dsv
[82.401s] -- Installing: /home/nvidia/workspace/alan/src/AMR_ros2_slam_nav2/install/costmap_queue/share/costmap_queue/local_setup.bash
[82.405s] -- Installing: /home/nvidia/workspace/alan/src/AMR_ros2_slam_nav2/install/costmap_queue/share/costmap_queue/local_setup.sh
[82.408s] -- Installing: /home/nvidia/workspace/alan/src/AMR_ros2_slam_nav2/install/costmap_queue/share/costmap_queue/local_setup.zsh
[82.410s] -- Installing: /home/nvidia/workspace/alan/src/AMR_ros2_slam_nav2/install/costmap_queue/share/costmap_queue/local_setup.dsv
[82.413s] -- Installing: /home/nvidia/workspace/alan/src/AMR_ros2_slam_nav2/install/costmap_queue/share/costmap_queue/package.dsv
[82.416s] -- Installing: /home/nvidia/workspace/alan/src/AMR_ros2_slam_nav2/install/costmap_queue/share/ament_index/resource_index/packages/costmap_queue
[82.419s] -- Installing: /home/nvidia/workspace/alan/src/AMR_ros2_slam_nav2/install/costmap_queue/share/costmap_queue/cmake/ament_cmake_export_include_directories-extras.cmake
[82.422s] -- Installing: /home/nvidia/workspace/alan/src/AMR_ros2_slam_nav2/install/costmap_queue/share/costmap_queue/cmake/ament_cmake_export_libraries-extras.cmake
[82.425s] -- Installing: /home/nvidia/workspace/alan/src/AMR_ros2_slam_nav2/install/costmap_queue/share/costmap_queue/cmake/costmap_queueConfig.cmake
[82.426s] -- Installing: /home/nvidia/workspace/alan/src/AMR_ros2_slam_nav2/install/costmap_queue/share/costmap_queue/cmake/costmap_queueConfig-version.cmake
[82.430s] -- Installing: /home/nvidia/workspace/alan/src/AMR_ros2_slam_nav2/install/costmap_queue/share/costmap_queue/package.xml
[82.446s] Invoked command in '/home/nvidia/workspace/alan/src/AMR_ros2_slam_nav2/build/costmap_queue' returned '0': AMENT_PREFIX_PATH=/home/nvidia/workspace/alan/src/AMR_ros2_slam_nav2/install/nav2_costmap_2d:/home/nvidia/workspace/alan/src/AMR_ros2_slam_nav2/install/nav2_util:/home/nvidia/workspace/alan/src/AMR_ros2_slam_nav2/install/nav2_voxel_grid:/home/nvidia/workspace/alan/src/AMR_ros2_slam_nav2/install/nav2_msgs:/home/nvidia/workspace/alan/src/AMR_ros2_slam_nav2/install/nav2_common:${AMENT_PREFIX_PATH} CMAKE_PREFIX_PATH=/home/nvidia/workspace/alan/src/AMR_ros2_slam_nav2/install/nav2_costmap_2d:/home/nvidia/workspace/alan/src/AMR_ros2_slam_nav2/install/nav2_util:/home/nvidia/workspace/alan/src/AMR_ros2_slam_nav2/install/nav2_voxel_grid:/home/nvidia/workspace/alan/src/AMR_ros2_slam_nav2/install/nav2_msgs:/home/nvidia/workspace/alan/src/AMR_ros2_slam_nav2/install/nav2_common:${CMAKE_PREFIX_PATH} LD_LIBRARY_PATH=/home/nvidia/workspace/alan/src/AMR_ros2_slam_nav2/install/nav2_costmap_2d/lib:/home/nvidia/workspace/alan/src/AMR_ros2_slam_nav2/install/nav2_util/lib:/home/nvidia/workspace/alan/src/AMR_ros2_slam_nav2/install/nav2_voxel_grid/lib:/home/nvidia/workspace/alan/src/AMR_ros2_slam_nav2/install/nav2_msgs/lib:/home/workspace/ros2/install/opt/yaml_cpp_vendor/lib:/home/workspace/ros2/install/opt/rviz_ogre_vendor/lib:/home/workspace/ros2/install/lib:/usr/local/cuda-10.2/lib64 PYTHONPATH=/home/nvidia/workspace/alan/src/AMR_ros2_slam_nav2/install/nav2_msgs/lib/python3.6/site-packages:/home/nvidia/workspace/alan/src/AMR_ros2_slam_nav2/install/nav2_common/lib/python3.6/site-packages:/home/workspace/ros2/install/lib/python3.6/site-packages:/usr/local/lib:/usr/local/cuda/bin /usr/local/bin/cmake --install /home/nvidia/workspace/alan/src/AMR_ros2_slam_nav2/build/costmap_queue
