-- The C compiler identification is GNU 7.5.0
-- The CXX compiler identification is GNU 7.5.0
-- Check for working C compiler: /usr/bin/cc
-- Check for working C compiler: /usr/bin/cc -- works
-- Detecting C compiler ABI info
-- Detecting C compiler ABI info - done
-- Detecting C compile features
-- Detecting C compile features - done
-- Check for working CXX compiler: /usr/bin/c++
-- Check for working CXX compiler: /usr/bin/c++ -- works
-- Detecting CXX compiler ABI info
-- Detecting CXX compiler ABI info - done
-- Detecting CXX compile features
-- Detecting CXX compile features - done
-- Found ament_cmake: 0.9.9 (/home/workspace/ros2/install/share/ament_cmake/cmake)
-- Found PythonInterp: /usr/bin/python3 (found suitable version "3.6.9", minimum required is "3") 
-- Using PYTHON_EXECUTABLE: /usr/bin/python3
-- Configuring done
-- Generating done
-- Build files have been written to: /home/nvidia/workspace/alan/src/AMR_ros2_slam_nav2/build/amr_bringup
-- Install configuration: ""
-- Installing: /home/nvidia/workspace/alan/src/AMR_ros2_slam_nav2/install/amr_bringup/share/amr_bringup/launch
-- Installing: /home/nvidia/workspace/alan/src/AMR_ros2_slam_nav2/install/amr_bringup/share/amr_bringup/launch/rviz2.launch.py
-- Installing: /home/nvidia/workspace/alan/src/AMR_ros2_slam_nav2/install/amr_bringup/share/amr_bringup/launch/turtlebot3_state_publisher.launch.py
-- Installing: /home/nvidia/workspace/alan/src/AMR_ros2_slam_nav2/install/amr_bringup/share/amr_bringup/launch/robot.launch.py
-- Installing: /home/nvidia/workspace/alan/src/AMR_ros2_slam_nav2/install/amr_bringup/share/amr_bringup/launch/amr_state_publisher.launch.py
-- Installing: /home/nvidia/workspace/alan/src/AMR_ros2_slam_nav2/install/amr_bringup/share/amr_bringup/launch/robot_static_odom.launch.py
-- Installing: /home/nvidia/workspace/alan/src/AMR_ros2_slam_nav2/install/amr_bringup/share/amr_bringup/param
-- Installing: /home/nvidia/workspace/alan/src/AMR_ros2_slam_nav2/install/amr_bringup/share/amr_bringup/param/waffle.yaml
-- Installing: /home/nvidia/workspace/alan/src/AMR_ros2_slam_nav2/install/amr_bringup/share/amr_bringup/param/burger.yaml
-- Installing: /home/nvidia/workspace/alan/src/AMR_ros2_slam_nav2/install/amr_bringup/share/amr_bringup/param/amr.yaml
-- Installing: /home/nvidia/workspace/alan/src/AMR_ros2_slam_nav2/install/amr_bringup/share/amr_bringup/param/waffle_pi.yaml
-- Installing: /home/nvidia/workspace/alan/src/AMR_ros2_slam_nav2/install/amr_bringup/share/amr_bringup/script
-- Installing: /home/nvidia/workspace/alan/src/AMR_ros2_slam_nav2/install/amr_bringup/share/amr_bringup/script/99-turtlebot3-cdc.rules
-- Installing: /home/nvidia/workspace/alan/src/AMR_ros2_slam_nav2/install/amr_bringup/share/amr_bringup/script/create_udev_rules
-- Installing: /home/nvidia/workspace/alan/src/AMR_ros2_slam_nav2/install/amr_bringup/share/ament_index/resource_index/package_run_dependencies/amr_bringup
-- Installing: /home/nvidia/workspace/alan/src/AMR_ros2_slam_nav2/install/amr_bringup/share/ament_index/resource_index/parent_prefix_path/amr_bringup
-- Installing: /home/nvidia/workspace/alan/src/AMR_ros2_slam_nav2/install/amr_bringup/share/amr_bringup/environment/ament_prefix_path.sh
-- Installing: /home/nvidia/workspace/alan/src/AMR_ros2_slam_nav2/install/amr_bringup/share/amr_bringup/environment/ament_prefix_path.dsv
-- Installing: /home/nvidia/workspace/alan/src/AMR_ros2_slam_nav2/install/amr_bringup/share/amr_bringup/environment/path.sh
-- Installing: /home/nvidia/workspace/alan/src/AMR_ros2_slam_nav2/install/amr_bringup/share/amr_bringup/environment/path.dsv
-- Installing: /home/nvidia/workspace/alan/src/AMR_ros2_slam_nav2/install/amr_bringup/share/amr_bringup/local_setup.bash
-- Installing: /home/nvidia/workspace/alan/src/AMR_ros2_slam_nav2/install/amr_bringup/share/amr_bringup/local_setup.sh
-- Installing: /home/nvidia/workspace/alan/src/AMR_ros2_slam_nav2/install/amr_bringup/share/amr_bringup/local_setup.zsh
-- Installing: /home/nvidia/workspace/alan/src/AMR_ros2_slam_nav2/install/amr_bringup/share/amr_bringup/local_setup.dsv
-- Installing: /home/nvidia/workspace/alan/src/AMR_ros2_slam_nav2/install/amr_bringup/share/amr_bringup/package.dsv
-- Installing: /home/nvidia/workspace/alan/src/AMR_ros2_slam_nav2/install/amr_bringup/share/ament_index/resource_index/packages/amr_bringup
-- Installing: /home/nvidia/workspace/alan/src/AMR_ros2_slam_nav2/install/amr_bringup/share/amr_bringup/cmake/amr_bringupConfig.cmake
-- Installing: /home/nvidia/workspace/alan/src/AMR_ros2_slam_nav2/install/amr_bringup/share/amr_bringup/cmake/amr_bringupConfig-version.cmake
-- Installing: /home/nvidia/workspace/alan/src/AMR_ros2_slam_nav2/install/amr_bringup/share/amr_bringup/package.xml
