[0.078s] Invoking command in '/home/nvidia/workspace/alan/src/AMR_ros2_slam_nav2/build/amr_bringup': AMENT_PREFIX_PATH=/home/nvidia/workspace/alan/src/AMR_ros2_slam_nav2/install/yhs_chassis_description:/home/nvidia/workspace/alan/src/AMR_ros2_slam_nav2/install/hls_lfcd_lds_driver:/home/nvidia/workspace/alan/src/AMR_ros2_slam_nav2/install/amr_description:${AMENT_PREFIX_PATH} CMAKE_PREFIX_PATH=/home/nvidia/workspace/alan/src/AMR_ros2_slam_nav2/install/yhs_chassis_description:/home/nvidia/workspace/alan/src/AMR_ros2_slam_nav2/install/hls_lfcd_lds_driver:/home/nvidia/workspace/alan/src/AMR_ros2_slam_nav2/install/amr_description:${CMAKE_PREFIX_PATH} /usr/local/bin/cmake /home/nvidia/workspace/alan/src/AMR_ros2_slam_nav2/amr_bringup -DCMAKE_INSTALL_PREFIX=/home/nvidia/workspace/alan/src/AMR_ros2_slam_nav2/install/amr_bringup
[0.380s] -- The C compiler identification is GNU 7.5.0
[0.698s] -- The CXX compiler identification is GNU 7.5.0
[0.768s] -- Check for working C compiler: /usr/bin/cc
[0.986s] -- Check for working C compiler: /usr/bin/cc -- works
[0.997s] -- Detecting C compiler ABI info
[1.216s] -- Detecting C compiler ABI info - done
[1.394s] -- Detecting C compile features
[1.398s] -- Detecting C compile features - done
[1.428s] -- Check for working CXX compiler: /usr/bin/c++
[1.665s] -- Check for working CXX compiler: /usr/bin/c++ -- works
[1.678s] -- Detecting CXX compiler ABI info
[1.926s] -- Detecting CXX compiler ABI info - done
[2.137s] -- Detecting CXX compile features
[2.147s] -- Detecting CXX compile features - done
[2.165s] -- Found ament_cmake: 0.9.9 (/home/workspace/ros2/install/share/ament_cmake/cmake)
[2.313s] -- Found PythonInterp: /usr/bin/python3 (found suitable version "3.6.9", minimum required is "3") 
[2.313s] -- Using PYTHON_EXECUTABLE: /usr/bin/python3
[3.971s] -- Configuring done
[3.985s] -- Generating done
[3.992s] -- Build files have been written to: /home/nvidia/workspace/alan/src/AMR_ros2_slam_nav2/build/amr_bringup
[4.007s] Invoked command in '/home/nvidia/workspace/alan/src/AMR_ros2_slam_nav2/build/amr_bringup' returned '0': AMENT_PREFIX_PATH=/home/nvidia/workspace/alan/src/AMR_ros2_slam_nav2/install/yhs_chassis_description:/home/nvidia/workspace/alan/src/AMR_ros2_slam_nav2/install/hls_lfcd_lds_driver:/home/nvidia/workspace/alan/src/AMR_ros2_slam_nav2/install/amr_description:${AMENT_PREFIX_PATH} CMAKE_PREFIX_PATH=/home/nvidia/workspace/alan/src/AMR_ros2_slam_nav2/install/yhs_chassis_description:/home/nvidia/workspace/alan/src/AMR_ros2_slam_nav2/install/hls_lfcd_lds_driver:/home/nvidia/workspace/alan/src/AMR_ros2_slam_nav2/install/amr_description:${CMAKE_PREFIX_PATH} /usr/local/bin/cmake /home/nvidia/workspace/alan/src/AMR_ros2_slam_nav2/amr_bringup -DCMAKE_INSTALL_PREFIX=/home/nvidia/workspace/alan/src/AMR_ros2_slam_nav2/install/amr_bringup
[4.009s] Invoking command in '/home/nvidia/workspace/alan/src/AMR_ros2_slam_nav2/build/amr_bringup': AMENT_PREFIX_PATH=/home/nvidia/workspace/alan/src/AMR_ros2_slam_nav2/install/yhs_chassis_description:/home/nvidia/workspace/alan/src/AMR_ros2_slam_nav2/install/hls_lfcd_lds_driver:/home/nvidia/workspace/alan/src/AMR_ros2_slam_nav2/install/amr_description:${AMENT_PREFIX_PATH} CMAKE_PREFIX_PATH=/home/nvidia/workspace/alan/src/AMR_ros2_slam_nav2/install/yhs_chassis_description:/home/nvidia/workspace/alan/src/AMR_ros2_slam_nav2/install/hls_lfcd_lds_driver:/home/nvidia/workspace/alan/src/AMR_ros2_slam_nav2/install/amr_description:${CMAKE_PREFIX_PATH} /usr/local/bin/cmake --build /home/nvidia/workspace/alan/src/AMR_ros2_slam_nav2/build/amr_bringup -- -j8 -l8
[4.098s] Invoked command in '/home/nvidia/workspace/alan/src/AMR_ros2_slam_nav2/build/amr_bringup' returned '0': AMENT_PREFIX_PATH=/home/nvidia/workspace/alan/src/AMR_ros2_slam_nav2/install/yhs_chassis_description:/home/nvidia/workspace/alan/src/AMR_ros2_slam_nav2/install/hls_lfcd_lds_driver:/home/nvidia/workspace/alan/src/AMR_ros2_slam_nav2/install/amr_description:${AMENT_PREFIX_PATH} CMAKE_PREFIX_PATH=/home/nvidia/workspace/alan/src/AMR_ros2_slam_nav2/install/yhs_chassis_description:/home/nvidia/workspace/alan/src/AMR_ros2_slam_nav2/install/hls_lfcd_lds_driver:/home/nvidia/workspace/alan/src/AMR_ros2_slam_nav2/install/amr_description:${CMAKE_PREFIX_PATH} /usr/local/bin/cmake --build /home/nvidia/workspace/alan/src/AMR_ros2_slam_nav2/build/amr_bringup -- -j8 -l8
[4.156s] Invoking command in '/home/nvidia/workspace/alan/src/AMR_ros2_slam_nav2/build/amr_bringup': AMENT_PREFIX_PATH=/home/nvidia/workspace/alan/src/AMR_ros2_slam_nav2/install/yhs_chassis_description:/home/nvidia/workspace/alan/src/AMR_ros2_slam_nav2/install/hls_lfcd_lds_driver:/home/nvidia/workspace/alan/src/AMR_ros2_slam_nav2/install/amr_description:${AMENT_PREFIX_PATH} CMAKE_PREFIX_PATH=/home/nvidia/workspace/alan/src/AMR_ros2_slam_nav2/install/yhs_chassis_description:/home/nvidia/workspace/alan/src/AMR_ros2_slam_nav2/install/hls_lfcd_lds_driver:/home/nvidia/workspace/alan/src/AMR_ros2_slam_nav2/install/amr_description:${CMAKE_PREFIX_PATH} /usr/local/bin/cmake --install /home/nvidia/workspace/alan/src/AMR_ros2_slam_nav2/build/amr_bringup
[4.188s] -- Install configuration: ""
[4.189s] -- Installing: /home/nvidia/workspace/alan/src/AMR_ros2_slam_nav2/install/amr_bringup/share/amr_bringup/launch
[4.190s] -- Installing: /home/nvidia/workspace/alan/src/AMR_ros2_slam_nav2/install/amr_bringup/share/amr_bringup/launch/rviz2.launch.py
[4.191s] -- Installing: /home/nvidia/workspace/alan/src/AMR_ros2_slam_nav2/install/amr_bringup/share/amr_bringup/launch/turtlebot3_state_publisher.launch.py
[4.192s] -- Installing: /home/nvidia/workspace/alan/src/AMR_ros2_slam_nav2/install/amr_bringup/share/amr_bringup/launch/robot.launch.py
[4.192s] -- Installing: /home/nvidia/workspace/alan/src/AMR_ros2_slam_nav2/install/amr_bringup/share/amr_bringup/launch/amr_state_publisher.launch.py
[4.193s] -- Installing: /home/nvidia/workspace/alan/src/AMR_ros2_slam_nav2/install/amr_bringup/share/amr_bringup/launch/robot_static_odom.launch.py
[4.193s] -- Installing: /home/nvidia/workspace/alan/src/AMR_ros2_slam_nav2/install/amr_bringup/share/amr_bringup/param
[4.194s] -- Installing: /home/nvidia/workspace/alan/src/AMR_ros2_slam_nav2/install/amr_bringup/share/amr_bringup/param/waffle.yaml
[4.195s] -- Installing: /home/nvidia/workspace/alan/src/AMR_ros2_slam_nav2/install/amr_bringup/share/amr_bringup/param/burger.yaml
[4.196s] -- Installing: /home/nvidia/workspace/alan/src/AMR_ros2_slam_nav2/install/amr_bringup/share/amr_bringup/param/amr.yaml
[4.196s] -- Installing: /home/nvidia/workspace/alan/src/AMR_ros2_slam_nav2/install/amr_bringup/share/amr_bringup/param/waffle_pi.yaml
[4.197s] -- Installing: /home/nvidia/workspace/alan/src/AMR_ros2_slam_nav2/install/amr_bringup/share/amr_bringup/script
[4.197s] -- Installing: /home/nvidia/workspace/alan/src/AMR_ros2_slam_nav2/install/amr_bringup/share/amr_bringup/script/99-turtlebot3-cdc.rules
[4.198s] -- Installing: /home/nvidia/workspace/alan/src/AMR_ros2_slam_nav2/install/amr_bringup/share/amr_bringup/script/create_udev_rules
[4.198s] -- Installing: /home/nvidia/workspace/alan/src/AMR_ros2_slam_nav2/install/amr_bringup/share/ament_index/resource_index/package_run_dependencies/amr_bringup
[4.199s] -- Installing: /home/nvidia/workspace/alan/src/AMR_ros2_slam_nav2/install/amr_bringup/share/ament_index/resource_index/parent_prefix_path/amr_bringup
[4.199s] -- Installing: /home/nvidia/workspace/alan/src/AMR_ros2_slam_nav2/install/amr_bringup/share/amr_bringup/environment/ament_prefix_path.sh
[4.200s] -- Installing: /home/nvidia/workspace/alan/src/AMR_ros2_slam_nav2/install/amr_bringup/share/amr_bringup/environment/ament_prefix_path.dsv
[4.200s] -- Installing: /home/nvidia/workspace/alan/src/AMR_ros2_slam_nav2/install/amr_bringup/share/amr_bringup/environment/path.sh
[4.202s] -- Installing: /home/nvidia/workspace/alan/src/AMR_ros2_slam_nav2/install/amr_bringup/share/amr_bringup/environment/path.dsv
[4.237s] -- Installing: /home/nvidia/workspace/alan/src/AMR_ros2_slam_nav2/install/amr_bringup/share/amr_bringup/local_setup.bash
[4.238s] -- Installing: /home/nvidia/workspace/alan/src/AMR_ros2_slam_nav2/install/amr_bringup/share/amr_bringup/local_setup.sh
[4.238s] -- Installing: /home/nvidia/workspace/alan/src/AMR_ros2_slam_nav2/install/amr_bringup/share/amr_bringup/local_setup.zsh
[4.239s] -- Installing: /home/nvidia/workspace/alan/src/AMR_ros2_slam_nav2/install/amr_bringup/share/amr_bringup/local_setup.dsv
[4.239s] -- Installing: /home/nvidia/workspace/alan/src/AMR_ros2_slam_nav2/install/amr_bringup/share/amr_bringup/package.dsv
[4.239s] -- Installing: /home/nvidia/workspace/alan/src/AMR_ros2_slam_nav2/install/amr_bringup/share/ament_index/resource_index/packages/amr_bringup
[4.240s] -- Installing: /home/nvidia/workspace/alan/src/AMR_ros2_slam_nav2/install/amr_bringup/share/amr_bringup/cmake/amr_bringupConfig.cmake
[4.240s] -- Installing: /home/nvidia/workspace/alan/src/AMR_ros2_slam_nav2/install/amr_bringup/share/amr_bringup/cmake/amr_bringupConfig-version.cmake
[4.240s] -- Installing: /home/nvidia/workspace/alan/src/AMR_ros2_slam_nav2/install/amr_bringup/share/amr_bringup/package.xml
[4.241s] Invoked command in '/home/nvidia/workspace/alan/src/AMR_ros2_slam_nav2/build/amr_bringup' returned '0': AMENT_PREFIX_PATH=/home/nvidia/workspace/alan/src/AMR_ros2_slam_nav2/install/yhs_chassis_description:/home/nvidia/workspace/alan/src/AMR_ros2_slam_nav2/install/hls_lfcd_lds_driver:/home/nvidia/workspace/alan/src/AMR_ros2_slam_nav2/install/amr_description:${AMENT_PREFIX_PATH} CMAKE_PREFIX_PATH=/home/nvidia/workspace/alan/src/AMR_ros2_slam_nav2/install/yhs_chassis_description:/home/nvidia/workspace/alan/src/AMR_ros2_slam_nav2/install/hls_lfcd_lds_driver:/home/nvidia/workspace/alan/src/AMR_ros2_slam_nav2/install/amr_description:${CMAKE_PREFIX_PATH} /usr/local/bin/cmake --install /home/nvidia/workspace/alan/src/AMR_ros2_slam_nav2/build/amr_bringup
