[0.077s] Invoking command in '/home/nvidia/workspace/alan/src/AMR_ros2_slam_nav2/build/image_geometry': /usr/local/bin/cmake /home/nvidia/workspace/alan/src/AMR_ros2_slam_nav2/vision_opencv/image_geometry -DCMAKE_INSTALL_PREFIX=/home/nvidia/workspace/alan/src/AMR_ros2_slam_nav2/install/image_geometry
[0.443s] -- The C compiler identification is GNU 7.5.0
[0.767s] -- The CXX compiler identification is GNU 7.5.0
[0.850s] -- Check for working C compiler: /usr/bin/cc
[1.085s] -- Check for working C compiler: /usr/bin/cc -- works
[1.097s] -- Detecting C compiler ABI info
[1.335s] -- Detecting C compiler ABI info - done
[1.536s] -- Detecting C compile features
[1.542s] -- Detecting C compile features - done
[1.574s] -- Check for working CXX compiler: /usr/bin/c++
[1.805s] -- Check for working CXX compiler: /usr/bin/c++ -- works
[1.814s] -- Detecting CXX compiler ABI info
[2.061s] -- Detecting CXX compiler ABI info - done
[2.282s] -- Detecting CXX compile features
[2.288s] -- Detecting CXX compile features - done
[2.301s] -- Found ament_cmake_python: 0.9.9 (/home/workspace/ros2/install/share/ament_cmake_python/cmake)
[2.310s] -- Found ament_cmake_ros: 0.9.2 (/home/workspace/ros2/install/share/ament_cmake_ros/cmake)
[2.458s] -- Found PythonInterp: /usr/bin/python3 (found suitable version "3.6.9", minimum required is "3") 
[2.461s] -- Using PYTHON_EXECUTABLE: /usr/bin/python3
[3.602s] -- Found OpenCV: /usr (found version "4.1.1") found components: calib3d core highgui imgproc 
[3.610s] -- Found sensor_msgs: 2.0.4 (/home/workspace/ros2/install/share/sensor_msgs/cmake)
[3.881s] -- Using all available rosidl_typesupport_c: rosidl_typesupport_fastrtps_c;rosidl_typesupport_introspection_c
[3.947s] -- Found rosidl_adapter: 1.2.1 (/home/workspace/ros2/install/share/rosidl_adapter/cmake)
[4.287s] -- Found OpenSSL: /usr/lib/aarch64-linux-gnu/libcrypto.so (found version "1.1.1")  
[4.430s] -- Found FastRTPS: /home/workspace/ros2/install/include  
[5.224s] -- Using all available rosidl_typesupport_cpp: rosidl_typesupport_fastrtps_cpp;rosidl_typesupport_introspection_cpp
[7.542s] -- Found gtest sources under '/home/workspace/ros2/install/src/gtest_vendor': C++ tests using 'Google Test' will be built
[7.561s] -- Looking for pthread.h
[7.772s] -- Looking for pthread.h - found
[7.775s] -- Performing Test CMAKE_HAVE_LIBC_PTHREAD
[7.994s] -- Performing Test CMAKE_HAVE_LIBC_PTHREAD - Failed
[7.997s] -- Check if compiler accepts -pthread
[8.254s] -- Check if compiler accepts -pthread - yes
[8.269s] -- Found Threads: TRUE  
[8.863s] -- Configuring done
[8.990s] -- Generating done
[9.004s] -- Build files have been written to: /home/nvidia/workspace/alan/src/AMR_ros2_slam_nav2/build/image_geometry
[9.037s] Invoked command in '/home/nvidia/workspace/alan/src/AMR_ros2_slam_nav2/build/image_geometry' returned '0': /usr/local/bin/cmake /home/nvidia/workspace/alan/src/AMR_ros2_slam_nav2/vision_opencv/image_geometry -DCMAKE_INSTALL_PREFIX=/home/nvidia/workspace/alan/src/AMR_ros2_slam_nav2/install/image_geometry
[9.040s] Invoking command in '/home/nvidia/workspace/alan/src/AMR_ros2_slam_nav2/build/image_geometry': /usr/local/bin/cmake --build /home/nvidia/workspace/alan/src/AMR_ros2_slam_nav2/build/image_geometry -- -j8 -l8
[9.146s] [35m[1mScanning dependencies of target image_geometry[0m
[9.291s] [ 11%] [32mBuilding CXX object CMakeFiles/image_geometry.dir/src/pinhole_camera_model.cpp.o[0m
[13.450s] [ 22%] [32mBuilding CXX object CMakeFiles/image_geometry.dir/src/stereo_camera_model.cpp.o[0m
[16.916s] [ 33%] [32m[1mLinking CXX shared library libimage_geometry.so[0m
[17.160s] [ 33%] Built target image_geometry
[17.177s] [35m[1mScanning dependencies of target gtest_main[0m
[17.224s] [ 44%] [32mBuilding CXX object gtest/CMakeFiles/gtest_main.dir/src/gtest_main.cc.o[0m
[19.546s] [ 55%] [32m[1mLinking CXX static library libgtest_main.a[0m
[19.598s] [ 55%] Built target gtest_main
[19.615s] [35m[1mScanning dependencies of target gtest[0m
[19.690s] [ 66%] [32mBuilding CXX object gtest/CMakeFiles/gtest.dir/src/gtest-all.cc.o[0m
[29.878s] [ 77%] [32m[1mLinking CXX static library libgtest.a[0m
[30.020s] [ 77%] Built target gtest
[30.037s] [35m[1mScanning dependencies of target image_geometry-utest[0m
[30.173s] [ 88%] [32mBuilding CXX object test/CMakeFiles/image_geometry-utest.dir/utest.cpp.o[0m
[35.483s] [100%] [32m[1mLinking CXX executable image_geometry-utest[0m
[35.935s] [100%] Built target image_geometry-utest
[35.956s] Invoked command in '/home/nvidia/workspace/alan/src/AMR_ros2_slam_nav2/build/image_geometry' returned '0': /usr/local/bin/cmake --build /home/nvidia/workspace/alan/src/AMR_ros2_slam_nav2/build/image_geometry -- -j8 -l8
[36.094s] Invoking command in '/home/nvidia/workspace/alan/src/AMR_ros2_slam_nav2/build/image_geometry': /usr/local/bin/cmake --install /home/nvidia/workspace/alan/src/AMR_ros2_slam_nav2/build/image_geometry
[36.135s] -- Install configuration: ""
[36.135s] -- Installing: /home/nvidia/workspace/alan/src/AMR_ros2_slam_nav2/install/image_geometry/share/image_geometry/environment/pythonpath.sh
[36.136s] -- Installing: /home/nvidia/workspace/alan/src/AMR_ros2_slam_nav2/install/image_geometry/share/image_geometry/environment/pythonpath.dsv
[36.136s] -- Installing: /home/nvidia/workspace/alan/src/AMR_ros2_slam_nav2/install/image_geometry/lib/python3.6/site-packages/image_geometry
[36.136s] -- Installing: /home/nvidia/workspace/alan/src/AMR_ros2_slam_nav2/install/image_geometry/lib/python3.6/site-packages/image_geometry/__init__.py
[36.137s] -- Installing: /home/nvidia/workspace/alan/src/AMR_ros2_slam_nav2/install/image_geometry/lib/python3.6/site-packages/image_geometry/cameramodels.py
[36.244s] Listing '/home/nvidia/workspace/alan/src/AMR_ros2_slam_nav2/install/image_geometry/lib/python3.6/site-packages/image_geometry'...
[36.245s] Compiling '/home/nvidia/workspace/alan/src/AMR_ros2_slam_nav2/install/image_geometry/lib/python3.6/site-packages/image_geometry/__init__.py'...
[36.247s] Compiling '/home/nvidia/workspace/alan/src/AMR_ros2_slam_nav2/install/image_geometry/lib/python3.6/site-packages/image_geometry/cameramodels.py'...
[36.266s] -- Installing: /home/nvidia/workspace/alan/src/AMR_ros2_slam_nav2/install/image_geometry/include/image_geometry
[36.266s] -- Installing: /home/nvidia/workspace/alan/src/AMR_ros2_slam_nav2/install/image_geometry/include/image_geometry/visibility_control.hpp
[36.267s] -- Installing: /home/nvidia/workspace/alan/src/AMR_ros2_slam_nav2/install/image_geometry/include/image_geometry/pinhole_camera_model.h
[36.267s] -- Installing: /home/nvidia/workspace/alan/src/AMR_ros2_slam_nav2/install/image_geometry/include/image_geometry/stereo_camera_model.h
[36.268s] -- Installing: /home/nvidia/workspace/alan/src/AMR_ros2_slam_nav2/install/image_geometry/lib/libimage_geometry.so
[36.268s] -- Set runtime path of "/home/nvidia/workspace/alan/src/AMR_ros2_slam_nav2/install/image_geometry/lib/libimage_geometry.so" to ""
[36.269s] -- Installing: /home/nvidia/workspace/alan/src/AMR_ros2_slam_nav2/install/image_geometry/share/image_geometry/environment/library_path.sh
[36.269s] -- Installing: /home/nvidia/workspace/alan/src/AMR_ros2_slam_nav2/install/image_geometry/share/image_geometry/environment/library_path.dsv
[36.270s] -- Installing: /home/nvidia/workspace/alan/src/AMR_ros2_slam_nav2/install/image_geometry/share/ament_index/resource_index/package_run_dependencies/image_geometry
[36.270s] -- Installing: /home/nvidia/workspace/alan/src/AMR_ros2_slam_nav2/install/image_geometry/share/ament_index/resource_index/parent_prefix_path/image_geometry
[36.270s] -- Installing: /home/nvidia/workspace/alan/src/AMR_ros2_slam_nav2/install/image_geometry/share/image_geometry/environment/ament_prefix_path.sh
[36.272s] -- Installing: /home/nvidia/workspace/alan/src/AMR_ros2_slam_nav2/install/image_geometry/share/image_geometry/environment/ament_prefix_path.dsv
[36.272s] -- Installing: /home/nvidia/workspace/alan/src/AMR_ros2_slam_nav2/install/image_geometry/share/image_geometry/environment/path.sh
[36.273s] -- Installing: /home/nvidia/workspace/alan/src/AMR_ros2_slam_nav2/install/image_geometry/share/image_geometry/environment/path.dsv
[36.274s] -- Installing: /home/nvidia/workspace/alan/src/AMR_ros2_slam_nav2/install/image_geometry/share/image_geometry/local_setup.bash
[36.276s] -- Installing: /home/nvidia/workspace/alan/src/AMR_ros2_slam_nav2/install/image_geometry/share/image_geometry/local_setup.sh
[36.276s] -- Installing: /home/nvidia/workspace/alan/src/AMR_ros2_slam_nav2/install/image_geometry/share/image_geometry/local_setup.zsh
[36.277s] -- Installing: /home/nvidia/workspace/alan/src/AMR_ros2_slam_nav2/install/image_geometry/share/image_geometry/local_setup.dsv
[36.278s] -- Installing: /home/nvidia/workspace/alan/src/AMR_ros2_slam_nav2/install/image_geometry/share/image_geometry/package.dsv
[36.287s] -- Installing: /home/nvidia/workspace/alan/src/AMR_ros2_slam_nav2/install/image_geometry/share/ament_index/resource_index/packages/image_geometry
[36.288s] -- Installing: /home/nvidia/workspace/alan/src/AMR_ros2_slam_nav2/install/image_geometry/share/image_geometry/cmake/ament_cmake_export_libraries-extras.cmake
[36.290s] -- Installing: /home/nvidia/workspace/alan/src/AMR_ros2_slam_nav2/install/image_geometry/share/image_geometry/cmake/ament_cmake_export_dependencies-extras.cmake
[36.292s] -- Installing: /home/nvidia/workspace/alan/src/AMR_ros2_slam_nav2/install/image_geometry/share/image_geometry/cmake/ament_cmake_export_include_directories-extras.cmake
[36.293s] -- Installing: /home/nvidia/workspace/alan/src/AMR_ros2_slam_nav2/install/image_geometry/share/image_geometry/cmake/image_geometryConfig.cmake
[36.294s] -- Installing: /home/nvidia/workspace/alan/src/AMR_ros2_slam_nav2/install/image_geometry/share/image_geometry/cmake/image_geometryConfig-version.cmake
[36.295s] -- Installing: /home/nvidia/workspace/alan/src/AMR_ros2_slam_nav2/install/image_geometry/share/image_geometry/package.xml
[36.337s] Invoked command in '/home/nvidia/workspace/alan/src/AMR_ros2_slam_nav2/build/image_geometry' returned '0': /usr/local/bin/cmake --install /home/nvidia/workspace/alan/src/AMR_ros2_slam_nav2/build/image_geometry
