-- The C compiler identification is GNU 7.5.0
-- The CXX compiler identification is GNU 7.5.0
-- Check for working C compiler: /usr/bin/cc
-- Check for working C compiler: /usr/bin/cc -- works
-- Detecting C compiler ABI info
-- Detecting C compiler ABI info - done
-- Detecting C compile features
-- Detecting C compile features - done
-- Check for working CXX compiler: /usr/bin/c++
-- Check for working CXX compiler: /usr/bin/c++ -- works
-- Detecting CXX compiler ABI info
-- Detecting CXX compiler ABI info - done
-- Detecting CXX compile features
-- Detecting CXX compile features - done
-- Found ament_cmake: 0.9.9 (/home/workspace/ros2/install/share/ament_cmake/cmake)
-- Found PythonInterp: /usr/bin/python3 (found suitable version "3.6.9", minimum required is "3") 
-- Using PYTHON_EXECUTABLE: /usr/bin/python3
-- Found geometry_msgs: 2.0.4 (/home/workspace/ros2/install/share/geometry_msgs/cmake)
-- Using all available rosidl_typesupport_c: rosidl_typesupport_fastrtps_c;rosidl_typesupport_introspection_c
-- Found rosidl_adapter: 1.2.1 (/home/workspace/ros2/install/share/rosidl_adapter/cmake)
-- Found OpenSSL: /usr/lib/aarch64-linux-gnu/libcrypto.so (found version "1.1.1")  
-- Found FastRTPS: /home/workspace/ros2/install/include  
-- Using all available rosidl_typesupport_cpp: rosidl_typesupport_fastrtps_cpp;rosidl_typesupport_introspection_cpp
-- Found move_base_msgs: 2.0.2 (/home/workspace/ros2/install/share/move_base_msgs/cmake)
-- Found nav_msgs: 2.0.4 (/home/workspace/ros2/install/share/nav_msgs/cmake)
-- Found pcl_msgs: 0.2.0 (/home/nvidia/workspace/alan/src/AMR_ros2_slam_nav2/install/pcl_msgs/share/pcl_msgs/cmake)
-- Found tf2: 0.13.12 (/home/workspace/ros2/install/share/tf2/cmake)
-- Found rosidl_default_generators: 1.0.1 (/home/workspace/ros2/install/share/rosidl_default_generators/cmake)
-- Found PythonInterp: /usr/bin/python3 (found version "3.6.9") 
-- Found ament_cmake_ros: 0.9.2 (/home/workspace/ros2/install/share/ament_cmake_ros/cmake)
-- Using all available rosidl_typesupport_c: rosidl_typesupport_fastrtps_c;rosidl_typesupport_introspection_c
-- Using all available rosidl_typesupport_cpp: rosidl_typesupport_fastrtps_cpp;rosidl_typesupport_introspection_cpp
-- Found PythonInterp: /usr/bin/python3 (found suitable version "3.6.9", minimum required is "3.5") 
-- Found python_cmake_module: 0.8.1 (/home/workspace/ros2/install/share/python_cmake_module/cmake)
-- Found PythonLibs: /usr/lib/aarch64-linux-gnu/libpython3.6m.so (found suitable version "3.6.9", minimum required is "3.5") 
-- Using PYTHON_EXECUTABLE: /usr/bin/python3
-- Using PYTHON_INCLUDE_DIRS: /usr/include/python3.6m
-- Using PYTHON_LIBRARIES: /usr/lib/aarch64-linux-gnu/libpython3.6m.so
-- Found PythonExtra: .so  
-- Found ament_lint_auto: 0.9.6 (/home/workspace/ros2/install/share/ament_lint_auto/cmake)
-- Added test 'copyright' to check source files copyright and LICENSE
-- Added test 'lint_cmake' to check CMake code style
-- Added test 'xmllint' to check XML markup files
-- Configuring done
-- Generating done
-- Build files have been written to: /home/nvidia/workspace/alan/src/AMR_ros2_slam_nav2/build/ros2_drive_package_msg
[35m[1mScanning dependencies of target ros2_drive_package_msg__cpp[0m
[  1%] [34m[1mGenerating C++ code for ROS interfaces[0m
[  1%] Built target ros2_drive_package_msg__cpp
[  2%] [34m[1mGenerating C code for ROS interfaces[0m
[35m[1mScanning dependencies of target ros2_drive_package_msg__rosidl_generator_c[0m
[  3%] [32mBuilding C object CMakeFiles/ros2_drive_package_msg__rosidl_generator_c.dir/rosidl_generator_c/ros2_drive_package_msg/msg/detail/bms_fb__functions.c.o[0m
[  4%] [32mBuilding C object CMakeFiles/ros2_drive_package_msg__rosidl_generator_c.dir/rosidl_generator_c/ros2_drive_package_msg/msg/detail/free_ctrl_cmd__functions.c.o[0m
[  5%] [32mBuilding C object CMakeFiles/ros2_drive_package_msg__rosidl_generator_c.dir/rosidl_generator_c/ros2_drive_package_msg/msg/detail/io_cmd__functions.c.o[0m
[  6%] [32mBuilding C object CMakeFiles/ros2_drive_package_msg__rosidl_generator_c.dir/rosidl_generator_c/ros2_drive_package_msg/msg/detail/io_fb__functions.c.o[0m
[  7%] [32mBuilding C object CMakeFiles/ros2_drive_package_msg__rosidl_generator_c.dir/rosidl_generator_c/ros2_drive_package_msg/msg/detail/l_wheel_fb__functions.c.o[0m
[  8%] [32mBuilding C object CMakeFiles/ros2_drive_package_msg__rosidl_generator_c.dir/rosidl_generator_c/ros2_drive_package_msg/msg/detail/r_wheel_fb__functions.c.o[0m
[  9%] [32mBuilding C object CMakeFiles/ros2_drive_package_msg__rosidl_generator_c.dir/rosidl_generator_c/ros2_drive_package_msg/msg/detail/ctrl_fb__functions.c.o[0m
[ 10%] [32mBuilding C object CMakeFiles/ros2_drive_package_msg__rosidl_generator_c.dir/rosidl_generator_c/ros2_drive_package_msg/msg/detail/ctrl_cmd__functions.c.o[0m
[ 11%] [32mBuilding C object CMakeFiles/ros2_drive_package_msg__rosidl_generator_c.dir/rosidl_generator_c/ros2_drive_package_msg/msg/detail/bms_flag_fb__functions.c.o[0m
[ 12%] [32m[1mLinking C shared library libros2_drive_package_msg__rosidl_generator_c.so[0m
[ 12%] Built target ros2_drive_package_msg__rosidl_generator_c
[ 13%] [34m[1mGenerating C++ type support dispatch for ROS interfaces[0m
[35m[1mScanning dependencies of target ros2_drive_package_msg__rosidl_typesupport_cpp[0m
[ 14%] [32mBuilding CXX object CMakeFiles/ros2_drive_package_msg__rosidl_typesupport_cpp.dir/rosidl_typesupport_cpp/ros2_drive_package_msg/msg/bms_fb__type_support.cpp.o[0m
[ 15%] [32mBuilding CXX object CMakeFiles/ros2_drive_package_msg__rosidl_typesupport_cpp.dir/rosidl_typesupport_cpp/ros2_drive_package_msg/msg/ctrl_fb__type_support.cpp.o[0m
[ 16%] [32mBuilding CXX object CMakeFiles/ros2_drive_package_msg__rosidl_typesupport_cpp.dir/rosidl_typesupport_cpp/ros2_drive_package_msg/msg/free_ctrl_cmd__type_support.cpp.o[0m
[ 17%] [32mBuilding CXX object CMakeFiles/ros2_drive_package_msg__rosidl_typesupport_cpp.dir/rosidl_typesupport_cpp/ros2_drive_package_msg/msg/io_cmd__type_support.cpp.o[0m
[ 18%] [32mBuilding CXX object CMakeFiles/ros2_drive_package_msg__rosidl_typesupport_cpp.dir/rosidl_typesupport_cpp/ros2_drive_package_msg/msg/io_fb__type_support.cpp.o[0m
[ 20%] [32mBuilding CXX object CMakeFiles/ros2_drive_package_msg__rosidl_typesupport_cpp.dir/rosidl_typesupport_cpp/ros2_drive_package_msg/msg/l_wheel_fb__type_support.cpp.o[0m
[ 21%] [32mBuilding CXX object CMakeFiles/ros2_drive_package_msg__rosidl_typesupport_cpp.dir/rosidl_typesupport_cpp/ros2_drive_package_msg/msg/r_wheel_fb__type_support.cpp.o[0m
[ 22%] [32mBuilding CXX object CMakeFiles/ros2_drive_package_msg__rosidl_typesupport_cpp.dir/rosidl_typesupport_cpp/ros2_drive_package_msg/msg/ctrl_cmd__type_support.cpp.o[0m
[ 23%] [32mBuilding CXX object CMakeFiles/ros2_drive_package_msg__rosidl_typesupport_cpp.dir/rosidl_typesupport_cpp/ros2_drive_package_msg/msg/bms_flag_fb__type_support.cpp.o[0m
[ 24%] [32m[1mLinking CXX shared library libros2_drive_package_msg__rosidl_typesupport_cpp.so[0m
[ 24%] Built target ros2_drive_package_msg__rosidl_typesupport_cpp
[ 25%] [34m[1mGenerating C introspection for ROS interfaces[0m
[35m[1mScanning dependencies of target ros2_drive_package_msg__rosidl_typesupport_introspection_c[0m
[ 26%] [32mBuilding C object CMakeFiles/ros2_drive_package_msg__rosidl_typesupport_introspection_c.dir/rosidl_typesupport_introspection_c/ros2_drive_package_msg/msg/detail/bms_fb__type_support.c.o[0m
[ 27%] [32mBuilding C object CMakeFiles/ros2_drive_package_msg__rosidl_typesupport_introspection_c.dir/rosidl_typesupport_introspection_c/ros2_drive_package_msg/msg/detail/free_ctrl_cmd__type_support.c.o[0m
[ 28%] [32mBuilding C object CMakeFiles/ros2_drive_package_msg__rosidl_typesupport_introspection_c.dir/rosidl_typesupport_introspection_c/ros2_drive_package_msg/msg/detail/io_cmd__type_support.c.o[0m
[ 29%] [32mBuilding C object CMakeFiles/ros2_drive_package_msg__rosidl_typesupport_introspection_c.dir/rosidl_typesupport_introspection_c/ros2_drive_package_msg/msg/detail/io_fb__type_support.c.o[0m
[ 30%] [32mBuilding C object CMakeFiles/ros2_drive_package_msg__rosidl_typesupport_introspection_c.dir/rosidl_typesupport_introspection_c/ros2_drive_package_msg/msg/detail/l_wheel_fb__type_support.c.o[0m
[ 31%] [32mBuilding C object CMakeFiles/ros2_drive_package_msg__rosidl_typesupport_introspection_c.dir/rosidl_typesupport_introspection_c/ros2_drive_package_msg/msg/detail/r_wheel_fb__type_support.c.o[0m
[ 32%] [32mBuilding C object CMakeFiles/ros2_drive_package_msg__rosidl_typesupport_introspection_c.dir/rosidl_typesupport_introspection_c/ros2_drive_package_msg/msg/detail/ctrl_fb__type_support.c.o[0m
[ 33%] [32mBuilding C object CMakeFiles/ros2_drive_package_msg__rosidl_typesupport_introspection_c.dir/rosidl_typesupport_introspection_c/ros2_drive_package_msg/msg/detail/ctrl_cmd__type_support.c.o[0m
[ 34%] [32mBuilding C object CMakeFiles/ros2_drive_package_msg__rosidl_typesupport_introspection_c.dir/rosidl_typesupport_introspection_c/ros2_drive_package_msg/msg/detail/bms_flag_fb__type_support.c.o[0m
[ 35%] [32m[1mLinking C shared library libros2_drive_package_msg__rosidl_typesupport_introspection_c.so[0m
[ 35%] Built target ros2_drive_package_msg__rosidl_typesupport_introspection_c
[ 36%] [34m[1mGenerating C type support dispatch for ROS interfaces[0m
[35m[1mScanning dependencies of target ros2_drive_package_msg__rosidl_typesupport_c[0m
[ 37%] [32mBuilding CXX object CMakeFiles/ros2_drive_package_msg__rosidl_typesupport_c.dir/rosidl_typesupport_c/ros2_drive_package_msg/msg/bms_fb__type_support.cpp.o[0m
[ 38%] [32mBuilding CXX object CMakeFiles/ros2_drive_package_msg__rosidl_typesupport_c.dir/rosidl_typesupport_c/ros2_drive_package_msg/msg/io_cmd__type_support.cpp.o[0m
[ 40%] [32mBuilding CXX object CMakeFiles/ros2_drive_package_msg__rosidl_typesupport_c.dir/rosidl_typesupport_c/ros2_drive_package_msg/msg/io_fb__type_support.cpp.o[0m
[ 41%] [32mBuilding CXX object CMakeFiles/ros2_drive_package_msg__rosidl_typesupport_c.dir/rosidl_typesupport_c/ros2_drive_package_msg/msg/l_wheel_fb__type_support.cpp.o[0m
[ 42%] [32mBuilding CXX object CMakeFiles/ros2_drive_package_msg__rosidl_typesupport_c.dir/rosidl_typesupport_c/ros2_drive_package_msg/msg/r_wheel_fb__type_support.cpp.o[0m
[ 43%] [32mBuilding CXX object CMakeFiles/ros2_drive_package_msg__rosidl_typesupport_c.dir/rosidl_typesupport_c/ros2_drive_package_msg/msg/free_ctrl_cmd__type_support.cpp.o[0m
[ 44%] [32mBuilding CXX object CMakeFiles/ros2_drive_package_msg__rosidl_typesupport_c.dir/rosidl_typesupport_c/ros2_drive_package_msg/msg/ctrl_fb__type_support.cpp.o[0m
[ 45%] [32mBuilding CXX object CMakeFiles/ros2_drive_package_msg__rosidl_typesupport_c.dir/rosidl_typesupport_c/ros2_drive_package_msg/msg/ctrl_cmd__type_support.cpp.o[0m
[ 46%] [32mBuilding CXX object CMakeFiles/ros2_drive_package_msg__rosidl_typesupport_c.dir/rosidl_typesupport_c/ros2_drive_package_msg/msg/bms_flag_fb__type_support.cpp.o[0m
[ 47%] [32m[1mLinking CXX shared library libros2_drive_package_msg__rosidl_typesupport_c.so[0m
[ 47%] Built target ros2_drive_package_msg__rosidl_typesupport_c
[ 48%] [34m[1mGenerating C++ introspection for ROS interfaces[0m
[35m[1mScanning dependencies of target ros2_drive_package_msg__rosidl_typesupport_introspection_cpp[0m
[ 49%] [32mBuilding CXX object CMakeFiles/ros2_drive_package_msg__rosidl_typesupport_introspection_cpp.dir/rosidl_typesupport_introspection_cpp/ros2_drive_package_msg/msg/detail/bms_fb__type_support.cpp.o[0m
[ 50%] [32mBuilding CXX object CMakeFiles/ros2_drive_package_msg__rosidl_typesupport_introspection_cpp.dir/rosidl_typesupport_introspection_cpp/ros2_drive_package_msg/msg/detail/io_fb__type_support.cpp.o[0m
[ 51%] [32mBuilding CXX object CMakeFiles/ros2_drive_package_msg__rosidl_typesupport_introspection_cpp.dir/rosidl_typesupport_introspection_cpp/ros2_drive_package_msg/msg/detail/l_wheel_fb__type_support.cpp.o[0m
[ 52%] [32mBuilding CXX object CMakeFiles/ros2_drive_package_msg__rosidl_typesupport_introspection_cpp.dir/rosidl_typesupport_introspection_cpp/ros2_drive_package_msg/msg/detail/r_wheel_fb__type_support.cpp.o[0m
[ 53%] [32mBuilding CXX object CMakeFiles/ros2_drive_package_msg__rosidl_typesupport_introspection_cpp.dir/rosidl_typesupport_introspection_cpp/ros2_drive_package_msg/msg/detail/io_cmd__type_support.cpp.o[0m
[ 54%] [32mBuilding CXX object CMakeFiles/ros2_drive_package_msg__rosidl_typesupport_introspection_cpp.dir/rosidl_typesupport_introspection_cpp/ros2_drive_package_msg/msg/detail/free_ctrl_cmd__type_support.cpp.o[0m
[ 55%] [32mBuilding CXX object CMakeFiles/ros2_drive_package_msg__rosidl_typesupport_introspection_cpp.dir/rosidl_typesupport_introspection_cpp/ros2_drive_package_msg/msg/detail/ctrl_fb__type_support.cpp.o[0m
[ 56%] [32mBuilding CXX object CMakeFiles/ros2_drive_package_msg__rosidl_typesupport_introspection_cpp.dir/rosidl_typesupport_introspection_cpp/ros2_drive_package_msg/msg/detail/ctrl_cmd__type_support.cpp.o[0m
[ 57%] [32mBuilding CXX object CMakeFiles/ros2_drive_package_msg__rosidl_typesupport_introspection_cpp.dir/rosidl_typesupport_introspection_cpp/ros2_drive_package_msg/msg/detail/bms_flag_fb__type_support.cpp.o[0m
[ 58%] [32m[1mLinking CXX shared library libros2_drive_package_msg__rosidl_typesupport_introspection_cpp.so[0m
[ 58%] Built target ros2_drive_package_msg__rosidl_typesupport_introspection_cpp
[ 60%] [34m[1mGenerating C++ type support for eProsima Fast-RTPS[0m
[35m[1mScanning dependencies of target ros2_drive_package_msg__rosidl_typesupport_fastrtps_cpp[0m
[ 61%] [32mBuilding CXX object CMakeFiles/ros2_drive_package_msg__rosidl_typesupport_fastrtps_cpp.dir/rosidl_typesupport_fastrtps_cpp/ros2_drive_package_msg/msg/detail/dds_fastrtps/bms_fb__type_support.cpp.o[0m
[ 62%] [32mBuilding CXX object CMakeFiles/ros2_drive_package_msg__rosidl_typesupport_fastrtps_cpp.dir/rosidl_typesupport_fastrtps_cpp/ros2_drive_package_msg/msg/detail/dds_fastrtps/l_wheel_fb__type_support.cpp.o[0m
[ 63%] [32mBuilding CXX object CMakeFiles/ros2_drive_package_msg__rosidl_typesupport_fastrtps_cpp.dir/rosidl_typesupport_fastrtps_cpp/ros2_drive_package_msg/msg/detail/dds_fastrtps/r_wheel_fb__type_support.cpp.o[0m
[ 64%] [32mBuilding CXX object CMakeFiles/ros2_drive_package_msg__rosidl_typesupport_fastrtps_cpp.dir/rosidl_typesupport_fastrtps_cpp/ros2_drive_package_msg/msg/detail/dds_fastrtps/io_fb__type_support.cpp.o[0m
[ 65%] [32mBuilding CXX object CMakeFiles/ros2_drive_package_msg__rosidl_typesupport_fastrtps_cpp.dir/rosidl_typesupport_fastrtps_cpp/ros2_drive_package_msg/msg/detail/dds_fastrtps/io_cmd__type_support.cpp.o[0m
[ 66%] [32mBuilding CXX object CMakeFiles/ros2_drive_package_msg__rosidl_typesupport_fastrtps_cpp.dir/rosidl_typesupport_fastrtps_cpp/ros2_drive_package_msg/msg/detail/dds_fastrtps/free_ctrl_cmd__type_support.cpp.o[0m
[ 67%] [32mBuilding CXX object CMakeFiles/ros2_drive_package_msg__rosidl_typesupport_fastrtps_cpp.dir/rosidl_typesupport_fastrtps_cpp/ros2_drive_package_msg/msg/detail/dds_fastrtps/ctrl_fb__type_support.cpp.o[0m
[ 68%] [32mBuilding CXX object CMakeFiles/ros2_drive_package_msg__rosidl_typesupport_fastrtps_cpp.dir/rosidl_typesupport_fastrtps_cpp/ros2_drive_package_msg/msg/detail/dds_fastrtps/ctrl_cmd__type_support.cpp.o[0m
[ 69%] [32mBuilding CXX object CMakeFiles/ros2_drive_package_msg__rosidl_typesupport_fastrtps_cpp.dir/rosidl_typesupport_fastrtps_cpp/ros2_drive_package_msg/msg/detail/dds_fastrtps/bms_flag_fb__type_support.cpp.o[0m
[ 70%] [32m[1mLinking CXX shared library libros2_drive_package_msg__rosidl_typesupport_fastrtps_cpp.so[0m
[ 70%] Built target ros2_drive_package_msg__rosidl_typesupport_fastrtps_cpp
[ 71%] [34m[1mGenerating C type support for eProsima Fast-RTPS[0m
[35m[1mScanning dependencies of target ros2_drive_package_msg__rosidl_typesupport_fastrtps_c[0m
[ 72%] [32mBuilding CXX object CMakeFiles/ros2_drive_package_msg__rosidl_typesupport_fastrtps_c.dir/rosidl_typesupport_fastrtps_c/ros2_drive_package_msg/msg/detail/bms_fb__type_support_c.cpp.o[0m
[ 73%] [32mBuilding CXX object CMakeFiles/ros2_drive_package_msg__rosidl_typesupport_fastrtps_c.dir/rosidl_typesupport_fastrtps_c/ros2_drive_package_msg/msg/detail/l_wheel_fb__type_support_c.cpp.o[0m
[ 74%] [32mBuilding CXX object CMakeFiles/ros2_drive_package_msg__rosidl_typesupport_fastrtps_c.dir/rosidl_typesupport_fastrtps_c/ros2_drive_package_msg/msg/detail/r_wheel_fb__type_support_c.cpp.o[0m
[ 75%] [32mBuilding CXX object CMakeFiles/ros2_drive_package_msg__rosidl_typesupport_fastrtps_c.dir/rosidl_typesupport_fastrtps_c/ros2_drive_package_msg/msg/detail/io_fb__type_support_c.cpp.o[0m
[ 76%] [32mBuilding CXX object CMakeFiles/ros2_drive_package_msg__rosidl_typesupport_fastrtps_c.dir/rosidl_typesupport_fastrtps_c/ros2_drive_package_msg/msg/detail/io_cmd__type_support_c.cpp.o[0m
[ 77%] [32mBuilding CXX object CMakeFiles/ros2_drive_package_msg__rosidl_typesupport_fastrtps_c.dir/rosidl_typesupport_fastrtps_c/ros2_drive_package_msg/msg/detail/free_ctrl_cmd__type_support_c.cpp.o[0m
[ 78%] [32mBuilding CXX object CMakeFiles/ros2_drive_package_msg__rosidl_typesupport_fastrtps_c.dir/rosidl_typesupport_fastrtps_c/ros2_drive_package_msg/msg/detail/ctrl_fb__type_support_c.cpp.o[0m
[ 80%] [32mBuilding CXX object CMakeFiles/ros2_drive_package_msg__rosidl_typesupport_fastrtps_c.dir/rosidl_typesupport_fastrtps_c/ros2_drive_package_msg/msg/detail/ctrl_cmd__type_support_c.cpp.o[0m
[ 81%] [32mBuilding CXX object CMakeFiles/ros2_drive_package_msg__rosidl_typesupport_fastrtps_c.dir/rosidl_typesupport_fastrtps_c/ros2_drive_package_msg/msg/detail/bms_flag_fb__type_support_c.cpp.o[0m
[ 82%] [32m[1mLinking CXX shared library libros2_drive_package_msg__rosidl_typesupport_fastrtps_c.so[0m
[ 82%] Built target ros2_drive_package_msg__rosidl_typesupport_fastrtps_c
[35m[1mScanning dependencies of target ros2_drive_package_msg[0m
[ 82%] Built target ros2_drive_package_msg
[35m[1mScanning dependencies of target ros2_drive_package_msg__py[0m
[ 83%] [34m[1mGenerating Python code for ROS interfaces[0m
[ 83%] Built target ros2_drive_package_msg__py
[35m[1mScanning dependencies of target ros2_drive_package_msg__python[0m
[ 84%] [32mBuilding C object CMakeFiles/ros2_drive_package_msg__python.dir/rosidl_generator_py/ros2_drive_package_msg/msg/_bms_fb_s.c.o[0m
[ 85%] [32mBuilding C object CMakeFiles/ros2_drive_package_msg__python.dir/rosidl_generator_py/ros2_drive_package_msg/msg/_l_wheel_fb_s.c.o[0m
[ 86%] [32mBuilding C object CMakeFiles/ros2_drive_package_msg__python.dir/rosidl_generator_py/ros2_drive_package_msg/msg/_r_wheel_fb_s.c.o[0m
[ 87%] [32mBuilding C object CMakeFiles/ros2_drive_package_msg__python.dir/rosidl_generator_py/ros2_drive_package_msg/msg/_io_fb_s.c.o[0m
[ 88%] [32mBuilding C object CMakeFiles/ros2_drive_package_msg__python.dir/rosidl_generator_py/ros2_drive_package_msg/msg/_io_cmd_s.c.o[0m
[ 89%] [32mBuilding C object CMakeFiles/ros2_drive_package_msg__python.dir/rosidl_generator_py/ros2_drive_package_msg/msg/_free_ctrl_cmd_s.c.o[0m
[ 90%] [32mBuilding C object CMakeFiles/ros2_drive_package_msg__python.dir/rosidl_generator_py/ros2_drive_package_msg/msg/_ctrl_fb_s.c.o[0m
[ 91%] [32mBuilding C object CMakeFiles/ros2_drive_package_msg__python.dir/rosidl_generator_py/ros2_drive_package_msg/msg/_ctrl_cmd_s.c.o[0m
[ 92%] [32mBuilding C object CMakeFiles/ros2_drive_package_msg__python.dir/rosidl_generator_py/ros2_drive_package_msg/msg/_bms_flag_fb_s.c.o[0m
[ 93%] [32m[1mLinking C shared library rosidl_generator_py/ros2_drive_package_msg/libros2_drive_package_msg__python.so[0m
[ 93%] Built target ros2_drive_package_msg__python
[35m[1mScanning dependencies of target ros2_drive_package_msg__rosidl_typesupport_fastrtps_c__pyext[0m
[ 94%] [32mBuilding C object CMakeFiles/ros2_drive_package_msg__rosidl_typesupport_fastrtps_c__pyext.dir/rosidl_generator_py/ros2_drive_package_msg/_ros2_drive_package_msg_s.ep.rosidl_typesupport_fastrtps_c.c.o[0m
[ 95%] [32m[1mLinking CXX shared library rosidl_generator_py/ros2_drive_package_msg/ros2_drive_package_msg_s__rosidl_typesupport_fastrtps_c.cpython-36m-aarch64-linux-gnu.so[0m
[ 95%] Built target ros2_drive_package_msg__rosidl_typesupport_fastrtps_c__pyext
[35m[1mScanning dependencies of target ros2_drive_package_msg__rosidl_typesupport_c__pyext[0m
[ 96%] [32mBuilding C object CMakeFiles/ros2_drive_package_msg__rosidl_typesupport_c__pyext.dir/rosidl_generator_py/ros2_drive_package_msg/_ros2_drive_package_msg_s.ep.rosidl_typesupport_c.c.o[0m
[ 97%] [32m[1mLinking C shared library rosidl_generator_py/ros2_drive_package_msg/ros2_drive_package_msg_s__rosidl_typesupport_c.cpython-36m-aarch64-linux-gnu.so[0m
[ 97%] Built target ros2_drive_package_msg__rosidl_typesupport_c__pyext
[35m[1mScanning dependencies of target ros2_drive_package_msg__rosidl_typesupport_introspection_c__pyext[0m
[ 98%] [32mBuilding C object CMakeFiles/ros2_drive_package_msg__rosidl_typesupport_introspection_c__pyext.dir/rosidl_generator_py/ros2_drive_package_msg/_ros2_drive_package_msg_s.ep.rosidl_typesupport_introspection_c.c.o[0m
[100%] [32m[1mLinking C shared library rosidl_generator_py/ros2_drive_package_msg/ros2_drive_package_msg_s__rosidl_typesupport_introspection_c.cpython-36m-aarch64-linux-gnu.so[0m
[100%] Built target ros2_drive_package_msg__rosidl_typesupport_introspection_c__pyext
-- Install configuration: ""
-- Installing: /home/nvidia/workspace/alan/src/AMR_ros2_slam_nav2/install/ros2_drive_package_msg/share/ament_index/resource_index/rosidl_interfaces/ros2_drive_package_msg
-- Installing: /home/nvidia/workspace/alan/src/AMR_ros2_slam_nav2/install/ros2_drive_package_msg/include/ros2_drive_package_msg
-- Installing: /home/nvidia/workspace/alan/src/AMR_ros2_slam_nav2/install/ros2_drive_package_msg/include/ros2_drive_package_msg/msg
-- Installing: /home/nvidia/workspace/alan/src/AMR_ros2_slam_nav2/install/ros2_drive_package_msg/include/ros2_drive_package_msg/msg/free_ctrl_cmd.h
-- Installing: /home/nvidia/workspace/alan/src/AMR_ros2_slam_nav2/install/ros2_drive_package_msg/include/ros2_drive_package_msg/msg/r_wheel_fb.h
-- Installing: /home/nvidia/workspace/alan/src/AMR_ros2_slam_nav2/install/ros2_drive_package_msg/include/ros2_drive_package_msg/msg/detail
-- Installing: /home/nvidia/workspace/alan/src/AMR_ros2_slam_nav2/install/ros2_drive_package_msg/include/ros2_drive_package_msg/msg/detail/ctrl_cmd__struct.h
-- Installing: /home/nvidia/workspace/alan/src/AMR_ros2_slam_nav2/install/ros2_drive_package_msg/include/ros2_drive_package_msg/msg/detail/io_cmd__type_support.h
-- Installing: /home/nvidia/workspace/alan/src/AMR_ros2_slam_nav2/install/ros2_drive_package_msg/include/ros2_drive_package_msg/msg/detail/l_wheel_fb__functions.h
-- Installing: /home/nvidia/workspace/alan/src/AMR_ros2_slam_nav2/install/ros2_drive_package_msg/include/ros2_drive_package_msg/msg/detail/bms_fb__functions.h
-- Installing: /home/nvidia/workspace/alan/src/AMR_ros2_slam_nav2/install/ros2_drive_package_msg/include/ros2_drive_package_msg/msg/detail/free_ctrl_cmd__functions.c
-- Installing: /home/nvidia/workspace/alan/src/AMR_ros2_slam_nav2/install/ros2_drive_package_msg/include/ros2_drive_package_msg/msg/detail/io_cmd__functions.c
-- Installing: /home/nvidia/workspace/alan/src/AMR_ros2_slam_nav2/install/ros2_drive_package_msg/include/ros2_drive_package_msg/msg/detail/l_wheel_fb__type_support.h
-- Installing: /home/nvidia/workspace/alan/src/AMR_ros2_slam_nav2/install/ros2_drive_package_msg/include/ros2_drive_package_msg/msg/detail/bms_flag_fb__type_support.h
-- Installing: /home/nvidia/workspace/alan/src/AMR_ros2_slam_nav2/install/ros2_drive_package_msg/include/ros2_drive_package_msg/msg/detail/ctrl_fb__struct.h
-- Installing: /home/nvidia/workspace/alan/src/AMR_ros2_slam_nav2/install/ros2_drive_package_msg/include/ros2_drive_package_msg/msg/detail/free_ctrl_cmd__functions.h
-- Installing: /home/nvidia/workspace/alan/src/AMR_ros2_slam_nav2/install/ros2_drive_package_msg/include/ros2_drive_package_msg/msg/detail/ctrl_cmd__functions.c
-- Installing: /home/nvidia/workspace/alan/src/AMR_ros2_slam_nav2/install/ros2_drive_package_msg/include/ros2_drive_package_msg/msg/detail/l_wheel_fb__functions.c
-- Installing: /home/nvidia/workspace/alan/src/AMR_ros2_slam_nav2/install/ros2_drive_package_msg/include/ros2_drive_package_msg/msg/detail/io_fb__functions.h
-- Installing: /home/nvidia/workspace/alan/src/AMR_ros2_slam_nav2/install/ros2_drive_package_msg/include/ros2_drive_package_msg/msg/detail/r_wheel_fb__struct.h
-- Installing: /home/nvidia/workspace/alan/src/AMR_ros2_slam_nav2/install/ros2_drive_package_msg/include/ros2_drive_package_msg/msg/detail/bms_flag_fb__struct.h
-- Installing: /home/nvidia/workspace/alan/src/AMR_ros2_slam_nav2/install/ros2_drive_package_msg/include/ros2_drive_package_msg/msg/detail/ctrl_cmd__functions.h
-- Installing: /home/nvidia/workspace/alan/src/AMR_ros2_slam_nav2/install/ros2_drive_package_msg/include/ros2_drive_package_msg/msg/detail/io_cmd__struct.h
-- Installing: /home/nvidia/workspace/alan/src/AMR_ros2_slam_nav2/install/ros2_drive_package_msg/include/ros2_drive_package_msg/msg/detail/l_wheel_fb__struct.h
-- Installing: /home/nvidia/workspace/alan/src/AMR_ros2_slam_nav2/install/ros2_drive_package_msg/include/ros2_drive_package_msg/msg/detail/r_wheel_fb__functions.h
-- Installing: /home/nvidia/workspace/alan/src/AMR_ros2_slam_nav2/install/ros2_drive_package_msg/include/ros2_drive_package_msg/msg/detail/free_ctrl_cmd__type_support.h
-- Installing: /home/nvidia/workspace/alan/src/AMR_ros2_slam_nav2/install/ros2_drive_package_msg/include/ros2_drive_package_msg/msg/detail/bms_fb__type_support.h
-- Installing: /home/nvidia/workspace/alan/src/AMR_ros2_slam_nav2/install/ros2_drive_package_msg/include/ros2_drive_package_msg/msg/detail/io_fb__functions.c
-- Installing: /home/nvidia/workspace/alan/src/AMR_ros2_slam_nav2/install/ros2_drive_package_msg/include/ros2_drive_package_msg/msg/detail/io_cmd__functions.h
-- Installing: /home/nvidia/workspace/alan/src/AMR_ros2_slam_nav2/install/ros2_drive_package_msg/include/ros2_drive_package_msg/msg/detail/bms_fb__struct.h
-- Installing: /home/nvidia/workspace/alan/src/AMR_ros2_slam_nav2/install/ros2_drive_package_msg/include/ros2_drive_package_msg/msg/detail/free_ctrl_cmd__struct.h
-- Installing: /home/nvidia/workspace/alan/src/AMR_ros2_slam_nav2/install/ros2_drive_package_msg/include/ros2_drive_package_msg/msg/detail/ctrl_fb__type_support.h
-- Installing: /home/nvidia/workspace/alan/src/AMR_ros2_slam_nav2/install/ros2_drive_package_msg/include/ros2_drive_package_msg/msg/detail/bms_fb__functions.c
-- Installing: /home/nvidia/workspace/alan/src/AMR_ros2_slam_nav2/install/ros2_drive_package_msg/include/ros2_drive_package_msg/msg/detail/r_wheel_fb__type_support.h
-- Installing: /home/nvidia/workspace/alan/src/AMR_ros2_slam_nav2/install/ros2_drive_package_msg/include/ros2_drive_package_msg/msg/detail/bms_flag_fb__functions.h
-- Installing: /home/nvidia/workspace/alan/src/AMR_ros2_slam_nav2/install/ros2_drive_package_msg/include/ros2_drive_package_msg/msg/detail/ctrl_fb__functions.h
-- Installing: /home/nvidia/workspace/alan/src/AMR_ros2_slam_nav2/install/ros2_drive_package_msg/include/ros2_drive_package_msg/msg/detail/io_fb__struct.h
-- Installing: /home/nvidia/workspace/alan/src/AMR_ros2_slam_nav2/install/ros2_drive_package_msg/include/ros2_drive_package_msg/msg/detail/ctrl_fb__functions.c
-- Installing: /home/nvidia/workspace/alan/src/AMR_ros2_slam_nav2/install/ros2_drive_package_msg/include/ros2_drive_package_msg/msg/detail/io_fb__type_support.h
-- Installing: /home/nvidia/workspace/alan/src/AMR_ros2_slam_nav2/install/ros2_drive_package_msg/include/ros2_drive_package_msg/msg/detail/bms_flag_fb__functions.c
-- Installing: /home/nvidia/workspace/alan/src/AMR_ros2_slam_nav2/install/ros2_drive_package_msg/include/ros2_drive_package_msg/msg/detail/r_wheel_fb__functions.c
-- Installing: /home/nvidia/workspace/alan/src/AMR_ros2_slam_nav2/install/ros2_drive_package_msg/include/ros2_drive_package_msg/msg/detail/ctrl_cmd__type_support.h
-- Installing: /home/nvidia/workspace/alan/src/AMR_ros2_slam_nav2/install/ros2_drive_package_msg/include/ros2_drive_package_msg/msg/l_wheel_fb.h
-- Installing: /home/nvidia/workspace/alan/src/AMR_ros2_slam_nav2/install/ros2_drive_package_msg/include/ros2_drive_package_msg/msg/ctrl_fb.h
-- Installing: /home/nvidia/workspace/alan/src/AMR_ros2_slam_nav2/install/ros2_drive_package_msg/include/ros2_drive_package_msg/msg/bms_flag_fb.h
-- Installing: /home/nvidia/workspace/alan/src/AMR_ros2_slam_nav2/install/ros2_drive_package_msg/include/ros2_drive_package_msg/msg/ctrl_cmd.h
-- Installing: /home/nvidia/workspace/alan/src/AMR_ros2_slam_nav2/install/ros2_drive_package_msg/include/ros2_drive_package_msg/msg/rosidl_generator_c__visibility_control.h
-- Installing: /home/nvidia/workspace/alan/src/AMR_ros2_slam_nav2/install/ros2_drive_package_msg/include/ros2_drive_package_msg/msg/io_cmd.h
-- Installing: /home/nvidia/workspace/alan/src/AMR_ros2_slam_nav2/install/ros2_drive_package_msg/include/ros2_drive_package_msg/msg/bms_fb.h
-- Installing: /home/nvidia/workspace/alan/src/AMR_ros2_slam_nav2/install/ros2_drive_package_msg/include/ros2_drive_package_msg/msg/io_fb.h
-- Installing: /home/nvidia/workspace/alan/src/AMR_ros2_slam_nav2/install/ros2_drive_package_msg/share/ros2_drive_package_msg/environment/library_path.sh
-- Installing: /home/nvidia/workspace/alan/src/AMR_ros2_slam_nav2/install/ros2_drive_package_msg/share/ros2_drive_package_msg/environment/library_path.dsv
-- Installing: /home/nvidia/workspace/alan/src/AMR_ros2_slam_nav2/install/ros2_drive_package_msg/lib/libros2_drive_package_msg__rosidl_generator_c.so
-- Set runtime path of "/home/nvidia/workspace/alan/src/AMR_ros2_slam_nav2/install/ros2_drive_package_msg/lib/libros2_drive_package_msg__rosidl_generator_c.so" to ""
-- Up-to-date: /home/nvidia/workspace/alan/src/AMR_ros2_slam_nav2/install/ros2_drive_package_msg/include/ros2_drive_package_msg
-- Up-to-date: /home/nvidia/workspace/alan/src/AMR_ros2_slam_nav2/install/ros2_drive_package_msg/include/ros2_drive_package_msg/msg
-- Up-to-date: /home/nvidia/workspace/alan/src/AMR_ros2_slam_nav2/install/ros2_drive_package_msg/include/ros2_drive_package_msg/msg/detail
-- Installing: /home/nvidia/workspace/alan/src/AMR_ros2_slam_nav2/install/ros2_drive_package_msg/include/ros2_drive_package_msg/msg/detail/bms_fb__rosidl_typesupport_fastrtps_c.h
-- Installing: /home/nvidia/workspace/alan/src/AMR_ros2_slam_nav2/install/ros2_drive_package_msg/include/ros2_drive_package_msg/msg/detail/ctrl_cmd__rosidl_typesupport_fastrtps_c.h
-- Installing: /home/nvidia/workspace/alan/src/AMR_ros2_slam_nav2/install/ros2_drive_package_msg/include/ros2_drive_package_msg/msg/detail/io_cmd__rosidl_typesupport_fastrtps_c.h
-- Installing: /home/nvidia/workspace/alan/src/AMR_ros2_slam_nav2/install/ros2_drive_package_msg/include/ros2_drive_package_msg/msg/detail/l_wheel_fb__rosidl_typesupport_fastrtps_c.h
-- Installing: /home/nvidia/workspace/alan/src/AMR_ros2_slam_nav2/install/ros2_drive_package_msg/include/ros2_drive_package_msg/msg/detail/io_fb__rosidl_typesupport_fastrtps_c.h
-- Installing: /home/nvidia/workspace/alan/src/AMR_ros2_slam_nav2/install/ros2_drive_package_msg/include/ros2_drive_package_msg/msg/detail/bms_flag_fb__rosidl_typesupport_fastrtps_c.h
-- Installing: /home/nvidia/workspace/alan/src/AMR_ros2_slam_nav2/install/ros2_drive_package_msg/include/ros2_drive_package_msg/msg/detail/r_wheel_fb__rosidl_typesupport_fastrtps_c.h
-- Installing: /home/nvidia/workspace/alan/src/AMR_ros2_slam_nav2/install/ros2_drive_package_msg/include/ros2_drive_package_msg/msg/detail/ctrl_fb__rosidl_typesupport_fastrtps_c.h
-- Installing: /home/nvidia/workspace/alan/src/AMR_ros2_slam_nav2/install/ros2_drive_package_msg/include/ros2_drive_package_msg/msg/detail/free_ctrl_cmd__rosidl_typesupport_fastrtps_c.h
-- Installing: /home/nvidia/workspace/alan/src/AMR_ros2_slam_nav2/install/ros2_drive_package_msg/include/ros2_drive_package_msg/msg/rosidl_typesupport_fastrtps_c__visibility_control.h
-- Installing: /home/nvidia/workspace/alan/src/AMR_ros2_slam_nav2/install/ros2_drive_package_msg/lib/libros2_drive_package_msg__rosidl_typesupport_fastrtps_c.so
-- Set runtime path of "/home/nvidia/workspace/alan/src/AMR_ros2_slam_nav2/install/ros2_drive_package_msg/lib/libros2_drive_package_msg__rosidl_typesupport_fastrtps_c.so" to ""
-- Up-to-date: /home/nvidia/workspace/alan/src/AMR_ros2_slam_nav2/install/ros2_drive_package_msg/include/ros2_drive_package_msg
-- Up-to-date: /home/nvidia/workspace/alan/src/AMR_ros2_slam_nav2/install/ros2_drive_package_msg/include/ros2_drive_package_msg/msg
-- Up-to-date: /home/nvidia/workspace/alan/src/AMR_ros2_slam_nav2/install/ros2_drive_package_msg/include/ros2_drive_package_msg/msg/detail
-- Installing: /home/nvidia/workspace/alan/src/AMR_ros2_slam_nav2/install/ros2_drive_package_msg/include/ros2_drive_package_msg/msg/detail/ctrl_cmd__rosidl_typesupport_fastrtps_cpp.hpp
-- Installing: /home/nvidia/workspace/alan/src/AMR_ros2_slam_nav2/install/ros2_drive_package_msg/include/ros2_drive_package_msg/msg/detail/l_wheel_fb__rosidl_typesupport_fastrtps_cpp.hpp
-- Installing: /home/nvidia/workspace/alan/src/AMR_ros2_slam_nav2/install/ros2_drive_package_msg/include/ros2_drive_package_msg/msg/detail/bms_flag_fb__rosidl_typesupport_fastrtps_cpp.hpp
-- Installing: /home/nvidia/workspace/alan/src/AMR_ros2_slam_nav2/install/ros2_drive_package_msg/include/ros2_drive_package_msg/msg/detail/r_wheel_fb__rosidl_typesupport_fastrtps_cpp.hpp
-- Installing: /home/nvidia/workspace/alan/src/AMR_ros2_slam_nav2/install/ros2_drive_package_msg/include/ros2_drive_package_msg/msg/detail/bms_fb__rosidl_typesupport_fastrtps_cpp.hpp
-- Installing: /home/nvidia/workspace/alan/src/AMR_ros2_slam_nav2/install/ros2_drive_package_msg/include/ros2_drive_package_msg/msg/detail/dds_fastrtps
-- Installing: /home/nvidia/workspace/alan/src/AMR_ros2_slam_nav2/install/ros2_drive_package_msg/include/ros2_drive_package_msg/msg/detail/free_ctrl_cmd__rosidl_typesupport_fastrtps_cpp.hpp
-- Installing: /home/nvidia/workspace/alan/src/AMR_ros2_slam_nav2/install/ros2_drive_package_msg/include/ros2_drive_package_msg/msg/detail/io_cmd__rosidl_typesupport_fastrtps_cpp.hpp
-- Installing: /home/nvidia/workspace/alan/src/AMR_ros2_slam_nav2/install/ros2_drive_package_msg/include/ros2_drive_package_msg/msg/detail/io_fb__rosidl_typesupport_fastrtps_cpp.hpp
-- Installing: /home/nvidia/workspace/alan/src/AMR_ros2_slam_nav2/install/ros2_drive_package_msg/include/ros2_drive_package_msg/msg/detail/ctrl_fb__rosidl_typesupport_fastrtps_cpp.hpp
-- Installing: /home/nvidia/workspace/alan/src/AMR_ros2_slam_nav2/install/ros2_drive_package_msg/include/ros2_drive_package_msg/msg/rosidl_typesupport_fastrtps_cpp__visibility_control.h
-- Installing: /home/nvidia/workspace/alan/src/AMR_ros2_slam_nav2/install/ros2_drive_package_msg/lib/libros2_drive_package_msg__rosidl_typesupport_fastrtps_cpp.so
-- Set runtime path of "/home/nvidia/workspace/alan/src/AMR_ros2_slam_nav2/install/ros2_drive_package_msg/lib/libros2_drive_package_msg__rosidl_typesupport_fastrtps_cpp.so" to ""
-- Up-to-date: /home/nvidia/workspace/alan/src/AMR_ros2_slam_nav2/install/ros2_drive_package_msg/include/ros2_drive_package_msg
-- Up-to-date: /home/nvidia/workspace/alan/src/AMR_ros2_slam_nav2/install/ros2_drive_package_msg/include/ros2_drive_package_msg/msg
-- Up-to-date: /home/nvidia/workspace/alan/src/AMR_ros2_slam_nav2/install/ros2_drive_package_msg/include/ros2_drive_package_msg/msg/detail
-- Installing: /home/nvidia/workspace/alan/src/AMR_ros2_slam_nav2/install/ros2_drive_package_msg/include/ros2_drive_package_msg/msg/detail/io_cmd__type_support.c
-- Installing: /home/nvidia/workspace/alan/src/AMR_ros2_slam_nav2/install/ros2_drive_package_msg/include/ros2_drive_package_msg/msg/detail/ctrl_fb__type_support.c
-- Installing: /home/nvidia/workspace/alan/src/AMR_ros2_slam_nav2/install/ros2_drive_package_msg/include/ros2_drive_package_msg/msg/detail/bms_fb__rosidl_typesupport_introspection_c.h
-- Installing: /home/nvidia/workspace/alan/src/AMR_ros2_slam_nav2/install/ros2_drive_package_msg/include/ros2_drive_package_msg/msg/detail/bms_fb__type_support.c
-- Installing: /home/nvidia/workspace/alan/src/AMR_ros2_slam_nav2/install/ros2_drive_package_msg/include/ros2_drive_package_msg/msg/detail/free_ctrl_cmd__rosidl_typesupport_introspection_c.h
-- Installing: /home/nvidia/workspace/alan/src/AMR_ros2_slam_nav2/install/ros2_drive_package_msg/include/ros2_drive_package_msg/msg/detail/bms_flag_fb__rosidl_typesupport_introspection_c.h
-- Installing: /home/nvidia/workspace/alan/src/AMR_ros2_slam_nav2/install/ros2_drive_package_msg/include/ros2_drive_package_msg/msg/detail/ctrl_cmd__rosidl_typesupport_introspection_c.h
-- Installing: /home/nvidia/workspace/alan/src/AMR_ros2_slam_nav2/install/ros2_drive_package_msg/include/ros2_drive_package_msg/msg/detail/io_cmd__rosidl_typesupport_introspection_c.h
-- Installing: /home/nvidia/workspace/alan/src/AMR_ros2_slam_nav2/install/ros2_drive_package_msg/include/ros2_drive_package_msg/msg/detail/free_ctrl_cmd__type_support.c
-- Installing: /home/nvidia/workspace/alan/src/AMR_ros2_slam_nav2/install/ros2_drive_package_msg/include/ros2_drive_package_msg/msg/detail/r_wheel_fb__rosidl_typesupport_introspection_c.h
-- Installing: /home/nvidia/workspace/alan/src/AMR_ros2_slam_nav2/install/ros2_drive_package_msg/include/ros2_drive_package_msg/msg/detail/ctrl_fb__rosidl_typesupport_introspection_c.h
-- Installing: /home/nvidia/workspace/alan/src/AMR_ros2_slam_nav2/install/ros2_drive_package_msg/include/ros2_drive_package_msg/msg/detail/r_wheel_fb__type_support.c
-- Installing: /home/nvidia/workspace/alan/src/AMR_ros2_slam_nav2/install/ros2_drive_package_msg/include/ros2_drive_package_msg/msg/detail/ctrl_cmd__type_support.c
-- Installing: /home/nvidia/workspace/alan/src/AMR_ros2_slam_nav2/install/ros2_drive_package_msg/include/ros2_drive_package_msg/msg/detail/io_fb__rosidl_typesupport_introspection_c.h
-- Installing: /home/nvidia/workspace/alan/src/AMR_ros2_slam_nav2/install/ros2_drive_package_msg/include/ros2_drive_package_msg/msg/detail/bms_flag_fb__type_support.c
-- Installing: /home/nvidia/workspace/alan/src/AMR_ros2_slam_nav2/install/ros2_drive_package_msg/include/ros2_drive_package_msg/msg/detail/io_fb__type_support.c
-- Installing: /home/nvidia/workspace/alan/src/AMR_ros2_slam_nav2/install/ros2_drive_package_msg/include/ros2_drive_package_msg/msg/detail/l_wheel_fb__rosidl_typesupport_introspection_c.h
-- Installing: /home/nvidia/workspace/alan/src/AMR_ros2_slam_nav2/install/ros2_drive_package_msg/include/ros2_drive_package_msg/msg/detail/l_wheel_fb__type_support.c
-- Installing: /home/nvidia/workspace/alan/src/AMR_ros2_slam_nav2/install/ros2_drive_package_msg/include/ros2_drive_package_msg/msg/rosidl_typesupport_introspection_c__visibility_control.h
-- Installing: /home/nvidia/workspace/alan/src/AMR_ros2_slam_nav2/install/ros2_drive_package_msg/lib/libros2_drive_package_msg__rosidl_typesupport_introspection_c.so
-- Set runtime path of "/home/nvidia/workspace/alan/src/AMR_ros2_slam_nav2/install/ros2_drive_package_msg/lib/libros2_drive_package_msg__rosidl_typesupport_introspection_c.so" to ""
-- Installing: /home/nvidia/workspace/alan/src/AMR_ros2_slam_nav2/install/ros2_drive_package_msg/lib/libros2_drive_package_msg__rosidl_typesupport_c.so
-- Set runtime path of "/home/nvidia/workspace/alan/src/AMR_ros2_slam_nav2/install/ros2_drive_package_msg/lib/libros2_drive_package_msg__rosidl_typesupport_c.so" to ""
-- Up-to-date: /home/nvidia/workspace/alan/src/AMR_ros2_slam_nav2/install/ros2_drive_package_msg/include/ros2_drive_package_msg
-- Up-to-date: /home/nvidia/workspace/alan/src/AMR_ros2_slam_nav2/install/ros2_drive_package_msg/include/ros2_drive_package_msg/msg
-- Installing: /home/nvidia/workspace/alan/src/AMR_ros2_slam_nav2/install/ros2_drive_package_msg/include/ros2_drive_package_msg/msg/ctrl_cmd.hpp
-- Installing: /home/nvidia/workspace/alan/src/AMR_ros2_slam_nav2/install/ros2_drive_package_msg/include/ros2_drive_package_msg/msg/bms_flag_fb.hpp
-- Installing: /home/nvidia/workspace/alan/src/AMR_ros2_slam_nav2/install/ros2_drive_package_msg/include/ros2_drive_package_msg/msg/l_wheel_fb.hpp
-- Installing: /home/nvidia/workspace/alan/src/AMR_ros2_slam_nav2/install/ros2_drive_package_msg/include/ros2_drive_package_msg/msg/free_ctrl_cmd.hpp
-- Up-to-date: /home/nvidia/workspace/alan/src/AMR_ros2_slam_nav2/install/ros2_drive_package_msg/include/ros2_drive_package_msg/msg/detail
-- Installing: /home/nvidia/workspace/alan/src/AMR_ros2_slam_nav2/install/ros2_drive_package_msg/include/ros2_drive_package_msg/msg/detail/io_fb__traits.hpp
-- Installing: /home/nvidia/workspace/alan/src/AMR_ros2_slam_nav2/install/ros2_drive_package_msg/include/ros2_drive_package_msg/msg/detail/ctrl_cmd__traits.hpp
-- Installing: /home/nvidia/workspace/alan/src/AMR_ros2_slam_nav2/install/ros2_drive_package_msg/include/ros2_drive_package_msg/msg/detail/r_wheel_fb__struct.hpp
-- Installing: /home/nvidia/workspace/alan/src/AMR_ros2_slam_nav2/install/ros2_drive_package_msg/include/ros2_drive_package_msg/msg/detail/ctrl_fb__traits.hpp
-- Installing: /home/nvidia/workspace/alan/src/AMR_ros2_slam_nav2/install/ros2_drive_package_msg/include/ros2_drive_package_msg/msg/detail/bms_fb__struct.hpp
-- Installing: /home/nvidia/workspace/alan/src/AMR_ros2_slam_nav2/install/ros2_drive_package_msg/include/ros2_drive_package_msg/msg/detail/r_wheel_fb__traits.hpp
-- Installing: /home/nvidia/workspace/alan/src/AMR_ros2_slam_nav2/install/ros2_drive_package_msg/include/ros2_drive_package_msg/msg/detail/free_ctrl_cmd__traits.hpp
-- Installing: /home/nvidia/workspace/alan/src/AMR_ros2_slam_nav2/install/ros2_drive_package_msg/include/ros2_drive_package_msg/msg/detail/bms_flag_fb__struct.hpp
-- Installing: /home/nvidia/workspace/alan/src/AMR_ros2_slam_nav2/install/ros2_drive_package_msg/include/ros2_drive_package_msg/msg/detail/ctrl_cmd__builder.hpp
-- Installing: /home/nvidia/workspace/alan/src/AMR_ros2_slam_nav2/install/ros2_drive_package_msg/include/ros2_drive_package_msg/msg/detail/ctrl_fb__struct.hpp
-- Installing: /home/nvidia/workspace/alan/src/AMR_ros2_slam_nav2/install/ros2_drive_package_msg/include/ros2_drive_package_msg/msg/detail/l_wheel_fb__struct.hpp
-- Installing: /home/nvidia/workspace/alan/src/AMR_ros2_slam_nav2/install/ros2_drive_package_msg/include/ros2_drive_package_msg/msg/detail/ctrl_fb__builder.hpp
-- Installing: /home/nvidia/workspace/alan/src/AMR_ros2_slam_nav2/install/ros2_drive_package_msg/include/ros2_drive_package_msg/msg/detail/io_cmd__traits.hpp
-- Installing: /home/nvidia/workspace/alan/src/AMR_ros2_slam_nav2/install/ros2_drive_package_msg/include/ros2_drive_package_msg/msg/detail/l_wheel_fb__traits.hpp
-- Installing: /home/nvidia/workspace/alan/src/AMR_ros2_slam_nav2/install/ros2_drive_package_msg/include/ros2_drive_package_msg/msg/detail/io_cmd__struct.hpp
-- Installing: /home/nvidia/workspace/alan/src/AMR_ros2_slam_nav2/install/ros2_drive_package_msg/include/ros2_drive_package_msg/msg/detail/bms_flag_fb__builder.hpp
-- Installing: /home/nvidia/workspace/alan/src/AMR_ros2_slam_nav2/install/ros2_drive_package_msg/include/ros2_drive_package_msg/msg/detail/bms_fb__traits.hpp
-- Installing: /home/nvidia/workspace/alan/src/AMR_ros2_slam_nav2/install/ros2_drive_package_msg/include/ros2_drive_package_msg/msg/detail/ctrl_cmd__struct.hpp
-- Installing: /home/nvidia/workspace/alan/src/AMR_ros2_slam_nav2/install/ros2_drive_package_msg/include/ros2_drive_package_msg/msg/detail/io_fb__struct.hpp
-- Installing: /home/nvidia/workspace/alan/src/AMR_ros2_slam_nav2/install/ros2_drive_package_msg/include/ros2_drive_package_msg/msg/detail/free_ctrl_cmd__struct.hpp
-- Installing: /home/nvidia/workspace/alan/src/AMR_ros2_slam_nav2/install/ros2_drive_package_msg/include/ros2_drive_package_msg/msg/detail/bms_fb__builder.hpp
-- Installing: /home/nvidia/workspace/alan/src/AMR_ros2_slam_nav2/install/ros2_drive_package_msg/include/ros2_drive_package_msg/msg/detail/l_wheel_fb__builder.hpp
-- Installing: /home/nvidia/workspace/alan/src/AMR_ros2_slam_nav2/install/ros2_drive_package_msg/include/ros2_drive_package_msg/msg/detail/io_cmd__builder.hpp
-- Installing: /home/nvidia/workspace/alan/src/AMR_ros2_slam_nav2/install/ros2_drive_package_msg/include/ros2_drive_package_msg/msg/detail/bms_flag_fb__traits.hpp
-- Installing: /home/nvidia/workspace/alan/src/AMR_ros2_slam_nav2/install/ros2_drive_package_msg/include/ros2_drive_package_msg/msg/detail/r_wheel_fb__builder.hpp
-- Installing: /home/nvidia/workspace/alan/src/AMR_ros2_slam_nav2/install/ros2_drive_package_msg/include/ros2_drive_package_msg/msg/detail/io_fb__builder.hpp
-- Installing: /home/nvidia/workspace/alan/src/AMR_ros2_slam_nav2/install/ros2_drive_package_msg/include/ros2_drive_package_msg/msg/detail/free_ctrl_cmd__builder.hpp
-- Installing: /home/nvidia/workspace/alan/src/AMR_ros2_slam_nav2/install/ros2_drive_package_msg/include/ros2_drive_package_msg/msg/io_fb.hpp
-- Installing: /home/nvidia/workspace/alan/src/AMR_ros2_slam_nav2/install/ros2_drive_package_msg/include/ros2_drive_package_msg/msg/ctrl_fb.hpp
-- Installing: /home/nvidia/workspace/alan/src/AMR_ros2_slam_nav2/install/ros2_drive_package_msg/include/ros2_drive_package_msg/msg/bms_fb.hpp
-- Installing: /home/nvidia/workspace/alan/src/AMR_ros2_slam_nav2/install/ros2_drive_package_msg/include/ros2_drive_package_msg/msg/r_wheel_fb.hpp
-- Installing: /home/nvidia/workspace/alan/src/AMR_ros2_slam_nav2/install/ros2_drive_package_msg/include/ros2_drive_package_msg/msg/io_cmd.hpp
-- Up-to-date: /home/nvidia/workspace/alan/src/AMR_ros2_slam_nav2/install/ros2_drive_package_msg/include/ros2_drive_package_msg
-- Up-to-date: /home/nvidia/workspace/alan/src/AMR_ros2_slam_nav2/install/ros2_drive_package_msg/include/ros2_drive_package_msg/msg
-- Up-to-date: /home/nvidia/workspace/alan/src/AMR_ros2_slam_nav2/install/ros2_drive_package_msg/include/ros2_drive_package_msg/msg/detail
-- Installing: /home/nvidia/workspace/alan/src/AMR_ros2_slam_nav2/install/ros2_drive_package_msg/include/ros2_drive_package_msg/msg/detail/io_cmd__rosidl_typesupport_introspection_cpp.hpp
-- Installing: /home/nvidia/workspace/alan/src/AMR_ros2_slam_nav2/install/ros2_drive_package_msg/include/ros2_drive_package_msg/msg/detail/ctrl_cmd__type_support.cpp
-- Installing: /home/nvidia/workspace/alan/src/AMR_ros2_slam_nav2/install/ros2_drive_package_msg/include/ros2_drive_package_msg/msg/detail/r_wheel_fb__type_support.cpp
-- Installing: /home/nvidia/workspace/alan/src/AMR_ros2_slam_nav2/install/ros2_drive_package_msg/include/ros2_drive_package_msg/msg/detail/io_fb__rosidl_typesupport_introspection_cpp.hpp
-- Installing: /home/nvidia/workspace/alan/src/AMR_ros2_slam_nav2/install/ros2_drive_package_msg/include/ros2_drive_package_msg/msg/detail/free_ctrl_cmd__type_support.cpp
-- Installing: /home/nvidia/workspace/alan/src/AMR_ros2_slam_nav2/install/ros2_drive_package_msg/include/ros2_drive_package_msg/msg/detail/io_cmd__type_support.cpp
-- Installing: /home/nvidia/workspace/alan/src/AMR_ros2_slam_nav2/install/ros2_drive_package_msg/include/ros2_drive_package_msg/msg/detail/io_fb__type_support.cpp
-- Installing: /home/nvidia/workspace/alan/src/AMR_ros2_slam_nav2/install/ros2_drive_package_msg/include/ros2_drive_package_msg/msg/detail/r_wheel_fb__rosidl_typesupport_introspection_cpp.hpp
-- Installing: /home/nvidia/workspace/alan/src/AMR_ros2_slam_nav2/install/ros2_drive_package_msg/include/ros2_drive_package_msg/msg/detail/bms_flag_fb__rosidl_typesupport_introspection_cpp.hpp
-- Installing: /home/nvidia/workspace/alan/src/AMR_ros2_slam_nav2/install/ros2_drive_package_msg/include/ros2_drive_package_msg/msg/detail/ctrl_fb__type_support.cpp
-- Installing: /home/nvidia/workspace/alan/src/AMR_ros2_slam_nav2/install/ros2_drive_package_msg/include/ros2_drive_package_msg/msg/detail/bms_flag_fb__type_support.cpp
-- Installing: /home/nvidia/workspace/alan/src/AMR_ros2_slam_nav2/install/ros2_drive_package_msg/include/ros2_drive_package_msg/msg/detail/free_ctrl_cmd__rosidl_typesupport_introspection_cpp.hpp
-- Installing: /home/nvidia/workspace/alan/src/AMR_ros2_slam_nav2/install/ros2_drive_package_msg/include/ros2_drive_package_msg/msg/detail/bms_fb__rosidl_typesupport_introspection_cpp.hpp
-- Installing: /home/nvidia/workspace/alan/src/AMR_ros2_slam_nav2/install/ros2_drive_package_msg/include/ros2_drive_package_msg/msg/detail/ctrl_fb__rosidl_typesupport_introspection_cpp.hpp
-- Installing: /home/nvidia/workspace/alan/src/AMR_ros2_slam_nav2/install/ros2_drive_package_msg/include/ros2_drive_package_msg/msg/detail/l_wheel_fb__type_support.cpp
-- Installing: /home/nvidia/workspace/alan/src/AMR_ros2_slam_nav2/install/ros2_drive_package_msg/include/ros2_drive_package_msg/msg/detail/bms_fb__type_support.cpp
-- Installing: /home/nvidia/workspace/alan/src/AMR_ros2_slam_nav2/install/ros2_drive_package_msg/include/ros2_drive_package_msg/msg/detail/ctrl_cmd__rosidl_typesupport_introspection_cpp.hpp
-- Installing: /home/nvidia/workspace/alan/src/AMR_ros2_slam_nav2/install/ros2_drive_package_msg/include/ros2_drive_package_msg/msg/detail/l_wheel_fb__rosidl_typesupport_introspection_cpp.hpp
-- Installing: /home/nvidia/workspace/alan/src/AMR_ros2_slam_nav2/install/ros2_drive_package_msg/lib/libros2_drive_package_msg__rosidl_typesupport_introspection_cpp.so
-- Set runtime path of "/home/nvidia/workspace/alan/src/AMR_ros2_slam_nav2/install/ros2_drive_package_msg/lib/libros2_drive_package_msg__rosidl_typesupport_introspection_cpp.so" to ""
-- Installing: /home/nvidia/workspace/alan/src/AMR_ros2_slam_nav2/install/ros2_drive_package_msg/lib/libros2_drive_package_msg__rosidl_typesupport_cpp.so
-- Set runtime path of "/home/nvidia/workspace/alan/src/AMR_ros2_slam_nav2/install/ros2_drive_package_msg/lib/libros2_drive_package_msg__rosidl_typesupport_cpp.so" to ""
-- Installing: /home/nvidia/workspace/alan/src/AMR_ros2_slam_nav2/install/ros2_drive_package_msg/share/ros2_drive_package_msg/environment/pythonpath.sh
-- Installing: /home/nvidia/workspace/alan/src/AMR_ros2_slam_nav2/install/ros2_drive_package_msg/share/ros2_drive_package_msg/environment/pythonpath.dsv
-- Installing: /home/nvidia/workspace/alan/src/AMR_ros2_slam_nav2/install/ros2_drive_package_msg/lib/python3.6/site-packages/ros2_drive_package_msg/__init__.py
Compiling '/home/nvidia/workspace/alan/src/AMR_ros2_slam_nav2/install/ros2_drive_package_msg/lib/python3.6/site-packages/ros2_drive_package_msg/__init__.py'...
-- Installing: /home/nvidia/workspace/alan/src/AMR_ros2_slam_nav2/install/ros2_drive_package_msg/lib/python3.6/site-packages/ros2_drive_package_msg/msg
-- Installing: /home/nvidia/workspace/alan/src/AMR_ros2_slam_nav2/install/ros2_drive_package_msg/lib/python3.6/site-packages/ros2_drive_package_msg/msg/_ctrl_cmd_s.c
-- Installing: /home/nvidia/workspace/alan/src/AMR_ros2_slam_nav2/install/ros2_drive_package_msg/lib/python3.6/site-packages/ros2_drive_package_msg/msg/_free_ctrl_cmd_s.c
-- Installing: /home/nvidia/workspace/alan/src/AMR_ros2_slam_nav2/install/ros2_drive_package_msg/lib/python3.6/site-packages/ros2_drive_package_msg/msg/_io_cmd_s.c
-- Installing: /home/nvidia/workspace/alan/src/AMR_ros2_slam_nav2/install/ros2_drive_package_msg/lib/python3.6/site-packages/ros2_drive_package_msg/msg/__init__.py
-- Installing: /home/nvidia/workspace/alan/src/AMR_ros2_slam_nav2/install/ros2_drive_package_msg/lib/python3.6/site-packages/ros2_drive_package_msg/msg/_ctrl_cmd.py
-- Installing: /home/nvidia/workspace/alan/src/AMR_ros2_slam_nav2/install/ros2_drive_package_msg/lib/python3.6/site-packages/ros2_drive_package_msg/msg/_io_fb.py
-- Installing: /home/nvidia/workspace/alan/src/AMR_ros2_slam_nav2/install/ros2_drive_package_msg/lib/python3.6/site-packages/ros2_drive_package_msg/msg/_l_wheel_fb.py
-- Installing: /home/nvidia/workspace/alan/src/AMR_ros2_slam_nav2/install/ros2_drive_package_msg/lib/python3.6/site-packages/ros2_drive_package_msg/msg/_io_fb_s.c
-- Installing: /home/nvidia/workspace/alan/src/AMR_ros2_slam_nav2/install/ros2_drive_package_msg/lib/python3.6/site-packages/ros2_drive_package_msg/msg/_ctrl_fb_s.c
-- Installing: /home/nvidia/workspace/alan/src/AMR_ros2_slam_nav2/install/ros2_drive_package_msg/lib/python3.6/site-packages/ros2_drive_package_msg/msg/_io_cmd.py
-- Installing: /home/nvidia/workspace/alan/src/AMR_ros2_slam_nav2/install/ros2_drive_package_msg/lib/python3.6/site-packages/ros2_drive_package_msg/msg/_r_wheel_fb.py
-- Installing: /home/nvidia/workspace/alan/src/AMR_ros2_slam_nav2/install/ros2_drive_package_msg/lib/python3.6/site-packages/ros2_drive_package_msg/msg/_bms_fb_s.c
-- Installing: /home/nvidia/workspace/alan/src/AMR_ros2_slam_nav2/install/ros2_drive_package_msg/lib/python3.6/site-packages/ros2_drive_package_msg/msg/_ctrl_fb.py
-- Installing: /home/nvidia/workspace/alan/src/AMR_ros2_slam_nav2/install/ros2_drive_package_msg/lib/python3.6/site-packages/ros2_drive_package_msg/msg/_free_ctrl_cmd.py
-- Installing: /home/nvidia/workspace/alan/src/AMR_ros2_slam_nav2/install/ros2_drive_package_msg/lib/python3.6/site-packages/ros2_drive_package_msg/msg/_bms_flag_fb_s.c
-- Installing: /home/nvidia/workspace/alan/src/AMR_ros2_slam_nav2/install/ros2_drive_package_msg/lib/python3.6/site-packages/ros2_drive_package_msg/msg/_l_wheel_fb_s.c
-- Installing: /home/nvidia/workspace/alan/src/AMR_ros2_slam_nav2/install/ros2_drive_package_msg/lib/python3.6/site-packages/ros2_drive_package_msg/msg/_bms_flag_fb.py
-- Installing: /home/nvidia/workspace/alan/src/AMR_ros2_slam_nav2/install/ros2_drive_package_msg/lib/python3.6/site-packages/ros2_drive_package_msg/msg/_r_wheel_fb_s.c
-- Installing: /home/nvidia/workspace/alan/src/AMR_ros2_slam_nav2/install/ros2_drive_package_msg/lib/python3.6/site-packages/ros2_drive_package_msg/msg/_bms_fb.py
-- Installing: /home/nvidia/workspace/alan/src/AMR_ros2_slam_nav2/install/ros2_drive_package_msg/lib/python3.6/site-packages/ros2_drive_package_msg/ros2_drive_package_msg_s__rosidl_typesupport_fastrtps_c.cpython-36m-aarch64-linux-gnu.so
-- Set runtime path of "/home/nvidia/workspace/alan/src/AMR_ros2_slam_nav2/install/ros2_drive_package_msg/lib/python3.6/site-packages/ros2_drive_package_msg/ros2_drive_package_msg_s__rosidl_typesupport_fastrtps_c.cpython-36m-aarch64-linux-gnu.so" to ""
-- Installing: /home/nvidia/workspace/alan/src/AMR_ros2_slam_nav2/install/ros2_drive_package_msg/lib/python3.6/site-packages/ros2_drive_package_msg/ros2_drive_package_msg_s__rosidl_typesupport_introspection_c.cpython-36m-aarch64-linux-gnu.so
-- Set runtime path of "/home/nvidia/workspace/alan/src/AMR_ros2_slam_nav2/install/ros2_drive_package_msg/lib/python3.6/site-packages/ros2_drive_package_msg/ros2_drive_package_msg_s__rosidl_typesupport_introspection_c.cpython-36m-aarch64-linux-gnu.so" to ""
-- Installing: /home/nvidia/workspace/alan/src/AMR_ros2_slam_nav2/install/ros2_drive_package_msg/lib/python3.6/site-packages/ros2_drive_package_msg/ros2_drive_package_msg_s__rosidl_typesupport_c.cpython-36m-aarch64-linux-gnu.so
-- Set runtime path of "/home/nvidia/workspace/alan/src/AMR_ros2_slam_nav2/install/ros2_drive_package_msg/lib/python3.6/site-packages/ros2_drive_package_msg/ros2_drive_package_msg_s__rosidl_typesupport_c.cpython-36m-aarch64-linux-gnu.so" to ""
-- Installing: /home/nvidia/workspace/alan/src/AMR_ros2_slam_nav2/install/ros2_drive_package_msg/lib/libros2_drive_package_msg__python.so
-- Set runtime path of "/home/nvidia/workspace/alan/src/AMR_ros2_slam_nav2/install/ros2_drive_package_msg/lib/libros2_drive_package_msg__python.so" to ""
-- Installing: /home/nvidia/workspace/alan/src/AMR_ros2_slam_nav2/install/ros2_drive_package_msg/share/ros2_drive_package_msg/msg/BmsFb.idl
-- Installing: /home/nvidia/workspace/alan/src/AMR_ros2_slam_nav2/install/ros2_drive_package_msg/share/ros2_drive_package_msg/msg/BmsFlagFb.idl
-- Installing: /home/nvidia/workspace/alan/src/AMR_ros2_slam_nav2/install/ros2_drive_package_msg/share/ros2_drive_package_msg/msg/CtrlCmd.idl
-- Installing: /home/nvidia/workspace/alan/src/AMR_ros2_slam_nav2/install/ros2_drive_package_msg/share/ros2_drive_package_msg/msg/CtrlFb.idl
-- Installing: /home/nvidia/workspace/alan/src/AMR_ros2_slam_nav2/install/ros2_drive_package_msg/share/ros2_drive_package_msg/msg/FreeCtrlCmd.idl
-- Installing: /home/nvidia/workspace/alan/src/AMR_ros2_slam_nav2/install/ros2_drive_package_msg/share/ros2_drive_package_msg/msg/IoCmd.idl
-- Installing: /home/nvidia/workspace/alan/src/AMR_ros2_slam_nav2/install/ros2_drive_package_msg/share/ros2_drive_package_msg/msg/IoFb.idl
-- Installing: /home/nvidia/workspace/alan/src/AMR_ros2_slam_nav2/install/ros2_drive_package_msg/share/ros2_drive_package_msg/msg/LWheelFb.idl
-- Installing: /home/nvidia/workspace/alan/src/AMR_ros2_slam_nav2/install/ros2_drive_package_msg/share/ros2_drive_package_msg/msg/RWheelFb.idl
-- Installing: /home/nvidia/workspace/alan/src/AMR_ros2_slam_nav2/install/ros2_drive_package_msg/share/ros2_drive_package_msg/msg/BmsFb.msg
-- Installing: /home/nvidia/workspace/alan/src/AMR_ros2_slam_nav2/install/ros2_drive_package_msg/share/ros2_drive_package_msg/msg/BmsFlagFb.msg
-- Installing: /home/nvidia/workspace/alan/src/AMR_ros2_slam_nav2/install/ros2_drive_package_msg/share/ros2_drive_package_msg/msg/CtrlCmd.msg
-- Installing: /home/nvidia/workspace/alan/src/AMR_ros2_slam_nav2/install/ros2_drive_package_msg/share/ros2_drive_package_msg/msg/CtrlFb.msg
-- Installing: /home/nvidia/workspace/alan/src/AMR_ros2_slam_nav2/install/ros2_drive_package_msg/share/ros2_drive_package_msg/msg/FreeCtrlCmd.msg
-- Installing: /home/nvidia/workspace/alan/src/AMR_ros2_slam_nav2/install/ros2_drive_package_msg/share/ros2_drive_package_msg/msg/IoCmd.msg
-- Installing: /home/nvidia/workspace/alan/src/AMR_ros2_slam_nav2/install/ros2_drive_package_msg/share/ros2_drive_package_msg/msg/IoFb.msg
-- Installing: /home/nvidia/workspace/alan/src/AMR_ros2_slam_nav2/install/ros2_drive_package_msg/share/ros2_drive_package_msg/msg/LWheelFb.msg
-- Installing: /home/nvidia/workspace/alan/src/AMR_ros2_slam_nav2/install/ros2_drive_package_msg/share/ros2_drive_package_msg/msg/RWheelFb.msg
-- Installing: /home/nvidia/workspace/alan/src/AMR_ros2_slam_nav2/install/ros2_drive_package_msg/share/ament_index/resource_index/package_run_dependencies/ros2_drive_package_msg
-- Installing: /home/nvidia/workspace/alan/src/AMR_ros2_slam_nav2/install/ros2_drive_package_msg/share/ament_index/resource_index/parent_prefix_path/ros2_drive_package_msg
-- Installing: /home/nvidia/workspace/alan/src/AMR_ros2_slam_nav2/install/ros2_drive_package_msg/share/ros2_drive_package_msg/environment/ament_prefix_path.sh
-- Installing: /home/nvidia/workspace/alan/src/AMR_ros2_slam_nav2/install/ros2_drive_package_msg/share/ros2_drive_package_msg/environment/ament_prefix_path.dsv
-- Installing: /home/nvidia/workspace/alan/src/AMR_ros2_slam_nav2/install/ros2_drive_package_msg/share/ros2_drive_package_msg/environment/path.sh
-- Installing: /home/nvidia/workspace/alan/src/AMR_ros2_slam_nav2/install/ros2_drive_package_msg/share/ros2_drive_package_msg/environment/path.dsv
-- Installing: /home/nvidia/workspace/alan/src/AMR_ros2_slam_nav2/install/ros2_drive_package_msg/share/ros2_drive_package_msg/local_setup.bash
-- Installing: /home/nvidia/workspace/alan/src/AMR_ros2_slam_nav2/install/ros2_drive_package_msg/share/ros2_drive_package_msg/local_setup.sh
-- Installing: /home/nvidia/workspace/alan/src/AMR_ros2_slam_nav2/install/ros2_drive_package_msg/share/ros2_drive_package_msg/local_setup.zsh
-- Installing: /home/nvidia/workspace/alan/src/AMR_ros2_slam_nav2/install/ros2_drive_package_msg/share/ros2_drive_package_msg/local_setup.dsv
-- Installing: /home/nvidia/workspace/alan/src/AMR_ros2_slam_nav2/install/ros2_drive_package_msg/share/ros2_drive_package_msg/package.dsv
-- Installing: /home/nvidia/workspace/alan/src/AMR_ros2_slam_nav2/install/ros2_drive_package_msg/share/ament_index/resource_index/packages/ros2_drive_package_msg
-- Installing: /home/nvidia/workspace/alan/src/AMR_ros2_slam_nav2/install/ros2_drive_package_msg/share/ros2_drive_package_msg/cmake/ros2_drive_package_msg__rosidl_generator_cExport.cmake
-- Installing: /home/nvidia/workspace/alan/src/AMR_ros2_slam_nav2/install/ros2_drive_package_msg/share/ros2_drive_package_msg/cmake/ros2_drive_package_msg__rosidl_generator_cExport-noconfig.cmake
-- Installing: /home/nvidia/workspace/alan/src/AMR_ros2_slam_nav2/install/ros2_drive_package_msg/share/ros2_drive_package_msg/cmake/ros2_drive_package_msg__rosidl_typesupport_introspection_cExport.cmake
-- Installing: /home/nvidia/workspace/alan/src/AMR_ros2_slam_nav2/install/ros2_drive_package_msg/share/ros2_drive_package_msg/cmake/ros2_drive_package_msg__rosidl_typesupport_introspection_cExport-noconfig.cmake
-- Installing: /home/nvidia/workspace/alan/src/AMR_ros2_slam_nav2/install/ros2_drive_package_msg/share/ros2_drive_package_msg/cmake/ros2_drive_package_msg__rosidl_typesupport_cExport.cmake
-- Installing: /home/nvidia/workspace/alan/src/AMR_ros2_slam_nav2/install/ros2_drive_package_msg/share/ros2_drive_package_msg/cmake/ros2_drive_package_msg__rosidl_typesupport_cExport-noconfig.cmake
-- Installing: /home/nvidia/workspace/alan/src/AMR_ros2_slam_nav2/install/ros2_drive_package_msg/share/ros2_drive_package_msg/cmake/ros2_drive_package_msg__rosidl_generator_cppExport.cmake
-- Installing: /home/nvidia/workspace/alan/src/AMR_ros2_slam_nav2/install/ros2_drive_package_msg/share/ros2_drive_package_msg/cmake/ros2_drive_package_msg__rosidl_typesupport_introspection_cppExport.cmake
-- Installing: /home/nvidia/workspace/alan/src/AMR_ros2_slam_nav2/install/ros2_drive_package_msg/share/ros2_drive_package_msg/cmake/ros2_drive_package_msg__rosidl_typesupport_introspection_cppExport-noconfig.cmake
-- Installing: /home/nvidia/workspace/alan/src/AMR_ros2_slam_nav2/install/ros2_drive_package_msg/share/ros2_drive_package_msg/cmake/ros2_drive_package_msg__rosidl_typesupport_cppExport.cmake
-- Installing: /home/nvidia/workspace/alan/src/AMR_ros2_slam_nav2/install/ros2_drive_package_msg/share/ros2_drive_package_msg/cmake/ros2_drive_package_msg__rosidl_typesupport_cppExport-noconfig.cmake
-- Installing: /home/nvidia/workspace/alan/src/AMR_ros2_slam_nav2/install/ros2_drive_package_msg/share/ros2_drive_package_msg/cmake/rosidl_cmake-extras.cmake
-- Installing: /home/nvidia/workspace/alan/src/AMR_ros2_slam_nav2/install/ros2_drive_package_msg/share/ros2_drive_package_msg/cmake/ament_cmake_export_dependencies-extras.cmake
-- Installing: /home/nvidia/workspace/alan/src/AMR_ros2_slam_nav2/install/ros2_drive_package_msg/share/ros2_drive_package_msg/cmake/ament_cmake_export_libraries-extras.cmake
-- Installing: /home/nvidia/workspace/alan/src/AMR_ros2_slam_nav2/install/ros2_drive_package_msg/share/ros2_drive_package_msg/cmake/ament_cmake_export_targets-extras.cmake
-- Installing: /home/nvidia/workspace/alan/src/AMR_ros2_slam_nav2/install/ros2_drive_package_msg/share/ros2_drive_package_msg/cmake/ament_cmake_export_include_directories-extras.cmake
-- Installing: /home/nvidia/workspace/alan/src/AMR_ros2_slam_nav2/install/ros2_drive_package_msg/share/ros2_drive_package_msg/cmake/rosidl_cmake_export_typesupport_libraries-extras.cmake
-- Installing: /home/nvidia/workspace/alan/src/AMR_ros2_slam_nav2/install/ros2_drive_package_msg/share/ros2_drive_package_msg/cmake/rosidl_cmake_export_typesupport_targets-extras.cmake
-- Installing: /home/nvidia/workspace/alan/src/AMR_ros2_slam_nav2/install/ros2_drive_package_msg/share/ros2_drive_package_msg/cmake/ros2_drive_package_msgConfig.cmake
-- Installing: /home/nvidia/workspace/alan/src/AMR_ros2_slam_nav2/install/ros2_drive_package_msg/share/ros2_drive_package_msg/cmake/ros2_drive_package_msgConfig-version.cmake
-- Installing: /home/nvidia/workspace/alan/src/AMR_ros2_slam_nav2/install/ros2_drive_package_msg/share/ros2_drive_package_msg/package.xml
