[0.063s] Invoking command in '/home/nvidia/workspace/alan/src/AMR_ros2_slam_nav2/build/ros2_drive_package_msg': AMENT_PREFIX_PATH=/home/nvidia/workspace/alan/src/AMR_ros2_slam_nav2/install/pcl_msgs:${AMENT_PREFIX_PATH} CMAKE_PREFIX_PATH=/home/nvidia/workspace/alan/src/AMR_ros2_slam_nav2/install/pcl_msgs:${CMAKE_PREFIX_PATH} LD_LIBRARY_PATH=/home/nvidia/workspace/alan/src/AMR_ros2_slam_nav2/install/pcl_msgs/lib:/home/workspace/ros2/install/opt/yaml_cpp_vendor/lib:/home/workspace/ros2/install/opt/rviz_ogre_vendor/lib:/home/workspace/ros2/install/lib:/usr/local/cuda-10.2/lib64 PYTHONPATH=/home/nvidia/workspace/alan/src/AMR_ros2_slam_nav2/install/pcl_msgs/lib/python3.6/site-packages:/home/workspace/ros2/install/lib/python3.6/site-packages:/usr/local/lib:/usr/local/cuda/bin /usr/local/bin/cmake /home/nvidia/workspace/alan/src/AMR_ros2_slam_nav2/ros2_driver_for_yhs_ODM/ros2_drive_package_msg -DCMAKE_INSTALL_PREFIX=/home/nvidia/workspace/alan/src/AMR_ros2_slam_nav2/install/ros2_drive_package_msg
[0.386s] -- The C compiler identification is GNU 7.5.0
[0.661s] -- The CXX compiler identification is GNU 7.5.0
[0.721s] -- Check for working C compiler: /usr/bin/cc
[0.958s] -- Check for working C compiler: /usr/bin/cc -- works
[0.971s] -- Detecting C compiler ABI info
[1.177s] -- Detecting C compiler ABI info - done
[1.370s] -- Detecting C compile features
[1.376s] -- Detecting C compile features - done
[1.410s] -- Check for working CXX compiler: /usr/bin/c++
[1.625s] -- Check for working CXX compiler: /usr/bin/c++ -- works
[1.634s] -- Detecting CXX compiler ABI info
[1.901s] -- Detecting CXX compiler ABI info - done
[2.139s] -- Detecting CXX compile features
[2.148s] -- Detecting CXX compile features - done
[2.169s] -- Found ament_cmake: 0.9.9 (/home/workspace/ros2/install/share/ament_cmake/cmake)
[2.296s] -- Found PythonInterp: /usr/bin/python3 (found suitable version "3.6.9", minimum required is "3") 
[2.309s] -- Using PYTHON_EXECUTABLE: /usr/bin/python3
[3.228s] -- Found geometry_msgs: 2.0.4 (/home/workspace/ros2/install/share/geometry_msgs/cmake)
[3.453s] -- Using all available rosidl_typesupport_c: rosidl_typesupport_fastrtps_c;rosidl_typesupport_introspection_c
[3.518s] -- Found rosidl_adapter: 1.2.1 (/home/workspace/ros2/install/share/rosidl_adapter/cmake)
[3.846s] -- Found OpenSSL: /usr/lib/aarch64-linux-gnu/libcrypto.so (found version "1.1.1")  
[3.995s] -- Found FastRTPS: /home/workspace/ros2/install/include  
[4.760s] -- Using all available rosidl_typesupport_cpp: rosidl_typesupport_fastrtps_cpp;rosidl_typesupport_introspection_cpp
[5.933s] -- Found move_base_msgs: 2.0.2 (/home/workspace/ros2/install/share/move_base_msgs/cmake)
[8.208s] -- Found nav_msgs: 2.0.4 (/home/workspace/ros2/install/share/nav_msgs/cmake)
[9.046s] -- Found pcl_msgs: 0.2.0 (/home/nvidia/workspace/alan/src/AMR_ros2_slam_nav2/install/pcl_msgs/share/pcl_msgs/cmake)
[11.244s] -- Found tf2: 0.13.12 (/home/workspace/ros2/install/share/tf2/cmake)
[11.371s] -- Found rosidl_default_generators: 1.0.1 (/home/workspace/ros2/install/share/rosidl_default_generators/cmake)
[11.681s] -- Found PythonInterp: /usr/bin/python3 (found version "3.6.9") 
[13.340s] -- Found ament_cmake_ros: 0.9.2 (/home/workspace/ros2/install/share/ament_cmake_ros/cmake)
[15.588s] -- Using all available rosidl_typesupport_c: rosidl_typesupport_fastrtps_c;rosidl_typesupport_introspection_c
[16.955s] -- Using all available rosidl_typesupport_cpp: rosidl_typesupport_fastrtps_cpp;rosidl_typesupport_introspection_cpp
[17.115s] -- Found PythonInterp: /usr/bin/python3 (found suitable version "3.6.9", minimum required is "3.5") 
[17.128s] -- Found python_cmake_module: 0.8.1 (/home/workspace/ros2/install/share/python_cmake_module/cmake)
[17.284s] -- Found PythonLibs: /usr/lib/aarch64-linux-gnu/libpython3.6m.so (found suitable version "3.6.9", minimum required is "3.5") 
[17.286s] -- Using PYTHON_EXECUTABLE: /usr/bin/python3
[17.286s] -- Using PYTHON_INCLUDE_DIRS: /usr/include/python3.6m
[17.287s] -- Using PYTHON_LIBRARIES: /usr/lib/aarch64-linux-gnu/libpython3.6m.so
[17.386s] -- Found PythonExtra: .so  
[18.172s] -- Found ament_lint_auto: 0.9.6 (/home/workspace/ros2/install/share/ament_lint_auto/cmake)
[18.326s] -- Added test 'copyright' to check source files copyright and LICENSE
[18.341s] -- Added test 'lint_cmake' to check CMake code style
[18.352s] -- Added test 'xmllint' to check XML markup files
[18.396s] -- Configuring done
[18.985s] -- Generating done
[19.006s] -- Build files have been written to: /home/nvidia/workspace/alan/src/AMR_ros2_slam_nav2/build/ros2_drive_package_msg
[19.055s] Invoked command in '/home/nvidia/workspace/alan/src/AMR_ros2_slam_nav2/build/ros2_drive_package_msg' returned '0': AMENT_PREFIX_PATH=/home/nvidia/workspace/alan/src/AMR_ros2_slam_nav2/install/pcl_msgs:${AMENT_PREFIX_PATH} CMAKE_PREFIX_PATH=/home/nvidia/workspace/alan/src/AMR_ros2_slam_nav2/install/pcl_msgs:${CMAKE_PREFIX_PATH} LD_LIBRARY_PATH=/home/nvidia/workspace/alan/src/AMR_ros2_slam_nav2/install/pcl_msgs/lib:/home/workspace/ros2/install/opt/yaml_cpp_vendor/lib:/home/workspace/ros2/install/opt/rviz_ogre_vendor/lib:/home/workspace/ros2/install/lib:/usr/local/cuda-10.2/lib64 PYTHONPATH=/home/nvidia/workspace/alan/src/AMR_ros2_slam_nav2/install/pcl_msgs/lib/python3.6/site-packages:/home/workspace/ros2/install/lib/python3.6/site-packages:/usr/local/lib:/usr/local/cuda/bin /usr/local/bin/cmake /home/nvidia/workspace/alan/src/AMR_ros2_slam_nav2/ros2_driver_for_yhs_ODM/ros2_drive_package_msg -DCMAKE_INSTALL_PREFIX=/home/nvidia/workspace/alan/src/AMR_ros2_slam_nav2/install/ros2_drive_package_msg
[19.059s] Invoking command in '/home/nvidia/workspace/alan/src/AMR_ros2_slam_nav2/build/ros2_drive_package_msg': AMENT_PREFIX_PATH=/home/nvidia/workspace/alan/src/AMR_ros2_slam_nav2/install/pcl_msgs:${AMENT_PREFIX_PATH} CMAKE_PREFIX_PATH=/home/nvidia/workspace/alan/src/AMR_ros2_slam_nav2/install/pcl_msgs:${CMAKE_PREFIX_PATH} LD_LIBRARY_PATH=/home/nvidia/workspace/alan/src/AMR_ros2_slam_nav2/install/pcl_msgs/lib:/home/workspace/ros2/install/opt/yaml_cpp_vendor/lib:/home/workspace/ros2/install/opt/rviz_ogre_vendor/lib:/home/workspace/ros2/install/lib:/usr/local/cuda-10.2/lib64 PYTHONPATH=/home/nvidia/workspace/alan/src/AMR_ros2_slam_nav2/install/pcl_msgs/lib/python3.6/site-packages:/home/workspace/ros2/install/lib/python3.6/site-packages:/usr/local/lib:/usr/local/cuda/bin /usr/local/bin/cmake --build /home/nvidia/workspace/alan/src/AMR_ros2_slam_nav2/build/ros2_drive_package_msg -- -j8 -l8
[19.172s] [35m[1mScanning dependencies of target ros2_drive_package_msg__cpp[0m
[19.194s] [  1%] [34m[1mGenerating C++ code for ROS interfaces[0m
[21.957s] [  1%] Built target ros2_drive_package_msg__cpp
[21.979s] [  2%] [34m[1mGenerating C code for ROS interfaces[0m
[24.770s] [35m[1mScanning dependencies of target ros2_drive_package_msg__rosidl_generator_c[0m
[24.807s] [  3%] [32mBuilding C object CMakeFiles/ros2_drive_package_msg__rosidl_generator_c.dir/rosidl_generator_c/ros2_drive_package_msg/msg/detail/bms_fb__functions.c.o[0m
[24.975s] [  4%] [32mBuilding C object CMakeFiles/ros2_drive_package_msg__rosidl_generator_c.dir/rosidl_generator_c/ros2_drive_package_msg/msg/detail/free_ctrl_cmd__functions.c.o[0m
[25.088s] [  5%] [32mBuilding C object CMakeFiles/ros2_drive_package_msg__rosidl_generator_c.dir/rosidl_generator_c/ros2_drive_package_msg/msg/detail/io_cmd__functions.c.o[0m
[25.204s] [  6%] [32mBuilding C object CMakeFiles/ros2_drive_package_msg__rosidl_generator_c.dir/rosidl_generator_c/ros2_drive_package_msg/msg/detail/io_fb__functions.c.o[0m
[25.319s] [  7%] [32mBuilding C object CMakeFiles/ros2_drive_package_msg__rosidl_generator_c.dir/rosidl_generator_c/ros2_drive_package_msg/msg/detail/l_wheel_fb__functions.c.o[0m
[25.436s] [  8%] [32mBuilding C object CMakeFiles/ros2_drive_package_msg__rosidl_generator_c.dir/rosidl_generator_c/ros2_drive_package_msg/msg/detail/r_wheel_fb__functions.c.o[0m
[25.551s] [  9%] [32mBuilding C object CMakeFiles/ros2_drive_package_msg__rosidl_generator_c.dir/rosidl_generator_c/ros2_drive_package_msg/msg/detail/ctrl_fb__functions.c.o[0m
[25.665s] [ 10%] [32mBuilding C object CMakeFiles/ros2_drive_package_msg__rosidl_generator_c.dir/rosidl_generator_c/ros2_drive_package_msg/msg/detail/ctrl_cmd__functions.c.o[0m
[25.777s] [ 11%] [32mBuilding C object CMakeFiles/ros2_drive_package_msg__rosidl_generator_c.dir/rosidl_generator_c/ros2_drive_package_msg/msg/detail/bms_flag_fb__functions.c.o[0m
[25.894s] [ 12%] [32m[1mLinking C shared library libros2_drive_package_msg__rosidl_generator_c.so[0m
[26.016s] [ 12%] Built target ros2_drive_package_msg__rosidl_generator_c
[26.036s] [ 13%] [34m[1mGenerating C++ type support dispatch for ROS interfaces[0m
[27.687s] [35m[1mScanning dependencies of target ros2_drive_package_msg__rosidl_typesupport_cpp[0m
[27.748s] [ 14%] [32mBuilding CXX object CMakeFiles/ros2_drive_package_msg__rosidl_typesupport_cpp.dir/rosidl_typesupport_cpp/ros2_drive_package_msg/msg/bms_fb__type_support.cpp.o[0m
[28.583s] [ 15%] [32mBuilding CXX object CMakeFiles/ros2_drive_package_msg__rosidl_typesupport_cpp.dir/rosidl_typesupport_cpp/ros2_drive_package_msg/msg/ctrl_fb__type_support.cpp.o[0m
[29.414s] [ 16%] [32mBuilding CXX object CMakeFiles/ros2_drive_package_msg__rosidl_typesupport_cpp.dir/rosidl_typesupport_cpp/ros2_drive_package_msg/msg/free_ctrl_cmd__type_support.cpp.o[0m
[30.280s] [ 17%] [32mBuilding CXX object CMakeFiles/ros2_drive_package_msg__rosidl_typesupport_cpp.dir/rosidl_typesupport_cpp/ros2_drive_package_msg/msg/io_cmd__type_support.cpp.o[0m
[31.166s] [ 18%] [32mBuilding CXX object CMakeFiles/ros2_drive_package_msg__rosidl_typesupport_cpp.dir/rosidl_typesupport_cpp/ros2_drive_package_msg/msg/io_fb__type_support.cpp.o[0m
[32.061s] [ 20%] [32mBuilding CXX object CMakeFiles/ros2_drive_package_msg__rosidl_typesupport_cpp.dir/rosidl_typesupport_cpp/ros2_drive_package_msg/msg/l_wheel_fb__type_support.cpp.o[0m
[32.956s] [ 21%] [32mBuilding CXX object CMakeFiles/ros2_drive_package_msg__rosidl_typesupport_cpp.dir/rosidl_typesupport_cpp/ros2_drive_package_msg/msg/r_wheel_fb__type_support.cpp.o[0m
[33.876s] [ 22%] [32mBuilding CXX object CMakeFiles/ros2_drive_package_msg__rosidl_typesupport_cpp.dir/rosidl_typesupport_cpp/ros2_drive_package_msg/msg/ctrl_cmd__type_support.cpp.o[0m
[34.821s] [ 23%] [32mBuilding CXX object CMakeFiles/ros2_drive_package_msg__rosidl_typesupport_cpp.dir/rosidl_typesupport_cpp/ros2_drive_package_msg/msg/bms_flag_fb__type_support.cpp.o[0m
[35.751s] [ 24%] [32m[1mLinking CXX shared library libros2_drive_package_msg__rosidl_typesupport_cpp.so[0m
[35.854s] [ 24%] Built target ros2_drive_package_msg__rosidl_typesupport_cpp
[35.877s] [ 25%] [34m[1mGenerating C introspection for ROS interfaces[0m
[38.227s] [35m[1mScanning dependencies of target ros2_drive_package_msg__rosidl_typesupport_introspection_c[0m
[38.287s] [ 26%] [32mBuilding C object CMakeFiles/ros2_drive_package_msg__rosidl_typesupport_introspection_c.dir/rosidl_typesupport_introspection_c/ros2_drive_package_msg/msg/detail/bms_fb__type_support.c.o[0m
[38.386s] [ 27%] [32mBuilding C object CMakeFiles/ros2_drive_package_msg__rosidl_typesupport_introspection_c.dir/rosidl_typesupport_introspection_c/ros2_drive_package_msg/msg/detail/free_ctrl_cmd__type_support.c.o[0m
[38.485s] [ 28%] [32mBuilding C object CMakeFiles/ros2_drive_package_msg__rosidl_typesupport_introspection_c.dir/rosidl_typesupport_introspection_c/ros2_drive_package_msg/msg/detail/io_cmd__type_support.c.o[0m
[38.592s] [ 29%] [32mBuilding C object CMakeFiles/ros2_drive_package_msg__rosidl_typesupport_introspection_c.dir/rosidl_typesupport_introspection_c/ros2_drive_package_msg/msg/detail/io_fb__type_support.c.o[0m
[38.701s] [ 30%] [32mBuilding C object CMakeFiles/ros2_drive_package_msg__rosidl_typesupport_introspection_c.dir/rosidl_typesupport_introspection_c/ros2_drive_package_msg/msg/detail/l_wheel_fb__type_support.c.o[0m
[38.803s] [ 31%] [32mBuilding C object CMakeFiles/ros2_drive_package_msg__rosidl_typesupport_introspection_c.dir/rosidl_typesupport_introspection_c/ros2_drive_package_msg/msg/detail/r_wheel_fb__type_support.c.o[0m
[38.904s] [ 32%] [32mBuilding C object CMakeFiles/ros2_drive_package_msg__rosidl_typesupport_introspection_c.dir/rosidl_typesupport_introspection_c/ros2_drive_package_msg/msg/detail/ctrl_fb__type_support.c.o[0m
[39.007s] [ 33%] [32mBuilding C object CMakeFiles/ros2_drive_package_msg__rosidl_typesupport_introspection_c.dir/rosidl_typesupport_introspection_c/ros2_drive_package_msg/msg/detail/ctrl_cmd__type_support.c.o[0m
[39.111s] [ 34%] [32mBuilding C object CMakeFiles/ros2_drive_package_msg__rosidl_typesupport_introspection_c.dir/rosidl_typesupport_introspection_c/ros2_drive_package_msg/msg/detail/bms_flag_fb__type_support.c.o[0m
[39.216s] [ 35%] [32m[1mLinking C shared library libros2_drive_package_msg__rosidl_typesupport_introspection_c.so[0m
[39.294s] [ 35%] Built target ros2_drive_package_msg__rosidl_typesupport_introspection_c
[39.316s] [ 36%] [34m[1mGenerating C type support dispatch for ROS interfaces[0m
[41.044s] [35m[1mScanning dependencies of target ros2_drive_package_msg__rosidl_typesupport_c[0m
[41.097s] [ 37%] [32mBuilding CXX object CMakeFiles/ros2_drive_package_msg__rosidl_typesupport_c.dir/rosidl_typesupport_c/ros2_drive_package_msg/msg/bms_fb__type_support.cpp.o[0m
[41.194s] [ 38%] [32mBuilding CXX object CMakeFiles/ros2_drive_package_msg__rosidl_typesupport_c.dir/rosidl_typesupport_c/ros2_drive_package_msg/msg/io_cmd__type_support.cpp.o[0m
[41.282s] [ 40%] [32mBuilding CXX object CMakeFiles/ros2_drive_package_msg__rosidl_typesupport_c.dir/rosidl_typesupport_c/ros2_drive_package_msg/msg/io_fb__type_support.cpp.o[0m
[41.375s] [ 41%] [32mBuilding CXX object CMakeFiles/ros2_drive_package_msg__rosidl_typesupport_c.dir/rosidl_typesupport_c/ros2_drive_package_msg/msg/l_wheel_fb__type_support.cpp.o[0m
[41.461s] [ 42%] [32mBuilding CXX object CMakeFiles/ros2_drive_package_msg__rosidl_typesupport_c.dir/rosidl_typesupport_c/ros2_drive_package_msg/msg/r_wheel_fb__type_support.cpp.o[0m
[41.547s] [ 43%] [32mBuilding CXX object CMakeFiles/ros2_drive_package_msg__rosidl_typesupport_c.dir/rosidl_typesupport_c/ros2_drive_package_msg/msg/free_ctrl_cmd__type_support.cpp.o[0m
[41.628s] [ 44%] [32mBuilding CXX object CMakeFiles/ros2_drive_package_msg__rosidl_typesupport_c.dir/rosidl_typesupport_c/ros2_drive_package_msg/msg/ctrl_fb__type_support.cpp.o[0m
[41.713s] [ 45%] [32mBuilding CXX object CMakeFiles/ros2_drive_package_msg__rosidl_typesupport_c.dir/rosidl_typesupport_c/ros2_drive_package_msg/msg/ctrl_cmd__type_support.cpp.o[0m
[41.798s] [ 46%] [32mBuilding CXX object CMakeFiles/ros2_drive_package_msg__rosidl_typesupport_c.dir/rosidl_typesupport_c/ros2_drive_package_msg/msg/bms_flag_fb__type_support.cpp.o[0m
[41.888s] [ 47%] [32m[1mLinking CXX shared library libros2_drive_package_msg__rosidl_typesupport_c.so[0m
[41.988s] [ 47%] Built target ros2_drive_package_msg__rosidl_typesupport_c
[42.013s] [ 48%] [34m[1mGenerating C++ introspection for ROS interfaces[0m
[44.193s] [35m[1mScanning dependencies of target ros2_drive_package_msg__rosidl_typesupport_introspection_cpp[0m
[44.263s] [ 49%] [32mBuilding CXX object CMakeFiles/ros2_drive_package_msg__rosidl_typesupport_introspection_cpp.dir/rosidl_typesupport_introspection_cpp/ros2_drive_package_msg/msg/detail/bms_fb__type_support.cpp.o[0m
[45.211s] [ 50%] [32mBuilding CXX object CMakeFiles/ros2_drive_package_msg__rosidl_typesupport_introspection_cpp.dir/rosidl_typesupport_introspection_cpp/ros2_drive_package_msg/msg/detail/io_fb__type_support.cpp.o[0m
[46.160s] [ 51%] [32mBuilding CXX object CMakeFiles/ros2_drive_package_msg__rosidl_typesupport_introspection_cpp.dir/rosidl_typesupport_introspection_cpp/ros2_drive_package_msg/msg/detail/l_wheel_fb__type_support.cpp.o[0m
[47.069s] [ 52%] [32mBuilding CXX object CMakeFiles/ros2_drive_package_msg__rosidl_typesupport_introspection_cpp.dir/rosidl_typesupport_introspection_cpp/ros2_drive_package_msg/msg/detail/r_wheel_fb__type_support.cpp.o[0m
[48.042s] [ 53%] [32mBuilding CXX object CMakeFiles/ros2_drive_package_msg__rosidl_typesupport_introspection_cpp.dir/rosidl_typesupport_introspection_cpp/ros2_drive_package_msg/msg/detail/io_cmd__type_support.cpp.o[0m
[49.014s] [ 54%] [32mBuilding CXX object CMakeFiles/ros2_drive_package_msg__rosidl_typesupport_introspection_cpp.dir/rosidl_typesupport_introspection_cpp/ros2_drive_package_msg/msg/detail/free_ctrl_cmd__type_support.cpp.o[0m
[49.881s] [ 55%] [32mBuilding CXX object CMakeFiles/ros2_drive_package_msg__rosidl_typesupport_introspection_cpp.dir/rosidl_typesupport_introspection_cpp/ros2_drive_package_msg/msg/detail/ctrl_fb__type_support.cpp.o[0m
[50.718s] [ 56%] [32mBuilding CXX object CMakeFiles/ros2_drive_package_msg__rosidl_typesupport_introspection_cpp.dir/rosidl_typesupport_introspection_cpp/ros2_drive_package_msg/msg/detail/ctrl_cmd__type_support.cpp.o[0m
[51.612s] [ 57%] [32mBuilding CXX object CMakeFiles/ros2_drive_package_msg__rosidl_typesupport_introspection_cpp.dir/rosidl_typesupport_introspection_cpp/ros2_drive_package_msg/msg/detail/bms_flag_fb__type_support.cpp.o[0m
[52.466s] [ 58%] [32m[1mLinking CXX shared library libros2_drive_package_msg__rosidl_typesupport_introspection_cpp.so[0m
[52.568s] [ 58%] Built target ros2_drive_package_msg__rosidl_typesupport_introspection_cpp
[52.590s] [ 60%] [34m[1mGenerating C++ type support for eProsima Fast-RTPS[0m
[54.828s] [35m[1mScanning dependencies of target ros2_drive_package_msg__rosidl_typesupport_fastrtps_cpp[0m
[54.914s] [ 61%] [32mBuilding CXX object CMakeFiles/ros2_drive_package_msg__rosidl_typesupport_fastrtps_cpp.dir/rosidl_typesupport_fastrtps_cpp/ros2_drive_package_msg/msg/detail/dds_fastrtps/bms_fb__type_support.cpp.o[0m
[56.297s] [ 62%] [32mBuilding CXX object CMakeFiles/ros2_drive_package_msg__rosidl_typesupport_fastrtps_cpp.dir/rosidl_typesupport_fastrtps_cpp/ros2_drive_package_msg/msg/detail/dds_fastrtps/l_wheel_fb__type_support.cpp.o[0m
[57.508s] [ 63%] [32mBuilding CXX object CMakeFiles/ros2_drive_package_msg__rosidl_typesupport_fastrtps_cpp.dir/rosidl_typesupport_fastrtps_cpp/ros2_drive_package_msg/msg/detail/dds_fastrtps/r_wheel_fb__type_support.cpp.o[0m
[58.746s] [ 64%] [32mBuilding CXX object CMakeFiles/ros2_drive_package_msg__rosidl_typesupport_fastrtps_cpp.dir/rosidl_typesupport_fastrtps_cpp/ros2_drive_package_msg/msg/detail/dds_fastrtps/io_fb__type_support.cpp.o[0m
[60.057s] [ 65%] [32mBuilding CXX object CMakeFiles/ros2_drive_package_msg__rosidl_typesupport_fastrtps_cpp.dir/rosidl_typesupport_fastrtps_cpp/ros2_drive_package_msg/msg/detail/dds_fastrtps/io_cmd__type_support.cpp.o[0m
[61.310s] [ 66%] [32mBuilding CXX object CMakeFiles/ros2_drive_package_msg__rosidl_typesupport_fastrtps_cpp.dir/rosidl_typesupport_fastrtps_cpp/ros2_drive_package_msg/msg/detail/dds_fastrtps/free_ctrl_cmd__type_support.cpp.o[0m
[62.576s] [ 67%] [32mBuilding CXX object CMakeFiles/ros2_drive_package_msg__rosidl_typesupport_fastrtps_cpp.dir/rosidl_typesupport_fastrtps_cpp/ros2_drive_package_msg/msg/detail/dds_fastrtps/ctrl_fb__type_support.cpp.o[0m
[63.841s] [ 68%] [32mBuilding CXX object CMakeFiles/ros2_drive_package_msg__rosidl_typesupport_fastrtps_cpp.dir/rosidl_typesupport_fastrtps_cpp/ros2_drive_package_msg/msg/detail/dds_fastrtps/ctrl_cmd__type_support.cpp.o[0m
[65.089s] [ 69%] [32mBuilding CXX object CMakeFiles/ros2_drive_package_msg__rosidl_typesupport_fastrtps_cpp.dir/rosidl_typesupport_fastrtps_cpp/ros2_drive_package_msg/msg/detail/dds_fastrtps/bms_flag_fb__type_support.cpp.o[0m
[66.378s] [ 70%] [32m[1mLinking CXX shared library libros2_drive_package_msg__rosidl_typesupport_fastrtps_cpp.so[0m
[66.614s] [ 70%] Built target ros2_drive_package_msg__rosidl_typesupport_fastrtps_cpp
[66.634s] [ 71%] [34m[1mGenerating C type support for eProsima Fast-RTPS[0m
[69.035s] [35m[1mScanning dependencies of target ros2_drive_package_msg__rosidl_typesupport_fastrtps_c[0m
[69.150s] [ 72%] [32mBuilding CXX object CMakeFiles/ros2_drive_package_msg__rosidl_typesupport_fastrtps_c.dir/rosidl_typesupport_fastrtps_c/ros2_drive_package_msg/msg/detail/bms_fb__type_support_c.cpp.o[0m
[70.245s] [ 73%] [32mBuilding CXX object CMakeFiles/ros2_drive_package_msg__rosidl_typesupport_fastrtps_c.dir/rosidl_typesupport_fastrtps_c/ros2_drive_package_msg/msg/detail/l_wheel_fb__type_support_c.cpp.o[0m
[71.400s] [ 74%] [32mBuilding CXX object CMakeFiles/ros2_drive_package_msg__rosidl_typesupport_fastrtps_c.dir/rosidl_typesupport_fastrtps_c/ros2_drive_package_msg/msg/detail/r_wheel_fb__type_support_c.cpp.o[0m
[72.671s] [ 75%] [32mBuilding CXX object CMakeFiles/ros2_drive_package_msg__rosidl_typesupport_fastrtps_c.dir/rosidl_typesupport_fastrtps_c/ros2_drive_package_msg/msg/detail/io_fb__type_support_c.cpp.o[0m
[74.010s] [ 76%] [32mBuilding CXX object CMakeFiles/ros2_drive_package_msg__rosidl_typesupport_fastrtps_c.dir/rosidl_typesupport_fastrtps_c/ros2_drive_package_msg/msg/detail/io_cmd__type_support_c.cpp.o[0m
[75.191s] [ 77%] [32mBuilding CXX object CMakeFiles/ros2_drive_package_msg__rosidl_typesupport_fastrtps_c.dir/rosidl_typesupport_fastrtps_c/ros2_drive_package_msg/msg/detail/free_ctrl_cmd__type_support_c.cpp.o[0m
[76.236s] [ 78%] [32mBuilding CXX object CMakeFiles/ros2_drive_package_msg__rosidl_typesupport_fastrtps_c.dir/rosidl_typesupport_fastrtps_c/ros2_drive_package_msg/msg/detail/ctrl_fb__type_support_c.cpp.o[0m
[77.351s] [ 80%] [32mBuilding CXX object CMakeFiles/ros2_drive_package_msg__rosidl_typesupport_fastrtps_c.dir/rosidl_typesupport_fastrtps_c/ros2_drive_package_msg/msg/detail/ctrl_cmd__type_support_c.cpp.o[0m
[78.391s] [ 81%] [32mBuilding CXX object CMakeFiles/ros2_drive_package_msg__rosidl_typesupport_fastrtps_c.dir/rosidl_typesupport_fastrtps_c/ros2_drive_package_msg/msg/detail/bms_flag_fb__type_support_c.cpp.o[0m
[79.430s] [ 82%] [32m[1mLinking CXX shared library libros2_drive_package_msg__rosidl_typesupport_fastrtps_c.so[0m
[79.668s] [ 82%] Built target ros2_drive_package_msg__rosidl_typesupport_fastrtps_c
[79.684s] [35m[1mScanning dependencies of target ros2_drive_package_msg[0m
[79.705s] [ 82%] Built target ros2_drive_package_msg
[79.728s] [35m[1mScanning dependencies of target ros2_drive_package_msg__py[0m
[79.755s] [ 83%] [34m[1mGenerating Python code for ROS interfaces[0m
[84.431s] [ 83%] Built target ros2_drive_package_msg__py
[84.451s] [35m[1mScanning dependencies of target ros2_drive_package_msg__python[0m
[84.616s] [ 84%] [32mBuilding C object CMakeFiles/ros2_drive_package_msg__python.dir/rosidl_generator_py/ros2_drive_package_msg/msg/_bms_fb_s.c.o[0m
[84.936s] [ 85%] [32mBuilding C object CMakeFiles/ros2_drive_package_msg__python.dir/rosidl_generator_py/ros2_drive_package_msg/msg/_l_wheel_fb_s.c.o[0m
[85.197s] [ 86%] [32mBuilding C object CMakeFiles/ros2_drive_package_msg__python.dir/rosidl_generator_py/ros2_drive_package_msg/msg/_r_wheel_fb_s.c.o[0m
[85.552s] [ 87%] [32mBuilding C object CMakeFiles/ros2_drive_package_msg__python.dir/rosidl_generator_py/ros2_drive_package_msg/msg/_io_fb_s.c.o[0m
[85.918s] [ 88%] [32mBuilding C object CMakeFiles/ros2_drive_package_msg__python.dir/rosidl_generator_py/ros2_drive_package_msg/msg/_io_cmd_s.c.o[0m
[86.211s] [ 89%] [32mBuilding C object CMakeFiles/ros2_drive_package_msg__python.dir/rosidl_generator_py/ros2_drive_package_msg/msg/_free_ctrl_cmd_s.c.o[0m
[86.482s] [ 90%] [32mBuilding C object CMakeFiles/ros2_drive_package_msg__python.dir/rosidl_generator_py/ros2_drive_package_msg/msg/_ctrl_fb_s.c.o[0m
[86.750s] [ 91%] [32mBuilding C object CMakeFiles/ros2_drive_package_msg__python.dir/rosidl_generator_py/ros2_drive_package_msg/msg/_ctrl_cmd_s.c.o[0m
[87.019s] [ 92%] [32mBuilding C object CMakeFiles/ros2_drive_package_msg__python.dir/rosidl_generator_py/ros2_drive_package_msg/msg/_bms_flag_fb_s.c.o[0m
[87.409s] [ 93%] [32m[1mLinking C shared library rosidl_generator_py/ros2_drive_package_msg/libros2_drive_package_msg__python.so[0m
[87.513s] [ 93%] Built target ros2_drive_package_msg__python
[87.537s] [35m[1mScanning dependencies of target ros2_drive_package_msg__rosidl_typesupport_fastrtps_c__pyext[0m
[87.645s] [ 94%] [32mBuilding C object CMakeFiles/ros2_drive_package_msg__rosidl_typesupport_fastrtps_c__pyext.dir/rosidl_generator_py/ros2_drive_package_msg/_ros2_drive_package_msg_s.ep.rosidl_typesupport_fastrtps_c.c.o[0m
[88.025s] [ 95%] [32m[1mLinking CXX shared library rosidl_generator_py/ros2_drive_package_msg/ros2_drive_package_msg_s__rosidl_typesupport_fastrtps_c.cpython-36m-aarch64-linux-gnu.so[0m
[88.180s] [ 95%] Built target ros2_drive_package_msg__rosidl_typesupport_fastrtps_c__pyext
[88.199s] [35m[1mScanning dependencies of target ros2_drive_package_msg__rosidl_typesupport_c__pyext[0m
[88.284s] [ 96%] [32mBuilding C object CMakeFiles/ros2_drive_package_msg__rosidl_typesupport_c__pyext.dir/rosidl_generator_py/ros2_drive_package_msg/_ros2_drive_package_msg_s.ep.rosidl_typesupport_c.c.o[0m
[88.641s] [ 97%] [32m[1mLinking C shared library rosidl_generator_py/ros2_drive_package_msg/ros2_drive_package_msg_s__rosidl_typesupport_c.cpython-36m-aarch64-linux-gnu.so[0m
[88.729s] [ 97%] Built target ros2_drive_package_msg__rosidl_typesupport_c__pyext
[88.751s] [35m[1mScanning dependencies of target ros2_drive_package_msg__rosidl_typesupport_introspection_c__pyext[0m
[88.831s] [ 98%] [32mBuilding C object CMakeFiles/ros2_drive_package_msg__rosidl_typesupport_introspection_c__pyext.dir/rosidl_generator_py/ros2_drive_package_msg/_ros2_drive_package_msg_s.ep.rosidl_typesupport_introspection_c.c.o[0m
[89.214s] [100%] [32m[1mLinking C shared library rosidl_generator_py/ros2_drive_package_msg/ros2_drive_package_msg_s__rosidl_typesupport_introspection_c.cpython-36m-aarch64-linux-gnu.so[0m
[89.296s] [100%] Built target ros2_drive_package_msg__rosidl_typesupport_introspection_c__pyext
[89.325s] Invoked command in '/home/nvidia/workspace/alan/src/AMR_ros2_slam_nav2/build/ros2_drive_package_msg' returned '0': AMENT_PREFIX_PATH=/home/nvidia/workspace/alan/src/AMR_ros2_slam_nav2/install/pcl_msgs:${AMENT_PREFIX_PATH} CMAKE_PREFIX_PATH=/home/nvidia/workspace/alan/src/AMR_ros2_slam_nav2/install/pcl_msgs:${CMAKE_PREFIX_PATH} LD_LIBRARY_PATH=/home/nvidia/workspace/alan/src/AMR_ros2_slam_nav2/install/pcl_msgs/lib:/home/workspace/ros2/install/opt/yaml_cpp_vendor/lib:/home/workspace/ros2/install/opt/rviz_ogre_vendor/lib:/home/workspace/ros2/install/lib:/usr/local/cuda-10.2/lib64 PYTHONPATH=/home/nvidia/workspace/alan/src/AMR_ros2_slam_nav2/install/pcl_msgs/lib/python3.6/site-packages:/home/workspace/ros2/install/lib/python3.6/site-packages:/usr/local/lib:/usr/local/cuda/bin /usr/local/bin/cmake --build /home/nvidia/workspace/alan/src/AMR_ros2_slam_nav2/build/ros2_drive_package_msg -- -j8 -l8
[90.067s] Invoking command in '/home/nvidia/workspace/alan/src/AMR_ros2_slam_nav2/build/ros2_drive_package_msg': AMENT_PREFIX_PATH=/home/nvidia/workspace/alan/src/AMR_ros2_slam_nav2/install/pcl_msgs:${AMENT_PREFIX_PATH} CMAKE_PREFIX_PATH=/home/nvidia/workspace/alan/src/AMR_ros2_slam_nav2/install/pcl_msgs:${CMAKE_PREFIX_PATH} LD_LIBRARY_PATH=/home/nvidia/workspace/alan/src/AMR_ros2_slam_nav2/install/pcl_msgs/lib:/home/workspace/ros2/install/opt/yaml_cpp_vendor/lib:/home/workspace/ros2/install/opt/rviz_ogre_vendor/lib:/home/workspace/ros2/install/lib:/usr/local/cuda-10.2/lib64 PYTHONPATH=/home/nvidia/workspace/alan/src/AMR_ros2_slam_nav2/install/pcl_msgs/lib/python3.6/site-packages:/home/workspace/ros2/install/lib/python3.6/site-packages:/usr/local/lib:/usr/local/cuda/bin /usr/local/bin/cmake --install /home/nvidia/workspace/alan/src/AMR_ros2_slam_nav2/build/ros2_drive_package_msg
[90.105s] -- Install configuration: ""
[90.108s] -- Installing: /home/nvidia/workspace/alan/src/AMR_ros2_slam_nav2/install/ros2_drive_package_msg/share/ament_index/resource_index/rosidl_interfaces/ros2_drive_package_msg
[90.111s] -- Installing: /home/nvidia/workspace/alan/src/AMR_ros2_slam_nav2/install/ros2_drive_package_msg/include/ros2_drive_package_msg
[90.112s] -- Installing: /home/nvidia/workspace/alan/src/AMR_ros2_slam_nav2/install/ros2_drive_package_msg/include/ros2_drive_package_msg/msg
[90.114s] -- Installing: /home/nvidia/workspace/alan/src/AMR_ros2_slam_nav2/install/ros2_drive_package_msg/include/ros2_drive_package_msg/msg/free_ctrl_cmd.h
[90.116s] -- Installing: /home/nvidia/workspace/alan/src/AMR_ros2_slam_nav2/install/ros2_drive_package_msg/include/ros2_drive_package_msg/msg/r_wheel_fb.h
[90.117s] -- Installing: /home/nvidia/workspace/alan/src/AMR_ros2_slam_nav2/install/ros2_drive_package_msg/include/ros2_drive_package_msg/msg/detail
[90.119s] -- Installing: /home/nvidia/workspace/alan/src/AMR_ros2_slam_nav2/install/ros2_drive_package_msg/include/ros2_drive_package_msg/msg/detail/ctrl_cmd__struct.h
[90.120s] -- Installing: /home/nvidia/workspace/alan/src/AMR_ros2_slam_nav2/install/ros2_drive_package_msg/include/ros2_drive_package_msg/msg/detail/io_cmd__type_support.h
[90.122s] -- Installing: /home/nvidia/workspace/alan/src/AMR_ros2_slam_nav2/install/ros2_drive_package_msg/include/ros2_drive_package_msg/msg/detail/l_wheel_fb__functions.h
[90.123s] -- Installing: /home/nvidia/workspace/alan/src/AMR_ros2_slam_nav2/install/ros2_drive_package_msg/include/ros2_drive_package_msg/msg/detail/bms_fb__functions.h
[90.124s] -- Installing: /home/nvidia/workspace/alan/src/AMR_ros2_slam_nav2/install/ros2_drive_package_msg/include/ros2_drive_package_msg/msg/detail/free_ctrl_cmd__functions.c
[90.126s] -- Installing: /home/nvidia/workspace/alan/src/AMR_ros2_slam_nav2/install/ros2_drive_package_msg/include/ros2_drive_package_msg/msg/detail/io_cmd__functions.c
[90.127s] -- Installing: /home/nvidia/workspace/alan/src/AMR_ros2_slam_nav2/install/ros2_drive_package_msg/include/ros2_drive_package_msg/msg/detail/l_wheel_fb__type_support.h
[90.128s] -- Installing: /home/nvidia/workspace/alan/src/AMR_ros2_slam_nav2/install/ros2_drive_package_msg/include/ros2_drive_package_msg/msg/detail/bms_flag_fb__type_support.h
[90.130s] -- Installing: /home/nvidia/workspace/alan/src/AMR_ros2_slam_nav2/install/ros2_drive_package_msg/include/ros2_drive_package_msg/msg/detail/ctrl_fb__struct.h
[90.131s] -- Installing: /home/nvidia/workspace/alan/src/AMR_ros2_slam_nav2/install/ros2_drive_package_msg/include/ros2_drive_package_msg/msg/detail/free_ctrl_cmd__functions.h
[90.132s] -- Installing: /home/nvidia/workspace/alan/src/AMR_ros2_slam_nav2/install/ros2_drive_package_msg/include/ros2_drive_package_msg/msg/detail/ctrl_cmd__functions.c
[90.133s] -- Installing: /home/nvidia/workspace/alan/src/AMR_ros2_slam_nav2/install/ros2_drive_package_msg/include/ros2_drive_package_msg/msg/detail/l_wheel_fb__functions.c
[90.135s] -- Installing: /home/nvidia/workspace/alan/src/AMR_ros2_slam_nav2/install/ros2_drive_package_msg/include/ros2_drive_package_msg/msg/detail/io_fb__functions.h
[90.136s] -- Installing: /home/nvidia/workspace/alan/src/AMR_ros2_slam_nav2/install/ros2_drive_package_msg/include/ros2_drive_package_msg/msg/detail/r_wheel_fb__struct.h
[90.137s] -- Installing: /home/nvidia/workspace/alan/src/AMR_ros2_slam_nav2/install/ros2_drive_package_msg/include/ros2_drive_package_msg/msg/detail/bms_flag_fb__struct.h
[90.139s] -- Installing: /home/nvidia/workspace/alan/src/AMR_ros2_slam_nav2/install/ros2_drive_package_msg/include/ros2_drive_package_msg/msg/detail/ctrl_cmd__functions.h
[90.141s] -- Installing: /home/nvidia/workspace/alan/src/AMR_ros2_slam_nav2/install/ros2_drive_package_msg/include/ros2_drive_package_msg/msg/detail/io_cmd__struct.h
[90.142s] -- Installing: /home/nvidia/workspace/alan/src/AMR_ros2_slam_nav2/install/ros2_drive_package_msg/include/ros2_drive_package_msg/msg/detail/l_wheel_fb__struct.h
[90.143s] -- Installing: /home/nvidia/workspace/alan/src/AMR_ros2_slam_nav2/install/ros2_drive_package_msg/include/ros2_drive_package_msg/msg/detail/r_wheel_fb__functions.h
[90.144s] -- Installing: /home/nvidia/workspace/alan/src/AMR_ros2_slam_nav2/install/ros2_drive_package_msg/include/ros2_drive_package_msg/msg/detail/free_ctrl_cmd__type_support.h
[90.145s] -- Installing: /home/nvidia/workspace/alan/src/AMR_ros2_slam_nav2/install/ros2_drive_package_msg/include/ros2_drive_package_msg/msg/detail/bms_fb__type_support.h
[90.146s] -- Installing: /home/nvidia/workspace/alan/src/AMR_ros2_slam_nav2/install/ros2_drive_package_msg/include/ros2_drive_package_msg/msg/detail/io_fb__functions.c
[90.148s] -- Installing: /home/nvidia/workspace/alan/src/AMR_ros2_slam_nav2/install/ros2_drive_package_msg/include/ros2_drive_package_msg/msg/detail/io_cmd__functions.h
[90.149s] -- Installing: /home/nvidia/workspace/alan/src/AMR_ros2_slam_nav2/install/ros2_drive_package_msg/include/ros2_drive_package_msg/msg/detail/bms_fb__struct.h
[90.150s] -- Installing: /home/nvidia/workspace/alan/src/AMR_ros2_slam_nav2/install/ros2_drive_package_msg/include/ros2_drive_package_msg/msg/detail/free_ctrl_cmd__struct.h
[90.152s] -- Installing: /home/nvidia/workspace/alan/src/AMR_ros2_slam_nav2/install/ros2_drive_package_msg/include/ros2_drive_package_msg/msg/detail/ctrl_fb__type_support.h
[90.155s] -- Installing: /home/nvidia/workspace/alan/src/AMR_ros2_slam_nav2/install/ros2_drive_package_msg/include/ros2_drive_package_msg/msg/detail/bms_fb__functions.c
[90.156s] -- Installing: /home/nvidia/workspace/alan/src/AMR_ros2_slam_nav2/install/ros2_drive_package_msg/include/ros2_drive_package_msg/msg/detail/r_wheel_fb__type_support.h
[90.158s] -- Installing: /home/nvidia/workspace/alan/src/AMR_ros2_slam_nav2/install/ros2_drive_package_msg/include/ros2_drive_package_msg/msg/detail/bms_flag_fb__functions.h
[90.159s] -- Installing: /home/nvidia/workspace/alan/src/AMR_ros2_slam_nav2/install/ros2_drive_package_msg/include/ros2_drive_package_msg/msg/detail/ctrl_fb__functions.h
[90.160s] -- Installing: /home/nvidia/workspace/alan/src/AMR_ros2_slam_nav2/install/ros2_drive_package_msg/include/ros2_drive_package_msg/msg/detail/io_fb__struct.h
[90.162s] -- Installing: /home/nvidia/workspace/alan/src/AMR_ros2_slam_nav2/install/ros2_drive_package_msg/include/ros2_drive_package_msg/msg/detail/ctrl_fb__functions.c
[90.163s] -- Installing: /home/nvidia/workspace/alan/src/AMR_ros2_slam_nav2/install/ros2_drive_package_msg/include/ros2_drive_package_msg/msg/detail/io_fb__type_support.h
[90.164s] -- Installing: /home/nvidia/workspace/alan/src/AMR_ros2_slam_nav2/install/ros2_drive_package_msg/include/ros2_drive_package_msg/msg/detail/bms_flag_fb__functions.c
[90.165s] -- Installing: /home/nvidia/workspace/alan/src/AMR_ros2_slam_nav2/install/ros2_drive_package_msg/include/ros2_drive_package_msg/msg/detail/r_wheel_fb__functions.c
[90.167s] -- Installing: /home/nvidia/workspace/alan/src/AMR_ros2_slam_nav2/install/ros2_drive_package_msg/include/ros2_drive_package_msg/msg/detail/ctrl_cmd__type_support.h
[90.168s] -- Installing: /home/nvidia/workspace/alan/src/AMR_ros2_slam_nav2/install/ros2_drive_package_msg/include/ros2_drive_package_msg/msg/l_wheel_fb.h
[90.169s] -- Installing: /home/nvidia/workspace/alan/src/AMR_ros2_slam_nav2/install/ros2_drive_package_msg/include/ros2_drive_package_msg/msg/ctrl_fb.h
[90.170s] -- Installing: /home/nvidia/workspace/alan/src/AMR_ros2_slam_nav2/install/ros2_drive_package_msg/include/ros2_drive_package_msg/msg/bms_flag_fb.h
[90.171s] -- Installing: /home/nvidia/workspace/alan/src/AMR_ros2_slam_nav2/install/ros2_drive_package_msg/include/ros2_drive_package_msg/msg/ctrl_cmd.h
[90.172s] -- Installing: /home/nvidia/workspace/alan/src/AMR_ros2_slam_nav2/install/ros2_drive_package_msg/include/ros2_drive_package_msg/msg/rosidl_generator_c__visibility_control.h
[90.173s] -- Installing: /home/nvidia/workspace/alan/src/AMR_ros2_slam_nav2/install/ros2_drive_package_msg/include/ros2_drive_package_msg/msg/io_cmd.h
[90.176s] -- Installing: /home/nvidia/workspace/alan/src/AMR_ros2_slam_nav2/install/ros2_drive_package_msg/include/ros2_drive_package_msg/msg/bms_fb.h
[90.177s] -- Installing: /home/nvidia/workspace/alan/src/AMR_ros2_slam_nav2/install/ros2_drive_package_msg/include/ros2_drive_package_msg/msg/io_fb.h
[90.179s] -- Installing: /home/nvidia/workspace/alan/src/AMR_ros2_slam_nav2/install/ros2_drive_package_msg/share/ros2_drive_package_msg/environment/library_path.sh
[90.181s] -- Installing: /home/nvidia/workspace/alan/src/AMR_ros2_slam_nav2/install/ros2_drive_package_msg/share/ros2_drive_package_msg/environment/library_path.dsv
[90.184s] -- Installing: /home/nvidia/workspace/alan/src/AMR_ros2_slam_nav2/install/ros2_drive_package_msg/lib/libros2_drive_package_msg__rosidl_generator_c.so
[90.187s] -- Set runtime path of "/home/nvidia/workspace/alan/src/AMR_ros2_slam_nav2/install/ros2_drive_package_msg/lib/libros2_drive_package_msg__rosidl_generator_c.so" to ""
[90.188s] -- Up-to-date: /home/nvidia/workspace/alan/src/AMR_ros2_slam_nav2/install/ros2_drive_package_msg/include/ros2_drive_package_msg
[90.189s] -- Up-to-date: /home/nvidia/workspace/alan/src/AMR_ros2_slam_nav2/install/ros2_drive_package_msg/include/ros2_drive_package_msg/msg
[90.190s] -- Up-to-date: /home/nvidia/workspace/alan/src/AMR_ros2_slam_nav2/install/ros2_drive_package_msg/include/ros2_drive_package_msg/msg/detail
[90.191s] -- Installing: /home/nvidia/workspace/alan/src/AMR_ros2_slam_nav2/install/ros2_drive_package_msg/include/ros2_drive_package_msg/msg/detail/bms_fb__rosidl_typesupport_fastrtps_c.h
[90.192s] -- Installing: /home/nvidia/workspace/alan/src/AMR_ros2_slam_nav2/install/ros2_drive_package_msg/include/ros2_drive_package_msg/msg/detail/ctrl_cmd__rosidl_typesupport_fastrtps_c.h
[90.194s] -- Installing: /home/nvidia/workspace/alan/src/AMR_ros2_slam_nav2/install/ros2_drive_package_msg/include/ros2_drive_package_msg/msg/detail/io_cmd__rosidl_typesupport_fastrtps_c.h
[90.195s] -- Installing: /home/nvidia/workspace/alan/src/AMR_ros2_slam_nav2/install/ros2_drive_package_msg/include/ros2_drive_package_msg/msg/detail/l_wheel_fb__rosidl_typesupport_fastrtps_c.h
[90.196s] -- Installing: /home/nvidia/workspace/alan/src/AMR_ros2_slam_nav2/install/ros2_drive_package_msg/include/ros2_drive_package_msg/msg/detail/io_fb__rosidl_typesupport_fastrtps_c.h
[90.197s] -- Installing: /home/nvidia/workspace/alan/src/AMR_ros2_slam_nav2/install/ros2_drive_package_msg/include/ros2_drive_package_msg/msg/detail/bms_flag_fb__rosidl_typesupport_fastrtps_c.h
[90.198s] -- Installing: /home/nvidia/workspace/alan/src/AMR_ros2_slam_nav2/install/ros2_drive_package_msg/include/ros2_drive_package_msg/msg/detail/r_wheel_fb__rosidl_typesupport_fastrtps_c.h
[90.200s] -- Installing: /home/nvidia/workspace/alan/src/AMR_ros2_slam_nav2/install/ros2_drive_package_msg/include/ros2_drive_package_msg/msg/detail/ctrl_fb__rosidl_typesupport_fastrtps_c.h
[90.201s] -- Installing: /home/nvidia/workspace/alan/src/AMR_ros2_slam_nav2/install/ros2_drive_package_msg/include/ros2_drive_package_msg/msg/detail/free_ctrl_cmd__rosidl_typesupport_fastrtps_c.h
[90.202s] -- Installing: /home/nvidia/workspace/alan/src/AMR_ros2_slam_nav2/install/ros2_drive_package_msg/include/ros2_drive_package_msg/msg/rosidl_typesupport_fastrtps_c__visibility_control.h
[90.204s] -- Installing: /home/nvidia/workspace/alan/src/AMR_ros2_slam_nav2/install/ros2_drive_package_msg/lib/libros2_drive_package_msg__rosidl_typesupport_fastrtps_c.so
[90.207s] -- Set runtime path of "/home/nvidia/workspace/alan/src/AMR_ros2_slam_nav2/install/ros2_drive_package_msg/lib/libros2_drive_package_msg__rosidl_typesupport_fastrtps_c.so" to ""
[90.209s] -- Up-to-date: /home/nvidia/workspace/alan/src/AMR_ros2_slam_nav2/install/ros2_drive_package_msg/include/ros2_drive_package_msg
[90.210s] -- Up-to-date: /home/nvidia/workspace/alan/src/AMR_ros2_slam_nav2/install/ros2_drive_package_msg/include/ros2_drive_package_msg/msg
[90.211s] -- Up-to-date: /home/nvidia/workspace/alan/src/AMR_ros2_slam_nav2/install/ros2_drive_package_msg/include/ros2_drive_package_msg/msg/detail
[90.212s] -- Installing: /home/nvidia/workspace/alan/src/AMR_ros2_slam_nav2/install/ros2_drive_package_msg/include/ros2_drive_package_msg/msg/detail/ctrl_cmd__rosidl_typesupport_fastrtps_cpp.hpp
[90.213s] -- Installing: /home/nvidia/workspace/alan/src/AMR_ros2_slam_nav2/install/ros2_drive_package_msg/include/ros2_drive_package_msg/msg/detail/l_wheel_fb__rosidl_typesupport_fastrtps_cpp.hpp
[90.215s] -- Installing: /home/nvidia/workspace/alan/src/AMR_ros2_slam_nav2/install/ros2_drive_package_msg/include/ros2_drive_package_msg/msg/detail/bms_flag_fb__rosidl_typesupport_fastrtps_cpp.hpp
[90.217s] -- Installing: /home/nvidia/workspace/alan/src/AMR_ros2_slam_nav2/install/ros2_drive_package_msg/include/ros2_drive_package_msg/msg/detail/r_wheel_fb__rosidl_typesupport_fastrtps_cpp.hpp
[90.218s] -- Installing: /home/nvidia/workspace/alan/src/AMR_ros2_slam_nav2/install/ros2_drive_package_msg/include/ros2_drive_package_msg/msg/detail/bms_fb__rosidl_typesupport_fastrtps_cpp.hpp
[90.219s] -- Installing: /home/nvidia/workspace/alan/src/AMR_ros2_slam_nav2/install/ros2_drive_package_msg/include/ros2_drive_package_msg/msg/detail/dds_fastrtps
[90.220s] -- Installing: /home/nvidia/workspace/alan/src/AMR_ros2_slam_nav2/install/ros2_drive_package_msg/include/ros2_drive_package_msg/msg/detail/free_ctrl_cmd__rosidl_typesupport_fastrtps_cpp.hpp
[90.221s] -- Installing: /home/nvidia/workspace/alan/src/AMR_ros2_slam_nav2/install/ros2_drive_package_msg/include/ros2_drive_package_msg/msg/detail/io_cmd__rosidl_typesupport_fastrtps_cpp.hpp
[90.223s] -- Installing: /home/nvidia/workspace/alan/src/AMR_ros2_slam_nav2/install/ros2_drive_package_msg/include/ros2_drive_package_msg/msg/detail/io_fb__rosidl_typesupport_fastrtps_cpp.hpp
[90.224s] -- Installing: /home/nvidia/workspace/alan/src/AMR_ros2_slam_nav2/install/ros2_drive_package_msg/include/ros2_drive_package_msg/msg/detail/ctrl_fb__rosidl_typesupport_fastrtps_cpp.hpp
[90.225s] -- Installing: /home/nvidia/workspace/alan/src/AMR_ros2_slam_nav2/install/ros2_drive_package_msg/include/ros2_drive_package_msg/msg/rosidl_typesupport_fastrtps_cpp__visibility_control.h
[90.227s] -- Installing: /home/nvidia/workspace/alan/src/AMR_ros2_slam_nav2/install/ros2_drive_package_msg/lib/libros2_drive_package_msg__rosidl_typesupport_fastrtps_cpp.so
[90.230s] -- Set runtime path of "/home/nvidia/workspace/alan/src/AMR_ros2_slam_nav2/install/ros2_drive_package_msg/lib/libros2_drive_package_msg__rosidl_typesupport_fastrtps_cpp.so" to ""
[90.232s] -- Up-to-date: /home/nvidia/workspace/alan/src/AMR_ros2_slam_nav2/install/ros2_drive_package_msg/include/ros2_drive_package_msg
[90.233s] -- Up-to-date: /home/nvidia/workspace/alan/src/AMR_ros2_slam_nav2/install/ros2_drive_package_msg/include/ros2_drive_package_msg/msg
[90.234s] -- Up-to-date: /home/nvidia/workspace/alan/src/AMR_ros2_slam_nav2/install/ros2_drive_package_msg/include/ros2_drive_package_msg/msg/detail
[90.234s] -- Installing: /home/nvidia/workspace/alan/src/AMR_ros2_slam_nav2/install/ros2_drive_package_msg/include/ros2_drive_package_msg/msg/detail/io_cmd__type_support.c
[90.236s] -- Installing: /home/nvidia/workspace/alan/src/AMR_ros2_slam_nav2/install/ros2_drive_package_msg/include/ros2_drive_package_msg/msg/detail/ctrl_fb__type_support.c
[90.237s] -- Installing: /home/nvidia/workspace/alan/src/AMR_ros2_slam_nav2/install/ros2_drive_package_msg/include/ros2_drive_package_msg/msg/detail/bms_fb__rosidl_typesupport_introspection_c.h
[90.238s] -- Installing: /home/nvidia/workspace/alan/src/AMR_ros2_slam_nav2/install/ros2_drive_package_msg/include/ros2_drive_package_msg/msg/detail/bms_fb__type_support.c
[90.239s] -- Installing: /home/nvidia/workspace/alan/src/AMR_ros2_slam_nav2/install/ros2_drive_package_msg/include/ros2_drive_package_msg/msg/detail/free_ctrl_cmd__rosidl_typesupport_introspection_c.h
[90.240s] -- Installing: /home/nvidia/workspace/alan/src/AMR_ros2_slam_nav2/install/ros2_drive_package_msg/include/ros2_drive_package_msg/msg/detail/bms_flag_fb__rosidl_typesupport_introspection_c.h
[90.241s] -- Installing: /home/nvidia/workspace/alan/src/AMR_ros2_slam_nav2/install/ros2_drive_package_msg/include/ros2_drive_package_msg/msg/detail/ctrl_cmd__rosidl_typesupport_introspection_c.h
[90.242s] -- Installing: /home/nvidia/workspace/alan/src/AMR_ros2_slam_nav2/install/ros2_drive_package_msg/include/ros2_drive_package_msg/msg/detail/io_cmd__rosidl_typesupport_introspection_c.h
[90.244s] -- Installing: /home/nvidia/workspace/alan/src/AMR_ros2_slam_nav2/install/ros2_drive_package_msg/include/ros2_drive_package_msg/msg/detail/free_ctrl_cmd__type_support.c
[90.246s] -- Installing: /home/nvidia/workspace/alan/src/AMR_ros2_slam_nav2/install/ros2_drive_package_msg/include/ros2_drive_package_msg/msg/detail/r_wheel_fb__rosidl_typesupport_introspection_c.h
[90.247s] -- Installing: /home/nvidia/workspace/alan/src/AMR_ros2_slam_nav2/install/ros2_drive_package_msg/include/ros2_drive_package_msg/msg/detail/ctrl_fb__rosidl_typesupport_introspection_c.h
[90.248s] -- Installing: /home/nvidia/workspace/alan/src/AMR_ros2_slam_nav2/install/ros2_drive_package_msg/include/ros2_drive_package_msg/msg/detail/r_wheel_fb__type_support.c
[90.249s] -- Installing: /home/nvidia/workspace/alan/src/AMR_ros2_slam_nav2/install/ros2_drive_package_msg/include/ros2_drive_package_msg/msg/detail/ctrl_cmd__type_support.c
[90.250s] -- Installing: /home/nvidia/workspace/alan/src/AMR_ros2_slam_nav2/install/ros2_drive_package_msg/include/ros2_drive_package_msg/msg/detail/io_fb__rosidl_typesupport_introspection_c.h
[90.251s] -- Installing: /home/nvidia/workspace/alan/src/AMR_ros2_slam_nav2/install/ros2_drive_package_msg/include/ros2_drive_package_msg/msg/detail/bms_flag_fb__type_support.c
[90.252s] -- Installing: /home/nvidia/workspace/alan/src/AMR_ros2_slam_nav2/install/ros2_drive_package_msg/include/ros2_drive_package_msg/msg/detail/io_fb__type_support.c
[90.254s] -- Installing: /home/nvidia/workspace/alan/src/AMR_ros2_slam_nav2/install/ros2_drive_package_msg/include/ros2_drive_package_msg/msg/detail/l_wheel_fb__rosidl_typesupport_introspection_c.h
[90.255s] -- Installing: /home/nvidia/workspace/alan/src/AMR_ros2_slam_nav2/install/ros2_drive_package_msg/include/ros2_drive_package_msg/msg/detail/l_wheel_fb__type_support.c
[90.256s] -- Installing: /home/nvidia/workspace/alan/src/AMR_ros2_slam_nav2/install/ros2_drive_package_msg/include/ros2_drive_package_msg/msg/rosidl_typesupport_introspection_c__visibility_control.h
[90.258s] -- Installing: /home/nvidia/workspace/alan/src/AMR_ros2_slam_nav2/install/ros2_drive_package_msg/lib/libros2_drive_package_msg__rosidl_typesupport_introspection_c.so
[90.261s] -- Set runtime path of "/home/nvidia/workspace/alan/src/AMR_ros2_slam_nav2/install/ros2_drive_package_msg/lib/libros2_drive_package_msg__rosidl_typesupport_introspection_c.so" to ""
[90.263s] -- Installing: /home/nvidia/workspace/alan/src/AMR_ros2_slam_nav2/install/ros2_drive_package_msg/lib/libros2_drive_package_msg__rosidl_typesupport_c.so
[90.266s] -- Set runtime path of "/home/nvidia/workspace/alan/src/AMR_ros2_slam_nav2/install/ros2_drive_package_msg/lib/libros2_drive_package_msg__rosidl_typesupport_c.so" to ""
[90.268s] -- Up-to-date: /home/nvidia/workspace/alan/src/AMR_ros2_slam_nav2/install/ros2_drive_package_msg/include/ros2_drive_package_msg
[90.269s] -- Up-to-date: /home/nvidia/workspace/alan/src/AMR_ros2_slam_nav2/install/ros2_drive_package_msg/include/ros2_drive_package_msg/msg
[90.271s] -- Installing: /home/nvidia/workspace/alan/src/AMR_ros2_slam_nav2/install/ros2_drive_package_msg/include/ros2_drive_package_msg/msg/ctrl_cmd.hpp
[90.272s] -- Installing: /home/nvidia/workspace/alan/src/AMR_ros2_slam_nav2/install/ros2_drive_package_msg/include/ros2_drive_package_msg/msg/bms_flag_fb.hpp
[90.273s] -- Installing: /home/nvidia/workspace/alan/src/AMR_ros2_slam_nav2/install/ros2_drive_package_msg/include/ros2_drive_package_msg/msg/l_wheel_fb.hpp
[90.274s] -- Installing: /home/nvidia/workspace/alan/src/AMR_ros2_slam_nav2/install/ros2_drive_package_msg/include/ros2_drive_package_msg/msg/free_ctrl_cmd.hpp
[90.275s] -- Up-to-date: /home/nvidia/workspace/alan/src/AMR_ros2_slam_nav2/install/ros2_drive_package_msg/include/ros2_drive_package_msg/msg/detail
[90.276s] -- Installing: /home/nvidia/workspace/alan/src/AMR_ros2_slam_nav2/install/ros2_drive_package_msg/include/ros2_drive_package_msg/msg/detail/io_fb__traits.hpp
[90.278s] -- Installing: /home/nvidia/workspace/alan/src/AMR_ros2_slam_nav2/install/ros2_drive_package_msg/include/ros2_drive_package_msg/msg/detail/ctrl_cmd__traits.hpp
[90.280s] -- Installing: /home/nvidia/workspace/alan/src/AMR_ros2_slam_nav2/install/ros2_drive_package_msg/include/ros2_drive_package_msg/msg/detail/r_wheel_fb__struct.hpp
[90.281s] -- Installing: /home/nvidia/workspace/alan/src/AMR_ros2_slam_nav2/install/ros2_drive_package_msg/include/ros2_drive_package_msg/msg/detail/ctrl_fb__traits.hpp
[90.282s] -- Installing: /home/nvidia/workspace/alan/src/AMR_ros2_slam_nav2/install/ros2_drive_package_msg/include/ros2_drive_package_msg/msg/detail/bms_fb__struct.hpp
[90.283s] -- Installing: /home/nvidia/workspace/alan/src/AMR_ros2_slam_nav2/install/ros2_drive_package_msg/include/ros2_drive_package_msg/msg/detail/r_wheel_fb__traits.hpp
[90.284s] -- Installing: /home/nvidia/workspace/alan/src/AMR_ros2_slam_nav2/install/ros2_drive_package_msg/include/ros2_drive_package_msg/msg/detail/free_ctrl_cmd__traits.hpp
[90.285s] -- Installing: /home/nvidia/workspace/alan/src/AMR_ros2_slam_nav2/install/ros2_drive_package_msg/include/ros2_drive_package_msg/msg/detail/bms_flag_fb__struct.hpp
[90.287s] -- Installing: /home/nvidia/workspace/alan/src/AMR_ros2_slam_nav2/install/ros2_drive_package_msg/include/ros2_drive_package_msg/msg/detail/ctrl_cmd__builder.hpp
[90.288s] -- Installing: /home/nvidia/workspace/alan/src/AMR_ros2_slam_nav2/install/ros2_drive_package_msg/include/ros2_drive_package_msg/msg/detail/ctrl_fb__struct.hpp
[90.289s] -- Installing: /home/nvidia/workspace/alan/src/AMR_ros2_slam_nav2/install/ros2_drive_package_msg/include/ros2_drive_package_msg/msg/detail/l_wheel_fb__struct.hpp
[90.290s] -- Installing: /home/nvidia/workspace/alan/src/AMR_ros2_slam_nav2/install/ros2_drive_package_msg/include/ros2_drive_package_msg/msg/detail/ctrl_fb__builder.hpp
[90.291s] -- Installing: /home/nvidia/workspace/alan/src/AMR_ros2_slam_nav2/install/ros2_drive_package_msg/include/ros2_drive_package_msg/msg/detail/io_cmd__traits.hpp
[90.292s] -- Installing: /home/nvidia/workspace/alan/src/AMR_ros2_slam_nav2/install/ros2_drive_package_msg/include/ros2_drive_package_msg/msg/detail/l_wheel_fb__traits.hpp
[90.294s] -- Installing: /home/nvidia/workspace/alan/src/AMR_ros2_slam_nav2/install/ros2_drive_package_msg/include/ros2_drive_package_msg/msg/detail/io_cmd__struct.hpp
[90.295s] -- Installing: /home/nvidia/workspace/alan/src/AMR_ros2_slam_nav2/install/ros2_drive_package_msg/include/ros2_drive_package_msg/msg/detail/bms_flag_fb__builder.hpp
[90.296s] -- Installing: /home/nvidia/workspace/alan/src/AMR_ros2_slam_nav2/install/ros2_drive_package_msg/include/ros2_drive_package_msg/msg/detail/bms_fb__traits.hpp
[90.297s] -- Installing: /home/nvidia/workspace/alan/src/AMR_ros2_slam_nav2/install/ros2_drive_package_msg/include/ros2_drive_package_msg/msg/detail/ctrl_cmd__struct.hpp
[90.298s] -- Installing: /home/nvidia/workspace/alan/src/AMR_ros2_slam_nav2/install/ros2_drive_package_msg/include/ros2_drive_package_msg/msg/detail/io_fb__struct.hpp
[90.299s] -- Installing: /home/nvidia/workspace/alan/src/AMR_ros2_slam_nav2/install/ros2_drive_package_msg/include/ros2_drive_package_msg/msg/detail/free_ctrl_cmd__struct.hpp
[90.301s] -- Installing: /home/nvidia/workspace/alan/src/AMR_ros2_slam_nav2/install/ros2_drive_package_msg/include/ros2_drive_package_msg/msg/detail/bms_fb__builder.hpp
[90.302s] -- Installing: /home/nvidia/workspace/alan/src/AMR_ros2_slam_nav2/install/ros2_drive_package_msg/include/ros2_drive_package_msg/msg/detail/l_wheel_fb__builder.hpp
[90.303s] -- Installing: /home/nvidia/workspace/alan/src/AMR_ros2_slam_nav2/install/ros2_drive_package_msg/include/ros2_drive_package_msg/msg/detail/io_cmd__builder.hpp
[90.304s] -- Installing: /home/nvidia/workspace/alan/src/AMR_ros2_slam_nav2/install/ros2_drive_package_msg/include/ros2_drive_package_msg/msg/detail/bms_flag_fb__traits.hpp
[90.305s] -- Installing: /home/nvidia/workspace/alan/src/AMR_ros2_slam_nav2/install/ros2_drive_package_msg/include/ros2_drive_package_msg/msg/detail/r_wheel_fb__builder.hpp
[90.307s] -- Installing: /home/nvidia/workspace/alan/src/AMR_ros2_slam_nav2/install/ros2_drive_package_msg/include/ros2_drive_package_msg/msg/detail/io_fb__builder.hpp
[90.310s] -- Installing: /home/nvidia/workspace/alan/src/AMR_ros2_slam_nav2/install/ros2_drive_package_msg/include/ros2_drive_package_msg/msg/detail/free_ctrl_cmd__builder.hpp
[90.311s] -- Installing: /home/nvidia/workspace/alan/src/AMR_ros2_slam_nav2/install/ros2_drive_package_msg/include/ros2_drive_package_msg/msg/io_fb.hpp
[90.313s] -- Installing: /home/nvidia/workspace/alan/src/AMR_ros2_slam_nav2/install/ros2_drive_package_msg/include/ros2_drive_package_msg/msg/ctrl_fb.hpp
[90.314s] -- Installing: /home/nvidia/workspace/alan/src/AMR_ros2_slam_nav2/install/ros2_drive_package_msg/include/ros2_drive_package_msg/msg/bms_fb.hpp
[90.315s] -- Installing: /home/nvidia/workspace/alan/src/AMR_ros2_slam_nav2/install/ros2_drive_package_msg/include/ros2_drive_package_msg/msg/r_wheel_fb.hpp
[90.316s] -- Installing: /home/nvidia/workspace/alan/src/AMR_ros2_slam_nav2/install/ros2_drive_package_msg/include/ros2_drive_package_msg/msg/io_cmd.hpp
[90.319s] -- Up-to-date: /home/nvidia/workspace/alan/src/AMR_ros2_slam_nav2/install/ros2_drive_package_msg/include/ros2_drive_package_msg
[90.320s] -- Up-to-date: /home/nvidia/workspace/alan/src/AMR_ros2_slam_nav2/install/ros2_drive_package_msg/include/ros2_drive_package_msg/msg
[90.321s] -- Up-to-date: /home/nvidia/workspace/alan/src/AMR_ros2_slam_nav2/install/ros2_drive_package_msg/include/ros2_drive_package_msg/msg/detail
[90.322s] -- Installing: /home/nvidia/workspace/alan/src/AMR_ros2_slam_nav2/install/ros2_drive_package_msg/include/ros2_drive_package_msg/msg/detail/io_cmd__rosidl_typesupport_introspection_cpp.hpp
[90.323s] -- Installing: /home/nvidia/workspace/alan/src/AMR_ros2_slam_nav2/install/ros2_drive_package_msg/include/ros2_drive_package_msg/msg/detail/ctrl_cmd__type_support.cpp
[90.324s] -- Installing: /home/nvidia/workspace/alan/src/AMR_ros2_slam_nav2/install/ros2_drive_package_msg/include/ros2_drive_package_msg/msg/detail/r_wheel_fb__type_support.cpp
[90.326s] -- Installing: /home/nvidia/workspace/alan/src/AMR_ros2_slam_nav2/install/ros2_drive_package_msg/include/ros2_drive_package_msg/msg/detail/io_fb__rosidl_typesupport_introspection_cpp.hpp
[90.327s] -- Installing: /home/nvidia/workspace/alan/src/AMR_ros2_slam_nav2/install/ros2_drive_package_msg/include/ros2_drive_package_msg/msg/detail/free_ctrl_cmd__type_support.cpp
[90.328s] -- Installing: /home/nvidia/workspace/alan/src/AMR_ros2_slam_nav2/install/ros2_drive_package_msg/include/ros2_drive_package_msg/msg/detail/io_cmd__type_support.cpp
[90.329s] -- Installing: /home/nvidia/workspace/alan/src/AMR_ros2_slam_nav2/install/ros2_drive_package_msg/include/ros2_drive_package_msg/msg/detail/io_fb__type_support.cpp
[90.331s] -- Installing: /home/nvidia/workspace/alan/src/AMR_ros2_slam_nav2/install/ros2_drive_package_msg/include/ros2_drive_package_msg/msg/detail/r_wheel_fb__rosidl_typesupport_introspection_cpp.hpp
[90.332s] -- Installing: /home/nvidia/workspace/alan/src/AMR_ros2_slam_nav2/install/ros2_drive_package_msg/include/ros2_drive_package_msg/msg/detail/bms_flag_fb__rosidl_typesupport_introspection_cpp.hpp
[90.334s] -- Installing: /home/nvidia/workspace/alan/src/AMR_ros2_slam_nav2/install/ros2_drive_package_msg/include/ros2_drive_package_msg/msg/detail/ctrl_fb__type_support.cpp
[90.335s] -- Installing: /home/nvidia/workspace/alan/src/AMR_ros2_slam_nav2/install/ros2_drive_package_msg/include/ros2_drive_package_msg/msg/detail/bms_flag_fb__type_support.cpp
[90.337s] -- Installing: /home/nvidia/workspace/alan/src/AMR_ros2_slam_nav2/install/ros2_drive_package_msg/include/ros2_drive_package_msg/msg/detail/free_ctrl_cmd__rosidl_typesupport_introspection_cpp.hpp
[90.338s] -- Installing: /home/nvidia/workspace/alan/src/AMR_ros2_slam_nav2/install/ros2_drive_package_msg/include/ros2_drive_package_msg/msg/detail/bms_fb__rosidl_typesupport_introspection_cpp.hpp
[90.339s] -- Installing: /home/nvidia/workspace/alan/src/AMR_ros2_slam_nav2/install/ros2_drive_package_msg/include/ros2_drive_package_msg/msg/detail/ctrl_fb__rosidl_typesupport_introspection_cpp.hpp
[90.340s] -- Installing: /home/nvidia/workspace/alan/src/AMR_ros2_slam_nav2/install/ros2_drive_package_msg/include/ros2_drive_package_msg/msg/detail/l_wheel_fb__type_support.cpp
[90.341s] -- Installing: /home/nvidia/workspace/alan/src/AMR_ros2_slam_nav2/install/ros2_drive_package_msg/include/ros2_drive_package_msg/msg/detail/bms_fb__type_support.cpp
[90.343s] -- Installing: /home/nvidia/workspace/alan/src/AMR_ros2_slam_nav2/install/ros2_drive_package_msg/include/ros2_drive_package_msg/msg/detail/ctrl_cmd__rosidl_typesupport_introspection_cpp.hpp
[90.345s] -- Installing: /home/nvidia/workspace/alan/src/AMR_ros2_slam_nav2/install/ros2_drive_package_msg/include/ros2_drive_package_msg/msg/detail/l_wheel_fb__rosidl_typesupport_introspection_cpp.hpp
[90.348s] -- Installing: /home/nvidia/workspace/alan/src/AMR_ros2_slam_nav2/install/ros2_drive_package_msg/lib/libros2_drive_package_msg__rosidl_typesupport_introspection_cpp.so
[90.351s] -- Set runtime path of "/home/nvidia/workspace/alan/src/AMR_ros2_slam_nav2/install/ros2_drive_package_msg/lib/libros2_drive_package_msg__rosidl_typesupport_introspection_cpp.so" to ""
[90.353s] -- Installing: /home/nvidia/workspace/alan/src/AMR_ros2_slam_nav2/install/ros2_drive_package_msg/lib/libros2_drive_package_msg__rosidl_typesupport_cpp.so
[90.357s] -- Set runtime path of "/home/nvidia/workspace/alan/src/AMR_ros2_slam_nav2/install/ros2_drive_package_msg/lib/libros2_drive_package_msg__rosidl_typesupport_cpp.so" to ""
[90.359s] -- Installing: /home/nvidia/workspace/alan/src/AMR_ros2_slam_nav2/install/ros2_drive_package_msg/share/ros2_drive_package_msg/environment/pythonpath.sh
[90.361s] -- Installing: /home/nvidia/workspace/alan/src/AMR_ros2_slam_nav2/install/ros2_drive_package_msg/share/ros2_drive_package_msg/environment/pythonpath.dsv
[90.363s] -- Installing: /home/nvidia/workspace/alan/src/AMR_ros2_slam_nav2/install/ros2_drive_package_msg/lib/python3.6/site-packages/ros2_drive_package_msg/__init__.py
[90.494s] Compiling '/home/nvidia/workspace/alan/src/AMR_ros2_slam_nav2/install/ros2_drive_package_msg/lib/python3.6/site-packages/ros2_drive_package_msg/__init__.py'...
[90.509s] -- Installing: /home/nvidia/workspace/alan/src/AMR_ros2_slam_nav2/install/ros2_drive_package_msg/lib/python3.6/site-packages/ros2_drive_package_msg/msg
[90.510s] -- Installing: /home/nvidia/workspace/alan/src/AMR_ros2_slam_nav2/install/ros2_drive_package_msg/lib/python3.6/site-packages/ros2_drive_package_msg/msg/_ctrl_cmd_s.c
[90.511s] -- Installing: /home/nvidia/workspace/alan/src/AMR_ros2_slam_nav2/install/ros2_drive_package_msg/lib/python3.6/site-packages/ros2_drive_package_msg/msg/_free_ctrl_cmd_s.c
[90.511s] -- Installing: /home/nvidia/workspace/alan/src/AMR_ros2_slam_nav2/install/ros2_drive_package_msg/lib/python3.6/site-packages/ros2_drive_package_msg/msg/_io_cmd_s.c
[90.512s] -- Installing: /home/nvidia/workspace/alan/src/AMR_ros2_slam_nav2/install/ros2_drive_package_msg/lib/python3.6/site-packages/ros2_drive_package_msg/msg/__init__.py
[90.512s] -- Installing: /home/nvidia/workspace/alan/src/AMR_ros2_slam_nav2/install/ros2_drive_package_msg/lib/python3.6/site-packages/ros2_drive_package_msg/msg/_ctrl_cmd.py
[90.513s] -- Installing: /home/nvidia/workspace/alan/src/AMR_ros2_slam_nav2/install/ros2_drive_package_msg/lib/python3.6/site-packages/ros2_drive_package_msg/msg/_io_fb.py
[90.513s] -- Installing: /home/nvidia/workspace/alan/src/AMR_ros2_slam_nav2/install/ros2_drive_package_msg/lib/python3.6/site-packages/ros2_drive_package_msg/msg/_l_wheel_fb.py
[90.514s] -- Installing: /home/nvidia/workspace/alan/src/AMR_ros2_slam_nav2/install/ros2_drive_package_msg/lib/python3.6/site-packages/ros2_drive_package_msg/msg/_io_fb_s.c
[90.514s] -- Installing: /home/nvidia/workspace/alan/src/AMR_ros2_slam_nav2/install/ros2_drive_package_msg/lib/python3.6/site-packages/ros2_drive_package_msg/msg/_ctrl_fb_s.c
[90.515s] -- Installing: /home/nvidia/workspace/alan/src/AMR_ros2_slam_nav2/install/ros2_drive_package_msg/lib/python3.6/site-packages/ros2_drive_package_msg/msg/_io_cmd.py
[90.515s] -- Installing: /home/nvidia/workspace/alan/src/AMR_ros2_slam_nav2/install/ros2_drive_package_msg/lib/python3.6/site-packages/ros2_drive_package_msg/msg/_r_wheel_fb.py
[90.515s] -- Installing: /home/nvidia/workspace/alan/src/AMR_ros2_slam_nav2/install/ros2_drive_package_msg/lib/python3.6/site-packages/ros2_drive_package_msg/msg/_bms_fb_s.c
[90.516s] -- Installing: /home/nvidia/workspace/alan/src/AMR_ros2_slam_nav2/install/ros2_drive_package_msg/lib/python3.6/site-packages/ros2_drive_package_msg/msg/_ctrl_fb.py
[90.516s] -- Installing: /home/nvidia/workspace/alan/src/AMR_ros2_slam_nav2/install/ros2_drive_package_msg/lib/python3.6/site-packages/ros2_drive_package_msg/msg/_free_ctrl_cmd.py
[90.517s] -- Installing: /home/nvidia/workspace/alan/src/AMR_ros2_slam_nav2/install/ros2_drive_package_msg/lib/python3.6/site-packages/ros2_drive_package_msg/msg/_bms_flag_fb_s.c
[90.518s] -- Installing: /home/nvidia/workspace/alan/src/AMR_ros2_slam_nav2/install/ros2_drive_package_msg/lib/python3.6/site-packages/ros2_drive_package_msg/msg/_l_wheel_fb_s.c
[90.519s] -- Installing: /home/nvidia/workspace/alan/src/AMR_ros2_slam_nav2/install/ros2_drive_package_msg/lib/python3.6/site-packages/ros2_drive_package_msg/msg/_bms_flag_fb.py
[90.519s] -- Installing: /home/nvidia/workspace/alan/src/AMR_ros2_slam_nav2/install/ros2_drive_package_msg/lib/python3.6/site-packages/ros2_drive_package_msg/msg/_r_wheel_fb_s.c
[90.520s] -- Installing: /home/nvidia/workspace/alan/src/AMR_ros2_slam_nav2/install/ros2_drive_package_msg/lib/python3.6/site-packages/ros2_drive_package_msg/msg/_bms_fb.py
[90.520s] -- Installing: /home/nvidia/workspace/alan/src/AMR_ros2_slam_nav2/install/ros2_drive_package_msg/lib/python3.6/site-packages/ros2_drive_package_msg/ros2_drive_package_msg_s__rosidl_typesupport_fastrtps_c.cpython-36m-aarch64-linux-gnu.so
[90.520s] -- Set runtime path of "/home/nvidia/workspace/alan/src/AMR_ros2_slam_nav2/install/ros2_drive_package_msg/lib/python3.6/site-packages/ros2_drive_package_msg/ros2_drive_package_msg_s__rosidl_typesupport_fastrtps_c.cpython-36m-aarch64-linux-gnu.so" to ""
[90.521s] -- Installing: /home/nvidia/workspace/alan/src/AMR_ros2_slam_nav2/install/ros2_drive_package_msg/lib/python3.6/site-packages/ros2_drive_package_msg/ros2_drive_package_msg_s__rosidl_typesupport_introspection_c.cpython-36m-aarch64-linux-gnu.so
[90.523s] -- Set runtime path of "/home/nvidia/workspace/alan/src/AMR_ros2_slam_nav2/install/ros2_drive_package_msg/lib/python3.6/site-packages/ros2_drive_package_msg/ros2_drive_package_msg_s__rosidl_typesupport_introspection_c.cpython-36m-aarch64-linux-gnu.so" to ""
[90.525s] -- Installing: /home/nvidia/workspace/alan/src/AMR_ros2_slam_nav2/install/ros2_drive_package_msg/lib/python3.6/site-packages/ros2_drive_package_msg/ros2_drive_package_msg_s__rosidl_typesupport_c.cpython-36m-aarch64-linux-gnu.so
[90.527s] -- Set runtime path of "/home/nvidia/workspace/alan/src/AMR_ros2_slam_nav2/install/ros2_drive_package_msg/lib/python3.6/site-packages/ros2_drive_package_msg/ros2_drive_package_msg_s__rosidl_typesupport_c.cpython-36m-aarch64-linux-gnu.so" to ""
[90.528s] -- Installing: /home/nvidia/workspace/alan/src/AMR_ros2_slam_nav2/install/ros2_drive_package_msg/lib/libros2_drive_package_msg__python.so
[90.530s] -- Set runtime path of "/home/nvidia/workspace/alan/src/AMR_ros2_slam_nav2/install/ros2_drive_package_msg/lib/libros2_drive_package_msg__python.so" to ""
[90.532s] -- Installing: /home/nvidia/workspace/alan/src/AMR_ros2_slam_nav2/install/ros2_drive_package_msg/share/ros2_drive_package_msg/msg/BmsFb.idl
[90.534s] -- Installing: /home/nvidia/workspace/alan/src/AMR_ros2_slam_nav2/install/ros2_drive_package_msg/share/ros2_drive_package_msg/msg/BmsFlagFb.idl
[90.535s] -- Installing: /home/nvidia/workspace/alan/src/AMR_ros2_slam_nav2/install/ros2_drive_package_msg/share/ros2_drive_package_msg/msg/CtrlCmd.idl
[90.537s] -- Installing: /home/nvidia/workspace/alan/src/AMR_ros2_slam_nav2/install/ros2_drive_package_msg/share/ros2_drive_package_msg/msg/CtrlFb.idl
[90.539s] -- Installing: /home/nvidia/workspace/alan/src/AMR_ros2_slam_nav2/install/ros2_drive_package_msg/share/ros2_drive_package_msg/msg/FreeCtrlCmd.idl
[90.540s] -- Installing: /home/nvidia/workspace/alan/src/AMR_ros2_slam_nav2/install/ros2_drive_package_msg/share/ros2_drive_package_msg/msg/IoCmd.idl
[90.542s] -- Installing: /home/nvidia/workspace/alan/src/AMR_ros2_slam_nav2/install/ros2_drive_package_msg/share/ros2_drive_package_msg/msg/IoFb.idl
[90.543s] -- Installing: /home/nvidia/workspace/alan/src/AMR_ros2_slam_nav2/install/ros2_drive_package_msg/share/ros2_drive_package_msg/msg/LWheelFb.idl
[90.544s] -- Installing: /home/nvidia/workspace/alan/src/AMR_ros2_slam_nav2/install/ros2_drive_package_msg/share/ros2_drive_package_msg/msg/RWheelFb.idl
[90.546s] -- Installing: /home/nvidia/workspace/alan/src/AMR_ros2_slam_nav2/install/ros2_drive_package_msg/share/ros2_drive_package_msg/msg/BmsFb.msg
[90.547s] -- Installing: /home/nvidia/workspace/alan/src/AMR_ros2_slam_nav2/install/ros2_drive_package_msg/share/ros2_drive_package_msg/msg/BmsFlagFb.msg
[90.549s] -- Installing: /home/nvidia/workspace/alan/src/AMR_ros2_slam_nav2/install/ros2_drive_package_msg/share/ros2_drive_package_msg/msg/CtrlCmd.msg
[90.550s] -- Installing: /home/nvidia/workspace/alan/src/AMR_ros2_slam_nav2/install/ros2_drive_package_msg/share/ros2_drive_package_msg/msg/CtrlFb.msg
[90.551s] -- Installing: /home/nvidia/workspace/alan/src/AMR_ros2_slam_nav2/install/ros2_drive_package_msg/share/ros2_drive_package_msg/msg/FreeCtrlCmd.msg
[90.553s] -- Installing: /home/nvidia/workspace/alan/src/AMR_ros2_slam_nav2/install/ros2_drive_package_msg/share/ros2_drive_package_msg/msg/IoCmd.msg
[90.555s] -- Installing: /home/nvidia/workspace/alan/src/AMR_ros2_slam_nav2/install/ros2_drive_package_msg/share/ros2_drive_package_msg/msg/IoFb.msg
[90.557s] -- Installing: /home/nvidia/workspace/alan/src/AMR_ros2_slam_nav2/install/ros2_drive_package_msg/share/ros2_drive_package_msg/msg/LWheelFb.msg
[90.559s] -- Installing: /home/nvidia/workspace/alan/src/AMR_ros2_slam_nav2/install/ros2_drive_package_msg/share/ros2_drive_package_msg/msg/RWheelFb.msg
[90.561s] -- Installing: /home/nvidia/workspace/alan/src/AMR_ros2_slam_nav2/install/ros2_drive_package_msg/share/ament_index/resource_index/package_run_dependencies/ros2_drive_package_msg
[90.563s] -- Installing: /home/nvidia/workspace/alan/src/AMR_ros2_slam_nav2/install/ros2_drive_package_msg/share/ament_index/resource_index/parent_prefix_path/ros2_drive_package_msg
[90.564s] -- Installing: /home/nvidia/workspace/alan/src/AMR_ros2_slam_nav2/install/ros2_drive_package_msg/share/ros2_drive_package_msg/environment/ament_prefix_path.sh
[90.566s] -- Installing: /home/nvidia/workspace/alan/src/AMR_ros2_slam_nav2/install/ros2_drive_package_msg/share/ros2_drive_package_msg/environment/ament_prefix_path.dsv
[90.567s] -- Installing: /home/nvidia/workspace/alan/src/AMR_ros2_slam_nav2/install/ros2_drive_package_msg/share/ros2_drive_package_msg/environment/path.sh
[90.569s] -- Installing: /home/nvidia/workspace/alan/src/AMR_ros2_slam_nav2/install/ros2_drive_package_msg/share/ros2_drive_package_msg/environment/path.dsv
[90.570s] -- Installing: /home/nvidia/workspace/alan/src/AMR_ros2_slam_nav2/install/ros2_drive_package_msg/share/ros2_drive_package_msg/local_setup.bash
[90.571s] -- Installing: /home/nvidia/workspace/alan/src/AMR_ros2_slam_nav2/install/ros2_drive_package_msg/share/ros2_drive_package_msg/local_setup.sh
[90.573s] -- Installing: /home/nvidia/workspace/alan/src/AMR_ros2_slam_nav2/install/ros2_drive_package_msg/share/ros2_drive_package_msg/local_setup.zsh
[90.574s] -- Installing: /home/nvidia/workspace/alan/src/AMR_ros2_slam_nav2/install/ros2_drive_package_msg/share/ros2_drive_package_msg/local_setup.dsv
[90.576s] -- Installing: /home/nvidia/workspace/alan/src/AMR_ros2_slam_nav2/install/ros2_drive_package_msg/share/ros2_drive_package_msg/package.dsv
[90.577s] -- Installing: /home/nvidia/workspace/alan/src/AMR_ros2_slam_nav2/install/ros2_drive_package_msg/share/ament_index/resource_index/packages/ros2_drive_package_msg
[90.579s] -- Installing: /home/nvidia/workspace/alan/src/AMR_ros2_slam_nav2/install/ros2_drive_package_msg/share/ros2_drive_package_msg/cmake/ros2_drive_package_msg__rosidl_generator_cExport.cmake
[90.582s] -- Installing: /home/nvidia/workspace/alan/src/AMR_ros2_slam_nav2/install/ros2_drive_package_msg/share/ros2_drive_package_msg/cmake/ros2_drive_package_msg__rosidl_generator_cExport-noconfig.cmake
[90.583s] -- Installing: /home/nvidia/workspace/alan/src/AMR_ros2_slam_nav2/install/ros2_drive_package_msg/share/ros2_drive_package_msg/cmake/ros2_drive_package_msg__rosidl_typesupport_introspection_cExport.cmake
[90.585s] -- Installing: /home/nvidia/workspace/alan/src/AMR_ros2_slam_nav2/install/ros2_drive_package_msg/share/ros2_drive_package_msg/cmake/ros2_drive_package_msg__rosidl_typesupport_introspection_cExport-noconfig.cmake
[90.587s] -- Installing: /home/nvidia/workspace/alan/src/AMR_ros2_slam_nav2/install/ros2_drive_package_msg/share/ros2_drive_package_msg/cmake/ros2_drive_package_msg__rosidl_typesupport_cExport.cmake
[90.588s] -- Installing: /home/nvidia/workspace/alan/src/AMR_ros2_slam_nav2/install/ros2_drive_package_msg/share/ros2_drive_package_msg/cmake/ros2_drive_package_msg__rosidl_typesupport_cExport-noconfig.cmake
[90.590s] -- Installing: /home/nvidia/workspace/alan/src/AMR_ros2_slam_nav2/install/ros2_drive_package_msg/share/ros2_drive_package_msg/cmake/ros2_drive_package_msg__rosidl_generator_cppExport.cmake
[90.592s] -- Installing: /home/nvidia/workspace/alan/src/AMR_ros2_slam_nav2/install/ros2_drive_package_msg/share/ros2_drive_package_msg/cmake/ros2_drive_package_msg__rosidl_typesupport_introspection_cppExport.cmake
[90.594s] -- Installing: /home/nvidia/workspace/alan/src/AMR_ros2_slam_nav2/install/ros2_drive_package_msg/share/ros2_drive_package_msg/cmake/ros2_drive_package_msg__rosidl_typesupport_introspection_cppExport-noconfig.cmake
[90.595s] -- Installing: /home/nvidia/workspace/alan/src/AMR_ros2_slam_nav2/install/ros2_drive_package_msg/share/ros2_drive_package_msg/cmake/ros2_drive_package_msg__rosidl_typesupport_cppExport.cmake
[90.597s] -- Installing: /home/nvidia/workspace/alan/src/AMR_ros2_slam_nav2/install/ros2_drive_package_msg/share/ros2_drive_package_msg/cmake/ros2_drive_package_msg__rosidl_typesupport_cppExport-noconfig.cmake
[90.598s] -- Installing: /home/nvidia/workspace/alan/src/AMR_ros2_slam_nav2/install/ros2_drive_package_msg/share/ros2_drive_package_msg/cmake/rosidl_cmake-extras.cmake
[90.600s] -- Installing: /home/nvidia/workspace/alan/src/AMR_ros2_slam_nav2/install/ros2_drive_package_msg/share/ros2_drive_package_msg/cmake/ament_cmake_export_dependencies-extras.cmake
[90.601s] -- Installing: /home/nvidia/workspace/alan/src/AMR_ros2_slam_nav2/install/ros2_drive_package_msg/share/ros2_drive_package_msg/cmake/ament_cmake_export_libraries-extras.cmake
[90.604s] -- Installing: /home/nvidia/workspace/alan/src/AMR_ros2_slam_nav2/install/ros2_drive_package_msg/share/ros2_drive_package_msg/cmake/ament_cmake_export_targets-extras.cmake
[90.605s] -- Installing: /home/nvidia/workspace/alan/src/AMR_ros2_slam_nav2/install/ros2_drive_package_msg/share/ros2_drive_package_msg/cmake/ament_cmake_export_include_directories-extras.cmake
[90.607s] -- Installing: /home/nvidia/workspace/alan/src/AMR_ros2_slam_nav2/install/ros2_drive_package_msg/share/ros2_drive_package_msg/cmake/rosidl_cmake_export_typesupport_libraries-extras.cmake
[90.609s] -- Installing: /home/nvidia/workspace/alan/src/AMR_ros2_slam_nav2/install/ros2_drive_package_msg/share/ros2_drive_package_msg/cmake/rosidl_cmake_export_typesupport_targets-extras.cmake
[90.610s] -- Installing: /home/nvidia/workspace/alan/src/AMR_ros2_slam_nav2/install/ros2_drive_package_msg/share/ros2_drive_package_msg/cmake/ros2_drive_package_msgConfig.cmake
[90.611s] -- Installing: /home/nvidia/workspace/alan/src/AMR_ros2_slam_nav2/install/ros2_drive_package_msg/share/ros2_drive_package_msg/cmake/ros2_drive_package_msgConfig-version.cmake
[90.612s] -- Installing: /home/nvidia/workspace/alan/src/AMR_ros2_slam_nav2/install/ros2_drive_package_msg/share/ros2_drive_package_msg/package.xml
[90.629s] Invoked command in '/home/nvidia/workspace/alan/src/AMR_ros2_slam_nav2/build/ros2_drive_package_msg' returned '0': AMENT_PREFIX_PATH=/home/nvidia/workspace/alan/src/AMR_ros2_slam_nav2/install/pcl_msgs:${AMENT_PREFIX_PATH} CMAKE_PREFIX_PATH=/home/nvidia/workspace/alan/src/AMR_ros2_slam_nav2/install/pcl_msgs:${CMAKE_PREFIX_PATH} LD_LIBRARY_PATH=/home/nvidia/workspace/alan/src/AMR_ros2_slam_nav2/install/pcl_msgs/lib:/home/workspace/ros2/install/opt/yaml_cpp_vendor/lib:/home/workspace/ros2/install/opt/rviz_ogre_vendor/lib:/home/workspace/ros2/install/lib:/usr/local/cuda-10.2/lib64 PYTHONPATH=/home/nvidia/workspace/alan/src/AMR_ros2_slam_nav2/install/pcl_msgs/lib/python3.6/site-packages:/home/workspace/ros2/install/lib/python3.6/site-packages:/usr/local/lib:/usr/local/cuda/bin /usr/local/bin/cmake --install /home/nvidia/workspace/alan/src/AMR_ros2_slam_nav2/build/ros2_drive_package_msg
