[ 12%] Built target gtest
[ 25%] Built target gtest_main
[ 37%] Built target nav2_spin_recovery
[ 50%] Built target recoveries_server_core
[ 62%] Built target nav2_wait_recovery
[ 75%] Built target nav2_backup_recovery
[ 87%] Built target test_recoveries
[100%] Built target recoveries_server
-- Install configuration: "Release"
-- Installing: /home/nvidia/workspace/alan/src/AMR_ros2_slam_nav2/install/nav2_recoveries/share/nav2_recoveries/recovery_plugin.xml
-- Installing: /home/nvidia/workspace/alan/src/AMR_ros2_slam_nav2/install/nav2_recoveries/lib/librecoveries_server_core.a
-- Installing: /home/nvidia/workspace/alan/src/AMR_ros2_slam_nav2/install/nav2_recoveries/lib/libnav2_backup_recovery.so
-- Set runtime path of "/home/nvidia/workspace/alan/src/AMR_ros2_slam_nav2/install/nav2_recoveries/lib/libnav2_backup_recovery.so" to ""
-- Installing: /home/nvidia/workspace/alan/src/AMR_ros2_slam_nav2/install/nav2_recoveries/lib/libnav2_spin_recovery.so
-- Set runtime path of "/home/nvidia/workspace/alan/src/AMR_ros2_slam_nav2/install/nav2_recoveries/lib/libnav2_spin_recovery.so" to ""
-- Installing: /home/nvidia/workspace/alan/src/AMR_ros2_slam_nav2/install/nav2_recoveries/lib/libnav2_wait_recovery.so
-- Set runtime path of "/home/nvidia/workspace/alan/src/AMR_ros2_slam_nav2/install/nav2_recoveries/lib/libnav2_wait_recovery.so" to ""
-- Installing: /home/nvidia/workspace/alan/src/AMR_ros2_slam_nav2/install/nav2_recoveries/lib/nav2_recoveries/recoveries_server
-- Set runtime path of "/home/nvidia/workspace/alan/src/AMR_ros2_slam_nav2/install/nav2_recoveries/lib/nav2_recoveries/recoveries_server" to ""
-- Installing: /home/nvidia/workspace/alan/src/AMR_ros2_slam_nav2/install/nav2_recoveries/include/
-- Installing: /home/nvidia/workspace/alan/src/AMR_ros2_slam_nav2/install/nav2_recoveries/include//nav2_recoveries
-- Installing: /home/nvidia/workspace/alan/src/AMR_ros2_slam_nav2/install/nav2_recoveries/include//nav2_recoveries/recovery_server.hpp
-- Installing: /home/nvidia/workspace/alan/src/AMR_ros2_slam_nav2/install/nav2_recoveries/include//nav2_recoveries/recovery.hpp
-- Up-to-date: /home/nvidia/workspace/alan/src/AMR_ros2_slam_nav2/install/nav2_recoveries/share/nav2_recoveries/recovery_plugin.xml
-- Installing: /home/nvidia/workspace/alan/src/AMR_ros2_slam_nav2/install/nav2_recoveries/share/nav2_recoveries/environment/library_path.sh
-- Installing: /home/nvidia/workspace/alan/src/AMR_ros2_slam_nav2/install/nav2_recoveries/share/nav2_recoveries/environment/library_path.dsv
-- Installing: /home/nvidia/workspace/alan/src/AMR_ros2_slam_nav2/install/nav2_recoveries/share/ament_index/resource_index/package_run_dependencies/nav2_recoveries
-- Installing: /home/nvidia/workspace/alan/src/AMR_ros2_slam_nav2/install/nav2_recoveries/share/ament_index/resource_index/parent_prefix_path/nav2_recoveries
-- Installing: /home/nvidia/workspace/alan/src/AMR_ros2_slam_nav2/install/nav2_recoveries/share/nav2_recoveries/environment/ament_prefix_path.sh
-- Installing: /home/nvidia/workspace/alan/src/AMR_ros2_slam_nav2/install/nav2_recoveries/share/nav2_recoveries/environment/ament_prefix_path.dsv
-- Installing: /home/nvidia/workspace/alan/src/AMR_ros2_slam_nav2/install/nav2_recoveries/share/nav2_recoveries/environment/path.sh
-- Installing: /home/nvidia/workspace/alan/src/AMR_ros2_slam_nav2/install/nav2_recoveries/share/nav2_recoveries/environment/path.dsv
-- Installing: /home/nvidia/workspace/alan/src/AMR_ros2_slam_nav2/install/nav2_recoveries/share/nav2_recoveries/local_setup.bash
-- Installing: /home/nvidia/workspace/alan/src/AMR_ros2_slam_nav2/install/nav2_recoveries/share/nav2_recoveries/local_setup.sh
-- Installing: /home/nvidia/workspace/alan/src/AMR_ros2_slam_nav2/install/nav2_recoveries/share/nav2_recoveries/local_setup.zsh
-- Installing: /home/nvidia/workspace/alan/src/AMR_ros2_slam_nav2/install/nav2_recoveries/share/nav2_recoveries/local_setup.dsv
-- Installing: /home/nvidia/workspace/alan/src/AMR_ros2_slam_nav2/install/nav2_recoveries/share/nav2_recoveries/package.dsv
-- Installing: /home/nvidia/workspace/alan/src/AMR_ros2_slam_nav2/install/nav2_recoveries/share/ament_index/resource_index/packages/nav2_recoveries
-- Installing: /home/nvidia/workspace/alan/src/AMR_ros2_slam_nav2/install/nav2_recoveries/share/ament_index/resource_index/nav2_core__pluginlib__plugin/nav2_recoveries
-- Installing: /home/nvidia/workspace/alan/src/AMR_ros2_slam_nav2/install/nav2_recoveries/share/nav2_recoveries/cmake/ament_cmake_export_include_directories-extras.cmake
-- Installing: /home/nvidia/workspace/alan/src/AMR_ros2_slam_nav2/install/nav2_recoveries/share/nav2_recoveries/cmake/ament_cmake_export_libraries-extras.cmake
-- Installing: /home/nvidia/workspace/alan/src/AMR_ros2_slam_nav2/install/nav2_recoveries/share/nav2_recoveries/cmake/ament_cmake_export_definitions-extras.cmake
-- Installing: /home/nvidia/workspace/alan/src/AMR_ros2_slam_nav2/install/nav2_recoveries/share/nav2_recoveries/cmake/nav2_recoveriesConfig.cmake
-- Installing: /home/nvidia/workspace/alan/src/AMR_ros2_slam_nav2/install/nav2_recoveries/share/nav2_recoveries/cmake/nav2_recoveriesConfig-version.cmake
-- Installing: /home/nvidia/workspace/alan/src/AMR_ros2_slam_nav2/install/nav2_recoveries/share/nav2_recoveries/package.xml
