[0.311s] Invoking command in '/home/nvidia/workspace/alan/src/AMR_ros2_slam_nav2/build/diagnostic_aggregator': CMAKE_PREFIX_PATH=${CMAKE_PREFIX_PATH}:/home/nvidia/workspace/alan/AMR/install/turtlebot3_teleop:/home/nvidia/workspace/alan/AMR/install/turtlebot3_example:/home/nvidia/workspace/alan/AMR/install/opencv_tests:/home/nvidia/workspace/alan/AMR/install/nav2_gazebo_spawner /usr/local/bin/cmake --build /home/nvidia/workspace/alan/src/AMR_ros2_slam_nav2/build/diagnostic_aggregator -- -j8 -l8
[0.584s] [ 40%] Built target diagnostic_aggregator
[0.747s] [ 60%] Built target aggregator_node
[0.766s] [100%] Built target diagnostic_aggregator_analyzers
[1.993s] Invoked command in '/home/nvidia/workspace/alan/src/AMR_ros2_slam_nav2/build/diagnostic_aggregator' returned '0': CMAKE_PREFIX_PATH=${CMAKE_PREFIX_PATH}:/home/nvidia/workspace/alan/AMR/install/turtlebot3_teleop:/home/nvidia/workspace/alan/AMR/install/turtlebot3_example:/home/nvidia/workspace/alan/AMR/install/opencv_tests:/home/nvidia/workspace/alan/AMR/install/nav2_gazebo_spawner /usr/local/bin/cmake --build /home/nvidia/workspace/alan/src/AMR_ros2_slam_nav2/build/diagnostic_aggregator -- -j8 -l8
[2.318s] Invoking command in '/home/nvidia/workspace/alan/src/AMR_ros2_slam_nav2/build/diagnostic_aggregator': CMAKE_PREFIX_PATH=${CMAKE_PREFIX_PATH}:/home/nvidia/workspace/alan/AMR/install/turtlebot3_teleop:/home/nvidia/workspace/alan/AMR/install/turtlebot3_example:/home/nvidia/workspace/alan/AMR/install/opencv_tests:/home/nvidia/workspace/alan/AMR/install/nav2_gazebo_spawner /usr/local/bin/cmake --install /home/nvidia/workspace/alan/src/AMR_ros2_slam_nav2/build/diagnostic_aggregator
[2.352s] -- Install configuration: ""
[2.355s] -- Up-to-date: /home/nvidia/workspace/alan/src/AMR_ros2_slam_nav2/install/diagnostic_aggregator/lib/diagnostic_aggregator/aggregator_node
[2.375s] -- Up-to-date: /home/nvidia/workspace/alan/src/AMR_ros2_slam_nav2/install/diagnostic_aggregator/lib/libdiagnostic_aggregator.so
[2.376s] -- Up-to-date: /home/nvidia/workspace/alan/src/AMR_ros2_slam_nav2/install/diagnostic_aggregator/lib/libdiagnostic_aggregator_analyzers.so
[2.387s] -- Up-to-date: /home/nvidia/workspace/alan/src/AMR_ros2_slam_nav2/install/diagnostic_aggregator/include
[2.388s] -- Up-to-date: /home/nvidia/workspace/alan/src/AMR_ros2_slam_nav2/install/diagnostic_aggregator/include/diagnostic_aggregator
[2.395s] -- Up-to-date: /home/nvidia/workspace/alan/src/AMR_ros2_slam_nav2/install/diagnostic_aggregator/include/diagnostic_aggregator/visibility_control.hpp
[2.396s] -- Up-to-date: /home/nvidia/workspace/alan/src/AMR_ros2_slam_nav2/install/diagnostic_aggregator/include/diagnostic_aggregator/discard_analyzer.hpp
[2.396s] -- Up-to-date: /home/nvidia/workspace/alan/src/AMR_ros2_slam_nav2/install/diagnostic_aggregator/include/diagnostic_aggregator/ignore_analyzer.hpp
[2.396s] -- Up-to-date: /home/nvidia/workspace/alan/src/AMR_ros2_slam_nav2/install/diagnostic_aggregator/include/diagnostic_aggregator/status_item.hpp
[2.396s] -- Up-to-date: /home/nvidia/workspace/alan/src/AMR_ros2_slam_nav2/install/diagnostic_aggregator/include/diagnostic_aggregator/generic_analyzer.hpp
[2.397s] -- Up-to-date: /home/nvidia/workspace/alan/src/AMR_ros2_slam_nav2/install/diagnostic_aggregator/include/diagnostic_aggregator/aggregator.hpp
[2.397s] -- Up-to-date: /home/nvidia/workspace/alan/src/AMR_ros2_slam_nav2/install/diagnostic_aggregator/include/diagnostic_aggregator/analyzer_group.hpp
[2.398s] -- Up-to-date: /home/nvidia/workspace/alan/src/AMR_ros2_slam_nav2/install/diagnostic_aggregator/include/diagnostic_aggregator/generic_analyzer_base.hpp
[2.398s] -- Up-to-date: /home/nvidia/workspace/alan/src/AMR_ros2_slam_nav2/install/diagnostic_aggregator/include/diagnostic_aggregator/analyzer.hpp
[2.398s] -- Up-to-date: /home/nvidia/workspace/alan/src/AMR_ros2_slam_nav2/install/diagnostic_aggregator/include/diagnostic_aggregator/other_analyzer.hpp
[2.415s] -- Up-to-date: /home/nvidia/workspace/alan/src/AMR_ros2_slam_nav2/install/diagnostic_aggregator/share/diagnostic_aggregator/environment/pythonpath.sh
[2.415s] -- Up-to-date: /home/nvidia/workspace/alan/src/AMR_ros2_slam_nav2/install/diagnostic_aggregator/share/diagnostic_aggregator/environment/pythonpath.dsv
[2.415s] -- Up-to-date: /home/nvidia/workspace/alan/src/AMR_ros2_slam_nav2/install/diagnostic_aggregator/lib/python3.6/site-packages/diagnostic_aggregator
[2.416s] -- Up-to-date: /home/nvidia/workspace/alan/src/AMR_ros2_slam_nav2/install/diagnostic_aggregator/lib/python3.6/site-packages/diagnostic_aggregator/__init__.py
[2.545s] Listing '/home/nvidia/workspace/alan/src/AMR_ros2_slam_nav2/install/diagnostic_aggregator/lib/python3.6/site-packages/diagnostic_aggregator'...
[2.561s] -- Up-to-date: /home/nvidia/workspace/alan/src/AMR_ros2_slam_nav2/install/diagnostic_aggregator/share/diagnostic_aggregator/example.launch.py
[2.563s] -- Up-to-date: /home/nvidia/workspace/alan/src/AMR_ros2_slam_nav2/install/diagnostic_aggregator/lib/diagnostic_aggregator/example_pub.py
[2.563s] -- Up-to-date: /home/nvidia/workspace/alan/src/AMR_ros2_slam_nav2/install/diagnostic_aggregator/share/diagnostic_aggregator/example.yaml
[2.563s] -- Up-to-date: /home/nvidia/workspace/alan/src/AMR_ros2_slam_nav2/install/diagnostic_aggregator/share/diagnostic_aggregator/plugin_description.xml
[2.565s] -- Up-to-date: /home/nvidia/workspace/alan/src/AMR_ros2_slam_nav2/install/diagnostic_aggregator/share/ament_index/resource_index/package_run_dependencies/diagnostic_aggregator
[2.573s] -- Up-to-date: /home/nvidia/workspace/alan/src/AMR_ros2_slam_nav2/install/diagnostic_aggregator/share/ament_index/resource_index/parent_prefix_path/diagnostic_aggregator
[2.573s] -- Up-to-date: /home/nvidia/workspace/alan/src/AMR_ros2_slam_nav2/install/diagnostic_aggregator/share/diagnostic_aggregator/environment/ament_prefix_path.sh
[2.574s] -- Up-to-date: /home/nvidia/workspace/alan/src/AMR_ros2_slam_nav2/install/diagnostic_aggregator/share/diagnostic_aggregator/environment/ament_prefix_path.dsv
[2.574s] -- Up-to-date: /home/nvidia/workspace/alan/src/AMR_ros2_slam_nav2/install/diagnostic_aggregator/share/diagnostic_aggregator/environment/path.sh
[2.575s] -- Up-to-date: /home/nvidia/workspace/alan/src/AMR_ros2_slam_nav2/install/diagnostic_aggregator/share/diagnostic_aggregator/environment/path.dsv
[2.575s] -- Up-to-date: /home/nvidia/workspace/alan/src/AMR_ros2_slam_nav2/install/diagnostic_aggregator/share/diagnostic_aggregator/local_setup.bash
[2.576s] -- Up-to-date: /home/nvidia/workspace/alan/src/AMR_ros2_slam_nav2/install/diagnostic_aggregator/share/diagnostic_aggregator/local_setup.sh
[2.576s] -- Up-to-date: /home/nvidia/workspace/alan/src/AMR_ros2_slam_nav2/install/diagnostic_aggregator/share/diagnostic_aggregator/local_setup.zsh
[2.577s] -- Up-to-date: /home/nvidia/workspace/alan/src/AMR_ros2_slam_nav2/install/diagnostic_aggregator/share/diagnostic_aggregator/local_setup.dsv
[2.577s] -- Installing: /home/nvidia/workspace/alan/src/AMR_ros2_slam_nav2/install/diagnostic_aggregator/share/diagnostic_aggregator/package.dsv
[2.579s] -- Up-to-date: /home/nvidia/workspace/alan/src/AMR_ros2_slam_nav2/install/diagnostic_aggregator/share/ament_index/resource_index/packages/diagnostic_aggregator
[2.581s] -- Up-to-date: /home/nvidia/workspace/alan/src/AMR_ros2_slam_nav2/install/diagnostic_aggregator/share/ament_index/resource_index/diagnostic_aggregator__pluginlib__plugin/diagnostic_aggregator
[2.587s] -- Up-to-date: /home/nvidia/workspace/alan/src/AMR_ros2_slam_nav2/install/diagnostic_aggregator/share/diagnostic_aggregator/cmake/ament_cmake_export_include_directories-extras.cmake
[2.587s] -- Up-to-date: /home/nvidia/workspace/alan/src/AMR_ros2_slam_nav2/install/diagnostic_aggregator/share/diagnostic_aggregator/cmake/ament_cmake_export_dependencies-extras.cmake
[2.588s] -- Up-to-date: /home/nvidia/workspace/alan/src/AMR_ros2_slam_nav2/install/diagnostic_aggregator/share/diagnostic_aggregator/cmake/diagnostic_aggregatorConfig.cmake
[2.588s] -- Up-to-date: /home/nvidia/workspace/alan/src/AMR_ros2_slam_nav2/install/diagnostic_aggregator/share/diagnostic_aggregator/cmake/diagnostic_aggregatorConfig-version.cmake
[2.589s] -- Up-to-date: /home/nvidia/workspace/alan/src/AMR_ros2_slam_nav2/install/diagnostic_aggregator/share/diagnostic_aggregator/package.xml
[2.603s] Invoked command in '/home/nvidia/workspace/alan/src/AMR_ros2_slam_nav2/build/diagnostic_aggregator' returned '0': CMAKE_PREFIX_PATH=${CMAKE_PREFIX_PATH}:/home/nvidia/workspace/alan/AMR/install/turtlebot3_teleop:/home/nvidia/workspace/alan/AMR/install/turtlebot3_example:/home/nvidia/workspace/alan/AMR/install/opencv_tests:/home/nvidia/workspace/alan/AMR/install/nav2_gazebo_spawner /usr/local/bin/cmake --install /home/nvidia/workspace/alan/src/AMR_ros2_slam_nav2/build/diagnostic_aggregator
