[100%] Built target ros2_drive_package_can_ctrol
-- Install configuration: ""
-- Installing: /home/nvidia/workspace/alan/src/AMR_ros2_slam_nav2/install/ros2_drive_package_can_ctrol/lib/ros2_drive_package_can_ctrol/ros2_drive_package_can_ctrol
-- Set runtime path of "/home/nvidia/workspace/alan/src/AMR_ros2_slam_nav2/install/ros2_drive_package_can_ctrol/lib/ros2_drive_package_can_ctrol/ros2_drive_package_can_ctrol" to ""
-- Installing: /home/nvidia/workspace/alan/src/AMR_ros2_slam_nav2/install/ros2_drive_package_can_ctrol/share/ros2_drive_package_can_ctrol/param
-- Installing: /home/nvidia/workspace/alan/src/AMR_ros2_slam_nav2/install/ros2_drive_package_can_ctrol/share/ros2_drive_package_can_ctrol/param/waffle.yaml
-- Installing: /home/nvidia/workspace/alan/src/AMR_ros2_slam_nav2/install/ros2_drive_package_can_ctrol/share/ros2_drive_package_can_ctrol/param/burger.yaml
-- Installing: /home/nvidia/workspace/alan/src/AMR_ros2_slam_nav2/install/ros2_drive_package_can_ctrol/share/ros2_drive_package_can_ctrol/param/waffle_pi.yaml
-- Installing: /home/nvidia/workspace/alan/src/AMR_ros2_slam_nav2/install/ros2_drive_package_can_ctrol/share/ament_index/resource_index/package_run_dependencies/ros2_drive_package_can_ctrol
-- Installing: /home/nvidia/workspace/alan/src/AMR_ros2_slam_nav2/install/ros2_drive_package_can_ctrol/share/ament_index/resource_index/parent_prefix_path/ros2_drive_package_can_ctrol
-- Installing: /home/nvidia/workspace/alan/src/AMR_ros2_slam_nav2/install/ros2_drive_package_can_ctrol/share/ros2_drive_package_can_ctrol/environment/ament_prefix_path.sh
-- Installing: /home/nvidia/workspace/alan/src/AMR_ros2_slam_nav2/install/ros2_drive_package_can_ctrol/share/ros2_drive_package_can_ctrol/environment/ament_prefix_path.dsv
-- Installing: /home/nvidia/workspace/alan/src/AMR_ros2_slam_nav2/install/ros2_drive_package_can_ctrol/share/ros2_drive_package_can_ctrol/environment/path.sh
-- Installing: /home/nvidia/workspace/alan/src/AMR_ros2_slam_nav2/install/ros2_drive_package_can_ctrol/share/ros2_drive_package_can_ctrol/environment/path.dsv
-- Installing: /home/nvidia/workspace/alan/src/AMR_ros2_slam_nav2/install/ros2_drive_package_can_ctrol/share/ros2_drive_package_can_ctrol/local_setup.bash
-- Installing: /home/nvidia/workspace/alan/src/AMR_ros2_slam_nav2/install/ros2_drive_package_can_ctrol/share/ros2_drive_package_can_ctrol/local_setup.sh
-- Installing: /home/nvidia/workspace/alan/src/AMR_ros2_slam_nav2/install/ros2_drive_package_can_ctrol/share/ros2_drive_package_can_ctrol/local_setup.zsh
-- Installing: /home/nvidia/workspace/alan/src/AMR_ros2_slam_nav2/install/ros2_drive_package_can_ctrol/share/ros2_drive_package_can_ctrol/local_setup.dsv
-- Installing: /home/nvidia/workspace/alan/src/AMR_ros2_slam_nav2/install/ros2_drive_package_can_ctrol/share/ros2_drive_package_can_ctrol/package.dsv
-- Installing: /home/nvidia/workspace/alan/src/AMR_ros2_slam_nav2/install/ros2_drive_package_can_ctrol/share/ament_index/resource_index/packages/ros2_drive_package_can_ctrol
-- Installing: /home/nvidia/workspace/alan/src/AMR_ros2_slam_nav2/install/ros2_drive_package_can_ctrol/share/ros2_drive_package_can_ctrol/cmake/ros2_drive_package_can_ctrolConfig.cmake
-- Installing: /home/nvidia/workspace/alan/src/AMR_ros2_slam_nav2/install/ros2_drive_package_can_ctrol/share/ros2_drive_package_can_ctrol/cmake/ros2_drive_package_can_ctrolConfig-version.cmake
-- Installing: /home/nvidia/workspace/alan/src/AMR_ros2_slam_nav2/install/ros2_drive_package_can_ctrol/share/ros2_drive_package_can_ctrol/package.xml
