[0.623s] Invoking command in '/home/nvidia/workspace/alan/src/AMR_ros2_slam_nav2/build/ros2_rada_msg': CMAKE_PREFIX_PATH=${CMAKE_PREFIX_PATH}:/home/nvidia/workspace/alan/src/AMR_ros2_slam_nav2/install/turtlebot3_teleop:/home/nvidia/workspace/alan/src/AMR_ros2_slam_nav2/install/turtlebot3_example:/home/nvidia/workspace/alan/src/AMR_ros2_slam_nav2/install/opencv_tests:/home/nvidia/workspace/alan/src/AMR_ros2_slam_nav2/install/nav2_gazebo_spawner:/home/nvidia/workspace/alan/AMR/install/turtlebot3_teleop:/home/nvidia/workspace/alan/AMR/install/turtlebot3_example:/home/nvidia/workspace/alan/AMR/install/opencv_tests:/home/nvidia/workspace/alan/AMR/install/nav2_gazebo_spawner /usr/local/bin/cmake --build /home/nvidia/workspace/alan/src/AMR_ros2_slam_nav2/build/ros2_rada_msg -- -j8 -l8
[0.738s] [  6%] Built target ros2_rada_msg__cpp
[0.740s] [ 12%] Built target ros2_rada_msg__rosidl_generator_c
[0.814s] [ 22%] Built target ros2_rada_msg__rosidl_typesupport_introspection_c
[0.825s] [ 32%] Built target ros2_rada_msg__rosidl_typesupport_cpp
[0.828s] [ 41%] Built target ros2_rada_msg__rosidl_typesupport_c
[0.829s] [ 51%] Built target ros2_rada_msg__rosidl_typesupport_fastrtps_cpp
[0.853s] [ 61%] Built target ros2_rada_msg__rosidl_typesupport_introspection_cpp
[0.906s] [ 70%] Built target ros2_rada_msg__rosidl_typesupport_fastrtps_c
[0.978s] [ 70%] Built target ros2_rada_msg
[1.076s] [ 74%] Built target ros2_rada_msg__py
[1.161s] [ 80%] Built target ros2_rada_msg__python
[1.255s] [ 87%] Built target ros2_rada_msg__rosidl_typesupport_introspection_c__pyext
[1.267s] [ 93%] Built target ros2_rada_msg__rosidl_typesupport_c__pyext
[1.284s] [100%] Built target ros2_rada_msg__rosidl_typesupport_fastrtps_c__pyext
[1.344s] Invoked command in '/home/nvidia/workspace/alan/src/AMR_ros2_slam_nav2/build/ros2_rada_msg' returned '0': CMAKE_PREFIX_PATH=${CMAKE_PREFIX_PATH}:/home/nvidia/workspace/alan/src/AMR_ros2_slam_nav2/install/turtlebot3_teleop:/home/nvidia/workspace/alan/src/AMR_ros2_slam_nav2/install/turtlebot3_example:/home/nvidia/workspace/alan/src/AMR_ros2_slam_nav2/install/opencv_tests:/home/nvidia/workspace/alan/src/AMR_ros2_slam_nav2/install/nav2_gazebo_spawner:/home/nvidia/workspace/alan/AMR/install/turtlebot3_teleop:/home/nvidia/workspace/alan/AMR/install/turtlebot3_example:/home/nvidia/workspace/alan/AMR/install/opencv_tests:/home/nvidia/workspace/alan/AMR/install/nav2_gazebo_spawner /usr/local/bin/cmake --build /home/nvidia/workspace/alan/src/AMR_ros2_slam_nav2/build/ros2_rada_msg -- -j8 -l8
[1.870s] Invoking command in '/home/nvidia/workspace/alan/src/AMR_ros2_slam_nav2/build/ros2_rada_msg': CMAKE_PREFIX_PATH=${CMAKE_PREFIX_PATH}:/home/nvidia/workspace/alan/src/AMR_ros2_slam_nav2/install/turtlebot3_teleop:/home/nvidia/workspace/alan/src/AMR_ros2_slam_nav2/install/turtlebot3_example:/home/nvidia/workspace/alan/src/AMR_ros2_slam_nav2/install/opencv_tests:/home/nvidia/workspace/alan/src/AMR_ros2_slam_nav2/install/nav2_gazebo_spawner:/home/nvidia/workspace/alan/AMR/install/turtlebot3_teleop:/home/nvidia/workspace/alan/AMR/install/turtlebot3_example:/home/nvidia/workspace/alan/AMR/install/opencv_tests:/home/nvidia/workspace/alan/AMR/install/nav2_gazebo_spawner /usr/local/bin/cmake --install /home/nvidia/workspace/alan/src/AMR_ros2_slam_nav2/build/ros2_rada_msg
[1.971s] -- Install configuration: ""
[1.973s] -- Installing: /home/nvidia/workspace/alan/src/AMR_ros2_slam_nav2/install/ros2_rada_msg/share/ament_index/resource_index/rosidl_interfaces/ros2_rada_msg
[1.976s] -- Installing: /home/nvidia/workspace/alan/src/AMR_ros2_slam_nav2/install/ros2_rada_msg/include/ros2_rada_msg
[1.976s] -- Installing: /home/nvidia/workspace/alan/src/AMR_ros2_slam_nav2/install/ros2_rada_msg/include/ros2_rada_msg/msg
[1.976s] -- Installing: /home/nvidia/workspace/alan/src/AMR_ros2_slam_nav2/install/ros2_rada_msg/include/ros2_rada_msg/msg/detail
[1.976s] -- Installing: /home/nvidia/workspace/alan/src/AMR_ros2_slam_nav2/install/ros2_rada_msg/include/ros2_rada_msg/msg/detail/rada__functions.h
[1.977s] -- Installing: /home/nvidia/workspace/alan/src/AMR_ros2_slam_nav2/install/ros2_rada_msg/include/ros2_rada_msg/msg/detail/rada__functions.c
[1.977s] -- Installing: /home/nvidia/workspace/alan/src/AMR_ros2_slam_nav2/install/ros2_rada_msg/include/ros2_rada_msg/msg/detail/rada__type_support.h
[1.977s] -- Installing: /home/nvidia/workspace/alan/src/AMR_ros2_slam_nav2/install/ros2_rada_msg/include/ros2_rada_msg/msg/detail/rada__struct.h
[1.978s] -- Installing: /home/nvidia/workspace/alan/src/AMR_ros2_slam_nav2/install/ros2_rada_msg/include/ros2_rada_msg/msg/rosidl_generator_c__visibility_control.h
[1.978s] -- Installing: /home/nvidia/workspace/alan/src/AMR_ros2_slam_nav2/install/ros2_rada_msg/include/ros2_rada_msg/msg/rada.h
[1.978s] -- Installing: /home/nvidia/workspace/alan/src/AMR_ros2_slam_nav2/install/ros2_rada_msg/share/ros2_rada_msg/environment/library_path.sh
[1.982s] -- Installing: /home/nvidia/workspace/alan/src/AMR_ros2_slam_nav2/install/ros2_rada_msg/share/ros2_rada_msg/environment/library_path.dsv
[1.984s] -- Installing: /home/nvidia/workspace/alan/src/AMR_ros2_slam_nav2/install/ros2_rada_msg/lib/libros2_rada_msg__rosidl_generator_c.so
[1.986s] -- Set runtime path of "/home/nvidia/workspace/alan/src/AMR_ros2_slam_nav2/install/ros2_rada_msg/lib/libros2_rada_msg__rosidl_generator_c.so" to ""
[1.987s] -- Up-to-date: /home/nvidia/workspace/alan/src/AMR_ros2_slam_nav2/install/ros2_rada_msg/include/ros2_rada_msg
[1.987s] -- Up-to-date: /home/nvidia/workspace/alan/src/AMR_ros2_slam_nav2/install/ros2_rada_msg/include/ros2_rada_msg/msg
[1.988s] -- Up-to-date: /home/nvidia/workspace/alan/src/AMR_ros2_slam_nav2/install/ros2_rada_msg/include/ros2_rada_msg/msg/detail
[1.991s] -- Installing: /home/nvidia/workspace/alan/src/AMR_ros2_slam_nav2/install/ros2_rada_msg/include/ros2_rada_msg/msg/detail/rada__rosidl_typesupport_fastrtps_c.h
[1.992s] -- Installing: /home/nvidia/workspace/alan/src/AMR_ros2_slam_nav2/install/ros2_rada_msg/include/ros2_rada_msg/msg/rosidl_typesupport_fastrtps_c__visibility_control.h
[1.998s] -- Installing: /home/nvidia/workspace/alan/src/AMR_ros2_slam_nav2/install/ros2_rada_msg/lib/libros2_rada_msg__rosidl_typesupport_fastrtps_c.so
[2.001s] -- Set runtime path of "/home/nvidia/workspace/alan/src/AMR_ros2_slam_nav2/install/ros2_rada_msg/lib/libros2_rada_msg__rosidl_typesupport_fastrtps_c.so" to ""
[2.001s] -- Up-to-date: /home/nvidia/workspace/alan/src/AMR_ros2_slam_nav2/install/ros2_rada_msg/include/ros2_rada_msg
[2.002s] -- Up-to-date: /home/nvidia/workspace/alan/src/AMR_ros2_slam_nav2/install/ros2_rada_msg/include/ros2_rada_msg/msg
[2.002s] -- Up-to-date: /home/nvidia/workspace/alan/src/AMR_ros2_slam_nav2/install/ros2_rada_msg/include/ros2_rada_msg/msg/detail
[2.002s] -- Installing: /home/nvidia/workspace/alan/src/AMR_ros2_slam_nav2/install/ros2_rada_msg/include/ros2_rada_msg/msg/detail/rada__rosidl_typesupport_fastrtps_cpp.hpp
[2.003s] -- Installing: /home/nvidia/workspace/alan/src/AMR_ros2_slam_nav2/install/ros2_rada_msg/include/ros2_rada_msg/msg/detail/dds_fastrtps
[2.007s] -- Installing: /home/nvidia/workspace/alan/src/AMR_ros2_slam_nav2/install/ros2_rada_msg/include/ros2_rada_msg/msg/rosidl_typesupport_fastrtps_cpp__visibility_control.h
[2.014s] -- Installing: /home/nvidia/workspace/alan/src/AMR_ros2_slam_nav2/install/ros2_rada_msg/lib/libros2_rada_msg__rosidl_typesupport_fastrtps_cpp.so
[2.016s] -- Set runtime path of "/home/nvidia/workspace/alan/src/AMR_ros2_slam_nav2/install/ros2_rada_msg/lib/libros2_rada_msg__rosidl_typesupport_fastrtps_cpp.so" to ""
[2.016s] -- Up-to-date: /home/nvidia/workspace/alan/src/AMR_ros2_slam_nav2/install/ros2_rada_msg/include/ros2_rada_msg
[2.016s] -- Up-to-date: /home/nvidia/workspace/alan/src/AMR_ros2_slam_nav2/install/ros2_rada_msg/include/ros2_rada_msg/msg
[2.017s] -- Up-to-date: /home/nvidia/workspace/alan/src/AMR_ros2_slam_nav2/install/ros2_rada_msg/include/ros2_rada_msg/msg/detail
[2.017s] -- Installing: /home/nvidia/workspace/alan/src/AMR_ros2_slam_nav2/install/ros2_rada_msg/include/ros2_rada_msg/msg/detail/rada__rosidl_typesupport_introspection_c.h
[2.018s] -- Installing: /home/nvidia/workspace/alan/src/AMR_ros2_slam_nav2/install/ros2_rada_msg/include/ros2_rada_msg/msg/detail/rada__type_support.c
[2.019s] -- Installing: /home/nvidia/workspace/alan/src/AMR_ros2_slam_nav2/install/ros2_rada_msg/include/ros2_rada_msg/msg/rosidl_typesupport_introspection_c__visibility_control.h
[2.020s] -- Installing: /home/nvidia/workspace/alan/src/AMR_ros2_slam_nav2/install/ros2_rada_msg/lib/libros2_rada_msg__rosidl_typesupport_introspection_c.so
[2.021s] -- Set runtime path of "/home/nvidia/workspace/alan/src/AMR_ros2_slam_nav2/install/ros2_rada_msg/lib/libros2_rada_msg__rosidl_typesupport_introspection_c.so" to ""
[2.021s] -- Installing: /home/nvidia/workspace/alan/src/AMR_ros2_slam_nav2/install/ros2_rada_msg/lib/libros2_rada_msg__rosidl_typesupport_c.so
[2.021s] -- Set runtime path of "/home/nvidia/workspace/alan/src/AMR_ros2_slam_nav2/install/ros2_rada_msg/lib/libros2_rada_msg__rosidl_typesupport_c.so" to ""
[2.022s] -- Up-to-date: /home/nvidia/workspace/alan/src/AMR_ros2_slam_nav2/install/ros2_rada_msg/include/ros2_rada_msg
[2.022s] -- Up-to-date: /home/nvidia/workspace/alan/src/AMR_ros2_slam_nav2/install/ros2_rada_msg/include/ros2_rada_msg/msg
[2.023s] -- Up-to-date: /home/nvidia/workspace/alan/src/AMR_ros2_slam_nav2/install/ros2_rada_msg/include/ros2_rada_msg/msg/detail
[2.024s] -- Installing: /home/nvidia/workspace/alan/src/AMR_ros2_slam_nav2/install/ros2_rada_msg/include/ros2_rada_msg/msg/detail/rada__traits.hpp
[2.025s] -- Installing: /home/nvidia/workspace/alan/src/AMR_ros2_slam_nav2/install/ros2_rada_msg/include/ros2_rada_msg/msg/detail/rada__struct.hpp
[2.033s] -- Installing: /home/nvidia/workspace/alan/src/AMR_ros2_slam_nav2/install/ros2_rada_msg/include/ros2_rada_msg/msg/detail/rada__builder.hpp
[2.038s] -- Installing: /home/nvidia/workspace/alan/src/AMR_ros2_slam_nav2/install/ros2_rada_msg/include/ros2_rada_msg/msg/rada.hpp
[2.040s] -- Up-to-date: /home/nvidia/workspace/alan/src/AMR_ros2_slam_nav2/install/ros2_rada_msg/include/ros2_rada_msg
[2.041s] -- Up-to-date: /home/nvidia/workspace/alan/src/AMR_ros2_slam_nav2/install/ros2_rada_msg/include/ros2_rada_msg/msg
[2.041s] -- Up-to-date: /home/nvidia/workspace/alan/src/AMR_ros2_slam_nav2/install/ros2_rada_msg/include/ros2_rada_msg/msg/detail
[2.041s] -- Installing: /home/nvidia/workspace/alan/src/AMR_ros2_slam_nav2/install/ros2_rada_msg/include/ros2_rada_msg/msg/detail/rada__rosidl_typesupport_introspection_cpp.hpp
[2.042s] -- Installing: /home/nvidia/workspace/alan/src/AMR_ros2_slam_nav2/install/ros2_rada_msg/include/ros2_rada_msg/msg/detail/rada__type_support.cpp
[2.042s] -- Installing: /home/nvidia/workspace/alan/src/AMR_ros2_slam_nav2/install/ros2_rada_msg/lib/libros2_rada_msg__rosidl_typesupport_introspection_cpp.so
[2.042s] -- Set runtime path of "/home/nvidia/workspace/alan/src/AMR_ros2_slam_nav2/install/ros2_rada_msg/lib/libros2_rada_msg__rosidl_typesupport_introspection_cpp.so" to ""
[2.043s] -- Installing: /home/nvidia/workspace/alan/src/AMR_ros2_slam_nav2/install/ros2_rada_msg/lib/libros2_rada_msg__rosidl_typesupport_cpp.so
[2.043s] -- Set runtime path of "/home/nvidia/workspace/alan/src/AMR_ros2_slam_nav2/install/ros2_rada_msg/lib/libros2_rada_msg__rosidl_typesupport_cpp.so" to ""
[2.043s] -- Installing: /home/nvidia/workspace/alan/src/AMR_ros2_slam_nav2/install/ros2_rada_msg/share/ros2_rada_msg/environment/pythonpath.sh
[2.044s] -- Installing: /home/nvidia/workspace/alan/src/AMR_ros2_slam_nav2/install/ros2_rada_msg/share/ros2_rada_msg/environment/pythonpath.dsv
[2.044s] -- Installing: /home/nvidia/workspace/alan/src/AMR_ros2_slam_nav2/install/ros2_rada_msg/lib/python3.6/site-packages/ros2_rada_msg/__init__.py
[2.201s] Compiling '/home/nvidia/workspace/alan/src/AMR_ros2_slam_nav2/install/ros2_rada_msg/lib/python3.6/site-packages/ros2_rada_msg/__init__.py'...
[2.242s] -- Installing: /home/nvidia/workspace/alan/src/AMR_ros2_slam_nav2/install/ros2_rada_msg/lib/python3.6/site-packages/ros2_rada_msg/msg
[2.244s] -- Installing: /home/nvidia/workspace/alan/src/AMR_ros2_slam_nav2/install/ros2_rada_msg/lib/python3.6/site-packages/ros2_rada_msg/msg/__init__.py
[2.245s] -- Installing: /home/nvidia/workspace/alan/src/AMR_ros2_slam_nav2/install/ros2_rada_msg/lib/python3.6/site-packages/ros2_rada_msg/msg/_rada.py
[2.255s] -- Installing: /home/nvidia/workspace/alan/src/AMR_ros2_slam_nav2/install/ros2_rada_msg/lib/python3.6/site-packages/ros2_rada_msg/msg/_rada_s.c
[2.259s] -- Installing: /home/nvidia/workspace/alan/src/AMR_ros2_slam_nav2/install/ros2_rada_msg/lib/python3.6/site-packages/ros2_rada_msg/ros2_rada_msg_s__rosidl_typesupport_fastrtps_c.cpython-36m-aarch64-linux-gnu.so
[2.260s] -- Set runtime path of "/home/nvidia/workspace/alan/src/AMR_ros2_slam_nav2/install/ros2_rada_msg/lib/python3.6/site-packages/ros2_rada_msg/ros2_rada_msg_s__rosidl_typesupport_fastrtps_c.cpython-36m-aarch64-linux-gnu.so" to ""
[2.260s] -- Installing: /home/nvidia/workspace/alan/src/AMR_ros2_slam_nav2/install/ros2_rada_msg/lib/python3.6/site-packages/ros2_rada_msg/ros2_rada_msg_s__rosidl_typesupport_introspection_c.cpython-36m-aarch64-linux-gnu.so
[2.260s] -- Set runtime path of "/home/nvidia/workspace/alan/src/AMR_ros2_slam_nav2/install/ros2_rada_msg/lib/python3.6/site-packages/ros2_rada_msg/ros2_rada_msg_s__rosidl_typesupport_introspection_c.cpython-36m-aarch64-linux-gnu.so" to ""
[2.301s] -- Installing: /home/nvidia/workspace/alan/src/AMR_ros2_slam_nav2/install/ros2_rada_msg/lib/python3.6/site-packages/ros2_rada_msg/ros2_rada_msg_s__rosidl_typesupport_c.cpython-36m-aarch64-linux-gnu.so
[2.312s] -- Set runtime path of "/home/nvidia/workspace/alan/src/AMR_ros2_slam_nav2/install/ros2_rada_msg/lib/python3.6/site-packages/ros2_rada_msg/ros2_rada_msg_s__rosidl_typesupport_c.cpython-36m-aarch64-linux-gnu.so" to ""
[2.316s] -- Installing: /home/nvidia/workspace/alan/src/AMR_ros2_slam_nav2/install/ros2_rada_msg/lib/libros2_rada_msg__python.so
[2.317s] -- Set runtime path of "/home/nvidia/workspace/alan/src/AMR_ros2_slam_nav2/install/ros2_rada_msg/lib/libros2_rada_msg__python.so" to ""
[2.318s] -- Installing: /home/nvidia/workspace/alan/src/AMR_ros2_slam_nav2/install/ros2_rada_msg/share/ros2_rada_msg/msg/Rada.idl
[2.318s] -- Installing: /home/nvidia/workspace/alan/src/AMR_ros2_slam_nav2/install/ros2_rada_msg/share/ros2_rada_msg/msg/Rada.msg
[2.319s] -- Installing: /home/nvidia/workspace/alan/src/AMR_ros2_slam_nav2/install/ros2_rada_msg/share/ament_index/resource_index/package_run_dependencies/ros2_rada_msg
[2.319s] -- Installing: /home/nvidia/workspace/alan/src/AMR_ros2_slam_nav2/install/ros2_rada_msg/share/ament_index/resource_index/parent_prefix_path/ros2_rada_msg
[2.320s] -- Installing: /home/nvidia/workspace/alan/src/AMR_ros2_slam_nav2/install/ros2_rada_msg/share/ros2_rada_msg/environment/ament_prefix_path.sh
[2.320s] -- Installing: /home/nvidia/workspace/alan/src/AMR_ros2_slam_nav2/install/ros2_rada_msg/share/ros2_rada_msg/environment/ament_prefix_path.dsv
[2.323s] -- Installing: /home/nvidia/workspace/alan/src/AMR_ros2_slam_nav2/install/ros2_rada_msg/share/ros2_rada_msg/environment/path.sh
[2.324s] -- Installing: /home/nvidia/workspace/alan/src/AMR_ros2_slam_nav2/install/ros2_rada_msg/share/ros2_rada_msg/environment/path.dsv
[2.324s] -- Installing: /home/nvidia/workspace/alan/src/AMR_ros2_slam_nav2/install/ros2_rada_msg/share/ros2_rada_msg/local_setup.bash
[2.327s] -- Installing: /home/nvidia/workspace/alan/src/AMR_ros2_slam_nav2/install/ros2_rada_msg/share/ros2_rada_msg/local_setup.sh
[2.329s] -- Installing: /home/nvidia/workspace/alan/src/AMR_ros2_slam_nav2/install/ros2_rada_msg/share/ros2_rada_msg/local_setup.zsh
[2.332s] -- Installing: /home/nvidia/workspace/alan/src/AMR_ros2_slam_nav2/install/ros2_rada_msg/share/ros2_rada_msg/local_setup.dsv
[2.332s] -- Installing: /home/nvidia/workspace/alan/src/AMR_ros2_slam_nav2/install/ros2_rada_msg/share/ros2_rada_msg/package.dsv
[2.332s] -- Installing: /home/nvidia/workspace/alan/src/AMR_ros2_slam_nav2/install/ros2_rada_msg/share/ament_index/resource_index/packages/ros2_rada_msg
[2.333s] -- Installing: /home/nvidia/workspace/alan/src/AMR_ros2_slam_nav2/install/ros2_rada_msg/share/ros2_rada_msg/cmake/ros2_rada_msg__rosidl_generator_cExport.cmake
[2.335s] -- Installing: /home/nvidia/workspace/alan/src/AMR_ros2_slam_nav2/install/ros2_rada_msg/share/ros2_rada_msg/cmake/ros2_rada_msg__rosidl_generator_cExport-noconfig.cmake
[2.355s] -- Installing: /home/nvidia/workspace/alan/src/AMR_ros2_slam_nav2/install/ros2_rada_msg/share/ros2_rada_msg/cmake/ros2_rada_msg__rosidl_typesupport_introspection_cExport.cmake
[2.356s] -- Installing: /home/nvidia/workspace/alan/src/AMR_ros2_slam_nav2/install/ros2_rada_msg/share/ros2_rada_msg/cmake/ros2_rada_msg__rosidl_typesupport_introspection_cExport-noconfig.cmake
[2.356s] -- Installing: /home/nvidia/workspace/alan/src/AMR_ros2_slam_nav2/install/ros2_rada_msg/share/ros2_rada_msg/cmake/ros2_rada_msg__rosidl_typesupport_cExport.cmake
[2.356s] -- Installing: /home/nvidia/workspace/alan/src/AMR_ros2_slam_nav2/install/ros2_rada_msg/share/ros2_rada_msg/cmake/ros2_rada_msg__rosidl_typesupport_cExport-noconfig.cmake
[2.357s] -- Installing: /home/nvidia/workspace/alan/src/AMR_ros2_slam_nav2/install/ros2_rada_msg/share/ros2_rada_msg/cmake/ros2_rada_msg__rosidl_generator_cppExport.cmake
[2.357s] -- Installing: /home/nvidia/workspace/alan/src/AMR_ros2_slam_nav2/install/ros2_rada_msg/share/ros2_rada_msg/cmake/ros2_rada_msg__rosidl_typesupport_introspection_cppExport.cmake
[2.360s] -- Installing: /home/nvidia/workspace/alan/src/AMR_ros2_slam_nav2/install/ros2_rada_msg/share/ros2_rada_msg/cmake/ros2_rada_msg__rosidl_typesupport_introspection_cppExport-noconfig.cmake
[2.362s] -- Installing: /home/nvidia/workspace/alan/src/AMR_ros2_slam_nav2/install/ros2_rada_msg/share/ros2_rada_msg/cmake/ros2_rada_msg__rosidl_typesupport_cppExport.cmake
[2.362s] -- Installing: /home/nvidia/workspace/alan/src/AMR_ros2_slam_nav2/install/ros2_rada_msg/share/ros2_rada_msg/cmake/ros2_rada_msg__rosidl_typesupport_cppExport-noconfig.cmake
[2.389s] -- Installing: /home/nvidia/workspace/alan/src/AMR_ros2_slam_nav2/install/ros2_rada_msg/share/ros2_rada_msg/cmake/rosidl_cmake-extras.cmake
[2.389s] -- Installing: /home/nvidia/workspace/alan/src/AMR_ros2_slam_nav2/install/ros2_rada_msg/share/ros2_rada_msg/cmake/ament_cmake_export_dependencies-extras.cmake
[2.389s] -- Installing: /home/nvidia/workspace/alan/src/AMR_ros2_slam_nav2/install/ros2_rada_msg/share/ros2_rada_msg/cmake/ament_cmake_export_libraries-extras.cmake
[2.389s] -- Installing: /home/nvidia/workspace/alan/src/AMR_ros2_slam_nav2/install/ros2_rada_msg/share/ros2_rada_msg/cmake/ament_cmake_export_targets-extras.cmake
[2.390s] -- Installing: /home/nvidia/workspace/alan/src/AMR_ros2_slam_nav2/install/ros2_rada_msg/share/ros2_rada_msg/cmake/ament_cmake_export_include_directories-extras.cmake
[2.396s] -- Installing: /home/nvidia/workspace/alan/src/AMR_ros2_slam_nav2/install/ros2_rada_msg/share/ros2_rada_msg/cmake/rosidl_cmake_export_typesupport_libraries-extras.cmake
[2.397s] -- Installing: /home/nvidia/workspace/alan/src/AMR_ros2_slam_nav2/install/ros2_rada_msg/share/ros2_rada_msg/cmake/rosidl_cmake_export_typesupport_targets-extras.cmake
[2.402s] -- Installing: /home/nvidia/workspace/alan/src/AMR_ros2_slam_nav2/install/ros2_rada_msg/share/ros2_rada_msg/cmake/ros2_rada_msgConfig.cmake
[2.404s] -- Installing: /home/nvidia/workspace/alan/src/AMR_ros2_slam_nav2/install/ros2_rada_msg/share/ros2_rada_msg/cmake/ros2_rada_msgConfig-version.cmake
[2.405s] -- Installing: /home/nvidia/workspace/alan/src/AMR_ros2_slam_nav2/install/ros2_rada_msg/share/ros2_rada_msg/package.xml
[2.512s] Invoked command in '/home/nvidia/workspace/alan/src/AMR_ros2_slam_nav2/build/ros2_rada_msg' returned '0': CMAKE_PREFIX_PATH=${CMAKE_PREFIX_PATH}:/home/nvidia/workspace/alan/src/AMR_ros2_slam_nav2/install/turtlebot3_teleop:/home/nvidia/workspace/alan/src/AMR_ros2_slam_nav2/install/turtlebot3_example:/home/nvidia/workspace/alan/src/AMR_ros2_slam_nav2/install/opencv_tests:/home/nvidia/workspace/alan/src/AMR_ros2_slam_nav2/install/nav2_gazebo_spawner:/home/nvidia/workspace/alan/AMR/install/turtlebot3_teleop:/home/nvidia/workspace/alan/AMR/install/turtlebot3_example:/home/nvidia/workspace/alan/AMR/install/opencv_tests:/home/nvidia/workspace/alan/AMR/install/nav2_gazebo_spawner /usr/local/bin/cmake --install /home/nvidia/workspace/alan/src/AMR_ros2_slam_nav2/build/ros2_rada_msg
