[ 20%] [34m[1mAutomatic MOC for target nav2_rviz_plugins[0m
[ 20%] Built target nav2_rviz_plugins_autogen
[100%] Built target nav2_rviz_plugins
-- Install configuration: ""
-- Installing: /home/nvidia/workspace/alan/src/AMR_ros2_slam_nav2/install/nav2_rviz_plugins/share/nav2_rviz_plugins/plugins_description.xml
-- Installing: /home/nvidia/workspace/alan/src/AMR_ros2_slam_nav2/install/nav2_rviz_plugins/lib/libnav2_rviz_plugins.so
-- Set runtime path of "/home/nvidia/workspace/alan/src/AMR_ros2_slam_nav2/install/nav2_rviz_plugins/lib/libnav2_rviz_plugins.so" to ""
-- Installing: /home/nvidia/workspace/alan/src/AMR_ros2_slam_nav2/install/nav2_rviz_plugins/include/
-- Installing: /home/nvidia/workspace/alan/src/AMR_ros2_slam_nav2/install/nav2_rviz_plugins/include//nav2_rviz_plugins
-- Installing: /home/nvidia/workspace/alan/src/AMR_ros2_slam_nav2/install/nav2_rviz_plugins/include//nav2_rviz_plugins/goal_pose_updater.hpp
-- Installing: /home/nvidia/workspace/alan/src/AMR_ros2_slam_nav2/install/nav2_rviz_plugins/include//nav2_rviz_plugins/ros_action_qevent.hpp
-- Installing: /home/nvidia/workspace/alan/src/AMR_ros2_slam_nav2/install/nav2_rviz_plugins/include//nav2_rviz_plugins/goal_common.hpp
-- Installing: /home/nvidia/workspace/alan/src/AMR_ros2_slam_nav2/install/nav2_rviz_plugins/include//nav2_rviz_plugins/nav2_panel.hpp
-- Installing: /home/nvidia/workspace/alan/src/AMR_ros2_slam_nav2/install/nav2_rviz_plugins/include//nav2_rviz_plugins/goal_tool.hpp
-- Installing: /home/nvidia/workspace/alan/src/AMR_ros2_slam_nav2/install/nav2_rviz_plugins/share/nav2_rviz_plugins/environment/library_path.sh
-- Installing: /home/nvidia/workspace/alan/src/AMR_ros2_slam_nav2/install/nav2_rviz_plugins/share/nav2_rviz_plugins/environment/library_path.dsv
-- Installing: /home/nvidia/workspace/alan/src/AMR_ros2_slam_nav2/install/nav2_rviz_plugins/share/ament_index/resource_index/package_run_dependencies/nav2_rviz_plugins
-- Installing: /home/nvidia/workspace/alan/src/AMR_ros2_slam_nav2/install/nav2_rviz_plugins/share/ament_index/resource_index/parent_prefix_path/nav2_rviz_plugins
-- Installing: /home/nvidia/workspace/alan/src/AMR_ros2_slam_nav2/install/nav2_rviz_plugins/share/nav2_rviz_plugins/environment/ament_prefix_path.sh
-- Installing: /home/nvidia/workspace/alan/src/AMR_ros2_slam_nav2/install/nav2_rviz_plugins/share/nav2_rviz_plugins/environment/ament_prefix_path.dsv
-- Installing: /home/nvidia/workspace/alan/src/AMR_ros2_slam_nav2/install/nav2_rviz_plugins/share/nav2_rviz_plugins/environment/path.sh
-- Installing: /home/nvidia/workspace/alan/src/AMR_ros2_slam_nav2/install/nav2_rviz_plugins/share/nav2_rviz_plugins/environment/path.dsv
-- Installing: /home/nvidia/workspace/alan/src/AMR_ros2_slam_nav2/install/nav2_rviz_plugins/share/nav2_rviz_plugins/local_setup.bash
-- Installing: /home/nvidia/workspace/alan/src/AMR_ros2_slam_nav2/install/nav2_rviz_plugins/share/nav2_rviz_plugins/local_setup.sh
-- Installing: /home/nvidia/workspace/alan/src/AMR_ros2_slam_nav2/install/nav2_rviz_plugins/share/nav2_rviz_plugins/local_setup.zsh
-- Installing: /home/nvidia/workspace/alan/src/AMR_ros2_slam_nav2/install/nav2_rviz_plugins/share/nav2_rviz_plugins/local_setup.dsv
-- Installing: /home/nvidia/workspace/alan/src/AMR_ros2_slam_nav2/install/nav2_rviz_plugins/share/nav2_rviz_plugins/package.dsv
-- Installing: /home/nvidia/workspace/alan/src/AMR_ros2_slam_nav2/install/nav2_rviz_plugins/share/ament_index/resource_index/packages/nav2_rviz_plugins
-- Installing: /home/nvidia/workspace/alan/src/AMR_ros2_slam_nav2/install/nav2_rviz_plugins/share/ament_index/resource_index/rviz_common__pluginlib__plugin/nav2_rviz_plugins
-- Installing: /home/nvidia/workspace/alan/src/AMR_ros2_slam_nav2/install/nav2_rviz_plugins/share/nav2_rviz_plugins/cmake/nav2_rviz_pluginsExport.cmake
-- Installing: /home/nvidia/workspace/alan/src/AMR_ros2_slam_nav2/install/nav2_rviz_plugins/share/nav2_rviz_plugins/cmake/nav2_rviz_pluginsExport-noconfig.cmake
-- Installing: /home/nvidia/workspace/alan/src/AMR_ros2_slam_nav2/install/nav2_rviz_plugins/share/nav2_rviz_plugins/cmake/ament_cmake_export_include_directories-extras.cmake
-- Installing: /home/nvidia/workspace/alan/src/AMR_ros2_slam_nav2/install/nav2_rviz_plugins/share/nav2_rviz_plugins/cmake/ament_cmake_export_targets-extras.cmake
-- Installing: /home/nvidia/workspace/alan/src/AMR_ros2_slam_nav2/install/nav2_rviz_plugins/share/nav2_rviz_plugins/cmake/ament_cmake_export_dependencies-extras.cmake
-- Installing: /home/nvidia/workspace/alan/src/AMR_ros2_slam_nav2/install/nav2_rviz_plugins/share/nav2_rviz_plugins/cmake/nav2_rviz_pluginsConfig.cmake
-- Installing: /home/nvidia/workspace/alan/src/AMR_ros2_slam_nav2/install/nav2_rviz_plugins/share/nav2_rviz_plugins/cmake/nav2_rviz_pluginsConfig-version.cmake
-- Installing: /home/nvidia/workspace/alan/src/AMR_ros2_slam_nav2/install/nav2_rviz_plugins/share/nav2_rviz_plugins/package.xml
