[0.221s] Invoking command in '/home/nvidia/workspace/alan/src/AMR_ros2_slam_nav2/build/nav2_behavior_tree': AMENT_PREFIX_PATH=/home/nvidia/workspace/alan/src/AMR_ros2_slam_nav2/install/nav2_util:/home/nvidia/workspace/alan/src/AMR_ros2_slam_nav2/install/nav2_msgs:/home/nvidia/workspace/alan/src/AMR_ros2_slam_nav2/install/nav2_common:${AMENT_PREFIX_PATH} CMAKE_PREFIX_PATH=/home/nvidia/workspace/alan/src/AMR_ros2_slam_nav2/install/nav2_util:/home/nvidia/workspace/alan/src/AMR_ros2_slam_nav2/install/nav2_msgs:/home/nvidia/workspace/alan/src/AMR_ros2_slam_nav2/install/nav2_common:${CMAKE_PREFIX_PATH} LD_LIBRARY_PATH=/home/nvidia/workspace/alan/src/AMR_ros2_slam_nav2/install/nav2_util/lib:/home/nvidia/workspace/alan/src/AMR_ros2_slam_nav2/install/nav2_msgs/lib:/home/workspace/ros2/install/opt/yaml_cpp_vendor/lib:/home/workspace/ros2/install/opt/rviz_ogre_vendor/lib:/home/workspace/ros2/install/lib:/usr/local/cuda-10.2/lib64 PYTHONPATH=/home/nvidia/workspace/alan/src/AMR_ros2_slam_nav2/install/nav2_msgs/lib/python3.6/site-packages:/home/nvidia/workspace/alan/src/AMR_ros2_slam_nav2/install/nav2_common/lib/python3.6/site-packages:/home/workspace/ros2/install/lib/python3.6/site-packages:/usr/local/lib:/usr/local/cuda/bin /usr/local/bin/cmake /home/nvidia/workspace/alan/src/AMR_ros2_slam_nav2/navigation2/nav2_behavior_tree -DCMAKE_INSTALL_PREFIX=/home/nvidia/workspace/alan/src/AMR_ros2_slam_nav2/install/nav2_behavior_tree
[0.506s] -- The CXX compiler identification is GNU 7.5.0
[0.575s] -- Check for working CXX compiler: /usr/bin/c++
[0.812s] -- Check for working CXX compiler: /usr/bin/c++ -- works
[0.821s] -- Detecting CXX compiler ABI info
[1.054s] -- Detecting CXX compiler ABI info - done
[1.257s] -- Detecting CXX compile features
[1.262s] -- Detecting CXX compile features - done
[1.277s] -- Found ament_cmake: 0.9.9 (/home/workspace/ros2/install/share/ament_cmake/cmake)
[1.407s] -- Found PythonInterp: /usr/bin/python3 (found suitable version "3.6.9", minimum required is "3") 
[1.408s] -- Using PYTHON_EXECUTABLE: /usr/bin/python3
[2.401s] -- Found nav2_common: 0.4.7 (/home/nvidia/workspace/alan/src/AMR_ros2_slam_nav2/install/nav2_common/share/nav2_common/cmake)
[2.408s] -- Found rclcpp: 2.4.0 (/home/workspace/ros2/install/share/rclcpp/cmake)
[2.787s] -- Using all available rosidl_typesupport_c: rosidl_typesupport_fastrtps_c;rosidl_typesupport_introspection_c
[2.846s] -- Found rosidl_adapter: 1.2.1 (/home/workspace/ros2/install/share/rosidl_adapter/cmake)
[3.205s] -- Found OpenSSL: /usr/lib/aarch64-linux-gnu/libcrypto.so (found version "1.1.1")  
[3.334s] -- Found FastRTPS: /home/workspace/ros2/install/include  
[3.938s] -- Using all available rosidl_typesupport_cpp: rosidl_typesupport_fastrtps_cpp;rosidl_typesupport_introspection_cpp
[4.569s] -- Found rmw_implementation_cmake: 1.0.3 (/home/workspace/ros2/install/share/rmw_implementation_cmake/cmake)
[4.589s] -- Using RMW implementation 'rmw_fastrtps_cpp' as default
[4.599s] -- Looking for C++ include pthread.h
[4.841s] -- Looking for C++ include pthread.h - found
[4.844s] -- Performing Test CMAKE_HAVE_LIBC_PTHREAD
[5.095s] -- Performing Test CMAKE_HAVE_LIBC_PTHREAD - Failed
[5.098s] -- Looking for pthread_create in pthreads
[5.309s] -- Looking for pthread_create in pthreads - not found
[5.311s] -- Looking for pthread_create in pthread
[5.551s] -- Looking for pthread_create in pthread - found
[5.562s] -- Found Threads: TRUE  
[7.213s] -- Found rclcpp_action: 2.4.0 (/home/workspace/ros2/install/share/rclcpp_action/cmake)
[8.084s] -- Found rclcpp_lifecycle: 2.4.0 (/home/workspace/ros2/install/share/rclcpp_lifecycle/cmake)
[8.429s] -- Found geometry_msgs: 2.0.4 (/home/workspace/ros2/install/share/geometry_msgs/cmake)
[8.817s] -- Found sensor_msgs: 2.0.4 (/home/workspace/ros2/install/share/sensor_msgs/cmake)
[9.538s] -- Found nav2_msgs: 0.4.7 (/home/nvidia/workspace/alan/src/AMR_ros2_slam_nav2/install/nav2_msgs/share/nav2_msgs/cmake)
[12.358s] -- Found behaviortree_cpp_v3: 3.6.0 (/usr/local/share/behaviortree_cpp_v3/cmake)
[12.386s] -- Found tf2_ros: 0.13.12 (/home/workspace/ros2/install/share/tf2_ros/cmake)
[15.168s] -- Found tf2_geometry_msgs: 0.13.12 (/home/workspace/ros2/install/share/tf2_geometry_msgs/cmake)
[15.242s] -- Found eigen3_cmake_module: 0.1.1 (/home/workspace/ros2/install/share/eigen3_cmake_module/cmake)
[15.263s] -- Found Eigen3: TRUE (found version "3.3.4") 
[15.555s] -- Found std_srvs: 2.0.4 (/home/workspace/ros2/install/share/std_srvs/cmake)
[15.656s] -- Found nav2_util: 0.4.7 (/home/nvidia/workspace/alan/src/AMR_ros2_slam_nav2/install/nav2_util/share/nav2_util/cmake)
[17.160s] -- Setting build type to Release as none was specified.
[42.377s] -- Found ament_lint_auto: 0.9.6 (/home/workspace/ros2/install/share/ament_lint_auto/cmake)
[43.040s] -- Found ament_cmake_gtest: 0.9.9 (/home/workspace/ros2/install/share/ament_cmake_gtest/cmake)
[43.069s] -- Found gtest sources under '/home/workspace/ros2/install/src/gtest_vendor': C++ tests using 'Google Test' will be built
[43.356s] -- The C compiler identification is GNU 7.5.0
[43.416s] -- Check for working C compiler: /usr/bin/cc
[43.603s] -- Check for working C compiler: /usr/bin/cc -- works
[43.613s] -- Detecting C compiler ABI info
[43.815s] -- Detecting C compiler ABI info - done
[43.989s] -- Detecting C compile features
[43.994s] -- Detecting C compile features - done
[44.015s] -- Check if compiler accepts -pthread
[44.258s] -- Check if compiler accepts -pthread - yes
[68.659s] -- Added test 'copyright' to check source files copyright and LICENSE
[68.683s] -- Added test 'cppcheck' to perform static code analysis on C / C++ code
[68.758s] -- Configured cppcheck include dirs: /home/nvidia/workspace/alan/src/AMR_ros2_slam_nav2/navigation2/nav2_behavior_tree/include
[68.759s] -- Configured cppcheck exclude dirs and/or files: 
[68.780s] -- Added test 'cpplint' to check C / C++ code against the Google style
[68.780s] -- Configured cpplint exclude dirs and/or files: 
[68.793s] -- Added test 'lint_cmake' to check CMake code style
[68.814s] -- Added test 'uncrustify' to check C / C++ code style
[68.815s] -- Configured uncrustify additional arguments: 
[68.823s] -- Added test 'xmllint' to check XML markup files
[68.889s] -- Configuring done
[78.806s] -- Generating done
[78.928s] -- Build files have been written to: /home/nvidia/workspace/alan/src/AMR_ros2_slam_nav2/build/nav2_behavior_tree
[79.060s] Invoked command in '/home/nvidia/workspace/alan/src/AMR_ros2_slam_nav2/build/nav2_behavior_tree' returned '0': AMENT_PREFIX_PATH=/home/nvidia/workspace/alan/src/AMR_ros2_slam_nav2/install/nav2_util:/home/nvidia/workspace/alan/src/AMR_ros2_slam_nav2/install/nav2_msgs:/home/nvidia/workspace/alan/src/AMR_ros2_slam_nav2/install/nav2_common:${AMENT_PREFIX_PATH} CMAKE_PREFIX_PATH=/home/nvidia/workspace/alan/src/AMR_ros2_slam_nav2/install/nav2_util:/home/nvidia/workspace/alan/src/AMR_ros2_slam_nav2/install/nav2_msgs:/home/nvidia/workspace/alan/src/AMR_ros2_slam_nav2/install/nav2_common:${CMAKE_PREFIX_PATH} LD_LIBRARY_PATH=/home/nvidia/workspace/alan/src/AMR_ros2_slam_nav2/install/nav2_util/lib:/home/nvidia/workspace/alan/src/AMR_ros2_slam_nav2/install/nav2_msgs/lib:/home/workspace/ros2/install/opt/yaml_cpp_vendor/lib:/home/workspace/ros2/install/opt/rviz_ogre_vendor/lib:/home/workspace/ros2/install/lib:/usr/local/cuda-10.2/lib64 PYTHONPATH=/home/nvidia/workspace/alan/src/AMR_ros2_slam_nav2/install/nav2_msgs/lib/python3.6/site-packages:/home/nvidia/workspace/alan/src/AMR_ros2_slam_nav2/install/nav2_common/lib/python3.6/site-packages:/home/workspace/ros2/install/lib/python3.6/site-packages:/usr/local/lib:/usr/local/cuda/bin /usr/local/bin/cmake /home/nvidia/workspace/alan/src/AMR_ros2_slam_nav2/navigation2/nav2_behavior_tree -DCMAKE_INSTALL_PREFIX=/home/nvidia/workspace/alan/src/AMR_ros2_slam_nav2/install/nav2_behavior_tree
[79.090s] Invoking command in '/home/nvidia/workspace/alan/src/AMR_ros2_slam_nav2/build/nav2_behavior_tree': AMENT_PREFIX_PATH=/home/nvidia/workspace/alan/src/AMR_ros2_slam_nav2/install/nav2_util:/home/nvidia/workspace/alan/src/AMR_ros2_slam_nav2/install/nav2_msgs:/home/nvidia/workspace/alan/src/AMR_ros2_slam_nav2/install/nav2_common:${AMENT_PREFIX_PATH} CMAKE_PREFIX_PATH=/home/nvidia/workspace/alan/src/AMR_ros2_slam_nav2/install/nav2_util:/home/nvidia/workspace/alan/src/AMR_ros2_slam_nav2/install/nav2_msgs:/home/nvidia/workspace/alan/src/AMR_ros2_slam_nav2/install/nav2_common:${CMAKE_PREFIX_PATH} LD_LIBRARY_PATH=/home/nvidia/workspace/alan/src/AMR_ros2_slam_nav2/install/nav2_util/lib:/home/nvidia/workspace/alan/src/AMR_ros2_slam_nav2/install/nav2_msgs/lib:/home/workspace/ros2/install/opt/yaml_cpp_vendor/lib:/home/workspace/ros2/install/opt/rviz_ogre_vendor/lib:/home/workspace/ros2/install/lib:/usr/local/cuda-10.2/lib64 PYTHONPATH=/home/nvidia/workspace/alan/src/AMR_ros2_slam_nav2/install/nav2_msgs/lib/python3.6/site-packages:/home/nvidia/workspace/alan/src/AMR_ros2_slam_nav2/install/nav2_common/lib/python3.6/site-packages:/home/workspace/ros2/install/lib/python3.6/site-packages:/usr/local/lib:/usr/local/cuda/bin /usr/local/bin/cmake --build /home/nvidia/workspace/alan/src/AMR_ros2_slam_nav2/build/nav2_behavior_tree -- -j8 -l8
[79.453s] [35m[1mScanning dependencies of target nav2_navigate_to_pose_action_bt_node[0m
[80.004s] [  1%] [32mBuilding CXX object CMakeFiles/nav2_navigate_to_pose_action_bt_node.dir/plugins/action/navigate_to_pose_action.cpp.o[0m
[103.611s] [  2%] [32m[1mLinking CXX shared library libnav2_navigate_to_pose_action_bt_node.so[0m
[105.345s] [  2%] Built target nav2_navigate_to_pose_action_bt_node
[105.367s] [35m[1mScanning dependencies of target nav2_transform_available_condition_bt_node[0m
[105.592s] [  3%] [32mBuilding CXX object CMakeFiles/nav2_transform_available_condition_bt_node.dir/plugins/condition/transform_available_condition.cpp.o[0m
[119.070s] [  4%] [32m[1mLinking CXX shared library libnav2_transform_available_condition_bt_node.so[0m
[120.682s] [  4%] Built target nav2_transform_available_condition_bt_node
[120.707s] [35m[1mScanning dependencies of target nav2_speed_controller_bt_node[0m
[120.958s] [  5%] [32mBuilding CXX object CMakeFiles/nav2_speed_controller_bt_node.dir/plugins/decorator/speed_controller.cpp.o[0m
[134.774s] [  6%] [32m[1mLinking CXX shared library libnav2_speed_controller_bt_node.so[0m
[136.255s] [  6%] Built target nav2_speed_controller_bt_node
[136.272s] [35m[1mScanning dependencies of target nav2_behavior_tree[0m
[136.404s] [  7%] [32mBuilding CXX object CMakeFiles/nav2_behavior_tree.dir/src/behavior_tree_engine.cpp.o[0m
[137.396s] [35m[1mScanning dependencies of target nav2_follow_path_action_bt_node[0m
[137.562s] [  8%] [32mBuilding CXX object CMakeFiles/nav2_follow_path_action_bt_node.dir/plugins/action/follow_path_action.cpp.o[0m
[139.612s] [35m[1mScanning dependencies of target nav2_is_battery_low_condition_bt_node[0m
[139.876s] [  9%] [32mBuilding CXX object CMakeFiles/nav2_is_battery_low_condition_bt_node.dir/plugins/condition/is_battery_low_condition.cpp.o[0m
[147.584s] [ 10%] [32m[1mLinking CXX shared library libnav2_behavior_tree.so[0m
[149.847s] [ 10%] Built target nav2_behavior_tree
[161.605s] [ 11%] [32m[1mLinking CXX shared library libnav2_follow_path_action_bt_node.so[0m
[163.307s] [ 11%] Built target nav2_follow_path_action_bt_node
[170.444s] [ 12%] [32m[1mLinking CXX shared library libnav2_is_battery_low_condition_bt_node.so[0m
[171.949s] [ 12%] Built target nav2_is_battery_low_condition_bt_node
[171.970s] [35m[1mScanning dependencies of target nav2_goal_updated_condition_bt_node[0m
[172.004s] [ 13%] [32mBuilding CXX object CMakeFiles/nav2_goal_updated_condition_bt_node.dir/plugins/condition/goal_updated_condition.cpp.o[0m
[177.725s] [ 14%] [32m[1mLinking CXX shared library libnav2_goal_updated_condition_bt_node.so[0m
[178.294s] [ 14%] Built target nav2_goal_updated_condition_bt_node
[178.315s] [35m[1mScanning dependencies of target nav2_pipeline_sequence_bt_node[0m
[178.337s] [ 15%] [32mBuilding CXX object CMakeFiles/nav2_pipeline_sequence_bt_node.dir/plugins/control/pipeline_sequence.cpp.o[0m
[182.963s] [ 16%] [32m[1mLinking CXX shared library libnav2_pipeline_sequence_bt_node.so[0m
[183.518s] [ 16%] Built target nav2_pipeline_sequence_bt_node
[183.539s] [35m[1mScanning dependencies of target nav2_compute_path_to_pose_action_bt_node[0m
[183.723s] [ 17%] [32mBuilding CXX object CMakeFiles/nav2_compute_path_to_pose_action_bt_node.dir/plugins/action/compute_path_to_pose_action.cpp.o[0m
[196.708s] [35m[1mScanning dependencies of target nav2_reinitialize_global_localization_service_bt_node[0m
[196.857s] [ 18%] [32mBuilding CXX object CMakeFiles/nav2_reinitialize_global_localization_service_bt_node.dir/plugins/action/reinitialize_global_localization_service.cpp.o[0m
[198.851s] [35m[1mScanning dependencies of target nav2_back_up_action_bt_node[0m
[199.091s] [ 19%] [32mBuilding CXX object CMakeFiles/nav2_back_up_action_bt_node.dir/plugins/action/back_up_action.cpp.o[0m
[201.123s] [35m[1mScanning dependencies of target nav2_rate_controller_bt_node[0m
[201.212s] [ 20%] [32mBuilding CXX object CMakeFiles/nav2_rate_controller_bt_node.dir/plugins/decorator/rate_controller.cpp.o[0m
[207.546s] [ 21%] [32m[1mLinking CXX shared library libnav2_compute_path_to_pose_action_bt_node.so[0m
[209.209s] [ 21%] Built target nav2_compute_path_to_pose_action_bt_node
[209.732s] [ 22%] [32m[1mLinking CXX shared library libnav2_rate_controller_bt_node.so[0m
[210.298s] [ 22%] Built target nav2_rate_controller_bt_node
[213.782s] [ 23%] [32m[1mLinking CXX shared library libnav2_reinitialize_global_localization_service_bt_node.so[0m
[215.349s] [ 23%] Built target nav2_reinitialize_global_localization_service_bt_node
[217.366s] [35m[1mScanning dependencies of target nav2_wait_action_bt_node[0m
[217.535s] [ 24%] [32mBuilding CXX object CMakeFiles/nav2_wait_action_bt_node.dir/plugins/action/wait_action.cpp.o[0m
[218.528s] [35m[1mScanning dependencies of target nav2_distance_controller_bt_node[0m
[218.786s] [ 25%] [32mBuilding CXX object CMakeFiles/nav2_distance_controller_bt_node.dir/plugins/decorator/distance_controller.cpp.o[0m
[219.799s] [35m[1mScanning dependencies of target nav2_spin_action_bt_node[0m
[220.248s] [ 26%] [32mBuilding CXX object CMakeFiles/nav2_spin_action_bt_node.dir/plugins/action/spin_action.cpp.o[0m
[221.184s] [35m[1mScanning dependencies of target nav2_round_robin_node_bt_node[0m
[221.266s] [ 27%] [32mBuilding CXX object CMakeFiles/nav2_round_robin_node_bt_node.dir/plugins/control/round_robin_node.cpp.o[0m
[221.520s] [ 28%] [32m[1mLinking CXX shared library libnav2_back_up_action_bt_node.so[0m
[224.636s] [ 28%] Built target nav2_back_up_action_bt_node
[228.952s] [ 29%] [32m[1mLinking CXX shared library libnav2_round_robin_node_bt_node.so[0m
[229.782s] [ 29%] Built target nav2_round_robin_node_bt_node
[236.718s] [ 30%] [32m[1mLinking CXX shared library libnav2_distance_controller_bt_node.so[0m
[238.275s] [ 30%] Built target nav2_distance_controller_bt_node
[240.877s] [ 31%] [32m[1mLinking CXX shared library libnav2_wait_action_bt_node.so[0m
[242.191s] [ 31%] Built target nav2_wait_action_bt_node
[243.627s] [ 32%] [32m[1mLinking CXX shared library libnav2_spin_action_bt_node.so[0m
[245.057s] [ 32%] Built target nav2_spin_action_bt_node
[245.075s] [35m[1mScanning dependencies of target nav2_initial_pose_received_condition_bt_node[0m
[245.095s] [ 33%] [32mBuilding CXX object CMakeFiles/nav2_initial_pose_received_condition_bt_node.dir/plugins/condition/initial_pose_received_condition.cpp.o[0m
[250.382s] [ 34%] [32m[1mLinking CXX shared library libnav2_initial_pose_received_condition_bt_node.so[0m
[250.911s] [ 34%] Built target nav2_initial_pose_received_condition_bt_node
[250.927s] [35m[1mScanning dependencies of target nav2_is_stuck_condition_bt_node[0m
[251.065s] [ 35%] [32mBuilding CXX object CMakeFiles/nav2_is_stuck_condition_bt_node.dir/plugins/condition/is_stuck_condition.cpp.o[0m
[252.055s] [35m[1mScanning dependencies of target nav2_goal_reached_condition_bt_node[0m
[252.233s] [ 36%] [32mBuilding CXX object CMakeFiles/nav2_goal_reached_condition_bt_node.dir/plugins/condition/goal_reached_condition.cpp.o[0m
[253.278s] [35m[1mScanning dependencies of target nav2_distance_traveled_condition_bt_node[0m
[253.640s] [35m[1mScanning dependencies of target nav2_clear_costmap_service_bt_node[0m
[253.696s] [ 37%] [32mBuilding CXX object CMakeFiles/nav2_distance_traveled_condition_bt_node.dir/plugins/condition/distance_traveled_condition.cpp.o[0m
[254.074s] [ 38%] [32mBuilding CXX object CMakeFiles/nav2_clear_costmap_service_bt_node.dir/plugins/action/clear_costmap_service.cpp.o[0m
[255.068s] [35m[1mScanning dependencies of target nav2_time_expired_condition_bt_node[0m
[255.465s] [35m[1mScanning dependencies of target nav2_truncate_path_action_bt_node[0m
[255.502s] [ 39%] [32mBuilding CXX object CMakeFiles/nav2_time_expired_condition_bt_node.dir/plugins/condition/time_expired_condition.cpp.o[0m
[255.907s] [ 40%] [32mBuilding CXX object CMakeFiles/nav2_truncate_path_action_bt_node.dir/plugins/action/truncate_path_action.cpp.o[0m
[271.766s] [ 41%] [32m[1mLinking CXX shared library libnav2_goal_reached_condition_bt_node.so[0m
[271.936s] [ 42%] [32m[1mLinking CXX shared library libnav2_time_expired_condition_bt_node.so[0m
[273.266s] [ 43%] [32m[1mLinking CXX shared library libnav2_distance_traveled_condition_bt_node.so[0m
[273.367s] [ 43%] Built target nav2_goal_reached_condition_bt_node
[273.823s] [ 43%] Built target nav2_time_expired_condition_bt_node
[274.799s] [ 43%] Built target nav2_distance_traveled_condition_bt_node
[274.840s] [ 44%] [32m[1mLinking CXX shared library libnav2_truncate_path_action_bt_node.so[0m
[275.609s] [ 45%] [32m[1mLinking CXX shared library libnav2_clear_costmap_service_bt_node.so[0m
[276.182s] [ 45%] Built target nav2_truncate_path_action_bt_node
[276.997s] [ 45%] Built target nav2_clear_costmap_service_bt_node
[281.902s] [ 46%] [32m[1mLinking CXX shared library libnav2_is_stuck_condition_bt_node.so[0m
[283.212s] [ 46%] Built target nav2_is_stuck_condition_bt_node
[283.226s] [35m[1mScanning dependencies of target gtest_main[0m
[283.261s] [ 47%] [32mBuilding CXX object gtest/CMakeFiles/gtest_main.dir/src/gtest_main.cc.o[0m
[285.149s] [ 48%] [32m[1mLinking CXX static library libgtest_main.a[0m
[285.187s] [ 48%] Built target gtest_main
[285.202s] [35m[1mScanning dependencies of target gtest[0m
[285.251s] [ 50%] [32mBuilding CXX object gtest/CMakeFiles/gtest.dir/src/gtest-all.cc.o[0m
[307.729s] [ 51%] [32m[1mLinking CXX static library libgtest.a[0m
[307.803s] [ 51%] Built target gtest
[307.832s] [35m[1mScanning dependencies of target nav2_goal_updater_node_bt_node[0m
[307.856s] [35m[1mScanning dependencies of target nav2_recovery_node_bt_node[0m
[307.956s] [ 52%] [32mBuilding CXX object CMakeFiles/nav2_recovery_node_bt_node.dir/plugins/control/recovery_node.cpp.o[0m
[308.209s] [ 53%] [32mBuilding CXX object CMakeFiles/nav2_goal_updater_node_bt_node.dir/plugins/decorator/goal_updater_node.cpp.o[0m
[310.196s] [35m[1mScanning dependencies of target test_condition_goal_updated[0m
[310.811s] [ 54%] [32mBuilding CXX object test/plugins/condition/CMakeFiles/test_condition_goal_updated.dir/test_goal_updated.cpp.o[0m
[317.994s] [ 55%] [32m[1mLinking CXX shared library libnav2_recovery_node_bt_node.so[0m
[318.963s] [ 55%] Built target nav2_recovery_node_bt_node
[334.675s] [ 56%] [32m[1mLinking CXX executable test_condition_goal_updated[0m
[336.306s] [ 56%] Built target test_condition_goal_updated
[337.290s] [ 57%] [32m[1mLinking CXX shared library libnav2_goal_updater_node_bt_node.so[0m
[338.628s] [ 57%] Built target nav2_goal_updater_node_bt_node
[338.647s] [35m[1mScanning dependencies of target test_condition_time_expired[0m
[338.878s] [ 58%] [32mBuilding CXX object test/plugins/condition/CMakeFiles/test_condition_time_expired.dir/test_time_expired.cpp.o[0m
[341.859s] [35m[1mScanning dependencies of target test_condition_transform_available[0m
[342.065s] [ 59%] [32mBuilding CXX object test/plugins/condition/CMakeFiles/test_condition_transform_available.dir/test_transform_available.cpp.o[0m
[343.096s] [35m[1mScanning dependencies of target test_condition_initial_pose_received[0m
[343.579s] [35m[1mScanning dependencies of target test_condition_goal_reached[0m
[343.634s] [ 60%] [32mBuilding CXX object test/plugins/condition/CMakeFiles/test_condition_initial_pose_received.dir/test_initial_pose_received.cpp.o[0m
[344.014s] [ 61%] [32mBuilding CXX object test/plugins/condition/CMakeFiles/test_condition_goal_reached.dir/test_goal_reached.cpp.o[0m
[344.969s] [35m[1mScanning dependencies of target test_condition_is_battery_low[0m
[345.414s] [ 62%] [32mBuilding CXX object test/plugins/condition/CMakeFiles/test_condition_is_battery_low.dir/test_is_battery_low.cpp.o[0m
[346.358s] [35m[1mScanning dependencies of target test_condition_distance_traveled[0m
[346.838s] [ 63%] [32mBuilding CXX object test/plugins/condition/CMakeFiles/test_condition_distance_traveled.dir/test_distance_traveled.cpp.o[0m
[369.928s] [ 64%] [32m[1mLinking CXX executable test_condition_time_expired[0m
[372.767s] [ 64%] Built target test_condition_time_expired
[374.404s] [ 65%] [32m[1mLinking CXX executable test_condition_transform_available[0m
[375.578s] [ 66%] [32m[1mLinking CXX executable test_condition_initial_pose_received[0m
[376.879s] [ 66%] Built target test_condition_transform_available
[377.397s] [ 67%] [32m[1mLinking CXX executable test_condition_goal_reached[0m
[377.492s] [ 67%] Built target test_condition_initial_pose_received
[377.904s] [ 68%] [32m[1mLinking CXX executable test_condition_distance_traveled[0m
[378.085s] [ 69%] [32m[1mLinking CXX executable test_condition_is_battery_low[0m
[379.085s] [ 69%] Built target test_condition_goal_reached
[379.554s] [ 69%] Built target test_condition_distance_traveled
[379.560s] [ 69%] Built target test_condition_is_battery_low
[379.576s] [35m[1mScanning dependencies of target test_control_pipeline_sequence[0m
[379.768s] [ 70%] [32mBuilding CXX object test/plugins/control/CMakeFiles/test_control_pipeline_sequence.dir/test_pipeline_sequence.cpp.o[0m
[398.364s] [ 71%] [32m[1mLinking CXX executable test_control_pipeline_sequence[0m
[399.901s] [ 71%] Built target test_control_pipeline_sequence
[399.919s] [35m[1mScanning dependencies of target test_control_recovery_node[0m
[400.108s] [ 72%] [32mBuilding CXX object test/plugins/control/CMakeFiles/test_control_recovery_node.dir/test_recovery_node.cpp.o[0m
[417.101s] [35m[1mScanning dependencies of target test_control_round_robin_node[0m
[417.305s] [ 73%] [32mBuilding CXX object test/plugins/control/CMakeFiles/test_control_round_robin_node.dir/test_round_robin_node.cpp.o[0m
[418.382s] [35m[1mScanning dependencies of target test_goal_updater_node[0m
[418.781s] [ 74%] [32m[1mLinking CXX executable test_control_recovery_node[0m
[418.900s] [35m[1mScanning dependencies of target test_decorator_rate_controller[0m
[418.976s] [ 75%] [32mBuilding CXX object test/plugins/decorator/CMakeFiles/test_goal_updater_node.dir/test_goal_updater_node.cpp.o[0m
[419.374s] [ 76%] [32mBuilding CXX object test/plugins/decorator/CMakeFiles/test_decorator_rate_controller.dir/test_rate_controller.cpp.o[0m
[420.305s] [35m[1mScanning dependencies of target test_decorator_distance_controller[0m
[420.822s] [35m[1mScanning dependencies of target test_decorator_speed_controller[0m
[420.858s] [ 77%] [32mBuilding CXX object test/plugins/decorator/CMakeFiles/test_decorator_distance_controller.dir/test_distance_controller.cpp.o[0m
[421.505s] [35m[1mScanning dependencies of target test_condition_is_stuck[0m
[421.585s] [ 78%] [32mBuilding CXX object test/plugins/decorator/CMakeFiles/test_decorator_speed_controller.dir/test_speed_controller.cpp.o[0m
[422.159s] [ 79%] [32mBuilding CXX object test/plugins/condition/CMakeFiles/test_condition_is_stuck.dir/test_is_stuck.cpp.o[0m
[422.564s] [ 79%] Built target test_control_recovery_node
[458.906s] [ 80%] [32m[1mLinking CXX executable test_control_round_robin_node[0m
[460.178s] [ 81%] [32m[1mLinking CXX executable test_goal_updater_node[0m
[461.776s] [ 81%] Built target test_control_round_robin_node
[462.046s] [ 82%] [32m[1mLinking CXX executable test_decorator_rate_controller[0m
[462.503s] [ 82%] Built target test_goal_updater_node
[463.945s] [ 83%] [32m[1mLinking CXX executable test_decorator_distance_controller[0m
[464.206s] [ 83%] Built target test_decorator_rate_controller
[466.105s] [ 83%] Built target test_decorator_distance_controller
[466.573s] [ 84%] [32m[1mLinking CXX executable test_decorator_speed_controller[0m
[466.910s] [ 85%] [32m[1mLinking CXX executable test_condition_is_stuck[0m
[468.343s] [ 85%] Built target test_decorator_speed_controller
[468.747s] [ 85%] Built target test_condition_is_stuck
[468.768s] [35m[1mScanning dependencies of target test_action_navigate_to_pose_action[0m
[468.964s] [ 86%] [32mBuilding CXX object test/plugins/action/CMakeFiles/test_action_navigate_to_pose_action.dir/test_navigate_to_pose_action.cpp.o[0m
[490.238s] [ 87%] [32m[1mLinking CXX executable test_action_navigate_to_pose_action[0m
[491.692s] [ 87%] Built target test_action_navigate_to_pose_action
[491.709s] [35m[1mScanning dependencies of target test_truncate_path_action[0m
[491.911s] [ 88%] [32mBuilding CXX object test/plugins/action/CMakeFiles/test_truncate_path_action.dir/test_truncate_path_action.cpp.o[0m
[507.839s] [ 89%] [32m[1mLinking CXX executable test_truncate_path_action[0m
[509.237s] [ 89%] Built target test_truncate_path_action
[509.253s] [35m[1mScanning dependencies of target test_action_follow_path_action[0m
[509.444s] [ 90%] [32mBuilding CXX object test/plugins/action/CMakeFiles/test_action_follow_path_action.dir/test_follow_path_action.cpp.o[0m
[530.813s] [ 91%] [32m[1mLinking CXX executable test_action_follow_path_action[0m
[532.241s] [ 91%] Built target test_action_follow_path_action
[532.259s] [35m[1mScanning dependencies of target test_action_compute_path_to_pose_action[0m
[532.461s] [ 92%] [32mBuilding CXX object test/plugins/action/CMakeFiles/test_action_compute_path_to_pose_action.dir/test_compute_path_to_pose_action.cpp.o[0m
[569.697s] [ 93%] [32m[1mLinking CXX executable test_action_compute_path_to_pose_action[0m
[571.876s] [ 93%] Built target test_action_compute_path_to_pose_action
[571.978s] [35m[1mScanning dependencies of target test_action_clear_costmap_service[0m
[572.346s] [ 94%] [32mBuilding CXX object test/plugins/action/CMakeFiles/test_action_clear_costmap_service.dir/test_clear_costmap_service.cpp.o[0m
[593.161s] [ 95%] [32m[1mLinking CXX executable test_action_clear_costmap_service[0m
[594.555s] [ 95%] Built target test_action_clear_costmap_service
[594.572s] [35m[1mScanning dependencies of target test_action_reinitialize_global_localization_service[0m
[594.723s] [ 96%] [32mBuilding CXX object test/plugins/action/CMakeFiles/test_action_reinitialize_global_localization_service.dir/test_reinitialize_global_localization_service.cpp.o[0m
[609.663s] [ 97%] [32m[1mLinking CXX executable test_action_reinitialize_global_localization_service[0m
[611.032s] [ 97%] Built target test_action_reinitialize_global_localization_service
[611.049s] [35m[1mScanning dependencies of target test_bt_conversions[0m
[611.092s] [ 98%] [32mBuilding CXX object test/CMakeFiles/test_bt_conversions.dir/test_bt_conversions.cpp.o[0m
[620.637s] [100%] [32m[1mLinking CXX executable test_bt_conversions[0m
[621.290s] [100%] Built target test_bt_conversions
[621.315s] Invoked command in '/home/nvidia/workspace/alan/src/AMR_ros2_slam_nav2/build/nav2_behavior_tree' returned '0': AMENT_PREFIX_PATH=/home/nvidia/workspace/alan/src/AMR_ros2_slam_nav2/install/nav2_util:/home/nvidia/workspace/alan/src/AMR_ros2_slam_nav2/install/nav2_msgs:/home/nvidia/workspace/alan/src/AMR_ros2_slam_nav2/install/nav2_common:${AMENT_PREFIX_PATH} CMAKE_PREFIX_PATH=/home/nvidia/workspace/alan/src/AMR_ros2_slam_nav2/install/nav2_util:/home/nvidia/workspace/alan/src/AMR_ros2_slam_nav2/install/nav2_msgs:/home/nvidia/workspace/alan/src/AMR_ros2_slam_nav2/install/nav2_common:${CMAKE_PREFIX_PATH} LD_LIBRARY_PATH=/home/nvidia/workspace/alan/src/AMR_ros2_slam_nav2/install/nav2_util/lib:/home/nvidia/workspace/alan/src/AMR_ros2_slam_nav2/install/nav2_msgs/lib:/home/workspace/ros2/install/opt/yaml_cpp_vendor/lib:/home/workspace/ros2/install/opt/rviz_ogre_vendor/lib:/home/workspace/ros2/install/lib:/usr/local/cuda-10.2/lib64 PYTHONPATH=/home/nvidia/workspace/alan/src/AMR_ros2_slam_nav2/install/nav2_msgs/lib/python3.6/site-packages:/home/nvidia/workspace/alan/src/AMR_ros2_slam_nav2/install/nav2_common/lib/python3.6/site-packages:/home/workspace/ros2/install/lib/python3.6/site-packages:/usr/local/lib:/usr/local/cuda/bin /usr/local/bin/cmake --build /home/nvidia/workspace/alan/src/AMR_ros2_slam_nav2/build/nav2_behavior_tree -- -j8 -l8
[621.633s] Invoking command in '/home/nvidia/workspace/alan/src/AMR_ros2_slam_nav2/build/nav2_behavior_tree': AMENT_PREFIX_PATH=/home/nvidia/workspace/alan/src/AMR_ros2_slam_nav2/install/nav2_util:/home/nvidia/workspace/alan/src/AMR_ros2_slam_nav2/install/nav2_msgs:/home/nvidia/workspace/alan/src/AMR_ros2_slam_nav2/install/nav2_common:${AMENT_PREFIX_PATH} CMAKE_PREFIX_PATH=/home/nvidia/workspace/alan/src/AMR_ros2_slam_nav2/install/nav2_util:/home/nvidia/workspace/alan/src/AMR_ros2_slam_nav2/install/nav2_msgs:/home/nvidia/workspace/alan/src/AMR_ros2_slam_nav2/install/nav2_common:${CMAKE_PREFIX_PATH} LD_LIBRARY_PATH=/home/nvidia/workspace/alan/src/AMR_ros2_slam_nav2/install/nav2_util/lib:/home/nvidia/workspace/alan/src/AMR_ros2_slam_nav2/install/nav2_msgs/lib:/home/workspace/ros2/install/opt/yaml_cpp_vendor/lib:/home/workspace/ros2/install/opt/rviz_ogre_vendor/lib:/home/workspace/ros2/install/lib:/usr/local/cuda-10.2/lib64 PYTHONPATH=/home/nvidia/workspace/alan/src/AMR_ros2_slam_nav2/install/nav2_msgs/lib/python3.6/site-packages:/home/nvidia/workspace/alan/src/AMR_ros2_slam_nav2/install/nav2_common/lib/python3.6/site-packages:/home/workspace/ros2/install/lib/python3.6/site-packages:/usr/local/lib:/usr/local/cuda/bin /usr/local/bin/cmake --install /home/nvidia/workspace/alan/src/AMR_ros2_slam_nav2/build/nav2_behavior_tree
[621.651s] -- Install configuration: "Release"
[621.652s] -- Installing: /home/nvidia/workspace/alan/src/AMR_ros2_slam_nav2/install/nav2_behavior_tree/lib/libnav2_behavior_tree.so
[621.654s] -- Set runtime path of "/home/nvidia/workspace/alan/src/AMR_ros2_slam_nav2/install/nav2_behavior_tree/lib/libnav2_behavior_tree.so" to ""
[621.656s] -- Installing: /home/nvidia/workspace/alan/src/AMR_ros2_slam_nav2/install/nav2_behavior_tree/lib/libnav2_compute_path_to_pose_action_bt_node.so
[621.659s] -- Set runtime path of "/home/nvidia/workspace/alan/src/AMR_ros2_slam_nav2/install/nav2_behavior_tree/lib/libnav2_compute_path_to_pose_action_bt_node.so" to ""
[621.661s] -- Installing: /home/nvidia/workspace/alan/src/AMR_ros2_slam_nav2/install/nav2_behavior_tree/lib/libnav2_follow_path_action_bt_node.so
[621.664s] -- Set runtime path of "/home/nvidia/workspace/alan/src/AMR_ros2_slam_nav2/install/nav2_behavior_tree/lib/libnav2_follow_path_action_bt_node.so" to ""
[621.665s] -- Installing: /home/nvidia/workspace/alan/src/AMR_ros2_slam_nav2/install/nav2_behavior_tree/lib/libnav2_back_up_action_bt_node.so
[621.669s] -- Set runtime path of "/home/nvidia/workspace/alan/src/AMR_ros2_slam_nav2/install/nav2_behavior_tree/lib/libnav2_back_up_action_bt_node.so" to ""
[621.670s] -- Installing: /home/nvidia/workspace/alan/src/AMR_ros2_slam_nav2/install/nav2_behavior_tree/lib/libnav2_spin_action_bt_node.so
[621.673s] -- Set runtime path of "/home/nvidia/workspace/alan/src/AMR_ros2_slam_nav2/install/nav2_behavior_tree/lib/libnav2_spin_action_bt_node.so" to ""
[621.674s] -- Installing: /home/nvidia/workspace/alan/src/AMR_ros2_slam_nav2/install/nav2_behavior_tree/lib/libnav2_wait_action_bt_node.so
[621.677s] -- Set runtime path of "/home/nvidia/workspace/alan/src/AMR_ros2_slam_nav2/install/nav2_behavior_tree/lib/libnav2_wait_action_bt_node.so" to ""
[621.678s] -- Installing: /home/nvidia/workspace/alan/src/AMR_ros2_slam_nav2/install/nav2_behavior_tree/lib/libnav2_clear_costmap_service_bt_node.so
[621.681s] -- Set runtime path of "/home/nvidia/workspace/alan/src/AMR_ros2_slam_nav2/install/nav2_behavior_tree/lib/libnav2_clear_costmap_service_bt_node.so" to ""
[621.682s] -- Installing: /home/nvidia/workspace/alan/src/AMR_ros2_slam_nav2/install/nav2_behavior_tree/lib/libnav2_is_stuck_condition_bt_node.so
[621.685s] -- Set runtime path of "/home/nvidia/workspace/alan/src/AMR_ros2_slam_nav2/install/nav2_behavior_tree/lib/libnav2_is_stuck_condition_bt_node.so" to ""
[621.686s] -- Installing: /home/nvidia/workspace/alan/src/AMR_ros2_slam_nav2/install/nav2_behavior_tree/lib/libnav2_transform_available_condition_bt_node.so
[621.689s] -- Set runtime path of "/home/nvidia/workspace/alan/src/AMR_ros2_slam_nav2/install/nav2_behavior_tree/lib/libnav2_transform_available_condition_bt_node.so" to ""
[621.690s] -- Installing: /home/nvidia/workspace/alan/src/AMR_ros2_slam_nav2/install/nav2_behavior_tree/lib/libnav2_goal_reached_condition_bt_node.so
[621.692s] -- Set runtime path of "/home/nvidia/workspace/alan/src/AMR_ros2_slam_nav2/install/nav2_behavior_tree/lib/libnav2_goal_reached_condition_bt_node.so" to ""
[621.693s] -- Installing: /home/nvidia/workspace/alan/src/AMR_ros2_slam_nav2/install/nav2_behavior_tree/lib/libnav2_goal_updated_condition_bt_node.so
[621.695s] -- Set runtime path of "/home/nvidia/workspace/alan/src/AMR_ros2_slam_nav2/install/nav2_behavior_tree/lib/libnav2_goal_updated_condition_bt_node.so" to ""
[621.696s] -- Installing: /home/nvidia/workspace/alan/src/AMR_ros2_slam_nav2/install/nav2_behavior_tree/lib/libnav2_time_expired_condition_bt_node.so
[621.698s] -- Set runtime path of "/home/nvidia/workspace/alan/src/AMR_ros2_slam_nav2/install/nav2_behavior_tree/lib/libnav2_time_expired_condition_bt_node.so" to ""
[621.699s] -- Installing: /home/nvidia/workspace/alan/src/AMR_ros2_slam_nav2/install/nav2_behavior_tree/lib/libnav2_distance_traveled_condition_bt_node.so
[621.701s] -- Set runtime path of "/home/nvidia/workspace/alan/src/AMR_ros2_slam_nav2/install/nav2_behavior_tree/lib/libnav2_distance_traveled_condition_bt_node.so" to ""
[621.702s] -- Installing: /home/nvidia/workspace/alan/src/AMR_ros2_slam_nav2/install/nav2_behavior_tree/lib/libnav2_initial_pose_received_condition_bt_node.so
[621.704s] -- Set runtime path of "/home/nvidia/workspace/alan/src/AMR_ros2_slam_nav2/install/nav2_behavior_tree/lib/libnav2_initial_pose_received_condition_bt_node.so" to ""
[621.705s] -- Installing: /home/nvidia/workspace/alan/src/AMR_ros2_slam_nav2/install/nav2_behavior_tree/lib/libnav2_is_battery_low_condition_bt_node.so
[621.709s] -- Set runtime path of "/home/nvidia/workspace/alan/src/AMR_ros2_slam_nav2/install/nav2_behavior_tree/lib/libnav2_is_battery_low_condition_bt_node.so" to ""
[621.710s] -- Installing: /home/nvidia/workspace/alan/src/AMR_ros2_slam_nav2/install/nav2_behavior_tree/lib/libnav2_reinitialize_global_localization_service_bt_node.so
[621.712s] -- Set runtime path of "/home/nvidia/workspace/alan/src/AMR_ros2_slam_nav2/install/nav2_behavior_tree/lib/libnav2_reinitialize_global_localization_service_bt_node.so" to ""
[621.713s] -- Installing: /home/nvidia/workspace/alan/src/AMR_ros2_slam_nav2/install/nav2_behavior_tree/lib/libnav2_rate_controller_bt_node.so
[621.715s] -- Set runtime path of "/home/nvidia/workspace/alan/src/AMR_ros2_slam_nav2/install/nav2_behavior_tree/lib/libnav2_rate_controller_bt_node.so" to ""
[621.716s] -- Installing: /home/nvidia/workspace/alan/src/AMR_ros2_slam_nav2/install/nav2_behavior_tree/lib/libnav2_distance_controller_bt_node.so
[621.719s] -- Set runtime path of "/home/nvidia/workspace/alan/src/AMR_ros2_slam_nav2/install/nav2_behavior_tree/lib/libnav2_distance_controller_bt_node.so" to ""
[621.719s] -- Installing: /home/nvidia/workspace/alan/src/AMR_ros2_slam_nav2/install/nav2_behavior_tree/lib/libnav2_speed_controller_bt_node.so
[621.722s] -- Set runtime path of "/home/nvidia/workspace/alan/src/AMR_ros2_slam_nav2/install/nav2_behavior_tree/lib/libnav2_speed_controller_bt_node.so" to ""
[621.723s] -- Installing: /home/nvidia/workspace/alan/src/AMR_ros2_slam_nav2/install/nav2_behavior_tree/lib/libnav2_truncate_path_action_bt_node.so
[621.725s] -- Set runtime path of "/home/nvidia/workspace/alan/src/AMR_ros2_slam_nav2/install/nav2_behavior_tree/lib/libnav2_truncate_path_action_bt_node.so" to ""
[621.726s] -- Installing: /home/nvidia/workspace/alan/src/AMR_ros2_slam_nav2/install/nav2_behavior_tree/lib/libnav2_goal_updater_node_bt_node.so
[621.729s] -- Set runtime path of "/home/nvidia/workspace/alan/src/AMR_ros2_slam_nav2/install/nav2_behavior_tree/lib/libnav2_goal_updater_node_bt_node.so" to ""
[621.730s] -- Installing: /home/nvidia/workspace/alan/src/AMR_ros2_slam_nav2/install/nav2_behavior_tree/lib/libnav2_recovery_node_bt_node.so
[621.732s] -- Set runtime path of "/home/nvidia/workspace/alan/src/AMR_ros2_slam_nav2/install/nav2_behavior_tree/lib/libnav2_recovery_node_bt_node.so" to ""
[621.733s] -- Installing: /home/nvidia/workspace/alan/src/AMR_ros2_slam_nav2/install/nav2_behavior_tree/lib/libnav2_navigate_to_pose_action_bt_node.so
[621.736s] -- Set runtime path of "/home/nvidia/workspace/alan/src/AMR_ros2_slam_nav2/install/nav2_behavior_tree/lib/libnav2_navigate_to_pose_action_bt_node.so" to ""
[621.737s] -- Installing: /home/nvidia/workspace/alan/src/AMR_ros2_slam_nav2/install/nav2_behavior_tree/lib/libnav2_pipeline_sequence_bt_node.so
[621.739s] -- Set runtime path of "/home/nvidia/workspace/alan/src/AMR_ros2_slam_nav2/install/nav2_behavior_tree/lib/libnav2_pipeline_sequence_bt_node.so" to ""
[621.740s] -- Installing: /home/nvidia/workspace/alan/src/AMR_ros2_slam_nav2/install/nav2_behavior_tree/lib/libnav2_round_robin_node_bt_node.so
[621.742s] -- Set runtime path of "/home/nvidia/workspace/alan/src/AMR_ros2_slam_nav2/install/nav2_behavior_tree/lib/libnav2_round_robin_node_bt_node.so" to ""
[621.742s] -- Installing: /home/nvidia/workspace/alan/src/AMR_ros2_slam_nav2/install/nav2_behavior_tree/include/
[621.743s] -- Installing: /home/nvidia/workspace/alan/src/AMR_ros2_slam_nav2/install/nav2_behavior_tree/include//nav2_behavior_tree
[621.744s] -- Installing: /home/nvidia/workspace/alan/src/AMR_ros2_slam_nav2/install/nav2_behavior_tree/include//nav2_behavior_tree/bt_conversions.hpp
[621.744s] -- Installing: /home/nvidia/workspace/alan/src/AMR_ros2_slam_nav2/install/nav2_behavior_tree/include//nav2_behavior_tree/bt_service_node.hpp
[621.745s] -- Installing: /home/nvidia/workspace/alan/src/AMR_ros2_slam_nav2/install/nav2_behavior_tree/include//nav2_behavior_tree/plugins
[621.745s] -- Installing: /home/nvidia/workspace/alan/src/AMR_ros2_slam_nav2/install/nav2_behavior_tree/include//nav2_behavior_tree/plugins/condition
[621.746s] -- Installing: /home/nvidia/workspace/alan/src/AMR_ros2_slam_nav2/install/nav2_behavior_tree/include//nav2_behavior_tree/plugins/condition/is_stuck_condition.hpp
[621.746s] -- Installing: /home/nvidia/workspace/alan/src/AMR_ros2_slam_nav2/install/nav2_behavior_tree/include//nav2_behavior_tree/plugins/condition/initial_pose_received_condition.hpp
[621.747s] -- Installing: /home/nvidia/workspace/alan/src/AMR_ros2_slam_nav2/install/nav2_behavior_tree/include//nav2_behavior_tree/plugins/condition/transform_available_condition.hpp
[621.747s] -- Installing: /home/nvidia/workspace/alan/src/AMR_ros2_slam_nav2/install/nav2_behavior_tree/include//nav2_behavior_tree/plugins/condition/goal_reached_condition.hpp
[621.748s] -- Installing: /home/nvidia/workspace/alan/src/AMR_ros2_slam_nav2/install/nav2_behavior_tree/include//nav2_behavior_tree/plugins/condition/time_expired_condition.hpp
[621.748s] -- Installing: /home/nvidia/workspace/alan/src/AMR_ros2_slam_nav2/install/nav2_behavior_tree/include//nav2_behavior_tree/plugins/condition/distance_traveled_condition.hpp
[621.749s] -- Installing: /home/nvidia/workspace/alan/src/AMR_ros2_slam_nav2/install/nav2_behavior_tree/include//nav2_behavior_tree/plugins/condition/is_battery_low_condition.hpp
[621.749s] -- Installing: /home/nvidia/workspace/alan/src/AMR_ros2_slam_nav2/install/nav2_behavior_tree/include//nav2_behavior_tree/plugins/condition/goal_updated_condition.hpp
[621.750s] -- Installing: /home/nvidia/workspace/alan/src/AMR_ros2_slam_nav2/install/nav2_behavior_tree/include//nav2_behavior_tree/plugins/decorator
[621.750s] -- Installing: /home/nvidia/workspace/alan/src/AMR_ros2_slam_nav2/install/nav2_behavior_tree/include//nav2_behavior_tree/plugins/decorator/distance_controller.hpp
[621.751s] -- Installing: /home/nvidia/workspace/alan/src/AMR_ros2_slam_nav2/install/nav2_behavior_tree/include//nav2_behavior_tree/plugins/decorator/goal_updater_node.hpp
[621.751s] -- Installing: /home/nvidia/workspace/alan/src/AMR_ros2_slam_nav2/install/nav2_behavior_tree/include//nav2_behavior_tree/plugins/decorator/speed_controller.hpp
[621.751s] -- Installing: /home/nvidia/workspace/alan/src/AMR_ros2_slam_nav2/install/nav2_behavior_tree/include//nav2_behavior_tree/plugins/decorator/rate_controller.hpp
[621.752s] -- Installing: /home/nvidia/workspace/alan/src/AMR_ros2_slam_nav2/install/nav2_behavior_tree/include//nav2_behavior_tree/plugins/control
[621.752s] -- Installing: /home/nvidia/workspace/alan/src/AMR_ros2_slam_nav2/install/nav2_behavior_tree/include//nav2_behavior_tree/plugins/control/pipeline_sequence.hpp
[621.752s] -- Installing: /home/nvidia/workspace/alan/src/AMR_ros2_slam_nav2/install/nav2_behavior_tree/include//nav2_behavior_tree/plugins/control/round_robin_node.hpp
[621.753s] -- Installing: /home/nvidia/workspace/alan/src/AMR_ros2_slam_nav2/install/nav2_behavior_tree/include//nav2_behavior_tree/plugins/control/recovery_node.hpp
[621.754s] -- Installing: /home/nvidia/workspace/alan/src/AMR_ros2_slam_nav2/install/nav2_behavior_tree/include//nav2_behavior_tree/plugins/action
[621.754s] -- Installing: /home/nvidia/workspace/alan/src/AMR_ros2_slam_nav2/install/nav2_behavior_tree/include//nav2_behavior_tree/plugins/action/back_up_action.hpp
[621.755s] -- Installing: /home/nvidia/workspace/alan/src/AMR_ros2_slam_nav2/install/nav2_behavior_tree/include//nav2_behavior_tree/plugins/action/compute_path_to_pose_action.hpp
[621.755s] -- Installing: /home/nvidia/workspace/alan/src/AMR_ros2_slam_nav2/install/nav2_behavior_tree/include//nav2_behavior_tree/plugins/action/navigate_to_pose_action.hpp
[621.756s] -- Installing: /home/nvidia/workspace/alan/src/AMR_ros2_slam_nav2/install/nav2_behavior_tree/include//nav2_behavior_tree/plugins/action/follow_path_action.hpp
[621.756s] -- Installing: /home/nvidia/workspace/alan/src/AMR_ros2_slam_nav2/install/nav2_behavior_tree/include//nav2_behavior_tree/plugins/action/truncate_path_action.hpp
[621.756s] -- Installing: /home/nvidia/workspace/alan/src/AMR_ros2_slam_nav2/install/nav2_behavior_tree/include//nav2_behavior_tree/plugins/action/wait_action.hpp
[621.757s] -- Installing: /home/nvidia/workspace/alan/src/AMR_ros2_slam_nav2/install/nav2_behavior_tree/include//nav2_behavior_tree/plugins/action/reinitialize_global_localization_service.hpp
[621.757s] -- Installing: /home/nvidia/workspace/alan/src/AMR_ros2_slam_nav2/install/nav2_behavior_tree/include//nav2_behavior_tree/plugins/action/spin_action.hpp
[621.757s] -- Installing: /home/nvidia/workspace/alan/src/AMR_ros2_slam_nav2/install/nav2_behavior_tree/include//nav2_behavior_tree/plugins/action/clear_costmap_service.hpp
[621.758s] -- Installing: /home/nvidia/workspace/alan/src/AMR_ros2_slam_nav2/install/nav2_behavior_tree/include//nav2_behavior_tree/behavior_tree_engine.hpp
[621.758s] -- Installing: /home/nvidia/workspace/alan/src/AMR_ros2_slam_nav2/install/nav2_behavior_tree/include//nav2_behavior_tree/bt_action_node.hpp
[621.758s] -- Installing: /home/nvidia/workspace/alan/src/AMR_ros2_slam_nav2/install/nav2_behavior_tree/share/nav2_behavior_tree/nav2_tree_nodes.xml
[621.759s] -- Installing: /home/nvidia/workspace/alan/src/AMR_ros2_slam_nav2/install/nav2_behavior_tree/share/nav2_behavior_tree/environment/library_path.sh
[621.759s] -- Installing: /home/nvidia/workspace/alan/src/AMR_ros2_slam_nav2/install/nav2_behavior_tree/share/nav2_behavior_tree/environment/library_path.dsv
[621.759s] -- Installing: /home/nvidia/workspace/alan/src/AMR_ros2_slam_nav2/install/nav2_behavior_tree/share/ament_index/resource_index/package_run_dependencies/nav2_behavior_tree
[621.760s] -- Installing: /home/nvidia/workspace/alan/src/AMR_ros2_slam_nav2/install/nav2_behavior_tree/share/ament_index/resource_index/parent_prefix_path/nav2_behavior_tree
[621.760s] -- Installing: /home/nvidia/workspace/alan/src/AMR_ros2_slam_nav2/install/nav2_behavior_tree/share/nav2_behavior_tree/environment/ament_prefix_path.sh
[621.760s] -- Installing: /home/nvidia/workspace/alan/src/AMR_ros2_slam_nav2/install/nav2_behavior_tree/share/nav2_behavior_tree/environment/ament_prefix_path.dsv
[621.761s] -- Installing: /home/nvidia/workspace/alan/src/AMR_ros2_slam_nav2/install/nav2_behavior_tree/share/nav2_behavior_tree/environment/path.sh
[621.761s] -- Installing: /home/nvidia/workspace/alan/src/AMR_ros2_slam_nav2/install/nav2_behavior_tree/share/nav2_behavior_tree/environment/path.dsv
[621.762s] -- Installing: /home/nvidia/workspace/alan/src/AMR_ros2_slam_nav2/install/nav2_behavior_tree/share/nav2_behavior_tree/local_setup.bash
[621.762s] -- Installing: /home/nvidia/workspace/alan/src/AMR_ros2_slam_nav2/install/nav2_behavior_tree/share/nav2_behavior_tree/local_setup.sh
[621.763s] -- Installing: /home/nvidia/workspace/alan/src/AMR_ros2_slam_nav2/install/nav2_behavior_tree/share/nav2_behavior_tree/local_setup.zsh
[621.764s] -- Installing: /home/nvidia/workspace/alan/src/AMR_ros2_slam_nav2/install/nav2_behavior_tree/share/nav2_behavior_tree/local_setup.dsv
[621.764s] -- Installing: /home/nvidia/workspace/alan/src/AMR_ros2_slam_nav2/install/nav2_behavior_tree/share/nav2_behavior_tree/package.dsv
[621.765s] -- Installing: /home/nvidia/workspace/alan/src/AMR_ros2_slam_nav2/install/nav2_behavior_tree/share/ament_index/resource_index/packages/nav2_behavior_tree
[621.766s] -- Installing: /home/nvidia/workspace/alan/src/AMR_ros2_slam_nav2/install/nav2_behavior_tree/share/nav2_behavior_tree/cmake/ament_cmake_export_include_directories-extras.cmake
[621.767s] -- Installing: /home/nvidia/workspace/alan/src/AMR_ros2_slam_nav2/install/nav2_behavior_tree/share/nav2_behavior_tree/cmake/ament_cmake_export_libraries-extras.cmake
[621.768s] -- Installing: /home/nvidia/workspace/alan/src/AMR_ros2_slam_nav2/install/nav2_behavior_tree/share/nav2_behavior_tree/cmake/ament_cmake_export_dependencies-extras.cmake
[621.768s] -- Installing: /home/nvidia/workspace/alan/src/AMR_ros2_slam_nav2/install/nav2_behavior_tree/share/nav2_behavior_tree/cmake/nav2_behavior_treeConfig.cmake
[621.769s] -- Installing: /home/nvidia/workspace/alan/src/AMR_ros2_slam_nav2/install/nav2_behavior_tree/share/nav2_behavior_tree/cmake/nav2_behavior_treeConfig-version.cmake
[621.769s] -- Installing: /home/nvidia/workspace/alan/src/AMR_ros2_slam_nav2/install/nav2_behavior_tree/share/nav2_behavior_tree/package.xml
[621.789s] Invoked command in '/home/nvidia/workspace/alan/src/AMR_ros2_slam_nav2/build/nav2_behavior_tree' returned '0': AMENT_PREFIX_PATH=/home/nvidia/workspace/alan/src/AMR_ros2_slam_nav2/install/nav2_util:/home/nvidia/workspace/alan/src/AMR_ros2_slam_nav2/install/nav2_msgs:/home/nvidia/workspace/alan/src/AMR_ros2_slam_nav2/install/nav2_common:${AMENT_PREFIX_PATH} CMAKE_PREFIX_PATH=/home/nvidia/workspace/alan/src/AMR_ros2_slam_nav2/install/nav2_util:/home/nvidia/workspace/alan/src/AMR_ros2_slam_nav2/install/nav2_msgs:/home/nvidia/workspace/alan/src/AMR_ros2_slam_nav2/install/nav2_common:${CMAKE_PREFIX_PATH} LD_LIBRARY_PATH=/home/nvidia/workspace/alan/src/AMR_ros2_slam_nav2/install/nav2_util/lib:/home/nvidia/workspace/alan/src/AMR_ros2_slam_nav2/install/nav2_msgs/lib:/home/workspace/ros2/install/opt/yaml_cpp_vendor/lib:/home/workspace/ros2/install/opt/rviz_ogre_vendor/lib:/home/workspace/ros2/install/lib:/usr/local/cuda-10.2/lib64 PYTHONPATH=/home/nvidia/workspace/alan/src/AMR_ros2_slam_nav2/install/nav2_msgs/lib/python3.6/site-packages:/home/nvidia/workspace/alan/src/AMR_ros2_slam_nav2/install/nav2_common/lib/python3.6/site-packages:/home/workspace/ros2/install/lib/python3.6/site-packages:/usr/local/lib:/usr/local/cuda/bin /usr/local/bin/cmake --install /home/nvidia/workspace/alan/src/AMR_ros2_slam_nav2/build/nav2_behavior_tree
