[  1%] Built target ros2_drive_package_msg__cpp
[ 12%] Built target ros2_drive_package_msg__rosidl_generator_c
[ 24%] Built target ros2_drive_package_msg__rosidl_typesupport_c
[ 35%] Built target ros2_drive_package_msg__rosidl_typesupport_introspection_cpp
[ 47%] Built target ros2_drive_package_msg__rosidl_typesupport_cpp
[ 58%] Built target ros2_drive_package_msg__rosidl_typesupport_introspection_c
[ 70%] Built target ros2_drive_package_msg__rosidl_typesupport_fastrtps_cpp
[ 82%] Built target ros2_drive_package_msg__rosidl_typesupport_fastrtps_c
[ 82%] Built target ros2_drive_package_msg
[ 83%] Built target ros2_drive_package_msg__py
[ 93%] Built target ros2_drive_package_msg__python
[ 95%] Built target ros2_drive_package_msg__rosidl_typesupport_introspection_c__pyext
[ 97%] Built target ros2_drive_package_msg__rosidl_typesupport_c__pyext
[100%] Built target ros2_drive_package_msg__rosidl_typesupport_fastrtps_c__pyext
-- Install configuration: ""
-- Up-to-date: /home/nvidia/workspace/alan/src/AMR_ros2_slam_nav2/install/ros2_drive_package_msg/share/ament_index/resource_index/rosidl_interfaces/ros2_drive_package_msg
-- Up-to-date: /home/nvidia/workspace/alan/src/AMR_ros2_slam_nav2/install/ros2_drive_package_msg/include/ros2_drive_package_msg
-- Up-to-date: /home/nvidia/workspace/alan/src/AMR_ros2_slam_nav2/install/ros2_drive_package_msg/include/ros2_drive_package_msg/msg
-- Up-to-date: /home/nvidia/workspace/alan/src/AMR_ros2_slam_nav2/install/ros2_drive_package_msg/include/ros2_drive_package_msg/msg/free_ctrl_cmd.h
-- Up-to-date: /home/nvidia/workspace/alan/src/AMR_ros2_slam_nav2/install/ros2_drive_package_msg/include/ros2_drive_package_msg/msg/r_wheel_fb.h
-- Up-to-date: /home/nvidia/workspace/alan/src/AMR_ros2_slam_nav2/install/ros2_drive_package_msg/include/ros2_drive_package_msg/msg/detail
-- Up-to-date: /home/nvidia/workspace/alan/src/AMR_ros2_slam_nav2/install/ros2_drive_package_msg/include/ros2_drive_package_msg/msg/detail/ctrl_cmd__struct.h
-- Up-to-date: /home/nvidia/workspace/alan/src/AMR_ros2_slam_nav2/install/ros2_drive_package_msg/include/ros2_drive_package_msg/msg/detail/io_cmd__type_support.h
-- Up-to-date: /home/nvidia/workspace/alan/src/AMR_ros2_slam_nav2/install/ros2_drive_package_msg/include/ros2_drive_package_msg/msg/detail/l_wheel_fb__functions.h
-- Up-to-date: /home/nvidia/workspace/alan/src/AMR_ros2_slam_nav2/install/ros2_drive_package_msg/include/ros2_drive_package_msg/msg/detail/bms_fb__functions.h
-- Up-to-date: /home/nvidia/workspace/alan/src/AMR_ros2_slam_nav2/install/ros2_drive_package_msg/include/ros2_drive_package_msg/msg/detail/free_ctrl_cmd__functions.c
-- Up-to-date: /home/nvidia/workspace/alan/src/AMR_ros2_slam_nav2/install/ros2_drive_package_msg/include/ros2_drive_package_msg/msg/detail/io_cmd__functions.c
-- Up-to-date: /home/nvidia/workspace/alan/src/AMR_ros2_slam_nav2/install/ros2_drive_package_msg/include/ros2_drive_package_msg/msg/detail/l_wheel_fb__type_support.h
-- Up-to-date: /home/nvidia/workspace/alan/src/AMR_ros2_slam_nav2/install/ros2_drive_package_msg/include/ros2_drive_package_msg/msg/detail/bms_flag_fb__type_support.h
-- Up-to-date: /home/nvidia/workspace/alan/src/AMR_ros2_slam_nav2/install/ros2_drive_package_msg/include/ros2_drive_package_msg/msg/detail/ctrl_fb__struct.h
-- Up-to-date: /home/nvidia/workspace/alan/src/AMR_ros2_slam_nav2/install/ros2_drive_package_msg/include/ros2_drive_package_msg/msg/detail/free_ctrl_cmd__functions.h
-- Up-to-date: /home/nvidia/workspace/alan/src/AMR_ros2_slam_nav2/install/ros2_drive_package_msg/include/ros2_drive_package_msg/msg/detail/ctrl_cmd__functions.c
-- Up-to-date: /home/nvidia/workspace/alan/src/AMR_ros2_slam_nav2/install/ros2_drive_package_msg/include/ros2_drive_package_msg/msg/detail/l_wheel_fb__functions.c
-- Up-to-date: /home/nvidia/workspace/alan/src/AMR_ros2_slam_nav2/install/ros2_drive_package_msg/include/ros2_drive_package_msg/msg/detail/io_fb__functions.h
-- Up-to-date: /home/nvidia/workspace/alan/src/AMR_ros2_slam_nav2/install/ros2_drive_package_msg/include/ros2_drive_package_msg/msg/detail/r_wheel_fb__struct.h
-- Up-to-date: /home/nvidia/workspace/alan/src/AMR_ros2_slam_nav2/install/ros2_drive_package_msg/include/ros2_drive_package_msg/msg/detail/bms_flag_fb__struct.h
-- Up-to-date: /home/nvidia/workspace/alan/src/AMR_ros2_slam_nav2/install/ros2_drive_package_msg/include/ros2_drive_package_msg/msg/detail/ctrl_cmd__functions.h
-- Up-to-date: /home/nvidia/workspace/alan/src/AMR_ros2_slam_nav2/install/ros2_drive_package_msg/include/ros2_drive_package_msg/msg/detail/io_cmd__struct.h
-- Up-to-date: /home/nvidia/workspace/alan/src/AMR_ros2_slam_nav2/install/ros2_drive_package_msg/include/ros2_drive_package_msg/msg/detail/l_wheel_fb__struct.h
-- Up-to-date: /home/nvidia/workspace/alan/src/AMR_ros2_slam_nav2/install/ros2_drive_package_msg/include/ros2_drive_package_msg/msg/detail/r_wheel_fb__functions.h
-- Up-to-date: /home/nvidia/workspace/alan/src/AMR_ros2_slam_nav2/install/ros2_drive_package_msg/include/ros2_drive_package_msg/msg/detail/free_ctrl_cmd__type_support.h
-- Up-to-date: /home/nvidia/workspace/alan/src/AMR_ros2_slam_nav2/install/ros2_drive_package_msg/include/ros2_drive_package_msg/msg/detail/bms_fb__type_support.h
-- Up-to-date: /home/nvidia/workspace/alan/src/AMR_ros2_slam_nav2/install/ros2_drive_package_msg/include/ros2_drive_package_msg/msg/detail/io_fb__functions.c
-- Up-to-date: /home/nvidia/workspace/alan/src/AMR_ros2_slam_nav2/install/ros2_drive_package_msg/include/ros2_drive_package_msg/msg/detail/io_cmd__functions.h
-- Up-to-date: /home/nvidia/workspace/alan/src/AMR_ros2_slam_nav2/install/ros2_drive_package_msg/include/ros2_drive_package_msg/msg/detail/bms_fb__struct.h
-- Up-to-date: /home/nvidia/workspace/alan/src/AMR_ros2_slam_nav2/install/ros2_drive_package_msg/include/ros2_drive_package_msg/msg/detail/free_ctrl_cmd__struct.h
-- Up-to-date: /home/nvidia/workspace/alan/src/AMR_ros2_slam_nav2/install/ros2_drive_package_msg/include/ros2_drive_package_msg/msg/detail/ctrl_fb__type_support.h
-- Up-to-date: /home/nvidia/workspace/alan/src/AMR_ros2_slam_nav2/install/ros2_drive_package_msg/include/ros2_drive_package_msg/msg/detail/bms_fb__functions.c
-- Up-to-date: /home/nvidia/workspace/alan/src/AMR_ros2_slam_nav2/install/ros2_drive_package_msg/include/ros2_drive_package_msg/msg/detail/r_wheel_fb__type_support.h
-- Up-to-date: /home/nvidia/workspace/alan/src/AMR_ros2_slam_nav2/install/ros2_drive_package_msg/include/ros2_drive_package_msg/msg/detail/bms_flag_fb__functions.h
-- Up-to-date: /home/nvidia/workspace/alan/src/AMR_ros2_slam_nav2/install/ros2_drive_package_msg/include/ros2_drive_package_msg/msg/detail/ctrl_fb__functions.h
-- Up-to-date: /home/nvidia/workspace/alan/src/AMR_ros2_slam_nav2/install/ros2_drive_package_msg/include/ros2_drive_package_msg/msg/detail/io_fb__struct.h
-- Up-to-date: /home/nvidia/workspace/alan/src/AMR_ros2_slam_nav2/install/ros2_drive_package_msg/include/ros2_drive_package_msg/msg/detail/ctrl_fb__functions.c
-- Up-to-date: /home/nvidia/workspace/alan/src/AMR_ros2_slam_nav2/install/ros2_drive_package_msg/include/ros2_drive_package_msg/msg/detail/io_fb__type_support.h
-- Up-to-date: /home/nvidia/workspace/alan/src/AMR_ros2_slam_nav2/install/ros2_drive_package_msg/include/ros2_drive_package_msg/msg/detail/bms_flag_fb__functions.c
-- Up-to-date: /home/nvidia/workspace/alan/src/AMR_ros2_slam_nav2/install/ros2_drive_package_msg/include/ros2_drive_package_msg/msg/detail/r_wheel_fb__functions.c
-- Up-to-date: /home/nvidia/workspace/alan/src/AMR_ros2_slam_nav2/install/ros2_drive_package_msg/include/ros2_drive_package_msg/msg/detail/ctrl_cmd__type_support.h
-- Up-to-date: /home/nvidia/workspace/alan/src/AMR_ros2_slam_nav2/install/ros2_drive_package_msg/include/ros2_drive_package_msg/msg/l_wheel_fb.h
-- Up-to-date: /home/nvidia/workspace/alan/src/AMR_ros2_slam_nav2/install/ros2_drive_package_msg/include/ros2_drive_package_msg/msg/ctrl_fb.h
-- Up-to-date: /home/nvidia/workspace/alan/src/AMR_ros2_slam_nav2/install/ros2_drive_package_msg/include/ros2_drive_package_msg/msg/bms_flag_fb.h
-- Up-to-date: /home/nvidia/workspace/alan/src/AMR_ros2_slam_nav2/install/ros2_drive_package_msg/include/ros2_drive_package_msg/msg/ctrl_cmd.h
-- Up-to-date: /home/nvidia/workspace/alan/src/AMR_ros2_slam_nav2/install/ros2_drive_package_msg/include/ros2_drive_package_msg/msg/rosidl_generator_c__visibility_control.h
-- Up-to-date: /home/nvidia/workspace/alan/src/AMR_ros2_slam_nav2/install/ros2_drive_package_msg/include/ros2_drive_package_msg/msg/io_cmd.h
-- Up-to-date: /home/nvidia/workspace/alan/src/AMR_ros2_slam_nav2/install/ros2_drive_package_msg/include/ros2_drive_package_msg/msg/bms_fb.h
-- Up-to-date: /home/nvidia/workspace/alan/src/AMR_ros2_slam_nav2/install/ros2_drive_package_msg/include/ros2_drive_package_msg/msg/io_fb.h
-- Up-to-date: /home/nvidia/workspace/alan/src/AMR_ros2_slam_nav2/install/ros2_drive_package_msg/share/ros2_drive_package_msg/environment/library_path.sh
-- Up-to-date: /home/nvidia/workspace/alan/src/AMR_ros2_slam_nav2/install/ros2_drive_package_msg/share/ros2_drive_package_msg/environment/library_path.dsv
-- Up-to-date: /home/nvidia/workspace/alan/src/AMR_ros2_slam_nav2/install/ros2_drive_package_msg/lib/libros2_drive_package_msg__rosidl_generator_c.so
-- Up-to-date: /home/nvidia/workspace/alan/src/AMR_ros2_slam_nav2/install/ros2_drive_package_msg/include/ros2_drive_package_msg
-- Up-to-date: /home/nvidia/workspace/alan/src/AMR_ros2_slam_nav2/install/ros2_drive_package_msg/include/ros2_drive_package_msg/msg
-- Up-to-date: /home/nvidia/workspace/alan/src/AMR_ros2_slam_nav2/install/ros2_drive_package_msg/include/ros2_drive_package_msg/msg/detail
-- Up-to-date: /home/nvidia/workspace/alan/src/AMR_ros2_slam_nav2/install/ros2_drive_package_msg/include/ros2_drive_package_msg/msg/detail/bms_fb__rosidl_typesupport_fastrtps_c.h
-- Up-to-date: /home/nvidia/workspace/alan/src/AMR_ros2_slam_nav2/install/ros2_drive_package_msg/include/ros2_drive_package_msg/msg/detail/ctrl_cmd__rosidl_typesupport_fastrtps_c.h
-- Up-to-date: /home/nvidia/workspace/alan/src/AMR_ros2_slam_nav2/install/ros2_drive_package_msg/include/ros2_drive_package_msg/msg/detail/io_cmd__rosidl_typesupport_fastrtps_c.h
-- Up-to-date: /home/nvidia/workspace/alan/src/AMR_ros2_slam_nav2/install/ros2_drive_package_msg/include/ros2_drive_package_msg/msg/detail/l_wheel_fb__rosidl_typesupport_fastrtps_c.h
-- Up-to-date: /home/nvidia/workspace/alan/src/AMR_ros2_slam_nav2/install/ros2_drive_package_msg/include/ros2_drive_package_msg/msg/detail/io_fb__rosidl_typesupport_fastrtps_c.h
-- Up-to-date: /home/nvidia/workspace/alan/src/AMR_ros2_slam_nav2/install/ros2_drive_package_msg/include/ros2_drive_package_msg/msg/detail/bms_flag_fb__rosidl_typesupport_fastrtps_c.h
-- Up-to-date: /home/nvidia/workspace/alan/src/AMR_ros2_slam_nav2/install/ros2_drive_package_msg/include/ros2_drive_package_msg/msg/detail/r_wheel_fb__rosidl_typesupport_fastrtps_c.h
-- Up-to-date: /home/nvidia/workspace/alan/src/AMR_ros2_slam_nav2/install/ros2_drive_package_msg/include/ros2_drive_package_msg/msg/detail/ctrl_fb__rosidl_typesupport_fastrtps_c.h
-- Up-to-date: /home/nvidia/workspace/alan/src/AMR_ros2_slam_nav2/install/ros2_drive_package_msg/include/ros2_drive_package_msg/msg/detail/free_ctrl_cmd__rosidl_typesupport_fastrtps_c.h
-- Up-to-date: /home/nvidia/workspace/alan/src/AMR_ros2_slam_nav2/install/ros2_drive_package_msg/include/ros2_drive_package_msg/msg/rosidl_typesupport_fastrtps_c__visibility_control.h
-- Up-to-date: /home/nvidia/workspace/alan/src/AMR_ros2_slam_nav2/install/ros2_drive_package_msg/lib/libros2_drive_package_msg__rosidl_typesupport_fastrtps_c.so
-- Up-to-date: /home/nvidia/workspace/alan/src/AMR_ros2_slam_nav2/install/ros2_drive_package_msg/include/ros2_drive_package_msg
-- Up-to-date: /home/nvidia/workspace/alan/src/AMR_ros2_slam_nav2/install/ros2_drive_package_msg/include/ros2_drive_package_msg/msg
-- Up-to-date: /home/nvidia/workspace/alan/src/AMR_ros2_slam_nav2/install/ros2_drive_package_msg/include/ros2_drive_package_msg/msg/detail
-- Up-to-date: /home/nvidia/workspace/alan/src/AMR_ros2_slam_nav2/install/ros2_drive_package_msg/include/ros2_drive_package_msg/msg/detail/ctrl_cmd__rosidl_typesupport_fastrtps_cpp.hpp
-- Up-to-date: /home/nvidia/workspace/alan/src/AMR_ros2_slam_nav2/install/ros2_drive_package_msg/include/ros2_drive_package_msg/msg/detail/l_wheel_fb__rosidl_typesupport_fastrtps_cpp.hpp
-- Up-to-date: /home/nvidia/workspace/alan/src/AMR_ros2_slam_nav2/install/ros2_drive_package_msg/include/ros2_drive_package_msg/msg/detail/bms_flag_fb__rosidl_typesupport_fastrtps_cpp.hpp
-- Up-to-date: /home/nvidia/workspace/alan/src/AMR_ros2_slam_nav2/install/ros2_drive_package_msg/include/ros2_drive_package_msg/msg/detail/r_wheel_fb__rosidl_typesupport_fastrtps_cpp.hpp
-- Up-to-date: /home/nvidia/workspace/alan/src/AMR_ros2_slam_nav2/install/ros2_drive_package_msg/include/ros2_drive_package_msg/msg/detail/bms_fb__rosidl_typesupport_fastrtps_cpp.hpp
-- Up-to-date: /home/nvidia/workspace/alan/src/AMR_ros2_slam_nav2/install/ros2_drive_package_msg/include/ros2_drive_package_msg/msg/detail/dds_fastrtps
-- Up-to-date: /home/nvidia/workspace/alan/src/AMR_ros2_slam_nav2/install/ros2_drive_package_msg/include/ros2_drive_package_msg/msg/detail/free_ctrl_cmd__rosidl_typesupport_fastrtps_cpp.hpp
-- Up-to-date: /home/nvidia/workspace/alan/src/AMR_ros2_slam_nav2/install/ros2_drive_package_msg/include/ros2_drive_package_msg/msg/detail/io_cmd__rosidl_typesupport_fastrtps_cpp.hpp
-- Up-to-date: /home/nvidia/workspace/alan/src/AMR_ros2_slam_nav2/install/ros2_drive_package_msg/include/ros2_drive_package_msg/msg/detail/io_fb__rosidl_typesupport_fastrtps_cpp.hpp
-- Up-to-date: /home/nvidia/workspace/alan/src/AMR_ros2_slam_nav2/install/ros2_drive_package_msg/include/ros2_drive_package_msg/msg/detail/ctrl_fb__rosidl_typesupport_fastrtps_cpp.hpp
-- Up-to-date: /home/nvidia/workspace/alan/src/AMR_ros2_slam_nav2/install/ros2_drive_package_msg/include/ros2_drive_package_msg/msg/rosidl_typesupport_fastrtps_cpp__visibility_control.h
-- Up-to-date: /home/nvidia/workspace/alan/src/AMR_ros2_slam_nav2/install/ros2_drive_package_msg/lib/libros2_drive_package_msg__rosidl_typesupport_fastrtps_cpp.so
-- Up-to-date: /home/nvidia/workspace/alan/src/AMR_ros2_slam_nav2/install/ros2_drive_package_msg/include/ros2_drive_package_msg
-- Up-to-date: /home/nvidia/workspace/alan/src/AMR_ros2_slam_nav2/install/ros2_drive_package_msg/include/ros2_drive_package_msg/msg
-- Up-to-date: /home/nvidia/workspace/alan/src/AMR_ros2_slam_nav2/install/ros2_drive_package_msg/include/ros2_drive_package_msg/msg/detail
-- Up-to-date: /home/nvidia/workspace/alan/src/AMR_ros2_slam_nav2/install/ros2_drive_package_msg/include/ros2_drive_package_msg/msg/detail/io_cmd__type_support.c
-- Up-to-date: /home/nvidia/workspace/alan/src/AMR_ros2_slam_nav2/install/ros2_drive_package_msg/include/ros2_drive_package_msg/msg/detail/ctrl_fb__type_support.c
-- Up-to-date: /home/nvidia/workspace/alan/src/AMR_ros2_slam_nav2/install/ros2_drive_package_msg/include/ros2_drive_package_msg/msg/detail/bms_fb__rosidl_typesupport_introspection_c.h
-- Up-to-date: /home/nvidia/workspace/alan/src/AMR_ros2_slam_nav2/install/ros2_drive_package_msg/include/ros2_drive_package_msg/msg/detail/bms_fb__type_support.c
-- Up-to-date: /home/nvidia/workspace/alan/src/AMR_ros2_slam_nav2/install/ros2_drive_package_msg/include/ros2_drive_package_msg/msg/detail/free_ctrl_cmd__rosidl_typesupport_introspection_c.h
-- Up-to-date: /home/nvidia/workspace/alan/src/AMR_ros2_slam_nav2/install/ros2_drive_package_msg/include/ros2_drive_package_msg/msg/detail/bms_flag_fb__rosidl_typesupport_introspection_c.h
-- Up-to-date: /home/nvidia/workspace/alan/src/AMR_ros2_slam_nav2/install/ros2_drive_package_msg/include/ros2_drive_package_msg/msg/detail/ctrl_cmd__rosidl_typesupport_introspection_c.h
-- Up-to-date: /home/nvidia/workspace/alan/src/AMR_ros2_slam_nav2/install/ros2_drive_package_msg/include/ros2_drive_package_msg/msg/detail/io_cmd__rosidl_typesupport_introspection_c.h
-- Up-to-date: /home/nvidia/workspace/alan/src/AMR_ros2_slam_nav2/install/ros2_drive_package_msg/include/ros2_drive_package_msg/msg/detail/free_ctrl_cmd__type_support.c
-- Up-to-date: /home/nvidia/workspace/alan/src/AMR_ros2_slam_nav2/install/ros2_drive_package_msg/include/ros2_drive_package_msg/msg/detail/r_wheel_fb__rosidl_typesupport_introspection_c.h
-- Up-to-date: /home/nvidia/workspace/alan/src/AMR_ros2_slam_nav2/install/ros2_drive_package_msg/include/ros2_drive_package_msg/msg/detail/ctrl_fb__rosidl_typesupport_introspection_c.h
-- Up-to-date: /home/nvidia/workspace/alan/src/AMR_ros2_slam_nav2/install/ros2_drive_package_msg/include/ros2_drive_package_msg/msg/detail/r_wheel_fb__type_support.c
-- Up-to-date: /home/nvidia/workspace/alan/src/AMR_ros2_slam_nav2/install/ros2_drive_package_msg/include/ros2_drive_package_msg/msg/detail/ctrl_cmd__type_support.c
-- Up-to-date: /home/nvidia/workspace/alan/src/AMR_ros2_slam_nav2/install/ros2_drive_package_msg/include/ros2_drive_package_msg/msg/detail/io_fb__rosidl_typesupport_introspection_c.h
-- Up-to-date: /home/nvidia/workspace/alan/src/AMR_ros2_slam_nav2/install/ros2_drive_package_msg/include/ros2_drive_package_msg/msg/detail/bms_flag_fb__type_support.c
-- Up-to-date: /home/nvidia/workspace/alan/src/AMR_ros2_slam_nav2/install/ros2_drive_package_msg/include/ros2_drive_package_msg/msg/detail/io_fb__type_support.c
-- Up-to-date: /home/nvidia/workspace/alan/src/AMR_ros2_slam_nav2/install/ros2_drive_package_msg/include/ros2_drive_package_msg/msg/detail/l_wheel_fb__rosidl_typesupport_introspection_c.h
-- Up-to-date: /home/nvidia/workspace/alan/src/AMR_ros2_slam_nav2/install/ros2_drive_package_msg/include/ros2_drive_package_msg/msg/detail/l_wheel_fb__type_support.c
-- Up-to-date: /home/nvidia/workspace/alan/src/AMR_ros2_slam_nav2/install/ros2_drive_package_msg/include/ros2_drive_package_msg/msg/rosidl_typesupport_introspection_c__visibility_control.h
-- Up-to-date: /home/nvidia/workspace/alan/src/AMR_ros2_slam_nav2/install/ros2_drive_package_msg/lib/libros2_drive_package_msg__rosidl_typesupport_introspection_c.so
-- Up-to-date: /home/nvidia/workspace/alan/src/AMR_ros2_slam_nav2/install/ros2_drive_package_msg/lib/libros2_drive_package_msg__rosidl_typesupport_c.so
-- Up-to-date: /home/nvidia/workspace/alan/src/AMR_ros2_slam_nav2/install/ros2_drive_package_msg/include/ros2_drive_package_msg
-- Up-to-date: /home/nvidia/workspace/alan/src/AMR_ros2_slam_nav2/install/ros2_drive_package_msg/include/ros2_drive_package_msg/msg
-- Up-to-date: /home/nvidia/workspace/alan/src/AMR_ros2_slam_nav2/install/ros2_drive_package_msg/include/ros2_drive_package_msg/msg/ctrl_cmd.hpp
-- Up-to-date: /home/nvidia/workspace/alan/src/AMR_ros2_slam_nav2/install/ros2_drive_package_msg/include/ros2_drive_package_msg/msg/bms_flag_fb.hpp
-- Up-to-date: /home/nvidia/workspace/alan/src/AMR_ros2_slam_nav2/install/ros2_drive_package_msg/include/ros2_drive_package_msg/msg/l_wheel_fb.hpp
-- Up-to-date: /home/nvidia/workspace/alan/src/AMR_ros2_slam_nav2/install/ros2_drive_package_msg/include/ros2_drive_package_msg/msg/free_ctrl_cmd.hpp
-- Up-to-date: /home/nvidia/workspace/alan/src/AMR_ros2_slam_nav2/install/ros2_drive_package_msg/include/ros2_drive_package_msg/msg/detail
-- Up-to-date: /home/nvidia/workspace/alan/src/AMR_ros2_slam_nav2/install/ros2_drive_package_msg/include/ros2_drive_package_msg/msg/detail/io_fb__traits.hpp
-- Up-to-date: /home/nvidia/workspace/alan/src/AMR_ros2_slam_nav2/install/ros2_drive_package_msg/include/ros2_drive_package_msg/msg/detail/ctrl_cmd__traits.hpp
-- Up-to-date: /home/nvidia/workspace/alan/src/AMR_ros2_slam_nav2/install/ros2_drive_package_msg/include/ros2_drive_package_msg/msg/detail/r_wheel_fb__struct.hpp
-- Up-to-date: /home/nvidia/workspace/alan/src/AMR_ros2_slam_nav2/install/ros2_drive_package_msg/include/ros2_drive_package_msg/msg/detail/ctrl_fb__traits.hpp
-- Up-to-date: /home/nvidia/workspace/alan/src/AMR_ros2_slam_nav2/install/ros2_drive_package_msg/include/ros2_drive_package_msg/msg/detail/bms_fb__struct.hpp
-- Up-to-date: /home/nvidia/workspace/alan/src/AMR_ros2_slam_nav2/install/ros2_drive_package_msg/include/ros2_drive_package_msg/msg/detail/r_wheel_fb__traits.hpp
-- Up-to-date: /home/nvidia/workspace/alan/src/AMR_ros2_slam_nav2/install/ros2_drive_package_msg/include/ros2_drive_package_msg/msg/detail/free_ctrl_cmd__traits.hpp
-- Up-to-date: /home/nvidia/workspace/alan/src/AMR_ros2_slam_nav2/install/ros2_drive_package_msg/include/ros2_drive_package_msg/msg/detail/bms_flag_fb__struct.hpp
-- Up-to-date: /home/nvidia/workspace/alan/src/AMR_ros2_slam_nav2/install/ros2_drive_package_msg/include/ros2_drive_package_msg/msg/detail/ctrl_cmd__builder.hpp
-- Up-to-date: /home/nvidia/workspace/alan/src/AMR_ros2_slam_nav2/install/ros2_drive_package_msg/include/ros2_drive_package_msg/msg/detail/ctrl_fb__struct.hpp
-- Up-to-date: /home/nvidia/workspace/alan/src/AMR_ros2_slam_nav2/install/ros2_drive_package_msg/include/ros2_drive_package_msg/msg/detail/l_wheel_fb__struct.hpp
-- Up-to-date: /home/nvidia/workspace/alan/src/AMR_ros2_slam_nav2/install/ros2_drive_package_msg/include/ros2_drive_package_msg/msg/detail/ctrl_fb__builder.hpp
-- Up-to-date: /home/nvidia/workspace/alan/src/AMR_ros2_slam_nav2/install/ros2_drive_package_msg/include/ros2_drive_package_msg/msg/detail/io_cmd__traits.hpp
-- Up-to-date: /home/nvidia/workspace/alan/src/AMR_ros2_slam_nav2/install/ros2_drive_package_msg/include/ros2_drive_package_msg/msg/detail/l_wheel_fb__traits.hpp
-- Up-to-date: /home/nvidia/workspace/alan/src/AMR_ros2_slam_nav2/install/ros2_drive_package_msg/include/ros2_drive_package_msg/msg/detail/io_cmd__struct.hpp
-- Up-to-date: /home/nvidia/workspace/alan/src/AMR_ros2_slam_nav2/install/ros2_drive_package_msg/include/ros2_drive_package_msg/msg/detail/bms_flag_fb__builder.hpp
-- Up-to-date: /home/nvidia/workspace/alan/src/AMR_ros2_slam_nav2/install/ros2_drive_package_msg/include/ros2_drive_package_msg/msg/detail/bms_fb__traits.hpp
-- Up-to-date: /home/nvidia/workspace/alan/src/AMR_ros2_slam_nav2/install/ros2_drive_package_msg/include/ros2_drive_package_msg/msg/detail/ctrl_cmd__struct.hpp
-- Up-to-date: /home/nvidia/workspace/alan/src/AMR_ros2_slam_nav2/install/ros2_drive_package_msg/include/ros2_drive_package_msg/msg/detail/io_fb__struct.hpp
-- Up-to-date: /home/nvidia/workspace/alan/src/AMR_ros2_slam_nav2/install/ros2_drive_package_msg/include/ros2_drive_package_msg/msg/detail/free_ctrl_cmd__struct.hpp
-- Up-to-date: /home/nvidia/workspace/alan/src/AMR_ros2_slam_nav2/install/ros2_drive_package_msg/include/ros2_drive_package_msg/msg/detail/bms_fb__builder.hpp
-- Up-to-date: /home/nvidia/workspace/alan/src/AMR_ros2_slam_nav2/install/ros2_drive_package_msg/include/ros2_drive_package_msg/msg/detail/l_wheel_fb__builder.hpp
-- Up-to-date: /home/nvidia/workspace/alan/src/AMR_ros2_slam_nav2/install/ros2_drive_package_msg/include/ros2_drive_package_msg/msg/detail/io_cmd__builder.hpp
-- Up-to-date: /home/nvidia/workspace/alan/src/AMR_ros2_slam_nav2/install/ros2_drive_package_msg/include/ros2_drive_package_msg/msg/detail/bms_flag_fb__traits.hpp
-- Up-to-date: /home/nvidia/workspace/alan/src/AMR_ros2_slam_nav2/install/ros2_drive_package_msg/include/ros2_drive_package_msg/msg/detail/r_wheel_fb__builder.hpp
-- Up-to-date: /home/nvidia/workspace/alan/src/AMR_ros2_slam_nav2/install/ros2_drive_package_msg/include/ros2_drive_package_msg/msg/detail/io_fb__builder.hpp
-- Up-to-date: /home/nvidia/workspace/alan/src/AMR_ros2_slam_nav2/install/ros2_drive_package_msg/include/ros2_drive_package_msg/msg/detail/free_ctrl_cmd__builder.hpp
-- Up-to-date: /home/nvidia/workspace/alan/src/AMR_ros2_slam_nav2/install/ros2_drive_package_msg/include/ros2_drive_package_msg/msg/io_fb.hpp
-- Up-to-date: /home/nvidia/workspace/alan/src/AMR_ros2_slam_nav2/install/ros2_drive_package_msg/include/ros2_drive_package_msg/msg/ctrl_fb.hpp
-- Up-to-date: /home/nvidia/workspace/alan/src/AMR_ros2_slam_nav2/install/ros2_drive_package_msg/include/ros2_drive_package_msg/msg/bms_fb.hpp
-- Up-to-date: /home/nvidia/workspace/alan/src/AMR_ros2_slam_nav2/install/ros2_drive_package_msg/include/ros2_drive_package_msg/msg/r_wheel_fb.hpp
-- Up-to-date: /home/nvidia/workspace/alan/src/AMR_ros2_slam_nav2/install/ros2_drive_package_msg/include/ros2_drive_package_msg/msg/io_cmd.hpp
-- Up-to-date: /home/nvidia/workspace/alan/src/AMR_ros2_slam_nav2/install/ros2_drive_package_msg/include/ros2_drive_package_msg
-- Up-to-date: /home/nvidia/workspace/alan/src/AMR_ros2_slam_nav2/install/ros2_drive_package_msg/include/ros2_drive_package_msg/msg
-- Up-to-date: /home/nvidia/workspace/alan/src/AMR_ros2_slam_nav2/install/ros2_drive_package_msg/include/ros2_drive_package_msg/msg/detail
-- Up-to-date: /home/nvidia/workspace/alan/src/AMR_ros2_slam_nav2/install/ros2_drive_package_msg/include/ros2_drive_package_msg/msg/detail/io_cmd__rosidl_typesupport_introspection_cpp.hpp
-- Up-to-date: /home/nvidia/workspace/alan/src/AMR_ros2_slam_nav2/install/ros2_drive_package_msg/include/ros2_drive_package_msg/msg/detail/ctrl_cmd__type_support.cpp
-- Up-to-date: /home/nvidia/workspace/alan/src/AMR_ros2_slam_nav2/install/ros2_drive_package_msg/include/ros2_drive_package_msg/msg/detail/r_wheel_fb__type_support.cpp
-- Up-to-date: /home/nvidia/workspace/alan/src/AMR_ros2_slam_nav2/install/ros2_drive_package_msg/include/ros2_drive_package_msg/msg/detail/io_fb__rosidl_typesupport_introspection_cpp.hpp
-- Up-to-date: /home/nvidia/workspace/alan/src/AMR_ros2_slam_nav2/install/ros2_drive_package_msg/include/ros2_drive_package_msg/msg/detail/free_ctrl_cmd__type_support.cpp
-- Up-to-date: /home/nvidia/workspace/alan/src/AMR_ros2_slam_nav2/install/ros2_drive_package_msg/include/ros2_drive_package_msg/msg/detail/io_cmd__type_support.cpp
-- Up-to-date: /home/nvidia/workspace/alan/src/AMR_ros2_slam_nav2/install/ros2_drive_package_msg/include/ros2_drive_package_msg/msg/detail/io_fb__type_support.cpp
-- Up-to-date: /home/nvidia/workspace/alan/src/AMR_ros2_slam_nav2/install/ros2_drive_package_msg/include/ros2_drive_package_msg/msg/detail/r_wheel_fb__rosidl_typesupport_introspection_cpp.hpp
-- Up-to-date: /home/nvidia/workspace/alan/src/AMR_ros2_slam_nav2/install/ros2_drive_package_msg/include/ros2_drive_package_msg/msg/detail/bms_flag_fb__rosidl_typesupport_introspection_cpp.hpp
-- Up-to-date: /home/nvidia/workspace/alan/src/AMR_ros2_slam_nav2/install/ros2_drive_package_msg/include/ros2_drive_package_msg/msg/detail/ctrl_fb__type_support.cpp
-- Up-to-date: /home/nvidia/workspace/alan/src/AMR_ros2_slam_nav2/install/ros2_drive_package_msg/include/ros2_drive_package_msg/msg/detail/bms_flag_fb__type_support.cpp
-- Up-to-date: /home/nvidia/workspace/alan/src/AMR_ros2_slam_nav2/install/ros2_drive_package_msg/include/ros2_drive_package_msg/msg/detail/free_ctrl_cmd__rosidl_typesupport_introspection_cpp.hpp
-- Up-to-date: /home/nvidia/workspace/alan/src/AMR_ros2_slam_nav2/install/ros2_drive_package_msg/include/ros2_drive_package_msg/msg/detail/bms_fb__rosidl_typesupport_introspection_cpp.hpp
-- Up-to-date: /home/nvidia/workspace/alan/src/AMR_ros2_slam_nav2/install/ros2_drive_package_msg/include/ros2_drive_package_msg/msg/detail/ctrl_fb__rosidl_typesupport_introspection_cpp.hpp
-- Up-to-date: /home/nvidia/workspace/alan/src/AMR_ros2_slam_nav2/install/ros2_drive_package_msg/include/ros2_drive_package_msg/msg/detail/l_wheel_fb__type_support.cpp
-- Up-to-date: /home/nvidia/workspace/alan/src/AMR_ros2_slam_nav2/install/ros2_drive_package_msg/include/ros2_drive_package_msg/msg/detail/bms_fb__type_support.cpp
-- Up-to-date: /home/nvidia/workspace/alan/src/AMR_ros2_slam_nav2/install/ros2_drive_package_msg/include/ros2_drive_package_msg/msg/detail/ctrl_cmd__rosidl_typesupport_introspection_cpp.hpp
-- Up-to-date: /home/nvidia/workspace/alan/src/AMR_ros2_slam_nav2/install/ros2_drive_package_msg/include/ros2_drive_package_msg/msg/detail/l_wheel_fb__rosidl_typesupport_introspection_cpp.hpp
-- Up-to-date: /home/nvidia/workspace/alan/src/AMR_ros2_slam_nav2/install/ros2_drive_package_msg/lib/libros2_drive_package_msg__rosidl_typesupport_introspection_cpp.so
-- Up-to-date: /home/nvidia/workspace/alan/src/AMR_ros2_slam_nav2/install/ros2_drive_package_msg/lib/libros2_drive_package_msg__rosidl_typesupport_cpp.so
-- Up-to-date: /home/nvidia/workspace/alan/src/AMR_ros2_slam_nav2/install/ros2_drive_package_msg/share/ros2_drive_package_msg/environment/pythonpath.sh
-- Up-to-date: /home/nvidia/workspace/alan/src/AMR_ros2_slam_nav2/install/ros2_drive_package_msg/share/ros2_drive_package_msg/environment/pythonpath.dsv
-- Up-to-date: /home/nvidia/workspace/alan/src/AMR_ros2_slam_nav2/install/ros2_drive_package_msg/lib/python3.6/site-packages/ros2_drive_package_msg/__init__.py
-- Up-to-date: /home/nvidia/workspace/alan/src/AMR_ros2_slam_nav2/install/ros2_drive_package_msg/lib/python3.6/site-packages/ros2_drive_package_msg/msg
-- Up-to-date: /home/nvidia/workspace/alan/src/AMR_ros2_slam_nav2/install/ros2_drive_package_msg/lib/python3.6/site-packages/ros2_drive_package_msg/msg/_ctrl_cmd_s.c
-- Up-to-date: /home/nvidia/workspace/alan/src/AMR_ros2_slam_nav2/install/ros2_drive_package_msg/lib/python3.6/site-packages/ros2_drive_package_msg/msg/_free_ctrl_cmd_s.c
-- Up-to-date: /home/nvidia/workspace/alan/src/AMR_ros2_slam_nav2/install/ros2_drive_package_msg/lib/python3.6/site-packages/ros2_drive_package_msg/msg/_io_cmd_s.c
-- Up-to-date: /home/nvidia/workspace/alan/src/AMR_ros2_slam_nav2/install/ros2_drive_package_msg/lib/python3.6/site-packages/ros2_drive_package_msg/msg/__init__.py
-- Up-to-date: /home/nvidia/workspace/alan/src/AMR_ros2_slam_nav2/install/ros2_drive_package_msg/lib/python3.6/site-packages/ros2_drive_package_msg/msg/_ctrl_cmd.py
-- Up-to-date: /home/nvidia/workspace/alan/src/AMR_ros2_slam_nav2/install/ros2_drive_package_msg/lib/python3.6/site-packages/ros2_drive_package_msg/msg/_io_fb.py
-- Up-to-date: /home/nvidia/workspace/alan/src/AMR_ros2_slam_nav2/install/ros2_drive_package_msg/lib/python3.6/site-packages/ros2_drive_package_msg/msg/_l_wheel_fb.py
-- Up-to-date: /home/nvidia/workspace/alan/src/AMR_ros2_slam_nav2/install/ros2_drive_package_msg/lib/python3.6/site-packages/ros2_drive_package_msg/msg/_io_fb_s.c
-- Up-to-date: /home/nvidia/workspace/alan/src/AMR_ros2_slam_nav2/install/ros2_drive_package_msg/lib/python3.6/site-packages/ros2_drive_package_msg/msg/_ctrl_fb_s.c
-- Up-to-date: /home/nvidia/workspace/alan/src/AMR_ros2_slam_nav2/install/ros2_drive_package_msg/lib/python3.6/site-packages/ros2_drive_package_msg/msg/_io_cmd.py
-- Up-to-date: /home/nvidia/workspace/alan/src/AMR_ros2_slam_nav2/install/ros2_drive_package_msg/lib/python3.6/site-packages/ros2_drive_package_msg/msg/_r_wheel_fb.py
-- Up-to-date: /home/nvidia/workspace/alan/src/AMR_ros2_slam_nav2/install/ros2_drive_package_msg/lib/python3.6/site-packages/ros2_drive_package_msg/msg/_bms_fb_s.c
-- Up-to-date: /home/nvidia/workspace/alan/src/AMR_ros2_slam_nav2/install/ros2_drive_package_msg/lib/python3.6/site-packages/ros2_drive_package_msg/msg/_ctrl_fb.py
-- Up-to-date: /home/nvidia/workspace/alan/src/AMR_ros2_slam_nav2/install/ros2_drive_package_msg/lib/python3.6/site-packages/ros2_drive_package_msg/msg/_free_ctrl_cmd.py
-- Up-to-date: /home/nvidia/workspace/alan/src/AMR_ros2_slam_nav2/install/ros2_drive_package_msg/lib/python3.6/site-packages/ros2_drive_package_msg/msg/_bms_flag_fb_s.c
-- Up-to-date: /home/nvidia/workspace/alan/src/AMR_ros2_slam_nav2/install/ros2_drive_package_msg/lib/python3.6/site-packages/ros2_drive_package_msg/msg/_l_wheel_fb_s.c
-- Up-to-date: /home/nvidia/workspace/alan/src/AMR_ros2_slam_nav2/install/ros2_drive_package_msg/lib/python3.6/site-packages/ros2_drive_package_msg/msg/_bms_flag_fb.py
-- Up-to-date: /home/nvidia/workspace/alan/src/AMR_ros2_slam_nav2/install/ros2_drive_package_msg/lib/python3.6/site-packages/ros2_drive_package_msg/msg/_r_wheel_fb_s.c
-- Up-to-date: /home/nvidia/workspace/alan/src/AMR_ros2_slam_nav2/install/ros2_drive_package_msg/lib/python3.6/site-packages/ros2_drive_package_msg/msg/_bms_fb.py
-- Up-to-date: /home/nvidia/workspace/alan/src/AMR_ros2_slam_nav2/install/ros2_drive_package_msg/lib/python3.6/site-packages/ros2_drive_package_msg/ros2_drive_package_msg_s__rosidl_typesupport_fastrtps_c.cpython-36m-aarch64-linux-gnu.so
-- Up-to-date: /home/nvidia/workspace/alan/src/AMR_ros2_slam_nav2/install/ros2_drive_package_msg/lib/python3.6/site-packages/ros2_drive_package_msg/ros2_drive_package_msg_s__rosidl_typesupport_introspection_c.cpython-36m-aarch64-linux-gnu.so
-- Up-to-date: /home/nvidia/workspace/alan/src/AMR_ros2_slam_nav2/install/ros2_drive_package_msg/lib/python3.6/site-packages/ros2_drive_package_msg/ros2_drive_package_msg_s__rosidl_typesupport_c.cpython-36m-aarch64-linux-gnu.so
-- Up-to-date: /home/nvidia/workspace/alan/src/AMR_ros2_slam_nav2/install/ros2_drive_package_msg/lib/libros2_drive_package_msg__python.so
-- Up-to-date: /home/nvidia/workspace/alan/src/AMR_ros2_slam_nav2/install/ros2_drive_package_msg/share/ros2_drive_package_msg/msg/BmsFb.idl
-- Up-to-date: /home/nvidia/workspace/alan/src/AMR_ros2_slam_nav2/install/ros2_drive_package_msg/share/ros2_drive_package_msg/msg/BmsFlagFb.idl
-- Up-to-date: /home/nvidia/workspace/alan/src/AMR_ros2_slam_nav2/install/ros2_drive_package_msg/share/ros2_drive_package_msg/msg/CtrlCmd.idl
-- Up-to-date: /home/nvidia/workspace/alan/src/AMR_ros2_slam_nav2/install/ros2_drive_package_msg/share/ros2_drive_package_msg/msg/CtrlFb.idl
-- Up-to-date: /home/nvidia/workspace/alan/src/AMR_ros2_slam_nav2/install/ros2_drive_package_msg/share/ros2_drive_package_msg/msg/FreeCtrlCmd.idl
-- Up-to-date: /home/nvidia/workspace/alan/src/AMR_ros2_slam_nav2/install/ros2_drive_package_msg/share/ros2_drive_package_msg/msg/IoCmd.idl
-- Up-to-date: /home/nvidia/workspace/alan/src/AMR_ros2_slam_nav2/install/ros2_drive_package_msg/share/ros2_drive_package_msg/msg/IoFb.idl
-- Up-to-date: /home/nvidia/workspace/alan/src/AMR_ros2_slam_nav2/install/ros2_drive_package_msg/share/ros2_drive_package_msg/msg/LWheelFb.idl
-- Up-to-date: /home/nvidia/workspace/alan/src/AMR_ros2_slam_nav2/install/ros2_drive_package_msg/share/ros2_drive_package_msg/msg/RWheelFb.idl
-- Up-to-date: /home/nvidia/workspace/alan/src/AMR_ros2_slam_nav2/install/ros2_drive_package_msg/share/ros2_drive_package_msg/msg/BmsFb.msg
-- Up-to-date: /home/nvidia/workspace/alan/src/AMR_ros2_slam_nav2/install/ros2_drive_package_msg/share/ros2_drive_package_msg/msg/BmsFlagFb.msg
-- Up-to-date: /home/nvidia/workspace/alan/src/AMR_ros2_slam_nav2/install/ros2_drive_package_msg/share/ros2_drive_package_msg/msg/CtrlCmd.msg
-- Up-to-date: /home/nvidia/workspace/alan/src/AMR_ros2_slam_nav2/install/ros2_drive_package_msg/share/ros2_drive_package_msg/msg/CtrlFb.msg
-- Up-to-date: /home/nvidia/workspace/alan/src/AMR_ros2_slam_nav2/install/ros2_drive_package_msg/share/ros2_drive_package_msg/msg/FreeCtrlCmd.msg
-- Up-to-date: /home/nvidia/workspace/alan/src/AMR_ros2_slam_nav2/install/ros2_drive_package_msg/share/ros2_drive_package_msg/msg/IoCmd.msg
-- Up-to-date: /home/nvidia/workspace/alan/src/AMR_ros2_slam_nav2/install/ros2_drive_package_msg/share/ros2_drive_package_msg/msg/IoFb.msg
-- Up-to-date: /home/nvidia/workspace/alan/src/AMR_ros2_slam_nav2/install/ros2_drive_package_msg/share/ros2_drive_package_msg/msg/LWheelFb.msg
-- Up-to-date: /home/nvidia/workspace/alan/src/AMR_ros2_slam_nav2/install/ros2_drive_package_msg/share/ros2_drive_package_msg/msg/RWheelFb.msg
-- Up-to-date: /home/nvidia/workspace/alan/src/AMR_ros2_slam_nav2/install/ros2_drive_package_msg/share/ament_index/resource_index/package_run_dependencies/ros2_drive_package_msg
-- Up-to-date: /home/nvidia/workspace/alan/src/AMR_ros2_slam_nav2/install/ros2_drive_package_msg/share/ament_index/resource_index/parent_prefix_path/ros2_drive_package_msg
-- Up-to-date: /home/nvidia/workspace/alan/src/AMR_ros2_slam_nav2/install/ros2_drive_package_msg/share/ros2_drive_package_msg/environment/ament_prefix_path.sh
-- Up-to-date: /home/nvidia/workspace/alan/src/AMR_ros2_slam_nav2/install/ros2_drive_package_msg/share/ros2_drive_package_msg/environment/ament_prefix_path.dsv
-- Up-to-date: /home/nvidia/workspace/alan/src/AMR_ros2_slam_nav2/install/ros2_drive_package_msg/share/ros2_drive_package_msg/environment/path.sh
-- Up-to-date: /home/nvidia/workspace/alan/src/AMR_ros2_slam_nav2/install/ros2_drive_package_msg/share/ros2_drive_package_msg/environment/path.dsv
-- Up-to-date: /home/nvidia/workspace/alan/src/AMR_ros2_slam_nav2/install/ros2_drive_package_msg/share/ros2_drive_package_msg/local_setup.bash
-- Up-to-date: /home/nvidia/workspace/alan/src/AMR_ros2_slam_nav2/install/ros2_drive_package_msg/share/ros2_drive_package_msg/local_setup.sh
-- Up-to-date: /home/nvidia/workspace/alan/src/AMR_ros2_slam_nav2/install/ros2_drive_package_msg/share/ros2_drive_package_msg/local_setup.zsh
-- Up-to-date: /home/nvidia/workspace/alan/src/AMR_ros2_slam_nav2/install/ros2_drive_package_msg/share/ros2_drive_package_msg/local_setup.dsv
-- Installing: /home/nvidia/workspace/alan/src/AMR_ros2_slam_nav2/install/ros2_drive_package_msg/share/ros2_drive_package_msg/package.dsv
-- Up-to-date: /home/nvidia/workspace/alan/src/AMR_ros2_slam_nav2/install/ros2_drive_package_msg/share/ament_index/resource_index/packages/ros2_drive_package_msg
-- Up-to-date: /home/nvidia/workspace/alan/src/AMR_ros2_slam_nav2/install/ros2_drive_package_msg/share/ros2_drive_package_msg/cmake/ros2_drive_package_msg__rosidl_generator_cExport.cmake
-- Up-to-date: /home/nvidia/workspace/alan/src/AMR_ros2_slam_nav2/install/ros2_drive_package_msg/share/ros2_drive_package_msg/cmake/ros2_drive_package_msg__rosidl_generator_cExport-noconfig.cmake
-- Up-to-date: /home/nvidia/workspace/alan/src/AMR_ros2_slam_nav2/install/ros2_drive_package_msg/share/ros2_drive_package_msg/cmake/ros2_drive_package_msg__rosidl_typesupport_introspection_cExport.cmake
-- Up-to-date: /home/nvidia/workspace/alan/src/AMR_ros2_slam_nav2/install/ros2_drive_package_msg/share/ros2_drive_package_msg/cmake/ros2_drive_package_msg__rosidl_typesupport_introspection_cExport-noconfig.cmake
-- Up-to-date: /home/nvidia/workspace/alan/src/AMR_ros2_slam_nav2/install/ros2_drive_package_msg/share/ros2_drive_package_msg/cmake/ros2_drive_package_msg__rosidl_typesupport_cExport.cmake
-- Up-to-date: /home/nvidia/workspace/alan/src/AMR_ros2_slam_nav2/install/ros2_drive_package_msg/share/ros2_drive_package_msg/cmake/ros2_drive_package_msg__rosidl_typesupport_cExport-noconfig.cmake
-- Up-to-date: /home/nvidia/workspace/alan/src/AMR_ros2_slam_nav2/install/ros2_drive_package_msg/share/ros2_drive_package_msg/cmake/ros2_drive_package_msg__rosidl_generator_cppExport.cmake
-- Up-to-date: /home/nvidia/workspace/alan/src/AMR_ros2_slam_nav2/install/ros2_drive_package_msg/share/ros2_drive_package_msg/cmake/ros2_drive_package_msg__rosidl_typesupport_introspection_cppExport.cmake
-- Up-to-date: /home/nvidia/workspace/alan/src/AMR_ros2_slam_nav2/install/ros2_drive_package_msg/share/ros2_drive_package_msg/cmake/ros2_drive_package_msg__rosidl_typesupport_introspection_cppExport-noconfig.cmake
-- Up-to-date: /home/nvidia/workspace/alan/src/AMR_ros2_slam_nav2/install/ros2_drive_package_msg/share/ros2_drive_package_msg/cmake/ros2_drive_package_msg__rosidl_typesupport_cppExport.cmake
-- Up-to-date: /home/nvidia/workspace/alan/src/AMR_ros2_slam_nav2/install/ros2_drive_package_msg/share/ros2_drive_package_msg/cmake/ros2_drive_package_msg__rosidl_typesupport_cppExport-noconfig.cmake
-- Up-to-date: /home/nvidia/workspace/alan/src/AMR_ros2_slam_nav2/install/ros2_drive_package_msg/share/ros2_drive_package_msg/cmake/rosidl_cmake-extras.cmake
-- Up-to-date: /home/nvidia/workspace/alan/src/AMR_ros2_slam_nav2/install/ros2_drive_package_msg/share/ros2_drive_package_msg/cmake/ament_cmake_export_dependencies-extras.cmake
-- Up-to-date: /home/nvidia/workspace/alan/src/AMR_ros2_slam_nav2/install/ros2_drive_package_msg/share/ros2_drive_package_msg/cmake/ament_cmake_export_libraries-extras.cmake
-- Up-to-date: /home/nvidia/workspace/alan/src/AMR_ros2_slam_nav2/install/ros2_drive_package_msg/share/ros2_drive_package_msg/cmake/ament_cmake_export_targets-extras.cmake
-- Up-to-date: /home/nvidia/workspace/alan/src/AMR_ros2_slam_nav2/install/ros2_drive_package_msg/share/ros2_drive_package_msg/cmake/ament_cmake_export_include_directories-extras.cmake
-- Up-to-date: /home/nvidia/workspace/alan/src/AMR_ros2_slam_nav2/install/ros2_drive_package_msg/share/ros2_drive_package_msg/cmake/rosidl_cmake_export_typesupport_libraries-extras.cmake
-- Up-to-date: /home/nvidia/workspace/alan/src/AMR_ros2_slam_nav2/install/ros2_drive_package_msg/share/ros2_drive_package_msg/cmake/rosidl_cmake_export_typesupport_targets-extras.cmake
-- Up-to-date: /home/nvidia/workspace/alan/src/AMR_ros2_slam_nav2/install/ros2_drive_package_msg/share/ros2_drive_package_msg/cmake/ros2_drive_package_msgConfig.cmake
-- Up-to-date: /home/nvidia/workspace/alan/src/AMR_ros2_slam_nav2/install/ros2_drive_package_msg/share/ros2_drive_package_msg/cmake/ros2_drive_package_msgConfig-version.cmake
-- Up-to-date: /home/nvidia/workspace/alan/src/AMR_ros2_slam_nav2/install/ros2_drive_package_msg/share/ros2_drive_package_msg/package.xml
