[0.067s] Invoking command in '/home/nvidia/workspace/alan/src/AMR_ros2_slam_nav2/build/dynamixel_sdk': /usr/local/bin/cmake /home/nvidia/workspace/alan/src/AMR_ros2_slam_nav2/DynamixelSDK/dynamixel_sdk -DCMAKE_INSTALL_PREFIX=/home/nvidia/workspace/alan/src/AMR_ros2_slam_nav2/install/dynamixel_sdk
[0.444s] -- The C compiler identification is GNU 7.5.0
[0.806s] -- The CXX compiler identification is GNU 7.5.0
[0.872s] -- Check for working C compiler: /usr/bin/cc
[1.088s] -- Check for working C compiler: /usr/bin/cc -- works
[1.102s] -- Detecting C compiler ABI info
[1.309s] -- Detecting C compiler ABI info - done
[1.547s] -- Detecting C compile features
[1.553s] -- Detecting C compile features - done
[1.594s] -- Check for working CXX compiler: /usr/bin/c++
[1.847s] -- Check for working CXX compiler: /usr/bin/c++ -- works
[1.862s] -- Detecting CXX compiler ABI info
[2.111s] -- Detecting CXX compiler ABI info - done
[2.311s] -- Detecting CXX compile features
[2.318s] -- Detecting CXX compile features - done
[2.333s] -- Found ament_cmake: 0.9.9 (/home/workspace/ros2/install/share/ament_cmake/cmake)
[2.471s] -- Found PythonInterp: /usr/bin/python3 (found suitable version "3.6.9", minimum required is "3") 
[2.472s] -- Using PYTHON_EXECUTABLE: /usr/bin/python3
[4.111s] -- Configuring done
[4.162s] -- Generating done
[4.170s] -- Build files have been written to: /home/nvidia/workspace/alan/src/AMR_ros2_slam_nav2/build/dynamixel_sdk
[4.188s] Invoked command in '/home/nvidia/workspace/alan/src/AMR_ros2_slam_nav2/build/dynamixel_sdk' returned '0': /usr/local/bin/cmake /home/nvidia/workspace/alan/src/AMR_ros2_slam_nav2/DynamixelSDK/dynamixel_sdk -DCMAKE_INSTALL_PREFIX=/home/nvidia/workspace/alan/src/AMR_ros2_slam_nav2/install/dynamixel_sdk
[4.190s] Invoking command in '/home/nvidia/workspace/alan/src/AMR_ros2_slam_nav2/build/dynamixel_sdk': /usr/local/bin/cmake --build /home/nvidia/workspace/alan/src/AMR_ros2_slam_nav2/build/dynamixel_sdk -- -j8 -l8
[4.283s] [35m[1mScanning dependencies of target dynamixel_sdk[0m
[4.324s] [ 10%] [32mBuilding CXX object CMakeFiles/dynamixel_sdk.dir/src/dynamixel_sdk/packet_handler.cpp.o[0m
[4.586s] [ 20%] [32mBuilding CXX object CMakeFiles/dynamixel_sdk.dir/src/dynamixel_sdk/port_handler.cpp.o[0m
[4.662s] [ 30%] [32mBuilding CXX object CMakeFiles/dynamixel_sdk.dir/src/dynamixel_sdk/port_handler_linux.cpp.o[0m
[4.831s] [ 40%] [32mBuilding CXX object CMakeFiles/dynamixel_sdk.dir/src/dynamixel_sdk/group_bulk_write.cpp.o[0m
[6.285s] [ 50%] [32mBuilding CXX object CMakeFiles/dynamixel_sdk.dir/src/dynamixel_sdk/group_bulk_read.cpp.o[0m
[7.978s] [ 60%] [32mBuilding CXX object CMakeFiles/dynamixel_sdk.dir/src/dynamixel_sdk/group_sync_write.cpp.o[0m
[9.288s] [ 70%] [32mBuilding CXX object CMakeFiles/dynamixel_sdk.dir/src/dynamixel_sdk/group_sync_read.cpp.o[0m
[10.553s] [ 80%] [32mBuilding CXX object CMakeFiles/dynamixel_sdk.dir/src/dynamixel_sdk/protocol2_packet_handler.cpp.o[0m
[11.169s] [ 90%] [32mBuilding CXX object CMakeFiles/dynamixel_sdk.dir/src/dynamixel_sdk/protocol1_packet_handler.cpp.o[0m
[11.653s] [100%] [32m[1mLinking CXX shared library libdynamixel_sdk.so[0m
[11.871s] [100%] Built target dynamixel_sdk
[11.892s] Invoked command in '/home/nvidia/workspace/alan/src/AMR_ros2_slam_nav2/build/dynamixel_sdk' returned '0': /usr/local/bin/cmake --build /home/nvidia/workspace/alan/src/AMR_ros2_slam_nav2/build/dynamixel_sdk -- -j8 -l8
[12.030s] Invoking command in '/home/nvidia/workspace/alan/src/AMR_ros2_slam_nav2/build/dynamixel_sdk': /usr/local/bin/cmake --install /home/nvidia/workspace/alan/src/AMR_ros2_slam_nav2/build/dynamixel_sdk
[12.049s] -- Install configuration: ""
[12.050s] -- Installing: /home/nvidia/workspace/alan/src/AMR_ros2_slam_nav2/install/dynamixel_sdk/include/
[12.050s] -- Installing: /home/nvidia/workspace/alan/src/AMR_ros2_slam_nav2/install/dynamixel_sdk/include//dynamixel_sdk
[12.051s] -- Installing: /home/nvidia/workspace/alan/src/AMR_ros2_slam_nav2/install/dynamixel_sdk/include//dynamixel_sdk/group_bulk_read.h
[12.051s] -- Installing: /home/nvidia/workspace/alan/src/AMR_ros2_slam_nav2/install/dynamixel_sdk/include//dynamixel_sdk/group_bulk_write.h
[12.052s] -- Installing: /home/nvidia/workspace/alan/src/AMR_ros2_slam_nav2/install/dynamixel_sdk/include//dynamixel_sdk/protocol1_packet_handler.h
[12.052s] -- Installing: /home/nvidia/workspace/alan/src/AMR_ros2_slam_nav2/install/dynamixel_sdk/include//dynamixel_sdk/packet_handler.h
[12.052s] -- Installing: /home/nvidia/workspace/alan/src/AMR_ros2_slam_nav2/install/dynamixel_sdk/include//dynamixel_sdk/port_handler.h
[12.053s] -- Installing: /home/nvidia/workspace/alan/src/AMR_ros2_slam_nav2/install/dynamixel_sdk/include//dynamixel_sdk/group_sync_write.h
[12.053s] -- Installing: /home/nvidia/workspace/alan/src/AMR_ros2_slam_nav2/install/dynamixel_sdk/include//dynamixel_sdk/protocol2_packet_handler.h
[12.054s] -- Installing: /home/nvidia/workspace/alan/src/AMR_ros2_slam_nav2/install/dynamixel_sdk/include//dynamixel_sdk/port_handler_windows.h
[12.054s] -- Installing: /home/nvidia/workspace/alan/src/AMR_ros2_slam_nav2/install/dynamixel_sdk/include//dynamixel_sdk/port_handler_linux.h
[12.054s] -- Installing: /home/nvidia/workspace/alan/src/AMR_ros2_slam_nav2/install/dynamixel_sdk/include//dynamixel_sdk/port_handler_arduino.h
[12.055s] -- Installing: /home/nvidia/workspace/alan/src/AMR_ros2_slam_nav2/install/dynamixel_sdk/include//dynamixel_sdk/port_handler_mac.h
[12.055s] -- Installing: /home/nvidia/workspace/alan/src/AMR_ros2_slam_nav2/install/dynamixel_sdk/include//dynamixel_sdk/dynamixel_sdk.h
[12.055s] -- Installing: /home/nvidia/workspace/alan/src/AMR_ros2_slam_nav2/install/dynamixel_sdk/include//dynamixel_sdk/group_sync_read.h
[12.056s] -- Installing: /home/nvidia/workspace/alan/src/AMR_ros2_slam_nav2/install/dynamixel_sdk/lib/libdynamixel_sdk.so
[12.059s] -- Installing: /home/nvidia/workspace/alan/src/AMR_ros2_slam_nav2/install/dynamixel_sdk/share/dynamixel_sdk/environment/library_path.sh
[12.060s] -- Installing: /home/nvidia/workspace/alan/src/AMR_ros2_slam_nav2/install/dynamixel_sdk/share/dynamixel_sdk/environment/library_path.dsv
[12.061s] -- Installing: /home/nvidia/workspace/alan/src/AMR_ros2_slam_nav2/install/dynamixel_sdk/share/ament_index/resource_index/package_run_dependencies/dynamixel_sdk
[12.062s] -- Installing: /home/nvidia/workspace/alan/src/AMR_ros2_slam_nav2/install/dynamixel_sdk/share/ament_index/resource_index/parent_prefix_path/dynamixel_sdk
[12.063s] -- Installing: /home/nvidia/workspace/alan/src/AMR_ros2_slam_nav2/install/dynamixel_sdk/share/dynamixel_sdk/environment/ament_prefix_path.sh
[12.065s] -- Installing: /home/nvidia/workspace/alan/src/AMR_ros2_slam_nav2/install/dynamixel_sdk/share/dynamixel_sdk/environment/ament_prefix_path.dsv
[12.066s] -- Installing: /home/nvidia/workspace/alan/src/AMR_ros2_slam_nav2/install/dynamixel_sdk/share/dynamixel_sdk/environment/path.sh
[12.066s] -- Installing: /home/nvidia/workspace/alan/src/AMR_ros2_slam_nav2/install/dynamixel_sdk/share/dynamixel_sdk/environment/path.dsv
[12.066s] -- Installing: /home/nvidia/workspace/alan/src/AMR_ros2_slam_nav2/install/dynamixel_sdk/share/dynamixel_sdk/local_setup.bash
[12.067s] -- Installing: /home/nvidia/workspace/alan/src/AMR_ros2_slam_nav2/install/dynamixel_sdk/share/dynamixel_sdk/local_setup.sh
[12.068s] -- Installing: /home/nvidia/workspace/alan/src/AMR_ros2_slam_nav2/install/dynamixel_sdk/share/dynamixel_sdk/local_setup.zsh
[12.069s] -- Installing: /home/nvidia/workspace/alan/src/AMR_ros2_slam_nav2/install/dynamixel_sdk/share/dynamixel_sdk/local_setup.dsv
[12.070s] -- Installing: /home/nvidia/workspace/alan/src/AMR_ros2_slam_nav2/install/dynamixel_sdk/share/dynamixel_sdk/package.dsv
[12.071s] -- Installing: /home/nvidia/workspace/alan/src/AMR_ros2_slam_nav2/install/dynamixel_sdk/share/ament_index/resource_index/packages/dynamixel_sdk
[12.072s] -- Installing: /home/nvidia/workspace/alan/src/AMR_ros2_slam_nav2/install/dynamixel_sdk/share/dynamixel_sdk/cmake/ament_cmake_export_include_directories-extras.cmake
[12.073s] -- Installing: /home/nvidia/workspace/alan/src/AMR_ros2_slam_nav2/install/dynamixel_sdk/share/dynamixel_sdk/cmake/ament_cmake_export_libraries-extras.cmake
[12.074s] -- Installing: /home/nvidia/workspace/alan/src/AMR_ros2_slam_nav2/install/dynamixel_sdk/share/dynamixel_sdk/cmake/dynamixel_sdkConfig.cmake
[12.075s] -- Installing: /home/nvidia/workspace/alan/src/AMR_ros2_slam_nav2/install/dynamixel_sdk/share/dynamixel_sdk/cmake/dynamixel_sdkConfig-version.cmake
[12.077s] -- Installing: /home/nvidia/workspace/alan/src/AMR_ros2_slam_nav2/install/dynamixel_sdk/share/dynamixel_sdk/package.xml
[12.095s] Invoked command in '/home/nvidia/workspace/alan/src/AMR_ros2_slam_nav2/build/dynamixel_sdk' returned '0': /usr/local/bin/cmake --install /home/nvidia/workspace/alan/src/AMR_ros2_slam_nav2/build/dynamixel_sdk
