[  1%] Built target pcl_msgs__cpp
[ 12%] Built target pcl_msgs__rosidl_generator_c
[ 23%] Built target pcl_msgs__rosidl_typesupport_introspection_cpp
[ 34%] Built target pcl_msgs__rosidl_typesupport_c
[ 46%] Built target pcl_msgs__rosidl_typesupport_introspection_c
[ 57%] Built target pcl_msgs__rosidl_typesupport_cpp
[ 68%] Built target pcl_msgs__rosidl_typesupport_fastrtps_cpp
[ 79%] Built target pcl_msgs__rosidl_typesupport_fastrtps_c
[ 79%] Built target pcl_msgs
[ 80%] Built target pcl_msgs__py
[ 90%] Built target pcl_msgs__python
[ 93%] Built target pcl_msgs__rosidl_typesupport_c__pyext
[ 96%] Built target pcl_msgs__rosidl_typesupport_introspection_c__pyext
[100%] Built target pcl_msgs__rosidl_typesupport_fastrtps_c__pyext
-- Install configuration: ""
-- Up-to-date: /home/nvidia/workspace/alan/src/AMR_ros2_slam_nav2/install/pcl_msgs/share/ament_index/resource_index/rosidl_interfaces/pcl_msgs
-- Up-to-date: /home/nvidia/workspace/alan/src/AMR_ros2_slam_nav2/install/pcl_msgs/include/pcl_msgs
-- Up-to-date: /home/nvidia/workspace/alan/src/AMR_ros2_slam_nav2/install/pcl_msgs/include/pcl_msgs/srv
-- Up-to-date: /home/nvidia/workspace/alan/src/AMR_ros2_slam_nav2/install/pcl_msgs/include/pcl_msgs/srv/update_filename.h
-- Up-to-date: /home/nvidia/workspace/alan/src/AMR_ros2_slam_nav2/install/pcl_msgs/include/pcl_msgs/srv/detail
-- Up-to-date: /home/nvidia/workspace/alan/src/AMR_ros2_slam_nav2/install/pcl_msgs/include/pcl_msgs/srv/detail/update_filename__functions.h
-- Up-to-date: /home/nvidia/workspace/alan/src/AMR_ros2_slam_nav2/install/pcl_msgs/include/pcl_msgs/srv/detail/update_filename__functions.c
-- Up-to-date: /home/nvidia/workspace/alan/src/AMR_ros2_slam_nav2/install/pcl_msgs/include/pcl_msgs/srv/detail/update_filename__type_support.h
-- Up-to-date: /home/nvidia/workspace/alan/src/AMR_ros2_slam_nav2/install/pcl_msgs/include/pcl_msgs/srv/detail/update_filename__struct.h
-- Up-to-date: /home/nvidia/workspace/alan/src/AMR_ros2_slam_nav2/install/pcl_msgs/include/pcl_msgs/msg
-- Up-to-date: /home/nvidia/workspace/alan/src/AMR_ros2_slam_nav2/install/pcl_msgs/include/pcl_msgs/msg/model_coefficients.h
-- Up-to-date: /home/nvidia/workspace/alan/src/AMR_ros2_slam_nav2/install/pcl_msgs/include/pcl_msgs/msg/vertices.h
-- Up-to-date: /home/nvidia/workspace/alan/src/AMR_ros2_slam_nav2/install/pcl_msgs/include/pcl_msgs/msg/detail
-- Up-to-date: /home/nvidia/workspace/alan/src/AMR_ros2_slam_nav2/install/pcl_msgs/include/pcl_msgs/msg/detail/point_indices__functions.c
-- Up-to-date: /home/nvidia/workspace/alan/src/AMR_ros2_slam_nav2/install/pcl_msgs/include/pcl_msgs/msg/detail/vertices__functions.c
-- Up-to-date: /home/nvidia/workspace/alan/src/AMR_ros2_slam_nav2/install/pcl_msgs/include/pcl_msgs/msg/detail/vertices__functions.h
-- Up-to-date: /home/nvidia/workspace/alan/src/AMR_ros2_slam_nav2/install/pcl_msgs/include/pcl_msgs/msg/detail/model_coefficients__functions.c
-- Up-to-date: /home/nvidia/workspace/alan/src/AMR_ros2_slam_nav2/install/pcl_msgs/include/pcl_msgs/msg/detail/polygon_mesh__functions.c
-- Up-to-date: /home/nvidia/workspace/alan/src/AMR_ros2_slam_nav2/install/pcl_msgs/include/pcl_msgs/msg/detail/polygon_mesh__struct.h
-- Up-to-date: /home/nvidia/workspace/alan/src/AMR_ros2_slam_nav2/install/pcl_msgs/include/pcl_msgs/msg/detail/model_coefficients__type_support.h
-- Up-to-date: /home/nvidia/workspace/alan/src/AMR_ros2_slam_nav2/install/pcl_msgs/include/pcl_msgs/msg/detail/vertices__struct.h
-- Up-to-date: /home/nvidia/workspace/alan/src/AMR_ros2_slam_nav2/install/pcl_msgs/include/pcl_msgs/msg/detail/polygon_mesh__functions.h
-- Up-to-date: /home/nvidia/workspace/alan/src/AMR_ros2_slam_nav2/install/pcl_msgs/include/pcl_msgs/msg/detail/point_indices__type_support.h
-- Up-to-date: /home/nvidia/workspace/alan/src/AMR_ros2_slam_nav2/install/pcl_msgs/include/pcl_msgs/msg/detail/polygon_mesh__type_support.h
-- Up-to-date: /home/nvidia/workspace/alan/src/AMR_ros2_slam_nav2/install/pcl_msgs/include/pcl_msgs/msg/detail/vertices__type_support.h
-- Up-to-date: /home/nvidia/workspace/alan/src/AMR_ros2_slam_nav2/install/pcl_msgs/include/pcl_msgs/msg/detail/point_indices__functions.h
-- Up-to-date: /home/nvidia/workspace/alan/src/AMR_ros2_slam_nav2/install/pcl_msgs/include/pcl_msgs/msg/detail/model_coefficients__struct.h
-- Up-to-date: /home/nvidia/workspace/alan/src/AMR_ros2_slam_nav2/install/pcl_msgs/include/pcl_msgs/msg/detail/point_indices__struct.h
-- Up-to-date: /home/nvidia/workspace/alan/src/AMR_ros2_slam_nav2/install/pcl_msgs/include/pcl_msgs/msg/detail/model_coefficients__functions.h
-- Up-to-date: /home/nvidia/workspace/alan/src/AMR_ros2_slam_nav2/install/pcl_msgs/include/pcl_msgs/msg/rosidl_generator_c__visibility_control.h
-- Up-to-date: /home/nvidia/workspace/alan/src/AMR_ros2_slam_nav2/install/pcl_msgs/include/pcl_msgs/msg/polygon_mesh.h
-- Up-to-date: /home/nvidia/workspace/alan/src/AMR_ros2_slam_nav2/install/pcl_msgs/include/pcl_msgs/msg/point_indices.h
-- Up-to-date: /home/nvidia/workspace/alan/src/AMR_ros2_slam_nav2/install/pcl_msgs/share/pcl_msgs/environment/library_path.sh
-- Up-to-date: /home/nvidia/workspace/alan/src/AMR_ros2_slam_nav2/install/pcl_msgs/share/pcl_msgs/environment/library_path.dsv
-- Up-to-date: /home/nvidia/workspace/alan/src/AMR_ros2_slam_nav2/install/pcl_msgs/lib/libpcl_msgs__rosidl_generator_c.so
-- Up-to-date: /home/nvidia/workspace/alan/src/AMR_ros2_slam_nav2/install/pcl_msgs/include/pcl_msgs
-- Up-to-date: /home/nvidia/workspace/alan/src/AMR_ros2_slam_nav2/install/pcl_msgs/include/pcl_msgs/srv
-- Up-to-date: /home/nvidia/workspace/alan/src/AMR_ros2_slam_nav2/install/pcl_msgs/include/pcl_msgs/srv/detail
-- Up-to-date: /home/nvidia/workspace/alan/src/AMR_ros2_slam_nav2/install/pcl_msgs/include/pcl_msgs/srv/detail/update_filename__rosidl_typesupport_fastrtps_c.h
-- Up-to-date: /home/nvidia/workspace/alan/src/AMR_ros2_slam_nav2/install/pcl_msgs/include/pcl_msgs/msg
-- Up-to-date: /home/nvidia/workspace/alan/src/AMR_ros2_slam_nav2/install/pcl_msgs/include/pcl_msgs/msg/detail
-- Up-to-date: /home/nvidia/workspace/alan/src/AMR_ros2_slam_nav2/install/pcl_msgs/include/pcl_msgs/msg/detail/model_coefficients__rosidl_typesupport_fastrtps_c.h
-- Up-to-date: /home/nvidia/workspace/alan/src/AMR_ros2_slam_nav2/install/pcl_msgs/include/pcl_msgs/msg/detail/vertices__rosidl_typesupport_fastrtps_c.h
-- Up-to-date: /home/nvidia/workspace/alan/src/AMR_ros2_slam_nav2/install/pcl_msgs/include/pcl_msgs/msg/detail/polygon_mesh__rosidl_typesupport_fastrtps_c.h
-- Up-to-date: /home/nvidia/workspace/alan/src/AMR_ros2_slam_nav2/install/pcl_msgs/include/pcl_msgs/msg/detail/point_indices__rosidl_typesupport_fastrtps_c.h
-- Up-to-date: /home/nvidia/workspace/alan/src/AMR_ros2_slam_nav2/install/pcl_msgs/include/pcl_msgs/msg/rosidl_typesupport_fastrtps_c__visibility_control.h
-- Up-to-date: /home/nvidia/workspace/alan/src/AMR_ros2_slam_nav2/install/pcl_msgs/lib/libpcl_msgs__rosidl_typesupport_fastrtps_c.so
-- Up-to-date: /home/nvidia/workspace/alan/src/AMR_ros2_slam_nav2/install/pcl_msgs/include/pcl_msgs
-- Up-to-date: /home/nvidia/workspace/alan/src/AMR_ros2_slam_nav2/install/pcl_msgs/include/pcl_msgs/srv
-- Up-to-date: /home/nvidia/workspace/alan/src/AMR_ros2_slam_nav2/install/pcl_msgs/include/pcl_msgs/srv/detail
-- Up-to-date: /home/nvidia/workspace/alan/src/AMR_ros2_slam_nav2/install/pcl_msgs/include/pcl_msgs/srv/detail/dds_fastrtps
-- Up-to-date: /home/nvidia/workspace/alan/src/AMR_ros2_slam_nav2/install/pcl_msgs/include/pcl_msgs/srv/detail/update_filename__rosidl_typesupport_fastrtps_cpp.hpp
-- Up-to-date: /home/nvidia/workspace/alan/src/AMR_ros2_slam_nav2/install/pcl_msgs/include/pcl_msgs/msg
-- Up-to-date: /home/nvidia/workspace/alan/src/AMR_ros2_slam_nav2/install/pcl_msgs/include/pcl_msgs/msg/detail
-- Up-to-date: /home/nvidia/workspace/alan/src/AMR_ros2_slam_nav2/install/pcl_msgs/include/pcl_msgs/msg/detail/model_coefficients__rosidl_typesupport_fastrtps_cpp.hpp
-- Up-to-date: /home/nvidia/workspace/alan/src/AMR_ros2_slam_nav2/install/pcl_msgs/include/pcl_msgs/msg/detail/vertices__rosidl_typesupport_fastrtps_cpp.hpp
-- Up-to-date: /home/nvidia/workspace/alan/src/AMR_ros2_slam_nav2/install/pcl_msgs/include/pcl_msgs/msg/detail/point_indices__rosidl_typesupport_fastrtps_cpp.hpp
-- Up-to-date: /home/nvidia/workspace/alan/src/AMR_ros2_slam_nav2/install/pcl_msgs/include/pcl_msgs/msg/detail/dds_fastrtps
-- Up-to-date: /home/nvidia/workspace/alan/src/AMR_ros2_slam_nav2/install/pcl_msgs/include/pcl_msgs/msg/detail/polygon_mesh__rosidl_typesupport_fastrtps_cpp.hpp
-- Up-to-date: /home/nvidia/workspace/alan/src/AMR_ros2_slam_nav2/install/pcl_msgs/include/pcl_msgs/msg/rosidl_typesupport_fastrtps_cpp__visibility_control.h
-- Up-to-date: /home/nvidia/workspace/alan/src/AMR_ros2_slam_nav2/install/pcl_msgs/lib/libpcl_msgs__rosidl_typesupport_fastrtps_cpp.so
-- Up-to-date: /home/nvidia/workspace/alan/src/AMR_ros2_slam_nav2/install/pcl_msgs/include/pcl_msgs
-- Up-to-date: /home/nvidia/workspace/alan/src/AMR_ros2_slam_nav2/install/pcl_msgs/include/pcl_msgs/srv
-- Up-to-date: /home/nvidia/workspace/alan/src/AMR_ros2_slam_nav2/install/pcl_msgs/include/pcl_msgs/srv/detail
-- Up-to-date: /home/nvidia/workspace/alan/src/AMR_ros2_slam_nav2/install/pcl_msgs/include/pcl_msgs/srv/detail/update_filename__type_support.c
-- Up-to-date: /home/nvidia/workspace/alan/src/AMR_ros2_slam_nav2/install/pcl_msgs/include/pcl_msgs/srv/detail/update_filename__rosidl_typesupport_introspection_c.h
-- Up-to-date: /home/nvidia/workspace/alan/src/AMR_ros2_slam_nav2/install/pcl_msgs/include/pcl_msgs/msg
-- Up-to-date: /home/nvidia/workspace/alan/src/AMR_ros2_slam_nav2/install/pcl_msgs/include/pcl_msgs/msg/detail
-- Up-to-date: /home/nvidia/workspace/alan/src/AMR_ros2_slam_nav2/install/pcl_msgs/include/pcl_msgs/msg/detail/polygon_mesh__rosidl_typesupport_introspection_c.h
-- Up-to-date: /home/nvidia/workspace/alan/src/AMR_ros2_slam_nav2/install/pcl_msgs/include/pcl_msgs/msg/detail/model_coefficients__rosidl_typesupport_introspection_c.h
-- Up-to-date: /home/nvidia/workspace/alan/src/AMR_ros2_slam_nav2/install/pcl_msgs/include/pcl_msgs/msg/detail/model_coefficients__type_support.c
-- Up-to-date: /home/nvidia/workspace/alan/src/AMR_ros2_slam_nav2/install/pcl_msgs/include/pcl_msgs/msg/detail/polygon_mesh__type_support.c
-- Up-to-date: /home/nvidia/workspace/alan/src/AMR_ros2_slam_nav2/install/pcl_msgs/include/pcl_msgs/msg/detail/vertices__rosidl_typesupport_introspection_c.h
-- Up-to-date: /home/nvidia/workspace/alan/src/AMR_ros2_slam_nav2/install/pcl_msgs/include/pcl_msgs/msg/detail/point_indices__rosidl_typesupport_introspection_c.h
-- Up-to-date: /home/nvidia/workspace/alan/src/AMR_ros2_slam_nav2/install/pcl_msgs/include/pcl_msgs/msg/detail/point_indices__type_support.c
-- Up-to-date: /home/nvidia/workspace/alan/src/AMR_ros2_slam_nav2/install/pcl_msgs/include/pcl_msgs/msg/detail/vertices__type_support.c
-- Up-to-date: /home/nvidia/workspace/alan/src/AMR_ros2_slam_nav2/install/pcl_msgs/include/pcl_msgs/msg/rosidl_typesupport_introspection_c__visibility_control.h
-- Up-to-date: /home/nvidia/workspace/alan/src/AMR_ros2_slam_nav2/install/pcl_msgs/lib/libpcl_msgs__rosidl_typesupport_introspection_c.so
-- Up-to-date: /home/nvidia/workspace/alan/src/AMR_ros2_slam_nav2/install/pcl_msgs/lib/libpcl_msgs__rosidl_typesupport_c.so
-- Up-to-date: /home/nvidia/workspace/alan/src/AMR_ros2_slam_nav2/install/pcl_msgs/include/pcl_msgs
-- Up-to-date: /home/nvidia/workspace/alan/src/AMR_ros2_slam_nav2/install/pcl_msgs/include/pcl_msgs/srv
-- Up-to-date: /home/nvidia/workspace/alan/src/AMR_ros2_slam_nav2/install/pcl_msgs/include/pcl_msgs/srv/detail
-- Up-to-date: /home/nvidia/workspace/alan/src/AMR_ros2_slam_nav2/install/pcl_msgs/include/pcl_msgs/srv/detail/update_filename__struct.hpp
-- Up-to-date: /home/nvidia/workspace/alan/src/AMR_ros2_slam_nav2/install/pcl_msgs/include/pcl_msgs/srv/detail/update_filename__traits.hpp
-- Up-to-date: /home/nvidia/workspace/alan/src/AMR_ros2_slam_nav2/install/pcl_msgs/include/pcl_msgs/srv/detail/update_filename__builder.hpp
-- Up-to-date: /home/nvidia/workspace/alan/src/AMR_ros2_slam_nav2/install/pcl_msgs/include/pcl_msgs/srv/update_filename.hpp
-- Up-to-date: /home/nvidia/workspace/alan/src/AMR_ros2_slam_nav2/install/pcl_msgs/include/pcl_msgs/msg
-- Up-to-date: /home/nvidia/workspace/alan/src/AMR_ros2_slam_nav2/install/pcl_msgs/include/pcl_msgs/msg/vertices.hpp
-- Up-to-date: /home/nvidia/workspace/alan/src/AMR_ros2_slam_nav2/install/pcl_msgs/include/pcl_msgs/msg/point_indices.hpp
-- Up-to-date: /home/nvidia/workspace/alan/src/AMR_ros2_slam_nav2/install/pcl_msgs/include/pcl_msgs/msg/detail
-- Up-to-date: /home/nvidia/workspace/alan/src/AMR_ros2_slam_nav2/install/pcl_msgs/include/pcl_msgs/msg/detail/polygon_mesh__traits.hpp
-- Up-to-date: /home/nvidia/workspace/alan/src/AMR_ros2_slam_nav2/install/pcl_msgs/include/pcl_msgs/msg/detail/polygon_mesh__struct.hpp
-- Up-to-date: /home/nvidia/workspace/alan/src/AMR_ros2_slam_nav2/install/pcl_msgs/include/pcl_msgs/msg/detail/point_indices__builder.hpp
-- Up-to-date: /home/nvidia/workspace/alan/src/AMR_ros2_slam_nav2/install/pcl_msgs/include/pcl_msgs/msg/detail/model_coefficients__builder.hpp
-- Up-to-date: /home/nvidia/workspace/alan/src/AMR_ros2_slam_nav2/install/pcl_msgs/include/pcl_msgs/msg/detail/model_coefficients__struct.hpp
-- Up-to-date: /home/nvidia/workspace/alan/src/AMR_ros2_slam_nav2/install/pcl_msgs/include/pcl_msgs/msg/detail/point_indices__struct.hpp
-- Up-to-date: /home/nvidia/workspace/alan/src/AMR_ros2_slam_nav2/install/pcl_msgs/include/pcl_msgs/msg/detail/vertices__builder.hpp
-- Up-to-date: /home/nvidia/workspace/alan/src/AMR_ros2_slam_nav2/install/pcl_msgs/include/pcl_msgs/msg/detail/vertices__struct.hpp
-- Up-to-date: /home/nvidia/workspace/alan/src/AMR_ros2_slam_nav2/install/pcl_msgs/include/pcl_msgs/msg/detail/point_indices__traits.hpp
-- Up-to-date: /home/nvidia/workspace/alan/src/AMR_ros2_slam_nav2/install/pcl_msgs/include/pcl_msgs/msg/detail/model_coefficients__traits.hpp
-- Up-to-date: /home/nvidia/workspace/alan/src/AMR_ros2_slam_nav2/install/pcl_msgs/include/pcl_msgs/msg/detail/polygon_mesh__builder.hpp
-- Up-to-date: /home/nvidia/workspace/alan/src/AMR_ros2_slam_nav2/install/pcl_msgs/include/pcl_msgs/msg/detail/vertices__traits.hpp
-- Up-to-date: /home/nvidia/workspace/alan/src/AMR_ros2_slam_nav2/install/pcl_msgs/include/pcl_msgs/msg/polygon_mesh.hpp
-- Up-to-date: /home/nvidia/workspace/alan/src/AMR_ros2_slam_nav2/install/pcl_msgs/include/pcl_msgs/msg/model_coefficients.hpp
-- Up-to-date: /home/nvidia/workspace/alan/src/AMR_ros2_slam_nav2/install/pcl_msgs/include/pcl_msgs
-- Up-to-date: /home/nvidia/workspace/alan/src/AMR_ros2_slam_nav2/install/pcl_msgs/include/pcl_msgs/srv
-- Up-to-date: /home/nvidia/workspace/alan/src/AMR_ros2_slam_nav2/install/pcl_msgs/include/pcl_msgs/srv/detail
-- Up-to-date: /home/nvidia/workspace/alan/src/AMR_ros2_slam_nav2/install/pcl_msgs/include/pcl_msgs/srv/detail/update_filename__rosidl_typesupport_introspection_cpp.hpp
-- Up-to-date: /home/nvidia/workspace/alan/src/AMR_ros2_slam_nav2/install/pcl_msgs/include/pcl_msgs/srv/detail/update_filename__type_support.cpp
-- Up-to-date: /home/nvidia/workspace/alan/src/AMR_ros2_slam_nav2/install/pcl_msgs/include/pcl_msgs/msg
-- Up-to-date: /home/nvidia/workspace/alan/src/AMR_ros2_slam_nav2/install/pcl_msgs/include/pcl_msgs/msg/detail
-- Up-to-date: /home/nvidia/workspace/alan/src/AMR_ros2_slam_nav2/install/pcl_msgs/include/pcl_msgs/msg/detail/vertices__type_support.cpp
-- Up-to-date: /home/nvidia/workspace/alan/src/AMR_ros2_slam_nav2/install/pcl_msgs/include/pcl_msgs/msg/detail/model_coefficients__rosidl_typesupport_introspection_cpp.hpp
-- Up-to-date: /home/nvidia/workspace/alan/src/AMR_ros2_slam_nav2/install/pcl_msgs/include/pcl_msgs/msg/detail/model_coefficients__type_support.cpp
-- Up-to-date: /home/nvidia/workspace/alan/src/AMR_ros2_slam_nav2/install/pcl_msgs/include/pcl_msgs/msg/detail/polygon_mesh__rosidl_typesupport_introspection_cpp.hpp
-- Up-to-date: /home/nvidia/workspace/alan/src/AMR_ros2_slam_nav2/install/pcl_msgs/include/pcl_msgs/msg/detail/point_indices__type_support.cpp
-- Up-to-date: /home/nvidia/workspace/alan/src/AMR_ros2_slam_nav2/install/pcl_msgs/include/pcl_msgs/msg/detail/point_indices__rosidl_typesupport_introspection_cpp.hpp
-- Up-to-date: /home/nvidia/workspace/alan/src/AMR_ros2_slam_nav2/install/pcl_msgs/include/pcl_msgs/msg/detail/vertices__rosidl_typesupport_introspection_cpp.hpp
-- Up-to-date: /home/nvidia/workspace/alan/src/AMR_ros2_slam_nav2/install/pcl_msgs/include/pcl_msgs/msg/detail/polygon_mesh__type_support.cpp
-- Up-to-date: /home/nvidia/workspace/alan/src/AMR_ros2_slam_nav2/install/pcl_msgs/lib/libpcl_msgs__rosidl_typesupport_introspection_cpp.so
-- Up-to-date: /home/nvidia/workspace/alan/src/AMR_ros2_slam_nav2/install/pcl_msgs/lib/libpcl_msgs__rosidl_typesupport_cpp.so
-- Up-to-date: /home/nvidia/workspace/alan/src/AMR_ros2_slam_nav2/install/pcl_msgs/share/pcl_msgs/environment/pythonpath.sh
-- Up-to-date: /home/nvidia/workspace/alan/src/AMR_ros2_slam_nav2/install/pcl_msgs/share/pcl_msgs/environment/pythonpath.dsv
-- Up-to-date: /home/nvidia/workspace/alan/src/AMR_ros2_slam_nav2/install/pcl_msgs/lib/python3.6/site-packages/pcl_msgs/__init__.py
-- Up-to-date: /home/nvidia/workspace/alan/src/AMR_ros2_slam_nav2/install/pcl_msgs/lib/python3.6/site-packages/pcl_msgs/msg
-- Up-to-date: /home/nvidia/workspace/alan/src/AMR_ros2_slam_nav2/install/pcl_msgs/lib/python3.6/site-packages/pcl_msgs/msg/_point_indices.py
-- Up-to-date: /home/nvidia/workspace/alan/src/AMR_ros2_slam_nav2/install/pcl_msgs/lib/python3.6/site-packages/pcl_msgs/msg/__init__.py
-- Up-to-date: /home/nvidia/workspace/alan/src/AMR_ros2_slam_nav2/install/pcl_msgs/lib/python3.6/site-packages/pcl_msgs/msg/_model_coefficients_s.c
-- Up-to-date: /home/nvidia/workspace/alan/src/AMR_ros2_slam_nav2/install/pcl_msgs/lib/python3.6/site-packages/pcl_msgs/msg/_polygon_mesh.py
-- Up-to-date: /home/nvidia/workspace/alan/src/AMR_ros2_slam_nav2/install/pcl_msgs/lib/python3.6/site-packages/pcl_msgs/msg/_vertices.py
-- Up-to-date: /home/nvidia/workspace/alan/src/AMR_ros2_slam_nav2/install/pcl_msgs/lib/python3.6/site-packages/pcl_msgs/msg/_point_indices_s.c
-- Up-to-date: /home/nvidia/workspace/alan/src/AMR_ros2_slam_nav2/install/pcl_msgs/lib/python3.6/site-packages/pcl_msgs/msg/_vertices_s.c
-- Up-to-date: /home/nvidia/workspace/alan/src/AMR_ros2_slam_nav2/install/pcl_msgs/lib/python3.6/site-packages/pcl_msgs/msg/_polygon_mesh_s.c
-- Up-to-date: /home/nvidia/workspace/alan/src/AMR_ros2_slam_nav2/install/pcl_msgs/lib/python3.6/site-packages/pcl_msgs/msg/_model_coefficients.py
-- Up-to-date: /home/nvidia/workspace/alan/src/AMR_ros2_slam_nav2/install/pcl_msgs/lib/python3.6/site-packages/pcl_msgs/srv
-- Up-to-date: /home/nvidia/workspace/alan/src/AMR_ros2_slam_nav2/install/pcl_msgs/lib/python3.6/site-packages/pcl_msgs/srv/__init__.py
-- Up-to-date: /home/nvidia/workspace/alan/src/AMR_ros2_slam_nav2/install/pcl_msgs/lib/python3.6/site-packages/pcl_msgs/srv/_update_filename.py
-- Up-to-date: /home/nvidia/workspace/alan/src/AMR_ros2_slam_nav2/install/pcl_msgs/lib/python3.6/site-packages/pcl_msgs/srv/_update_filename_s.c
-- Up-to-date: /home/nvidia/workspace/alan/src/AMR_ros2_slam_nav2/install/pcl_msgs/lib/python3.6/site-packages/pcl_msgs/pcl_msgs_s__rosidl_typesupport_fastrtps_c.cpython-36m-aarch64-linux-gnu.so
-- Up-to-date: /home/nvidia/workspace/alan/src/AMR_ros2_slam_nav2/install/pcl_msgs/lib/python3.6/site-packages/pcl_msgs/pcl_msgs_s__rosidl_typesupport_introspection_c.cpython-36m-aarch64-linux-gnu.so
-- Up-to-date: /home/nvidia/workspace/alan/src/AMR_ros2_slam_nav2/install/pcl_msgs/lib/python3.6/site-packages/pcl_msgs/pcl_msgs_s__rosidl_typesupport_c.cpython-36m-aarch64-linux-gnu.so
-- Up-to-date: /home/nvidia/workspace/alan/src/AMR_ros2_slam_nav2/install/pcl_msgs/lib/libpcl_msgs__python.so
-- Up-to-date: /home/nvidia/workspace/alan/src/AMR_ros2_slam_nav2/install/pcl_msgs/share/pcl_msgs/msg/ModelCoefficients.idl
-- Up-to-date: /home/nvidia/workspace/alan/src/AMR_ros2_slam_nav2/install/pcl_msgs/share/pcl_msgs/msg/PointIndices.idl
-- Up-to-date: /home/nvidia/workspace/alan/src/AMR_ros2_slam_nav2/install/pcl_msgs/share/pcl_msgs/msg/PolygonMesh.idl
-- Up-to-date: /home/nvidia/workspace/alan/src/AMR_ros2_slam_nav2/install/pcl_msgs/share/pcl_msgs/msg/Vertices.idl
-- Up-to-date: /home/nvidia/workspace/alan/src/AMR_ros2_slam_nav2/install/pcl_msgs/share/pcl_msgs/srv/UpdateFilename.idl
-- Up-to-date: /home/nvidia/workspace/alan/src/AMR_ros2_slam_nav2/install/pcl_msgs/share/pcl_msgs/msg/ModelCoefficients.msg
-- Up-to-date: /home/nvidia/workspace/alan/src/AMR_ros2_slam_nav2/install/pcl_msgs/share/pcl_msgs/msg/PointIndices.msg
-- Up-to-date: /home/nvidia/workspace/alan/src/AMR_ros2_slam_nav2/install/pcl_msgs/share/pcl_msgs/msg/PolygonMesh.msg
-- Up-to-date: /home/nvidia/workspace/alan/src/AMR_ros2_slam_nav2/install/pcl_msgs/share/pcl_msgs/msg/Vertices.msg
-- Up-to-date: /home/nvidia/workspace/alan/src/AMR_ros2_slam_nav2/install/pcl_msgs/share/pcl_msgs/srv/UpdateFilename.srv
-- Up-to-date: /home/nvidia/workspace/alan/src/AMR_ros2_slam_nav2/install/pcl_msgs/share/pcl_msgs/srv/UpdateFilename_Request.msg
-- Up-to-date: /home/nvidia/workspace/alan/src/AMR_ros2_slam_nav2/install/pcl_msgs/share/pcl_msgs/srv/UpdateFilename_Response.msg
-- Up-to-date: /home/nvidia/workspace/alan/src/AMR_ros2_slam_nav2/install/pcl_msgs/share/ament_index/resource_index/package_run_dependencies/pcl_msgs
-- Up-to-date: /home/nvidia/workspace/alan/src/AMR_ros2_slam_nav2/install/pcl_msgs/share/ament_index/resource_index/parent_prefix_path/pcl_msgs
-- Up-to-date: /home/nvidia/workspace/alan/src/AMR_ros2_slam_nav2/install/pcl_msgs/share/pcl_msgs/environment/ament_prefix_path.sh
-- Up-to-date: /home/nvidia/workspace/alan/src/AMR_ros2_slam_nav2/install/pcl_msgs/share/pcl_msgs/environment/ament_prefix_path.dsv
-- Up-to-date: /home/nvidia/workspace/alan/src/AMR_ros2_slam_nav2/install/pcl_msgs/share/pcl_msgs/environment/path.sh
-- Up-to-date: /home/nvidia/workspace/alan/src/AMR_ros2_slam_nav2/install/pcl_msgs/share/pcl_msgs/environment/path.dsv
-- Up-to-date: /home/nvidia/workspace/alan/src/AMR_ros2_slam_nav2/install/pcl_msgs/share/pcl_msgs/local_setup.bash
-- Up-to-date: /home/nvidia/workspace/alan/src/AMR_ros2_slam_nav2/install/pcl_msgs/share/pcl_msgs/local_setup.sh
-- Up-to-date: /home/nvidia/workspace/alan/src/AMR_ros2_slam_nav2/install/pcl_msgs/share/pcl_msgs/local_setup.zsh
-- Up-to-date: /home/nvidia/workspace/alan/src/AMR_ros2_slam_nav2/install/pcl_msgs/share/pcl_msgs/local_setup.dsv
-- Installing: /home/nvidia/workspace/alan/src/AMR_ros2_slam_nav2/install/pcl_msgs/share/pcl_msgs/package.dsv
-- Up-to-date: /home/nvidia/workspace/alan/src/AMR_ros2_slam_nav2/install/pcl_msgs/share/ament_index/resource_index/packages/pcl_msgs
-- Up-to-date: /home/nvidia/workspace/alan/src/AMR_ros2_slam_nav2/install/pcl_msgs/share/pcl_msgs/cmake/pcl_msgs__rosidl_generator_cExport.cmake
-- Up-to-date: /home/nvidia/workspace/alan/src/AMR_ros2_slam_nav2/install/pcl_msgs/share/pcl_msgs/cmake/pcl_msgs__rosidl_generator_cExport-noconfig.cmake
-- Up-to-date: /home/nvidia/workspace/alan/src/AMR_ros2_slam_nav2/install/pcl_msgs/share/pcl_msgs/cmake/pcl_msgs__rosidl_typesupport_introspection_cExport.cmake
-- Up-to-date: /home/nvidia/workspace/alan/src/AMR_ros2_slam_nav2/install/pcl_msgs/share/pcl_msgs/cmake/pcl_msgs__rosidl_typesupport_introspection_cExport-noconfig.cmake
-- Up-to-date: /home/nvidia/workspace/alan/src/AMR_ros2_slam_nav2/install/pcl_msgs/share/pcl_msgs/cmake/pcl_msgs__rosidl_typesupport_cExport.cmake
-- Up-to-date: /home/nvidia/workspace/alan/src/AMR_ros2_slam_nav2/install/pcl_msgs/share/pcl_msgs/cmake/pcl_msgs__rosidl_typesupport_cExport-noconfig.cmake
-- Up-to-date: /home/nvidia/workspace/alan/src/AMR_ros2_slam_nav2/install/pcl_msgs/share/pcl_msgs/cmake/pcl_msgs__rosidl_generator_cppExport.cmake
-- Up-to-date: /home/nvidia/workspace/alan/src/AMR_ros2_slam_nav2/install/pcl_msgs/share/pcl_msgs/cmake/pcl_msgs__rosidl_typesupport_introspection_cppExport.cmake
-- Up-to-date: /home/nvidia/workspace/alan/src/AMR_ros2_slam_nav2/install/pcl_msgs/share/pcl_msgs/cmake/pcl_msgs__rosidl_typesupport_introspection_cppExport-noconfig.cmake
-- Up-to-date: /home/nvidia/workspace/alan/src/AMR_ros2_slam_nav2/install/pcl_msgs/share/pcl_msgs/cmake/pcl_msgs__rosidl_typesupport_cppExport.cmake
-- Up-to-date: /home/nvidia/workspace/alan/src/AMR_ros2_slam_nav2/install/pcl_msgs/share/pcl_msgs/cmake/pcl_msgs__rosidl_typesupport_cppExport-noconfig.cmake
-- Up-to-date: /home/nvidia/workspace/alan/src/AMR_ros2_slam_nav2/install/pcl_msgs/share/pcl_msgs/cmake/rosidl_cmake-extras.cmake
-- Up-to-date: /home/nvidia/workspace/alan/src/AMR_ros2_slam_nav2/install/pcl_msgs/share/pcl_msgs/cmake/ament_cmake_export_dependencies-extras.cmake
-- Up-to-date: /home/nvidia/workspace/alan/src/AMR_ros2_slam_nav2/install/pcl_msgs/share/pcl_msgs/cmake/ament_cmake_export_libraries-extras.cmake
-- Up-to-date: /home/nvidia/workspace/alan/src/AMR_ros2_slam_nav2/install/pcl_msgs/share/pcl_msgs/cmake/ament_cmake_export_targets-extras.cmake
-- Up-to-date: /home/nvidia/workspace/alan/src/AMR_ros2_slam_nav2/install/pcl_msgs/share/pcl_msgs/cmake/ament_cmake_export_include_directories-extras.cmake
-- Up-to-date: /home/nvidia/workspace/alan/src/AMR_ros2_slam_nav2/install/pcl_msgs/share/pcl_msgs/cmake/rosidl_cmake_export_typesupport_libraries-extras.cmake
-- Up-to-date: /home/nvidia/workspace/alan/src/AMR_ros2_slam_nav2/install/pcl_msgs/share/pcl_msgs/cmake/rosidl_cmake_export_typesupport_targets-extras.cmake
-- Up-to-date: /home/nvidia/workspace/alan/src/AMR_ros2_slam_nav2/install/pcl_msgs/share/pcl_msgs/cmake/pcl_msgsConfig.cmake
-- Up-to-date: /home/nvidia/workspace/alan/src/AMR_ros2_slam_nav2/install/pcl_msgs/share/pcl_msgs/cmake/pcl_msgsConfig-version.cmake
-- Up-to-date: /home/nvidia/workspace/alan/src/AMR_ros2_slam_nav2/install/pcl_msgs/share/pcl_msgs/package.xml
