-- The C compiler identification is GNU 7.5.0
-- The CXX compiler identification is GNU 7.5.0
-- Check for working C compiler: /usr/bin/cc
-- Check for working C compiler: /usr/bin/cc -- works
-- Detecting C compiler ABI info
-- Detecting C compiler ABI info - done
-- Detecting C compile features
-- Detecting C compile features - done
-- Check for working CXX compiler: /usr/bin/c++
-- Check for working CXX compiler: /usr/bin/c++ -- works
-- Detecting CXX compiler ABI info
-- Detecting CXX compiler ABI info - done
-- Detecting CXX compile features
-- Detecting CXX compile features - done
-- Found ament_cmake: 0.9.9 (/home/workspace/ros2/install/share/ament_cmake/cmake)
-- Found PythonInterp: /usr/bin/python3 (found suitable version "3.6.9", minimum required is "3") 
-- Using PYTHON_EXECUTABLE: /usr/bin/python3
-- Found geometry_msgs: 2.0.4 (/home/workspace/ros2/install/share/geometry_msgs/cmake)
-- Using all available rosidl_typesupport_c: rosidl_typesupport_fastrtps_c;rosidl_typesupport_introspection_c
-- Found rosidl_adapter: 1.2.1 (/home/workspace/ros2/install/share/rosidl_adapter/cmake)
-- Found OpenSSL: /usr/lib/aarch64-linux-gnu/libcrypto.so (found version "1.1.1")  
-- Found FastRTPS: /home/workspace/ros2/install/include  
-- Using all available rosidl_typesupport_cpp: rosidl_typesupport_fastrtps_cpp;rosidl_typesupport_introspection_cpp
-- Found laser_geometry: 2.2.0 (/home/workspace/ros2/install/share/laser_geometry/cmake)
-- Found map_msgs: 2.0.2 (/home/workspace/ros2/install/share/map_msgs/cmake)
-- Found message_filters: 3.2.5 (/home/workspace/ros2/install/share/message_filters/cmake)
-- Found nav2_common: 0.4.7 (/home/nvidia/workspace/alan/src/AMR_ros2_slam_nav2/install/nav2_common/share/nav2_common/cmake)
-- Found nav2_msgs: 0.4.7 (/home/nvidia/workspace/alan/src/AMR_ros2_slam_nav2/install/nav2_msgs/share/nav2_msgs/cmake)
-- Found nav2_util: 0.4.7 (/home/nvidia/workspace/alan/src/AMR_ros2_slam_nav2/install/nav2_util/share/nav2_util/cmake)
-- Found rmw_implementation_cmake: 1.0.3 (/home/workspace/ros2/install/share/rmw_implementation_cmake/cmake)
-- Using RMW implementation 'rmw_fastrtps_cpp' as default
-- Looking for pthread.h
-- Looking for pthread.h - found
-- Performing Test CMAKE_HAVE_LIBC_PTHREAD
-- Performing Test CMAKE_HAVE_LIBC_PTHREAD - Failed
-- Looking for pthread_create in pthreads
-- Looking for pthread_create in pthreads - not found
-- Looking for pthread_create in pthread
-- Looking for pthread_create in pthread - found
-- Found Threads: TRUE  
-- Found Eigen3: TRUE (found version "3.3.4") 
-- Found nav2_voxel_grid: 0.4.7 (/home/nvidia/workspace/alan/src/AMR_ros2_slam_nav2/install/nav2_voxel_grid/share/nav2_voxel_grid/cmake)
-- Found pluginlib: 2.5.3 (/home/workspace/ros2/install/share/pluginlib/cmake)
-- Found tf2_sensor_msgs: 0.13.12 (/home/workspace/ros2/install/share/tf2_sensor_msgs/cmake)
-- Found visualization_msgs: 2.0.4 (/home/workspace/ros2/install/share/visualization_msgs/cmake)
-- Setting build type to Release as none was specified.
-- Found ament_lint_auto: 0.9.6 (/home/workspace/ros2/install/share/ament_lint_auto/cmake)
-- Found gtest sources under '/home/workspace/ros2/install/src/gtest_vendor': C++ tests using 'Google Test' will be built
-- Check if compiler accepts -pthread
-- Check if compiler accepts -pthread - yes
-- Found gtest sources under '/home/workspace/ros2/install/src/gtest_vendor': C++ tests using 'Google Test' will be built
-- Added test 'cppcheck' to perform static code analysis on C / C++ code
-- Configured cppcheck include dirs: /home/nvidia/workspace/alan/src/AMR_ros2_slam_nav2/navigation2/nav2_costmap_2d/include
-- Configured cppcheck exclude dirs and/or files: 
-- Added test 'flake8' to check Python code syntax and style conventions
-- Added test 'lint_cmake' to check CMake code style
-- Added test 'pep257' to check Python code against some of the style conventions in PEP 257
-- Added test 'uncrustify' to check C / C++ code style
-- Configured uncrustify additional arguments: 
-- Added test 'xmllint' to check XML markup files
-- Configuring done
-- Generating done
-- Build files have been written to: /home/nvidia/workspace/alan/src/AMR_ros2_slam_nav2/build/nav2_costmap_2d
[35m[1mScanning dependencies of target nav2_costmap_2d_core[0m
[  2%] [32mBuilding CXX object CMakeFiles/nav2_costmap_2d_core.dir/src/array_parser.cpp.o[0m
[  4%] [32mBuilding CXX object CMakeFiles/nav2_costmap_2d_core.dir/src/costmap_2d_publisher.cpp.o[0m
[  6%] [32mBuilding CXX object CMakeFiles/nav2_costmap_2d_core.dir/src/costmap_math.cpp.o[0m
[  8%] [32mBuilding CXX object CMakeFiles/nav2_costmap_2d_core.dir/src/footprint.cpp.o[0m
[ 10%] [32mBuilding CXX object CMakeFiles/nav2_costmap_2d_core.dir/src/costmap_2d_ros.cpp.o[0m
[ 12%] [32mBuilding CXX object CMakeFiles/nav2_costmap_2d_core.dir/src/layered_costmap.cpp.o[0m
[ 14%] [32mBuilding CXX object CMakeFiles/nav2_costmap_2d_core.dir/src/clear_costmap_service.cpp.o[0m
[ 16%] [32mBuilding CXX object CMakeFiles/nav2_costmap_2d_core.dir/src/observation_buffer.cpp.o[0m
[ 18%] [32mBuilding CXX object CMakeFiles/nav2_costmap_2d_core.dir/src/costmap_layer.cpp.o[0m
[ 20%] [32mBuilding CXX object CMakeFiles/nav2_costmap_2d_core.dir/src/layer.cpp.o[0m
[ 22%] [32mBuilding CXX object CMakeFiles/nav2_costmap_2d_core.dir/src/costmap_2d.cpp.o[0m
[ 25%] [32mBuilding CXX object CMakeFiles/nav2_costmap_2d_core.dir/src/footprint_collision_checker.cpp.o[0m
[ 27%] [32m[1mLinking CXX shared library libnav2_costmap_2d_core.so[0m
[ 27%] Built target nav2_costmap_2d_core
[35m[1mScanning dependencies of target gtest_main[0m
[ 29%] [32mBuilding CXX object gtest/CMakeFiles/gtest_main.dir/src/gtest_main.cc.o[0m
[ 31%] [32m[1mLinking CXX static library libgtest_main.a[0m
[ 31%] Built target gtest_main
[35m[1mScanning dependencies of target nav2_costmap_2d_markers[0m
[ 33%] [32mBuilding CXX object CMakeFiles/nav2_costmap_2d_markers.dir/src/costmap_2d_markers.cpp.o[0m
[ 35%] [32m[1mLinking CXX executable nav2_costmap_2d_markers[0m
[ 35%] Built target nav2_costmap_2d_markers
[35m[1mScanning dependencies of target nav2_costmap_2d_client[0m
[ 37%] [32mBuilding CXX object CMakeFiles/nav2_costmap_2d_client.dir/src/footprint_subscriber.cpp.o[0m
[ 39%] [32mBuilding CXX object CMakeFiles/nav2_costmap_2d_client.dir/src/costmap_topic_collision_checker.cpp.o[0m
[ 41%] [32mBuilding CXX object CMakeFiles/nav2_costmap_2d_client.dir/src/costmap_subscriber.cpp.o[0m
[ 43%] [32m[1mLinking CXX shared library libnav2_costmap_2d_client.so[0m
[ 43%] Built target nav2_costmap_2d_client
[35m[1mScanning dependencies of target nav2_costmap_2d_cloud[0m
[ 45%] [32mBuilding CXX object CMakeFiles/nav2_costmap_2d_cloud.dir/src/costmap_2d_cloud.cpp.o[0m
[ 47%] [32m[1mLinking CXX executable nav2_costmap_2d_cloud[0m
[ 47%] Built target nav2_costmap_2d_cloud
[35m[1mScanning dependencies of target layers[0m
[ 50%] [32mBuilding CXX object CMakeFiles/layers.dir/plugins/inflation_layer.cpp.o[0m
[ 52%] [32mBuilding CXX object CMakeFiles/layers.dir/plugins/range_sensor_layer.cpp.o[0m
[ 54%] [32mBuilding CXX object CMakeFiles/layers.dir/plugins/voxel_layer.cpp.o[0m
[ 56%] [32mBuilding CXX object CMakeFiles/layers.dir/src/observation_buffer.cpp.o[0m
[ 58%] [32mBuilding CXX object CMakeFiles/layers.dir/plugins/obstacle_layer.cpp.o[0m
[ 60%] [32mBuilding CXX object CMakeFiles/layers.dir/plugins/static_layer.cpp.o[0m
[ 62%] [32m[1mLinking CXX shared library liblayers.so[0m
[ 62%] Built target layers
[35m[1mScanning dependencies of target gtest[0m
[35m[1mScanning dependencies of target nav2_costmap_2d[0m
[ 64%] [32mBuilding CXX object gtest/CMakeFiles/gtest.dir/src/gtest-all.cc.o[0m
[ 66%] [32mBuilding CXX object CMakeFiles/nav2_costmap_2d.dir/src/costmap_2d_node.cpp.o[0m
[ 68%] [32m[1mLinking CXX executable nav2_costmap_2d[0m
[ 68%] Built target nav2_costmap_2d
[ 70%] [32m[1mLinking CXX static library libgtest.a[0m
[ 70%] Built target gtest
[35m[1mScanning dependencies of target collision_footprint_test[0m
[ 72%] [32mBuilding CXX object test/unit/CMakeFiles/collision_footprint_test.dir/footprint_collision_checker_test.cpp.o[0m
[ 75%] [32m[1mLinking CXX executable collision_footprint_test[0m
[ 75%] Built target collision_footprint_test
[35m[1mScanning dependencies of target range_tests_exec[0m
[ 77%] [32mBuilding CXX object test/integration/CMakeFiles/range_tests_exec.dir/range_tests.cpp.o[0m
[ 79%] [32m[1mLinking CXX executable range_tests_exec[0m
[ 79%] Built target range_tests_exec
[35m[1mScanning dependencies of target test_collision_checker_exec[0m
[35m[1mScanning dependencies of target inflation_tests_exec[0m
[ 81%] [32mBuilding CXX object test/integration/CMakeFiles/test_collision_checker_exec.dir/test_costmap_topic_collision_checker.cpp.o[0m
[ 83%] [32mBuilding CXX object test/integration/CMakeFiles/inflation_tests_exec.dir/inflation_tests.cpp.o[0m
[ 85%] [32m[1mLinking CXX executable inflation_tests_exec[0m
[ 85%] Built target inflation_tests_exec
[35m[1mScanning dependencies of target obstacle_tests_exec[0m
[ 87%] [32mBuilding CXX object test/integration/CMakeFiles/obstacle_tests_exec.dir/obstacle_tests.cpp.o[0m
[ 89%] [32m[1mLinking CXX executable test_collision_checker_exec[0m
[ 89%] Built target test_collision_checker_exec
[ 91%] [32m[1mLinking CXX executable obstacle_tests_exec[0m
[ 91%] Built target obstacle_tests_exec
[35m[1mScanning dependencies of target footprint_tests_exec[0m
[ 93%] [32mBuilding CXX object test/integration/CMakeFiles/footprint_tests_exec.dir/footprint_tests.cpp.o[0m
[ 95%] [32m[1mLinking CXX executable footprint_tests_exec[0m
[ 95%] Built target footprint_tests_exec
[35m[1mScanning dependencies of target array_parser_test[0m
[ 97%] [32mBuilding CXX object test/unit/CMakeFiles/array_parser_test.dir/array_parser_test.cpp.o[0m
[100%] [32m[1mLinking CXX executable array_parser_test[0m
[100%] Built target array_parser_test
-- Install configuration: "Release"
-- Installing: /home/nvidia/workspace/alan/src/AMR_ros2_slam_nav2/install/nav2_costmap_2d/lib/libnav2_costmap_2d_core.so
-- Set runtime path of "/home/nvidia/workspace/alan/src/AMR_ros2_slam_nav2/install/nav2_costmap_2d/lib/libnav2_costmap_2d_core.so" to ""
-- Installing: /home/nvidia/workspace/alan/src/AMR_ros2_slam_nav2/install/nav2_costmap_2d/lib/liblayers.so
-- Set runtime path of "/home/nvidia/workspace/alan/src/AMR_ros2_slam_nav2/install/nav2_costmap_2d/lib/liblayers.so" to ""
-- Installing: /home/nvidia/workspace/alan/src/AMR_ros2_slam_nav2/install/nav2_costmap_2d/lib/libnav2_costmap_2d_client.so
-- Set runtime path of "/home/nvidia/workspace/alan/src/AMR_ros2_slam_nav2/install/nav2_costmap_2d/lib/libnav2_costmap_2d_client.so" to ""
-- Installing: /home/nvidia/workspace/alan/src/AMR_ros2_slam_nav2/install/nav2_costmap_2d/lib/nav2_costmap_2d/nav2_costmap_2d
-- Set runtime path of "/home/nvidia/workspace/alan/src/AMR_ros2_slam_nav2/install/nav2_costmap_2d/lib/nav2_costmap_2d/nav2_costmap_2d" to ""
-- Installing: /home/nvidia/workspace/alan/src/AMR_ros2_slam_nav2/install/nav2_costmap_2d/lib/nav2_costmap_2d/nav2_costmap_2d_markers
-- Set runtime path of "/home/nvidia/workspace/alan/src/AMR_ros2_slam_nav2/install/nav2_costmap_2d/lib/nav2_costmap_2d/nav2_costmap_2d_markers" to ""
-- Installing: /home/nvidia/workspace/alan/src/AMR_ros2_slam_nav2/install/nav2_costmap_2d/lib/nav2_costmap_2d/nav2_costmap_2d_cloud
-- Set runtime path of "/home/nvidia/workspace/alan/src/AMR_ros2_slam_nav2/install/nav2_costmap_2d/lib/nav2_costmap_2d/nav2_costmap_2d_cloud" to ""
-- Installing: /home/nvidia/workspace/alan/src/AMR_ros2_slam_nav2/install/nav2_costmap_2d/share/nav2_costmap_2d/costmap_plugins.xml
-- Installing: /home/nvidia/workspace/alan/src/AMR_ros2_slam_nav2/install/nav2_costmap_2d/include/
-- Installing: /home/nvidia/workspace/alan/src/AMR_ros2_slam_nav2/install/nav2_costmap_2d/include//nav2_costmap_2d
-- Installing: /home/nvidia/workspace/alan/src/AMR_ros2_slam_nav2/install/nav2_costmap_2d/include//nav2_costmap_2d/footprint_subscriber.hpp
-- Installing: /home/nvidia/workspace/alan/src/AMR_ros2_slam_nav2/install/nav2_costmap_2d/include//nav2_costmap_2d/costmap_2d_ros.hpp
-- Installing: /home/nvidia/workspace/alan/src/AMR_ros2_slam_nav2/install/nav2_costmap_2d/include//nav2_costmap_2d/obstacle_layer.hpp
-- Installing: /home/nvidia/workspace/alan/src/AMR_ros2_slam_nav2/install/nav2_costmap_2d/include//nav2_costmap_2d/footprint_collision_checker.hpp
-- Installing: /home/nvidia/workspace/alan/src/AMR_ros2_slam_nav2/install/nav2_costmap_2d/include//nav2_costmap_2d/exceptions.hpp
-- Installing: /home/nvidia/workspace/alan/src/AMR_ros2_slam_nav2/install/nav2_costmap_2d/include//nav2_costmap_2d/costmap_layer.hpp
-- Installing: /home/nvidia/workspace/alan/src/AMR_ros2_slam_nav2/install/nav2_costmap_2d/include//nav2_costmap_2d/layer.hpp
-- Installing: /home/nvidia/workspace/alan/src/AMR_ros2_slam_nav2/install/nav2_costmap_2d/include//nav2_costmap_2d/costmap_topic_collision_checker.hpp
-- Installing: /home/nvidia/workspace/alan/src/AMR_ros2_slam_nav2/install/nav2_costmap_2d/include//nav2_costmap_2d/static_layer.hpp
-- Installing: /home/nvidia/workspace/alan/src/AMR_ros2_slam_nav2/install/nav2_costmap_2d/include//nav2_costmap_2d/footprint.hpp
-- Installing: /home/nvidia/workspace/alan/src/AMR_ros2_slam_nav2/install/nav2_costmap_2d/include//nav2_costmap_2d/range_sensor_layer.hpp
-- Installing: /home/nvidia/workspace/alan/src/AMR_ros2_slam_nav2/install/nav2_costmap_2d/include//nav2_costmap_2d/voxel_layer.hpp
-- Installing: /home/nvidia/workspace/alan/src/AMR_ros2_slam_nav2/install/nav2_costmap_2d/include//nav2_costmap_2d/costmap_2d.hpp
-- Installing: /home/nvidia/workspace/alan/src/AMR_ros2_slam_nav2/install/nav2_costmap_2d/include//nav2_costmap_2d/cost_values.hpp
-- Installing: /home/nvidia/workspace/alan/src/AMR_ros2_slam_nav2/install/nav2_costmap_2d/include//nav2_costmap_2d/observation.hpp
-- Installing: /home/nvidia/workspace/alan/src/AMR_ros2_slam_nav2/install/nav2_costmap_2d/include//nav2_costmap_2d/costmap_2d_publisher.hpp
-- Installing: /home/nvidia/workspace/alan/src/AMR_ros2_slam_nav2/install/nav2_costmap_2d/include//nav2_costmap_2d/inflation_layer.hpp
-- Installing: /home/nvidia/workspace/alan/src/AMR_ros2_slam_nav2/install/nav2_costmap_2d/include//nav2_costmap_2d/costmap_math.hpp
-- Installing: /home/nvidia/workspace/alan/src/AMR_ros2_slam_nav2/install/nav2_costmap_2d/include//nav2_costmap_2d/observation_buffer.hpp
-- Installing: /home/nvidia/workspace/alan/src/AMR_ros2_slam_nav2/install/nav2_costmap_2d/include//nav2_costmap_2d/costmap_subscriber.hpp
-- Installing: /home/nvidia/workspace/alan/src/AMR_ros2_slam_nav2/install/nav2_costmap_2d/include//nav2_costmap_2d/array_parser.hpp
-- Installing: /home/nvidia/workspace/alan/src/AMR_ros2_slam_nav2/install/nav2_costmap_2d/include//nav2_costmap_2d/layered_costmap.hpp
-- Installing: /home/nvidia/workspace/alan/src/AMR_ros2_slam_nav2/install/nav2_costmap_2d/include//nav2_costmap_2d/clear_costmap_service.hpp
-- Installing: /home/nvidia/workspace/alan/src/AMR_ros2_slam_nav2/install/nav2_costmap_2d/share/nav2_costmap_2d/environment/library_path.sh
-- Installing: /home/nvidia/workspace/alan/src/AMR_ros2_slam_nav2/install/nav2_costmap_2d/share/nav2_costmap_2d/environment/library_path.dsv
-- Up-to-date: /home/nvidia/workspace/alan/src/AMR_ros2_slam_nav2/install/nav2_costmap_2d/share/nav2_costmap_2d/costmap_plugins.xml
-- Installing: /home/nvidia/workspace/alan/src/AMR_ros2_slam_nav2/install/nav2_costmap_2d/share/ament_index/resource_index/package_run_dependencies/nav2_costmap_2d
-- Installing: /home/nvidia/workspace/alan/src/AMR_ros2_slam_nav2/install/nav2_costmap_2d/share/ament_index/resource_index/parent_prefix_path/nav2_costmap_2d
-- Installing: /home/nvidia/workspace/alan/src/AMR_ros2_slam_nav2/install/nav2_costmap_2d/share/nav2_costmap_2d/environment/ament_prefix_path.sh
-- Installing: /home/nvidia/workspace/alan/src/AMR_ros2_slam_nav2/install/nav2_costmap_2d/share/nav2_costmap_2d/environment/ament_prefix_path.dsv
-- Installing: /home/nvidia/workspace/alan/src/AMR_ros2_slam_nav2/install/nav2_costmap_2d/share/nav2_costmap_2d/environment/path.sh
-- Installing: /home/nvidia/workspace/alan/src/AMR_ros2_slam_nav2/install/nav2_costmap_2d/share/nav2_costmap_2d/environment/path.dsv
-- Installing: /home/nvidia/workspace/alan/src/AMR_ros2_slam_nav2/install/nav2_costmap_2d/share/nav2_costmap_2d/local_setup.bash
-- Installing: /home/nvidia/workspace/alan/src/AMR_ros2_slam_nav2/install/nav2_costmap_2d/share/nav2_costmap_2d/local_setup.sh
-- Installing: /home/nvidia/workspace/alan/src/AMR_ros2_slam_nav2/install/nav2_costmap_2d/share/nav2_costmap_2d/local_setup.zsh
-- Installing: /home/nvidia/workspace/alan/src/AMR_ros2_slam_nav2/install/nav2_costmap_2d/share/nav2_costmap_2d/local_setup.dsv
-- Installing: /home/nvidia/workspace/alan/src/AMR_ros2_slam_nav2/install/nav2_costmap_2d/share/nav2_costmap_2d/package.dsv
-- Installing: /home/nvidia/workspace/alan/src/AMR_ros2_slam_nav2/install/nav2_costmap_2d/share/ament_index/resource_index/packages/nav2_costmap_2d
-- Installing: /home/nvidia/workspace/alan/src/AMR_ros2_slam_nav2/install/nav2_costmap_2d/share/ament_index/resource_index/nav2_costmap_2d__pluginlib__plugin/nav2_costmap_2d
-- Installing: /home/nvidia/workspace/alan/src/AMR_ros2_slam_nav2/install/nav2_costmap_2d/share/nav2_costmap_2d/cmake/ament_cmake_export_include_directories-extras.cmake
-- Installing: /home/nvidia/workspace/alan/src/AMR_ros2_slam_nav2/install/nav2_costmap_2d/share/nav2_costmap_2d/cmake/ament_cmake_export_libraries-extras.cmake
-- Installing: /home/nvidia/workspace/alan/src/AMR_ros2_slam_nav2/install/nav2_costmap_2d/share/nav2_costmap_2d/cmake/ament_cmake_export_dependencies-extras.cmake
-- Installing: /home/nvidia/workspace/alan/src/AMR_ros2_slam_nav2/install/nav2_costmap_2d/share/nav2_costmap_2d/cmake/ament_cmake_export_definitions-extras.cmake
-- Installing: /home/nvidia/workspace/alan/src/AMR_ros2_slam_nav2/install/nav2_costmap_2d/share/nav2_costmap_2d/cmake/nav2_costmap_2dConfig.cmake
-- Installing: /home/nvidia/workspace/alan/src/AMR_ros2_slam_nav2/install/nav2_costmap_2d/share/nav2_costmap_2d/cmake/nav2_costmap_2dConfig-version.cmake
-- Installing: /home/nvidia/workspace/alan/src/AMR_ros2_slam_nav2/install/nav2_costmap_2d/share/nav2_costmap_2d/package.xml
