-- The C compiler identification is GNU 7.5.0
-- The CXX compiler identification is GNU 7.5.0
-- Check for working C compiler: /usr/bin/cc
-- Check for working C compiler: /usr/bin/cc -- works
-- Detecting C compiler ABI info
-- Detecting C compiler ABI info - done
-- Detecting C compile features
-- Detecting C compile features - done
-- Check for working CXX compiler: /usr/bin/c++
-- Check for working CXX compiler: /usr/bin/c++ -- works
-- Detecting CXX compiler ABI info
-- Detecting CXX compiler ABI info - done
-- Detecting CXX compile features
-- Detecting CXX compile features - done
-- Found ament_cmake: 0.9.9 (/home/workspace/ros2/install/share/ament_cmake/cmake)
-- Found PythonInterp: /usr/bin/python3 (found suitable version "3.6.9", minimum required is "3") 
-- Using PYTHON_EXECUTABLE: /usr/bin/python3
-- Found installed version of Eigen: /usr/lib/cmake/eigen3
-- Found required Ceres dependency: Eigen version 3.3.4 in /usr/include/eigen3
-- Found required Ceres dependency: glog
-- Found installed version of gflags: /usr/lib/aarch64-linux-gnu/cmake/gflags
-- Detected gflags version: 2.2.1
-- Found required Ceres dependency: gflags
-- Found Ceres version: 1.13.0 installed in: /usr/local with components: [LAPACK, SuiteSparse, SparseLinearAlgebraLibrary, CXSparse, SchurSpecializations, C++11, OpenMP]
-- Build type: Release
Files /home/nvidia/workspace/alan/src/AMR_ros2_slam_nav2/build/cartographer_ros/AllFiles.cmake and - differ
-- Found cartographer_ros_msgs: 1.0.9003 (/home/nvidia/workspace/alan/src/AMR_ros2_slam_nav2/install/cartographer_ros_msgs/share/cartographer_ros_msgs/cmake)
-- Using all available rosidl_typesupport_c: rosidl_typesupport_fastrtps_c;rosidl_typesupport_introspection_c
-- Found rosidl_adapter: 1.2.1 (/home/workspace/ros2/install/share/rosidl_adapter/cmake)
-- Found OpenSSL: /usr/lib/aarch64-linux-gnu/libcrypto.so (found version "1.1.1")  
-- Found FastRTPS: /home/workspace/ros2/install/include  
-- Using all available rosidl_typesupport_cpp: rosidl_typesupport_fastrtps_cpp;rosidl_typesupport_introspection_cpp
-- Found nav_msgs: 2.0.4 (/home/workspace/ros2/install/share/nav_msgs/cmake)
-- Found pcl_conversions: 2.4.0 (/home/nvidia/workspace/alan/src/AMR_ros2_slam_nav2/install/pcl_conversions/share/pcl_conversions/cmake)
-- Found rmw_implementation_cmake: 1.0.3 (/home/workspace/ros2/install/share/rmw_implementation_cmake/cmake)
-- Using RMW implementation 'rmw_fastrtps_cpp' as default
-- Looking for pthread.h
-- Looking for pthread.h - found
-- Performing Test CMAKE_HAVE_LIBC_PTHREAD
-- Performing Test CMAKE_HAVE_LIBC_PTHREAD - Failed
-- Looking for pthread_create in pthreads
-- Looking for pthread_create in pthreads - not found
-- Looking for pthread_create in pthread
-- Looking for pthread_create in pthread - found
-- Found Threads: TRUE  
-- Found tf2: 0.13.12 (/home/workspace/ros2/install/share/tf2/cmake)
-- Found tf2_ros: 0.13.12 (/home/workspace/ros2/install/share/tf2_ros/cmake)
-- Found tf2_eigen: 0.13.12 (/home/workspace/ros2/install/share/tf2_eigen/cmake)
-- Found visualization_msgs: 2.0.4 (/home/workspace/ros2/install/share/visualization_msgs/cmake)
-- Found Lua: /usr/lib/aarch64-linux-gnu/liblua5.3.so;/usr/lib/aarch64-linux-gnu/libm.so (found version "5.3.3") 
-- Checking for module 'eigen3'
--   Found eigen3, version 3.3.4
-- Found Eigen: /usr/include/eigen3  
-- Eigen found (include: /usr/include/eigen3, version: 3.3.4)
-- Found Boost: /usr/include (found suitable version "1.65.1", minimum required is "1.40.0") found components: system filesystem thread date_time iostreams serialization chrono atomic regex 
-- looking for PCL_COMMON
-- Found PCL_COMMON: /usr/local/lib/libpcl_common.so  
-- Found PCL: pcl_common;/usr/lib/aarch64-linux-gnu/libboost_system.so;/usr/lib/aarch64-linux-gnu/libboost_filesystem.so;/usr/lib/aarch64-linux-gnu/libboost_thread.so;-lpthread;/usr/lib/aarch64-linux-gnu/libboost_date_time.so;/usr/lib/aarch64-linux-gnu/libboost_iostreams.so;/usr/lib/aarch64-linux-gnu/libboost_serialization.so;/usr/lib/aarch64-linux-gnu/libboost_chrono.so;/usr/lib/aarch64-linux-gnu/libboost_atomic.so;/usr/lib/aarch64-linux-gnu/libboost_regex.so  
-- Found Eigen3: TRUE (found version "3.3.4") 
-- Configuring done
-- Generating done
-- Build files have been written to: /home/nvidia/workspace/alan/src/AMR_ros2_slam_nav2/build/cartographer_ros
[35m[1mScanning dependencies of target cartographer_ros_detect_changes[0m
[  0%] Built target cartographer_ros_detect_changes
[35m[1mScanning dependencies of target cartographer_ros[0m
[  5%] [32mBuilding CXX object CMakeFiles/cartographer_ros.dir/cartographer_ros/map_builder_bridge.cc.o[0m
[ 10%] [32mBuilding CXX object CMakeFiles/cartographer_ros.dir/cartographer_ros/tf_bridge.cc.o[0m
[ 15%] [32mBuilding CXX object CMakeFiles/cartographer_ros.dir/cartographer_ros/sensor_bridge.cc.o[0m
[ 21%] [32mBuilding CXX object CMakeFiles/cartographer_ros.dir/cartographer_ros/ros_log_sink.cc.o[0m
[ 26%] [32mBuilding CXX object CMakeFiles/cartographer_ros.dir/cartographer_ros/submap.cc.o[0m
[ 31%] [32mBuilding CXX object CMakeFiles/cartographer_ros.dir/cartographer_ros/ros_map.cc.o[0m
[ 36%] [32mBuilding CXX object CMakeFiles/cartographer_ros.dir/cartographer_ros/trajectory_options.cc.o[0m
[ 42%] [32mBuilding CXX object CMakeFiles/cartographer_ros.dir/cartographer_ros/time_conversion.cc.o[0m
[ 47%] [32mBuilding CXX object CMakeFiles/cartographer_ros.dir/cartographer_ros/node_options.cc.o[0m
[ 52%] [32mBuilding CXX object CMakeFiles/cartographer_ros.dir/cartographer_ros/node_constants.cc.o[0m
[ 57%] [32mBuilding CXX object CMakeFiles/cartographer_ros.dir/cartographer_ros/node.cc.o[0m
[ 63%] [32mBuilding CXX object CMakeFiles/cartographer_ros.dir/cartographer_ros/msg_conversion.cc.o[0m
[ 68%] [32m[1mLinking CXX static library libcartographer_ros.a[0m
[ 68%] Built target cartographer_ros
[35m[1mScanning dependencies of target occupancy_grid_node[0m
[35m[1mScanning dependencies of target cartographer_node[0m
[35m[1mScanning dependencies of target pbstream_to_ros_map_node[0m
[ 73%] [32mBuilding CXX object cartographer_ros/CMakeFiles/pbstream_to_ros_map_node.dir/pbstream_to_ros_map_main.cc.o[0m
[ 78%] [32mBuilding CXX object cartographer_ros/CMakeFiles/occupancy_grid_node.dir/occupancy_grid_node_main.cc.o[0m
[ 84%] [32mBuilding CXX object cartographer_ros/CMakeFiles/cartographer_node.dir/node_main.cc.o[0m
[ 89%] [32m[1mLinking CXX executable pbstream_to_ros_map_node[0m
[ 89%] Built target pbstream_to_ros_map_node
[ 94%] [32m[1mLinking CXX executable cartographer_node[0m
[ 94%] Built target cartographer_node
[100%] [32m[1mLinking CXX executable occupancy_grid_node[0m
[100%] Built target occupancy_grid_node
-- Install configuration: "Release"
-- Installing: /home/nvidia/workspace/alan/src/AMR_ros2_slam_nav2/install/cartographer_ros/share/cartographer_ros//configuration_files
-- Installing: /home/nvidia/workspace/alan/src/AMR_ros2_slam_nav2/install/cartographer_ros/share/cartographer_ros//configuration_files/backpack_2d_localization.lua
-- Installing: /home/nvidia/workspace/alan/src/AMR_ros2_slam_nav2/install/cartographer_ros/share/cartographer_ros//configuration_files/assets_writer_backpack_2d_ci.lua
-- Installing: /home/nvidia/workspace/alan/src/AMR_ros2_slam_nav2/install/cartographer_ros/share/cartographer_ros//configuration_files/demo_2d.rviz
-- Installing: /home/nvidia/workspace/alan/src/AMR_ros2_slam_nav2/install/cartographer_ros/share/cartographer_ros//configuration_files/transform.lua
-- Installing: /home/nvidia/workspace/alan/src/AMR_ros2_slam_nav2/install/cartographer_ros/share/cartographer_ros//configuration_files/backpack_2d_server.lua
-- Installing: /home/nvidia/workspace/alan/src/AMR_ros2_slam_nav2/install/cartographer_ros/share/cartographer_ros//configuration_files/taurob_tracker.lua
-- Installing: /home/nvidia/workspace/alan/src/AMR_ros2_slam_nav2/install/cartographer_ros/share/cartographer_ros//configuration_files/backpack_2d.lua
-- Installing: /home/nvidia/workspace/alan/src/AMR_ros2_slam_nav2/install/cartographer_ros/share/cartographer_ros//configuration_files/demo_3d.rviz
-- Installing: /home/nvidia/workspace/alan/src/AMR_ros2_slam_nav2/install/cartographer_ros/share/cartographer_ros//configuration_files/backpack_3d_localization.lua
-- Installing: /home/nvidia/workspace/alan/src/AMR_ros2_slam_nav2/install/cartographer_ros/share/cartographer_ros//configuration_files/revo_lds.lua
-- Installing: /home/nvidia/workspace/alan/src/AMR_ros2_slam_nav2/install/cartographer_ros/share/cartographer_ros//configuration_files/pr2.lua
-- Installing: /home/nvidia/workspace/alan/src/AMR_ros2_slam_nav2/install/cartographer_ros/share/cartographer_ros//configuration_files/visualize_pbstream.lua
-- Installing: /home/nvidia/workspace/alan/src/AMR_ros2_slam_nav2/install/cartographer_ros/share/cartographer_ros//configuration_files/backpack_3d.lua
-- Installing: /home/nvidia/workspace/alan/src/AMR_ros2_slam_nav2/install/cartographer_ros/share/cartographer_ros//configuration_files/assets_writer_backpack_2d.lua
-- Installing: /home/nvidia/workspace/alan/src/AMR_ros2_slam_nav2/install/cartographer_ros/share/cartographer_ros//configuration_files/backpack_2d_localization_evaluation.lua
-- Installing: /home/nvidia/workspace/alan/src/AMR_ros2_slam_nav2/install/cartographer_ros/share/cartographer_ros//configuration_files/assets_writer_ros_map.lua
-- Installing: /home/nvidia/workspace/alan/src/AMR_ros2_slam_nav2/install/cartographer_ros/share/cartographer_ros//configuration_files/assets_writer_backpack_3d.lua
-- Installing: /home/nvidia/workspace/alan/src/AMR_ros2_slam_nav2/install/cartographer_ros/lib/libcartographer_ros.a
-- Installing: /home/nvidia/workspace/alan/src/AMR_ros2_slam_nav2/install/cartographer_ros/share/ament_index/resource_index/package_run_dependencies/cartographer_ros
-- Installing: /home/nvidia/workspace/alan/src/AMR_ros2_slam_nav2/install/cartographer_ros/share/ament_index/resource_index/parent_prefix_path/cartographer_ros
-- Installing: /home/nvidia/workspace/alan/src/AMR_ros2_slam_nav2/install/cartographer_ros/share/cartographer_ros/environment/ament_prefix_path.sh
-- Installing: /home/nvidia/workspace/alan/src/AMR_ros2_slam_nav2/install/cartographer_ros/share/cartographer_ros/environment/ament_prefix_path.dsv
-- Installing: /home/nvidia/workspace/alan/src/AMR_ros2_slam_nav2/install/cartographer_ros/share/cartographer_ros/environment/path.sh
-- Installing: /home/nvidia/workspace/alan/src/AMR_ros2_slam_nav2/install/cartographer_ros/share/cartographer_ros/environment/path.dsv
-- Installing: /home/nvidia/workspace/alan/src/AMR_ros2_slam_nav2/install/cartographer_ros/share/cartographer_ros/local_setup.bash
-- Installing: /home/nvidia/workspace/alan/src/AMR_ros2_slam_nav2/install/cartographer_ros/share/cartographer_ros/local_setup.sh
-- Installing: /home/nvidia/workspace/alan/src/AMR_ros2_slam_nav2/install/cartographer_ros/share/cartographer_ros/local_setup.zsh
-- Installing: /home/nvidia/workspace/alan/src/AMR_ros2_slam_nav2/install/cartographer_ros/share/cartographer_ros/local_setup.dsv
-- Installing: /home/nvidia/workspace/alan/src/AMR_ros2_slam_nav2/install/cartographer_ros/share/cartographer_ros/package.dsv
-- Installing: /home/nvidia/workspace/alan/src/AMR_ros2_slam_nav2/install/cartographer_ros/share/ament_index/resource_index/packages/cartographer_ros
-- Installing: /home/nvidia/workspace/alan/src/AMR_ros2_slam_nav2/install/cartographer_ros/share/cartographer_ros/cmake/cartographer_rosConfig.cmake
-- Installing: /home/nvidia/workspace/alan/src/AMR_ros2_slam_nav2/install/cartographer_ros/share/cartographer_ros/cmake/cartographer_rosConfig-version.cmake
-- Installing: /home/nvidia/workspace/alan/src/AMR_ros2_slam_nav2/install/cartographer_ros/share/cartographer_ros/package.xml
-- Installing: /home/nvidia/workspace/alan/src/AMR_ros2_slam_nav2/install/cartographer_ros/lib/cartographer_ros/cartographer_node
-- Set runtime path of "/home/nvidia/workspace/alan/src/AMR_ros2_slam_nav2/install/cartographer_ros/lib/cartographer_ros/cartographer_node" to ""
-- Installing: /home/nvidia/workspace/alan/src/AMR_ros2_slam_nav2/install/cartographer_ros/lib/cartographer_ros/occupancy_grid_node
-- Set runtime path of "/home/nvidia/workspace/alan/src/AMR_ros2_slam_nav2/install/cartographer_ros/lib/cartographer_ros/occupancy_grid_node" to ""
-- Installing: /home/nvidia/workspace/alan/src/AMR_ros2_slam_nav2/install/cartographer_ros/lib/cartographer_ros/pbstream_to_ros_map_node
-- Set runtime path of "/home/nvidia/workspace/alan/src/AMR_ros2_slam_nav2/install/cartographer_ros/lib/cartographer_ros/pbstream_to_ros_map_node" to ""
