[0.092s] Invoking command in '/home/nvidia/workspace/alan/src/AMR_ros2_slam_nav2/build/cartographer_ros': AMENT_PREFIX_PATH=/home/nvidia/workspace/alan/src/AMR_ros2_slam_nav2/install/pcl_conversions:/home/nvidia/workspace/alan/src/AMR_ros2_slam_nav2/install/pcl_msgs:/home/nvidia/workspace/alan/src/AMR_ros2_slam_nav2/install/cartographer_ros_msgs:${AMENT_PREFIX_PATH} CMAKE_PREFIX_PATH=/home/nvidia/workspace/alan/src/AMR_ros2_slam_nav2/install/pcl_conversions:/home/nvidia/workspace/alan/src/AMR_ros2_slam_nav2/install/pcl_msgs:/home/nvidia/workspace/alan/src/AMR_ros2_slam_nav2/install/cartographer_ros_msgs:/home/nvidia/workspace/alan/src/AMR_ros2_slam_nav2/install/cartographer:${CMAKE_PREFIX_PATH} LD_LIBRARY_PATH=/home/nvidia/workspace/alan/src/AMR_ros2_slam_nav2/install/pcl_msgs/lib:/home/nvidia/workspace/alan/src/AMR_ros2_slam_nav2/install/cartographer_ros_msgs/lib:/home/workspace/ros2/install/opt/yaml_cpp_vendor/lib:/home/workspace/ros2/install/opt/rviz_ogre_vendor/lib:/home/workspace/ros2/install/lib:/usr/local/cuda-10.2/lib64 PATH=/home/nvidia/workspace/alan/src/AMR_ros2_slam_nav2/install/cartographer/bin:/home/workspace/ros2/install/bin:/usr/local/sbin:/usr/local/bin:/usr/sbin:/usr/bin:/sbin:/bin:/usr/games:/usr/local/games:/snap/bin:/usr/local/cuda/bin PKG_CONFIG_PATH=/home/nvidia/workspace/alan/src/AMR_ros2_slam_nav2/install/cartographer/lib/aarch64-linux-gnu/pkgconfig:/home/nvidia/workspace/alan/src/AMR_ros2_slam_nav2/install/cartographer/lib/pkgconfig:${PKG_CONFIG_PATH} PYTHONPATH=/home/nvidia/workspace/alan/src/AMR_ros2_slam_nav2/install/pcl_msgs/lib/python3.6/site-packages:/home/nvidia/workspace/alan/src/AMR_ros2_slam_nav2/install/cartographer_ros_msgs/lib/python3.6/site-packages:/home/workspace/ros2/install/lib/python3.6/site-packages:/usr/local/lib:/usr/local/cuda/bin /usr/local/bin/cmake /home/nvidia/workspace/alan/src/AMR_ros2_slam_nav2/cartographer_ros/cartographer_ros -DCMAKE_INSTALL_PREFIX=/home/nvidia/workspace/alan/src/AMR_ros2_slam_nav2/install/cartographer_ros
[0.409s] -- The C compiler identification is GNU 7.5.0
[0.673s] -- The CXX compiler identification is GNU 7.5.0
[0.728s] -- Check for working C compiler: /usr/bin/cc
[0.940s] -- Check for working C compiler: /usr/bin/cc -- works
[0.949s] -- Detecting C compiler ABI info
[1.170s] -- Detecting C compiler ABI info - done
[1.348s] -- Detecting C compile features
[1.353s] -- Detecting C compile features - done
[1.385s] -- Check for working CXX compiler: /usr/bin/c++
[1.612s] -- Check for working CXX compiler: /usr/bin/c++ -- works
[1.623s] -- Detecting CXX compiler ABI info
[1.868s] -- Detecting CXX compiler ABI info - done
[2.036s] -- Detecting CXX compile features
[2.047s] -- Detecting CXX compile features - done
[2.070s] -- Found ament_cmake: 0.9.9 (/home/workspace/ros2/install/share/ament_cmake/cmake)
[2.224s] -- Found PythonInterp: /usr/bin/python3 (found suitable version "3.6.9", minimum required is "3") 
[2.225s] -- Using PYTHON_EXECUTABLE: /usr/bin/python3
[3.479s] -- Found installed version of Eigen: /usr/lib/cmake/eigen3
[3.494s] -- Found required Ceres dependency: Eigen version 3.3.4 in /usr/include/eigen3
[3.533s] -- Found required Ceres dependency: glog
[3.559s] -- Found installed version of gflags: /usr/lib/aarch64-linux-gnu/cmake/gflags
[3.559s] -- Detected gflags version: 2.2.1
[3.571s] -- Found required Ceres dependency: gflags
[3.579s] -- Found Ceres version: 1.13.0 installed in: /usr/local with components: [LAPACK, SuiteSparse, SparseLinearAlgebraLibrary, CXSparse, SchurSpecializations, C++11, OpenMP]
[3.593s] -- Build type: Release
[3.616s] Files /home/nvidia/workspace/alan/src/AMR_ros2_slam_nav2/build/cartographer_ros/AllFiles.cmake and - differ
[3.644s] -- Found cartographer_ros_msgs: 1.0.9003 (/home/nvidia/workspace/alan/src/AMR_ros2_slam_nav2/install/cartographer_ros_msgs/share/cartographer_ros_msgs/cmake)
[3.943s] -- Using all available rosidl_typesupport_c: rosidl_typesupport_fastrtps_c;rosidl_typesupport_introspection_c
[4.018s] -- Found rosidl_adapter: 1.2.1 (/home/workspace/ros2/install/share/rosidl_adapter/cmake)
[4.439s] -- Found OpenSSL: /usr/lib/aarch64-linux-gnu/libcrypto.so (found version "1.1.1")  
[4.588s] -- Found FastRTPS: /home/workspace/ros2/install/include  
[5.310s] -- Using all available rosidl_typesupport_cpp: rosidl_typesupport_fastrtps_cpp;rosidl_typesupport_introspection_cpp
[7.116s] -- Found nav_msgs: 2.0.4 (/home/workspace/ros2/install/share/nav_msgs/cmake)
[7.816s] -- Found pcl_conversions: 2.4.0 (/home/nvidia/workspace/alan/src/AMR_ros2_slam_nav2/install/pcl_conversions/share/pcl_conversions/cmake)
[10.401s] -- Found rmw_implementation_cmake: 1.0.3 (/home/workspace/ros2/install/share/rmw_implementation_cmake/cmake)
[10.419s] -- Using RMW implementation 'rmw_fastrtps_cpp' as default
[10.425s] -- Looking for pthread.h
[10.631s] -- Looking for pthread.h - found
[10.633s] -- Performing Test CMAKE_HAVE_LIBC_PTHREAD
[10.857s] -- Performing Test CMAKE_HAVE_LIBC_PTHREAD - Failed
[10.861s] -- Looking for pthread_create in pthreads
[11.054s] -- Looking for pthread_create in pthreads - not found
[11.057s] -- Looking for pthread_create in pthread
[11.271s] -- Looking for pthread_create in pthread - found
[11.284s] -- Found Threads: TRUE  
[13.252s] -- Found tf2: 0.13.12 (/home/workspace/ros2/install/share/tf2/cmake)
[13.372s] -- Found tf2_ros: 0.13.12 (/home/workspace/ros2/install/share/tf2_ros/cmake)
[16.732s] -- Found tf2_eigen: 0.13.12 (/home/workspace/ros2/install/share/tf2_eigen/cmake)
[16.833s] -- Found visualization_msgs: 2.0.4 (/home/workspace/ros2/install/share/visualization_msgs/cmake)
[17.688s] -- Found Lua: /usr/lib/aarch64-linux-gnu/liblua5.3.so;/usr/lib/aarch64-linux-gnu/libm.so (found version "5.3.3") 
[17.772s] -- Checking for module 'eigen3'
[17.870s] --   Found eigen3, version 3.3.4
[18.028s] -- Found Eigen: /usr/include/eigen3  
[18.030s] -- Eigen found (include: /usr/include/eigen3, version: 3.3.4)
[18.736s] -- Found Boost: /usr/include (found suitable version "1.65.1", minimum required is "1.40.0") found components: system filesystem thread date_time iostreams serialization chrono atomic regex 
[18.770s] -- looking for PCL_COMMON
[18.776s] -- Found PCL_COMMON: /usr/local/lib/libpcl_common.so  
[18.788s] -- Found PCL: pcl_common;/usr/lib/aarch64-linux-gnu/libboost_system.so;/usr/lib/aarch64-linux-gnu/libboost_filesystem.so;/usr/lib/aarch64-linux-gnu/libboost_thread.so;-lpthread;/usr/lib/aarch64-linux-gnu/libboost_date_time.so;/usr/lib/aarch64-linux-gnu/libboost_iostreams.so;/usr/lib/aarch64-linux-gnu/libboost_serialization.so;/usr/lib/aarch64-linux-gnu/libboost_chrono.so;/usr/lib/aarch64-linux-gnu/libboost_atomic.so;/usr/lib/aarch64-linux-gnu/libboost_regex.so  
[18.804s] -- Found Eigen3: TRUE (found version "3.3.4") 
[19.776s] -- Configuring done
[20.459s] -- Generating done
[20.478s] -- Build files have been written to: /home/nvidia/workspace/alan/src/AMR_ros2_slam_nav2/build/cartographer_ros
[20.532s] Invoked command in '/home/nvidia/workspace/alan/src/AMR_ros2_slam_nav2/build/cartographer_ros' returned '0': AMENT_PREFIX_PATH=/home/nvidia/workspace/alan/src/AMR_ros2_slam_nav2/install/pcl_conversions:/home/nvidia/workspace/alan/src/AMR_ros2_slam_nav2/install/pcl_msgs:/home/nvidia/workspace/alan/src/AMR_ros2_slam_nav2/install/cartographer_ros_msgs:${AMENT_PREFIX_PATH} CMAKE_PREFIX_PATH=/home/nvidia/workspace/alan/src/AMR_ros2_slam_nav2/install/pcl_conversions:/home/nvidia/workspace/alan/src/AMR_ros2_slam_nav2/install/pcl_msgs:/home/nvidia/workspace/alan/src/AMR_ros2_slam_nav2/install/cartographer_ros_msgs:/home/nvidia/workspace/alan/src/AMR_ros2_slam_nav2/install/cartographer:${CMAKE_PREFIX_PATH} LD_LIBRARY_PATH=/home/nvidia/workspace/alan/src/AMR_ros2_slam_nav2/install/pcl_msgs/lib:/home/nvidia/workspace/alan/src/AMR_ros2_slam_nav2/install/cartographer_ros_msgs/lib:/home/workspace/ros2/install/opt/yaml_cpp_vendor/lib:/home/workspace/ros2/install/opt/rviz_ogre_vendor/lib:/home/workspace/ros2/install/lib:/usr/local/cuda-10.2/lib64 PATH=/home/nvidia/workspace/alan/src/AMR_ros2_slam_nav2/install/cartographer/bin:/home/workspace/ros2/install/bin:/usr/local/sbin:/usr/local/bin:/usr/sbin:/usr/bin:/sbin:/bin:/usr/games:/usr/local/games:/snap/bin:/usr/local/cuda/bin PKG_CONFIG_PATH=/home/nvidia/workspace/alan/src/AMR_ros2_slam_nav2/install/cartographer/lib/aarch64-linux-gnu/pkgconfig:/home/nvidia/workspace/alan/src/AMR_ros2_slam_nav2/install/cartographer/lib/pkgconfig:${PKG_CONFIG_PATH} PYTHONPATH=/home/nvidia/workspace/alan/src/AMR_ros2_slam_nav2/install/pcl_msgs/lib/python3.6/site-packages:/home/nvidia/workspace/alan/src/AMR_ros2_slam_nav2/install/cartographer_ros_msgs/lib/python3.6/site-packages:/home/workspace/ros2/install/lib/python3.6/site-packages:/usr/local/lib:/usr/local/cuda/bin /usr/local/bin/cmake /home/nvidia/workspace/alan/src/AMR_ros2_slam_nav2/cartographer_ros/cartographer_ros -DCMAKE_INSTALL_PREFIX=/home/nvidia/workspace/alan/src/AMR_ros2_slam_nav2/install/cartographer_ros
[20.535s] Invoking command in '/home/nvidia/workspace/alan/src/AMR_ros2_slam_nav2/build/cartographer_ros': AMENT_PREFIX_PATH=/home/nvidia/workspace/alan/src/AMR_ros2_slam_nav2/install/pcl_conversions:/home/nvidia/workspace/alan/src/AMR_ros2_slam_nav2/install/pcl_msgs:/home/nvidia/workspace/alan/src/AMR_ros2_slam_nav2/install/cartographer_ros_msgs:${AMENT_PREFIX_PATH} CMAKE_PREFIX_PATH=/home/nvidia/workspace/alan/src/AMR_ros2_slam_nav2/install/pcl_conversions:/home/nvidia/workspace/alan/src/AMR_ros2_slam_nav2/install/pcl_msgs:/home/nvidia/workspace/alan/src/AMR_ros2_slam_nav2/install/cartographer_ros_msgs:/home/nvidia/workspace/alan/src/AMR_ros2_slam_nav2/install/cartographer:${CMAKE_PREFIX_PATH} LD_LIBRARY_PATH=/home/nvidia/workspace/alan/src/AMR_ros2_slam_nav2/install/pcl_msgs/lib:/home/nvidia/workspace/alan/src/AMR_ros2_slam_nav2/install/cartographer_ros_msgs/lib:/home/workspace/ros2/install/opt/yaml_cpp_vendor/lib:/home/workspace/ros2/install/opt/rviz_ogre_vendor/lib:/home/workspace/ros2/install/lib:/usr/local/cuda-10.2/lib64 PATH=/home/nvidia/workspace/alan/src/AMR_ros2_slam_nav2/install/cartographer/bin:/home/workspace/ros2/install/bin:/usr/local/sbin:/usr/local/bin:/usr/sbin:/usr/bin:/sbin:/bin:/usr/games:/usr/local/games:/snap/bin:/usr/local/cuda/bin PKG_CONFIG_PATH=/home/nvidia/workspace/alan/src/AMR_ros2_slam_nav2/install/cartographer/lib/aarch64-linux-gnu/pkgconfig:/home/nvidia/workspace/alan/src/AMR_ros2_slam_nav2/install/cartographer/lib/pkgconfig:${PKG_CONFIG_PATH} PYTHONPATH=/home/nvidia/workspace/alan/src/AMR_ros2_slam_nav2/install/pcl_msgs/lib/python3.6/site-packages:/home/nvidia/workspace/alan/src/AMR_ros2_slam_nav2/install/cartographer_ros_msgs/lib/python3.6/site-packages:/home/workspace/ros2/install/lib/python3.6/site-packages:/usr/local/lib:/usr/local/cuda/bin /usr/local/bin/cmake --build /home/nvidia/workspace/alan/src/AMR_ros2_slam_nav2/build/cartographer_ros -- -j8 -l8
[20.660s] [35m[1mScanning dependencies of target cartographer_ros_detect_changes[0m
[20.705s] [  0%] Built target cartographer_ros_detect_changes
[20.728s] [35m[1mScanning dependencies of target cartographer_ros[0m
[21.942s] [  5%] [32mBuilding CXX object CMakeFiles/cartographer_ros.dir/cartographer_ros/map_builder_bridge.cc.o[0m
[36.991s] [ 10%] [32mBuilding CXX object CMakeFiles/cartographer_ros.dir/cartographer_ros/tf_bridge.cc.o[0m
[39.057s] [ 15%] [32mBuilding CXX object CMakeFiles/cartographer_ros.dir/cartographer_ros/sensor_bridge.cc.o[0m
[41.125s] [ 21%] [32mBuilding CXX object CMakeFiles/cartographer_ros.dir/cartographer_ros/ros_log_sink.cc.o[0m
[93.455s] [ 26%] [32mBuilding CXX object CMakeFiles/cartographer_ros.dir/cartographer_ros/submap.cc.o[0m
[127.777s] [ 31%] [32mBuilding CXX object CMakeFiles/cartographer_ros.dir/cartographer_ros/ros_map.cc.o[0m
[135.801s] [ 36%] [32mBuilding CXX object CMakeFiles/cartographer_ros.dir/cartographer_ros/trajectory_options.cc.o[0m
[143.973s] [ 42%] [32mBuilding CXX object CMakeFiles/cartographer_ros.dir/cartographer_ros/time_conversion.cc.o[0m
[147.458s] [ 47%] [32mBuilding CXX object CMakeFiles/cartographer_ros.dir/cartographer_ros/node_options.cc.o[0m
[155.628s] [ 52%] [32mBuilding CXX object CMakeFiles/cartographer_ros.dir/cartographer_ros/node_constants.cc.o[0m
[156.879s] [ 57%] [32mBuilding CXX object CMakeFiles/cartographer_ros.dir/cartographer_ros/node.cc.o[0m
[275.364s] [ 63%] [32mBuilding CXX object CMakeFiles/cartographer_ros.dir/cartographer_ros/msg_conversion.cc.o[0m
[302.314s] [ 68%] [32m[1mLinking CXX static library libcartographer_ros.a[0m
[302.466s] [ 68%] Built target cartographer_ros
[302.481s] [35m[1mScanning dependencies of target occupancy_grid_node[0m
[302.482s] [35m[1mScanning dependencies of target cartographer_node[0m
[302.482s] [35m[1mScanning dependencies of target pbstream_to_ros_map_node[0m
[302.768s] [ 73%] [32mBuilding CXX object cartographer_ros/CMakeFiles/pbstream_to_ros_map_node.dir/pbstream_to_ros_map_main.cc.o[0m
[302.827s] [ 78%] [32mBuilding CXX object cartographer_ros/CMakeFiles/occupancy_grid_node.dir/occupancy_grid_node_main.cc.o[0m
[302.909s] [ 84%] [32mBuilding CXX object cartographer_ros/CMakeFiles/cartographer_node.dir/node_main.cc.o[0m
[315.134s] [ 89%] [32m[1mLinking CXX executable pbstream_to_ros_map_node[0m
[315.771s] [ 89%] Built target pbstream_to_ros_map_node
[327.746s] [ 94%] [32m[1mLinking CXX executable cartographer_node[0m
[330.317s] [ 94%] Built target cartographer_node
[341.730s] [100%] [32m[1mLinking CXX executable occupancy_grid_node[0m
[343.022s] [100%] Built target occupancy_grid_node
[343.044s] Invoked command in '/home/nvidia/workspace/alan/src/AMR_ros2_slam_nav2/build/cartographer_ros' returned '0': AMENT_PREFIX_PATH=/home/nvidia/workspace/alan/src/AMR_ros2_slam_nav2/install/pcl_conversions:/home/nvidia/workspace/alan/src/AMR_ros2_slam_nav2/install/pcl_msgs:/home/nvidia/workspace/alan/src/AMR_ros2_slam_nav2/install/cartographer_ros_msgs:${AMENT_PREFIX_PATH} CMAKE_PREFIX_PATH=/home/nvidia/workspace/alan/src/AMR_ros2_slam_nav2/install/pcl_conversions:/home/nvidia/workspace/alan/src/AMR_ros2_slam_nav2/install/pcl_msgs:/home/nvidia/workspace/alan/src/AMR_ros2_slam_nav2/install/cartographer_ros_msgs:/home/nvidia/workspace/alan/src/AMR_ros2_slam_nav2/install/cartographer:${CMAKE_PREFIX_PATH} LD_LIBRARY_PATH=/home/nvidia/workspace/alan/src/AMR_ros2_slam_nav2/install/pcl_msgs/lib:/home/nvidia/workspace/alan/src/AMR_ros2_slam_nav2/install/cartographer_ros_msgs/lib:/home/workspace/ros2/install/opt/yaml_cpp_vendor/lib:/home/workspace/ros2/install/opt/rviz_ogre_vendor/lib:/home/workspace/ros2/install/lib:/usr/local/cuda-10.2/lib64 PATH=/home/nvidia/workspace/alan/src/AMR_ros2_slam_nav2/install/cartographer/bin:/home/workspace/ros2/install/bin:/usr/local/sbin:/usr/local/bin:/usr/sbin:/usr/bin:/sbin:/bin:/usr/games:/usr/local/games:/snap/bin:/usr/local/cuda/bin PKG_CONFIG_PATH=/home/nvidia/workspace/alan/src/AMR_ros2_slam_nav2/install/cartographer/lib/aarch64-linux-gnu/pkgconfig:/home/nvidia/workspace/alan/src/AMR_ros2_slam_nav2/install/cartographer/lib/pkgconfig:${PKG_CONFIG_PATH} PYTHONPATH=/home/nvidia/workspace/alan/src/AMR_ros2_slam_nav2/install/pcl_msgs/lib/python3.6/site-packages:/home/nvidia/workspace/alan/src/AMR_ros2_slam_nav2/install/cartographer_ros_msgs/lib/python3.6/site-packages:/home/workspace/ros2/install/lib/python3.6/site-packages:/usr/local/lib:/usr/local/cuda/bin /usr/local/bin/cmake --build /home/nvidia/workspace/alan/src/AMR_ros2_slam_nav2/build/cartographer_ros -- -j8 -l8
[343.162s] Invoking command in '/home/nvidia/workspace/alan/src/AMR_ros2_slam_nav2/build/cartographer_ros': AMENT_PREFIX_PATH=/home/nvidia/workspace/alan/src/AMR_ros2_slam_nav2/install/pcl_conversions:/home/nvidia/workspace/alan/src/AMR_ros2_slam_nav2/install/pcl_msgs:/home/nvidia/workspace/alan/src/AMR_ros2_slam_nav2/install/cartographer_ros_msgs:${AMENT_PREFIX_PATH} CMAKE_PREFIX_PATH=/home/nvidia/workspace/alan/src/AMR_ros2_slam_nav2/install/pcl_conversions:/home/nvidia/workspace/alan/src/AMR_ros2_slam_nav2/install/pcl_msgs:/home/nvidia/workspace/alan/src/AMR_ros2_slam_nav2/install/cartographer_ros_msgs:/home/nvidia/workspace/alan/src/AMR_ros2_slam_nav2/install/cartographer:${CMAKE_PREFIX_PATH} LD_LIBRARY_PATH=/home/nvidia/workspace/alan/src/AMR_ros2_slam_nav2/install/pcl_msgs/lib:/home/nvidia/workspace/alan/src/AMR_ros2_slam_nav2/install/cartographer_ros_msgs/lib:/home/workspace/ros2/install/opt/yaml_cpp_vendor/lib:/home/workspace/ros2/install/opt/rviz_ogre_vendor/lib:/home/workspace/ros2/install/lib:/usr/local/cuda-10.2/lib64 PATH=/home/nvidia/workspace/alan/src/AMR_ros2_slam_nav2/install/cartographer/bin:/home/workspace/ros2/install/bin:/usr/local/sbin:/usr/local/bin:/usr/sbin:/usr/bin:/sbin:/bin:/usr/games:/usr/local/games:/snap/bin:/usr/local/cuda/bin PKG_CONFIG_PATH=/home/nvidia/workspace/alan/src/AMR_ros2_slam_nav2/install/cartographer/lib/aarch64-linux-gnu/pkgconfig:/home/nvidia/workspace/alan/src/AMR_ros2_slam_nav2/install/cartographer/lib/pkgconfig:${PKG_CONFIG_PATH} PYTHONPATH=/home/nvidia/workspace/alan/src/AMR_ros2_slam_nav2/install/pcl_msgs/lib/python3.6/site-packages:/home/nvidia/workspace/alan/src/AMR_ros2_slam_nav2/install/cartographer_ros_msgs/lib/python3.6/site-packages:/home/workspace/ros2/install/lib/python3.6/site-packages:/usr/local/lib:/usr/local/cuda/bin /usr/local/bin/cmake --install /home/nvidia/workspace/alan/src/AMR_ros2_slam_nav2/build/cartographer_ros
[343.173s] -- Install configuration: "Release"
[343.175s] -- Installing: /home/nvidia/workspace/alan/src/AMR_ros2_slam_nav2/install/cartographer_ros/share/cartographer_ros//configuration_files
[343.176s] -- Installing: /home/nvidia/workspace/alan/src/AMR_ros2_slam_nav2/install/cartographer_ros/share/cartographer_ros//configuration_files/backpack_2d_localization.lua
[343.177s] -- Installing: /home/nvidia/workspace/alan/src/AMR_ros2_slam_nav2/install/cartographer_ros/share/cartographer_ros//configuration_files/assets_writer_backpack_2d_ci.lua
[343.178s] -- Installing: /home/nvidia/workspace/alan/src/AMR_ros2_slam_nav2/install/cartographer_ros/share/cartographer_ros//configuration_files/demo_2d.rviz
[343.178s] -- Installing: /home/nvidia/workspace/alan/src/AMR_ros2_slam_nav2/install/cartographer_ros/share/cartographer_ros//configuration_files/transform.lua
[343.179s] -- Installing: /home/nvidia/workspace/alan/src/AMR_ros2_slam_nav2/install/cartographer_ros/share/cartographer_ros//configuration_files/backpack_2d_server.lua
[343.181s] -- Installing: /home/nvidia/workspace/alan/src/AMR_ros2_slam_nav2/install/cartographer_ros/share/cartographer_ros//configuration_files/taurob_tracker.lua
[343.181s] -- Installing: /home/nvidia/workspace/alan/src/AMR_ros2_slam_nav2/install/cartographer_ros/share/cartographer_ros//configuration_files/backpack_2d.lua
[343.181s] -- Installing: /home/nvidia/workspace/alan/src/AMR_ros2_slam_nav2/install/cartographer_ros/share/cartographer_ros//configuration_files/demo_3d.rviz
[343.182s] -- Installing: /home/nvidia/workspace/alan/src/AMR_ros2_slam_nav2/install/cartographer_ros/share/cartographer_ros//configuration_files/backpack_3d_localization.lua
[343.182s] -- Installing: /home/nvidia/workspace/alan/src/AMR_ros2_slam_nav2/install/cartographer_ros/share/cartographer_ros//configuration_files/revo_lds.lua
[343.182s] -- Installing: /home/nvidia/workspace/alan/src/AMR_ros2_slam_nav2/install/cartographer_ros/share/cartographer_ros//configuration_files/pr2.lua
[343.183s] -- Installing: /home/nvidia/workspace/alan/src/AMR_ros2_slam_nav2/install/cartographer_ros/share/cartographer_ros//configuration_files/visualize_pbstream.lua
[343.183s] -- Installing: /home/nvidia/workspace/alan/src/AMR_ros2_slam_nav2/install/cartographer_ros/share/cartographer_ros//configuration_files/backpack_3d.lua
[343.183s] -- Installing: /home/nvidia/workspace/alan/src/AMR_ros2_slam_nav2/install/cartographer_ros/share/cartographer_ros//configuration_files/assets_writer_backpack_2d.lua
[343.183s] -- Installing: /home/nvidia/workspace/alan/src/AMR_ros2_slam_nav2/install/cartographer_ros/share/cartographer_ros//configuration_files/backpack_2d_localization_evaluation.lua
[343.184s] -- Installing: /home/nvidia/workspace/alan/src/AMR_ros2_slam_nav2/install/cartographer_ros/share/cartographer_ros//configuration_files/assets_writer_ros_map.lua
[343.184s] -- Installing: /home/nvidia/workspace/alan/src/AMR_ros2_slam_nav2/install/cartographer_ros/share/cartographer_ros//configuration_files/assets_writer_backpack_3d.lua
[343.184s] -- Installing: /home/nvidia/workspace/alan/src/AMR_ros2_slam_nav2/install/cartographer_ros/lib/libcartographer_ros.a
[343.197s] -- Installing: /home/nvidia/workspace/alan/src/AMR_ros2_slam_nav2/install/cartographer_ros/share/ament_index/resource_index/package_run_dependencies/cartographer_ros
[343.198s] -- Installing: /home/nvidia/workspace/alan/src/AMR_ros2_slam_nav2/install/cartographer_ros/share/ament_index/resource_index/parent_prefix_path/cartographer_ros
[343.198s] -- Installing: /home/nvidia/workspace/alan/src/AMR_ros2_slam_nav2/install/cartographer_ros/share/cartographer_ros/environment/ament_prefix_path.sh
[343.199s] -- Installing: /home/nvidia/workspace/alan/src/AMR_ros2_slam_nav2/install/cartographer_ros/share/cartographer_ros/environment/ament_prefix_path.dsv
[343.200s] -- Installing: /home/nvidia/workspace/alan/src/AMR_ros2_slam_nav2/install/cartographer_ros/share/cartographer_ros/environment/path.sh
[343.201s] -- Installing: /home/nvidia/workspace/alan/src/AMR_ros2_slam_nav2/install/cartographer_ros/share/cartographer_ros/environment/path.dsv
[343.201s] -- Installing: /home/nvidia/workspace/alan/src/AMR_ros2_slam_nav2/install/cartographer_ros/share/cartographer_ros/local_setup.bash
[343.202s] -- Installing: /home/nvidia/workspace/alan/src/AMR_ros2_slam_nav2/install/cartographer_ros/share/cartographer_ros/local_setup.sh
[343.202s] -- Installing: /home/nvidia/workspace/alan/src/AMR_ros2_slam_nav2/install/cartographer_ros/share/cartographer_ros/local_setup.zsh
[343.203s] -- Installing: /home/nvidia/workspace/alan/src/AMR_ros2_slam_nav2/install/cartographer_ros/share/cartographer_ros/local_setup.dsv
[343.204s] -- Installing: /home/nvidia/workspace/alan/src/AMR_ros2_slam_nav2/install/cartographer_ros/share/cartographer_ros/package.dsv
[343.204s] -- Installing: /home/nvidia/workspace/alan/src/AMR_ros2_slam_nav2/install/cartographer_ros/share/ament_index/resource_index/packages/cartographer_ros
[343.205s] -- Installing: /home/nvidia/workspace/alan/src/AMR_ros2_slam_nav2/install/cartographer_ros/share/cartographer_ros/cmake/cartographer_rosConfig.cmake
[343.206s] -- Installing: /home/nvidia/workspace/alan/src/AMR_ros2_slam_nav2/install/cartographer_ros/share/cartographer_ros/cmake/cartographer_rosConfig-version.cmake
[343.206s] -- Installing: /home/nvidia/workspace/alan/src/AMR_ros2_slam_nav2/install/cartographer_ros/share/cartographer_ros/package.xml
[343.209s] -- Installing: /home/nvidia/workspace/alan/src/AMR_ros2_slam_nav2/install/cartographer_ros/lib/cartographer_ros/cartographer_node
[343.231s] -- Set runtime path of "/home/nvidia/workspace/alan/src/AMR_ros2_slam_nav2/install/cartographer_ros/lib/cartographer_ros/cartographer_node" to ""
[343.232s] -- Installing: /home/nvidia/workspace/alan/src/AMR_ros2_slam_nav2/install/cartographer_ros/lib/cartographer_ros/occupancy_grid_node
[343.240s] -- Set runtime path of "/home/nvidia/workspace/alan/src/AMR_ros2_slam_nav2/install/cartographer_ros/lib/cartographer_ros/occupancy_grid_node" to ""
[343.240s] -- Installing: /home/nvidia/workspace/alan/src/AMR_ros2_slam_nav2/install/cartographer_ros/lib/cartographer_ros/pbstream_to_ros_map_node
[343.246s] -- Set runtime path of "/home/nvidia/workspace/alan/src/AMR_ros2_slam_nav2/install/cartographer_ros/lib/cartographer_ros/pbstream_to_ros_map_node" to ""
[343.251s] Invoked command in '/home/nvidia/workspace/alan/src/AMR_ros2_slam_nav2/build/cartographer_ros' returned '0': AMENT_PREFIX_PATH=/home/nvidia/workspace/alan/src/AMR_ros2_slam_nav2/install/pcl_conversions:/home/nvidia/workspace/alan/src/AMR_ros2_slam_nav2/install/pcl_msgs:/home/nvidia/workspace/alan/src/AMR_ros2_slam_nav2/install/cartographer_ros_msgs:${AMENT_PREFIX_PATH} CMAKE_PREFIX_PATH=/home/nvidia/workspace/alan/src/AMR_ros2_slam_nav2/install/pcl_conversions:/home/nvidia/workspace/alan/src/AMR_ros2_slam_nav2/install/pcl_msgs:/home/nvidia/workspace/alan/src/AMR_ros2_slam_nav2/install/cartographer_ros_msgs:/home/nvidia/workspace/alan/src/AMR_ros2_slam_nav2/install/cartographer:${CMAKE_PREFIX_PATH} LD_LIBRARY_PATH=/home/nvidia/workspace/alan/src/AMR_ros2_slam_nav2/install/pcl_msgs/lib:/home/nvidia/workspace/alan/src/AMR_ros2_slam_nav2/install/cartographer_ros_msgs/lib:/home/workspace/ros2/install/opt/yaml_cpp_vendor/lib:/home/workspace/ros2/install/opt/rviz_ogre_vendor/lib:/home/workspace/ros2/install/lib:/usr/local/cuda-10.2/lib64 PATH=/home/nvidia/workspace/alan/src/AMR_ros2_slam_nav2/install/cartographer/bin:/home/workspace/ros2/install/bin:/usr/local/sbin:/usr/local/bin:/usr/sbin:/usr/bin:/sbin:/bin:/usr/games:/usr/local/games:/snap/bin:/usr/local/cuda/bin PKG_CONFIG_PATH=/home/nvidia/workspace/alan/src/AMR_ros2_slam_nav2/install/cartographer/lib/aarch64-linux-gnu/pkgconfig:/home/nvidia/workspace/alan/src/AMR_ros2_slam_nav2/install/cartographer/lib/pkgconfig:${PKG_CONFIG_PATH} PYTHONPATH=/home/nvidia/workspace/alan/src/AMR_ros2_slam_nav2/install/pcl_msgs/lib/python3.6/site-packages:/home/nvidia/workspace/alan/src/AMR_ros2_slam_nav2/install/cartographer_ros_msgs/lib/python3.6/site-packages:/home/workspace/ros2/install/lib/python3.6/site-packages:/usr/local/lib:/usr/local/cuda/bin /usr/local/bin/cmake --install /home/nvidia/workspace/alan/src/AMR_ros2_slam_nav2/build/cartographer_ros
