[0.446s] Invoking command in '/home/nvidia/workspace/alan/src/AMR_ros2_slam_nav2/build/ros2_rada_msg': CMAKE_PREFIX_PATH=${CMAKE_PREFIX_PATH}:/home/nvidia/workspace/alan/AMR/install/turtlebot3_teleop:/home/nvidia/workspace/alan/AMR/install/turtlebot3_example:/home/nvidia/workspace/alan/AMR/install/opencv_tests:/home/nvidia/workspace/alan/AMR/install/nav2_gazebo_spawner /usr/local/bin/cmake --build /home/nvidia/workspace/alan/src/AMR_ros2_slam_nav2/build/ros2_rada_msg -- -j8 -l8
[0.615s] [  9%] Built target ros2_rada_msg__rosidl_generator_c
[0.628s] [ 12%] Built target ros2_rada_msg__cpp
[0.704s] [ 22%] Built target ros2_rada_msg__rosidl_typesupport_c
[0.734s] [ 32%] Built target ros2_rada_msg__rosidl_typesupport_cpp
[0.735s] [ 41%] Built target ros2_rada_msg__rosidl_typesupport_introspection_c
[0.736s] [ 51%] Built target ros2_rada_msg__rosidl_typesupport_introspection_cpp
[0.759s] [ 61%] Built target ros2_rada_msg__rosidl_typesupport_fastrtps_cpp
[0.900s] [ 70%] Built target ros2_rada_msg__rosidl_typesupport_fastrtps_c
[1.022s] [ 70%] Built target ros2_rada_msg
[1.077s] [ 74%] Built target ros2_rada_msg__py
[1.079s] [ 80%] Built target ros2_rada_msg__python
[1.134s] [ 87%] Built target ros2_rada_msg__rosidl_typesupport_introspection_c__pyext
[1.135s] [ 96%] Built target ros2_rada_msg__rosidl_typesupport_c__pyext
[1.135s] [100%] Built target ros2_rada_msg__rosidl_typesupport_fastrtps_c__pyext
[1.380s] Invoked command in '/home/nvidia/workspace/alan/src/AMR_ros2_slam_nav2/build/ros2_rada_msg' returned '0': CMAKE_PREFIX_PATH=${CMAKE_PREFIX_PATH}:/home/nvidia/workspace/alan/AMR/install/turtlebot3_teleop:/home/nvidia/workspace/alan/AMR/install/turtlebot3_example:/home/nvidia/workspace/alan/AMR/install/opencv_tests:/home/nvidia/workspace/alan/AMR/install/nav2_gazebo_spawner /usr/local/bin/cmake --build /home/nvidia/workspace/alan/src/AMR_ros2_slam_nav2/build/ros2_rada_msg -- -j8 -l8
[3.266s] Invoking command in '/home/nvidia/workspace/alan/src/AMR_ros2_slam_nav2/build/ros2_rada_msg': CMAKE_PREFIX_PATH=${CMAKE_PREFIX_PATH}:/home/nvidia/workspace/alan/AMR/install/turtlebot3_teleop:/home/nvidia/workspace/alan/AMR/install/turtlebot3_example:/home/nvidia/workspace/alan/AMR/install/opencv_tests:/home/nvidia/workspace/alan/AMR/install/nav2_gazebo_spawner /usr/local/bin/cmake --install /home/nvidia/workspace/alan/src/AMR_ros2_slam_nav2/build/ros2_rada_msg
[3.300s] -- Install configuration: ""
[3.307s] -- Up-to-date: /home/nvidia/workspace/alan/src/AMR_ros2_slam_nav2/install/ros2_rada_msg/share/ament_index/resource_index/rosidl_interfaces/ros2_rada_msg
[3.314s] -- Up-to-date: /home/nvidia/workspace/alan/src/AMR_ros2_slam_nav2/install/ros2_rada_msg/include/ros2_rada_msg
[3.316s] -- Up-to-date: /home/nvidia/workspace/alan/src/AMR_ros2_slam_nav2/install/ros2_rada_msg/include/ros2_rada_msg/msg
[3.320s] -- Up-to-date: /home/nvidia/workspace/alan/src/AMR_ros2_slam_nav2/install/ros2_rada_msg/include/ros2_rada_msg/msg/detail
[3.321s] -- Up-to-date: /home/nvidia/workspace/alan/src/AMR_ros2_slam_nav2/install/ros2_rada_msg/include/ros2_rada_msg/msg/detail/rada__functions.h
[3.330s] -- Up-to-date: /home/nvidia/workspace/alan/src/AMR_ros2_slam_nav2/install/ros2_rada_msg/include/ros2_rada_msg/msg/detail/rada__functions.c
[3.333s] -- Up-to-date: /home/nvidia/workspace/alan/src/AMR_ros2_slam_nav2/install/ros2_rada_msg/include/ros2_rada_msg/msg/detail/rada__type_support.h
[3.339s] -- Up-to-date: /home/nvidia/workspace/alan/src/AMR_ros2_slam_nav2/install/ros2_rada_msg/include/ros2_rada_msg/msg/detail/rada__struct.h
[3.339s] -- Up-to-date: /home/nvidia/workspace/alan/src/AMR_ros2_slam_nav2/install/ros2_rada_msg/include/ros2_rada_msg/msg/rosidl_generator_c__visibility_control.h
[3.340s] -- Up-to-date: /home/nvidia/workspace/alan/src/AMR_ros2_slam_nav2/install/ros2_rada_msg/include/ros2_rada_msg/msg/rada.h
[3.340s] -- Up-to-date: /home/nvidia/workspace/alan/src/AMR_ros2_slam_nav2/install/ros2_rada_msg/share/ros2_rada_msg/environment/library_path.sh
[3.341s] -- Up-to-date: /home/nvidia/workspace/alan/src/AMR_ros2_slam_nav2/install/ros2_rada_msg/share/ros2_rada_msg/environment/library_path.dsv
[3.341s] -- Up-to-date: /home/nvidia/workspace/alan/src/AMR_ros2_slam_nav2/install/ros2_rada_msg/lib/libros2_rada_msg__rosidl_generator_c.so
[3.347s] -- Up-to-date: /home/nvidia/workspace/alan/src/AMR_ros2_slam_nav2/install/ros2_rada_msg/include/ros2_rada_msg
[3.348s] -- Up-to-date: /home/nvidia/workspace/alan/src/AMR_ros2_slam_nav2/install/ros2_rada_msg/include/ros2_rada_msg/msg
[3.348s] -- Up-to-date: /home/nvidia/workspace/alan/src/AMR_ros2_slam_nav2/install/ros2_rada_msg/include/ros2_rada_msg/msg/detail
[3.350s] -- Up-to-date: /home/nvidia/workspace/alan/src/AMR_ros2_slam_nav2/install/ros2_rada_msg/include/ros2_rada_msg/msg/detail/rada__rosidl_typesupport_fastrtps_c.h
[3.350s] -- Up-to-date: /home/nvidia/workspace/alan/src/AMR_ros2_slam_nav2/install/ros2_rada_msg/include/ros2_rada_msg/msg/rosidl_typesupport_fastrtps_c__visibility_control.h
[3.351s] -- Up-to-date: /home/nvidia/workspace/alan/src/AMR_ros2_slam_nav2/install/ros2_rada_msg/lib/libros2_rada_msg__rosidl_typesupport_fastrtps_c.so
[3.352s] -- Up-to-date: /home/nvidia/workspace/alan/src/AMR_ros2_slam_nav2/install/ros2_rada_msg/include/ros2_rada_msg
[3.352s] -- Up-to-date: /home/nvidia/workspace/alan/src/AMR_ros2_slam_nav2/install/ros2_rada_msg/include/ros2_rada_msg/msg
[3.353s] -- Up-to-date: /home/nvidia/workspace/alan/src/AMR_ros2_slam_nav2/install/ros2_rada_msg/include/ros2_rada_msg/msg/detail
[3.354s] -- Up-to-date: /home/nvidia/workspace/alan/src/AMR_ros2_slam_nav2/install/ros2_rada_msg/include/ros2_rada_msg/msg/detail/rada__rosidl_typesupport_fastrtps_cpp.hpp
[3.358s] -- Up-to-date: /home/nvidia/workspace/alan/src/AMR_ros2_slam_nav2/install/ros2_rada_msg/include/ros2_rada_msg/msg/detail/dds_fastrtps
[3.360s] -- Up-to-date: /home/nvidia/workspace/alan/src/AMR_ros2_slam_nav2/install/ros2_rada_msg/include/ros2_rada_msg/msg/rosidl_typesupport_fastrtps_cpp__visibility_control.h
[3.361s] -- Up-to-date: /home/nvidia/workspace/alan/src/AMR_ros2_slam_nav2/install/ros2_rada_msg/lib/libros2_rada_msg__rosidl_typesupport_fastrtps_cpp.so
[3.363s] -- Up-to-date: /home/nvidia/workspace/alan/src/AMR_ros2_slam_nav2/install/ros2_rada_msg/include/ros2_rada_msg
[3.363s] -- Up-to-date: /home/nvidia/workspace/alan/src/AMR_ros2_slam_nav2/install/ros2_rada_msg/include/ros2_rada_msg/msg
[3.364s] -- Up-to-date: /home/nvidia/workspace/alan/src/AMR_ros2_slam_nav2/install/ros2_rada_msg/include/ros2_rada_msg/msg/detail
[3.365s] -- Up-to-date: /home/nvidia/workspace/alan/src/AMR_ros2_slam_nav2/install/ros2_rada_msg/include/ros2_rada_msg/msg/detail/rada__rosidl_typesupport_introspection_c.h
[3.365s] -- Up-to-date: /home/nvidia/workspace/alan/src/AMR_ros2_slam_nav2/install/ros2_rada_msg/include/ros2_rada_msg/msg/detail/rada__type_support.c
[3.366s] -- Up-to-date: /home/nvidia/workspace/alan/src/AMR_ros2_slam_nav2/install/ros2_rada_msg/include/ros2_rada_msg/msg/rosidl_typesupport_introspection_c__visibility_control.h
[3.367s] -- Up-to-date: /home/nvidia/workspace/alan/src/AMR_ros2_slam_nav2/install/ros2_rada_msg/lib/libros2_rada_msg__rosidl_typesupport_introspection_c.so
[3.367s] -- Up-to-date: /home/nvidia/workspace/alan/src/AMR_ros2_slam_nav2/install/ros2_rada_msg/lib/libros2_rada_msg__rosidl_typesupport_c.so
[3.368s] -- Up-to-date: /home/nvidia/workspace/alan/src/AMR_ros2_slam_nav2/install/ros2_rada_msg/include/ros2_rada_msg
[3.371s] -- Up-to-date: /home/nvidia/workspace/alan/src/AMR_ros2_slam_nav2/install/ros2_rada_msg/include/ros2_rada_msg/msg
[3.372s] -- Up-to-date: /home/nvidia/workspace/alan/src/AMR_ros2_slam_nav2/install/ros2_rada_msg/include/ros2_rada_msg/msg/detail
[3.372s] -- Up-to-date: /home/nvidia/workspace/alan/src/AMR_ros2_slam_nav2/install/ros2_rada_msg/include/ros2_rada_msg/msg/detail/rada__traits.hpp
[3.377s] -- Up-to-date: /home/nvidia/workspace/alan/src/AMR_ros2_slam_nav2/install/ros2_rada_msg/include/ros2_rada_msg/msg/detail/rada__struct.hpp
[3.377s] -- Up-to-date: /home/nvidia/workspace/alan/src/AMR_ros2_slam_nav2/install/ros2_rada_msg/include/ros2_rada_msg/msg/detail/rada__builder.hpp
[3.378s] -- Up-to-date: /home/nvidia/workspace/alan/src/AMR_ros2_slam_nav2/install/ros2_rada_msg/include/ros2_rada_msg/msg/rada.hpp
[3.379s] -- Up-to-date: /home/nvidia/workspace/alan/src/AMR_ros2_slam_nav2/install/ros2_rada_msg/include/ros2_rada_msg
[3.380s] -- Up-to-date: /home/nvidia/workspace/alan/src/AMR_ros2_slam_nav2/install/ros2_rada_msg/include/ros2_rada_msg/msg
[3.380s] -- Up-to-date: /home/nvidia/workspace/alan/src/AMR_ros2_slam_nav2/install/ros2_rada_msg/include/ros2_rada_msg/msg/detail
[3.381s] -- Up-to-date: /home/nvidia/workspace/alan/src/AMR_ros2_slam_nav2/install/ros2_rada_msg/include/ros2_rada_msg/msg/detail/rada__rosidl_typesupport_introspection_cpp.hpp
[3.381s] -- Up-to-date: /home/nvidia/workspace/alan/src/AMR_ros2_slam_nav2/install/ros2_rada_msg/include/ros2_rada_msg/msg/detail/rada__type_support.cpp
[3.381s] -- Up-to-date: /home/nvidia/workspace/alan/src/AMR_ros2_slam_nav2/install/ros2_rada_msg/lib/libros2_rada_msg__rosidl_typesupport_introspection_cpp.so
[3.383s] -- Up-to-date: /home/nvidia/workspace/alan/src/AMR_ros2_slam_nav2/install/ros2_rada_msg/lib/libros2_rada_msg__rosidl_typesupport_cpp.so
[3.383s] -- Up-to-date: /home/nvidia/workspace/alan/src/AMR_ros2_slam_nav2/install/ros2_rada_msg/share/ros2_rada_msg/environment/pythonpath.sh
[3.384s] -- Up-to-date: /home/nvidia/workspace/alan/src/AMR_ros2_slam_nav2/install/ros2_rada_msg/share/ros2_rada_msg/environment/pythonpath.dsv
[3.385s] -- Up-to-date: /home/nvidia/workspace/alan/src/AMR_ros2_slam_nav2/install/ros2_rada_msg/lib/python3.6/site-packages/ros2_rada_msg/__init__.py
[3.592s] -- Up-to-date: /home/nvidia/workspace/alan/src/AMR_ros2_slam_nav2/install/ros2_rada_msg/lib/python3.6/site-packages/ros2_rada_msg/msg
[3.597s] -- Up-to-date: /home/nvidia/workspace/alan/src/AMR_ros2_slam_nav2/install/ros2_rada_msg/lib/python3.6/site-packages/ros2_rada_msg/msg/__init__.py
[3.599s] -- Up-to-date: /home/nvidia/workspace/alan/src/AMR_ros2_slam_nav2/install/ros2_rada_msg/lib/python3.6/site-packages/ros2_rada_msg/msg/_rada.py
[3.600s] -- Up-to-date: /home/nvidia/workspace/alan/src/AMR_ros2_slam_nav2/install/ros2_rada_msg/lib/python3.6/site-packages/ros2_rada_msg/msg/_rada_s.c
[3.601s] -- Up-to-date: /home/nvidia/workspace/alan/src/AMR_ros2_slam_nav2/install/ros2_rada_msg/lib/python3.6/site-packages/ros2_rada_msg/ros2_rada_msg_s__rosidl_typesupport_fastrtps_c.cpython-36m-aarch64-linux-gnu.so
[3.601s] -- Up-to-date: /home/nvidia/workspace/alan/src/AMR_ros2_slam_nav2/install/ros2_rada_msg/lib/python3.6/site-packages/ros2_rada_msg/ros2_rada_msg_s__rosidl_typesupport_introspection_c.cpython-36m-aarch64-linux-gnu.so
[3.602s] -- Up-to-date: /home/nvidia/workspace/alan/src/AMR_ros2_slam_nav2/install/ros2_rada_msg/lib/python3.6/site-packages/ros2_rada_msg/ros2_rada_msg_s__rosidl_typesupport_c.cpython-36m-aarch64-linux-gnu.so
[3.603s] -- Up-to-date: /home/nvidia/workspace/alan/src/AMR_ros2_slam_nav2/install/ros2_rada_msg/lib/libros2_rada_msg__python.so
[3.604s] -- Up-to-date: /home/nvidia/workspace/alan/src/AMR_ros2_slam_nav2/install/ros2_rada_msg/share/ros2_rada_msg/msg/Rada.idl
[3.605s] -- Up-to-date: /home/nvidia/workspace/alan/src/AMR_ros2_slam_nav2/install/ros2_rada_msg/share/ros2_rada_msg/msg/Rada.msg
[3.605s] -- Up-to-date: /home/nvidia/workspace/alan/src/AMR_ros2_slam_nav2/install/ros2_rada_msg/share/ament_index/resource_index/package_run_dependencies/ros2_rada_msg
[3.606s] -- Up-to-date: /home/nvidia/workspace/alan/src/AMR_ros2_slam_nav2/install/ros2_rada_msg/share/ament_index/resource_index/parent_prefix_path/ros2_rada_msg
[3.607s] -- Up-to-date: /home/nvidia/workspace/alan/src/AMR_ros2_slam_nav2/install/ros2_rada_msg/share/ros2_rada_msg/environment/ament_prefix_path.sh
[3.607s] -- Up-to-date: /home/nvidia/workspace/alan/src/AMR_ros2_slam_nav2/install/ros2_rada_msg/share/ros2_rada_msg/environment/ament_prefix_path.dsv
[3.608s] -- Up-to-date: /home/nvidia/workspace/alan/src/AMR_ros2_slam_nav2/install/ros2_rada_msg/share/ros2_rada_msg/environment/path.sh
[3.608s] -- Up-to-date: /home/nvidia/workspace/alan/src/AMR_ros2_slam_nav2/install/ros2_rada_msg/share/ros2_rada_msg/environment/path.dsv
[3.611s] -- Up-to-date: /home/nvidia/workspace/alan/src/AMR_ros2_slam_nav2/install/ros2_rada_msg/share/ros2_rada_msg/local_setup.bash
[3.613s] -- Up-to-date: /home/nvidia/workspace/alan/src/AMR_ros2_slam_nav2/install/ros2_rada_msg/share/ros2_rada_msg/local_setup.sh
[3.614s] -- Up-to-date: /home/nvidia/workspace/alan/src/AMR_ros2_slam_nav2/install/ros2_rada_msg/share/ros2_rada_msg/local_setup.zsh
[3.615s] -- Up-to-date: /home/nvidia/workspace/alan/src/AMR_ros2_slam_nav2/install/ros2_rada_msg/share/ros2_rada_msg/local_setup.dsv
[3.615s] -- Installing: /home/nvidia/workspace/alan/src/AMR_ros2_slam_nav2/install/ros2_rada_msg/share/ros2_rada_msg/package.dsv
[3.616s] -- Up-to-date: /home/nvidia/workspace/alan/src/AMR_ros2_slam_nav2/install/ros2_rada_msg/share/ament_index/resource_index/packages/ros2_rada_msg
[3.618s] -- Up-to-date: /home/nvidia/workspace/alan/src/AMR_ros2_slam_nav2/install/ros2_rada_msg/share/ros2_rada_msg/cmake/ros2_rada_msg__rosidl_generator_cExport.cmake
[3.620s] -- Up-to-date: /home/nvidia/workspace/alan/src/AMR_ros2_slam_nav2/install/ros2_rada_msg/share/ros2_rada_msg/cmake/ros2_rada_msg__rosidl_generator_cExport-noconfig.cmake
[3.627s] -- Up-to-date: /home/nvidia/workspace/alan/src/AMR_ros2_slam_nav2/install/ros2_rada_msg/share/ros2_rada_msg/cmake/ros2_rada_msg__rosidl_typesupport_introspection_cExport.cmake
[3.628s] -- Up-to-date: /home/nvidia/workspace/alan/src/AMR_ros2_slam_nav2/install/ros2_rada_msg/share/ros2_rada_msg/cmake/ros2_rada_msg__rosidl_typesupport_introspection_cExport-noconfig.cmake
[3.628s] -- Up-to-date: /home/nvidia/workspace/alan/src/AMR_ros2_slam_nav2/install/ros2_rada_msg/share/ros2_rada_msg/cmake/ros2_rada_msg__rosidl_typesupport_cExport.cmake
[3.629s] -- Up-to-date: /home/nvidia/workspace/alan/src/AMR_ros2_slam_nav2/install/ros2_rada_msg/share/ros2_rada_msg/cmake/ros2_rada_msg__rosidl_typesupport_cExport-noconfig.cmake
[3.630s] -- Up-to-date: /home/nvidia/workspace/alan/src/AMR_ros2_slam_nav2/install/ros2_rada_msg/share/ros2_rada_msg/cmake/ros2_rada_msg__rosidl_generator_cppExport.cmake
[3.630s] -- Up-to-date: /home/nvidia/workspace/alan/src/AMR_ros2_slam_nav2/install/ros2_rada_msg/share/ros2_rada_msg/cmake/ros2_rada_msg__rosidl_typesupport_introspection_cppExport.cmake
[3.631s] -- Up-to-date: /home/nvidia/workspace/alan/src/AMR_ros2_slam_nav2/install/ros2_rada_msg/share/ros2_rada_msg/cmake/ros2_rada_msg__rosidl_typesupport_introspection_cppExport-noconfig.cmake
[3.631s] -- Up-to-date: /home/nvidia/workspace/alan/src/AMR_ros2_slam_nav2/install/ros2_rada_msg/share/ros2_rada_msg/cmake/ros2_rada_msg__rosidl_typesupport_cppExport.cmake
[3.632s] -- Up-to-date: /home/nvidia/workspace/alan/src/AMR_ros2_slam_nav2/install/ros2_rada_msg/share/ros2_rada_msg/cmake/ros2_rada_msg__rosidl_typesupport_cppExport-noconfig.cmake
[3.633s] -- Up-to-date: /home/nvidia/workspace/alan/src/AMR_ros2_slam_nav2/install/ros2_rada_msg/share/ros2_rada_msg/cmake/rosidl_cmake-extras.cmake
[3.634s] -- Up-to-date: /home/nvidia/workspace/alan/src/AMR_ros2_slam_nav2/install/ros2_rada_msg/share/ros2_rada_msg/cmake/ament_cmake_export_dependencies-extras.cmake
[3.634s] -- Up-to-date: /home/nvidia/workspace/alan/src/AMR_ros2_slam_nav2/install/ros2_rada_msg/share/ros2_rada_msg/cmake/ament_cmake_export_libraries-extras.cmake
[3.635s] -- Up-to-date: /home/nvidia/workspace/alan/src/AMR_ros2_slam_nav2/install/ros2_rada_msg/share/ros2_rada_msg/cmake/ament_cmake_export_targets-extras.cmake
[3.636s] -- Up-to-date: /home/nvidia/workspace/alan/src/AMR_ros2_slam_nav2/install/ros2_rada_msg/share/ros2_rada_msg/cmake/ament_cmake_export_include_directories-extras.cmake
[3.637s] -- Up-to-date: /home/nvidia/workspace/alan/src/AMR_ros2_slam_nav2/install/ros2_rada_msg/share/ros2_rada_msg/cmake/rosidl_cmake_export_typesupport_libraries-extras.cmake
[3.637s] -- Up-to-date: /home/nvidia/workspace/alan/src/AMR_ros2_slam_nav2/install/ros2_rada_msg/share/ros2_rada_msg/cmake/rosidl_cmake_export_typesupport_targets-extras.cmake
[3.637s] -- Up-to-date: /home/nvidia/workspace/alan/src/AMR_ros2_slam_nav2/install/ros2_rada_msg/share/ros2_rada_msg/cmake/ros2_rada_msgConfig.cmake
[3.638s] -- Up-to-date: /home/nvidia/workspace/alan/src/AMR_ros2_slam_nav2/install/ros2_rada_msg/share/ros2_rada_msg/cmake/ros2_rada_msgConfig-version.cmake
[3.640s] -- Up-to-date: /home/nvidia/workspace/alan/src/AMR_ros2_slam_nav2/install/ros2_rada_msg/share/ros2_rada_msg/package.xml
[3.732s] Invoked command in '/home/nvidia/workspace/alan/src/AMR_ros2_slam_nav2/build/ros2_rada_msg' returned '0': CMAKE_PREFIX_PATH=${CMAKE_PREFIX_PATH}:/home/nvidia/workspace/alan/AMR/install/turtlebot3_teleop:/home/nvidia/workspace/alan/AMR/install/turtlebot3_example:/home/nvidia/workspace/alan/AMR/install/opencv_tests:/home/nvidia/workspace/alan/AMR/install/nav2_gazebo_spawner /usr/local/bin/cmake --install /home/nvidia/workspace/alan/src/AMR_ros2_slam_nav2/build/ros2_rada_msg
