[0.501s] Invoking command in '/home/nvidia/workspace/alan/src/AMR_ros2_slam_nav2/build/turtlebot3_msgs': CMAKE_PREFIX_PATH=${CMAKE_PREFIX_PATH}:/home/nvidia/workspace/alan/AMR/install/turtlebot3_teleop:/home/nvidia/workspace/alan/AMR/install/turtlebot3_example:/home/nvidia/workspace/alan/AMR/install/opencv_tests:/home/nvidia/workspace/alan/AMR/install/nav2_gazebo_spawner /usr/local/bin/cmake --build /home/nvidia/workspace/alan/src/AMR_ros2_slam_nav2/build/turtlebot3_msgs -- -j8 -l8
[0.661s] [  1%] Built target turtlebot3_msgs__cpp
[0.692s] [ 12%] Built target turtlebot3_msgs__rosidl_generator_c
[0.771s] [ 23%] Built target turtlebot3_msgs__rosidl_typesupport_cpp
[0.784s] [ 35%] Built target turtlebot3_msgs__rosidl_typesupport_fastrtps_cpp
[0.795s] [ 46%] Built target turtlebot3_msgs__rosidl_typesupport_c
[0.796s] [ 57%] Built target turtlebot3_msgs__rosidl_typesupport_introspection_cpp
[0.806s] [ 69%] Built target turtlebot3_msgs__rosidl_typesupport_introspection_c
[0.902s] [ 80%] Built target turtlebot3_msgs__rosidl_typesupport_fastrtps_c
[0.959s] [ 80%] Built target turtlebot3_msgs
[1.050s] [ 81%] Built target turtlebot3_msgs__py
[1.149s] [ 91%] Built target turtlebot3_msgs__python
[1.268s] [ 94%] Built target turtlebot3_msgs__rosidl_typesupport_c__pyext
[1.285s] [ 97%] Built target turtlebot3_msgs__rosidl_typesupport_introspection_c__pyext
[1.287s] [100%] Built target turtlebot3_msgs__rosidl_typesupport_fastrtps_c__pyext
[1.315s] Invoked command in '/home/nvidia/workspace/alan/src/AMR_ros2_slam_nav2/build/turtlebot3_msgs' returned '0': CMAKE_PREFIX_PATH=${CMAKE_PREFIX_PATH}:/home/nvidia/workspace/alan/AMR/install/turtlebot3_teleop:/home/nvidia/workspace/alan/AMR/install/turtlebot3_example:/home/nvidia/workspace/alan/AMR/install/opencv_tests:/home/nvidia/workspace/alan/AMR/install/nav2_gazebo_spawner /usr/local/bin/cmake --build /home/nvidia/workspace/alan/src/AMR_ros2_slam_nav2/build/turtlebot3_msgs -- -j8 -l8
[3.286s] Invoking command in '/home/nvidia/workspace/alan/src/AMR_ros2_slam_nav2/build/turtlebot3_msgs': CMAKE_PREFIX_PATH=${CMAKE_PREFIX_PATH}:/home/nvidia/workspace/alan/AMR/install/turtlebot3_teleop:/home/nvidia/workspace/alan/AMR/install/turtlebot3_example:/home/nvidia/workspace/alan/AMR/install/opencv_tests:/home/nvidia/workspace/alan/AMR/install/nav2_gazebo_spawner /usr/local/bin/cmake --install /home/nvidia/workspace/alan/src/AMR_ros2_slam_nav2/build/turtlebot3_msgs
[3.338s] -- Install configuration: ""
[3.347s] -- Up-to-date: /home/nvidia/workspace/alan/src/AMR_ros2_slam_nav2/install/turtlebot3_msgs/share/ament_index/resource_index/rosidl_interfaces/turtlebot3_msgs
[3.350s] -- Up-to-date: /home/nvidia/workspace/alan/src/AMR_ros2_slam_nav2/install/turtlebot3_msgs/include/turtlebot3_msgs
[3.351s] -- Up-to-date: /home/nvidia/workspace/alan/src/AMR_ros2_slam_nav2/install/turtlebot3_msgs/include/turtlebot3_msgs/action
[3.351s] -- Up-to-date: /home/nvidia/workspace/alan/src/AMR_ros2_slam_nav2/install/turtlebot3_msgs/include/turtlebot3_msgs/action/detail
[3.352s] -- Up-to-date: /home/nvidia/workspace/alan/src/AMR_ros2_slam_nav2/install/turtlebot3_msgs/include/turtlebot3_msgs/action/detail/patrol__struct.h
[3.352s] -- Up-to-date: /home/nvidia/workspace/alan/src/AMR_ros2_slam_nav2/install/turtlebot3_msgs/include/turtlebot3_msgs/action/detail/patrol__type_support.h
[3.353s] -- Up-to-date: /home/nvidia/workspace/alan/src/AMR_ros2_slam_nav2/install/turtlebot3_msgs/include/turtlebot3_msgs/action/detail/patrol__functions.h
[3.353s] -- Up-to-date: /home/nvidia/workspace/alan/src/AMR_ros2_slam_nav2/install/turtlebot3_msgs/include/turtlebot3_msgs/action/detail/patrol__functions.c
[3.354s] -- Up-to-date: /home/nvidia/workspace/alan/src/AMR_ros2_slam_nav2/install/turtlebot3_msgs/include/turtlebot3_msgs/action/patrol.h
[3.354s] -- Up-to-date: /home/nvidia/workspace/alan/src/AMR_ros2_slam_nav2/install/turtlebot3_msgs/include/turtlebot3_msgs/srv
[3.354s] -- Up-to-date: /home/nvidia/workspace/alan/src/AMR_ros2_slam_nav2/install/turtlebot3_msgs/include/turtlebot3_msgs/srv/detail
[3.354s] -- Up-to-date: /home/nvidia/workspace/alan/src/AMR_ros2_slam_nav2/install/turtlebot3_msgs/include/turtlebot3_msgs/srv/detail/sound__functions.h
[3.355s] -- Up-to-date: /home/nvidia/workspace/alan/src/AMR_ros2_slam_nav2/install/turtlebot3_msgs/include/turtlebot3_msgs/srv/detail/dqn__type_support.h
[3.355s] -- Up-to-date: /home/nvidia/workspace/alan/src/AMR_ros2_slam_nav2/install/turtlebot3_msgs/include/turtlebot3_msgs/srv/detail/sound__functions.c
[3.357s] -- Up-to-date: /home/nvidia/workspace/alan/src/AMR_ros2_slam_nav2/install/turtlebot3_msgs/include/turtlebot3_msgs/srv/detail/dqn__struct.h
[3.358s] -- Up-to-date: /home/nvidia/workspace/alan/src/AMR_ros2_slam_nav2/install/turtlebot3_msgs/include/turtlebot3_msgs/srv/detail/sound__struct.h
[3.359s] -- Up-to-date: /home/nvidia/workspace/alan/src/AMR_ros2_slam_nav2/install/turtlebot3_msgs/include/turtlebot3_msgs/srv/detail/dqn__functions.h
[3.359s] -- Up-to-date: /home/nvidia/workspace/alan/src/AMR_ros2_slam_nav2/install/turtlebot3_msgs/include/turtlebot3_msgs/srv/detail/sound__type_support.h
[3.359s] -- Up-to-date: /home/nvidia/workspace/alan/src/AMR_ros2_slam_nav2/install/turtlebot3_msgs/include/turtlebot3_msgs/srv/detail/dqn__functions.c
[3.360s] -- Up-to-date: /home/nvidia/workspace/alan/src/AMR_ros2_slam_nav2/install/turtlebot3_msgs/include/turtlebot3_msgs/srv/sound.h
[3.360s] -- Up-to-date: /home/nvidia/workspace/alan/src/AMR_ros2_slam_nav2/install/turtlebot3_msgs/include/turtlebot3_msgs/srv/dqn.h
[3.361s] -- Up-to-date: /home/nvidia/workspace/alan/src/AMR_ros2_slam_nav2/install/turtlebot3_msgs/include/turtlebot3_msgs/msg
[3.361s] -- Up-to-date: /home/nvidia/workspace/alan/src/AMR_ros2_slam_nav2/install/turtlebot3_msgs/include/turtlebot3_msgs/msg/version_info.h
[3.363s] -- Up-to-date: /home/nvidia/workspace/alan/src/AMR_ros2_slam_nav2/install/turtlebot3_msgs/include/turtlebot3_msgs/msg/detail
[3.364s] -- Up-to-date: /home/nvidia/workspace/alan/src/AMR_ros2_slam_nav2/install/turtlebot3_msgs/include/turtlebot3_msgs/msg/detail/sound__functions.h
[3.364s] -- Up-to-date: /home/nvidia/workspace/alan/src/AMR_ros2_slam_nav2/install/turtlebot3_msgs/include/turtlebot3_msgs/msg/detail/sensor_state__type_support.h
[3.364s] -- Up-to-date: /home/nvidia/workspace/alan/src/AMR_ros2_slam_nav2/install/turtlebot3_msgs/include/turtlebot3_msgs/msg/detail/version_info__struct.h
[3.365s] -- Up-to-date: /home/nvidia/workspace/alan/src/AMR_ros2_slam_nav2/install/turtlebot3_msgs/include/turtlebot3_msgs/msg/detail/version_info__functions.c
[3.367s] -- Up-to-date: /home/nvidia/workspace/alan/src/AMR_ros2_slam_nav2/install/turtlebot3_msgs/include/turtlebot3_msgs/msg/detail/sound__functions.c
[3.367s] -- Up-to-date: /home/nvidia/workspace/alan/src/AMR_ros2_slam_nav2/install/turtlebot3_msgs/include/turtlebot3_msgs/msg/detail/version_info__type_support.h
[3.368s] -- Up-to-date: /home/nvidia/workspace/alan/src/AMR_ros2_slam_nav2/install/turtlebot3_msgs/include/turtlebot3_msgs/msg/detail/sensor_state__functions.h
[3.368s] -- Up-to-date: /home/nvidia/workspace/alan/src/AMR_ros2_slam_nav2/install/turtlebot3_msgs/include/turtlebot3_msgs/msg/detail/sensor_state__struct.h
[3.369s] -- Up-to-date: /home/nvidia/workspace/alan/src/AMR_ros2_slam_nav2/install/turtlebot3_msgs/include/turtlebot3_msgs/msg/detail/sound__struct.h
[3.370s] -- Up-to-date: /home/nvidia/workspace/alan/src/AMR_ros2_slam_nav2/install/turtlebot3_msgs/include/turtlebot3_msgs/msg/detail/sensor_state__functions.c
[3.370s] -- Up-to-date: /home/nvidia/workspace/alan/src/AMR_ros2_slam_nav2/install/turtlebot3_msgs/include/turtlebot3_msgs/msg/detail/sound__type_support.h
[3.371s] -- Up-to-date: /home/nvidia/workspace/alan/src/AMR_ros2_slam_nav2/install/turtlebot3_msgs/include/turtlebot3_msgs/msg/detail/version_info__functions.h
[3.371s] -- Up-to-date: /home/nvidia/workspace/alan/src/AMR_ros2_slam_nav2/install/turtlebot3_msgs/include/turtlebot3_msgs/msg/rosidl_generator_c__visibility_control.h
[3.371s] -- Up-to-date: /home/nvidia/workspace/alan/src/AMR_ros2_slam_nav2/install/turtlebot3_msgs/include/turtlebot3_msgs/msg/sensor_state.h
[3.372s] -- Up-to-date: /home/nvidia/workspace/alan/src/AMR_ros2_slam_nav2/install/turtlebot3_msgs/include/turtlebot3_msgs/msg/sound.h
[3.373s] -- Up-to-date: /home/nvidia/workspace/alan/src/AMR_ros2_slam_nav2/install/turtlebot3_msgs/share/turtlebot3_msgs/environment/library_path.sh
[3.373s] -- Up-to-date: /home/nvidia/workspace/alan/src/AMR_ros2_slam_nav2/install/turtlebot3_msgs/share/turtlebot3_msgs/environment/library_path.dsv
[3.374s] -- Up-to-date: /home/nvidia/workspace/alan/src/AMR_ros2_slam_nav2/install/turtlebot3_msgs/lib/libturtlebot3_msgs__rosidl_generator_c.so
[3.374s] -- Up-to-date: /home/nvidia/workspace/alan/src/AMR_ros2_slam_nav2/install/turtlebot3_msgs/include/turtlebot3_msgs
[3.375s] -- Up-to-date: /home/nvidia/workspace/alan/src/AMR_ros2_slam_nav2/install/turtlebot3_msgs/include/turtlebot3_msgs/action
[3.375s] -- Up-to-date: /home/nvidia/workspace/alan/src/AMR_ros2_slam_nav2/install/turtlebot3_msgs/include/turtlebot3_msgs/action/detail
[3.375s] -- Up-to-date: /home/nvidia/workspace/alan/src/AMR_ros2_slam_nav2/install/turtlebot3_msgs/include/turtlebot3_msgs/action/detail/patrol__rosidl_typesupport_fastrtps_c.h
[3.376s] -- Up-to-date: /home/nvidia/workspace/alan/src/AMR_ros2_slam_nav2/install/turtlebot3_msgs/include/turtlebot3_msgs/srv
[3.376s] -- Up-to-date: /home/nvidia/workspace/alan/src/AMR_ros2_slam_nav2/install/turtlebot3_msgs/include/turtlebot3_msgs/srv/detail
[3.376s] -- Up-to-date: /home/nvidia/workspace/alan/src/AMR_ros2_slam_nav2/install/turtlebot3_msgs/include/turtlebot3_msgs/srv/detail/sound__rosidl_typesupport_fastrtps_c.h
[3.376s] -- Up-to-date: /home/nvidia/workspace/alan/src/AMR_ros2_slam_nav2/install/turtlebot3_msgs/include/turtlebot3_msgs/srv/detail/dqn__rosidl_typesupport_fastrtps_c.h
[3.377s] -- Up-to-date: /home/nvidia/workspace/alan/src/AMR_ros2_slam_nav2/install/turtlebot3_msgs/include/turtlebot3_msgs/msg
[3.378s] -- Up-to-date: /home/nvidia/workspace/alan/src/AMR_ros2_slam_nav2/install/turtlebot3_msgs/include/turtlebot3_msgs/msg/detail
[3.378s] -- Up-to-date: /home/nvidia/workspace/alan/src/AMR_ros2_slam_nav2/install/turtlebot3_msgs/include/turtlebot3_msgs/msg/detail/sound__rosidl_typesupport_fastrtps_c.h
[3.380s] -- Up-to-date: /home/nvidia/workspace/alan/src/AMR_ros2_slam_nav2/install/turtlebot3_msgs/include/turtlebot3_msgs/msg/detail/version_info__rosidl_typesupport_fastrtps_c.h
[3.380s] -- Up-to-date: /home/nvidia/workspace/alan/src/AMR_ros2_slam_nav2/install/turtlebot3_msgs/include/turtlebot3_msgs/msg/detail/sensor_state__rosidl_typesupport_fastrtps_c.h
[3.380s] -- Up-to-date: /home/nvidia/workspace/alan/src/AMR_ros2_slam_nav2/install/turtlebot3_msgs/include/turtlebot3_msgs/msg/rosidl_typesupport_fastrtps_c__visibility_control.h
[3.382s] -- Up-to-date: /home/nvidia/workspace/alan/src/AMR_ros2_slam_nav2/install/turtlebot3_msgs/lib/libturtlebot3_msgs__rosidl_typesupport_fastrtps_c.so
[3.383s] -- Up-to-date: /home/nvidia/workspace/alan/src/AMR_ros2_slam_nav2/install/turtlebot3_msgs/include/turtlebot3_msgs
[3.383s] -- Up-to-date: /home/nvidia/workspace/alan/src/AMR_ros2_slam_nav2/install/turtlebot3_msgs/include/turtlebot3_msgs/action
[3.384s] -- Up-to-date: /home/nvidia/workspace/alan/src/AMR_ros2_slam_nav2/install/turtlebot3_msgs/include/turtlebot3_msgs/action/detail
[3.386s] -- Up-to-date: /home/nvidia/workspace/alan/src/AMR_ros2_slam_nav2/install/turtlebot3_msgs/include/turtlebot3_msgs/action/detail/patrol__rosidl_typesupport_fastrtps_cpp.hpp
[3.386s] -- Up-to-date: /home/nvidia/workspace/alan/src/AMR_ros2_slam_nav2/install/turtlebot3_msgs/include/turtlebot3_msgs/action/detail/dds_fastrtps
[3.387s] -- Up-to-date: /home/nvidia/workspace/alan/src/AMR_ros2_slam_nav2/install/turtlebot3_msgs/include/turtlebot3_msgs/srv
[3.387s] -- Up-to-date: /home/nvidia/workspace/alan/src/AMR_ros2_slam_nav2/install/turtlebot3_msgs/include/turtlebot3_msgs/srv/detail
[3.387s] -- Up-to-date: /home/nvidia/workspace/alan/src/AMR_ros2_slam_nav2/install/turtlebot3_msgs/include/turtlebot3_msgs/srv/detail/sound__rosidl_typesupport_fastrtps_cpp.hpp
[3.388s] -- Up-to-date: /home/nvidia/workspace/alan/src/AMR_ros2_slam_nav2/install/turtlebot3_msgs/include/turtlebot3_msgs/srv/detail/dqn__rosidl_typesupport_fastrtps_cpp.hpp
[3.388s] -- Up-to-date: /home/nvidia/workspace/alan/src/AMR_ros2_slam_nav2/install/turtlebot3_msgs/include/turtlebot3_msgs/srv/detail/dds_fastrtps
[3.389s] -- Up-to-date: /home/nvidia/workspace/alan/src/AMR_ros2_slam_nav2/install/turtlebot3_msgs/include/turtlebot3_msgs/msg
[3.389s] -- Up-to-date: /home/nvidia/workspace/alan/src/AMR_ros2_slam_nav2/install/turtlebot3_msgs/include/turtlebot3_msgs/msg/detail
[3.390s] -- Up-to-date: /home/nvidia/workspace/alan/src/AMR_ros2_slam_nav2/install/turtlebot3_msgs/include/turtlebot3_msgs/msg/detail/sound__rosidl_typesupport_fastrtps_cpp.hpp
[3.390s] -- Up-to-date: /home/nvidia/workspace/alan/src/AMR_ros2_slam_nav2/install/turtlebot3_msgs/include/turtlebot3_msgs/msg/detail/version_info__rosidl_typesupport_fastrtps_cpp.hpp
[3.390s] -- Up-to-date: /home/nvidia/workspace/alan/src/AMR_ros2_slam_nav2/install/turtlebot3_msgs/include/turtlebot3_msgs/msg/detail/dds_fastrtps
[3.390s] -- Up-to-date: /home/nvidia/workspace/alan/src/AMR_ros2_slam_nav2/install/turtlebot3_msgs/include/turtlebot3_msgs/msg/detail/sensor_state__rosidl_typesupport_fastrtps_cpp.hpp
[3.391s] -- Up-to-date: /home/nvidia/workspace/alan/src/AMR_ros2_slam_nav2/install/turtlebot3_msgs/include/turtlebot3_msgs/msg/rosidl_typesupport_fastrtps_cpp__visibility_control.h
[3.392s] -- Up-to-date: /home/nvidia/workspace/alan/src/AMR_ros2_slam_nav2/install/turtlebot3_msgs/lib/libturtlebot3_msgs__rosidl_typesupport_fastrtps_cpp.so
[3.395s] -- Up-to-date: /home/nvidia/workspace/alan/src/AMR_ros2_slam_nav2/install/turtlebot3_msgs/include/turtlebot3_msgs
[3.397s] -- Up-to-date: /home/nvidia/workspace/alan/src/AMR_ros2_slam_nav2/install/turtlebot3_msgs/include/turtlebot3_msgs/action
[3.398s] -- Up-to-date: /home/nvidia/workspace/alan/src/AMR_ros2_slam_nav2/install/turtlebot3_msgs/include/turtlebot3_msgs/action/detail
[3.402s] -- Up-to-date: /home/nvidia/workspace/alan/src/AMR_ros2_slam_nav2/install/turtlebot3_msgs/include/turtlebot3_msgs/action/detail/patrol__type_support.c
[3.403s] -- Up-to-date: /home/nvidia/workspace/alan/src/AMR_ros2_slam_nav2/install/turtlebot3_msgs/include/turtlebot3_msgs/action/detail/patrol__rosidl_typesupport_introspection_c.h
[3.403s] -- Up-to-date: /home/nvidia/workspace/alan/src/AMR_ros2_slam_nav2/install/turtlebot3_msgs/include/turtlebot3_msgs/srv
[3.405s] -- Up-to-date: /home/nvidia/workspace/alan/src/AMR_ros2_slam_nav2/install/turtlebot3_msgs/include/turtlebot3_msgs/srv/detail
[3.407s] -- Up-to-date: /home/nvidia/workspace/alan/src/AMR_ros2_slam_nav2/install/turtlebot3_msgs/include/turtlebot3_msgs/srv/detail/sound__rosidl_typesupport_introspection_c.h
[3.407s] -- Up-to-date: /home/nvidia/workspace/alan/src/AMR_ros2_slam_nav2/install/turtlebot3_msgs/include/turtlebot3_msgs/srv/detail/dqn__rosidl_typesupport_introspection_c.h
[3.407s] -- Up-to-date: /home/nvidia/workspace/alan/src/AMR_ros2_slam_nav2/install/turtlebot3_msgs/include/turtlebot3_msgs/srv/detail/dqn__type_support.c
[3.408s] -- Up-to-date: /home/nvidia/workspace/alan/src/AMR_ros2_slam_nav2/install/turtlebot3_msgs/include/turtlebot3_msgs/srv/detail/sound__type_support.c
[3.408s] -- Up-to-date: /home/nvidia/workspace/alan/src/AMR_ros2_slam_nav2/install/turtlebot3_msgs/include/turtlebot3_msgs/msg
[3.408s] -- Up-to-date: /home/nvidia/workspace/alan/src/AMR_ros2_slam_nav2/install/turtlebot3_msgs/include/turtlebot3_msgs/msg/detail
[3.409s] -- Up-to-date: /home/nvidia/workspace/alan/src/AMR_ros2_slam_nav2/install/turtlebot3_msgs/include/turtlebot3_msgs/msg/detail/sound__rosidl_typesupport_introspection_c.h
[3.409s] -- Up-to-date: /home/nvidia/workspace/alan/src/AMR_ros2_slam_nav2/install/turtlebot3_msgs/include/turtlebot3_msgs/msg/detail/sensor_state__type_support.c
[3.410s] -- Up-to-date: /home/nvidia/workspace/alan/src/AMR_ros2_slam_nav2/install/turtlebot3_msgs/include/turtlebot3_msgs/msg/detail/version_info__type_support.c
[3.410s] -- Up-to-date: /home/nvidia/workspace/alan/src/AMR_ros2_slam_nav2/install/turtlebot3_msgs/include/turtlebot3_msgs/msg/detail/sound__type_support.c
[3.411s] -- Up-to-date: /home/nvidia/workspace/alan/src/AMR_ros2_slam_nav2/install/turtlebot3_msgs/include/turtlebot3_msgs/msg/detail/version_info__rosidl_typesupport_introspection_c.h
[3.411s] -- Up-to-date: /home/nvidia/workspace/alan/src/AMR_ros2_slam_nav2/install/turtlebot3_msgs/include/turtlebot3_msgs/msg/detail/sensor_state__rosidl_typesupport_introspection_c.h
[3.411s] -- Up-to-date: /home/nvidia/workspace/alan/src/AMR_ros2_slam_nav2/install/turtlebot3_msgs/include/turtlebot3_msgs/msg/rosidl_typesupport_introspection_c__visibility_control.h
[3.412s] -- Up-to-date: /home/nvidia/workspace/alan/src/AMR_ros2_slam_nav2/install/turtlebot3_msgs/lib/libturtlebot3_msgs__rosidl_typesupport_introspection_c.so
[3.412s] -- Up-to-date: /home/nvidia/workspace/alan/src/AMR_ros2_slam_nav2/install/turtlebot3_msgs/lib/libturtlebot3_msgs__rosidl_typesupport_c.so
[3.413s] -- Up-to-date: /home/nvidia/workspace/alan/src/AMR_ros2_slam_nav2/install/turtlebot3_msgs/include/turtlebot3_msgs
[3.414s] -- Up-to-date: /home/nvidia/workspace/alan/src/AMR_ros2_slam_nav2/install/turtlebot3_msgs/include/turtlebot3_msgs/action
[3.414s] -- Up-to-date: /home/nvidia/workspace/alan/src/AMR_ros2_slam_nav2/install/turtlebot3_msgs/include/turtlebot3_msgs/action/patrol.hpp
[3.414s] -- Up-to-date: /home/nvidia/workspace/alan/src/AMR_ros2_slam_nav2/install/turtlebot3_msgs/include/turtlebot3_msgs/action/detail
[3.415s] -- Up-to-date: /home/nvidia/workspace/alan/src/AMR_ros2_slam_nav2/install/turtlebot3_msgs/include/turtlebot3_msgs/action/detail/patrol__builder.hpp
[3.415s] -- Up-to-date: /home/nvidia/workspace/alan/src/AMR_ros2_slam_nav2/install/turtlebot3_msgs/include/turtlebot3_msgs/action/detail/patrol__traits.hpp
[3.416s] -- Up-to-date: /home/nvidia/workspace/alan/src/AMR_ros2_slam_nav2/install/turtlebot3_msgs/include/turtlebot3_msgs/action/detail/patrol__struct.hpp
[3.416s] -- Up-to-date: /home/nvidia/workspace/alan/src/AMR_ros2_slam_nav2/install/turtlebot3_msgs/include/turtlebot3_msgs/srv
[3.416s] -- Up-to-date: /home/nvidia/workspace/alan/src/AMR_ros2_slam_nav2/install/turtlebot3_msgs/include/turtlebot3_msgs/srv/dqn.hpp
[3.417s] -- Up-to-date: /home/nvidia/workspace/alan/src/AMR_ros2_slam_nav2/install/turtlebot3_msgs/include/turtlebot3_msgs/srv/sound.hpp
[3.417s] -- Up-to-date: /home/nvidia/workspace/alan/src/AMR_ros2_slam_nav2/install/turtlebot3_msgs/include/turtlebot3_msgs/srv/detail
[3.418s] -- Up-to-date: /home/nvidia/workspace/alan/src/AMR_ros2_slam_nav2/install/turtlebot3_msgs/include/turtlebot3_msgs/srv/detail/sound__struct.hpp
[3.418s] -- Up-to-date: /home/nvidia/workspace/alan/src/AMR_ros2_slam_nav2/install/turtlebot3_msgs/include/turtlebot3_msgs/srv/detail/sound__traits.hpp
[3.419s] -- Up-to-date: /home/nvidia/workspace/alan/src/AMR_ros2_slam_nav2/install/turtlebot3_msgs/include/turtlebot3_msgs/srv/detail/dqn__traits.hpp
[3.419s] -- Up-to-date: /home/nvidia/workspace/alan/src/AMR_ros2_slam_nav2/install/turtlebot3_msgs/include/turtlebot3_msgs/srv/detail/sound__builder.hpp
[3.419s] -- Up-to-date: /home/nvidia/workspace/alan/src/AMR_ros2_slam_nav2/install/turtlebot3_msgs/include/turtlebot3_msgs/srv/detail/dqn__struct.hpp
[3.419s] -- Up-to-date: /home/nvidia/workspace/alan/src/AMR_ros2_slam_nav2/install/turtlebot3_msgs/include/turtlebot3_msgs/srv/detail/dqn__builder.hpp
[3.420s] -- Up-to-date: /home/nvidia/workspace/alan/src/AMR_ros2_slam_nav2/install/turtlebot3_msgs/include/turtlebot3_msgs/msg
[3.420s] -- Up-to-date: /home/nvidia/workspace/alan/src/AMR_ros2_slam_nav2/install/turtlebot3_msgs/include/turtlebot3_msgs/msg/version_info.hpp
[3.420s] -- Up-to-date: /home/nvidia/workspace/alan/src/AMR_ros2_slam_nav2/install/turtlebot3_msgs/include/turtlebot3_msgs/msg/sound.hpp
[3.421s] -- Up-to-date: /home/nvidia/workspace/alan/src/AMR_ros2_slam_nav2/install/turtlebot3_msgs/include/turtlebot3_msgs/msg/detail
[3.421s] -- Up-to-date: /home/nvidia/workspace/alan/src/AMR_ros2_slam_nav2/install/turtlebot3_msgs/include/turtlebot3_msgs/msg/detail/sound__struct.hpp
[3.421s] -- Up-to-date: /home/nvidia/workspace/alan/src/AMR_ros2_slam_nav2/install/turtlebot3_msgs/include/turtlebot3_msgs/msg/detail/sensor_state__traits.hpp
[3.422s] -- Up-to-date: /home/nvidia/workspace/alan/src/AMR_ros2_slam_nav2/install/turtlebot3_msgs/include/turtlebot3_msgs/msg/detail/sound__traits.hpp
[3.422s] -- Up-to-date: /home/nvidia/workspace/alan/src/AMR_ros2_slam_nav2/install/turtlebot3_msgs/include/turtlebot3_msgs/msg/detail/sensor_state__builder.hpp
[3.422s] -- Up-to-date: /home/nvidia/workspace/alan/src/AMR_ros2_slam_nav2/install/turtlebot3_msgs/include/turtlebot3_msgs/msg/detail/version_info__struct.hpp
[3.422s] -- Up-to-date: /home/nvidia/workspace/alan/src/AMR_ros2_slam_nav2/install/turtlebot3_msgs/include/turtlebot3_msgs/msg/detail/sound__builder.hpp
[3.423s] -- Up-to-date: /home/nvidia/workspace/alan/src/AMR_ros2_slam_nav2/install/turtlebot3_msgs/include/turtlebot3_msgs/msg/detail/version_info__traits.hpp
[3.423s] -- Up-to-date: /home/nvidia/workspace/alan/src/AMR_ros2_slam_nav2/install/turtlebot3_msgs/include/turtlebot3_msgs/msg/detail/sensor_state__struct.hpp
[3.423s] -- Up-to-date: /home/nvidia/workspace/alan/src/AMR_ros2_slam_nav2/install/turtlebot3_msgs/include/turtlebot3_msgs/msg/detail/version_info__builder.hpp
[3.424s] -- Up-to-date: /home/nvidia/workspace/alan/src/AMR_ros2_slam_nav2/install/turtlebot3_msgs/include/turtlebot3_msgs/msg/sensor_state.hpp
[3.425s] -- Up-to-date: /home/nvidia/workspace/alan/src/AMR_ros2_slam_nav2/install/turtlebot3_msgs/include/turtlebot3_msgs
[3.425s] -- Up-to-date: /home/nvidia/workspace/alan/src/AMR_ros2_slam_nav2/install/turtlebot3_msgs/include/turtlebot3_msgs/action
[3.426s] -- Up-to-date: /home/nvidia/workspace/alan/src/AMR_ros2_slam_nav2/install/turtlebot3_msgs/include/turtlebot3_msgs/action/detail
[3.427s] -- Up-to-date: /home/nvidia/workspace/alan/src/AMR_ros2_slam_nav2/install/turtlebot3_msgs/include/turtlebot3_msgs/action/detail/patrol__rosidl_typesupport_introspection_cpp.hpp
[3.427s] -- Up-to-date: /home/nvidia/workspace/alan/src/AMR_ros2_slam_nav2/install/turtlebot3_msgs/include/turtlebot3_msgs/action/detail/patrol__type_support.cpp
[3.429s] -- Up-to-date: /home/nvidia/workspace/alan/src/AMR_ros2_slam_nav2/install/turtlebot3_msgs/include/turtlebot3_msgs/srv
[3.429s] -- Up-to-date: /home/nvidia/workspace/alan/src/AMR_ros2_slam_nav2/install/turtlebot3_msgs/include/turtlebot3_msgs/srv/detail
[3.429s] -- Up-to-date: /home/nvidia/workspace/alan/src/AMR_ros2_slam_nav2/install/turtlebot3_msgs/include/turtlebot3_msgs/srv/detail/dqn__rosidl_typesupport_introspection_cpp.hpp
[3.430s] -- Up-to-date: /home/nvidia/workspace/alan/src/AMR_ros2_slam_nav2/install/turtlebot3_msgs/include/turtlebot3_msgs/srv/detail/dqn__type_support.cpp
[3.430s] -- Up-to-date: /home/nvidia/workspace/alan/src/AMR_ros2_slam_nav2/install/turtlebot3_msgs/include/turtlebot3_msgs/srv/detail/sound__type_support.cpp
[3.430s] -- Up-to-date: /home/nvidia/workspace/alan/src/AMR_ros2_slam_nav2/install/turtlebot3_msgs/include/turtlebot3_msgs/srv/detail/sound__rosidl_typesupport_introspection_cpp.hpp
[3.431s] -- Up-to-date: /home/nvidia/workspace/alan/src/AMR_ros2_slam_nav2/install/turtlebot3_msgs/include/turtlebot3_msgs/msg
[3.431s] -- Up-to-date: /home/nvidia/workspace/alan/src/AMR_ros2_slam_nav2/install/turtlebot3_msgs/include/turtlebot3_msgs/msg/detail
[3.431s] -- Up-to-date: /home/nvidia/workspace/alan/src/AMR_ros2_slam_nav2/install/turtlebot3_msgs/include/turtlebot3_msgs/msg/detail/version_info__type_support.cpp
[3.432s] -- Up-to-date: /home/nvidia/workspace/alan/src/AMR_ros2_slam_nav2/install/turtlebot3_msgs/include/turtlebot3_msgs/msg/detail/version_info__rosidl_typesupport_introspection_cpp.hpp
[3.432s] -- Up-to-date: /home/nvidia/workspace/alan/src/AMR_ros2_slam_nav2/install/turtlebot3_msgs/include/turtlebot3_msgs/msg/detail/sensor_state__rosidl_typesupport_introspection_cpp.hpp
[3.432s] -- Up-to-date: /home/nvidia/workspace/alan/src/AMR_ros2_slam_nav2/install/turtlebot3_msgs/include/turtlebot3_msgs/msg/detail/sensor_state__type_support.cpp
[3.433s] -- Up-to-date: /home/nvidia/workspace/alan/src/AMR_ros2_slam_nav2/install/turtlebot3_msgs/include/turtlebot3_msgs/msg/detail/sound__type_support.cpp
[3.433s] -- Up-to-date: /home/nvidia/workspace/alan/src/AMR_ros2_slam_nav2/install/turtlebot3_msgs/include/turtlebot3_msgs/msg/detail/sound__rosidl_typesupport_introspection_cpp.hpp
[3.434s] -- Up-to-date: /home/nvidia/workspace/alan/src/AMR_ros2_slam_nav2/install/turtlebot3_msgs/lib/libturtlebot3_msgs__rosidl_typesupport_introspection_cpp.so
[3.434s] -- Up-to-date: /home/nvidia/workspace/alan/src/AMR_ros2_slam_nav2/install/turtlebot3_msgs/lib/libturtlebot3_msgs__rosidl_typesupport_cpp.so
[3.437s] -- Up-to-date: /home/nvidia/workspace/alan/src/AMR_ros2_slam_nav2/install/turtlebot3_msgs/share/turtlebot3_msgs/environment/pythonpath.sh
[3.438s] -- Up-to-date: /home/nvidia/workspace/alan/src/AMR_ros2_slam_nav2/install/turtlebot3_msgs/share/turtlebot3_msgs/environment/pythonpath.dsv
[3.439s] -- Up-to-date: /home/nvidia/workspace/alan/src/AMR_ros2_slam_nav2/install/turtlebot3_msgs/lib/python3.6/site-packages/turtlebot3_msgs/__init__.py
[3.671s] -- Up-to-date: /home/nvidia/workspace/alan/src/AMR_ros2_slam_nav2/install/turtlebot3_msgs/lib/python3.6/site-packages/turtlebot3_msgs/msg
[3.671s] -- Up-to-date: /home/nvidia/workspace/alan/src/AMR_ros2_slam_nav2/install/turtlebot3_msgs/lib/python3.6/site-packages/turtlebot3_msgs/msg/_sound_s.c
[3.674s] -- Up-to-date: /home/nvidia/workspace/alan/src/AMR_ros2_slam_nav2/install/turtlebot3_msgs/lib/python3.6/site-packages/turtlebot3_msgs/msg/__init__.py
[3.674s] -- Up-to-date: /home/nvidia/workspace/alan/src/AMR_ros2_slam_nav2/install/turtlebot3_msgs/lib/python3.6/site-packages/turtlebot3_msgs/msg/_sensor_state_s.c
[3.675s] -- Up-to-date: /home/nvidia/workspace/alan/src/AMR_ros2_slam_nav2/install/turtlebot3_msgs/lib/python3.6/site-packages/turtlebot3_msgs/msg/_version_info_s.c
[3.675s] -- Up-to-date: /home/nvidia/workspace/alan/src/AMR_ros2_slam_nav2/install/turtlebot3_msgs/lib/python3.6/site-packages/turtlebot3_msgs/msg/_sound.py
[3.676s] -- Up-to-date: /home/nvidia/workspace/alan/src/AMR_ros2_slam_nav2/install/turtlebot3_msgs/lib/python3.6/site-packages/turtlebot3_msgs/msg/_version_info.py
[3.676s] -- Up-to-date: /home/nvidia/workspace/alan/src/AMR_ros2_slam_nav2/install/turtlebot3_msgs/lib/python3.6/site-packages/turtlebot3_msgs/msg/_sensor_state.py
[3.676s] -- Up-to-date: /home/nvidia/workspace/alan/src/AMR_ros2_slam_nav2/install/turtlebot3_msgs/lib/python3.6/site-packages/turtlebot3_msgs/srv
[3.677s] -- Up-to-date: /home/nvidia/workspace/alan/src/AMR_ros2_slam_nav2/install/turtlebot3_msgs/lib/python3.6/site-packages/turtlebot3_msgs/srv/_sound_s.c
[3.677s] -- Up-to-date: /home/nvidia/workspace/alan/src/AMR_ros2_slam_nav2/install/turtlebot3_msgs/lib/python3.6/site-packages/turtlebot3_msgs/srv/__init__.py
[3.677s] -- Up-to-date: /home/nvidia/workspace/alan/src/AMR_ros2_slam_nav2/install/turtlebot3_msgs/lib/python3.6/site-packages/turtlebot3_msgs/srv/_dqn_s.c
[3.678s] -- Up-to-date: /home/nvidia/workspace/alan/src/AMR_ros2_slam_nav2/install/turtlebot3_msgs/lib/python3.6/site-packages/turtlebot3_msgs/srv/_dqn.py
[3.678s] -- Up-to-date: /home/nvidia/workspace/alan/src/AMR_ros2_slam_nav2/install/turtlebot3_msgs/lib/python3.6/site-packages/turtlebot3_msgs/srv/_sound.py
[3.678s] -- Up-to-date: /home/nvidia/workspace/alan/src/AMR_ros2_slam_nav2/install/turtlebot3_msgs/lib/python3.6/site-packages/turtlebot3_msgs/action
[3.680s] -- Up-to-date: /home/nvidia/workspace/alan/src/AMR_ros2_slam_nav2/install/turtlebot3_msgs/lib/python3.6/site-packages/turtlebot3_msgs/action/_patrol.py
[3.680s] -- Up-to-date: /home/nvidia/workspace/alan/src/AMR_ros2_slam_nav2/install/turtlebot3_msgs/lib/python3.6/site-packages/turtlebot3_msgs/action/__init__.py
[3.680s] -- Up-to-date: /home/nvidia/workspace/alan/src/AMR_ros2_slam_nav2/install/turtlebot3_msgs/lib/python3.6/site-packages/turtlebot3_msgs/action/_patrol_s.c
[3.681s] -- Up-to-date: /home/nvidia/workspace/alan/src/AMR_ros2_slam_nav2/install/turtlebot3_msgs/lib/python3.6/site-packages/turtlebot3_msgs/turtlebot3_msgs_s__rosidl_typesupport_fastrtps_c.cpython-36m-aarch64-linux-gnu.so
[3.686s] -- Up-to-date: /home/nvidia/workspace/alan/src/AMR_ros2_slam_nav2/install/turtlebot3_msgs/lib/python3.6/site-packages/turtlebot3_msgs/turtlebot3_msgs_s__rosidl_typesupport_introspection_c.cpython-36m-aarch64-linux-gnu.so
[3.691s] -- Up-to-date: /home/nvidia/workspace/alan/src/AMR_ros2_slam_nav2/install/turtlebot3_msgs/lib/python3.6/site-packages/turtlebot3_msgs/turtlebot3_msgs_s__rosidl_typesupport_c.cpython-36m-aarch64-linux-gnu.so
[3.697s] -- Up-to-date: /home/nvidia/workspace/alan/src/AMR_ros2_slam_nav2/install/turtlebot3_msgs/lib/libturtlebot3_msgs__python.so
[3.699s] -- Up-to-date: /home/nvidia/workspace/alan/src/AMR_ros2_slam_nav2/install/turtlebot3_msgs/share/turtlebot3_msgs/msg/SensorState.idl
[3.700s] -- Up-to-date: /home/nvidia/workspace/alan/src/AMR_ros2_slam_nav2/install/turtlebot3_msgs/share/turtlebot3_msgs/msg/Sound.idl
[3.701s] -- Up-to-date: /home/nvidia/workspace/alan/src/AMR_ros2_slam_nav2/install/turtlebot3_msgs/share/turtlebot3_msgs/msg/VersionInfo.idl
[3.702s] -- Up-to-date: /home/nvidia/workspace/alan/src/AMR_ros2_slam_nav2/install/turtlebot3_msgs/share/turtlebot3_msgs/srv/Sound.idl
[3.702s] -- Up-to-date: /home/nvidia/workspace/alan/src/AMR_ros2_slam_nav2/install/turtlebot3_msgs/share/turtlebot3_msgs/srv/Dqn.idl
[3.706s] -- Up-to-date: /home/nvidia/workspace/alan/src/AMR_ros2_slam_nav2/install/turtlebot3_msgs/share/turtlebot3_msgs/action/Patrol.idl
[3.708s] -- Up-to-date: /home/nvidia/workspace/alan/src/AMR_ros2_slam_nav2/install/turtlebot3_msgs/share/turtlebot3_msgs/msg/SensorState.msg
[3.711s] -- Up-to-date: /home/nvidia/workspace/alan/src/AMR_ros2_slam_nav2/install/turtlebot3_msgs/share/turtlebot3_msgs/msg/Sound.msg
[3.711s] -- Up-to-date: /home/nvidia/workspace/alan/src/AMR_ros2_slam_nav2/install/turtlebot3_msgs/share/turtlebot3_msgs/msg/VersionInfo.msg
[3.712s] -- Up-to-date: /home/nvidia/workspace/alan/src/AMR_ros2_slam_nav2/install/turtlebot3_msgs/share/turtlebot3_msgs/srv/Sound.srv
[3.712s] -- Up-to-date: /home/nvidia/workspace/alan/src/AMR_ros2_slam_nav2/install/turtlebot3_msgs/share/turtlebot3_msgs/srv/Sound_Request.msg
[3.713s] -- Up-to-date: /home/nvidia/workspace/alan/src/AMR_ros2_slam_nav2/install/turtlebot3_msgs/share/turtlebot3_msgs/srv/Sound_Response.msg
[3.714s] -- Up-to-date: /home/nvidia/workspace/alan/src/AMR_ros2_slam_nav2/install/turtlebot3_msgs/share/turtlebot3_msgs/srv/Dqn.srv
[3.716s] -- Up-to-date: /home/nvidia/workspace/alan/src/AMR_ros2_slam_nav2/install/turtlebot3_msgs/share/turtlebot3_msgs/srv/Dqn_Request.msg
[3.716s] -- Up-to-date: /home/nvidia/workspace/alan/src/AMR_ros2_slam_nav2/install/turtlebot3_msgs/share/turtlebot3_msgs/srv/Dqn_Response.msg
[3.718s] -- Up-to-date: /home/nvidia/workspace/alan/src/AMR_ros2_slam_nav2/install/turtlebot3_msgs/share/turtlebot3_msgs/action/Patrol.action
[3.719s] -- Up-to-date: /home/nvidia/workspace/alan/src/AMR_ros2_slam_nav2/install/turtlebot3_msgs/share/ament_index/resource_index/package_run_dependencies/turtlebot3_msgs
[3.719s] -- Up-to-date: /home/nvidia/workspace/alan/src/AMR_ros2_slam_nav2/install/turtlebot3_msgs/share/ament_index/resource_index/parent_prefix_path/turtlebot3_msgs
[3.719s] -- Up-to-date: /home/nvidia/workspace/alan/src/AMR_ros2_slam_nav2/install/turtlebot3_msgs/share/turtlebot3_msgs/environment/ament_prefix_path.sh
[3.720s] -- Up-to-date: /home/nvidia/workspace/alan/src/AMR_ros2_slam_nav2/install/turtlebot3_msgs/share/turtlebot3_msgs/environment/ament_prefix_path.dsv
[3.724s] -- Up-to-date: /home/nvidia/workspace/alan/src/AMR_ros2_slam_nav2/install/turtlebot3_msgs/share/turtlebot3_msgs/environment/path.sh
[3.724s] -- Up-to-date: /home/nvidia/workspace/alan/src/AMR_ros2_slam_nav2/install/turtlebot3_msgs/share/turtlebot3_msgs/environment/path.dsv
[3.725s] -- Up-to-date: /home/nvidia/workspace/alan/src/AMR_ros2_slam_nav2/install/turtlebot3_msgs/share/turtlebot3_msgs/local_setup.bash
[3.725s] -- Up-to-date: /home/nvidia/workspace/alan/src/AMR_ros2_slam_nav2/install/turtlebot3_msgs/share/turtlebot3_msgs/local_setup.sh
[3.725s] -- Up-to-date: /home/nvidia/workspace/alan/src/AMR_ros2_slam_nav2/install/turtlebot3_msgs/share/turtlebot3_msgs/local_setup.zsh
[3.726s] -- Up-to-date: /home/nvidia/workspace/alan/src/AMR_ros2_slam_nav2/install/turtlebot3_msgs/share/turtlebot3_msgs/local_setup.dsv
[3.727s] -- Installing: /home/nvidia/workspace/alan/src/AMR_ros2_slam_nav2/install/turtlebot3_msgs/share/turtlebot3_msgs/package.dsv
[3.727s] -- Up-to-date: /home/nvidia/workspace/alan/src/AMR_ros2_slam_nav2/install/turtlebot3_msgs/share/ament_index/resource_index/packages/turtlebot3_msgs
[3.734s] -- Up-to-date: /home/nvidia/workspace/alan/src/AMR_ros2_slam_nav2/install/turtlebot3_msgs/share/turtlebot3_msgs/cmake/turtlebot3_msgs__rosidl_generator_cExport.cmake
[3.735s] -- Up-to-date: /home/nvidia/workspace/alan/src/AMR_ros2_slam_nav2/install/turtlebot3_msgs/share/turtlebot3_msgs/cmake/turtlebot3_msgs__rosidl_generator_cExport-noconfig.cmake
[3.738s] -- Up-to-date: /home/nvidia/workspace/alan/src/AMR_ros2_slam_nav2/install/turtlebot3_msgs/share/turtlebot3_msgs/cmake/turtlebot3_msgs__rosidl_typesupport_introspection_cExport.cmake
[3.738s] -- Up-to-date: /home/nvidia/workspace/alan/src/AMR_ros2_slam_nav2/install/turtlebot3_msgs/share/turtlebot3_msgs/cmake/turtlebot3_msgs__rosidl_typesupport_introspection_cExport-noconfig.cmake
[3.740s] -- Up-to-date: /home/nvidia/workspace/alan/src/AMR_ros2_slam_nav2/install/turtlebot3_msgs/share/turtlebot3_msgs/cmake/turtlebot3_msgs__rosidl_typesupport_cExport.cmake
[3.740s] -- Up-to-date: /home/nvidia/workspace/alan/src/AMR_ros2_slam_nav2/install/turtlebot3_msgs/share/turtlebot3_msgs/cmake/turtlebot3_msgs__rosidl_typesupport_cExport-noconfig.cmake
[3.743s] -- Up-to-date: /home/nvidia/workspace/alan/src/AMR_ros2_slam_nav2/install/turtlebot3_msgs/share/turtlebot3_msgs/cmake/turtlebot3_msgs__rosidl_generator_cppExport.cmake
[3.745s] -- Up-to-date: /home/nvidia/workspace/alan/src/AMR_ros2_slam_nav2/install/turtlebot3_msgs/share/turtlebot3_msgs/cmake/turtlebot3_msgs__rosidl_typesupport_introspection_cppExport.cmake
[3.746s] -- Up-to-date: /home/nvidia/workspace/alan/src/AMR_ros2_slam_nav2/install/turtlebot3_msgs/share/turtlebot3_msgs/cmake/turtlebot3_msgs__rosidl_typesupport_introspection_cppExport-noconfig.cmake
[3.748s] -- Up-to-date: /home/nvidia/workspace/alan/src/AMR_ros2_slam_nav2/install/turtlebot3_msgs/share/turtlebot3_msgs/cmake/turtlebot3_msgs__rosidl_typesupport_cppExport.cmake
[3.749s] -- Up-to-date: /home/nvidia/workspace/alan/src/AMR_ros2_slam_nav2/install/turtlebot3_msgs/share/turtlebot3_msgs/cmake/turtlebot3_msgs__rosidl_typesupport_cppExport-noconfig.cmake
[3.750s] -- Up-to-date: /home/nvidia/workspace/alan/src/AMR_ros2_slam_nav2/install/turtlebot3_msgs/share/turtlebot3_msgs/cmake/rosidl_cmake-extras.cmake
[3.752s] -- Up-to-date: /home/nvidia/workspace/alan/src/AMR_ros2_slam_nav2/install/turtlebot3_msgs/share/turtlebot3_msgs/cmake/ament_cmake_export_dependencies-extras.cmake
[3.753s] -- Up-to-date: /home/nvidia/workspace/alan/src/AMR_ros2_slam_nav2/install/turtlebot3_msgs/share/turtlebot3_msgs/cmake/ament_cmake_export_libraries-extras.cmake
[3.754s] -- Up-to-date: /home/nvidia/workspace/alan/src/AMR_ros2_slam_nav2/install/turtlebot3_msgs/share/turtlebot3_msgs/cmake/ament_cmake_export_targets-extras.cmake
[3.755s] -- Up-to-date: /home/nvidia/workspace/alan/src/AMR_ros2_slam_nav2/install/turtlebot3_msgs/share/turtlebot3_msgs/cmake/ament_cmake_export_include_directories-extras.cmake
[3.757s] -- Up-to-date: /home/nvidia/workspace/alan/src/AMR_ros2_slam_nav2/install/turtlebot3_msgs/share/turtlebot3_msgs/cmake/rosidl_cmake_export_typesupport_libraries-extras.cmake
[3.757s] -- Up-to-date: /home/nvidia/workspace/alan/src/AMR_ros2_slam_nav2/install/turtlebot3_msgs/share/turtlebot3_msgs/cmake/rosidl_cmake_export_typesupport_targets-extras.cmake
[3.758s] -- Up-to-date: /home/nvidia/workspace/alan/src/AMR_ros2_slam_nav2/install/turtlebot3_msgs/share/turtlebot3_msgs/cmake/turtlebot3_msgsConfig.cmake
[3.758s] -- Up-to-date: /home/nvidia/workspace/alan/src/AMR_ros2_slam_nav2/install/turtlebot3_msgs/share/turtlebot3_msgs/cmake/turtlebot3_msgsConfig-version.cmake
[3.758s] -- Up-to-date: /home/nvidia/workspace/alan/src/AMR_ros2_slam_nav2/install/turtlebot3_msgs/share/turtlebot3_msgs/package.xml
[3.764s] Invoked command in '/home/nvidia/workspace/alan/src/AMR_ros2_slam_nav2/build/turtlebot3_msgs' returned '0': CMAKE_PREFIX_PATH=${CMAKE_PREFIX_PATH}:/home/nvidia/workspace/alan/AMR/install/turtlebot3_teleop:/home/nvidia/workspace/alan/AMR/install/turtlebot3_example:/home/nvidia/workspace/alan/AMR/install/opencv_tests:/home/nvidia/workspace/alan/AMR/install/nav2_gazebo_spawner /usr/local/bin/cmake --install /home/nvidia/workspace/alan/src/AMR_ros2_slam_nav2/build/turtlebot3_msgs
