[0.360s] Invoking command in '/home/nvidia/workspace/alan/src/AMR_ros2_slam_nav2/build/nav2_core': AMENT_PREFIX_PATH=/home/nvidia/workspace/alan/src/AMR_ros2_slam_nav2/install/nav2_costmap_2d:/home/nvidia/workspace/alan/src/AMR_ros2_slam_nav2/install/nav2_util:/home/nvidia/workspace/alan/src/AMR_ros2_slam_nav2/install/nav2_voxel_grid:/home/nvidia/workspace/alan/src/AMR_ros2_slam_nav2/install/nav2_msgs:/home/nvidia/workspace/alan/src/AMR_ros2_slam_nav2/install/nav2_common:${AMENT_PREFIX_PATH} CMAKE_PREFIX_PATH=/home/nvidia/workspace/alan/src/AMR_ros2_slam_nav2/install/nav2_costmap_2d:/home/nvidia/workspace/alan/src/AMR_ros2_slam_nav2/install/nav2_util:/home/nvidia/workspace/alan/src/AMR_ros2_slam_nav2/install/nav2_voxel_grid:/home/nvidia/workspace/alan/src/AMR_ros2_slam_nav2/install/nav2_msgs:/home/nvidia/workspace/alan/src/AMR_ros2_slam_nav2/install/nav2_common:${CMAKE_PREFIX_PATH} LD_LIBRARY_PATH=/home/nvidia/workspace/alan/src/AMR_ros2_slam_nav2/install/nav2_costmap_2d/lib:/home/nvidia/workspace/alan/src/AMR_ros2_slam_nav2/install/nav2_util/lib:/home/nvidia/workspace/alan/src/AMR_ros2_slam_nav2/install/nav2_voxel_grid/lib:/home/nvidia/workspace/alan/src/AMR_ros2_slam_nav2/install/nav2_msgs/lib:/home/workspace/ros2/install/opt/yaml_cpp_vendor/lib:/home/workspace/ros2/install/opt/rviz_ogre_vendor/lib:/home/workspace/ros2/install/lib:/usr/local/cuda-10.2/lib64 PYTHONPATH=/home/nvidia/workspace/alan/src/AMR_ros2_slam_nav2/install/nav2_msgs/lib/python3.6/site-packages:/home/nvidia/workspace/alan/src/AMR_ros2_slam_nav2/install/nav2_common/lib/python3.6/site-packages:/home/workspace/ros2/install/lib/python3.6/site-packages:/usr/local/lib:/usr/local/cuda/bin /usr/local/bin/cmake /home/nvidia/workspace/alan/src/AMR_ros2_slam_nav2/navigation2/nav2_core -DCMAKE_INSTALL_PREFIX=/home/nvidia/workspace/alan/src/AMR_ros2_slam_nav2/install/nav2_core
[1.006s] -- The C compiler identification is GNU 7.5.0
[1.639s] -- The CXX compiler identification is GNU 7.5.0
[1.764s] -- Check for working C compiler: /usr/bin/cc
[2.259s] -- Check for working C compiler: /usr/bin/cc -- works
[2.287s] -- Detecting C compiler ABI info
[2.889s] -- Detecting C compiler ABI info - done
[3.277s] -- Detecting C compile features
[3.283s] -- Detecting C compile features - done
[3.323s] -- Check for working CXX compiler: /usr/bin/c++
[3.908s] -- Check for working CXX compiler: /usr/bin/c++ -- works
[3.919s] -- Detecting CXX compiler ABI info
[4.659s] -- Detecting CXX compiler ABI info - done
[5.043s] -- Detecting CXX compile features
[5.055s] -- Detecting CXX compile features - done
[5.080s] -- Found ament_cmake: 0.9.9 (/home/workspace/ros2/install/share/ament_cmake/cmake)
[5.371s] -- Found PythonInterp: /usr/bin/python3 (found suitable version "3.6.9", minimum required is "3") 
[5.375s] -- Using PYTHON_EXECUTABLE: /usr/bin/python3
[6.693s] -- Found nav2_common: 0.4.7 (/home/nvidia/workspace/alan/src/AMR_ros2_slam_nav2/install/nav2_common/share/nav2_common/cmake)
[6.701s] -- Found rclcpp: 2.4.0 (/home/workspace/ros2/install/share/rclcpp/cmake)
[7.139s] -- Using all available rosidl_typesupport_c: rosidl_typesupport_fastrtps_c;rosidl_typesupport_introspection_c
[7.213s] -- Found rosidl_adapter: 1.2.1 (/home/workspace/ros2/install/share/rosidl_adapter/cmake)
[7.653s] -- Found OpenSSL: /usr/lib/aarch64-linux-gnu/libcrypto.so (found version "1.1.1")  
[7.803s] -- Found FastRTPS: /home/workspace/ros2/install/include  
[8.490s] -- Using all available rosidl_typesupport_cpp: rosidl_typesupport_fastrtps_cpp;rosidl_typesupport_introspection_cpp
[9.163s] -- Found rmw_implementation_cmake: 1.0.3 (/home/workspace/ros2/install/share/rmw_implementation_cmake/cmake)
[9.186s] -- Using RMW implementation 'rmw_fastrtps_cpp' as default
[9.193s] -- Looking for pthread.h
[9.398s] -- Looking for pthread.h - found
[9.404s] -- Performing Test CMAKE_HAVE_LIBC_PTHREAD
[9.622s] -- Performing Test CMAKE_HAVE_LIBC_PTHREAD - Failed
[9.625s] -- Looking for pthread_create in pthreads
[9.820s] -- Looking for pthread_create in pthreads - not found
[9.822s] -- Looking for pthread_create in pthread
[10.021s] -- Looking for pthread_create in pthread - found
[10.032s] -- Found Threads: TRUE  
[11.772s] -- Found rclcpp_lifecycle: 2.4.0 (/home/workspace/ros2/install/share/rclcpp_lifecycle/cmake)
[12.139s] -- Found geometry_msgs: 2.0.4 (/home/workspace/ros2/install/share/geometry_msgs/cmake)
[12.610s] -- Found nav2_costmap_2d: 0.4.7 (/home/nvidia/workspace/alan/src/AMR_ros2_slam_nav2/install/nav2_costmap_2d/share/nav2_costmap_2d/cmake)
[21.683s] -- Found Eigen3: TRUE (found version "3.3.4") 
[25.364s] -- Setting build type to Release as none was specified.
[25.370s] -- Found ament_lint_auto: 0.9.6 (/home/workspace/ros2/install/share/ament_lint_auto/cmake)
[25.936s] -- Added test 'cppcheck' to perform static code analysis on C / C++ code
[25.938s] -- Configured cppcheck include dirs: 
[25.938s] -- Configured cppcheck exclude dirs and/or files: 
[25.945s] -- Added test 'cpplint' to check C / C++ code against the Google style
[25.945s] -- Configured cpplint exclude dirs and/or files: 
[25.952s] -- Added test 'lint_cmake' to check CMake code style
[25.962s] -- Added test 'uncrustify' to check C / C++ code style
[25.962s] -- Configured uncrustify additional arguments: 
[25.967s] -- Added test 'xmllint' to check XML markup files
[25.992s] -- Configuring done
[26.008s] -- Generating done
[26.020s] -- Build files have been written to: /home/nvidia/workspace/alan/src/AMR_ros2_slam_nav2/build/nav2_core
[26.052s] Invoked command in '/home/nvidia/workspace/alan/src/AMR_ros2_slam_nav2/build/nav2_core' returned '0': AMENT_PREFIX_PATH=/home/nvidia/workspace/alan/src/AMR_ros2_slam_nav2/install/nav2_costmap_2d:/home/nvidia/workspace/alan/src/AMR_ros2_slam_nav2/install/nav2_util:/home/nvidia/workspace/alan/src/AMR_ros2_slam_nav2/install/nav2_voxel_grid:/home/nvidia/workspace/alan/src/AMR_ros2_slam_nav2/install/nav2_msgs:/home/nvidia/workspace/alan/src/AMR_ros2_slam_nav2/install/nav2_common:${AMENT_PREFIX_PATH} CMAKE_PREFIX_PATH=/home/nvidia/workspace/alan/src/AMR_ros2_slam_nav2/install/nav2_costmap_2d:/home/nvidia/workspace/alan/src/AMR_ros2_slam_nav2/install/nav2_util:/home/nvidia/workspace/alan/src/AMR_ros2_slam_nav2/install/nav2_voxel_grid:/home/nvidia/workspace/alan/src/AMR_ros2_slam_nav2/install/nav2_msgs:/home/nvidia/workspace/alan/src/AMR_ros2_slam_nav2/install/nav2_common:${CMAKE_PREFIX_PATH} LD_LIBRARY_PATH=/home/nvidia/workspace/alan/src/AMR_ros2_slam_nav2/install/nav2_costmap_2d/lib:/home/nvidia/workspace/alan/src/AMR_ros2_slam_nav2/install/nav2_util/lib:/home/nvidia/workspace/alan/src/AMR_ros2_slam_nav2/install/nav2_voxel_grid/lib:/home/nvidia/workspace/alan/src/AMR_ros2_slam_nav2/install/nav2_msgs/lib:/home/workspace/ros2/install/opt/yaml_cpp_vendor/lib:/home/workspace/ros2/install/opt/rviz_ogre_vendor/lib:/home/workspace/ros2/install/lib:/usr/local/cuda-10.2/lib64 PYTHONPATH=/home/nvidia/workspace/alan/src/AMR_ros2_slam_nav2/install/nav2_msgs/lib/python3.6/site-packages:/home/nvidia/workspace/alan/src/AMR_ros2_slam_nav2/install/nav2_common/lib/python3.6/site-packages:/home/workspace/ros2/install/lib/python3.6/site-packages:/usr/local/lib:/usr/local/cuda/bin /usr/local/bin/cmake /home/nvidia/workspace/alan/src/AMR_ros2_slam_nav2/navigation2/nav2_core -DCMAKE_INSTALL_PREFIX=/home/nvidia/workspace/alan/src/AMR_ros2_slam_nav2/install/nav2_core
[26.062s] Invoking command in '/home/nvidia/workspace/alan/src/AMR_ros2_slam_nav2/build/nav2_core': AMENT_PREFIX_PATH=/home/nvidia/workspace/alan/src/AMR_ros2_slam_nav2/install/nav2_costmap_2d:/home/nvidia/workspace/alan/src/AMR_ros2_slam_nav2/install/nav2_util:/home/nvidia/workspace/alan/src/AMR_ros2_slam_nav2/install/nav2_voxel_grid:/home/nvidia/workspace/alan/src/AMR_ros2_slam_nav2/install/nav2_msgs:/home/nvidia/workspace/alan/src/AMR_ros2_slam_nav2/install/nav2_common:${AMENT_PREFIX_PATH} CMAKE_PREFIX_PATH=/home/nvidia/workspace/alan/src/AMR_ros2_slam_nav2/install/nav2_costmap_2d:/home/nvidia/workspace/alan/src/AMR_ros2_slam_nav2/install/nav2_util:/home/nvidia/workspace/alan/src/AMR_ros2_slam_nav2/install/nav2_voxel_grid:/home/nvidia/workspace/alan/src/AMR_ros2_slam_nav2/install/nav2_msgs:/home/nvidia/workspace/alan/src/AMR_ros2_slam_nav2/install/nav2_common:${CMAKE_PREFIX_PATH} LD_LIBRARY_PATH=/home/nvidia/workspace/alan/src/AMR_ros2_slam_nav2/install/nav2_costmap_2d/lib:/home/nvidia/workspace/alan/src/AMR_ros2_slam_nav2/install/nav2_util/lib:/home/nvidia/workspace/alan/src/AMR_ros2_slam_nav2/install/nav2_voxel_grid/lib:/home/nvidia/workspace/alan/src/AMR_ros2_slam_nav2/install/nav2_msgs/lib:/home/workspace/ros2/install/opt/yaml_cpp_vendor/lib:/home/workspace/ros2/install/opt/rviz_ogre_vendor/lib:/home/workspace/ros2/install/lib:/usr/local/cuda-10.2/lib64 PYTHONPATH=/home/nvidia/workspace/alan/src/AMR_ros2_slam_nav2/install/nav2_msgs/lib/python3.6/site-packages:/home/nvidia/workspace/alan/src/AMR_ros2_slam_nav2/install/nav2_common/lib/python3.6/site-packages:/home/workspace/ros2/install/lib/python3.6/site-packages:/usr/local/lib:/usr/local/cuda/bin /usr/local/bin/cmake --build /home/nvidia/workspace/alan/src/AMR_ros2_slam_nav2/build/nav2_core -- -j8 -l8
[26.145s] Invoked command in '/home/nvidia/workspace/alan/src/AMR_ros2_slam_nav2/build/nav2_core' returned '0': AMENT_PREFIX_PATH=/home/nvidia/workspace/alan/src/AMR_ros2_slam_nav2/install/nav2_costmap_2d:/home/nvidia/workspace/alan/src/AMR_ros2_slam_nav2/install/nav2_util:/home/nvidia/workspace/alan/src/AMR_ros2_slam_nav2/install/nav2_voxel_grid:/home/nvidia/workspace/alan/src/AMR_ros2_slam_nav2/install/nav2_msgs:/home/nvidia/workspace/alan/src/AMR_ros2_slam_nav2/install/nav2_common:${AMENT_PREFIX_PATH} CMAKE_PREFIX_PATH=/home/nvidia/workspace/alan/src/AMR_ros2_slam_nav2/install/nav2_costmap_2d:/home/nvidia/workspace/alan/src/AMR_ros2_slam_nav2/install/nav2_util:/home/nvidia/workspace/alan/src/AMR_ros2_slam_nav2/install/nav2_voxel_grid:/home/nvidia/workspace/alan/src/AMR_ros2_slam_nav2/install/nav2_msgs:/home/nvidia/workspace/alan/src/AMR_ros2_slam_nav2/install/nav2_common:${CMAKE_PREFIX_PATH} LD_LIBRARY_PATH=/home/nvidia/workspace/alan/src/AMR_ros2_slam_nav2/install/nav2_costmap_2d/lib:/home/nvidia/workspace/alan/src/AMR_ros2_slam_nav2/install/nav2_util/lib:/home/nvidia/workspace/alan/src/AMR_ros2_slam_nav2/install/nav2_voxel_grid/lib:/home/nvidia/workspace/alan/src/AMR_ros2_slam_nav2/install/nav2_msgs/lib:/home/workspace/ros2/install/opt/yaml_cpp_vendor/lib:/home/workspace/ros2/install/opt/rviz_ogre_vendor/lib:/home/workspace/ros2/install/lib:/usr/local/cuda-10.2/lib64 PYTHONPATH=/home/nvidia/workspace/alan/src/AMR_ros2_slam_nav2/install/nav2_msgs/lib/python3.6/site-packages:/home/nvidia/workspace/alan/src/AMR_ros2_slam_nav2/install/nav2_common/lib/python3.6/site-packages:/home/workspace/ros2/install/lib/python3.6/site-packages:/usr/local/lib:/usr/local/cuda/bin /usr/local/bin/cmake --build /home/nvidia/workspace/alan/src/AMR_ros2_slam_nav2/build/nav2_core -- -j8 -l8
[26.211s] Invoking command in '/home/nvidia/workspace/alan/src/AMR_ros2_slam_nav2/build/nav2_core': AMENT_PREFIX_PATH=/home/nvidia/workspace/alan/src/AMR_ros2_slam_nav2/install/nav2_costmap_2d:/home/nvidia/workspace/alan/src/AMR_ros2_slam_nav2/install/nav2_util:/home/nvidia/workspace/alan/src/AMR_ros2_slam_nav2/install/nav2_voxel_grid:/home/nvidia/workspace/alan/src/AMR_ros2_slam_nav2/install/nav2_msgs:/home/nvidia/workspace/alan/src/AMR_ros2_slam_nav2/install/nav2_common:${AMENT_PREFIX_PATH} CMAKE_PREFIX_PATH=/home/nvidia/workspace/alan/src/AMR_ros2_slam_nav2/install/nav2_costmap_2d:/home/nvidia/workspace/alan/src/AMR_ros2_slam_nav2/install/nav2_util:/home/nvidia/workspace/alan/src/AMR_ros2_slam_nav2/install/nav2_voxel_grid:/home/nvidia/workspace/alan/src/AMR_ros2_slam_nav2/install/nav2_msgs:/home/nvidia/workspace/alan/src/AMR_ros2_slam_nav2/install/nav2_common:${CMAKE_PREFIX_PATH} LD_LIBRARY_PATH=/home/nvidia/workspace/alan/src/AMR_ros2_slam_nav2/install/nav2_costmap_2d/lib:/home/nvidia/workspace/alan/src/AMR_ros2_slam_nav2/install/nav2_util/lib:/home/nvidia/workspace/alan/src/AMR_ros2_slam_nav2/install/nav2_voxel_grid/lib:/home/nvidia/workspace/alan/src/AMR_ros2_slam_nav2/install/nav2_msgs/lib:/home/workspace/ros2/install/opt/yaml_cpp_vendor/lib:/home/workspace/ros2/install/opt/rviz_ogre_vendor/lib:/home/workspace/ros2/install/lib:/usr/local/cuda-10.2/lib64 PYTHONPATH=/home/nvidia/workspace/alan/src/AMR_ros2_slam_nav2/install/nav2_msgs/lib/python3.6/site-packages:/home/nvidia/workspace/alan/src/AMR_ros2_slam_nav2/install/nav2_common/lib/python3.6/site-packages:/home/workspace/ros2/install/lib/python3.6/site-packages:/usr/local/lib:/usr/local/cuda/bin /usr/local/bin/cmake --install /home/nvidia/workspace/alan/src/AMR_ros2_slam_nav2/build/nav2_core
[26.231s] -- Install configuration: "Release"
[26.232s] -- Installing: /home/nvidia/workspace/alan/src/AMR_ros2_slam_nav2/install/nav2_core/include/
[26.233s] -- Installing: /home/nvidia/workspace/alan/src/AMR_ros2_slam_nav2/install/nav2_core/include//nav2_core
[26.234s] -- Installing: /home/nvidia/workspace/alan/src/AMR_ros2_slam_nav2/install/nav2_core/include//nav2_core/goal_checker.hpp
[26.234s] -- Installing: /home/nvidia/workspace/alan/src/AMR_ros2_slam_nav2/install/nav2_core/include//nav2_core/exceptions.hpp
[26.235s] -- Installing: /home/nvidia/workspace/alan/src/AMR_ros2_slam_nav2/install/nav2_core/include//nav2_core/controller.hpp
[26.235s] -- Installing: /home/nvidia/workspace/alan/src/AMR_ros2_slam_nav2/install/nav2_core/include//nav2_core/recovery.hpp
[26.236s] -- Installing: /home/nvidia/workspace/alan/src/AMR_ros2_slam_nav2/install/nav2_core/include//nav2_core/progress_checker.hpp
[26.236s] -- Installing: /home/nvidia/workspace/alan/src/AMR_ros2_slam_nav2/install/nav2_core/include//nav2_core/global_planner.hpp
[26.237s] -- Installing: /home/nvidia/workspace/alan/src/AMR_ros2_slam_nav2/install/nav2_core/share/ament_index/resource_index/package_run_dependencies/nav2_core
[26.238s] -- Installing: /home/nvidia/workspace/alan/src/AMR_ros2_slam_nav2/install/nav2_core/share/ament_index/resource_index/parent_prefix_path/nav2_core
[26.240s] -- Installing: /home/nvidia/workspace/alan/src/AMR_ros2_slam_nav2/install/nav2_core/share/nav2_core/environment/ament_prefix_path.sh
[26.241s] -- Installing: /home/nvidia/workspace/alan/src/AMR_ros2_slam_nav2/install/nav2_core/share/nav2_core/environment/ament_prefix_path.dsv
[26.242s] -- Installing: /home/nvidia/workspace/alan/src/AMR_ros2_slam_nav2/install/nav2_core/share/nav2_core/environment/path.sh
[26.242s] -- Installing: /home/nvidia/workspace/alan/src/AMR_ros2_slam_nav2/install/nav2_core/share/nav2_core/environment/path.dsv
[26.243s] -- Installing: /home/nvidia/workspace/alan/src/AMR_ros2_slam_nav2/install/nav2_core/share/nav2_core/local_setup.bash
[26.244s] -- Installing: /home/nvidia/workspace/alan/src/AMR_ros2_slam_nav2/install/nav2_core/share/nav2_core/local_setup.sh
[26.245s] -- Installing: /home/nvidia/workspace/alan/src/AMR_ros2_slam_nav2/install/nav2_core/share/nav2_core/local_setup.zsh
[26.246s] -- Installing: /home/nvidia/workspace/alan/src/AMR_ros2_slam_nav2/install/nav2_core/share/nav2_core/local_setup.dsv
[26.246s] -- Installing: /home/nvidia/workspace/alan/src/AMR_ros2_slam_nav2/install/nav2_core/share/nav2_core/package.dsv
[26.249s] -- Installing: /home/nvidia/workspace/alan/src/AMR_ros2_slam_nav2/install/nav2_core/share/ament_index/resource_index/packages/nav2_core
[26.250s] -- Installing: /home/nvidia/workspace/alan/src/AMR_ros2_slam_nav2/install/nav2_core/share/nav2_core/cmake/ament_cmake_export_include_directories-extras.cmake
[26.250s] -- Installing: /home/nvidia/workspace/alan/src/AMR_ros2_slam_nav2/install/nav2_core/share/nav2_core/cmake/ament_cmake_export_dependencies-extras.cmake
[26.251s] -- Installing: /home/nvidia/workspace/alan/src/AMR_ros2_slam_nav2/install/nav2_core/share/nav2_core/cmake/nav2_coreConfig.cmake
[26.251s] -- Installing: /home/nvidia/workspace/alan/src/AMR_ros2_slam_nav2/install/nav2_core/share/nav2_core/cmake/nav2_coreConfig-version.cmake
[26.252s] -- Installing: /home/nvidia/workspace/alan/src/AMR_ros2_slam_nav2/install/nav2_core/share/nav2_core/package.xml
[26.264s] Invoked command in '/home/nvidia/workspace/alan/src/AMR_ros2_slam_nav2/build/nav2_core' returned '0': AMENT_PREFIX_PATH=/home/nvidia/workspace/alan/src/AMR_ros2_slam_nav2/install/nav2_costmap_2d:/home/nvidia/workspace/alan/src/AMR_ros2_slam_nav2/install/nav2_util:/home/nvidia/workspace/alan/src/AMR_ros2_slam_nav2/install/nav2_voxel_grid:/home/nvidia/workspace/alan/src/AMR_ros2_slam_nav2/install/nav2_msgs:/home/nvidia/workspace/alan/src/AMR_ros2_slam_nav2/install/nav2_common:${AMENT_PREFIX_PATH} CMAKE_PREFIX_PATH=/home/nvidia/workspace/alan/src/AMR_ros2_slam_nav2/install/nav2_costmap_2d:/home/nvidia/workspace/alan/src/AMR_ros2_slam_nav2/install/nav2_util:/home/nvidia/workspace/alan/src/AMR_ros2_slam_nav2/install/nav2_voxel_grid:/home/nvidia/workspace/alan/src/AMR_ros2_slam_nav2/install/nav2_msgs:/home/nvidia/workspace/alan/src/AMR_ros2_slam_nav2/install/nav2_common:${CMAKE_PREFIX_PATH} LD_LIBRARY_PATH=/home/nvidia/workspace/alan/src/AMR_ros2_slam_nav2/install/nav2_costmap_2d/lib:/home/nvidia/workspace/alan/src/AMR_ros2_slam_nav2/install/nav2_util/lib:/home/nvidia/workspace/alan/src/AMR_ros2_slam_nav2/install/nav2_voxel_grid/lib:/home/nvidia/workspace/alan/src/AMR_ros2_slam_nav2/install/nav2_msgs/lib:/home/workspace/ros2/install/opt/yaml_cpp_vendor/lib:/home/workspace/ros2/install/opt/rviz_ogre_vendor/lib:/home/workspace/ros2/install/lib:/usr/local/cuda-10.2/lib64 PYTHONPATH=/home/nvidia/workspace/alan/src/AMR_ros2_slam_nav2/install/nav2_msgs/lib/python3.6/site-packages:/home/nvidia/workspace/alan/src/AMR_ros2_slam_nav2/install/nav2_common/lib/python3.6/site-packages:/home/workspace/ros2/install/lib/python3.6/site-packages:/usr/local/lib:/usr/local/cuda/bin /usr/local/bin/cmake --install /home/nvidia/workspace/alan/src/AMR_ros2_slam_nav2/build/nav2_core
