[ 12%] Built target gtest_main
[ 25%] Built target gtest
[ 43%] Built target cv_bridge
[ 81%] Built target cv_bridge-utest
[100%] Built target cv_bridge_boost
-- Install configuration: ""
-- Installing: /home/nvidia/workspace/alan/src/AMR_ros2_slam_nav2/install/cv_bridge/share/cv_bridge/environment/library_path.sh
-- Installing: /home/nvidia/workspace/alan/src/AMR_ros2_slam_nav2/install/cv_bridge/share/cv_bridge/environment/library_path.dsv
-- Installing: /home/nvidia/workspace/alan/src/AMR_ros2_slam_nav2/install/cv_bridge/include/cv_bridge
-- Installing: /home/nvidia/workspace/alan/src/AMR_ros2_slam_nav2/install/cv_bridge/include/cv_bridge/rgb_colors.h
-- Installing: /home/nvidia/workspace/alan/src/AMR_ros2_slam_nav2/install/cv_bridge/include/cv_bridge/cv_bridge.h
-- Installing: /home/nvidia/workspace/alan/src/AMR_ros2_slam_nav2/install/cv_bridge/share/ament_index/resource_index/package_run_dependencies/cv_bridge
-- Installing: /home/nvidia/workspace/alan/src/AMR_ros2_slam_nav2/install/cv_bridge/share/ament_index/resource_index/parent_prefix_path/cv_bridge
-- Installing: /home/nvidia/workspace/alan/src/AMR_ros2_slam_nav2/install/cv_bridge/share/cv_bridge/environment/ament_prefix_path.sh
-- Installing: /home/nvidia/workspace/alan/src/AMR_ros2_slam_nav2/install/cv_bridge/share/cv_bridge/environment/ament_prefix_path.dsv
-- Installing: /home/nvidia/workspace/alan/src/AMR_ros2_slam_nav2/install/cv_bridge/share/cv_bridge/environment/path.sh
-- Installing: /home/nvidia/workspace/alan/src/AMR_ros2_slam_nav2/install/cv_bridge/share/cv_bridge/environment/path.dsv
-- Installing: /home/nvidia/workspace/alan/src/AMR_ros2_slam_nav2/install/cv_bridge/share/cv_bridge/local_setup.bash
-- Installing: /home/nvidia/workspace/alan/src/AMR_ros2_slam_nav2/install/cv_bridge/share/cv_bridge/local_setup.sh
-- Installing: /home/nvidia/workspace/alan/src/AMR_ros2_slam_nav2/install/cv_bridge/share/cv_bridge/local_setup.zsh
-- Installing: /home/nvidia/workspace/alan/src/AMR_ros2_slam_nav2/install/cv_bridge/share/cv_bridge/local_setup.dsv
-- Installing: /home/nvidia/workspace/alan/src/AMR_ros2_slam_nav2/install/cv_bridge/share/cv_bridge/package.dsv
-- Installing: /home/nvidia/workspace/alan/src/AMR_ros2_slam_nav2/install/cv_bridge/share/ament_index/resource_index/packages/cv_bridge
-- Installing: /home/nvidia/workspace/alan/src/AMR_ros2_slam_nav2/install/cv_bridge/share/cv_bridge/cmake/cv_bridge-extras.cmake
-- Installing: /home/nvidia/workspace/alan/src/AMR_ros2_slam_nav2/install/cv_bridge/share/cv_bridge/cmake/ament_cmake_export_dependencies-extras.cmake
-- Installing: /home/nvidia/workspace/alan/src/AMR_ros2_slam_nav2/install/cv_bridge/share/cv_bridge/cmake/ament_cmake_export_include_directories-extras.cmake
-- Installing: /home/nvidia/workspace/alan/src/AMR_ros2_slam_nav2/install/cv_bridge/share/cv_bridge/cmake/ament_cmake_export_libraries-extras.cmake
-- Installing: /home/nvidia/workspace/alan/src/AMR_ros2_slam_nav2/install/cv_bridge/share/cv_bridge/cmake/cv_bridgeConfig.cmake
-- Installing: /home/nvidia/workspace/alan/src/AMR_ros2_slam_nav2/install/cv_bridge/share/cv_bridge/cmake/cv_bridgeConfig-version.cmake
-- Installing: /home/nvidia/workspace/alan/src/AMR_ros2_slam_nav2/install/cv_bridge/share/cv_bridge/package.xml
-- Installing: /home/nvidia/workspace/alan/src/AMR_ros2_slam_nav2/install/cv_bridge/share/cv_bridge/environment/pythonpath.sh
-- Installing: /home/nvidia/workspace/alan/src/AMR_ros2_slam_nav2/install/cv_bridge/share/cv_bridge/environment/pythonpath.dsv
-- Installing: /home/nvidia/workspace/alan/src/AMR_ros2_slam_nav2/install/cv_bridge/lib/python3.6/site-packages/cv_bridge
-- Installing: /home/nvidia/workspace/alan/src/AMR_ros2_slam_nav2/install/cv_bridge/lib/python3.6/site-packages/cv_bridge/__init__.py
-- Installing: /home/nvidia/workspace/alan/src/AMR_ros2_slam_nav2/install/cv_bridge/lib/python3.6/site-packages/cv_bridge/core.py
Listing '/home/nvidia/workspace/alan/src/AMR_ros2_slam_nav2/install/cv_bridge/lib/python3.6/site-packages/cv_bridge'...
Compiling '/home/nvidia/workspace/alan/src/AMR_ros2_slam_nav2/install/cv_bridge/lib/python3.6/site-packages/cv_bridge/__init__.py'...
Compiling '/home/nvidia/workspace/alan/src/AMR_ros2_slam_nav2/install/cv_bridge/lib/python3.6/site-packages/cv_bridge/core.py'...
-- Installing: /home/nvidia/workspace/alan/src/AMR_ros2_slam_nav2/install/cv_bridge/lib/libcv_bridge.so
-- Set runtime path of "/home/nvidia/workspace/alan/src/AMR_ros2_slam_nav2/install/cv_bridge/lib/libcv_bridge.so" to ""
-- Installing: /home/nvidia/workspace/alan/src/AMR_ros2_slam_nav2/install/cv_bridge/include/cv_bridge/cv_bridge_export.h
-- Installing: /home/nvidia/workspace/alan/src/AMR_ros2_slam_nav2/install/cv_bridge/lib/python3.6/site-packages/cv_bridge/boost/cv_bridge_boost.so
-- Set runtime path of "/home/nvidia/workspace/alan/src/AMR_ros2_slam_nav2/install/cv_bridge/lib/python3.6/site-packages/cv_bridge/boost/cv_bridge_boost.so" to ""
