[0.384s] Invoking command in '/home/nvidia/workspace/alan/src/AMR_ros2_slam_nav2/build/cv_bridge': CMAKE_PREFIX_PATH=${CMAKE_PREFIX_PATH}:/home/nvidia/workspace/alan/src/AMR_ros2_slam_nav2/install/turtlebot3_teleop:/home/nvidia/workspace/alan/src/AMR_ros2_slam_nav2/install/turtlebot3_example:/home/nvidia/workspace/alan/src/AMR_ros2_slam_nav2/install/opencv_tests:/home/nvidia/workspace/alan/src/AMR_ros2_slam_nav2/install/nav2_gazebo_spawner:/home/nvidia/workspace/alan/AMR/install/turtlebot3_teleop:/home/nvidia/workspace/alan/AMR/install/turtlebot3_example:/home/nvidia/workspace/alan/AMR/install/opencv_tests:/home/nvidia/workspace/alan/AMR/install/nav2_gazebo_spawner /usr/local/bin/cmake --build /home/nvidia/workspace/alan/src/AMR_ros2_slam_nav2/build/cv_bridge -- -j8 -l8
[0.530s] [ 12%] Built target gtest_main
[0.576s] [ 25%] Built target gtest
[0.601s] [ 43%] Built target cv_bridge
[0.779s] [ 81%] Built target cv_bridge-utest
[0.818s] [100%] Built target cv_bridge_boost
[0.878s] Invoked command in '/home/nvidia/workspace/alan/src/AMR_ros2_slam_nav2/build/cv_bridge' returned '0': CMAKE_PREFIX_PATH=${CMAKE_PREFIX_PATH}:/home/nvidia/workspace/alan/src/AMR_ros2_slam_nav2/install/turtlebot3_teleop:/home/nvidia/workspace/alan/src/AMR_ros2_slam_nav2/install/turtlebot3_example:/home/nvidia/workspace/alan/src/AMR_ros2_slam_nav2/install/opencv_tests:/home/nvidia/workspace/alan/src/AMR_ros2_slam_nav2/install/nav2_gazebo_spawner:/home/nvidia/workspace/alan/AMR/install/turtlebot3_teleop:/home/nvidia/workspace/alan/AMR/install/turtlebot3_example:/home/nvidia/workspace/alan/AMR/install/opencv_tests:/home/nvidia/workspace/alan/AMR/install/nav2_gazebo_spawner /usr/local/bin/cmake --build /home/nvidia/workspace/alan/src/AMR_ros2_slam_nav2/build/cv_bridge -- -j8 -l8
[1.107s] Invoking command in '/home/nvidia/workspace/alan/src/AMR_ros2_slam_nav2/build/cv_bridge': CMAKE_PREFIX_PATH=${CMAKE_PREFIX_PATH}:/home/nvidia/workspace/alan/src/AMR_ros2_slam_nav2/install/turtlebot3_teleop:/home/nvidia/workspace/alan/src/AMR_ros2_slam_nav2/install/turtlebot3_example:/home/nvidia/workspace/alan/src/AMR_ros2_slam_nav2/install/opencv_tests:/home/nvidia/workspace/alan/src/AMR_ros2_slam_nav2/install/nav2_gazebo_spawner:/home/nvidia/workspace/alan/AMR/install/turtlebot3_teleop:/home/nvidia/workspace/alan/AMR/install/turtlebot3_example:/home/nvidia/workspace/alan/AMR/install/opencv_tests:/home/nvidia/workspace/alan/AMR/install/nav2_gazebo_spawner /usr/local/bin/cmake --install /home/nvidia/workspace/alan/src/AMR_ros2_slam_nav2/build/cv_bridge
[1.152s] -- Install configuration: ""
[1.153s] -- Installing: /home/nvidia/workspace/alan/src/AMR_ros2_slam_nav2/install/cv_bridge/share/cv_bridge/environment/library_path.sh
[1.153s] -- Installing: /home/nvidia/workspace/alan/src/AMR_ros2_slam_nav2/install/cv_bridge/share/cv_bridge/environment/library_path.dsv
[1.154s] -- Installing: /home/nvidia/workspace/alan/src/AMR_ros2_slam_nav2/install/cv_bridge/include/cv_bridge
[1.154s] -- Installing: /home/nvidia/workspace/alan/src/AMR_ros2_slam_nav2/install/cv_bridge/include/cv_bridge/rgb_colors.h
[1.155s] -- Installing: /home/nvidia/workspace/alan/src/AMR_ros2_slam_nav2/install/cv_bridge/include/cv_bridge/cv_bridge.h
[1.155s] -- Installing: /home/nvidia/workspace/alan/src/AMR_ros2_slam_nav2/install/cv_bridge/share/ament_index/resource_index/package_run_dependencies/cv_bridge
[1.156s] -- Installing: /home/nvidia/workspace/alan/src/AMR_ros2_slam_nav2/install/cv_bridge/share/ament_index/resource_index/parent_prefix_path/cv_bridge
[1.161s] -- Installing: /home/nvidia/workspace/alan/src/AMR_ros2_slam_nav2/install/cv_bridge/share/cv_bridge/environment/ament_prefix_path.sh
[1.162s] -- Installing: /home/nvidia/workspace/alan/src/AMR_ros2_slam_nav2/install/cv_bridge/share/cv_bridge/environment/ament_prefix_path.dsv
[1.168s] -- Installing: /home/nvidia/workspace/alan/src/AMR_ros2_slam_nav2/install/cv_bridge/share/cv_bridge/environment/path.sh
[1.168s] -- Installing: /home/nvidia/workspace/alan/src/AMR_ros2_slam_nav2/install/cv_bridge/share/cv_bridge/environment/path.dsv
[1.169s] -- Installing: /home/nvidia/workspace/alan/src/AMR_ros2_slam_nav2/install/cv_bridge/share/cv_bridge/local_setup.bash
[1.169s] -- Installing: /home/nvidia/workspace/alan/src/AMR_ros2_slam_nav2/install/cv_bridge/share/cv_bridge/local_setup.sh
[1.170s] -- Installing: /home/nvidia/workspace/alan/src/AMR_ros2_slam_nav2/install/cv_bridge/share/cv_bridge/local_setup.zsh
[1.170s] -- Installing: /home/nvidia/workspace/alan/src/AMR_ros2_slam_nav2/install/cv_bridge/share/cv_bridge/local_setup.dsv
[1.171s] -- Installing: /home/nvidia/workspace/alan/src/AMR_ros2_slam_nav2/install/cv_bridge/share/cv_bridge/package.dsv
[1.172s] -- Installing: /home/nvidia/workspace/alan/src/AMR_ros2_slam_nav2/install/cv_bridge/share/ament_index/resource_index/packages/cv_bridge
[1.172s] -- Installing: /home/nvidia/workspace/alan/src/AMR_ros2_slam_nav2/install/cv_bridge/share/cv_bridge/cmake/cv_bridge-extras.cmake
[1.177s] -- Installing: /home/nvidia/workspace/alan/src/AMR_ros2_slam_nav2/install/cv_bridge/share/cv_bridge/cmake/ament_cmake_export_dependencies-extras.cmake
[1.178s] -- Installing: /home/nvidia/workspace/alan/src/AMR_ros2_slam_nav2/install/cv_bridge/share/cv_bridge/cmake/ament_cmake_export_include_directories-extras.cmake
[1.178s] -- Installing: /home/nvidia/workspace/alan/src/AMR_ros2_slam_nav2/install/cv_bridge/share/cv_bridge/cmake/ament_cmake_export_libraries-extras.cmake
[1.179s] -- Installing: /home/nvidia/workspace/alan/src/AMR_ros2_slam_nav2/install/cv_bridge/share/cv_bridge/cmake/cv_bridgeConfig.cmake
[1.186s] -- Installing: /home/nvidia/workspace/alan/src/AMR_ros2_slam_nav2/install/cv_bridge/share/cv_bridge/cmake/cv_bridgeConfig-version.cmake
[1.186s] -- Installing: /home/nvidia/workspace/alan/src/AMR_ros2_slam_nav2/install/cv_bridge/share/cv_bridge/package.xml
[1.189s] -- Installing: /home/nvidia/workspace/alan/src/AMR_ros2_slam_nav2/install/cv_bridge/share/cv_bridge/environment/pythonpath.sh
[1.190s] -- Installing: /home/nvidia/workspace/alan/src/AMR_ros2_slam_nav2/install/cv_bridge/share/cv_bridge/environment/pythonpath.dsv
[1.195s] -- Installing: /home/nvidia/workspace/alan/src/AMR_ros2_slam_nav2/install/cv_bridge/lib/python3.6/site-packages/cv_bridge
[1.195s] -- Installing: /home/nvidia/workspace/alan/src/AMR_ros2_slam_nav2/install/cv_bridge/lib/python3.6/site-packages/cv_bridge/__init__.py
[1.196s] -- Installing: /home/nvidia/workspace/alan/src/AMR_ros2_slam_nav2/install/cv_bridge/lib/python3.6/site-packages/cv_bridge/core.py
[1.449s] Listing '/home/nvidia/workspace/alan/src/AMR_ros2_slam_nav2/install/cv_bridge/lib/python3.6/site-packages/cv_bridge'...
[1.449s] Compiling '/home/nvidia/workspace/alan/src/AMR_ros2_slam_nav2/install/cv_bridge/lib/python3.6/site-packages/cv_bridge/__init__.py'...
[1.450s] Compiling '/home/nvidia/workspace/alan/src/AMR_ros2_slam_nav2/install/cv_bridge/lib/python3.6/site-packages/cv_bridge/core.py'...
[1.466s] -- Installing: /home/nvidia/workspace/alan/src/AMR_ros2_slam_nav2/install/cv_bridge/lib/libcv_bridge.so
[1.476s] -- Set runtime path of "/home/nvidia/workspace/alan/src/AMR_ros2_slam_nav2/install/cv_bridge/lib/libcv_bridge.so" to ""
[1.485s] -- Installing: /home/nvidia/workspace/alan/src/AMR_ros2_slam_nav2/install/cv_bridge/include/cv_bridge/cv_bridge_export.h
[1.507s] -- Installing: /home/nvidia/workspace/alan/src/AMR_ros2_slam_nav2/install/cv_bridge/lib/python3.6/site-packages/cv_bridge/boost/cv_bridge_boost.so
[1.509s] -- Set runtime path of "/home/nvidia/workspace/alan/src/AMR_ros2_slam_nav2/install/cv_bridge/lib/python3.6/site-packages/cv_bridge/boost/cv_bridge_boost.so" to ""
[1.825s] Invoked command in '/home/nvidia/workspace/alan/src/AMR_ros2_slam_nav2/build/cv_bridge' returned '0': CMAKE_PREFIX_PATH=${CMAKE_PREFIX_PATH}:/home/nvidia/workspace/alan/src/AMR_ros2_slam_nav2/install/turtlebot3_teleop:/home/nvidia/workspace/alan/src/AMR_ros2_slam_nav2/install/turtlebot3_example:/home/nvidia/workspace/alan/src/AMR_ros2_slam_nav2/install/opencv_tests:/home/nvidia/workspace/alan/src/AMR_ros2_slam_nav2/install/nav2_gazebo_spawner:/home/nvidia/workspace/alan/AMR/install/turtlebot3_teleop:/home/nvidia/workspace/alan/AMR/install/turtlebot3_example:/home/nvidia/workspace/alan/AMR/install/opencv_tests:/home/nvidia/workspace/alan/AMR/install/nav2_gazebo_spawner /usr/local/bin/cmake --install /home/nvidia/workspace/alan/src/AMR_ros2_slam_nav2/build/cv_bridge
