[0.239s] Invoking command in '/home/nvidia/workspace/alan/src/AMR_ros2_slam_nav2/build/camera_calibration_parsers': /usr/local/bin/cmake /home/nvidia/workspace/alan/src/AMR_ros2_slam_nav2/image_common/camera_calibration_parsers -DCMAKE_INSTALL_PREFIX=/home/nvidia/workspace/alan/src/AMR_ros2_slam_nav2/install/camera_calibration_parsers
[0.640s] -- The C compiler identification is GNU 7.5.0
[1.041s] -- The CXX compiler identification is GNU 7.5.0
[1.111s] -- Check for working C compiler: /usr/bin/cc
[1.344s] -- Check for working C compiler: /usr/bin/cc -- works
[1.358s] -- Detecting C compiler ABI info
[1.612s] -- Detecting C compiler ABI info - done
[1.842s] -- Detecting C compile features
[1.847s] -- Detecting C compile features - done
[1.889s] -- Check for working CXX compiler: /usr/bin/c++
[2.155s] -- Check for working CXX compiler: /usr/bin/c++ -- works
[2.174s] -- Detecting CXX compiler ABI info
[2.481s] -- Detecting CXX compiler ABI info - done
[2.728s] -- Detecting CXX compile features
[2.736s] -- Detecting CXX compile features - done
[2.751s] -- Found ament_cmake_ros: 0.9.2 (/home/workspace/ros2/install/share/ament_cmake_ros/cmake)
[2.903s] -- Found PythonInterp: /usr/bin/python3 (found suitable version "3.6.9", minimum required is "3") 
[2.904s] -- Using PYTHON_EXECUTABLE: /usr/bin/python3
[3.868s] -- Found rclcpp: 2.4.0 (/home/workspace/ros2/install/share/rclcpp/cmake)
[4.315s] -- Using all available rosidl_typesupport_c: rosidl_typesupport_fastrtps_c;rosidl_typesupport_introspection_c
[4.398s] -- Found rosidl_adapter: 1.2.1 (/home/workspace/ros2/install/share/rosidl_adapter/cmake)
[4.812s] -- Found OpenSSL: /usr/lib/aarch64-linux-gnu/libcrypto.so (found version "1.1.1")  
[4.975s] -- Found FastRTPS: /home/workspace/ros2/install/include  
[5.825s] -- Using all available rosidl_typesupport_cpp: rosidl_typesupport_fastrtps_cpp;rosidl_typesupport_introspection_cpp
[6.665s] -- Found rmw_implementation_cmake: 1.0.3 (/home/workspace/ros2/install/share/rmw_implementation_cmake/cmake)
[6.686s] -- Using RMW implementation 'rmw_fastrtps_cpp' as default
[6.697s] -- Looking for pthread.h
[6.937s] -- Looking for pthread.h - found
[6.941s] -- Performing Test CMAKE_HAVE_LIBC_PTHREAD
[7.187s] -- Performing Test CMAKE_HAVE_LIBC_PTHREAD - Failed
[7.190s] -- Looking for pthread_create in pthreads
[7.373s] -- Looking for pthread_create in pthreads - not found
[7.376s] -- Looking for pthread_create in pthread
[7.602s] -- Looking for pthread_create in pthread - found
[7.612s] -- Found Threads: TRUE  
[9.862s] -- Found sensor_msgs: 2.0.4 (/home/workspace/ros2/install/share/sensor_msgs/cmake)
[11.475s] -- Found yaml_cpp_vendor: 7.0.2 (/home/workspace/ros2/install/share/yaml_cpp_vendor/cmake)
[11.476s] -- Setting yaml-cpp_DIR to: '/home/workspace/ros2/install/share/yaml_cpp_vendor/cmake/../../../opt/yaml_cpp_vendor/lib/cmake/yaml-cpp'
[11.526s] -- Found ament_cmake_cppcheck: 0.9.6 (/home/workspace/ros2/install/share/ament_cmake_cppcheck/cmake)
[11.534s] -- Found ament_cmake_cpplint: 0.9.6 (/home/workspace/ros2/install/share/ament_cmake_cpplint/cmake)
[11.544s] -- Found ament_cmake_lint_cmake: 0.9.6 (/home/workspace/ros2/install/share/ament_cmake_lint_cmake/cmake)
[11.552s] -- Found ament_cmake_uncrustify: 0.9.6 (/home/workspace/ros2/install/share/ament_cmake_uncrustify/cmake)
[11.579s] -- Found gtest sources under '/home/workspace/ros2/install/src/gtest_vendor': C++ tests using 'Google Test' will be built
[11.601s] -- Check if compiler accepts -pthread
[11.862s] -- Check if compiler accepts -pthread - yes
[12.443s] -- Configuring done
[12.784s] -- Generating done
[12.805s] -- Build files have been written to: /home/nvidia/workspace/alan/src/AMR_ros2_slam_nav2/build/camera_calibration_parsers
[12.849s] Invoked command in '/home/nvidia/workspace/alan/src/AMR_ros2_slam_nav2/build/camera_calibration_parsers' returned '0': /usr/local/bin/cmake /home/nvidia/workspace/alan/src/AMR_ros2_slam_nav2/image_common/camera_calibration_parsers -DCMAKE_INSTALL_PREFIX=/home/nvidia/workspace/alan/src/AMR_ros2_slam_nav2/install/camera_calibration_parsers
[12.852s] Invoking command in '/home/nvidia/workspace/alan/src/AMR_ros2_slam_nav2/build/camera_calibration_parsers': /usr/local/bin/cmake --build /home/nvidia/workspace/alan/src/AMR_ros2_slam_nav2/build/camera_calibration_parsers -- -j8 -l8
[12.971s] [35m[1mScanning dependencies of target camera_calibration_parsers[0m
[13.002s] [35m[1mScanning dependencies of target gtest_main[0m
[13.010s] [35m[1mScanning dependencies of target gtest[0m
[13.161s] [  7%] [32mBuilding CXX object gtest/CMakeFiles/gtest_main.dir/src/gtest_main.cc.o[0m
[13.197s] [ 14%] [32mBuilding CXX object gtest/CMakeFiles/gtest.dir/src/gtest-all.cc.o[0m
[13.580s] [ 21%] [32mBuilding CXX object CMakeFiles/camera_calibration_parsers.dir/src/parse.cpp.o[0m
[13.594s] [ 28%] [32mBuilding CXX object CMakeFiles/camera_calibration_parsers.dir/src/parse_yml.cpp.o[0m
[13.605s] [ 35%] [32mBuilding CXX object CMakeFiles/camera_calibration_parsers.dir/src/parse_ini.cpp.o[0m
[18.094s] [ 42%] [32m[1mLinking CXX static library libgtest_main.a[0m
[18.394s] [ 42%] Built target gtest_main
[27.751s] [ 50%] [32m[1mLinking CXX shared library libcamera_calibration_parsers.so[0m
[30.361s] [ 50%] Built target camera_calibration_parsers
[30.501s] [35m[1mScanning dependencies of target convert[0m
[31.113s] [ 57%] [32mBuilding CXX object CMakeFiles/convert.dir/src/convert.cpp.o[0m
[35.549s] [ 64%] [32m[1mLinking CXX executable convert[0m
[36.446s] [ 71%] [32m[1mLinking CXX static library libgtest.a[0m
[36.957s] [ 71%] Built target gtest
[37.116s] [35m[1mScanning dependencies of target camera_calibration_parsers-parse_ini[0m
[37.130s] [35m[1mScanning dependencies of target camera_calibration_parsers-parse_yml[0m
[37.436s] [ 78%] [32mBuilding CXX object CMakeFiles/camera_calibration_parsers-parse_yml.dir/test/test_parse_yml.cpp.o[0m
[37.469s] [ 85%] [32mBuilding CXX object CMakeFiles/camera_calibration_parsers-parse_ini.dir/test/test_parse_ini.cpp.o[0m
[37.736s] [ 85%] Built target convert
[43.930s] [ 92%] [32m[1mLinking CXX executable camera_calibration_parsers-parse_ini[0m
[43.940s] [100%] [32m[1mLinking CXX executable camera_calibration_parsers-parse_yml[0m
[45.336s] [100%] Built target camera_calibration_parsers-parse_yml
[45.340s] [100%] Built target camera_calibration_parsers-parse_ini
[45.412s] Invoked command in '/home/nvidia/workspace/alan/src/AMR_ros2_slam_nav2/build/camera_calibration_parsers' returned '0': /usr/local/bin/cmake --build /home/nvidia/workspace/alan/src/AMR_ros2_slam_nav2/build/camera_calibration_parsers -- -j8 -l8
[46.182s] Invoking command in '/home/nvidia/workspace/alan/src/AMR_ros2_slam_nav2/build/camera_calibration_parsers': /usr/local/bin/cmake --install /home/nvidia/workspace/alan/src/AMR_ros2_slam_nav2/build/camera_calibration_parsers
[46.238s] -- Install configuration: ""
[46.243s] -- Installing: /home/nvidia/workspace/alan/src/AMR_ros2_slam_nav2/install/camera_calibration_parsers/lib/libcamera_calibration_parsers.so
[46.261s] -- Set runtime path of "/home/nvidia/workspace/alan/src/AMR_ros2_slam_nav2/install/camera_calibration_parsers/lib/libcamera_calibration_parsers.so" to ""
[46.272s] -- Installing: /home/nvidia/workspace/alan/src/AMR_ros2_slam_nav2/install/camera_calibration_parsers/lib/camera_calibration_parsers/convert
[46.275s] -- Set runtime path of "/home/nvidia/workspace/alan/src/AMR_ros2_slam_nav2/install/camera_calibration_parsers/lib/camera_calibration_parsers/convert" to ""
[46.276s] -- Installing: /home/nvidia/workspace/alan/src/AMR_ros2_slam_nav2/install/camera_calibration_parsers/include
[46.276s] -- Installing: /home/nvidia/workspace/alan/src/AMR_ros2_slam_nav2/install/camera_calibration_parsers/include/camera_calibration_parsers
[46.277s] -- Installing: /home/nvidia/workspace/alan/src/AMR_ros2_slam_nav2/install/camera_calibration_parsers/include/camera_calibration_parsers/visibility_control.hpp
[46.277s] -- Installing: /home/nvidia/workspace/alan/src/AMR_ros2_slam_nav2/install/camera_calibration_parsers/include/camera_calibration_parsers/parse_yml.h
[46.278s] -- Installing: /home/nvidia/workspace/alan/src/AMR_ros2_slam_nav2/install/camera_calibration_parsers/include/camera_calibration_parsers/parse.h
[46.278s] -- Installing: /home/nvidia/workspace/alan/src/AMR_ros2_slam_nav2/install/camera_calibration_parsers/include/camera_calibration_parsers/parse_yml.hpp
[46.279s] -- Installing: /home/nvidia/workspace/alan/src/AMR_ros2_slam_nav2/install/camera_calibration_parsers/include/camera_calibration_parsers/parse_ini.hpp
[46.279s] -- Installing: /home/nvidia/workspace/alan/src/AMR_ros2_slam_nav2/install/camera_calibration_parsers/include/camera_calibration_parsers/parse.hpp
[46.280s] -- Installing: /home/nvidia/workspace/alan/src/AMR_ros2_slam_nav2/install/camera_calibration_parsers/include/camera_calibration_parsers/parse_ini.h
[46.280s] -- Installing: /home/nvidia/workspace/alan/src/AMR_ros2_slam_nav2/install/camera_calibration_parsers/share/camera_calibration_parsers/environment/library_path.sh
[46.280s] -- Installing: /home/nvidia/workspace/alan/src/AMR_ros2_slam_nav2/install/camera_calibration_parsers/share/camera_calibration_parsers/environment/library_path.dsv
[46.281s] -- Installing: /home/nvidia/workspace/alan/src/AMR_ros2_slam_nav2/install/camera_calibration_parsers/share/ament_index/resource_index/package_run_dependencies/camera_calibration_parsers
[46.282s] -- Installing: /home/nvidia/workspace/alan/src/AMR_ros2_slam_nav2/install/camera_calibration_parsers/share/ament_index/resource_index/parent_prefix_path/camera_calibration_parsers
[46.282s] -- Installing: /home/nvidia/workspace/alan/src/AMR_ros2_slam_nav2/install/camera_calibration_parsers/share/camera_calibration_parsers/environment/ament_prefix_path.sh
[46.283s] -- Installing: /home/nvidia/workspace/alan/src/AMR_ros2_slam_nav2/install/camera_calibration_parsers/share/camera_calibration_parsers/environment/ament_prefix_path.dsv
[46.284s] -- Installing: /home/nvidia/workspace/alan/src/AMR_ros2_slam_nav2/install/camera_calibration_parsers/share/camera_calibration_parsers/environment/path.sh
[46.303s] -- Installing: /home/nvidia/workspace/alan/src/AMR_ros2_slam_nav2/install/camera_calibration_parsers/share/camera_calibration_parsers/environment/path.dsv
[46.303s] -- Installing: /home/nvidia/workspace/alan/src/AMR_ros2_slam_nav2/install/camera_calibration_parsers/share/camera_calibration_parsers/local_setup.bash
[46.304s] -- Installing: /home/nvidia/workspace/alan/src/AMR_ros2_slam_nav2/install/camera_calibration_parsers/share/camera_calibration_parsers/local_setup.sh
[46.305s] -- Installing: /home/nvidia/workspace/alan/src/AMR_ros2_slam_nav2/install/camera_calibration_parsers/share/camera_calibration_parsers/local_setup.zsh
[46.308s] -- Installing: /home/nvidia/workspace/alan/src/AMR_ros2_slam_nav2/install/camera_calibration_parsers/share/camera_calibration_parsers/local_setup.dsv
[46.308s] -- Installing: /home/nvidia/workspace/alan/src/AMR_ros2_slam_nav2/install/camera_calibration_parsers/share/camera_calibration_parsers/package.dsv
[46.310s] -- Installing: /home/nvidia/workspace/alan/src/AMR_ros2_slam_nav2/install/camera_calibration_parsers/share/ament_index/resource_index/packages/camera_calibration_parsers
[46.310s] -- Installing: /home/nvidia/workspace/alan/src/AMR_ros2_slam_nav2/install/camera_calibration_parsers/share/camera_calibration_parsers/cmake/ament_cmake_export_include_directories-extras.cmake
[46.312s] -- Installing: /home/nvidia/workspace/alan/src/AMR_ros2_slam_nav2/install/camera_calibration_parsers/share/camera_calibration_parsers/cmake/ament_cmake_export_libraries-extras.cmake
[46.312s] -- Installing: /home/nvidia/workspace/alan/src/AMR_ros2_slam_nav2/install/camera_calibration_parsers/share/camera_calibration_parsers/cmake/ament_cmake_export_dependencies-extras.cmake
[46.313s] -- Installing: /home/nvidia/workspace/alan/src/AMR_ros2_slam_nav2/install/camera_calibration_parsers/share/camera_calibration_parsers/cmake/camera_calibration_parsersConfig.cmake
[46.314s] -- Installing: /home/nvidia/workspace/alan/src/AMR_ros2_slam_nav2/install/camera_calibration_parsers/share/camera_calibration_parsers/cmake/camera_calibration_parsersConfig-version.cmake
[46.314s] -- Installing: /home/nvidia/workspace/alan/src/AMR_ros2_slam_nav2/install/camera_calibration_parsers/share/camera_calibration_parsers/package.xml
[46.346s] Invoked command in '/home/nvidia/workspace/alan/src/AMR_ros2_slam_nav2/build/camera_calibration_parsers' returned '0': /usr/local/bin/cmake --install /home/nvidia/workspace/alan/src/AMR_ros2_slam_nav2/build/camera_calibration_parsers
