[ 33%] Built target path_ops
[ 66%] Built target conversions
[100%] Built target tf_help
-- Install configuration: "Release"
-- Up-to-date: /home/nvidia/workspace/alan/src/AMR_ros2_slam_nav2/install/nav_2d_utils/lib/libconversions.so
-- Up-to-date: /home/nvidia/workspace/alan/src/AMR_ros2_slam_nav2/install/nav_2d_utils/lib/libpath_ops.so
-- Up-to-date: /home/nvidia/workspace/alan/src/AMR_ros2_slam_nav2/install/nav_2d_utils/lib/libtf_help.so
-- Up-to-date: /home/nvidia/workspace/alan/src/AMR_ros2_slam_nav2/install/nav_2d_utils/include/
-- Up-to-date: /home/nvidia/workspace/alan/src/AMR_ros2_slam_nav2/install/nav_2d_utils/include//nav_2d_utils
-- Up-to-date: /home/nvidia/workspace/alan/src/AMR_ros2_slam_nav2/install/nav_2d_utils/include//nav_2d_utils/conversions.hpp
-- Up-to-date: /home/nvidia/workspace/alan/src/AMR_ros2_slam_nav2/install/nav_2d_utils/include//nav_2d_utils/odom_subscriber.hpp
-- Up-to-date: /home/nvidia/workspace/alan/src/AMR_ros2_slam_nav2/install/nav_2d_utils/include//nav_2d_utils/path_ops.hpp
-- Up-to-date: /home/nvidia/workspace/alan/src/AMR_ros2_slam_nav2/install/nav_2d_utils/include//nav_2d_utils/tf_help.hpp
-- Up-to-date: /home/nvidia/workspace/alan/src/AMR_ros2_slam_nav2/install/nav_2d_utils/include//nav_2d_utils/parameters.hpp
-- Up-to-date: /home/nvidia/workspace/alan/src/AMR_ros2_slam_nav2/install/nav_2d_utils/share/nav_2d_utils/environment/library_path.sh
-- Up-to-date: /home/nvidia/workspace/alan/src/AMR_ros2_slam_nav2/install/nav_2d_utils/share/nav_2d_utils/environment/library_path.dsv
-- Up-to-date: /home/nvidia/workspace/alan/src/AMR_ros2_slam_nav2/install/nav_2d_utils/share/ament_index/resource_index/package_run_dependencies/nav_2d_utils
-- Up-to-date: /home/nvidia/workspace/alan/src/AMR_ros2_slam_nav2/install/nav_2d_utils/share/ament_index/resource_index/parent_prefix_path/nav_2d_utils
-- Up-to-date: /home/nvidia/workspace/alan/src/AMR_ros2_slam_nav2/install/nav_2d_utils/share/nav_2d_utils/environment/ament_prefix_path.sh
-- Up-to-date: /home/nvidia/workspace/alan/src/AMR_ros2_slam_nav2/install/nav_2d_utils/share/nav_2d_utils/environment/ament_prefix_path.dsv
-- Up-to-date: /home/nvidia/workspace/alan/src/AMR_ros2_slam_nav2/install/nav_2d_utils/share/nav_2d_utils/environment/path.sh
-- Up-to-date: /home/nvidia/workspace/alan/src/AMR_ros2_slam_nav2/install/nav_2d_utils/share/nav_2d_utils/environment/path.dsv
-- Up-to-date: /home/nvidia/workspace/alan/src/AMR_ros2_slam_nav2/install/nav_2d_utils/share/nav_2d_utils/local_setup.bash
-- Up-to-date: /home/nvidia/workspace/alan/src/AMR_ros2_slam_nav2/install/nav_2d_utils/share/nav_2d_utils/local_setup.sh
-- Up-to-date: /home/nvidia/workspace/alan/src/AMR_ros2_slam_nav2/install/nav_2d_utils/share/nav_2d_utils/local_setup.zsh
-- Up-to-date: /home/nvidia/workspace/alan/src/AMR_ros2_slam_nav2/install/nav_2d_utils/share/nav_2d_utils/local_setup.dsv
-- Installing: /home/nvidia/workspace/alan/src/AMR_ros2_slam_nav2/install/nav_2d_utils/share/nav_2d_utils/package.dsv
-- Up-to-date: /home/nvidia/workspace/alan/src/AMR_ros2_slam_nav2/install/nav_2d_utils/share/ament_index/resource_index/packages/nav_2d_utils
-- Up-to-date: /home/nvidia/workspace/alan/src/AMR_ros2_slam_nav2/install/nav_2d_utils/share/nav_2d_utils/cmake/ament_cmake_export_include_directories-extras.cmake
-- Up-to-date: /home/nvidia/workspace/alan/src/AMR_ros2_slam_nav2/install/nav_2d_utils/share/nav_2d_utils/cmake/ament_cmake_export_libraries-extras.cmake
-- Up-to-date: /home/nvidia/workspace/alan/src/AMR_ros2_slam_nav2/install/nav_2d_utils/share/nav_2d_utils/cmake/ament_cmake_export_dependencies-extras.cmake
-- Up-to-date: /home/nvidia/workspace/alan/src/AMR_ros2_slam_nav2/install/nav_2d_utils/share/nav_2d_utils/cmake/nav_2d_utilsConfig.cmake
-- Up-to-date: /home/nvidia/workspace/alan/src/AMR_ros2_slam_nav2/install/nav_2d_utils/share/nav_2d_utils/cmake/nav_2d_utilsConfig-version.cmake
-- Up-to-date: /home/nvidia/workspace/alan/src/AMR_ros2_slam_nav2/install/nav_2d_utils/share/nav_2d_utils/package.xml
