running egg_info
writing ../build/turtlebot3_example/turtlebot3_example.egg-info/PKG-INFO
writing dependency_links to ../build/turtlebot3_example/turtlebot3_example.egg-info/dependency_links.txt
writing entry points to ../build/turtlebot3_example/turtlebot3_example.egg-info/entry_points.txt
writing requirements to ../build/turtlebot3_example/turtlebot3_example.egg-info/requires.txt
writing top-level names to ../build/turtlebot3_example/turtlebot3_example.egg-info/top_level.txt
reading manifest file '../build/turtlebot3_example/turtlebot3_example.egg-info/SOURCES.txt'
writing manifest file '../build/turtlebot3_example/turtlebot3_example.egg-info/SOURCES.txt'
running build
running build_py
running install
/home/nvidia/.local/lib/python3.6/site-packages/setuptools/command/install.py:37: SetuptoolsDeprecationWarning: setup.py install is deprecated. Use build and pip and other standards-based tools.
  setuptools.SetuptoolsDeprecationWarning,
running install_lib
running install_data
running install_egg_info
removing '/home/nvidia/workspace/alan/src/AMR_ros2_slam_nav2/install/turtlebot3_example/lib/python3.6/site-packages/turtlebot3_example-2.1.2-py3.6.egg-info' (and everything under it)
Copying ../build/turtlebot3_example/turtlebot3_example.egg-info to /home/nvidia/workspace/alan/src/AMR_ros2_slam_nav2/install/turtlebot3_example/lib/python3.6/site-packages/turtlebot3_example-2.1.2-py3.6.egg-info
running install_scripts
Installing turtlebot3_obstacle_detection script to /home/nvidia/workspace/alan/src/AMR_ros2_slam_nav2/install/turtlebot3_example/lib/turtlebot3_example
Installing turtlebot3_patrol_client script to /home/nvidia/workspace/alan/src/AMR_ros2_slam_nav2/install/turtlebot3_example/lib/turtlebot3_example
Installing turtlebot3_patrol_server script to /home/nvidia/workspace/alan/src/AMR_ros2_slam_nav2/install/turtlebot3_example/lib/turtlebot3_example
Installing turtlebot3_position_control script to /home/nvidia/workspace/alan/src/AMR_ros2_slam_nav2/install/turtlebot3_example/lib/turtlebot3_example
writing list of installed files to '/home/nvidia/workspace/alan/src/AMR_ros2_slam_nav2/build/turtlebot3_example/install.log'
