[0.068s] Invoking command in '/home/nvidia/workspace/alan/src/AMR_ros2_slam_nav2/build/pcl_conversions': AMENT_PREFIX_PATH=/home/nvidia/workspace/alan/src/AMR_ros2_slam_nav2/install/pcl_msgs:${AMENT_PREFIX_PATH} CMAKE_PREFIX_PATH=/home/nvidia/workspace/alan/src/AMR_ros2_slam_nav2/install/pcl_msgs:${CMAKE_PREFIX_PATH} LD_LIBRARY_PATH=/home/nvidia/workspace/alan/src/AMR_ros2_slam_nav2/install/pcl_msgs/lib:/home/workspace/ros2/install/opt/yaml_cpp_vendor/lib:/home/workspace/ros2/install/opt/rviz_ogre_vendor/lib:/home/workspace/ros2/install/lib:/usr/local/cuda-10.2/lib64 PYTHONPATH=/home/nvidia/workspace/alan/src/AMR_ros2_slam_nav2/install/pcl_msgs/lib/python3.6/site-packages:/home/workspace/ros2/install/lib/python3.6/site-packages:/usr/local/lib:/usr/local/cuda/bin /usr/local/bin/cmake /home/nvidia/workspace/alan/src/AMR_ros2_slam_nav2/perception_pcl/pcl_conversions -DCMAKE_INSTALL_PREFIX=/home/nvidia/workspace/alan/src/AMR_ros2_slam_nav2/install/pcl_conversions
[0.381s] -- The C compiler identification is GNU 7.5.0
[0.728s] -- The CXX compiler identification is GNU 7.5.0
[0.806s] -- Check for working C compiler: /usr/bin/cc
[1.038s] -- Check for working C compiler: /usr/bin/cc -- works
[1.051s] -- Detecting C compiler ABI info
[1.283s] -- Detecting C compiler ABI info - done
[1.504s] -- Detecting C compile features
[1.510s] -- Detecting C compile features - done
[1.546s] -- Check for working CXX compiler: /usr/bin/c++
[1.794s] -- Check for working CXX compiler: /usr/bin/c++ -- works
[1.813s] -- Detecting CXX compiler ABI info
[2.062s] -- Detecting CXX compiler ABI info - done
[2.251s] -- Detecting CXX compile features
[2.258s] -- Detecting CXX compile features - done
[2.273s] -- Found ament_cmake: 0.9.9 (/home/workspace/ros2/install/share/ament_cmake/cmake)
[2.399s] -- Found PythonInterp: /usr/bin/python3 (found suitable version "3.6.9", minimum required is "3") 
[2.399s] -- Using PYTHON_EXECUTABLE: /usr/bin/python3
[3.588s] -- Found Boost: /usr/include (found version "1.65.1")  
[3.618s] -- Found message_filters: 3.2.5 (/home/workspace/ros2/install/share/message_filters/cmake)
[3.746s] -- Checking for module 'eigen3'
[3.828s] --   Found eigen3, version 3.3.4
[3.963s] -- Found Eigen: /usr/include/eigen3  
[3.964s] -- Eigen found (include: /usr/include/eigen3, version: 3.3.4)
[5.645s] -- Checking for module 'libusb-1.0'
[5.734s] --   Found libusb-1.0, version 1.0.21
[5.891s] -- Found USB_10: /usr/lib/aarch64-linux-gnu/libusb-1.0.so  
[6.135s] -- OpenNI found (include: /usr/include/ni, lib: /usr/lib/libOpenNI.so)
[6.424s] -- OpenNI2 found (include: /usr/include/openni2, lib: /usr/lib/libOpenNI2.so)
[7.178s] -- The imported target "vtkRenderingPythonTkWidgets" references the file
[7.178s]    "/usr/lib/aarch64-linux-gnu/libvtkRenderingPythonTkWidgets.so"
[7.179s] but this file does not exist.  Possible reasons include:
[7.179s] * The file was deleted, renamed, or moved to another location.
[7.179s] * An install or uninstall procedure did not complete successfully.
[7.181s] * The installation package was faulty and contained
[7.181s]    "/usr/lib/cmake/vtk-6.3/VTKTargets.cmake"
[7.181s] but not all the files it references.
[7.182s] 
[7.184s] -- The imported target "vtk" references the file
[7.184s]    "/usr/bin/vtk"
[7.185s] but this file does not exist.  Possible reasons include:
[7.185s] * The file was deleted, renamed, or moved to another location.
[7.185s] * An install or uninstall procedure did not complete successfully.
[7.186s] * The installation package was faulty and contained
[7.186s]    "/usr/lib/cmake/vtk-6.3/VTKTargets.cmake"
[7.186s] but not all the files it references.
[7.187s] 
[8.078s] -- Found libusb-1.0: /usr/include  
[8.087s] -- Found PCL_COMMON: /usr/local/lib/libpcl_common.so  
[8.097s] -- Found PCL_OCTREE: /usr/local/lib/libpcl_octree.so  
[8.107s] -- Found PCL_IO: /usr/local/lib/libpcl_io.so  
[8.126s] -- Found pcl_msgs: 0.2.0 (/home/nvidia/workspace/alan/src/AMR_ros2_slam_nav2/install/pcl_msgs/share/pcl_msgs/cmake)
[8.380s] -- Using all available rosidl_typesupport_c: rosidl_typesupport_fastrtps_c;rosidl_typesupport_introspection_c
[8.458s] -- Found rosidl_adapter: 1.2.1 (/home/workspace/ros2/install/share/rosidl_adapter/cmake)
[8.853s] -- Found OpenSSL: /usr/lib/aarch64-linux-gnu/libcrypto.so (found version "1.1.1")  
[9.016s] -- Found FastRTPS: /home/workspace/ros2/install/include  
[9.830s] -- Using all available rosidl_typesupport_cpp: rosidl_typesupport_fastrtps_cpp;rosidl_typesupport_introspection_cpp
[13.620s] -- Found rclcpp: 2.4.0 (/home/workspace/ros2/install/share/rclcpp/cmake)
[14.116s] -- Found rmw_implementation_cmake: 1.0.3 (/home/workspace/ros2/install/share/rmw_implementation_cmake/cmake)
[14.139s] -- Using RMW implementation 'rmw_fastrtps_cpp' as default
[14.158s] -- Found Threads: TRUE  
[16.150s] -- Found ament_cmake_gtest: 0.9.9 (/home/workspace/ros2/install/share/ament_cmake_gtest/cmake)
[16.168s] -- Found gtest sources under '/home/workspace/ros2/install/src/gtest_vendor': C++ tests using 'Google Test' will be built
[16.201s] -- Check if compiler accepts -pthread
[16.428s] -- Check if compiler accepts -pthread - yes
[17.065s] -- Configuring done
[17.466s] -- Generating done
[17.487s] -- Build files have been written to: /home/nvidia/workspace/alan/src/AMR_ros2_slam_nav2/build/pcl_conversions
[17.564s] Invoked command in '/home/nvidia/workspace/alan/src/AMR_ros2_slam_nav2/build/pcl_conversions' returned '0': AMENT_PREFIX_PATH=/home/nvidia/workspace/alan/src/AMR_ros2_slam_nav2/install/pcl_msgs:${AMENT_PREFIX_PATH} CMAKE_PREFIX_PATH=/home/nvidia/workspace/alan/src/AMR_ros2_slam_nav2/install/pcl_msgs:${CMAKE_PREFIX_PATH} LD_LIBRARY_PATH=/home/nvidia/workspace/alan/src/AMR_ros2_slam_nav2/install/pcl_msgs/lib:/home/workspace/ros2/install/opt/yaml_cpp_vendor/lib:/home/workspace/ros2/install/opt/rviz_ogre_vendor/lib:/home/workspace/ros2/install/lib:/usr/local/cuda-10.2/lib64 PYTHONPATH=/home/nvidia/workspace/alan/src/AMR_ros2_slam_nav2/install/pcl_msgs/lib/python3.6/site-packages:/home/workspace/ros2/install/lib/python3.6/site-packages:/usr/local/lib:/usr/local/cuda/bin /usr/local/bin/cmake /home/nvidia/workspace/alan/src/AMR_ros2_slam_nav2/perception_pcl/pcl_conversions -DCMAKE_INSTALL_PREFIX=/home/nvidia/workspace/alan/src/AMR_ros2_slam_nav2/install/pcl_conversions
[17.578s] Invoking command in '/home/nvidia/workspace/alan/src/AMR_ros2_slam_nav2/build/pcl_conversions': AMENT_PREFIX_PATH=/home/nvidia/workspace/alan/src/AMR_ros2_slam_nav2/install/pcl_msgs:${AMENT_PREFIX_PATH} CMAKE_PREFIX_PATH=/home/nvidia/workspace/alan/src/AMR_ros2_slam_nav2/install/pcl_msgs:${CMAKE_PREFIX_PATH} LD_LIBRARY_PATH=/home/nvidia/workspace/alan/src/AMR_ros2_slam_nav2/install/pcl_msgs/lib:/home/workspace/ros2/install/opt/yaml_cpp_vendor/lib:/home/workspace/ros2/install/opt/rviz_ogre_vendor/lib:/home/workspace/ros2/install/lib:/usr/local/cuda-10.2/lib64 PYTHONPATH=/home/nvidia/workspace/alan/src/AMR_ros2_slam_nav2/install/pcl_msgs/lib/python3.6/site-packages:/home/workspace/ros2/install/lib/python3.6/site-packages:/usr/local/lib:/usr/local/cuda/bin /usr/local/bin/cmake --build /home/nvidia/workspace/alan/src/AMR_ros2_slam_nav2/build/pcl_conversions -- -j8 -l8
[17.705s] [35m[1mScanning dependencies of target gtest[0m
[17.832s] [ 16%] [32mBuilding CXX object gtest/CMakeFiles/gtest.dir/src/gtest-all.cc.o[0m
[29.281s] [ 33%] [32m[1mLinking CXX static library libgtest.a[0m
[29.438s] [ 33%] Built target gtest
[29.458s] [35m[1mScanning dependencies of target gtest_main[0m
[29.526s] [ 50%] [32mBuilding CXX object gtest/CMakeFiles/gtest_main.dir/src/gtest_main.cc.o[0m
[31.650s] [ 66%] [32m[1mLinking CXX static library libgtest_main.a[0m
[31.698s] [ 66%] Built target gtest_main
[31.721s] [35m[1mScanning dependencies of target pcl_conversions-test[0m
[32.365s] [ 83%] [32mBuilding CXX object CMakeFiles/pcl_conversions-test.dir/test/test_pcl_conversions.cpp.o[0m
[55.990s] [100%] [32m[1mLinking CXX executable pcl_conversions-test[0m
[59.598s] [100%] Built target pcl_conversions-test
[59.626s] Invoked command in '/home/nvidia/workspace/alan/src/AMR_ros2_slam_nav2/build/pcl_conversions' returned '0': AMENT_PREFIX_PATH=/home/nvidia/workspace/alan/src/AMR_ros2_slam_nav2/install/pcl_msgs:${AMENT_PREFIX_PATH} CMAKE_PREFIX_PATH=/home/nvidia/workspace/alan/src/AMR_ros2_slam_nav2/install/pcl_msgs:${CMAKE_PREFIX_PATH} LD_LIBRARY_PATH=/home/nvidia/workspace/alan/src/AMR_ros2_slam_nav2/install/pcl_msgs/lib:/home/workspace/ros2/install/opt/yaml_cpp_vendor/lib:/home/workspace/ros2/install/opt/rviz_ogre_vendor/lib:/home/workspace/ros2/install/lib:/usr/local/cuda-10.2/lib64 PYTHONPATH=/home/nvidia/workspace/alan/src/AMR_ros2_slam_nav2/install/pcl_msgs/lib/python3.6/site-packages:/home/workspace/ros2/install/lib/python3.6/site-packages:/usr/local/lib:/usr/local/cuda/bin /usr/local/bin/cmake --build /home/nvidia/workspace/alan/src/AMR_ros2_slam_nav2/build/pcl_conversions -- -j8 -l8
[59.719s] Invoking command in '/home/nvidia/workspace/alan/src/AMR_ros2_slam_nav2/build/pcl_conversions': AMENT_PREFIX_PATH=/home/nvidia/workspace/alan/src/AMR_ros2_slam_nav2/install/pcl_msgs:${AMENT_PREFIX_PATH} CMAKE_PREFIX_PATH=/home/nvidia/workspace/alan/src/AMR_ros2_slam_nav2/install/pcl_msgs:${CMAKE_PREFIX_PATH} LD_LIBRARY_PATH=/home/nvidia/workspace/alan/src/AMR_ros2_slam_nav2/install/pcl_msgs/lib:/home/workspace/ros2/install/opt/yaml_cpp_vendor/lib:/home/workspace/ros2/install/opt/rviz_ogre_vendor/lib:/home/workspace/ros2/install/lib:/usr/local/cuda-10.2/lib64 PYTHONPATH=/home/nvidia/workspace/alan/src/AMR_ros2_slam_nav2/install/pcl_msgs/lib/python3.6/site-packages:/home/workspace/ros2/install/lib/python3.6/site-packages:/usr/local/lib:/usr/local/cuda/bin /usr/local/bin/cmake --install /home/nvidia/workspace/alan/src/AMR_ros2_slam_nav2/build/pcl_conversions
[59.746s] -- Install configuration: ""
[59.750s] -- Installing: /home/nvidia/workspace/alan/src/AMR_ros2_slam_nav2/install/pcl_conversions/include/pcl_conversions/
[59.752s] -- Installing: /home/nvidia/workspace/alan/src/AMR_ros2_slam_nav2/install/pcl_conversions/include/pcl_conversions//pcl_conversions.h
[59.755s] -- Installing: /home/nvidia/workspace/alan/src/AMR_ros2_slam_nav2/install/pcl_conversions/share/ament_index/resource_index/package_run_dependencies/pcl_conversions
[59.759s] -- Installing: /home/nvidia/workspace/alan/src/AMR_ros2_slam_nav2/install/pcl_conversions/share/ament_index/resource_index/parent_prefix_path/pcl_conversions
[59.763s] -- Installing: /home/nvidia/workspace/alan/src/AMR_ros2_slam_nav2/install/pcl_conversions/share/pcl_conversions/environment/ament_prefix_path.sh
[59.764s] -- Installing: /home/nvidia/workspace/alan/src/AMR_ros2_slam_nav2/install/pcl_conversions/share/pcl_conversions/environment/ament_prefix_path.dsv
[59.765s] -- Installing: /home/nvidia/workspace/alan/src/AMR_ros2_slam_nav2/install/pcl_conversions/share/pcl_conversions/environment/path.sh
[59.766s] -- Installing: /home/nvidia/workspace/alan/src/AMR_ros2_slam_nav2/install/pcl_conversions/share/pcl_conversions/environment/path.dsv
[59.767s] -- Installing: /home/nvidia/workspace/alan/src/AMR_ros2_slam_nav2/install/pcl_conversions/share/pcl_conversions/local_setup.bash
[59.768s] -- Installing: /home/nvidia/workspace/alan/src/AMR_ros2_slam_nav2/install/pcl_conversions/share/pcl_conversions/local_setup.sh
[59.770s] -- Installing: /home/nvidia/workspace/alan/src/AMR_ros2_slam_nav2/install/pcl_conversions/share/pcl_conversions/local_setup.zsh
[59.772s] -- Installing: /home/nvidia/workspace/alan/src/AMR_ros2_slam_nav2/install/pcl_conversions/share/pcl_conversions/local_setup.dsv
[59.773s] -- Installing: /home/nvidia/workspace/alan/src/AMR_ros2_slam_nav2/install/pcl_conversions/share/pcl_conversions/package.dsv
[59.775s] -- Installing: /home/nvidia/workspace/alan/src/AMR_ros2_slam_nav2/install/pcl_conversions/share/ament_index/resource_index/packages/pcl_conversions
[59.776s] -- Installing: /home/nvidia/workspace/alan/src/AMR_ros2_slam_nav2/install/pcl_conversions/share/pcl_conversions/cmake/ament_cmake_export_include_directories-extras.cmake
[59.776s] -- Installing: /home/nvidia/workspace/alan/src/AMR_ros2_slam_nav2/install/pcl_conversions/share/pcl_conversions/cmake/ament_cmake_export_dependencies-extras.cmake
[59.777s] -- Installing: /home/nvidia/workspace/alan/src/AMR_ros2_slam_nav2/install/pcl_conversions/share/pcl_conversions/cmake/pcl_conversionsConfig.cmake
[59.778s] -- Installing: /home/nvidia/workspace/alan/src/AMR_ros2_slam_nav2/install/pcl_conversions/share/pcl_conversions/cmake/pcl_conversionsConfig-version.cmake
[59.779s] -- Installing: /home/nvidia/workspace/alan/src/AMR_ros2_slam_nav2/install/pcl_conversions/share/pcl_conversions/package.xml
[59.797s] Invoked command in '/home/nvidia/workspace/alan/src/AMR_ros2_slam_nav2/build/pcl_conversions' returned '0': AMENT_PREFIX_PATH=/home/nvidia/workspace/alan/src/AMR_ros2_slam_nav2/install/pcl_msgs:${AMENT_PREFIX_PATH} CMAKE_PREFIX_PATH=/home/nvidia/workspace/alan/src/AMR_ros2_slam_nav2/install/pcl_msgs:${CMAKE_PREFIX_PATH} LD_LIBRARY_PATH=/home/nvidia/workspace/alan/src/AMR_ros2_slam_nav2/install/pcl_msgs/lib:/home/workspace/ros2/install/opt/yaml_cpp_vendor/lib:/home/workspace/ros2/install/opt/rviz_ogre_vendor/lib:/home/workspace/ros2/install/lib:/usr/local/cuda-10.2/lib64 PYTHONPATH=/home/nvidia/workspace/alan/src/AMR_ros2_slam_nav2/install/pcl_msgs/lib/python3.6/site-packages:/home/workspace/ros2/install/lib/python3.6/site-packages:/usr/local/lib:/usr/local/cuda/bin /usr/local/bin/cmake --install /home/nvidia/workspace/alan/src/AMR_ros2_slam_nav2/build/pcl_conversions
