Performing C SOURCE FILE Test CMAKE_HAVE_LIBC_PTHREAD failed with the following output:
Change Dir: /home/nvidia/workspace/alan/src/AMR_ros2_slam_nav2/build/nav2_waypoint_follower/CMakeFiles/CMakeTmp

Run Build Command(s):/usr/bin/make cmTC_6adbc/fast && /usr/bin/make -f CMakeFiles/cmTC_6adbc.dir/build.make CMakeFiles/cmTC_6adbc.dir/build
make[1]: Entering directory '/home/nvidia/workspace/alan/src/AMR_ros2_slam_nav2/build/nav2_waypoint_follower/CMakeFiles/CMakeTmp'
Building C object CMakeFiles/cmTC_6adbc.dir/src.c.o
/usr/bin/cc   -DCMAKE_HAVE_LIBC_PTHREAD   -o CMakeFiles/cmTC_6adbc.dir/src.c.o   -c /home/nvidia/workspace/alan/src/AMR_ros2_slam_nav2/build/nav2_waypoint_follower/CMakeFiles/CMakeTmp/src.c
Linking C executable cmTC_6adbc
/usr/local/bin/cmake -E cmake_link_script CMakeFiles/cmTC_6adbc.dir/link.txt --verbose=1
/usr/bin/cc  -DCMAKE_HAVE_LIBC_PTHREAD    CMakeFiles/cmTC_6adbc.dir/src.c.o  -o cmTC_6adbc 
CMakeFiles/cmTC_6adbc.dir/src.c.o: In function `main':
src.c:(.text+0x48): undefined reference to `pthread_create'
src.c:(.text+0x50): undefined reference to `pthread_detach'
src.c:(.text+0x5c): undefined reference to `pthread_join'
src.c:(.text+0x6c): undefined reference to `pthread_atfork'
collect2: error: ld returned 1 exit status
CMakeFiles/cmTC_6adbc.dir/build.make:86: recipe for target 'cmTC_6adbc' failed
make[1]: *** [cmTC_6adbc] Error 1
make[1]: Leaving directory '/home/nvidia/workspace/alan/src/AMR_ros2_slam_nav2/build/nav2_waypoint_follower/CMakeFiles/CMakeTmp'
Makefile:121: recipe for target 'cmTC_6adbc/fast' failed
make: *** [cmTC_6adbc/fast] Error 2


Source file was:
#include <pthread.h>

void* test_func(void* data)
{
  return data;
}

int main(void)
{
  pthread_t thread;
  pthread_create(&thread, NULL, test_func, NULL);
  pthread_detach(thread);
  pthread_join(thread, NULL);
  pthread_atfork(NULL, NULL, NULL);
  pthread_exit(NULL);

  return 0;
}

Determining if the function pthread_create exists in the pthreads failed with the following output:
Change Dir: /home/nvidia/workspace/alan/src/AMR_ros2_slam_nav2/build/nav2_waypoint_follower/CMakeFiles/CMakeTmp

Run Build Command(s):/usr/bin/make cmTC_ba77d/fast && /usr/bin/make -f CMakeFiles/cmTC_ba77d.dir/build.make CMakeFiles/cmTC_ba77d.dir/build
make[1]: Entering directory '/home/nvidia/workspace/alan/src/AMR_ros2_slam_nav2/build/nav2_waypoint_follower/CMakeFiles/CMakeTmp'
Building C object CMakeFiles/cmTC_ba77d.dir/CheckFunctionExists.c.o
/usr/bin/cc   -DCHECK_FUNCTION_EXISTS=pthread_create   -o CMakeFiles/cmTC_ba77d.dir/CheckFunctionExists.c.o   -c /usr/local/share/cmake-3.16/Modules/CheckFunctionExists.c
Linking C executable cmTC_ba77d
/usr/local/bin/cmake -E cmake_link_script CMakeFiles/cmTC_ba77d.dir/link.txt --verbose=1
/usr/bin/cc  -DCHECK_FUNCTION_EXISTS=pthread_create    CMakeFiles/cmTC_ba77d.dir/CheckFunctionExists.c.o  -o cmTC_ba77d  -lpthreads 
/usr/bin/ld: cannot find -lpthreads
collect2: error: ld returned 1 exit status
CMakeFiles/cmTC_ba77d.dir/build.make:86: recipe for target 'cmTC_ba77d' failed
make[1]: *** [cmTC_ba77d] Error 1
make[1]: Leaving directory '/home/nvidia/workspace/alan/src/AMR_ros2_slam_nav2/build/nav2_waypoint_follower/CMakeFiles/CMakeTmp'
Makefile:121: recipe for target 'cmTC_ba77d/fast' failed
make: *** [cmTC_ba77d/fast] Error 2



