[  1%] Built target dwb_msgs__cpp
[ 12%] Built target dwb_msgs__rosidl_generator_c
[ 24%] Built target dwb_msgs__rosidl_typesupport_cpp
[ 35%] Built target dwb_msgs__rosidl_typesupport_fastrtps_cpp
[ 47%] Built target dwb_msgs__rosidl_typesupport_introspection_cpp
[ 58%] Built target dwb_msgs__rosidl_typesupport_c
[ 70%] Built target dwb_msgs__rosidl_typesupport_introspection_c
[ 82%] Built target dwb_msgs__rosidl_typesupport_fastrtps_c
[ 82%] Built target dwb_msgs
[ 83%] Built target dwb_msgs__py
[ 93%] Built target dwb_msgs__python
[ 95%] Built target dwb_msgs__rosidl_typesupport_fastrtps_c__pyext
[ 97%] Built target dwb_msgs__rosidl_typesupport_c__pyext
[100%] Built target dwb_msgs__rosidl_typesupport_introspection_c__pyext
-- Install configuration: ""
-- Up-to-date: /home/nvidia/workspace/alan/src/AMR_ros2_slam_nav2/install/dwb_msgs/share/ament_index/resource_index/rosidl_interfaces/dwb_msgs
-- Up-to-date: /home/nvidia/workspace/alan/src/AMR_ros2_slam_nav2/install/dwb_msgs/include/dwb_msgs
-- Up-to-date: /home/nvidia/workspace/alan/src/AMR_ros2_slam_nav2/install/dwb_msgs/include/dwb_msgs/srv
-- Up-to-date: /home/nvidia/workspace/alan/src/AMR_ros2_slam_nav2/install/dwb_msgs/include/dwb_msgs/srv/get_critic_score.h
-- Up-to-date: /home/nvidia/workspace/alan/src/AMR_ros2_slam_nav2/install/dwb_msgs/include/dwb_msgs/srv/debug_local_plan.h
-- Up-to-date: /home/nvidia/workspace/alan/src/AMR_ros2_slam_nav2/install/dwb_msgs/include/dwb_msgs/srv/generate_trajectory.h
-- Up-to-date: /home/nvidia/workspace/alan/src/AMR_ros2_slam_nav2/install/dwb_msgs/include/dwb_msgs/srv/detail
-- Up-to-date: /home/nvidia/workspace/alan/src/AMR_ros2_slam_nav2/install/dwb_msgs/include/dwb_msgs/srv/detail/get_critic_score__functions.h
-- Up-to-date: /home/nvidia/workspace/alan/src/AMR_ros2_slam_nav2/install/dwb_msgs/include/dwb_msgs/srv/detail/generate_trajectory__functions.c
-- Up-to-date: /home/nvidia/workspace/alan/src/AMR_ros2_slam_nav2/install/dwb_msgs/include/dwb_msgs/srv/detail/get_critic_score__type_support.h
-- Up-to-date: /home/nvidia/workspace/alan/src/AMR_ros2_slam_nav2/install/dwb_msgs/include/dwb_msgs/srv/detail/generate_trajectory__functions.h
-- Up-to-date: /home/nvidia/workspace/alan/src/AMR_ros2_slam_nav2/install/dwb_msgs/include/dwb_msgs/srv/detail/debug_local_plan__functions.c
-- Up-to-date: /home/nvidia/workspace/alan/src/AMR_ros2_slam_nav2/install/dwb_msgs/include/dwb_msgs/srv/detail/score_trajectory__struct.h
-- Up-to-date: /home/nvidia/workspace/alan/src/AMR_ros2_slam_nav2/install/dwb_msgs/include/dwb_msgs/srv/detail/score_trajectory__functions.c
-- Up-to-date: /home/nvidia/workspace/alan/src/AMR_ros2_slam_nav2/install/dwb_msgs/include/dwb_msgs/srv/detail/generate_twists__functions.c
-- Up-to-date: /home/nvidia/workspace/alan/src/AMR_ros2_slam_nav2/install/dwb_msgs/include/dwb_msgs/srv/detail/debug_local_plan__type_support.h
-- Up-to-date: /home/nvidia/workspace/alan/src/AMR_ros2_slam_nav2/install/dwb_msgs/include/dwb_msgs/srv/detail/generate_twists__type_support.h
-- Up-to-date: /home/nvidia/workspace/alan/src/AMR_ros2_slam_nav2/install/dwb_msgs/include/dwb_msgs/srv/detail/generate_trajectory__type_support.h
-- Up-to-date: /home/nvidia/workspace/alan/src/AMR_ros2_slam_nav2/install/dwb_msgs/include/dwb_msgs/srv/detail/get_critic_score__struct.h
-- Up-to-date: /home/nvidia/workspace/alan/src/AMR_ros2_slam_nav2/install/dwb_msgs/include/dwb_msgs/srv/detail/get_critic_score__functions.c
-- Up-to-date: /home/nvidia/workspace/alan/src/AMR_ros2_slam_nav2/install/dwb_msgs/include/dwb_msgs/srv/detail/generate_trajectory__struct.h
-- Up-to-date: /home/nvidia/workspace/alan/src/AMR_ros2_slam_nav2/install/dwb_msgs/include/dwb_msgs/srv/detail/debug_local_plan__struct.h
-- Up-to-date: /home/nvidia/workspace/alan/src/AMR_ros2_slam_nav2/install/dwb_msgs/include/dwb_msgs/srv/detail/score_trajectory__type_support.h
-- Up-to-date: /home/nvidia/workspace/alan/src/AMR_ros2_slam_nav2/install/dwb_msgs/include/dwb_msgs/srv/detail/generate_twists__functions.h
-- Up-to-date: /home/nvidia/workspace/alan/src/AMR_ros2_slam_nav2/install/dwb_msgs/include/dwb_msgs/srv/detail/generate_twists__struct.h
-- Up-to-date: /home/nvidia/workspace/alan/src/AMR_ros2_slam_nav2/install/dwb_msgs/include/dwb_msgs/srv/detail/score_trajectory__functions.h
-- Up-to-date: /home/nvidia/workspace/alan/src/AMR_ros2_slam_nav2/install/dwb_msgs/include/dwb_msgs/srv/detail/debug_local_plan__functions.h
-- Up-to-date: /home/nvidia/workspace/alan/src/AMR_ros2_slam_nav2/install/dwb_msgs/include/dwb_msgs/srv/generate_twists.h
-- Up-to-date: /home/nvidia/workspace/alan/src/AMR_ros2_slam_nav2/install/dwb_msgs/include/dwb_msgs/srv/score_trajectory.h
-- Up-to-date: /home/nvidia/workspace/alan/src/AMR_ros2_slam_nav2/install/dwb_msgs/include/dwb_msgs/msg
-- Up-to-date: /home/nvidia/workspace/alan/src/AMR_ros2_slam_nav2/install/dwb_msgs/include/dwb_msgs/msg/trajectory_score.h
-- Up-to-date: /home/nvidia/workspace/alan/src/AMR_ros2_slam_nav2/install/dwb_msgs/include/dwb_msgs/msg/detail
-- Up-to-date: /home/nvidia/workspace/alan/src/AMR_ros2_slam_nav2/install/dwb_msgs/include/dwb_msgs/msg/detail/local_plan_evaluation__type_support.h
-- Up-to-date: /home/nvidia/workspace/alan/src/AMR_ros2_slam_nav2/install/dwb_msgs/include/dwb_msgs/msg/detail/trajectory2_d__struct.h
-- Up-to-date: /home/nvidia/workspace/alan/src/AMR_ros2_slam_nav2/install/dwb_msgs/include/dwb_msgs/msg/detail/trajectory_score__functions.c
-- Up-to-date: /home/nvidia/workspace/alan/src/AMR_ros2_slam_nav2/install/dwb_msgs/include/dwb_msgs/msg/detail/critic_score__struct.h
-- Up-to-date: /home/nvidia/workspace/alan/src/AMR_ros2_slam_nav2/install/dwb_msgs/include/dwb_msgs/msg/detail/trajectory2_d__functions.c
-- Up-to-date: /home/nvidia/workspace/alan/src/AMR_ros2_slam_nav2/install/dwb_msgs/include/dwb_msgs/msg/detail/trajectory2_d__functions.h
-- Up-to-date: /home/nvidia/workspace/alan/src/AMR_ros2_slam_nav2/install/dwb_msgs/include/dwb_msgs/msg/detail/trajectory2_d__type_support.h
-- Up-to-date: /home/nvidia/workspace/alan/src/AMR_ros2_slam_nav2/install/dwb_msgs/include/dwb_msgs/msg/detail/critic_score__type_support.h
-- Up-to-date: /home/nvidia/workspace/alan/src/AMR_ros2_slam_nav2/install/dwb_msgs/include/dwb_msgs/msg/detail/trajectory_score__struct.h
-- Up-to-date: /home/nvidia/workspace/alan/src/AMR_ros2_slam_nav2/install/dwb_msgs/include/dwb_msgs/msg/detail/local_plan_evaluation__functions.h
-- Up-to-date: /home/nvidia/workspace/alan/src/AMR_ros2_slam_nav2/install/dwb_msgs/include/dwb_msgs/msg/detail/trajectory_score__functions.h
-- Up-to-date: /home/nvidia/workspace/alan/src/AMR_ros2_slam_nav2/install/dwb_msgs/include/dwb_msgs/msg/detail/critic_score__functions.h
-- Up-to-date: /home/nvidia/workspace/alan/src/AMR_ros2_slam_nav2/install/dwb_msgs/include/dwb_msgs/msg/detail/local_plan_evaluation__functions.c
-- Up-to-date: /home/nvidia/workspace/alan/src/AMR_ros2_slam_nav2/install/dwb_msgs/include/dwb_msgs/msg/detail/critic_score__functions.c
-- Up-to-date: /home/nvidia/workspace/alan/src/AMR_ros2_slam_nav2/install/dwb_msgs/include/dwb_msgs/msg/detail/trajectory_score__type_support.h
-- Up-to-date: /home/nvidia/workspace/alan/src/AMR_ros2_slam_nav2/install/dwb_msgs/include/dwb_msgs/msg/detail/local_plan_evaluation__struct.h
-- Up-to-date: /home/nvidia/workspace/alan/src/AMR_ros2_slam_nav2/install/dwb_msgs/include/dwb_msgs/msg/critic_score.h
-- Up-to-date: /home/nvidia/workspace/alan/src/AMR_ros2_slam_nav2/install/dwb_msgs/include/dwb_msgs/msg/trajectory2_d.h
-- Up-to-date: /home/nvidia/workspace/alan/src/AMR_ros2_slam_nav2/install/dwb_msgs/include/dwb_msgs/msg/rosidl_generator_c__visibility_control.h
-- Up-to-date: /home/nvidia/workspace/alan/src/AMR_ros2_slam_nav2/install/dwb_msgs/include/dwb_msgs/msg/local_plan_evaluation.h
-- Up-to-date: /home/nvidia/workspace/alan/src/AMR_ros2_slam_nav2/install/dwb_msgs/share/dwb_msgs/environment/library_path.sh
-- Up-to-date: /home/nvidia/workspace/alan/src/AMR_ros2_slam_nav2/install/dwb_msgs/share/dwb_msgs/environment/library_path.dsv
-- Up-to-date: /home/nvidia/workspace/alan/src/AMR_ros2_slam_nav2/install/dwb_msgs/lib/libdwb_msgs__rosidl_generator_c.so
-- Up-to-date: /home/nvidia/workspace/alan/src/AMR_ros2_slam_nav2/install/dwb_msgs/include/dwb_msgs
-- Up-to-date: /home/nvidia/workspace/alan/src/AMR_ros2_slam_nav2/install/dwb_msgs/include/dwb_msgs/srv
-- Up-to-date: /home/nvidia/workspace/alan/src/AMR_ros2_slam_nav2/install/dwb_msgs/include/dwb_msgs/srv/detail
-- Up-to-date: /home/nvidia/workspace/alan/src/AMR_ros2_slam_nav2/install/dwb_msgs/include/dwb_msgs/srv/detail/generate_twists__rosidl_typesupport_fastrtps_c.h
-- Up-to-date: /home/nvidia/workspace/alan/src/AMR_ros2_slam_nav2/install/dwb_msgs/include/dwb_msgs/srv/detail/debug_local_plan__rosidl_typesupport_fastrtps_c.h
-- Up-to-date: /home/nvidia/workspace/alan/src/AMR_ros2_slam_nav2/install/dwb_msgs/include/dwb_msgs/srv/detail/generate_trajectory__rosidl_typesupport_fastrtps_c.h
-- Up-to-date: /home/nvidia/workspace/alan/src/AMR_ros2_slam_nav2/install/dwb_msgs/include/dwb_msgs/srv/detail/get_critic_score__rosidl_typesupport_fastrtps_c.h
-- Up-to-date: /home/nvidia/workspace/alan/src/AMR_ros2_slam_nav2/install/dwb_msgs/include/dwb_msgs/srv/detail/score_trajectory__rosidl_typesupport_fastrtps_c.h
-- Up-to-date: /home/nvidia/workspace/alan/src/AMR_ros2_slam_nav2/install/dwb_msgs/include/dwb_msgs/msg
-- Up-to-date: /home/nvidia/workspace/alan/src/AMR_ros2_slam_nav2/install/dwb_msgs/include/dwb_msgs/msg/detail
-- Up-to-date: /home/nvidia/workspace/alan/src/AMR_ros2_slam_nav2/install/dwb_msgs/include/dwb_msgs/msg/detail/trajectory2_d__rosidl_typesupport_fastrtps_c.h
-- Up-to-date: /home/nvidia/workspace/alan/src/AMR_ros2_slam_nav2/install/dwb_msgs/include/dwb_msgs/msg/detail/critic_score__rosidl_typesupport_fastrtps_c.h
-- Up-to-date: /home/nvidia/workspace/alan/src/AMR_ros2_slam_nav2/install/dwb_msgs/include/dwb_msgs/msg/detail/local_plan_evaluation__rosidl_typesupport_fastrtps_c.h
-- Up-to-date: /home/nvidia/workspace/alan/src/AMR_ros2_slam_nav2/install/dwb_msgs/include/dwb_msgs/msg/detail/trajectory_score__rosidl_typesupport_fastrtps_c.h
-- Up-to-date: /home/nvidia/workspace/alan/src/AMR_ros2_slam_nav2/install/dwb_msgs/include/dwb_msgs/msg/rosidl_typesupport_fastrtps_c__visibility_control.h
-- Up-to-date: /home/nvidia/workspace/alan/src/AMR_ros2_slam_nav2/install/dwb_msgs/lib/libdwb_msgs__rosidl_typesupport_fastrtps_c.so
-- Up-to-date: /home/nvidia/workspace/alan/src/AMR_ros2_slam_nav2/install/dwb_msgs/include/dwb_msgs
-- Up-to-date: /home/nvidia/workspace/alan/src/AMR_ros2_slam_nav2/install/dwb_msgs/include/dwb_msgs/srv
-- Up-to-date: /home/nvidia/workspace/alan/src/AMR_ros2_slam_nav2/install/dwb_msgs/include/dwb_msgs/srv/detail
-- Up-to-date: /home/nvidia/workspace/alan/src/AMR_ros2_slam_nav2/install/dwb_msgs/include/dwb_msgs/srv/detail/debug_local_plan__rosidl_typesupport_fastrtps_cpp.hpp
-- Up-to-date: /home/nvidia/workspace/alan/src/AMR_ros2_slam_nav2/install/dwb_msgs/include/dwb_msgs/srv/detail/get_critic_score__rosidl_typesupport_fastrtps_cpp.hpp
-- Up-to-date: /home/nvidia/workspace/alan/src/AMR_ros2_slam_nav2/install/dwb_msgs/include/dwb_msgs/srv/detail/dds_fastrtps
-- Up-to-date: /home/nvidia/workspace/alan/src/AMR_ros2_slam_nav2/install/dwb_msgs/include/dwb_msgs/srv/detail/generate_twists__rosidl_typesupport_fastrtps_cpp.hpp
-- Up-to-date: /home/nvidia/workspace/alan/src/AMR_ros2_slam_nav2/install/dwb_msgs/include/dwb_msgs/srv/detail/generate_trajectory__rosidl_typesupport_fastrtps_cpp.hpp
-- Up-to-date: /home/nvidia/workspace/alan/src/AMR_ros2_slam_nav2/install/dwb_msgs/include/dwb_msgs/srv/detail/score_trajectory__rosidl_typesupport_fastrtps_cpp.hpp
-- Up-to-date: /home/nvidia/workspace/alan/src/AMR_ros2_slam_nav2/install/dwb_msgs/include/dwb_msgs/msg
-- Up-to-date: /home/nvidia/workspace/alan/src/AMR_ros2_slam_nav2/install/dwb_msgs/include/dwb_msgs/msg/detail
-- Up-to-date: /home/nvidia/workspace/alan/src/AMR_ros2_slam_nav2/install/dwb_msgs/include/dwb_msgs/msg/detail/critic_score__rosidl_typesupport_fastrtps_cpp.hpp
-- Up-to-date: /home/nvidia/workspace/alan/src/AMR_ros2_slam_nav2/install/dwb_msgs/include/dwb_msgs/msg/detail/trajectory_score__rosidl_typesupport_fastrtps_cpp.hpp
-- Up-to-date: /home/nvidia/workspace/alan/src/AMR_ros2_slam_nav2/install/dwb_msgs/include/dwb_msgs/msg/detail/dds_fastrtps
-- Up-to-date: /home/nvidia/workspace/alan/src/AMR_ros2_slam_nav2/install/dwb_msgs/include/dwb_msgs/msg/detail/trajectory2_d__rosidl_typesupport_fastrtps_cpp.hpp
-- Up-to-date: /home/nvidia/workspace/alan/src/AMR_ros2_slam_nav2/install/dwb_msgs/include/dwb_msgs/msg/detail/local_plan_evaluation__rosidl_typesupport_fastrtps_cpp.hpp
-- Up-to-date: /home/nvidia/workspace/alan/src/AMR_ros2_slam_nav2/install/dwb_msgs/include/dwb_msgs/msg/rosidl_typesupport_fastrtps_cpp__visibility_control.h
-- Up-to-date: /home/nvidia/workspace/alan/src/AMR_ros2_slam_nav2/install/dwb_msgs/lib/libdwb_msgs__rosidl_typesupport_fastrtps_cpp.so
-- Up-to-date: /home/nvidia/workspace/alan/src/AMR_ros2_slam_nav2/install/dwb_msgs/include/dwb_msgs
-- Up-to-date: /home/nvidia/workspace/alan/src/AMR_ros2_slam_nav2/install/dwb_msgs/include/dwb_msgs/srv
-- Up-to-date: /home/nvidia/workspace/alan/src/AMR_ros2_slam_nav2/install/dwb_msgs/include/dwb_msgs/srv/detail
-- Up-to-date: /home/nvidia/workspace/alan/src/AMR_ros2_slam_nav2/install/dwb_msgs/include/dwb_msgs/srv/detail/generate_trajectory__rosidl_typesupport_introspection_c.h
-- Up-to-date: /home/nvidia/workspace/alan/src/AMR_ros2_slam_nav2/install/dwb_msgs/include/dwb_msgs/srv/detail/generate_twists__type_support.c
-- Up-to-date: /home/nvidia/workspace/alan/src/AMR_ros2_slam_nav2/install/dwb_msgs/include/dwb_msgs/srv/detail/generate_trajectory__type_support.c
-- Up-to-date: /home/nvidia/workspace/alan/src/AMR_ros2_slam_nav2/install/dwb_msgs/include/dwb_msgs/srv/detail/score_trajectory__type_support.c
-- Up-to-date: /home/nvidia/workspace/alan/src/AMR_ros2_slam_nav2/install/dwb_msgs/include/dwb_msgs/srv/detail/get_critic_score__rosidl_typesupport_introspection_c.h
-- Up-to-date: /home/nvidia/workspace/alan/src/AMR_ros2_slam_nav2/install/dwb_msgs/include/dwb_msgs/srv/detail/debug_local_plan__type_support.c
-- Up-to-date: /home/nvidia/workspace/alan/src/AMR_ros2_slam_nav2/install/dwb_msgs/include/dwb_msgs/srv/detail/generate_twists__rosidl_typesupport_introspection_c.h
-- Up-to-date: /home/nvidia/workspace/alan/src/AMR_ros2_slam_nav2/install/dwb_msgs/include/dwb_msgs/srv/detail/debug_local_plan__rosidl_typesupport_introspection_c.h
-- Up-to-date: /home/nvidia/workspace/alan/src/AMR_ros2_slam_nav2/install/dwb_msgs/include/dwb_msgs/srv/detail/get_critic_score__type_support.c
-- Up-to-date: /home/nvidia/workspace/alan/src/AMR_ros2_slam_nav2/install/dwb_msgs/include/dwb_msgs/srv/detail/score_trajectory__rosidl_typesupport_introspection_c.h
-- Up-to-date: /home/nvidia/workspace/alan/src/AMR_ros2_slam_nav2/install/dwb_msgs/include/dwb_msgs/msg
-- Up-to-date: /home/nvidia/workspace/alan/src/AMR_ros2_slam_nav2/install/dwb_msgs/include/dwb_msgs/msg/detail
-- Up-to-date: /home/nvidia/workspace/alan/src/AMR_ros2_slam_nav2/install/dwb_msgs/include/dwb_msgs/msg/detail/local_plan_evaluation__type_support.c
-- Up-to-date: /home/nvidia/workspace/alan/src/AMR_ros2_slam_nav2/install/dwb_msgs/include/dwb_msgs/msg/detail/trajectory_score__type_support.c
-- Up-to-date: /home/nvidia/workspace/alan/src/AMR_ros2_slam_nav2/install/dwb_msgs/include/dwb_msgs/msg/detail/local_plan_evaluation__rosidl_typesupport_introspection_c.h
-- Up-to-date: /home/nvidia/workspace/alan/src/AMR_ros2_slam_nav2/install/dwb_msgs/include/dwb_msgs/msg/detail/critic_score__rosidl_typesupport_introspection_c.h
-- Up-to-date: /home/nvidia/workspace/alan/src/AMR_ros2_slam_nav2/install/dwb_msgs/include/dwb_msgs/msg/detail/trajectory2_d__rosidl_typesupport_introspection_c.h
-- Up-to-date: /home/nvidia/workspace/alan/src/AMR_ros2_slam_nav2/install/dwb_msgs/include/dwb_msgs/msg/detail/trajectory2_d__type_support.c
-- Up-to-date: /home/nvidia/workspace/alan/src/AMR_ros2_slam_nav2/install/dwb_msgs/include/dwb_msgs/msg/detail/trajectory_score__rosidl_typesupport_introspection_c.h
-- Up-to-date: /home/nvidia/workspace/alan/src/AMR_ros2_slam_nav2/install/dwb_msgs/include/dwb_msgs/msg/detail/critic_score__type_support.c
-- Up-to-date: /home/nvidia/workspace/alan/src/AMR_ros2_slam_nav2/install/dwb_msgs/include/dwb_msgs/msg/rosidl_typesupport_introspection_c__visibility_control.h
-- Up-to-date: /home/nvidia/workspace/alan/src/AMR_ros2_slam_nav2/install/dwb_msgs/lib/libdwb_msgs__rosidl_typesupport_introspection_c.so
-- Up-to-date: /home/nvidia/workspace/alan/src/AMR_ros2_slam_nav2/install/dwb_msgs/lib/libdwb_msgs__rosidl_typesupport_c.so
-- Up-to-date: /home/nvidia/workspace/alan/src/AMR_ros2_slam_nav2/install/dwb_msgs/include/dwb_msgs
-- Up-to-date: /home/nvidia/workspace/alan/src/AMR_ros2_slam_nav2/install/dwb_msgs/include/dwb_msgs/srv
-- Up-to-date: /home/nvidia/workspace/alan/src/AMR_ros2_slam_nav2/install/dwb_msgs/include/dwb_msgs/srv/get_critic_score.hpp
-- Up-to-date: /home/nvidia/workspace/alan/src/AMR_ros2_slam_nav2/install/dwb_msgs/include/dwb_msgs/srv/generate_twists.hpp
-- Up-to-date: /home/nvidia/workspace/alan/src/AMR_ros2_slam_nav2/install/dwb_msgs/include/dwb_msgs/srv/generate_trajectory.hpp
-- Up-to-date: /home/nvidia/workspace/alan/src/AMR_ros2_slam_nav2/install/dwb_msgs/include/dwb_msgs/srv/debug_local_plan.hpp
-- Up-to-date: /home/nvidia/workspace/alan/src/AMR_ros2_slam_nav2/install/dwb_msgs/include/dwb_msgs/srv/detail
-- Up-to-date: /home/nvidia/workspace/alan/src/AMR_ros2_slam_nav2/install/dwb_msgs/include/dwb_msgs/srv/detail/score_trajectory__builder.hpp
-- Up-to-date: /home/nvidia/workspace/alan/src/AMR_ros2_slam_nav2/install/dwb_msgs/include/dwb_msgs/srv/detail/score_trajectory__traits.hpp
-- Up-to-date: /home/nvidia/workspace/alan/src/AMR_ros2_slam_nav2/install/dwb_msgs/include/dwb_msgs/srv/detail/generate_twists__traits.hpp
-- Up-to-date: /home/nvidia/workspace/alan/src/AMR_ros2_slam_nav2/install/dwb_msgs/include/dwb_msgs/srv/detail/debug_local_plan__builder.hpp
-- Up-to-date: /home/nvidia/workspace/alan/src/AMR_ros2_slam_nav2/install/dwb_msgs/include/dwb_msgs/srv/detail/generate_trajectory__struct.hpp
-- Up-to-date: /home/nvidia/workspace/alan/src/AMR_ros2_slam_nav2/install/dwb_msgs/include/dwb_msgs/srv/detail/generate_twists__builder.hpp
-- Up-to-date: /home/nvidia/workspace/alan/src/AMR_ros2_slam_nav2/install/dwb_msgs/include/dwb_msgs/srv/detail/get_critic_score__traits.hpp
-- Up-to-date: /home/nvidia/workspace/alan/src/AMR_ros2_slam_nav2/install/dwb_msgs/include/dwb_msgs/srv/detail/generate_trajectory__builder.hpp
-- Up-to-date: /home/nvidia/workspace/alan/src/AMR_ros2_slam_nav2/install/dwb_msgs/include/dwb_msgs/srv/detail/debug_local_plan__traits.hpp
-- Up-to-date: /home/nvidia/workspace/alan/src/AMR_ros2_slam_nav2/install/dwb_msgs/include/dwb_msgs/srv/detail/generate_trajectory__traits.hpp
-- Up-to-date: /home/nvidia/workspace/alan/src/AMR_ros2_slam_nav2/install/dwb_msgs/include/dwb_msgs/srv/detail/score_trajectory__struct.hpp
-- Up-to-date: /home/nvidia/workspace/alan/src/AMR_ros2_slam_nav2/install/dwb_msgs/include/dwb_msgs/srv/detail/generate_twists__struct.hpp
-- Up-to-date: /home/nvidia/workspace/alan/src/AMR_ros2_slam_nav2/install/dwb_msgs/include/dwb_msgs/srv/detail/debug_local_plan__struct.hpp
-- Up-to-date: /home/nvidia/workspace/alan/src/AMR_ros2_slam_nav2/install/dwb_msgs/include/dwb_msgs/srv/detail/get_critic_score__struct.hpp
-- Up-to-date: /home/nvidia/workspace/alan/src/AMR_ros2_slam_nav2/install/dwb_msgs/include/dwb_msgs/srv/detail/get_critic_score__builder.hpp
-- Up-to-date: /home/nvidia/workspace/alan/src/AMR_ros2_slam_nav2/install/dwb_msgs/include/dwb_msgs/srv/score_trajectory.hpp
-- Up-to-date: /home/nvidia/workspace/alan/src/AMR_ros2_slam_nav2/install/dwb_msgs/include/dwb_msgs/msg
-- Up-to-date: /home/nvidia/workspace/alan/src/AMR_ros2_slam_nav2/install/dwb_msgs/include/dwb_msgs/msg/detail
-- Up-to-date: /home/nvidia/workspace/alan/src/AMR_ros2_slam_nav2/install/dwb_msgs/include/dwb_msgs/msg/detail/local_plan_evaluation__struct.hpp
-- Up-to-date: /home/nvidia/workspace/alan/src/AMR_ros2_slam_nav2/install/dwb_msgs/include/dwb_msgs/msg/detail/trajectory2_d__traits.hpp
-- Up-to-date: /home/nvidia/workspace/alan/src/AMR_ros2_slam_nav2/install/dwb_msgs/include/dwb_msgs/msg/detail/trajectory2_d__struct.hpp
-- Up-to-date: /home/nvidia/workspace/alan/src/AMR_ros2_slam_nav2/install/dwb_msgs/include/dwb_msgs/msg/detail/critic_score__traits.hpp
-- Up-to-date: /home/nvidia/workspace/alan/src/AMR_ros2_slam_nav2/install/dwb_msgs/include/dwb_msgs/msg/detail/local_plan_evaluation__builder.hpp
-- Up-to-date: /home/nvidia/workspace/alan/src/AMR_ros2_slam_nav2/install/dwb_msgs/include/dwb_msgs/msg/detail/critic_score__builder.hpp
-- Up-to-date: /home/nvidia/workspace/alan/src/AMR_ros2_slam_nav2/install/dwb_msgs/include/dwb_msgs/msg/detail/trajectory_score__traits.hpp
-- Up-to-date: /home/nvidia/workspace/alan/src/AMR_ros2_slam_nav2/install/dwb_msgs/include/dwb_msgs/msg/detail/local_plan_evaluation__traits.hpp
-- Up-to-date: /home/nvidia/workspace/alan/src/AMR_ros2_slam_nav2/install/dwb_msgs/include/dwb_msgs/msg/detail/trajectory_score__builder.hpp
-- Up-to-date: /home/nvidia/workspace/alan/src/AMR_ros2_slam_nav2/install/dwb_msgs/include/dwb_msgs/msg/detail/critic_score__struct.hpp
-- Up-to-date: /home/nvidia/workspace/alan/src/AMR_ros2_slam_nav2/install/dwb_msgs/include/dwb_msgs/msg/detail/trajectory2_d__builder.hpp
-- Up-to-date: /home/nvidia/workspace/alan/src/AMR_ros2_slam_nav2/install/dwb_msgs/include/dwb_msgs/msg/detail/trajectory_score__struct.hpp
-- Up-to-date: /home/nvidia/workspace/alan/src/AMR_ros2_slam_nav2/install/dwb_msgs/include/dwb_msgs/msg/critic_score.hpp
-- Up-to-date: /home/nvidia/workspace/alan/src/AMR_ros2_slam_nav2/install/dwb_msgs/include/dwb_msgs/msg/local_plan_evaluation.hpp
-- Up-to-date: /home/nvidia/workspace/alan/src/AMR_ros2_slam_nav2/install/dwb_msgs/include/dwb_msgs/msg/trajectory_score.hpp
-- Up-to-date: /home/nvidia/workspace/alan/src/AMR_ros2_slam_nav2/install/dwb_msgs/include/dwb_msgs/msg/trajectory2_d.hpp
-- Up-to-date: /home/nvidia/workspace/alan/src/AMR_ros2_slam_nav2/install/dwb_msgs/include/dwb_msgs
-- Up-to-date: /home/nvidia/workspace/alan/src/AMR_ros2_slam_nav2/install/dwb_msgs/include/dwb_msgs/srv
-- Up-to-date: /home/nvidia/workspace/alan/src/AMR_ros2_slam_nav2/install/dwb_msgs/include/dwb_msgs/srv/detail
-- Up-to-date: /home/nvidia/workspace/alan/src/AMR_ros2_slam_nav2/install/dwb_msgs/include/dwb_msgs/srv/detail/score_trajectory__type_support.cpp
-- Up-to-date: /home/nvidia/workspace/alan/src/AMR_ros2_slam_nav2/install/dwb_msgs/include/dwb_msgs/srv/detail/generate_trajectory__type_support.cpp
-- Up-to-date: /home/nvidia/workspace/alan/src/AMR_ros2_slam_nav2/install/dwb_msgs/include/dwb_msgs/srv/detail/generate_twists__rosidl_typesupport_introspection_cpp.hpp
-- Up-to-date: /home/nvidia/workspace/alan/src/AMR_ros2_slam_nav2/install/dwb_msgs/include/dwb_msgs/srv/detail/generate_twists__type_support.cpp
-- Up-to-date: /home/nvidia/workspace/alan/src/AMR_ros2_slam_nav2/install/dwb_msgs/include/dwb_msgs/srv/detail/debug_local_plan__type_support.cpp
-- Up-to-date: /home/nvidia/workspace/alan/src/AMR_ros2_slam_nav2/install/dwb_msgs/include/dwb_msgs/srv/detail/generate_trajectory__rosidl_typesupport_introspection_cpp.hpp
-- Up-to-date: /home/nvidia/workspace/alan/src/AMR_ros2_slam_nav2/install/dwb_msgs/include/dwb_msgs/srv/detail/get_critic_score__type_support.cpp
-- Up-to-date: /home/nvidia/workspace/alan/src/AMR_ros2_slam_nav2/install/dwb_msgs/include/dwb_msgs/srv/detail/score_trajectory__rosidl_typesupport_introspection_cpp.hpp
-- Up-to-date: /home/nvidia/workspace/alan/src/AMR_ros2_slam_nav2/install/dwb_msgs/include/dwb_msgs/srv/detail/debug_local_plan__rosidl_typesupport_introspection_cpp.hpp
-- Up-to-date: /home/nvidia/workspace/alan/src/AMR_ros2_slam_nav2/install/dwb_msgs/include/dwb_msgs/srv/detail/get_critic_score__rosidl_typesupport_introspection_cpp.hpp
-- Up-to-date: /home/nvidia/workspace/alan/src/AMR_ros2_slam_nav2/install/dwb_msgs/include/dwb_msgs/msg
-- Up-to-date: /home/nvidia/workspace/alan/src/AMR_ros2_slam_nav2/install/dwb_msgs/include/dwb_msgs/msg/detail
-- Up-to-date: /home/nvidia/workspace/alan/src/AMR_ros2_slam_nav2/install/dwb_msgs/include/dwb_msgs/msg/detail/local_plan_evaluation__type_support.cpp
-- Up-to-date: /home/nvidia/workspace/alan/src/AMR_ros2_slam_nav2/install/dwb_msgs/include/dwb_msgs/msg/detail/local_plan_evaluation__rosidl_typesupport_introspection_cpp.hpp
-- Up-to-date: /home/nvidia/workspace/alan/src/AMR_ros2_slam_nav2/install/dwb_msgs/include/dwb_msgs/msg/detail/trajectory_score__type_support.cpp
-- Up-to-date: /home/nvidia/workspace/alan/src/AMR_ros2_slam_nav2/install/dwb_msgs/include/dwb_msgs/msg/detail/trajectory_score__rosidl_typesupport_introspection_cpp.hpp
-- Up-to-date: /home/nvidia/workspace/alan/src/AMR_ros2_slam_nav2/install/dwb_msgs/include/dwb_msgs/msg/detail/critic_score__rosidl_typesupport_introspection_cpp.hpp
-- Up-to-date: /home/nvidia/workspace/alan/src/AMR_ros2_slam_nav2/install/dwb_msgs/include/dwb_msgs/msg/detail/critic_score__type_support.cpp
-- Up-to-date: /home/nvidia/workspace/alan/src/AMR_ros2_slam_nav2/install/dwb_msgs/include/dwb_msgs/msg/detail/trajectory2_d__type_support.cpp
-- Up-to-date: /home/nvidia/workspace/alan/src/AMR_ros2_slam_nav2/install/dwb_msgs/include/dwb_msgs/msg/detail/trajectory2_d__rosidl_typesupport_introspection_cpp.hpp
-- Up-to-date: /home/nvidia/workspace/alan/src/AMR_ros2_slam_nav2/install/dwb_msgs/lib/libdwb_msgs__rosidl_typesupport_introspection_cpp.so
-- Up-to-date: /home/nvidia/workspace/alan/src/AMR_ros2_slam_nav2/install/dwb_msgs/lib/libdwb_msgs__rosidl_typesupport_cpp.so
-- Up-to-date: /home/nvidia/workspace/alan/src/AMR_ros2_slam_nav2/install/dwb_msgs/share/dwb_msgs/environment/pythonpath.sh
-- Up-to-date: /home/nvidia/workspace/alan/src/AMR_ros2_slam_nav2/install/dwb_msgs/share/dwb_msgs/environment/pythonpath.dsv
-- Up-to-date: /home/nvidia/workspace/alan/src/AMR_ros2_slam_nav2/install/dwb_msgs/lib/python3.6/site-packages/dwb_msgs/__init__.py
-- Up-to-date: /home/nvidia/workspace/alan/src/AMR_ros2_slam_nav2/install/dwb_msgs/lib/python3.6/site-packages/dwb_msgs/msg
-- Up-to-date: /home/nvidia/workspace/alan/src/AMR_ros2_slam_nav2/install/dwb_msgs/lib/python3.6/site-packages/dwb_msgs/msg/__init__.py
-- Up-to-date: /home/nvidia/workspace/alan/src/AMR_ros2_slam_nav2/install/dwb_msgs/lib/python3.6/site-packages/dwb_msgs/msg/_local_plan_evaluation.py
-- Up-to-date: /home/nvidia/workspace/alan/src/AMR_ros2_slam_nav2/install/dwb_msgs/lib/python3.6/site-packages/dwb_msgs/msg/_trajectory_score_s.c
-- Up-to-date: /home/nvidia/workspace/alan/src/AMR_ros2_slam_nav2/install/dwb_msgs/lib/python3.6/site-packages/dwb_msgs/msg/_critic_score.py
-- Up-to-date: /home/nvidia/workspace/alan/src/AMR_ros2_slam_nav2/install/dwb_msgs/lib/python3.6/site-packages/dwb_msgs/msg/_local_plan_evaluation_s.c
-- Up-to-date: /home/nvidia/workspace/alan/src/AMR_ros2_slam_nav2/install/dwb_msgs/lib/python3.6/site-packages/dwb_msgs/msg/_trajectory_score.py
-- Up-to-date: /home/nvidia/workspace/alan/src/AMR_ros2_slam_nav2/install/dwb_msgs/lib/python3.6/site-packages/dwb_msgs/msg/_critic_score_s.c
-- Up-to-date: /home/nvidia/workspace/alan/src/AMR_ros2_slam_nav2/install/dwb_msgs/lib/python3.6/site-packages/dwb_msgs/msg/_trajectory2_d_s.c
-- Up-to-date: /home/nvidia/workspace/alan/src/AMR_ros2_slam_nav2/install/dwb_msgs/lib/python3.6/site-packages/dwb_msgs/msg/_trajectory2_d.py
-- Up-to-date: /home/nvidia/workspace/alan/src/AMR_ros2_slam_nav2/install/dwb_msgs/lib/python3.6/site-packages/dwb_msgs/srv
-- Up-to-date: /home/nvidia/workspace/alan/src/AMR_ros2_slam_nav2/install/dwb_msgs/lib/python3.6/site-packages/dwb_msgs/srv/_generate_twists_s.c
-- Up-to-date: /home/nvidia/workspace/alan/src/AMR_ros2_slam_nav2/install/dwb_msgs/lib/python3.6/site-packages/dwb_msgs/srv/_generate_trajectory.py
-- Up-to-date: /home/nvidia/workspace/alan/src/AMR_ros2_slam_nav2/install/dwb_msgs/lib/python3.6/site-packages/dwb_msgs/srv/__init__.py
-- Up-to-date: /home/nvidia/workspace/alan/src/AMR_ros2_slam_nav2/install/dwb_msgs/lib/python3.6/site-packages/dwb_msgs/srv/_get_critic_score_s.c
-- Up-to-date: /home/nvidia/workspace/alan/src/AMR_ros2_slam_nav2/install/dwb_msgs/lib/python3.6/site-packages/dwb_msgs/srv/_debug_local_plan_s.c
-- Up-to-date: /home/nvidia/workspace/alan/src/AMR_ros2_slam_nav2/install/dwb_msgs/lib/python3.6/site-packages/dwb_msgs/srv/_get_critic_score.py
-- Up-to-date: /home/nvidia/workspace/alan/src/AMR_ros2_slam_nav2/install/dwb_msgs/lib/python3.6/site-packages/dwb_msgs/srv/_generate_twists.py
-- Up-to-date: /home/nvidia/workspace/alan/src/AMR_ros2_slam_nav2/install/dwb_msgs/lib/python3.6/site-packages/dwb_msgs/srv/_generate_trajectory_s.c
-- Up-to-date: /home/nvidia/workspace/alan/src/AMR_ros2_slam_nav2/install/dwb_msgs/lib/python3.6/site-packages/dwb_msgs/srv/_score_trajectory_s.c
-- Up-to-date: /home/nvidia/workspace/alan/src/AMR_ros2_slam_nav2/install/dwb_msgs/lib/python3.6/site-packages/dwb_msgs/srv/_score_trajectory.py
-- Up-to-date: /home/nvidia/workspace/alan/src/AMR_ros2_slam_nav2/install/dwb_msgs/lib/python3.6/site-packages/dwb_msgs/srv/_debug_local_plan.py
-- Up-to-date: /home/nvidia/workspace/alan/src/AMR_ros2_slam_nav2/install/dwb_msgs/lib/python3.6/site-packages/dwb_msgs/dwb_msgs_s__rosidl_typesupport_fastrtps_c.cpython-36m-aarch64-linux-gnu.so
-- Up-to-date: /home/nvidia/workspace/alan/src/AMR_ros2_slam_nav2/install/dwb_msgs/lib/python3.6/site-packages/dwb_msgs/dwb_msgs_s__rosidl_typesupport_introspection_c.cpython-36m-aarch64-linux-gnu.so
-- Up-to-date: /home/nvidia/workspace/alan/src/AMR_ros2_slam_nav2/install/dwb_msgs/lib/python3.6/site-packages/dwb_msgs/dwb_msgs_s__rosidl_typesupport_c.cpython-36m-aarch64-linux-gnu.so
-- Up-to-date: /home/nvidia/workspace/alan/src/AMR_ros2_slam_nav2/install/dwb_msgs/lib/libdwb_msgs__python.so
-- Up-to-date: /home/nvidia/workspace/alan/src/AMR_ros2_slam_nav2/install/dwb_msgs/share/dwb_msgs/msg/CriticScore.idl
-- Up-to-date: /home/nvidia/workspace/alan/src/AMR_ros2_slam_nav2/install/dwb_msgs/share/dwb_msgs/msg/LocalPlanEvaluation.idl
-- Up-to-date: /home/nvidia/workspace/alan/src/AMR_ros2_slam_nav2/install/dwb_msgs/share/dwb_msgs/msg/Trajectory2D.idl
-- Up-to-date: /home/nvidia/workspace/alan/src/AMR_ros2_slam_nav2/install/dwb_msgs/share/dwb_msgs/msg/TrajectoryScore.idl
-- Up-to-date: /home/nvidia/workspace/alan/src/AMR_ros2_slam_nav2/install/dwb_msgs/share/dwb_msgs/srv/DebugLocalPlan.idl
-- Up-to-date: /home/nvidia/workspace/alan/src/AMR_ros2_slam_nav2/install/dwb_msgs/share/dwb_msgs/srv/GenerateTrajectory.idl
-- Up-to-date: /home/nvidia/workspace/alan/src/AMR_ros2_slam_nav2/install/dwb_msgs/share/dwb_msgs/srv/GenerateTwists.idl
-- Up-to-date: /home/nvidia/workspace/alan/src/AMR_ros2_slam_nav2/install/dwb_msgs/share/dwb_msgs/srv/GetCriticScore.idl
-- Up-to-date: /home/nvidia/workspace/alan/src/AMR_ros2_slam_nav2/install/dwb_msgs/share/dwb_msgs/srv/ScoreTrajectory.idl
-- Up-to-date: /home/nvidia/workspace/alan/src/AMR_ros2_slam_nav2/install/dwb_msgs/share/dwb_msgs/msg/CriticScore.msg
-- Up-to-date: /home/nvidia/workspace/alan/src/AMR_ros2_slam_nav2/install/dwb_msgs/share/dwb_msgs/msg/LocalPlanEvaluation.msg
-- Up-to-date: /home/nvidia/workspace/alan/src/AMR_ros2_slam_nav2/install/dwb_msgs/share/dwb_msgs/msg/Trajectory2D.msg
-- Up-to-date: /home/nvidia/workspace/alan/src/AMR_ros2_slam_nav2/install/dwb_msgs/share/dwb_msgs/msg/TrajectoryScore.msg
-- Up-to-date: /home/nvidia/workspace/alan/src/AMR_ros2_slam_nav2/install/dwb_msgs/share/dwb_msgs/srv/DebugLocalPlan.srv
-- Up-to-date: /home/nvidia/workspace/alan/src/AMR_ros2_slam_nav2/install/dwb_msgs/share/dwb_msgs/srv/DebugLocalPlan_Request.msg
-- Up-to-date: /home/nvidia/workspace/alan/src/AMR_ros2_slam_nav2/install/dwb_msgs/share/dwb_msgs/srv/DebugLocalPlan_Response.msg
-- Up-to-date: /home/nvidia/workspace/alan/src/AMR_ros2_slam_nav2/install/dwb_msgs/share/dwb_msgs/srv/GenerateTrajectory.srv
-- Up-to-date: /home/nvidia/workspace/alan/src/AMR_ros2_slam_nav2/install/dwb_msgs/share/dwb_msgs/srv/GenerateTrajectory_Request.msg
-- Up-to-date: /home/nvidia/workspace/alan/src/AMR_ros2_slam_nav2/install/dwb_msgs/share/dwb_msgs/srv/GenerateTrajectory_Response.msg
-- Up-to-date: /home/nvidia/workspace/alan/src/AMR_ros2_slam_nav2/install/dwb_msgs/share/dwb_msgs/srv/GenerateTwists.srv
-- Up-to-date: /home/nvidia/workspace/alan/src/AMR_ros2_slam_nav2/install/dwb_msgs/share/dwb_msgs/srv/GenerateTwists_Request.msg
-- Up-to-date: /home/nvidia/workspace/alan/src/AMR_ros2_slam_nav2/install/dwb_msgs/share/dwb_msgs/srv/GenerateTwists_Response.msg
-- Up-to-date: /home/nvidia/workspace/alan/src/AMR_ros2_slam_nav2/install/dwb_msgs/share/dwb_msgs/srv/GetCriticScore.srv
-- Up-to-date: /home/nvidia/workspace/alan/src/AMR_ros2_slam_nav2/install/dwb_msgs/share/dwb_msgs/srv/GetCriticScore_Request.msg
-- Up-to-date: /home/nvidia/workspace/alan/src/AMR_ros2_slam_nav2/install/dwb_msgs/share/dwb_msgs/srv/GetCriticScore_Response.msg
-- Up-to-date: /home/nvidia/workspace/alan/src/AMR_ros2_slam_nav2/install/dwb_msgs/share/dwb_msgs/srv/ScoreTrajectory.srv
-- Up-to-date: /home/nvidia/workspace/alan/src/AMR_ros2_slam_nav2/install/dwb_msgs/share/dwb_msgs/srv/ScoreTrajectory_Request.msg
-- Up-to-date: /home/nvidia/workspace/alan/src/AMR_ros2_slam_nav2/install/dwb_msgs/share/dwb_msgs/srv/ScoreTrajectory_Response.msg
-- Up-to-date: /home/nvidia/workspace/alan/src/AMR_ros2_slam_nav2/install/dwb_msgs/share/ament_index/resource_index/package_run_dependencies/dwb_msgs
-- Up-to-date: /home/nvidia/workspace/alan/src/AMR_ros2_slam_nav2/install/dwb_msgs/share/ament_index/resource_index/parent_prefix_path/dwb_msgs
-- Up-to-date: /home/nvidia/workspace/alan/src/AMR_ros2_slam_nav2/install/dwb_msgs/share/dwb_msgs/environment/ament_prefix_path.sh
-- Up-to-date: /home/nvidia/workspace/alan/src/AMR_ros2_slam_nav2/install/dwb_msgs/share/dwb_msgs/environment/ament_prefix_path.dsv
-- Up-to-date: /home/nvidia/workspace/alan/src/AMR_ros2_slam_nav2/install/dwb_msgs/share/dwb_msgs/environment/path.sh
-- Up-to-date: /home/nvidia/workspace/alan/src/AMR_ros2_slam_nav2/install/dwb_msgs/share/dwb_msgs/environment/path.dsv
-- Up-to-date: /home/nvidia/workspace/alan/src/AMR_ros2_slam_nav2/install/dwb_msgs/share/dwb_msgs/local_setup.bash
-- Up-to-date: /home/nvidia/workspace/alan/src/AMR_ros2_slam_nav2/install/dwb_msgs/share/dwb_msgs/local_setup.sh
-- Up-to-date: /home/nvidia/workspace/alan/src/AMR_ros2_slam_nav2/install/dwb_msgs/share/dwb_msgs/local_setup.zsh
-- Up-to-date: /home/nvidia/workspace/alan/src/AMR_ros2_slam_nav2/install/dwb_msgs/share/dwb_msgs/local_setup.dsv
-- Installing: /home/nvidia/workspace/alan/src/AMR_ros2_slam_nav2/install/dwb_msgs/share/dwb_msgs/package.dsv
-- Up-to-date: /home/nvidia/workspace/alan/src/AMR_ros2_slam_nav2/install/dwb_msgs/share/ament_index/resource_index/packages/dwb_msgs
-- Up-to-date: /home/nvidia/workspace/alan/src/AMR_ros2_slam_nav2/install/dwb_msgs/share/dwb_msgs/cmake/dwb_msgs__rosidl_generator_cExport.cmake
-- Up-to-date: /home/nvidia/workspace/alan/src/AMR_ros2_slam_nav2/install/dwb_msgs/share/dwb_msgs/cmake/dwb_msgs__rosidl_generator_cExport-noconfig.cmake
-- Up-to-date: /home/nvidia/workspace/alan/src/AMR_ros2_slam_nav2/install/dwb_msgs/share/dwb_msgs/cmake/dwb_msgs__rosidl_typesupport_introspection_cExport.cmake
-- Up-to-date: /home/nvidia/workspace/alan/src/AMR_ros2_slam_nav2/install/dwb_msgs/share/dwb_msgs/cmake/dwb_msgs__rosidl_typesupport_introspection_cExport-noconfig.cmake
-- Up-to-date: /home/nvidia/workspace/alan/src/AMR_ros2_slam_nav2/install/dwb_msgs/share/dwb_msgs/cmake/dwb_msgs__rosidl_typesupport_cExport.cmake
-- Up-to-date: /home/nvidia/workspace/alan/src/AMR_ros2_slam_nav2/install/dwb_msgs/share/dwb_msgs/cmake/dwb_msgs__rosidl_typesupport_cExport-noconfig.cmake
-- Up-to-date: /home/nvidia/workspace/alan/src/AMR_ros2_slam_nav2/install/dwb_msgs/share/dwb_msgs/cmake/dwb_msgs__rosidl_generator_cppExport.cmake
-- Up-to-date: /home/nvidia/workspace/alan/src/AMR_ros2_slam_nav2/install/dwb_msgs/share/dwb_msgs/cmake/dwb_msgs__rosidl_typesupport_introspection_cppExport.cmake
-- Up-to-date: /home/nvidia/workspace/alan/src/AMR_ros2_slam_nav2/install/dwb_msgs/share/dwb_msgs/cmake/dwb_msgs__rosidl_typesupport_introspection_cppExport-noconfig.cmake
-- Up-to-date: /home/nvidia/workspace/alan/src/AMR_ros2_slam_nav2/install/dwb_msgs/share/dwb_msgs/cmake/dwb_msgs__rosidl_typesupport_cppExport.cmake
-- Up-to-date: /home/nvidia/workspace/alan/src/AMR_ros2_slam_nav2/install/dwb_msgs/share/dwb_msgs/cmake/dwb_msgs__rosidl_typesupport_cppExport-noconfig.cmake
-- Up-to-date: /home/nvidia/workspace/alan/src/AMR_ros2_slam_nav2/install/dwb_msgs/share/dwb_msgs/cmake/rosidl_cmake-extras.cmake
-- Up-to-date: /home/nvidia/workspace/alan/src/AMR_ros2_slam_nav2/install/dwb_msgs/share/dwb_msgs/cmake/ament_cmake_export_dependencies-extras.cmake
-- Up-to-date: /home/nvidia/workspace/alan/src/AMR_ros2_slam_nav2/install/dwb_msgs/share/dwb_msgs/cmake/ament_cmake_export_libraries-extras.cmake
-- Up-to-date: /home/nvidia/workspace/alan/src/AMR_ros2_slam_nav2/install/dwb_msgs/share/dwb_msgs/cmake/ament_cmake_export_targets-extras.cmake
-- Up-to-date: /home/nvidia/workspace/alan/src/AMR_ros2_slam_nav2/install/dwb_msgs/share/dwb_msgs/cmake/ament_cmake_export_include_directories-extras.cmake
-- Up-to-date: /home/nvidia/workspace/alan/src/AMR_ros2_slam_nav2/install/dwb_msgs/share/dwb_msgs/cmake/rosidl_cmake_export_typesupport_libraries-extras.cmake
-- Up-to-date: /home/nvidia/workspace/alan/src/AMR_ros2_slam_nav2/install/dwb_msgs/share/dwb_msgs/cmake/rosidl_cmake_export_typesupport_targets-extras.cmake
-- Up-to-date: /home/nvidia/workspace/alan/src/AMR_ros2_slam_nav2/install/dwb_msgs/share/dwb_msgs/cmake/dwb_msgsConfig.cmake
-- Up-to-date: /home/nvidia/workspace/alan/src/AMR_ros2_slam_nav2/install/dwb_msgs/share/dwb_msgs/cmake/dwb_msgsConfig-version.cmake
-- Up-to-date: /home/nvidia/workspace/alan/src/AMR_ros2_slam_nav2/install/dwb_msgs/share/dwb_msgs/package.xml
