[0.062s] Invoking command in '/home/nvidia/workspace/alan/src/AMR_ros2_slam_nav2/build/amr_description': /usr/local/bin/cmake /home/nvidia/workspace/alan/src/AMR_ros2_slam_nav2/amr_description -DCMAKE_INSTALL_PREFIX=/home/nvidia/workspace/alan/src/AMR_ros2_slam_nav2/install/amr_description
[0.367s] -- The C compiler identification is GNU 7.5.0
[0.618s] -- The CXX compiler identification is GNU 7.5.0
[0.666s] -- Check for working C compiler: /usr/bin/cc
[0.853s] -- Check for working C compiler: /usr/bin/cc -- works
[0.859s] -- Detecting C compiler ABI info
[1.075s] -- Detecting C compiler ABI info - done
[1.276s] -- Detecting C compile features
[1.281s] -- Detecting C compile features - done
[1.317s] -- Check for working CXX compiler: /usr/bin/c++
[1.538s] -- Check for working CXX compiler: /usr/bin/c++ -- works
[1.554s] -- Detecting CXX compiler ABI info
[1.786s] -- Detecting CXX compiler ABI info - done
[1.968s] -- Detecting CXX compile features
[1.973s] -- Detecting CXX compile features - done
[1.987s] -- Found ament_cmake: 0.9.9 (/home/workspace/ros2/install/share/ament_cmake/cmake)
[2.105s] -- Found PythonInterp: /usr/bin/python3 (found suitable version "3.6.9", minimum required is "3") 
[2.105s] -- Using PYTHON_EXECUTABLE: /usr/bin/python3
[3.010s] -- Found urdf: 2.4.0 (/home/workspace/ros2/install/share/urdf/cmake)
[3.226s] -- Found ament_lint_auto: 0.9.6 (/home/workspace/ros2/install/share/ament_lint_auto/cmake)
[3.876s] -- Added test 'copyright' to check source files copyright and LICENSE
[3.896s] -- Added test 'lint_cmake' to check CMake code style
[3.909s] -- Added test 'xmllint' to check XML markup files
[3.925s] -- Configuring done
[3.941s] -- Generating done
[3.950s] -- Build files have been written to: /home/nvidia/workspace/alan/src/AMR_ros2_slam_nav2/build/amr_description
[3.980s] Invoked command in '/home/nvidia/workspace/alan/src/AMR_ros2_slam_nav2/build/amr_description' returned '0': /usr/local/bin/cmake /home/nvidia/workspace/alan/src/AMR_ros2_slam_nav2/amr_description -DCMAKE_INSTALL_PREFIX=/home/nvidia/workspace/alan/src/AMR_ros2_slam_nav2/install/amr_description
[3.983s] Invoking command in '/home/nvidia/workspace/alan/src/AMR_ros2_slam_nav2/build/amr_description': /usr/local/bin/cmake --build /home/nvidia/workspace/alan/src/AMR_ros2_slam_nav2/build/amr_description -- -j8 -l8
[4.068s] Invoked command in '/home/nvidia/workspace/alan/src/AMR_ros2_slam_nav2/build/amr_description' returned '0': /usr/local/bin/cmake --build /home/nvidia/workspace/alan/src/AMR_ros2_slam_nav2/build/amr_description -- -j8 -l8
[4.142s] Invoking command in '/home/nvidia/workspace/alan/src/AMR_ros2_slam_nav2/build/amr_description': /usr/local/bin/cmake --install /home/nvidia/workspace/alan/src/AMR_ros2_slam_nav2/build/amr_description
[4.168s] -- Install configuration: ""
[4.170s] -- Installing: /home/nvidia/workspace/alan/src/AMR_ros2_slam_nav2/install/amr_description/share/amr_description/meshes
[4.171s] -- Installing: /home/nvidia/workspace/alan/src/AMR_ros2_slam_nav2/install/amr_description/share/amr_description/meshes/DGT-001L.STL
[4.179s] -- Installing: /home/nvidia/workspace/alan/src/AMR_ros2_slam_nav2/install/amr_description/share/amr_description/meshes/FR-07PRO.STL
[4.203s] -- Installing: /home/nvidia/workspace/alan/src/AMR_ros2_slam_nav2/install/amr_description/share/amr_description/meshes/FW-001.STL
[4.211s] -- Installing: /home/nvidia/workspace/alan/src/AMR_ros2_slam_nav2/install/amr_description/share/amr_description/meshes/VLP16_base_1.stl
[4.213s] -- Installing: /home/nvidia/workspace/alan/src/AMR_ros2_slam_nav2/install/amr_description/share/amr_description/meshes/FB-001.STL
[4.222s] -- Installing: /home/nvidia/workspace/alan/src/AMR_ros2_slam_nav2/install/amr_description/share/amr_description/meshes/DGT-001mini.STL
[4.237s] -- Installing: /home/nvidia/workspace/alan/src/AMR_ros2_slam_nav2/install/amr_description/share/amr_description/meshes/VLP16_base_1.dae
[4.240s] -- Installing: /home/nvidia/workspace/alan/src/AMR_ros2_slam_nav2/install/amr_description/share/amr_description/meshes/wheels
[4.241s] -- Installing: /home/nvidia/workspace/alan/src/AMR_ros2_slam_nav2/install/amr_description/share/amr_description/meshes/wheels/left_tire.stl
[4.247s] -- Installing: /home/nvidia/workspace/alan/src/AMR_ros2_slam_nav2/install/amr_description/share/amr_description/meshes/wheels/right_tire.stl
[4.252s] -- Installing: /home/nvidia/workspace/alan/src/AMR_ros2_slam_nav2/install/amr_description/share/amr_description/meshes/DGT-001M.STL
[4.263s] -- Installing: /home/nvidia/workspace/alan/src/AMR_ros2_slam_nav2/install/amr_description/share/amr_description/meshes/MID-001.STL
[4.283s] -- Installing: /home/nvidia/workspace/alan/src/AMR_ros2_slam_nav2/install/amr_description/share/amr_description/meshes/DGT001S.STL
[4.292s] -- Installing: /home/nvidia/workspace/alan/src/AMR_ros2_slam_nav2/install/amr_description/share/amr_description/meshes/DGT-001S.STL
[4.301s] -- Installing: /home/nvidia/workspace/alan/src/AMR_ros2_slam_nav2/install/amr_description/share/amr_description/meshes/FR-09PRO.STL
[4.322s] -- Installing: /home/nvidia/workspace/alan/src/AMR_ros2_slam_nav2/install/amr_description/share/amr_description/urdf
[4.323s] -- Installing: /home/nvidia/workspace/alan/src/AMR_ros2_slam_nav2/install/amr_description/share/amr_description/urdf/test.urdf
[4.323s] -- Installing: /home/nvidia/workspace/alan/src/AMR_ros2_slam_nav2/install/amr_description/share/amr_description/urdf/.gitkeep
[4.324s] -- Installing: /home/nvidia/workspace/alan/src/AMR_ros2_slam_nav2/install/amr_description/share/amr_description/urdf/amr.urdf
[4.325s] -- Installing: /home/nvidia/workspace/alan/src/AMR_ros2_slam_nav2/install/amr_description/share/amr_description/urdf/yhs_dgt001m.urdf
[4.326s] -- Installing: /home/nvidia/workspace/alan/src/AMR_ros2_slam_nav2/install/amr_description/share/amr_description/urdf/sam_bot_description.urdf
[4.326s] -- Installing: /home/nvidia/workspace/alan/src/AMR_ros2_slam_nav2/install/amr_description/share/amr_description/urdf/amr.urdf.bak
[4.326s] -- Installing: /home/nvidia/workspace/alan/src/AMR_ros2_slam_nav2/install/amr_description/share/amr_description/rviz
[4.327s] -- Installing: /home/nvidia/workspace/alan/src/AMR_ros2_slam_nav2/install/amr_description/share/amr_description/rviz/urdf.rviz
[4.327s] -- Installing: /home/nvidia/workspace/alan/src/AMR_ros2_slam_nav2/install/amr_description/share/ament_index/resource_index/package_run_dependencies/amr_description
[4.328s] -- Installing: /home/nvidia/workspace/alan/src/AMR_ros2_slam_nav2/install/amr_description/share/ament_index/resource_index/parent_prefix_path/amr_description
[4.329s] -- Installing: /home/nvidia/workspace/alan/src/AMR_ros2_slam_nav2/install/amr_description/share/amr_description/environment/ament_prefix_path.sh
[4.329s] -- Installing: /home/nvidia/workspace/alan/src/AMR_ros2_slam_nav2/install/amr_description/share/amr_description/environment/ament_prefix_path.dsv
[4.330s] -- Installing: /home/nvidia/workspace/alan/src/AMR_ros2_slam_nav2/install/amr_description/share/amr_description/environment/path.sh
[4.331s] -- Installing: /home/nvidia/workspace/alan/src/AMR_ros2_slam_nav2/install/amr_description/share/amr_description/environment/path.dsv
[4.332s] -- Installing: /home/nvidia/workspace/alan/src/AMR_ros2_slam_nav2/install/amr_description/share/amr_description/local_setup.bash
[4.333s] -- Installing: /home/nvidia/workspace/alan/src/AMR_ros2_slam_nav2/install/amr_description/share/amr_description/local_setup.sh
[4.333s] -- Installing: /home/nvidia/workspace/alan/src/AMR_ros2_slam_nav2/install/amr_description/share/amr_description/local_setup.zsh
[4.334s] -- Installing: /home/nvidia/workspace/alan/src/AMR_ros2_slam_nav2/install/amr_description/share/amr_description/local_setup.dsv
[4.335s] -- Installing: /home/nvidia/workspace/alan/src/AMR_ros2_slam_nav2/install/amr_description/share/amr_description/package.dsv
[4.336s] -- Installing: /home/nvidia/workspace/alan/src/AMR_ros2_slam_nav2/install/amr_description/share/ament_index/resource_index/packages/amr_description
[4.337s] -- Installing: /home/nvidia/workspace/alan/src/AMR_ros2_slam_nav2/install/amr_description/share/amr_description/cmake/amr_descriptionConfig.cmake
[4.338s] -- Installing: /home/nvidia/workspace/alan/src/AMR_ros2_slam_nav2/install/amr_description/share/amr_description/cmake/amr_descriptionConfig-version.cmake
[4.338s] -- Installing: /home/nvidia/workspace/alan/src/AMR_ros2_slam_nav2/install/amr_description/share/amr_description/package.xml
[4.351s] Invoked command in '/home/nvidia/workspace/alan/src/AMR_ros2_slam_nav2/build/amr_description' returned '0': /usr/local/bin/cmake --install /home/nvidia/workspace/alan/src/AMR_ros2_slam_nav2/build/amr_description
