[0.355s] Invoking command in '/home/nvidia/workspace/alan/src/AMR_ros2_slam_nav2/build/camera_calibration_parsers': CMAKE_PREFIX_PATH=${CMAKE_PREFIX_PATH}:/home/nvidia/workspace/alan/AMR/install/turtlebot3_teleop:/home/nvidia/workspace/alan/AMR/install/turtlebot3_example:/home/nvidia/workspace/alan/AMR/install/opencv_tests:/home/nvidia/workspace/alan/AMR/install/nav2_gazebo_spawner /usr/local/bin/cmake --build /home/nvidia/workspace/alan/src/AMR_ros2_slam_nav2/build/camera_calibration_parsers -- -j8 -l8
[0.666s] [ 14%] Built target gtest
[0.668s] [ 28%] Built target gtest_main
[0.693s] [ 57%] Built target camera_calibration_parsers
[0.841s] [ 71%] Built target camera_calibration_parsers-parse_yml
[0.863s] [ 85%] Built target convert
[0.864s] [100%] Built target camera_calibration_parsers-parse_ini
[1.053s] Invoked command in '/home/nvidia/workspace/alan/src/AMR_ros2_slam_nav2/build/camera_calibration_parsers' returned '0': CMAKE_PREFIX_PATH=${CMAKE_PREFIX_PATH}:/home/nvidia/workspace/alan/AMR/install/turtlebot3_teleop:/home/nvidia/workspace/alan/AMR/install/turtlebot3_example:/home/nvidia/workspace/alan/AMR/install/opencv_tests:/home/nvidia/workspace/alan/AMR/install/nav2_gazebo_spawner /usr/local/bin/cmake --build /home/nvidia/workspace/alan/src/AMR_ros2_slam_nav2/build/camera_calibration_parsers -- -j8 -l8
[1.442s] Invoking command in '/home/nvidia/workspace/alan/src/AMR_ros2_slam_nav2/build/camera_calibration_parsers': CMAKE_PREFIX_PATH=${CMAKE_PREFIX_PATH}:/home/nvidia/workspace/alan/AMR/install/turtlebot3_teleop:/home/nvidia/workspace/alan/AMR/install/turtlebot3_example:/home/nvidia/workspace/alan/AMR/install/opencv_tests:/home/nvidia/workspace/alan/AMR/install/nav2_gazebo_spawner /usr/local/bin/cmake --install /home/nvidia/workspace/alan/src/AMR_ros2_slam_nav2/build/camera_calibration_parsers
[1.521s] -- Install configuration: ""
[1.521s] -- Up-to-date: /home/nvidia/workspace/alan/src/AMR_ros2_slam_nav2/install/camera_calibration_parsers/lib/libcamera_calibration_parsers.so
[1.522s] -- Up-to-date: /home/nvidia/workspace/alan/src/AMR_ros2_slam_nav2/install/camera_calibration_parsers/lib/camera_calibration_parsers/convert
[1.522s] -- Up-to-date: /home/nvidia/workspace/alan/src/AMR_ros2_slam_nav2/install/camera_calibration_parsers/include
[1.522s] -- Up-to-date: /home/nvidia/workspace/alan/src/AMR_ros2_slam_nav2/install/camera_calibration_parsers/include/camera_calibration_parsers
[1.523s] -- Up-to-date: /home/nvidia/workspace/alan/src/AMR_ros2_slam_nav2/install/camera_calibration_parsers/include/camera_calibration_parsers/visibility_control.hpp
[1.523s] -- Up-to-date: /home/nvidia/workspace/alan/src/AMR_ros2_slam_nav2/install/camera_calibration_parsers/include/camera_calibration_parsers/parse_yml.h
[1.524s] -- Up-to-date: /home/nvidia/workspace/alan/src/AMR_ros2_slam_nav2/install/camera_calibration_parsers/include/camera_calibration_parsers/parse.h
[1.529s] -- Up-to-date: /home/nvidia/workspace/alan/src/AMR_ros2_slam_nav2/install/camera_calibration_parsers/include/camera_calibration_parsers/parse_yml.hpp
[1.535s] -- Up-to-date: /home/nvidia/workspace/alan/src/AMR_ros2_slam_nav2/install/camera_calibration_parsers/include/camera_calibration_parsers/parse_ini.hpp
[1.537s] -- Up-to-date: /home/nvidia/workspace/alan/src/AMR_ros2_slam_nav2/install/camera_calibration_parsers/include/camera_calibration_parsers/parse.hpp
[1.538s] -- Up-to-date: /home/nvidia/workspace/alan/src/AMR_ros2_slam_nav2/install/camera_calibration_parsers/include/camera_calibration_parsers/parse_ini.h
[1.539s] -- Up-to-date: /home/nvidia/workspace/alan/src/AMR_ros2_slam_nav2/install/camera_calibration_parsers/share/camera_calibration_parsers/environment/library_path.sh
[1.539s] -- Up-to-date: /home/nvidia/workspace/alan/src/AMR_ros2_slam_nav2/install/camera_calibration_parsers/share/camera_calibration_parsers/environment/library_path.dsv
[1.540s] -- Up-to-date: /home/nvidia/workspace/alan/src/AMR_ros2_slam_nav2/install/camera_calibration_parsers/share/ament_index/resource_index/package_run_dependencies/camera_calibration_parsers
[1.540s] -- Up-to-date: /home/nvidia/workspace/alan/src/AMR_ros2_slam_nav2/install/camera_calibration_parsers/share/ament_index/resource_index/parent_prefix_path/camera_calibration_parsers
[1.541s] -- Up-to-date: /home/nvidia/workspace/alan/src/AMR_ros2_slam_nav2/install/camera_calibration_parsers/share/camera_calibration_parsers/environment/ament_prefix_path.sh
[1.541s] -- Up-to-date: /home/nvidia/workspace/alan/src/AMR_ros2_slam_nav2/install/camera_calibration_parsers/share/camera_calibration_parsers/environment/ament_prefix_path.dsv
[1.542s] -- Up-to-date: /home/nvidia/workspace/alan/src/AMR_ros2_slam_nav2/install/camera_calibration_parsers/share/camera_calibration_parsers/environment/path.sh
[1.542s] -- Up-to-date: /home/nvidia/workspace/alan/src/AMR_ros2_slam_nav2/install/camera_calibration_parsers/share/camera_calibration_parsers/environment/path.dsv
[1.542s] -- Up-to-date: /home/nvidia/workspace/alan/src/AMR_ros2_slam_nav2/install/camera_calibration_parsers/share/camera_calibration_parsers/local_setup.bash
[1.543s] -- Up-to-date: /home/nvidia/workspace/alan/src/AMR_ros2_slam_nav2/install/camera_calibration_parsers/share/camera_calibration_parsers/local_setup.sh
[1.543s] -- Up-to-date: /home/nvidia/workspace/alan/src/AMR_ros2_slam_nav2/install/camera_calibration_parsers/share/camera_calibration_parsers/local_setup.zsh
[1.544s] -- Up-to-date: /home/nvidia/workspace/alan/src/AMR_ros2_slam_nav2/install/camera_calibration_parsers/share/camera_calibration_parsers/local_setup.dsv
[1.544s] -- Installing: /home/nvidia/workspace/alan/src/AMR_ros2_slam_nav2/install/camera_calibration_parsers/share/camera_calibration_parsers/package.dsv
[1.544s] -- Up-to-date: /home/nvidia/workspace/alan/src/AMR_ros2_slam_nav2/install/camera_calibration_parsers/share/ament_index/resource_index/packages/camera_calibration_parsers
[1.545s] -- Up-to-date: /home/nvidia/workspace/alan/src/AMR_ros2_slam_nav2/install/camera_calibration_parsers/share/camera_calibration_parsers/cmake/ament_cmake_export_include_directories-extras.cmake
[1.545s] -- Up-to-date: /home/nvidia/workspace/alan/src/AMR_ros2_slam_nav2/install/camera_calibration_parsers/share/camera_calibration_parsers/cmake/ament_cmake_export_libraries-extras.cmake
[1.545s] -- Up-to-date: /home/nvidia/workspace/alan/src/AMR_ros2_slam_nav2/install/camera_calibration_parsers/share/camera_calibration_parsers/cmake/ament_cmake_export_dependencies-extras.cmake
[1.546s] -- Up-to-date: /home/nvidia/workspace/alan/src/AMR_ros2_slam_nav2/install/camera_calibration_parsers/share/camera_calibration_parsers/cmake/camera_calibration_parsersConfig.cmake
[1.546s] -- Up-to-date: /home/nvidia/workspace/alan/src/AMR_ros2_slam_nav2/install/camera_calibration_parsers/share/camera_calibration_parsers/cmake/camera_calibration_parsersConfig-version.cmake
[1.546s] -- Up-to-date: /home/nvidia/workspace/alan/src/AMR_ros2_slam_nav2/install/camera_calibration_parsers/share/camera_calibration_parsers/package.xml
[1.727s] Invoked command in '/home/nvidia/workspace/alan/src/AMR_ros2_slam_nav2/build/camera_calibration_parsers' returned '0': CMAKE_PREFIX_PATH=${CMAKE_PREFIX_PATH}:/home/nvidia/workspace/alan/AMR/install/turtlebot3_teleop:/home/nvidia/workspace/alan/AMR/install/turtlebot3_example:/home/nvidia/workspace/alan/AMR/install/opencv_tests:/home/nvidia/workspace/alan/AMR/install/nav2_gazebo_spawner /usr/local/bin/cmake --install /home/nvidia/workspace/alan/src/AMR_ros2_slam_nav2/build/camera_calibration_parsers
