-- The C compiler identification is GNU 7.5.0
-- The CXX compiler identification is GNU 7.5.0
-- Check for working C compiler: /usr/bin/cc
-- Check for working C compiler: /usr/bin/cc -- works
-- Detecting C compiler ABI info
-- Detecting C compiler ABI info - done
-- Detecting C compile features
-- Detecting C compile features - done
-- Check for working CXX compiler: /usr/bin/c++
-- Check for working CXX compiler: /usr/bin/c++ -- works
-- Detecting CXX compiler ABI info
-- Detecting CXX compiler ABI info - done
-- Detecting CXX compile features
-- Detecting CXX compile features - done
-- Found ament_cmake: 0.9.9 (/home/workspace/ros2/install/share/ament_cmake/cmake)
-- Found PythonInterp: /usr/bin/python3 (found suitable version "3.6.9", minimum required is "3") 
-- Using PYTHON_EXECUTABLE: /usr/bin/python3
-- Found std_msgs: 2.0.4 (/home/workspace/ros2/install/share/std_msgs/cmake)
-- Using all available rosidl_typesupport_c: rosidl_typesupport_fastrtps_c;rosidl_typesupport_introspection_c
-- Found rosidl_adapter: 1.2.1 (/home/workspace/ros2/install/share/rosidl_adapter/cmake)
-- Found OpenSSL: /usr/lib/aarch64-linux-gnu/libcrypto.so (found version "1.1.1")  
-- Found FastRTPS: /home/workspace/ros2/install/include  
-- Using all available rosidl_typesupport_cpp: rosidl_typesupport_fastrtps_cpp;rosidl_typesupport_introspection_cpp
-- Found sensor_msgs: 2.0.4 (/home/workspace/ros2/install/share/sensor_msgs/cmake)
-- Found rosidl_default_generators: 1.0.1 (/home/workspace/ros2/install/share/rosidl_default_generators/cmake)
-- Found PythonInterp: /usr/bin/python3 (found version "3.6.9") 
-- Found ament_cmake_ros: 0.9.2 (/home/workspace/ros2/install/share/ament_cmake_ros/cmake)
-- Using all available rosidl_typesupport_c: rosidl_typesupport_fastrtps_c;rosidl_typesupport_introspection_c
-- Using all available rosidl_typesupport_cpp: rosidl_typesupport_fastrtps_cpp;rosidl_typesupport_introspection_cpp
-- Found PythonInterp: /usr/bin/python3 (found suitable version "3.6.9", minimum required is "3.5") 
-- Found python_cmake_module: 0.8.1 (/home/workspace/ros2/install/share/python_cmake_module/cmake)
-- Found PythonLibs: /usr/lib/aarch64-linux-gnu/libpython3.6m.so (found suitable version "3.6.9", minimum required is "3.5") 
-- Using PYTHON_EXECUTABLE: /usr/bin/python3
-- Using PYTHON_INCLUDE_DIRS: /usr/include/python3.6m
-- Using PYTHON_LIBRARIES: /usr/lib/aarch64-linux-gnu/libpython3.6m.so
-- Found PythonExtra: .so  
-- Found ament_lint_auto: 0.9.6 (/home/workspace/ros2/install/share/ament_lint_auto/cmake)
-- Added test 'copyright' to check source files copyright and LICENSE
-- Added test 'lint_cmake' to check CMake code style
-- Added test 'xmllint' to check XML markup files
-- Configuring done
-- Generating done
-- Build files have been written to: /home/nvidia/workspace/alan/src/AMR_ros2_slam_nav2/build/ros2_rada_msg
[35m[1mScanning dependencies of target ros2_rada_msg__cpp[0m
[  3%] [34m[1mGenerating C++ code for ROS interfaces[0m
[  3%] Built target ros2_rada_msg__cpp
[  6%] [34m[1mGenerating C code for ROS interfaces[0m
[35m[1mScanning dependencies of target ros2_rada_msg__rosidl_generator_c[0m
[  9%] [32mBuilding C object CMakeFiles/ros2_rada_msg__rosidl_generator_c.dir/rosidl_generator_c/ros2_rada_msg/msg/detail/rada__functions.c.o[0m
[ 12%] [32m[1mLinking C shared library libros2_rada_msg__rosidl_generator_c.so[0m
[ 12%] Built target ros2_rada_msg__rosidl_generator_c
[ 16%] [34m[1mGenerating C++ introspection for ROS interfaces[0m
[35m[1mScanning dependencies of target ros2_rada_msg__rosidl_typesupport_introspection_cpp[0m
[ 19%] [32mBuilding CXX object CMakeFiles/ros2_rada_msg__rosidl_typesupport_introspection_cpp.dir/rosidl_typesupport_introspection_cpp/ros2_rada_msg/msg/detail/rada__type_support.cpp.o[0m
[ 22%] [32m[1mLinking CXX shared library libros2_rada_msg__rosidl_typesupport_introspection_cpp.so[0m
[ 22%] Built target ros2_rada_msg__rosidl_typesupport_introspection_cpp
[ 25%] [34m[1mGenerating C type support dispatch for ROS interfaces[0m
[35m[1mScanning dependencies of target ros2_rada_msg__rosidl_typesupport_c[0m
[ 29%] [32mBuilding CXX object CMakeFiles/ros2_rada_msg__rosidl_typesupport_c.dir/rosidl_typesupport_c/ros2_rada_msg/msg/rada__type_support.cpp.o[0m
[ 32%] [32m[1mLinking CXX shared library libros2_rada_msg__rosidl_typesupport_c.so[0m
[ 32%] Built target ros2_rada_msg__rosidl_typesupport_c
[ 35%] [34m[1mGenerating C introspection for ROS interfaces[0m
[35m[1mScanning dependencies of target ros2_rada_msg__rosidl_typesupport_introspection_c[0m
[ 38%] [32mBuilding C object CMakeFiles/ros2_rada_msg__rosidl_typesupport_introspection_c.dir/rosidl_typesupport_introspection_c/ros2_rada_msg/msg/detail/rada__type_support.c.o[0m
[ 41%] [32m[1mLinking C shared library libros2_rada_msg__rosidl_typesupport_introspection_c.so[0m
[ 41%] Built target ros2_rada_msg__rosidl_typesupport_introspection_c
[ 45%] [34m[1mGenerating C++ type support for eProsima Fast-RTPS[0m
[35m[1mScanning dependencies of target ros2_rada_msg__rosidl_typesupport_fastrtps_cpp[0m
[ 48%] [32mBuilding CXX object CMakeFiles/ros2_rada_msg__rosidl_typesupport_fastrtps_cpp.dir/rosidl_typesupport_fastrtps_cpp/ros2_rada_msg/msg/detail/dds_fastrtps/rada__type_support.cpp.o[0m
[ 51%] [32m[1mLinking CXX shared library libros2_rada_msg__rosidl_typesupport_fastrtps_cpp.so[0m
[ 51%] Built target ros2_rada_msg__rosidl_typesupport_fastrtps_cpp
[ 54%] [34m[1mGenerating C++ type support dispatch for ROS interfaces[0m
[35m[1mScanning dependencies of target ros2_rada_msg__rosidl_typesupport_cpp[0m
[ 58%] [32mBuilding CXX object CMakeFiles/ros2_rada_msg__rosidl_typesupport_cpp.dir/rosidl_typesupport_cpp/ros2_rada_msg/msg/rada__type_support.cpp.o[0m
[ 61%] [32m[1mLinking CXX shared library libros2_rada_msg__rosidl_typesupport_cpp.so[0m
[ 61%] Built target ros2_rada_msg__rosidl_typesupport_cpp
[ 64%] [34m[1mGenerating C type support for eProsima Fast-RTPS[0m
[35m[1mScanning dependencies of target ros2_rada_msg__rosidl_typesupport_fastrtps_c[0m
[ 67%] [32mBuilding CXX object CMakeFiles/ros2_rada_msg__rosidl_typesupport_fastrtps_c.dir/rosidl_typesupport_fastrtps_c/ros2_rada_msg/msg/detail/rada__type_support_c.cpp.o[0m
[ 70%] [32m[1mLinking CXX shared library libros2_rada_msg__rosidl_typesupport_fastrtps_c.so[0m
[ 70%] Built target ros2_rada_msg__rosidl_typesupport_fastrtps_c
[35m[1mScanning dependencies of target ros2_rada_msg[0m
[ 70%] Built target ros2_rada_msg
[35m[1mScanning dependencies of target ros2_rada_msg__py[0m
[ 74%] [34m[1mGenerating Python code for ROS interfaces[0m
[ 74%] Built target ros2_rada_msg__py
[35m[1mScanning dependencies of target ros2_rada_msg__python[0m
[ 77%] [32mBuilding C object CMakeFiles/ros2_rada_msg__python.dir/rosidl_generator_py/ros2_rada_msg/msg/_rada_s.c.o[0m
[ 80%] [32m[1mLinking C shared library rosidl_generator_py/ros2_rada_msg/libros2_rada_msg__python.so[0m
[ 80%] Built target ros2_rada_msg__python
[35m[1mScanning dependencies of target ros2_rada_msg__rosidl_typesupport_fastrtps_c__pyext[0m
[ 83%] [32mBuilding C object CMakeFiles/ros2_rada_msg__rosidl_typesupport_fastrtps_c__pyext.dir/rosidl_generator_py/ros2_rada_msg/_ros2_rada_msg_s.ep.rosidl_typesupport_fastrtps_c.c.o[0m
[ 87%] [32m[1mLinking CXX shared library rosidl_generator_py/ros2_rada_msg/ros2_rada_msg_s__rosidl_typesupport_fastrtps_c.cpython-36m-aarch64-linux-gnu.so[0m
[ 87%] Built target ros2_rada_msg__rosidl_typesupport_fastrtps_c__pyext
[35m[1mScanning dependencies of target ros2_rada_msg__rosidl_typesupport_c__pyext[0m
[ 90%] [32mBuilding C object CMakeFiles/ros2_rada_msg__rosidl_typesupport_c__pyext.dir/rosidl_generator_py/ros2_rada_msg/_ros2_rada_msg_s.ep.rosidl_typesupport_c.c.o[0m
[ 93%] [32m[1mLinking C shared library rosidl_generator_py/ros2_rada_msg/ros2_rada_msg_s__rosidl_typesupport_c.cpython-36m-aarch64-linux-gnu.so[0m
[ 93%] Built target ros2_rada_msg__rosidl_typesupport_c__pyext
[35m[1mScanning dependencies of target ros2_rada_msg__rosidl_typesupport_introspection_c__pyext[0m
[ 96%] [32mBuilding C object CMakeFiles/ros2_rada_msg__rosidl_typesupport_introspection_c__pyext.dir/rosidl_generator_py/ros2_rada_msg/_ros2_rada_msg_s.ep.rosidl_typesupport_introspection_c.c.o[0m
[100%] [32m[1mLinking C shared library rosidl_generator_py/ros2_rada_msg/ros2_rada_msg_s__rosidl_typesupport_introspection_c.cpython-36m-aarch64-linux-gnu.so[0m
[100%] Built target ros2_rada_msg__rosidl_typesupport_introspection_c__pyext
-- Install configuration: ""
-- Installing: /home/nvidia/workspace/alan/src/AMR_ros2_slam_nav2/install/ros2_rada_msg/share/ament_index/resource_index/rosidl_interfaces/ros2_rada_msg
-- Installing: /home/nvidia/workspace/alan/src/AMR_ros2_slam_nav2/install/ros2_rada_msg/include/ros2_rada_msg
-- Installing: /home/nvidia/workspace/alan/src/AMR_ros2_slam_nav2/install/ros2_rada_msg/include/ros2_rada_msg/msg
-- Installing: /home/nvidia/workspace/alan/src/AMR_ros2_slam_nav2/install/ros2_rada_msg/include/ros2_rada_msg/msg/detail
-- Installing: /home/nvidia/workspace/alan/src/AMR_ros2_slam_nav2/install/ros2_rada_msg/include/ros2_rada_msg/msg/detail/rada__functions.h
-- Installing: /home/nvidia/workspace/alan/src/AMR_ros2_slam_nav2/install/ros2_rada_msg/include/ros2_rada_msg/msg/detail/rada__functions.c
-- Installing: /home/nvidia/workspace/alan/src/AMR_ros2_slam_nav2/install/ros2_rada_msg/include/ros2_rada_msg/msg/detail/rada__type_support.h
-- Installing: /home/nvidia/workspace/alan/src/AMR_ros2_slam_nav2/install/ros2_rada_msg/include/ros2_rada_msg/msg/detail/rada__struct.h
-- Installing: /home/nvidia/workspace/alan/src/AMR_ros2_slam_nav2/install/ros2_rada_msg/include/ros2_rada_msg/msg/rosidl_generator_c__visibility_control.h
-- Installing: /home/nvidia/workspace/alan/src/AMR_ros2_slam_nav2/install/ros2_rada_msg/include/ros2_rada_msg/msg/rada.h
-- Installing: /home/nvidia/workspace/alan/src/AMR_ros2_slam_nav2/install/ros2_rada_msg/share/ros2_rada_msg/environment/library_path.sh
-- Installing: /home/nvidia/workspace/alan/src/AMR_ros2_slam_nav2/install/ros2_rada_msg/share/ros2_rada_msg/environment/library_path.dsv
-- Installing: /home/nvidia/workspace/alan/src/AMR_ros2_slam_nav2/install/ros2_rada_msg/lib/libros2_rada_msg__rosidl_generator_c.so
-- Set runtime path of "/home/nvidia/workspace/alan/src/AMR_ros2_slam_nav2/install/ros2_rada_msg/lib/libros2_rada_msg__rosidl_generator_c.so" to ""
-- Up-to-date: /home/nvidia/workspace/alan/src/AMR_ros2_slam_nav2/install/ros2_rada_msg/include/ros2_rada_msg
-- Up-to-date: /home/nvidia/workspace/alan/src/AMR_ros2_slam_nav2/install/ros2_rada_msg/include/ros2_rada_msg/msg
-- Up-to-date: /home/nvidia/workspace/alan/src/AMR_ros2_slam_nav2/install/ros2_rada_msg/include/ros2_rada_msg/msg/detail
-- Installing: /home/nvidia/workspace/alan/src/AMR_ros2_slam_nav2/install/ros2_rada_msg/include/ros2_rada_msg/msg/detail/rada__rosidl_typesupport_fastrtps_c.h
-- Installing: /home/nvidia/workspace/alan/src/AMR_ros2_slam_nav2/install/ros2_rada_msg/include/ros2_rada_msg/msg/rosidl_typesupport_fastrtps_c__visibility_control.h
-- Installing: /home/nvidia/workspace/alan/src/AMR_ros2_slam_nav2/install/ros2_rada_msg/lib/libros2_rada_msg__rosidl_typesupport_fastrtps_c.so
-- Set runtime path of "/home/nvidia/workspace/alan/src/AMR_ros2_slam_nav2/install/ros2_rada_msg/lib/libros2_rada_msg__rosidl_typesupport_fastrtps_c.so" to ""
-- Up-to-date: /home/nvidia/workspace/alan/src/AMR_ros2_slam_nav2/install/ros2_rada_msg/include/ros2_rada_msg
-- Up-to-date: /home/nvidia/workspace/alan/src/AMR_ros2_slam_nav2/install/ros2_rada_msg/include/ros2_rada_msg/msg
-- Up-to-date: /home/nvidia/workspace/alan/src/AMR_ros2_slam_nav2/install/ros2_rada_msg/include/ros2_rada_msg/msg/detail
-- Installing: /home/nvidia/workspace/alan/src/AMR_ros2_slam_nav2/install/ros2_rada_msg/include/ros2_rada_msg/msg/detail/rada__rosidl_typesupport_fastrtps_cpp.hpp
-- Installing: /home/nvidia/workspace/alan/src/AMR_ros2_slam_nav2/install/ros2_rada_msg/include/ros2_rada_msg/msg/detail/dds_fastrtps
-- Installing: /home/nvidia/workspace/alan/src/AMR_ros2_slam_nav2/install/ros2_rada_msg/include/ros2_rada_msg/msg/rosidl_typesupport_fastrtps_cpp__visibility_control.h
-- Installing: /home/nvidia/workspace/alan/src/AMR_ros2_slam_nav2/install/ros2_rada_msg/lib/libros2_rada_msg__rosidl_typesupport_fastrtps_cpp.so
-- Set runtime path of "/home/nvidia/workspace/alan/src/AMR_ros2_slam_nav2/install/ros2_rada_msg/lib/libros2_rada_msg__rosidl_typesupport_fastrtps_cpp.so" to ""
-- Up-to-date: /home/nvidia/workspace/alan/src/AMR_ros2_slam_nav2/install/ros2_rada_msg/include/ros2_rada_msg
-- Up-to-date: /home/nvidia/workspace/alan/src/AMR_ros2_slam_nav2/install/ros2_rada_msg/include/ros2_rada_msg/msg
-- Up-to-date: /home/nvidia/workspace/alan/src/AMR_ros2_slam_nav2/install/ros2_rada_msg/include/ros2_rada_msg/msg/detail
-- Installing: /home/nvidia/workspace/alan/src/AMR_ros2_slam_nav2/install/ros2_rada_msg/include/ros2_rada_msg/msg/detail/rada__rosidl_typesupport_introspection_c.h
-- Installing: /home/nvidia/workspace/alan/src/AMR_ros2_slam_nav2/install/ros2_rada_msg/include/ros2_rada_msg/msg/detail/rada__type_support.c
-- Installing: /home/nvidia/workspace/alan/src/AMR_ros2_slam_nav2/install/ros2_rada_msg/include/ros2_rada_msg/msg/rosidl_typesupport_introspection_c__visibility_control.h
-- Installing: /home/nvidia/workspace/alan/src/AMR_ros2_slam_nav2/install/ros2_rada_msg/lib/libros2_rada_msg__rosidl_typesupport_introspection_c.so
-- Set runtime path of "/home/nvidia/workspace/alan/src/AMR_ros2_slam_nav2/install/ros2_rada_msg/lib/libros2_rada_msg__rosidl_typesupport_introspection_c.so" to ""
-- Installing: /home/nvidia/workspace/alan/src/AMR_ros2_slam_nav2/install/ros2_rada_msg/lib/libros2_rada_msg__rosidl_typesupport_c.so
-- Set runtime path of "/home/nvidia/workspace/alan/src/AMR_ros2_slam_nav2/install/ros2_rada_msg/lib/libros2_rada_msg__rosidl_typesupport_c.so" to ""
-- Up-to-date: /home/nvidia/workspace/alan/src/AMR_ros2_slam_nav2/install/ros2_rada_msg/include/ros2_rada_msg
-- Up-to-date: /home/nvidia/workspace/alan/src/AMR_ros2_slam_nav2/install/ros2_rada_msg/include/ros2_rada_msg/msg
-- Up-to-date: /home/nvidia/workspace/alan/src/AMR_ros2_slam_nav2/install/ros2_rada_msg/include/ros2_rada_msg/msg/detail
-- Installing: /home/nvidia/workspace/alan/src/AMR_ros2_slam_nav2/install/ros2_rada_msg/include/ros2_rada_msg/msg/detail/rada__traits.hpp
-- Installing: /home/nvidia/workspace/alan/src/AMR_ros2_slam_nav2/install/ros2_rada_msg/include/ros2_rada_msg/msg/detail/rada__struct.hpp
-- Installing: /home/nvidia/workspace/alan/src/AMR_ros2_slam_nav2/install/ros2_rada_msg/include/ros2_rada_msg/msg/detail/rada__builder.hpp
-- Installing: /home/nvidia/workspace/alan/src/AMR_ros2_slam_nav2/install/ros2_rada_msg/include/ros2_rada_msg/msg/rada.hpp
-- Up-to-date: /home/nvidia/workspace/alan/src/AMR_ros2_slam_nav2/install/ros2_rada_msg/include/ros2_rada_msg
-- Up-to-date: /home/nvidia/workspace/alan/src/AMR_ros2_slam_nav2/install/ros2_rada_msg/include/ros2_rada_msg/msg
-- Up-to-date: /home/nvidia/workspace/alan/src/AMR_ros2_slam_nav2/install/ros2_rada_msg/include/ros2_rada_msg/msg/detail
-- Installing: /home/nvidia/workspace/alan/src/AMR_ros2_slam_nav2/install/ros2_rada_msg/include/ros2_rada_msg/msg/detail/rada__rosidl_typesupport_introspection_cpp.hpp
-- Installing: /home/nvidia/workspace/alan/src/AMR_ros2_slam_nav2/install/ros2_rada_msg/include/ros2_rada_msg/msg/detail/rada__type_support.cpp
-- Installing: /home/nvidia/workspace/alan/src/AMR_ros2_slam_nav2/install/ros2_rada_msg/lib/libros2_rada_msg__rosidl_typesupport_introspection_cpp.so
-- Set runtime path of "/home/nvidia/workspace/alan/src/AMR_ros2_slam_nav2/install/ros2_rada_msg/lib/libros2_rada_msg__rosidl_typesupport_introspection_cpp.so" to ""
-- Installing: /home/nvidia/workspace/alan/src/AMR_ros2_slam_nav2/install/ros2_rada_msg/lib/libros2_rada_msg__rosidl_typesupport_cpp.so
-- Set runtime path of "/home/nvidia/workspace/alan/src/AMR_ros2_slam_nav2/install/ros2_rada_msg/lib/libros2_rada_msg__rosidl_typesupport_cpp.so" to ""
-- Installing: /home/nvidia/workspace/alan/src/AMR_ros2_slam_nav2/install/ros2_rada_msg/share/ros2_rada_msg/environment/pythonpath.sh
-- Installing: /home/nvidia/workspace/alan/src/AMR_ros2_slam_nav2/install/ros2_rada_msg/share/ros2_rada_msg/environment/pythonpath.dsv
-- Installing: /home/nvidia/workspace/alan/src/AMR_ros2_slam_nav2/install/ros2_rada_msg/lib/python3.6/site-packages/ros2_rada_msg/__init__.py
Compiling '/home/nvidia/workspace/alan/src/AMR_ros2_slam_nav2/install/ros2_rada_msg/lib/python3.6/site-packages/ros2_rada_msg/__init__.py'...
-- Installing: /home/nvidia/workspace/alan/src/AMR_ros2_slam_nav2/install/ros2_rada_msg/lib/python3.6/site-packages/ros2_rada_msg/msg
-- Installing: /home/nvidia/workspace/alan/src/AMR_ros2_slam_nav2/install/ros2_rada_msg/lib/python3.6/site-packages/ros2_rada_msg/msg/__init__.py
-- Installing: /home/nvidia/workspace/alan/src/AMR_ros2_slam_nav2/install/ros2_rada_msg/lib/python3.6/site-packages/ros2_rada_msg/msg/_rada.py
-- Installing: /home/nvidia/workspace/alan/src/AMR_ros2_slam_nav2/install/ros2_rada_msg/lib/python3.6/site-packages/ros2_rada_msg/msg/_rada_s.c
-- Installing: /home/nvidia/workspace/alan/src/AMR_ros2_slam_nav2/install/ros2_rada_msg/lib/python3.6/site-packages/ros2_rada_msg/ros2_rada_msg_s__rosidl_typesupport_fastrtps_c.cpython-36m-aarch64-linux-gnu.so
-- Set runtime path of "/home/nvidia/workspace/alan/src/AMR_ros2_slam_nav2/install/ros2_rada_msg/lib/python3.6/site-packages/ros2_rada_msg/ros2_rada_msg_s__rosidl_typesupport_fastrtps_c.cpython-36m-aarch64-linux-gnu.so" to ""
-- Installing: /home/nvidia/workspace/alan/src/AMR_ros2_slam_nav2/install/ros2_rada_msg/lib/python3.6/site-packages/ros2_rada_msg/ros2_rada_msg_s__rosidl_typesupport_introspection_c.cpython-36m-aarch64-linux-gnu.so
-- Set runtime path of "/home/nvidia/workspace/alan/src/AMR_ros2_slam_nav2/install/ros2_rada_msg/lib/python3.6/site-packages/ros2_rada_msg/ros2_rada_msg_s__rosidl_typesupport_introspection_c.cpython-36m-aarch64-linux-gnu.so" to ""
-- Installing: /home/nvidia/workspace/alan/src/AMR_ros2_slam_nav2/install/ros2_rada_msg/lib/python3.6/site-packages/ros2_rada_msg/ros2_rada_msg_s__rosidl_typesupport_c.cpython-36m-aarch64-linux-gnu.so
-- Set runtime path of "/home/nvidia/workspace/alan/src/AMR_ros2_slam_nav2/install/ros2_rada_msg/lib/python3.6/site-packages/ros2_rada_msg/ros2_rada_msg_s__rosidl_typesupport_c.cpython-36m-aarch64-linux-gnu.so" to ""
-- Installing: /home/nvidia/workspace/alan/src/AMR_ros2_slam_nav2/install/ros2_rada_msg/lib/libros2_rada_msg__python.so
-- Set runtime path of "/home/nvidia/workspace/alan/src/AMR_ros2_slam_nav2/install/ros2_rada_msg/lib/libros2_rada_msg__python.so" to ""
-- Installing: /home/nvidia/workspace/alan/src/AMR_ros2_slam_nav2/install/ros2_rada_msg/share/ros2_rada_msg/msg/Rada.idl
-- Installing: /home/nvidia/workspace/alan/src/AMR_ros2_slam_nav2/install/ros2_rada_msg/share/ros2_rada_msg/msg/Rada.msg
-- Installing: /home/nvidia/workspace/alan/src/AMR_ros2_slam_nav2/install/ros2_rada_msg/share/ament_index/resource_index/package_run_dependencies/ros2_rada_msg
-- Installing: /home/nvidia/workspace/alan/src/AMR_ros2_slam_nav2/install/ros2_rada_msg/share/ament_index/resource_index/parent_prefix_path/ros2_rada_msg
-- Installing: /home/nvidia/workspace/alan/src/AMR_ros2_slam_nav2/install/ros2_rada_msg/share/ros2_rada_msg/environment/ament_prefix_path.sh
-- Installing: /home/nvidia/workspace/alan/src/AMR_ros2_slam_nav2/install/ros2_rada_msg/share/ros2_rada_msg/environment/ament_prefix_path.dsv
-- Installing: /home/nvidia/workspace/alan/src/AMR_ros2_slam_nav2/install/ros2_rada_msg/share/ros2_rada_msg/environment/path.sh
-- Installing: /home/nvidia/workspace/alan/src/AMR_ros2_slam_nav2/install/ros2_rada_msg/share/ros2_rada_msg/environment/path.dsv
-- Installing: /home/nvidia/workspace/alan/src/AMR_ros2_slam_nav2/install/ros2_rada_msg/share/ros2_rada_msg/local_setup.bash
-- Installing: /home/nvidia/workspace/alan/src/AMR_ros2_slam_nav2/install/ros2_rada_msg/share/ros2_rada_msg/local_setup.sh
-- Installing: /home/nvidia/workspace/alan/src/AMR_ros2_slam_nav2/install/ros2_rada_msg/share/ros2_rada_msg/local_setup.zsh
-- Installing: /home/nvidia/workspace/alan/src/AMR_ros2_slam_nav2/install/ros2_rada_msg/share/ros2_rada_msg/local_setup.dsv
-- Installing: /home/nvidia/workspace/alan/src/AMR_ros2_slam_nav2/install/ros2_rada_msg/share/ros2_rada_msg/package.dsv
-- Installing: /home/nvidia/workspace/alan/src/AMR_ros2_slam_nav2/install/ros2_rada_msg/share/ament_index/resource_index/packages/ros2_rada_msg
-- Installing: /home/nvidia/workspace/alan/src/AMR_ros2_slam_nav2/install/ros2_rada_msg/share/ros2_rada_msg/cmake/ros2_rada_msg__rosidl_generator_cExport.cmake
-- Installing: /home/nvidia/workspace/alan/src/AMR_ros2_slam_nav2/install/ros2_rada_msg/share/ros2_rada_msg/cmake/ros2_rada_msg__rosidl_generator_cExport-noconfig.cmake
-- Installing: /home/nvidia/workspace/alan/src/AMR_ros2_slam_nav2/install/ros2_rada_msg/share/ros2_rada_msg/cmake/ros2_rada_msg__rosidl_typesupport_introspection_cExport.cmake
-- Installing: /home/nvidia/workspace/alan/src/AMR_ros2_slam_nav2/install/ros2_rada_msg/share/ros2_rada_msg/cmake/ros2_rada_msg__rosidl_typesupport_introspection_cExport-noconfig.cmake
-- Installing: /home/nvidia/workspace/alan/src/AMR_ros2_slam_nav2/install/ros2_rada_msg/share/ros2_rada_msg/cmake/ros2_rada_msg__rosidl_typesupport_cExport.cmake
-- Installing: /home/nvidia/workspace/alan/src/AMR_ros2_slam_nav2/install/ros2_rada_msg/share/ros2_rada_msg/cmake/ros2_rada_msg__rosidl_typesupport_cExport-noconfig.cmake
-- Installing: /home/nvidia/workspace/alan/src/AMR_ros2_slam_nav2/install/ros2_rada_msg/share/ros2_rada_msg/cmake/ros2_rada_msg__rosidl_generator_cppExport.cmake
-- Installing: /home/nvidia/workspace/alan/src/AMR_ros2_slam_nav2/install/ros2_rada_msg/share/ros2_rada_msg/cmake/ros2_rada_msg__rosidl_typesupport_introspection_cppExport.cmake
-- Installing: /home/nvidia/workspace/alan/src/AMR_ros2_slam_nav2/install/ros2_rada_msg/share/ros2_rada_msg/cmake/ros2_rada_msg__rosidl_typesupport_introspection_cppExport-noconfig.cmake
-- Installing: /home/nvidia/workspace/alan/src/AMR_ros2_slam_nav2/install/ros2_rada_msg/share/ros2_rada_msg/cmake/ros2_rada_msg__rosidl_typesupport_cppExport.cmake
-- Installing: /home/nvidia/workspace/alan/src/AMR_ros2_slam_nav2/install/ros2_rada_msg/share/ros2_rada_msg/cmake/ros2_rada_msg__rosidl_typesupport_cppExport-noconfig.cmake
-- Installing: /home/nvidia/workspace/alan/src/AMR_ros2_slam_nav2/install/ros2_rada_msg/share/ros2_rada_msg/cmake/rosidl_cmake-extras.cmake
-- Installing: /home/nvidia/workspace/alan/src/AMR_ros2_slam_nav2/install/ros2_rada_msg/share/ros2_rada_msg/cmake/ament_cmake_export_dependencies-extras.cmake
-- Installing: /home/nvidia/workspace/alan/src/AMR_ros2_slam_nav2/install/ros2_rada_msg/share/ros2_rada_msg/cmake/ament_cmake_export_libraries-extras.cmake
-- Installing: /home/nvidia/workspace/alan/src/AMR_ros2_slam_nav2/install/ros2_rada_msg/share/ros2_rada_msg/cmake/ament_cmake_export_targets-extras.cmake
-- Installing: /home/nvidia/workspace/alan/src/AMR_ros2_slam_nav2/install/ros2_rada_msg/share/ros2_rada_msg/cmake/ament_cmake_export_include_directories-extras.cmake
-- Installing: /home/nvidia/workspace/alan/src/AMR_ros2_slam_nav2/install/ros2_rada_msg/share/ros2_rada_msg/cmake/rosidl_cmake_export_typesupport_libraries-extras.cmake
-- Installing: /home/nvidia/workspace/alan/src/AMR_ros2_slam_nav2/install/ros2_rada_msg/share/ros2_rada_msg/cmake/rosidl_cmake_export_typesupport_targets-extras.cmake
-- Installing: /home/nvidia/workspace/alan/src/AMR_ros2_slam_nav2/install/ros2_rada_msg/share/ros2_rada_msg/cmake/ros2_rada_msgConfig.cmake
-- Installing: /home/nvidia/workspace/alan/src/AMR_ros2_slam_nav2/install/ros2_rada_msg/share/ros2_rada_msg/cmake/ros2_rada_msgConfig-version.cmake
-- Installing: /home/nvidia/workspace/alan/src/AMR_ros2_slam_nav2/install/ros2_rada_msg/share/ros2_rada_msg/package.xml
