[0.078s] Invoking command in '/home/nvidia/workspace/alan/src/AMR_ros2_slam_nav2/build/rslidar_sdk': AMENT_PREFIX_PATH=/home/nvidia/workspace/alan/src/AMR_ros2_slam_nav2/install/pcl_conversions:/home/nvidia/workspace/alan/src/AMR_ros2_slam_nav2/install/rslidar_msg:/home/nvidia/workspace/alan/src/AMR_ros2_slam_nav2/install/pcl_msgs:${AMENT_PREFIX_PATH} CMAKE_PREFIX_PATH=/home/nvidia/workspace/alan/src/AMR_ros2_slam_nav2/install/pcl_conversions:/home/nvidia/workspace/alan/src/AMR_ros2_slam_nav2/install/rslidar_msg:/home/nvidia/workspace/alan/src/AMR_ros2_slam_nav2/install/pcl_msgs:${CMAKE_PREFIX_PATH} LD_LIBRARY_PATH=/home/nvidia/workspace/alan/src/AMR_ros2_slam_nav2/install/rslidar_msg/lib:/home/nvidia/workspace/alan/src/AMR_ros2_slam_nav2/install/pcl_msgs/lib:/home/workspace/ros2/install/opt/yaml_cpp_vendor/lib:/home/workspace/ros2/install/opt/rviz_ogre_vendor/lib:/home/workspace/ros2/install/lib:/usr/local/cuda-10.2/lib64 PYTHONPATH=/home/nvidia/workspace/alan/src/AMR_ros2_slam_nav2/install/rslidar_msg/lib/python3.6/site-packages:/home/nvidia/workspace/alan/src/AMR_ros2_slam_nav2/install/pcl_msgs/lib/python3.6/site-packages:/home/workspace/ros2/install/lib/python3.6/site-packages:/usr/local/lib:/usr/local/cuda/bin /usr/local/bin/cmake /home/nvidia/workspace/alan/src/AMR_ros2_slam_nav2/ROS2_driver_lidar_laserscan/rslidar_sdk-feat_laserscan -DCMAKE_INSTALL_PREFIX=/home/nvidia/workspace/alan/src/AMR_ros2_slam_nav2/install/rslidar_sdk
[0.417s] -- The C compiler identification is GNU 7.5.0
[0.712s] -- The CXX compiler identification is GNU 7.5.0
[0.778s] -- Check for working C compiler: /usr/bin/cc
[1.003s] -- Check for working C compiler: /usr/bin/cc -- works
[1.024s] -- Detecting C compiler ABI info
[1.283s] -- Detecting C compiler ABI info - done
[1.501s] -- Detecting C compile features
[1.507s] -- Detecting C compile features - done
[1.542s] -- Check for working CXX compiler: /usr/bin/c++
[1.787s] -- Check for working CXX compiler: /usr/bin/c++ -- works
[1.802s] -- Detecting CXX compiler ABI info
[2.073s] -- Detecting CXX compiler ABI info - done
[2.355s] -- Detecting CXX compile features
[2.362s] -- Detecting CXX compile features - done
[2.397s] =============================================================
[2.398s] -- ROS Not Found, Ros Support is turned Off!
[2.399s] =============================================================
[2.531s] -- Found PythonInterp: /usr/bin/python3 (found suitable version "3.6.9", minimum required is "3") 
[2.532s] -- Using PYTHON_EXECUTABLE: /usr/bin/python3
[4.282s] -- Using all available rosidl_typesupport_c: rosidl_typesupport_fastrtps_c;rosidl_typesupport_introspection_c
[4.353s] -- Found rosidl_adapter: 1.2.1 (/home/workspace/ros2/install/share/rosidl_adapter/cmake)
[4.725s] -- Found OpenSSL: /usr/lib/aarch64-linux-gnu/libcrypto.so (found version "1.1.1")  
[4.868s] -- Found FastRTPS: /home/workspace/ros2/install/include  
[5.617s] -- Using all available rosidl_typesupport_cpp: rosidl_typesupport_fastrtps_cpp;rosidl_typesupport_introspection_cpp
[6.370s] -- Found rmw_implementation_cmake: 1.0.3 (/home/workspace/ros2/install/share/rmw_implementation_cmake/cmake)
[6.392s] -- Using RMW implementation 'rmw_fastrtps_cpp' as default
[6.400s] -- Looking for pthread.h
[6.631s] -- Looking for pthread.h - found
[6.635s] -- Performing Test CMAKE_HAVE_LIBC_PTHREAD
[6.878s] -- Performing Test CMAKE_HAVE_LIBC_PTHREAD - Failed
[6.882s] -- Looking for pthread_create in pthreads
[7.095s] -- Looking for pthread_create in pthreads - not found
[7.101s] -- Looking for pthread_create in pthread
[7.317s] -- Looking for pthread_create in pthread - found
[7.332s] -- Found Threads: TRUE  
[9.403s] -- ROS2 Found!
[9.413s] -- Found sensor_msgs: 2.0.4 (/home/workspace/ros2/install/share/sensor_msgs/cmake)
[10.844s] -- Found rslidar_msg: 0.0.0 (/home/nvidia/workspace/alan/src/AMR_ros2_slam_nav2/install/rslidar_msg/share/rslidar_msg/cmake)
[11.292s] =============================================================
[11.293s] -- ROS2 Found, Ros2 Support is turned On!
[11.293s] =============================================================
[11.391s] =============================================================
[11.392s] -- Protobuf Found, Protobuf Support is turned On!
[11.392s] =============================================================
[11.393s] -- COMPILING /home/nvidia/workspace/alan/src/AMR_ros2_slam_nav2/ROS2_driver_lidar_laserscan/rslidar_sdk-feat_laserscan/src/msg/proto_msg/packet.proto USING /usr/bin/protoc
[11.406s] -- COMPILING /home/nvidia/workspace/alan/src/AMR_ros2_slam_nav2/ROS2_driver_lidar_laserscan/rslidar_sdk-feat_laserscan/src/msg/proto_msg/point_cloud.proto USING /usr/bin/protoc
[11.432s] -- COMPILING /home/nvidia/workspace/alan/src/AMR_ros2_slam_nav2/ROS2_driver_lidar_laserscan/rslidar_sdk-feat_laserscan/src/msg/proto_msg/scan.proto USING /usr/bin/protoc
[11.584s] -- Checking for module 'eigen3'
[11.674s] --   Found eigen3, version 3.3.4
[11.832s] -- Found Eigen: /usr/include/eigen3  
[11.834s] -- Eigen found (include: /usr/include/eigen3, version: 3.3.4)
[12.608s] -- Checking for module 'flann'
[12.708s] --   Found flann, version 1.9.1
[12.862s] -- FLANN found (include: , lib: flann;flann_cpp)
[12.904s] -- FLANN found (include: , lib: flann;flann_cpp)
[13.702s] -- The imported target "vtkRenderingPythonTkWidgets" references the file
[13.703s]    "/usr/lib/aarch64-linux-gnu/libvtkRenderingPythonTkWidgets.so"
[13.703s] but this file does not exist.  Possible reasons include:
[13.703s] * The file was deleted, renamed, or moved to another location.
[13.704s] * An install or uninstall procedure did not complete successfully.
[13.704s] * The installation package was faulty and contained
[13.705s]    "/usr/lib/cmake/vtk-6.3/VTKTargets.cmake"
[13.705s] but not all the files it references.
[13.705s] 
[13.710s] -- The imported target "vtk" references the file
[13.710s]    "/usr/bin/vtk"
[13.711s] but this file does not exist.  Possible reasons include:
[13.711s] * The file was deleted, renamed, or moved to another location.
[13.711s] * An install or uninstall procedure did not complete successfully.
[13.712s] * The installation package was faulty and contained
[13.713s]    "/usr/lib/cmake/vtk-6.3/VTKTargets.cmake"
[13.714s] but not all the files it references.
[13.714s] 
[14.358s] -- Checking for module 'libusb-1.0'
[14.455s] --   Found libusb-1.0, version 1.0.21
[14.632s] -- Found USB_10: /usr/lib/aarch64-linux-gnu/libusb-1.0.so  
[14.913s] -- OpenNI found (include: /usr/include/ni, lib: /usr/lib/libOpenNI.so)
[15.247s] -- OpenNI2 found (include: /usr/include/openni2, lib: /usr/lib/libOpenNI2.so)
[15.689s] -- Found libusb-1.0: /usr/include  
[15.746s] -- OpenNI found (include: /usr/include/ni, lib: /usr/lib/libOpenNI.so)
[15.802s] -- OpenNI2 found (include: /usr/include/openni2, lib: /usr/lib/libOpenNI2.so)
[16.206s] -- Found Qhull: optimized;/usr/lib/aarch64-linux-gnu/libqhull.so;debug;/usr/lib/aarch64-linux-gnu/libqhull.so  
[16.207s] -- QHULL found (include: /usr/include, lib: optimized;/usr/lib/aarch64-linux-gnu/libqhull.so;debug;/usr/lib/aarch64-linux-gnu/libqhull.so)
[16.215s] -- Found PCL_COMMON: /usr/local/lib/libpcl_common.so  
[16.225s] -- Found PCL_KDTREE: /usr/local/lib/libpcl_kdtree.so  
[16.234s] -- Found PCL_OCTREE: /usr/local/lib/libpcl_octree.so  
[16.243s] -- Found PCL_SEARCH: /usr/local/lib/libpcl_search.so  
[16.252s] -- Found PCL_SAMPLE_CONSENSUS: /usr/local/lib/libpcl_sample_consensus.so  
[16.262s] -- Found PCL_FILTERS: /usr/local/lib/libpcl_filters.so  
[16.270s] -- Found PCL_2D: /usr/local/include/pcl-1.9  
[16.278s] -- Found PCL_GEOMETRY: /usr/local/include/pcl-1.9  
[16.287s] -- Found PCL_IO: /usr/local/lib/libpcl_io.so  
[16.299s] -- Found PCL_FEATURES: /usr/local/lib/libpcl_features.so  
[16.312s] -- Found PCL_ML: /usr/local/lib/libpcl_ml.so  
[16.321s] -- Found PCL_SEGMENTATION: /usr/local/lib/libpcl_segmentation.so  
[16.334s] -- Found PCL_VISUALIZATION: /usr/local/lib/libpcl_visualization.so  
[16.347s] -- Found PCL_SURFACE: /usr/local/lib/libpcl_surface.so  
[16.360s] -- Found PCL_REGISTRATION: /usr/local/lib/libpcl_registration.so  
[16.372s] -- Found PCL_KEYPOINTS: /usr/local/lib/libpcl_keypoints.so  
[16.385s] -- Found PCL_TRACKING: /usr/local/lib/libpcl_tracking.so  
[16.396s] -- Found PCL_RECOGNITION: /usr/local/lib/libpcl_recognition.so  
[16.411s] -- Found PCL_STEREO: /usr/local/lib/libpcl_stereo.so  
[16.421s] -- Found PCL_OUTOFCORE: /usr/local/lib/libpcl_outofcore.so  
[16.434s] -- Found PCL_PEOPLE: /usr/local/lib/libpcl_people.so  
[18.361s] =============================================================
[18.363s] -- Cmake run for UNIX GNU Compiler
[18.364s] =============================================================
[18.469s] -- Found Boost: /usr/include (found version "1.65.1") found components: system date_time regex 
[18.482s] =============================================================
[18.484s] -- rs_driver Version : v1.3.0
[18.485s] =============================================================
[18.488s] =============================================================
[18.489s] -- POINT_TYPE is XYZI
[18.489s] =============================================================
[19.136s] -- Configuring done
[19.499s] -- Generating done
[19.515s] -- Build files have been written to: /home/nvidia/workspace/alan/src/AMR_ros2_slam_nav2/build/rslidar_sdk
[19.584s] Invoked command in '/home/nvidia/workspace/alan/src/AMR_ros2_slam_nav2/build/rslidar_sdk' returned '0': AMENT_PREFIX_PATH=/home/nvidia/workspace/alan/src/AMR_ros2_slam_nav2/install/pcl_conversions:/home/nvidia/workspace/alan/src/AMR_ros2_slam_nav2/install/rslidar_msg:/home/nvidia/workspace/alan/src/AMR_ros2_slam_nav2/install/pcl_msgs:${AMENT_PREFIX_PATH} CMAKE_PREFIX_PATH=/home/nvidia/workspace/alan/src/AMR_ros2_slam_nav2/install/pcl_conversions:/home/nvidia/workspace/alan/src/AMR_ros2_slam_nav2/install/rslidar_msg:/home/nvidia/workspace/alan/src/AMR_ros2_slam_nav2/install/pcl_msgs:${CMAKE_PREFIX_PATH} LD_LIBRARY_PATH=/home/nvidia/workspace/alan/src/AMR_ros2_slam_nav2/install/rslidar_msg/lib:/home/nvidia/workspace/alan/src/AMR_ros2_slam_nav2/install/pcl_msgs/lib:/home/workspace/ros2/install/opt/yaml_cpp_vendor/lib:/home/workspace/ros2/install/opt/rviz_ogre_vendor/lib:/home/workspace/ros2/install/lib:/usr/local/cuda-10.2/lib64 PYTHONPATH=/home/nvidia/workspace/alan/src/AMR_ros2_slam_nav2/install/rslidar_msg/lib/python3.6/site-packages:/home/nvidia/workspace/alan/src/AMR_ros2_slam_nav2/install/pcl_msgs/lib/python3.6/site-packages:/home/workspace/ros2/install/lib/python3.6/site-packages:/usr/local/lib:/usr/local/cuda/bin /usr/local/bin/cmake /home/nvidia/workspace/alan/src/AMR_ros2_slam_nav2/ROS2_driver_lidar_laserscan/rslidar_sdk-feat_laserscan -DCMAKE_INSTALL_PREFIX=/home/nvidia/workspace/alan/src/AMR_ros2_slam_nav2/install/rslidar_sdk
[19.586s] Invoking command in '/home/nvidia/workspace/alan/src/AMR_ros2_slam_nav2/build/rslidar_sdk': AMENT_PREFIX_PATH=/home/nvidia/workspace/alan/src/AMR_ros2_slam_nav2/install/pcl_conversions:/home/nvidia/workspace/alan/src/AMR_ros2_slam_nav2/install/rslidar_msg:/home/nvidia/workspace/alan/src/AMR_ros2_slam_nav2/install/pcl_msgs:${AMENT_PREFIX_PATH} CMAKE_PREFIX_PATH=/home/nvidia/workspace/alan/src/AMR_ros2_slam_nav2/install/pcl_conversions:/home/nvidia/workspace/alan/src/AMR_ros2_slam_nav2/install/rslidar_msg:/home/nvidia/workspace/alan/src/AMR_ros2_slam_nav2/install/pcl_msgs:${CMAKE_PREFIX_PATH} LD_LIBRARY_PATH=/home/nvidia/workspace/alan/src/AMR_ros2_slam_nav2/install/rslidar_msg/lib:/home/nvidia/workspace/alan/src/AMR_ros2_slam_nav2/install/pcl_msgs/lib:/home/workspace/ros2/install/opt/yaml_cpp_vendor/lib:/home/workspace/ros2/install/opt/rviz_ogre_vendor/lib:/home/workspace/ros2/install/lib:/usr/local/cuda-10.2/lib64 PYTHONPATH=/home/nvidia/workspace/alan/src/AMR_ros2_slam_nav2/install/rslidar_msg/lib/python3.6/site-packages:/home/nvidia/workspace/alan/src/AMR_ros2_slam_nav2/install/pcl_msgs/lib/python3.6/site-packages:/home/workspace/ros2/install/lib/python3.6/site-packages:/usr/local/lib:/usr/local/cuda/bin /usr/local/bin/cmake --build /home/nvidia/workspace/alan/src/AMR_ros2_slam_nav2/build/rslidar_sdk -- -j8 -l8
[19.749s] [35m[1mScanning dependencies of target rslidar_sdk_node[0m
[20.474s] [ 16%] [32mBuilding CXX object CMakeFiles/rslidar_sdk_node.dir/node/rslidar_sdk_node.cpp.o[0m
[127.460s] [ 33%] [32mBuilding CXX object CMakeFiles/rslidar_sdk_node.dir/src/msg/proto_msg/point_cloud.pb.cc.o[0m
[130.484s] [ 50%] [32mBuilding CXX object CMakeFiles/rslidar_sdk_node.dir/src/msg/proto_msg/scan.pb.cc.o[0m
[133.276s] [ 66%] [32mBuilding CXX object CMakeFiles/rslidar_sdk_node.dir/src/msg/proto_msg/packet.pb.cc.o[0m
[135.884s] [ 83%] [32mBuilding CXX object CMakeFiles/rslidar_sdk_node.dir/src/manager/adapter_manager.cpp.o[0m
[248.417s] [100%] [32m[1mLinking CXX executable rslidar_sdk_node[0m
[254.746s] [100%] Built target rslidar_sdk_node
[254.767s] Invoked command in '/home/nvidia/workspace/alan/src/AMR_ros2_slam_nav2/build/rslidar_sdk' returned '0': AMENT_PREFIX_PATH=/home/nvidia/workspace/alan/src/AMR_ros2_slam_nav2/install/pcl_conversions:/home/nvidia/workspace/alan/src/AMR_ros2_slam_nav2/install/rslidar_msg:/home/nvidia/workspace/alan/src/AMR_ros2_slam_nav2/install/pcl_msgs:${AMENT_PREFIX_PATH} CMAKE_PREFIX_PATH=/home/nvidia/workspace/alan/src/AMR_ros2_slam_nav2/install/pcl_conversions:/home/nvidia/workspace/alan/src/AMR_ros2_slam_nav2/install/rslidar_msg:/home/nvidia/workspace/alan/src/AMR_ros2_slam_nav2/install/pcl_msgs:${CMAKE_PREFIX_PATH} LD_LIBRARY_PATH=/home/nvidia/workspace/alan/src/AMR_ros2_slam_nav2/install/rslidar_msg/lib:/home/nvidia/workspace/alan/src/AMR_ros2_slam_nav2/install/pcl_msgs/lib:/home/workspace/ros2/install/opt/yaml_cpp_vendor/lib:/home/workspace/ros2/install/opt/rviz_ogre_vendor/lib:/home/workspace/ros2/install/lib:/usr/local/cuda-10.2/lib64 PYTHONPATH=/home/nvidia/workspace/alan/src/AMR_ros2_slam_nav2/install/rslidar_msg/lib/python3.6/site-packages:/home/nvidia/workspace/alan/src/AMR_ros2_slam_nav2/install/pcl_msgs/lib/python3.6/site-packages:/home/workspace/ros2/install/lib/python3.6/site-packages:/usr/local/lib:/usr/local/cuda/bin /usr/local/bin/cmake --build /home/nvidia/workspace/alan/src/AMR_ros2_slam_nav2/build/rslidar_sdk -- -j8 -l8
[254.900s] Invoking command in '/home/nvidia/workspace/alan/src/AMR_ros2_slam_nav2/build/rslidar_sdk': AMENT_PREFIX_PATH=/home/nvidia/workspace/alan/src/AMR_ros2_slam_nav2/install/pcl_conversions:/home/nvidia/workspace/alan/src/AMR_ros2_slam_nav2/install/rslidar_msg:/home/nvidia/workspace/alan/src/AMR_ros2_slam_nav2/install/pcl_msgs:${AMENT_PREFIX_PATH} CMAKE_PREFIX_PATH=/home/nvidia/workspace/alan/src/AMR_ros2_slam_nav2/install/pcl_conversions:/home/nvidia/workspace/alan/src/AMR_ros2_slam_nav2/install/rslidar_msg:/home/nvidia/workspace/alan/src/AMR_ros2_slam_nav2/install/pcl_msgs:${CMAKE_PREFIX_PATH} LD_LIBRARY_PATH=/home/nvidia/workspace/alan/src/AMR_ros2_slam_nav2/install/rslidar_msg/lib:/home/nvidia/workspace/alan/src/AMR_ros2_slam_nav2/install/pcl_msgs/lib:/home/workspace/ros2/install/opt/yaml_cpp_vendor/lib:/home/workspace/ros2/install/opt/rviz_ogre_vendor/lib:/home/workspace/ros2/install/lib:/usr/local/cuda-10.2/lib64 PYTHONPATH=/home/nvidia/workspace/alan/src/AMR_ros2_slam_nav2/install/rslidar_msg/lib/python3.6/site-packages:/home/nvidia/workspace/alan/src/AMR_ros2_slam_nav2/install/pcl_msgs/lib/python3.6/site-packages:/home/workspace/ros2/install/lib/python3.6/site-packages:/usr/local/lib:/usr/local/cuda/bin /usr/local/bin/cmake --install /home/nvidia/workspace/alan/src/AMR_ros2_slam_nav2/build/rslidar_sdk
[254.936s] -- Install configuration: "RELEASE"
[254.940s] -- Installing: /home/nvidia/workspace/alan/src/AMR_ros2_slam_nav2/install/rslidar_sdk/lib/rslidar_sdk/rslidar_sdk_node
[254.949s] -- Set runtime path of "/home/nvidia/workspace/alan/src/AMR_ros2_slam_nav2/install/rslidar_sdk/lib/rslidar_sdk/rslidar_sdk_node" to ""
[254.951s] -- Installing: /home/nvidia/workspace/alan/src/AMR_ros2_slam_nav2/install/rslidar_sdk/share/rslidar_sdk/launch
[254.953s] -- Installing: /home/nvidia/workspace/alan/src/AMR_ros2_slam_nav2/install/rslidar_sdk/share/rslidar_sdk/launch/start.py
[254.954s] -- Installing: /home/nvidia/workspace/alan/src/AMR_ros2_slam_nav2/install/rslidar_sdk/share/rslidar_sdk/launch/start.launch
[254.955s] -- Installing: /home/nvidia/workspace/alan/src/AMR_ros2_slam_nav2/install/rslidar_sdk/share/rslidar_sdk/rviz
[254.956s] -- Installing: /home/nvidia/workspace/alan/src/AMR_ros2_slam_nav2/install/rslidar_sdk/share/rslidar_sdk/rviz/rviz.rviz
[254.957s] -- Installing: /home/nvidia/workspace/alan/src/AMR_ros2_slam_nav2/install/rslidar_sdk/share/rslidar_sdk/rviz/rviz2.rviz
[254.958s] -- Installing: /home/nvidia/workspace/alan/src/AMR_ros2_slam_nav2/install/rslidar_sdk/share/rslidar_sdk/config
[254.959s] -- Installing: /home/nvidia/workspace/alan/src/AMR_ros2_slam_nav2/install/rslidar_sdk/share/rslidar_sdk/config/config.yaml
[254.961s] -- Installing: /home/nvidia/workspace/alan/src/AMR_ros2_slam_nav2/install/rslidar_sdk/share/ament_index/resource_index/package_run_dependencies/rslidar_sdk
[254.963s] -- Installing: /home/nvidia/workspace/alan/src/AMR_ros2_slam_nav2/install/rslidar_sdk/share/ament_index/resource_index/parent_prefix_path/rslidar_sdk
[254.965s] -- Installing: /home/nvidia/workspace/alan/src/AMR_ros2_slam_nav2/install/rslidar_sdk/share/rslidar_sdk/environment/ament_prefix_path.sh
[254.968s] -- Installing: /home/nvidia/workspace/alan/src/AMR_ros2_slam_nav2/install/rslidar_sdk/share/rslidar_sdk/environment/ament_prefix_path.dsv
[254.969s] -- Installing: /home/nvidia/workspace/alan/src/AMR_ros2_slam_nav2/install/rslidar_sdk/share/rslidar_sdk/environment/path.sh
[254.971s] -- Installing: /home/nvidia/workspace/alan/src/AMR_ros2_slam_nav2/install/rslidar_sdk/share/rslidar_sdk/environment/path.dsv
[254.972s] -- Installing: /home/nvidia/workspace/alan/src/AMR_ros2_slam_nav2/install/rslidar_sdk/share/rslidar_sdk/local_setup.bash
[254.975s] -- Installing: /home/nvidia/workspace/alan/src/AMR_ros2_slam_nav2/install/rslidar_sdk/share/rslidar_sdk/local_setup.sh
[254.976s] -- Installing: /home/nvidia/workspace/alan/src/AMR_ros2_slam_nav2/install/rslidar_sdk/share/rslidar_sdk/local_setup.zsh
[254.978s] -- Installing: /home/nvidia/workspace/alan/src/AMR_ros2_slam_nav2/install/rslidar_sdk/share/rslidar_sdk/local_setup.dsv
[254.980s] -- Installing: /home/nvidia/workspace/alan/src/AMR_ros2_slam_nav2/install/rslidar_sdk/share/rslidar_sdk/package.dsv
[254.985s] -- Installing: /home/nvidia/workspace/alan/src/AMR_ros2_slam_nav2/install/rslidar_sdk/share/ament_index/resource_index/packages/rslidar_sdk
[254.987s] -- Installing: /home/nvidia/workspace/alan/src/AMR_ros2_slam_nav2/install/rslidar_sdk/share/rslidar_sdk/cmake/rslidar_sdkConfig.cmake
[254.989s] -- Installing: /home/nvidia/workspace/alan/src/AMR_ros2_slam_nav2/install/rslidar_sdk/share/rslidar_sdk/cmake/rslidar_sdkConfig-version.cmake
[254.991s] -- Installing: /home/nvidia/workspace/alan/src/AMR_ros2_slam_nav2/install/rslidar_sdk/share/rslidar_sdk/package.xml
[255.006s] Invoked command in '/home/nvidia/workspace/alan/src/AMR_ros2_slam_nav2/build/rslidar_sdk' returned '0': AMENT_PREFIX_PATH=/home/nvidia/workspace/alan/src/AMR_ros2_slam_nav2/install/pcl_conversions:/home/nvidia/workspace/alan/src/AMR_ros2_slam_nav2/install/rslidar_msg:/home/nvidia/workspace/alan/src/AMR_ros2_slam_nav2/install/pcl_msgs:${AMENT_PREFIX_PATH} CMAKE_PREFIX_PATH=/home/nvidia/workspace/alan/src/AMR_ros2_slam_nav2/install/pcl_conversions:/home/nvidia/workspace/alan/src/AMR_ros2_slam_nav2/install/rslidar_msg:/home/nvidia/workspace/alan/src/AMR_ros2_slam_nav2/install/pcl_msgs:${CMAKE_PREFIX_PATH} LD_LIBRARY_PATH=/home/nvidia/workspace/alan/src/AMR_ros2_slam_nav2/install/rslidar_msg/lib:/home/nvidia/workspace/alan/src/AMR_ros2_slam_nav2/install/pcl_msgs/lib:/home/workspace/ros2/install/opt/yaml_cpp_vendor/lib:/home/workspace/ros2/install/opt/rviz_ogre_vendor/lib:/home/workspace/ros2/install/lib:/usr/local/cuda-10.2/lib64 PYTHONPATH=/home/nvidia/workspace/alan/src/AMR_ros2_slam_nav2/install/rslidar_msg/lib/python3.6/site-packages:/home/nvidia/workspace/alan/src/AMR_ros2_slam_nav2/install/pcl_msgs/lib/python3.6/site-packages:/home/workspace/ros2/install/lib/python3.6/site-packages:/usr/local/lib:/usr/local/cuda/bin /usr/local/bin/cmake --install /home/nvidia/workspace/alan/src/AMR_ros2_slam_nav2/build/rslidar_sdk
