[4.539s] Invoking command in '/home/nvidia/workspace/alan/src/AMR_ros2_slam_nav2/turtlebot3_teleop': PYTHONPATH=/home/nvidia/workspace/alan/src/AMR_ros2_slam_nav2/install/turtlebot3_teleop/lib/python3.6/site-packages:${PYTHONPATH} /usr/bin/python3 setup.py egg_info --egg-base ../build/turtlebot3_teleop build --build-base /home/nvidia/workspace/alan/src/AMR_ros2_slam_nav2/build/turtlebot3_teleop/build install --prefix /home/nvidia/workspace/alan/src/AMR_ros2_slam_nav2/install/turtlebot3_teleop --record /home/nvidia/workspace/alan/src/AMR_ros2_slam_nav2/build/turtlebot3_teleop/install.log --single-version-externally-managed
[5.912s] running egg_info
[5.912s] writing ../build/turtlebot3_teleop/turtlebot3_teleop.egg-info/PKG-INFO
[5.912s] writing dependency_links to ../build/turtlebot3_teleop/turtlebot3_teleop.egg-info/dependency_links.txt
[5.913s] writing entry points to ../build/turtlebot3_teleop/turtlebot3_teleop.egg-info/entry_points.txt
[5.913s] writing requirements to ../build/turtlebot3_teleop/turtlebot3_teleop.egg-info/requires.txt
[5.913s] writing top-level names to ../build/turtlebot3_teleop/turtlebot3_teleop.egg-info/top_level.txt
[5.929s] reading manifest file '../build/turtlebot3_teleop/turtlebot3_teleop.egg-info/SOURCES.txt'
[5.933s] writing manifest file '../build/turtlebot3_teleop/turtlebot3_teleop.egg-info/SOURCES.txt'
[5.934s] running build
[5.935s] running build_py
[5.936s] running install
[5.937s] /home/nvidia/.local/lib/python3.6/site-packages/setuptools/command/install.py:37: SetuptoolsDeprecationWarning: setup.py install is deprecated. Use build and pip and other standards-based tools.
[5.938s]   setuptools.SetuptoolsDeprecationWarning,
[5.939s] running install_lib
[5.950s] running install_data
[5.953s] running install_egg_info
[5.960s] removing '/home/nvidia/workspace/alan/src/AMR_ros2_slam_nav2/install/turtlebot3_teleop/lib/python3.6/site-packages/turtlebot3_teleop-2.1.2-py3.6.egg-info' (and everything under it)
[5.976s] Copying ../build/turtlebot3_teleop/turtlebot3_teleop.egg-info to /home/nvidia/workspace/alan/src/AMR_ros2_slam_nav2/install/turtlebot3_teleop/lib/python3.6/site-packages/turtlebot3_teleop-2.1.2-py3.6.egg-info
[5.976s] running install_scripts
[6.042s] Installing teleop_keyboard script to /home/nvidia/workspace/alan/src/AMR_ros2_slam_nav2/install/turtlebot3_teleop/lib/turtlebot3_teleop
[6.043s] writing list of installed files to '/home/nvidia/workspace/alan/src/AMR_ros2_slam_nav2/build/turtlebot3_teleop/install.log'
[6.331s] Invoked command in '/home/nvidia/workspace/alan/src/AMR_ros2_slam_nav2/turtlebot3_teleop' returned '0': PYTHONPATH=/home/nvidia/workspace/alan/src/AMR_ros2_slam_nav2/install/turtlebot3_teleop/lib/python3.6/site-packages:${PYTHONPATH} /usr/bin/python3 setup.py egg_info --egg-base ../build/turtlebot3_teleop build --build-base /home/nvidia/workspace/alan/src/AMR_ros2_slam_nav2/build/turtlebot3_teleop/build install --prefix /home/nvidia/workspace/alan/src/AMR_ros2_slam_nav2/install/turtlebot3_teleop --record /home/nvidia/workspace/alan/src/AMR_ros2_slam_nav2/build/turtlebot3_teleop/install.log --single-version-externally-managed
