-- The C compiler identification is GNU 7.5.0
-- The CXX compiler identification is GNU 7.5.0
-- Check for working C compiler: /usr/bin/cc
-- Check for working C compiler: /usr/bin/cc -- works
-- Detecting C compiler ABI info
-- Detecting C compiler ABI info - done
-- Detecting C compile features
-- Detecting C compile features - done
-- Check for working CXX compiler: /usr/bin/c++
-- Check for working CXX compiler: /usr/bin/c++ -- works
-- Detecting CXX compiler ABI info
-- Detecting CXX compiler ABI info - done
-- Detecting CXX compile features
-- Detecting CXX compile features - done
-- Found ament_cmake: 0.9.9 (/home/workspace/ros2/install/share/ament_cmake/cmake)
-- Found PythonInterp: /usr/bin/python3 (found suitable version "3.6.9", minimum required is "3") 
-- Using PYTHON_EXECUTABLE: /usr/bin/python3
-- Found builtin_interfaces: 1.0.0 (/home/workspace/ros2/install/share/builtin_interfaces/cmake)
-- Using all available rosidl_typesupport_c: rosidl_typesupport_fastrtps_c;rosidl_typesupport_introspection_c
-- Found rosidl_adapter: 1.2.1 (/home/workspace/ros2/install/share/rosidl_adapter/cmake)
-- Found OpenSSL: /usr/lib/aarch64-linux-gnu/libcrypto.so (found version "1.1.1")  
-- Found FastRTPS: /home/workspace/ros2/install/include  
-- Using all available rosidl_typesupport_cpp: rosidl_typesupport_fastrtps_cpp;rosidl_typesupport_introspection_cpp
-- Found gazebo_dev: 3.5.3 (/home/nvidia/workspace/alan/src/AMR_ros2_slam_nav2/install/gazebo_dev/share/gazebo_dev/cmake)
-- Found PkgConfig: /usr/bin/pkg-config (found version "0.29.1") 
-- Checking for module 'bullet>=2.82'
--   Found bullet, version 2.87
-- Found Simbody: /usr/include/simbody  
-- Looking for pthread.h
-- Looking for pthread.h - found
-- Performing Test CMAKE_HAVE_LIBC_PTHREAD
-- Performing Test CMAKE_HAVE_LIBC_PTHREAD - Failed
-- Looking for pthread_create in pthreads
-- Looking for pthread_create in pthreads - not found
-- Looking for pthread_create in pthread
-- Looking for pthread_create in pthread - found
-- Found Threads: TRUE  
-- Found Boost: /usr/include (found suitable version "1.65.1", minimum required is "1.40.0") found components: thread signals system filesystem program_options regex iostreams date_time chrono atomic 
-- Found Protobuf: /usr/lib/aarch64-linux-gnu/libprotobuf.so;-lpthread (found version "3.0.0") 
-- Found Boost: /usr/include (found version "1.65.1")  
-- Looking for OGRE...
-- OGRE_PREFIX_WATCH changed.
-- Checking for module 'OGRE'
--   Found OGRE, version 1.9.0
-- Found Ogre Ghadamon (1.9.0)
-- Found OGRE: optimized;/usr/lib/aarch64-linux-gnu/libOgreMain.so;debug;/usr/lib/aarch64-linux-gnu/libOgreMain.so
-- Looking for OGRE_Paging...
-- Found OGRE_Paging: optimized;/usr/lib/aarch64-linux-gnu/libOgrePaging.so;debug;/usr/lib/aarch64-linux-gnu/libOgrePaging.so
-- Looking for OGRE_Terrain...
-- Found OGRE_Terrain: optimized;/usr/lib/aarch64-linux-gnu/libOgreTerrain.so;debug;/usr/lib/aarch64-linux-gnu/libOgreTerrain.so
-- Looking for OGRE_Property...
-- Found OGRE_Property: optimized;/usr/lib/aarch64-linux-gnu/libOgreProperty.so;debug;/usr/lib/aarch64-linux-gnu/libOgreProperty.so
-- Looking for OGRE_RTShaderSystem...
-- Found OGRE_RTShaderSystem: optimized;/usr/lib/aarch64-linux-gnu/libOgreRTShaderSystem.so;debug;/usr/lib/aarch64-linux-gnu/libOgreRTShaderSystem.so
-- Looking for OGRE_Volume...
-- Found OGRE_Volume: optimized;/usr/lib/aarch64-linux-gnu/libOgreVolume.so;debug;/usr/lib/aarch64-linux-gnu/libOgreVolume.so
-- Looking for OGRE_Overlay...
-- Found OGRE_Overlay: optimized;/usr/lib/aarch64-linux-gnu/libOgreOverlay.so;debug;/usr/lib/aarch64-linux-gnu/libOgreOverlay.so
-- Found Protobuf: /usr/lib/aarch64-linux-gnu/libprotobuf.so;-lpthread (found suitable version "3.0.0", minimum required is "2.3.0") 
-- Config-file not installed for ZeroMQ -- checking for pkg-config
-- Checking for module 'libzmq >= 4'
--   Found libzmq , version 4.2.5
-- Found ZeroMQ: TRUE (Required is at least version "4") 
-- Checking for module 'uuid'
--   Found uuid, version 2.31.1
-- Found UUID: TRUE  
-- Checking for module 'tinyxml2'
--   Found tinyxml2, version 6.0.0
-- Looking for dlfcn.h - found
-- Looking for libdl - found
-- Found DL: TRUE  
-- FreeImage.pc not found, we will search for FreeImage_INCLUDE_DIRS and FreeImage_LIBRARIES
-- Found UUID: TRUE  
-- Checking for module 'gts'
--   Found gts, version 0.7.6
-- Found GTS: TRUE  
-- Checking for module 'libswscale'
--   Found libswscale, version 4.8.100
-- Found SWSCALE: TRUE  
-- Checking for module 'libavdevice >= 56.4.100'
--   Found libavdevice , version 57.10.100
-- Found AVDEVICE: TRUE (Required is at least version "56.4.100") 
-- Checking for module 'libavformat'
--   Found libavformat, version 57.83.100
-- Found AVFORMAT: TRUE  
-- Checking for module 'libavcodec'
--   Found libavcodec, version 57.107.100
-- Found AVCODEC: TRUE  
-- Checking for module 'libavutil'
--   Found libavutil, version 55.78.100
-- Found AVUTIL: TRUE  
-- Found CURL: /usr/lib/aarch64-linux-gnu/libcurl.so (found version "7.81.0-DEV")  
-- Checking for module 'jsoncpp'
--   Found jsoncpp, version 1.7.4
-- Found JSONCPP: TRUE  
-- Checking for module 'yaml-0.1'
--   Found yaml-0.1, version 0.1.7
-- Found YAML: TRUE  
-- Checking for module 'libzip'
--   Found libzip, version 1.1.2
-- Found ZIP: TRUE  
-- Gazebo version: 9.0
-- Found gazebo_msgs: 3.5.3 (/home/nvidia/workspace/alan/src/AMR_ros2_slam_nav2/install/gazebo_msgs/share/gazebo_msgs/cmake)
-- Found rcl: 1.1.11 (/home/workspace/ros2/install/share/rcl/cmake)
-- Found rmw_implementation_cmake: 1.0.3 (/home/workspace/ros2/install/share/rmw_implementation_cmake/cmake)
-- Using RMW implementation 'rmw_fastrtps_cpp' as default
-- Found rclcpp: 2.4.0 (/home/workspace/ros2/install/share/rclcpp/cmake)
-- Found std_srvs: 2.0.4 (/home/workspace/ros2/install/share/std_srvs/cmake)
-- Found tinyxml_vendor: 0.8.2 (/home/workspace/ros2/install/share/tinyxml_vendor/cmake)
-- Found ament_cmake_gtest: 0.9.9 (/home/workspace/ros2/install/share/ament_cmake_gtest/cmake)
-- Found launch_testing_ament_cmake: 0.10.6 (/home/workspace/ros2/install/share/launch_testing_ament_cmake/cmake)
-- Found python_cmake_module: 0.8.1 (/home/workspace/ros2/install/share/python_cmake_module/cmake)
-- Found PythonInterp: /usr/bin/python3 (found suitable version "3.6.9", minimum required is "3.5") 
-- Found PythonLibs: /usr/lib/aarch64-linux-gnu/libpython3.6m.so (found suitable version "3.6.9", minimum required is "3.5") 
-- Using PYTHON_EXECUTABLE: /usr/bin/python3
-- Using PYTHON_INCLUDE_DIRS: /usr/include/python3.6m
-- Using PYTHON_LIBRARIES: /usr/lib/aarch64-linux-gnu/libpython3.6m.so
-- Found PythonExtra: .so  
-- Found sensor_msgs: 2.0.4 (/home/workspace/ros2/install/share/sensor_msgs/cmake)
-- Found gtest sources under '/home/workspace/ros2/install/src/gtest_vendor': C++ tests using 'Google Test' will be built
-- Check if compiler accepts -pthread
-- Check if compiler accepts -pthread - yes
-- Found ament_lint_auto: 0.9.6 (/home/workspace/ros2/install/share/ament_lint_auto/cmake)
-- Found python_cmake_module: 0.8.1 (/home/workspace/ros2/install/share/python_cmake_module/cmake)
-- Using PYTHON_EXECUTABLE: /usr/bin/python3
-- Using PYTHON_INCLUDE_DIRS: /usr/include/python3.6m
-- Using PYTHON_LIBRARIES: /usr/lib/aarch64-linux-gnu/libpython3.6m.so
-- Added test 'copyright' to check source files copyright and LICENSE
-- Added test 'cppcheck' to perform static code analysis on C / C++ code
-- Configured cppcheck include dirs: $<BUILD_INTERFACE:/home/nvidia/workspace/alan/src/AMR_ros2_slam_nav2/gazebo_ros_pkgs/gazebo_ros/include>
-- Configured cppcheck exclude dirs and/or files: 
-- Added test 'cpplint' to check C / C++ code against the Google style
-- Configured cpplint exclude dirs and/or files: 
-- Added test 'flake8' to check Python code syntax and style conventions
-- Added test 'lint_cmake' to check CMake code style
-- Added test 'pep257' to check Python code against some of the style conventions in PEP 257
-- Added test 'uncrustify' to check C / C++ code style
-- Configured uncrustify additional arguments: 
-- Added test 'xmllint' to check XML markup files
-- Configuring done
-- Generating done
-- Build files have been written to: /home/nvidia/workspace/alan/src/AMR_ros2_slam_nav2/build/gazebo_ros
[35m[1mScanning dependencies of target gazebo_ros_node[0m
[  1%] [32mBuilding CXX object CMakeFiles/gazebo_ros_node.dir/src/executor.cpp.o[0m
[  3%] [32mBuilding CXX object CMakeFiles/gazebo_ros_node.dir/src/qos.cpp.o[0m
[  5%] [32mBuilding CXX object CMakeFiles/gazebo_ros_node.dir/src/node.cpp.o[0m
[  7%] [32m[1mLinking CXX shared library libgazebo_ros_node.so[0m
[  7%] Built target gazebo_ros_node
[35m[1mScanning dependencies of target mock_robot_state_publisher[0m
[  8%] [32mBuilding CXX object test/CMakeFiles/mock_robot_state_publisher.dir/mock_robot_state_publisher/robot_state_publisher.cpp.o[0m
[ 10%] [32m[1mLinking CXX executable mock_robot_state_publisher[0m
[ 10%] Built target mock_robot_state_publisher
[35m[1mScanning dependencies of target multiple_nodes[0m
[ 12%] [32mBuilding CXX object test/CMakeFiles/multiple_nodes.dir/plugins/multiple_nodes.cpp.o[0m
[35m[1mScanning dependencies of target args_init[0m
[ 14%] [32mBuilding CXX object test/CMakeFiles/args_init.dir/plugins/args_init.cpp.o[0m
[35m[1mScanning dependencies of target gazebo_ros_state[0m
[ 16%] [32mBuilding CXX object CMakeFiles/gazebo_ros_state.dir/src/gazebo_ros_state.cpp.o[0m
[35m[1mScanning dependencies of target gazebo_ros_properties[0m
[ 17%] [32m[1mLinking CXX shared library libmultiple_nodes.so[0m
[35m[1mScanning dependencies of target gazebo_ros_force_system[0m
[ 19%] [32mBuilding CXX object CMakeFiles/gazebo_ros_properties.dir/src/gazebo_ros_properties.cpp.o[0m
[ 21%] [32mBuilding CXX object CMakeFiles/gazebo_ros_force_system.dir/src/gazebo_ros_force_system.cpp.o[0m
[ 21%] Built target multiple_nodes
[35m[1mScanning dependencies of target gtest_main[0m
[35m[1mScanning dependencies of target gtest[0m
[ 23%] [32mBuilding CXX object gtest/CMakeFiles/gtest_main.dir/src/gtest_main.cc.o[0m
[ 25%] [32mBuilding CXX object gtest/CMakeFiles/gtest.dir/src/gtest-all.cc.o[0m
[35m[1mScanning dependencies of target ros_world_plugin[0m
[ 26%] [32mBuilding CXX object test/CMakeFiles/ros_world_plugin.dir/plugins/ros_world_plugin.cpp.o[0m
[ 28%] [32m[1mLinking CXX shared library libargs_init.so[0m
[ 30%] [32m[1mLinking CXX static library libgtest_main.a[0m
[ 30%] Built target gtest_main
[ 30%] Built target args_init
[ 32%] [32m[1mLinking CXX static library libgtest.a[0m
[ 32%] Built target gtest
[ 33%] [32m[1mLinking CXX shared library libros_world_plugin.so[0m
[ 35%] [32m[1mLinking CXX shared library libgazebo_ros_state.so[0m
[ 35%] Built target ros_world_plugin
[ 35%] Built target gazebo_ros_state
[ 37%] [32m[1mLinking CXX shared library libgazebo_ros_force_system.so[0m
[ 37%] Built target gazebo_ros_force_system
[ 39%] [32m[1mLinking CXX shared library libgazebo_ros_properties.so[0m
[ 39%] Built target gazebo_ros_properties
[35m[1mScanning dependencies of target create_node_without_init[0m
[ 41%] [32mBuilding CXX object test/CMakeFiles/create_node_without_init.dir/plugins/create_node_without_init.cpp.o[0m
[ 42%] [32m[1mLinking CXX shared library libcreate_node_without_init.so[0m
[ 42%] Built target create_node_without_init
[35m[1mScanning dependencies of target sdf_node[0m
[ 44%] [32mBuilding CXX object test/CMakeFiles/sdf_node.dir/plugins/sdf_node.cpp.o[0m
[ 46%] [32m[1mLinking CXX shared library libsdf_node.so[0m
[ 46%] Built target sdf_node
[35m[1mScanning dependencies of target gazebo_ros_utils[0m
[ 48%] [32mBuilding CXX object CMakeFiles/gazebo_ros_utils.dir/src/utils.cpp.o[0m
[ 50%] [32m[1mLinking CXX shared library libgazebo_ros_utils.so[0m
[ 50%] Built target gazebo_ros_utils
[35m[1mScanning dependencies of target gazebo_ros_init[0m
[ 51%] [32mBuilding CXX object CMakeFiles/gazebo_ros_init.dir/src/gazebo_ros_init.cpp.o[0m
[35m[1mScanning dependencies of target test_gazebo_ros_properties[0m
[ 53%] [32mBuilding CXX object test/CMakeFiles/test_gazebo_ros_properties.dir/test_gazebo_ros_properties.cpp.o[0m
[35m[1mScanning dependencies of target test_gazebo_ros_link_wrench[0m
[ 55%] [32mBuilding CXX object test/CMakeFiles/test_gazebo_ros_link_wrench.dir/test_gazebo_ros_link_wrench.cpp.o[0m
[35m[1mScanning dependencies of target test_gazebo_ros_joint_effort[0m
[ 57%] [32mBuilding CXX object test/CMakeFiles/test_gazebo_ros_joint_effort.dir/test_gazebo_ros_joint_effort.cpp.o[0m
[ 58%] [32m[1mLinking CXX shared library libgazebo_ros_init.so[0m
[ 58%] Built target gazebo_ros_init
[ 60%] [32m[1mLinking CXX executable test_gazebo_ros_joint_effort[0m
[ 62%] [32m[1mLinking CXX executable test_gazebo_ros_link_wrench[0m
[ 62%] Built target test_gazebo_ros_joint_effort
[ 62%] Built target test_gazebo_ros_link_wrench
[ 64%] [32m[1mLinking CXX executable test_gazebo_ros_properties[0m
[ 64%] Built target test_gazebo_ros_properties
[35m[1mScanning dependencies of target test_gazebo_ros_state[0m
[ 66%] [32mBuilding CXX object test/CMakeFiles/test_gazebo_ros_state.dir/test_gazebo_ros_state.cpp.o[0m
[35m[1mScanning dependencies of target test_gazebo_ros_init[0m
[ 67%] [32mBuilding CXX object test/CMakeFiles/test_gazebo_ros_init.dir/test_gazebo_ros_init.cpp.o[0m
[35m[1mScanning dependencies of target test_gazebo_ros_factory[0m
[ 69%] [32mBuilding CXX object test/CMakeFiles/test_gazebo_ros_factory.dir/test_gazebo_ros_factory.cpp.o[0m
[ 71%] [32m[1mLinking CXX executable test_gazebo_ros_init[0m
[ 71%] Built target test_gazebo_ros_init
[ 73%] [32m[1mLinking CXX executable test_gazebo_ros_factory[0m
[ 73%] Built target test_gazebo_ros_factory
[ 75%] [32m[1mLinking CXX executable test_gazebo_ros_state[0m
[ 75%] Built target test_gazebo_ros_state
[35m[1mScanning dependencies of target test_qos[0m
[ 76%] [32mBuilding CXX object test/CMakeFiles/test_qos.dir/test_qos.cpp.o[0m
[ 78%] [32m[1mLinking CXX executable test_qos[0m
[ 78%] Built target test_qos
[35m[1mScanning dependencies of target test_node[0m
[35m[1mScanning dependencies of target test_sim_time[0m
[ 80%] [32mBuilding CXX object test/CMakeFiles/test_sim_time.dir/test_sim_time.cpp.o[0m
[ 82%] [32mBuilding CXX object test/CMakeFiles/test_node.dir/test_node.cpp.o[0m
[ 83%] [32m[1mLinking CXX executable test_node[0m
[ 83%] Built target test_node
[ 85%] [32m[1mLinking CXX executable test_sim_time[0m
[ 85%] Built target test_sim_time
[35m[1mScanning dependencies of target test_plugins[0m
[ 87%] [32mBuilding CXX object test/CMakeFiles/test_plugins.dir/test_plugins.cpp.o[0m
[ 89%] [32m[1mLinking CXX executable test_plugins[0m
[ 89%] Built target test_plugins
[35m[1mScanning dependencies of target test_conversions[0m
[ 91%] [32mBuilding CXX object test/CMakeFiles/test_conversions.dir/test_conversions.cpp.o[0m
[ 92%] [32m[1mLinking CXX executable test_conversions[0m
[ 92%] Built target test_conversions
[35m[1mScanning dependencies of target test_utils[0m
[ 94%] [32mBuilding CXX object test/CMakeFiles/test_utils.dir/test_utils.cpp.o[0m
[ 96%] [32m[1mLinking CXX executable test_utils[0m
[ 96%] Built target test_utils
[35m[1mScanning dependencies of target gazebo_ros_factory[0m
[ 98%] [32mBuilding CXX object CMakeFiles/gazebo_ros_factory.dir/src/gazebo_ros_factory.cpp.o[0m
[100%] [32m[1mLinking CXX shared library libgazebo_ros_factory.so[0m
[100%] Built target gazebo_ros_factory
-- Install configuration: ""
-- Installing: /home/nvidia/workspace/alan/src/AMR_ros2_slam_nav2/install/gazebo_ros/share/gazebo_ros/environment/pythonpath.sh
-- Installing: /home/nvidia/workspace/alan/src/AMR_ros2_slam_nav2/install/gazebo_ros/share/gazebo_ros/environment/pythonpath.dsv
-- Installing: /home/nvidia/workspace/alan/src/AMR_ros2_slam_nav2/install/gazebo_ros/lib/python3.6/site-packages/scripts/
-- Installing: /home/nvidia/workspace/alan/src/AMR_ros2_slam_nav2/install/gazebo_ros/lib/python3.6/site-packages/scripts//__init__.py
-- Installing: /home/nvidia/workspace/alan/src/AMR_ros2_slam_nav2/install/gazebo_ros/lib/python3.6/site-packages/scripts//spawn_entity.py
-- Installing: /home/nvidia/workspace/alan/src/AMR_ros2_slam_nav2/install/gazebo_ros/lib/python3.6/site-packages/scripts//gazebo_ros_paths.py
Listing '/home/nvidia/workspace/alan/src/AMR_ros2_slam_nav2/install/gazebo_ros/lib/python3.6/site-packages/scripts/'...
Compiling '/home/nvidia/workspace/alan/src/AMR_ros2_slam_nav2/install/gazebo_ros/lib/python3.6/site-packages/scripts/__init__.py'...
Compiling '/home/nvidia/workspace/alan/src/AMR_ros2_slam_nav2/install/gazebo_ros/lib/python3.6/site-packages/scripts/gazebo_ros_paths.py'...
Compiling '/home/nvidia/workspace/alan/src/AMR_ros2_slam_nav2/install/gazebo_ros/lib/python3.6/site-packages/scripts/spawn_entity.py'...
-- Installing: /home/nvidia/workspace/alan/src/AMR_ros2_slam_nav2/install/gazebo_ros/share/gazebo_ros/environment/library_path.sh
-- Installing: /home/nvidia/workspace/alan/src/AMR_ros2_slam_nav2/install/gazebo_ros/share/gazebo_ros/environment/library_path.dsv
-- Installing: /home/nvidia/workspace/alan/src/AMR_ros2_slam_nav2/install/gazebo_ros/share/ament_index/resource_index/package_run_dependencies/gazebo_ros
-- Installing: /home/nvidia/workspace/alan/src/AMR_ros2_slam_nav2/install/gazebo_ros/share/ament_index/resource_index/parent_prefix_path/gazebo_ros
-- Installing: /home/nvidia/workspace/alan/src/AMR_ros2_slam_nav2/install/gazebo_ros/share/gazebo_ros/environment/ament_prefix_path.sh
-- Installing: /home/nvidia/workspace/alan/src/AMR_ros2_slam_nav2/install/gazebo_ros/share/gazebo_ros/environment/ament_prefix_path.dsv
-- Installing: /home/nvidia/workspace/alan/src/AMR_ros2_slam_nav2/install/gazebo_ros/share/gazebo_ros/environment/path.sh
-- Installing: /home/nvidia/workspace/alan/src/AMR_ros2_slam_nav2/install/gazebo_ros/share/gazebo_ros/environment/path.dsv
-- Installing: /home/nvidia/workspace/alan/src/AMR_ros2_slam_nav2/install/gazebo_ros/share/gazebo_ros/local_setup.bash
-- Installing: /home/nvidia/workspace/alan/src/AMR_ros2_slam_nav2/install/gazebo_ros/share/gazebo_ros/local_setup.sh
-- Installing: /home/nvidia/workspace/alan/src/AMR_ros2_slam_nav2/install/gazebo_ros/share/gazebo_ros/local_setup.zsh
-- Installing: /home/nvidia/workspace/alan/src/AMR_ros2_slam_nav2/install/gazebo_ros/share/gazebo_ros/local_setup.dsv
-- Installing: /home/nvidia/workspace/alan/src/AMR_ros2_slam_nav2/install/gazebo_ros/share/gazebo_ros/package.dsv
-- Installing: /home/nvidia/workspace/alan/src/AMR_ros2_slam_nav2/install/gazebo_ros/share/ament_index/resource_index/packages/gazebo_ros
-- Installing: /home/nvidia/workspace/alan/src/AMR_ros2_slam_nav2/install/gazebo_ros/share/gazebo_ros/cmake/ament_cmake_export_libraries-extras.cmake
-- Installing: /home/nvidia/workspace/alan/src/AMR_ros2_slam_nav2/install/gazebo_ros/share/gazebo_ros/cmake/ament_cmake_export_include_directories-extras.cmake
-- Installing: /home/nvidia/workspace/alan/src/AMR_ros2_slam_nav2/install/gazebo_ros/share/gazebo_ros/cmake/ament_cmake_export_dependencies-extras.cmake
-- Installing: /home/nvidia/workspace/alan/src/AMR_ros2_slam_nav2/install/gazebo_ros/share/gazebo_ros/cmake/gazebo_rosConfig.cmake
-- Installing: /home/nvidia/workspace/alan/src/AMR_ros2_slam_nav2/install/gazebo_ros/share/gazebo_ros/cmake/gazebo_rosConfig-version.cmake
-- Installing: /home/nvidia/workspace/alan/src/AMR_ros2_slam_nav2/install/gazebo_ros/share/gazebo_ros/package.xml
-- Installing: /home/nvidia/workspace/alan/src/AMR_ros2_slam_nav2/install/gazebo_ros/include
-- Installing: /home/nvidia/workspace/alan/src/AMR_ros2_slam_nav2/install/gazebo_ros/include/gazebo_ros
-- Installing: /home/nvidia/workspace/alan/src/AMR_ros2_slam_nav2/install/gazebo_ros/include/gazebo_ros/gazebo_ros_factory.hpp
-- Installing: /home/nvidia/workspace/alan/src/AMR_ros2_slam_nav2/install/gazebo_ros/include/gazebo_ros/gazebo_ros_state.hpp
-- Installing: /home/nvidia/workspace/alan/src/AMR_ros2_slam_nav2/install/gazebo_ros/include/gazebo_ros/executor.hpp
-- Installing: /home/nvidia/workspace/alan/src/AMR_ros2_slam_nav2/install/gazebo_ros/include/gazebo_ros/utils.hpp
-- Installing: /home/nvidia/workspace/alan/src/AMR_ros2_slam_nav2/install/gazebo_ros/include/gazebo_ros/node.hpp
-- Installing: /home/nvidia/workspace/alan/src/AMR_ros2_slam_nav2/install/gazebo_ros/include/gazebo_ros/testing_utils.hpp
-- Installing: /home/nvidia/workspace/alan/src/AMR_ros2_slam_nav2/install/gazebo_ros/include/gazebo_ros/gazebo_ros_init.hpp
-- Installing: /home/nvidia/workspace/alan/src/AMR_ros2_slam_nav2/install/gazebo_ros/include/gazebo_ros/conversions
-- Installing: /home/nvidia/workspace/alan/src/AMR_ros2_slam_nav2/install/gazebo_ros/include/gazebo_ros/conversions/geometry_msgs.hpp
-- Installing: /home/nvidia/workspace/alan/src/AMR_ros2_slam_nav2/install/gazebo_ros/include/gazebo_ros/conversions/gazebo_msgs.hpp
-- Installing: /home/nvidia/workspace/alan/src/AMR_ros2_slam_nav2/install/gazebo_ros/include/gazebo_ros/conversions/sensor_msgs.hpp
-- Installing: /home/nvidia/workspace/alan/src/AMR_ros2_slam_nav2/install/gazebo_ros/include/gazebo_ros/conversions/generic.hpp
-- Installing: /home/nvidia/workspace/alan/src/AMR_ros2_slam_nav2/install/gazebo_ros/include/gazebo_ros/conversions/builtin_interfaces.hpp
-- Installing: /home/nvidia/workspace/alan/src/AMR_ros2_slam_nav2/install/gazebo_ros/include/gazebo_ros/gazebo_ros_properties.hpp
-- Installing: /home/nvidia/workspace/alan/src/AMR_ros2_slam_nav2/install/gazebo_ros/include/gazebo_ros/qos.hpp
-- Installing: /home/nvidia/workspace/alan/src/AMR_ros2_slam_nav2/install/gazebo_ros/include/gazebo_ros/gazebo_ros_force_system.hpp
-- Installing: /home/nvidia/workspace/alan/src/AMR_ros2_slam_nav2/install/gazebo_ros/include/gazebo_ros/utils_visibility_control.h
-- Installing: /home/nvidia/workspace/alan/src/AMR_ros2_slam_nav2/install/gazebo_ros/include/gazebo_ros/node_visibility_control.h
-- Installing: /home/nvidia/workspace/alan/src/AMR_ros2_slam_nav2/install/gazebo_ros/lib/gazebo_ros/gazebo_ros_paths.py
-- Installing: /home/nvidia/workspace/alan/src/AMR_ros2_slam_nav2/install/gazebo_ros/lib/libgazebo_ros_factory.so
-- Set runtime path of "/home/nvidia/workspace/alan/src/AMR_ros2_slam_nav2/install/gazebo_ros/lib/libgazebo_ros_factory.so" to ""
-- Installing: /home/nvidia/workspace/alan/src/AMR_ros2_slam_nav2/install/gazebo_ros/lib/libgazebo_ros_force_system.so
-- Set runtime path of "/home/nvidia/workspace/alan/src/AMR_ros2_slam_nav2/install/gazebo_ros/lib/libgazebo_ros_force_system.so" to ""
-- Installing: /home/nvidia/workspace/alan/src/AMR_ros2_slam_nav2/install/gazebo_ros/lib/libgazebo_ros_init.so
-- Set runtime path of "/home/nvidia/workspace/alan/src/AMR_ros2_slam_nav2/install/gazebo_ros/lib/libgazebo_ros_init.so" to ""
-- Installing: /home/nvidia/workspace/alan/src/AMR_ros2_slam_nav2/install/gazebo_ros/lib/libgazebo_ros_node.so
-- Set runtime path of "/home/nvidia/workspace/alan/src/AMR_ros2_slam_nav2/install/gazebo_ros/lib/libgazebo_ros_node.so" to ""
-- Installing: /home/nvidia/workspace/alan/src/AMR_ros2_slam_nav2/install/gazebo_ros/lib/libgazebo_ros_properties.so
-- Set runtime path of "/home/nvidia/workspace/alan/src/AMR_ros2_slam_nav2/install/gazebo_ros/lib/libgazebo_ros_properties.so" to ""
-- Installing: /home/nvidia/workspace/alan/src/AMR_ros2_slam_nav2/install/gazebo_ros/lib/libgazebo_ros_state.so
-- Set runtime path of "/home/nvidia/workspace/alan/src/AMR_ros2_slam_nav2/install/gazebo_ros/lib/libgazebo_ros_state.so" to ""
-- Installing: /home/nvidia/workspace/alan/src/AMR_ros2_slam_nav2/install/gazebo_ros/lib/libgazebo_ros_utils.so
-- Set runtime path of "/home/nvidia/workspace/alan/src/AMR_ros2_slam_nav2/install/gazebo_ros/lib/libgazebo_ros_utils.so" to ""
-- Installing: /home/nvidia/workspace/alan/src/AMR_ros2_slam_nav2/install/gazebo_ros/lib/gazebo_ros/spawn_entity.py
-- Installing: /home/nvidia/workspace/alan/src/AMR_ros2_slam_nav2/install/gazebo_ros/share/gazebo_ros//launch
-- Installing: /home/nvidia/workspace/alan/src/AMR_ros2_slam_nav2/install/gazebo_ros/share/gazebo_ros//launch/gzserver.launch.py
-- Installing: /home/nvidia/workspace/alan/src/AMR_ros2_slam_nav2/install/gazebo_ros/share/gazebo_ros//launch/spawn_entity_demo.launch.py
-- Installing: /home/nvidia/workspace/alan/src/AMR_ros2_slam_nav2/install/gazebo_ros/share/gazebo_ros//launch/gazebo.launch.py
-- Installing: /home/nvidia/workspace/alan/src/AMR_ros2_slam_nav2/install/gazebo_ros/share/gazebo_ros//launch/gzclient.launch.py
