[0.068s] Invoking command in '/home/nvidia/workspace/alan/src/AMR_ros2_slam_nav2/build/gazebo_ros': AMENT_PREFIX_PATH=/home/nvidia/workspace/alan/src/AMR_ros2_slam_nav2/install/gazebo_msgs:/home/nvidia/workspace/alan/src/AMR_ros2_slam_nav2/install/gazebo_dev:${AMENT_PREFIX_PATH} CMAKE_PREFIX_PATH=/home/nvidia/workspace/alan/src/AMR_ros2_slam_nav2/install/gazebo_msgs:/home/nvidia/workspace/alan/src/AMR_ros2_slam_nav2/install/gazebo_dev:${CMAKE_PREFIX_PATH} LD_LIBRARY_PATH=/home/nvidia/workspace/alan/src/AMR_ros2_slam_nav2/install/gazebo_msgs/lib:/home/workspace/ros2/install/opt/yaml_cpp_vendor/lib:/home/workspace/ros2/install/opt/rviz_ogre_vendor/lib:/home/workspace/ros2/install/lib:/usr/local/cuda-10.2/lib64 PYTHONPATH=/home/nvidia/workspace/alan/src/AMR_ros2_slam_nav2/install/gazebo_msgs/lib/python3.6/site-packages:/home/workspace/ros2/install/lib/python3.6/site-packages:/usr/local/lib:/usr/local/cuda/bin /usr/local/bin/cmake /home/nvidia/workspace/alan/src/AMR_ros2_slam_nav2/gazebo_ros_pkgs/gazebo_ros -DCMAKE_INSTALL_PREFIX=/home/nvidia/workspace/alan/src/AMR_ros2_slam_nav2/install/gazebo_ros
[0.293s] -- The C compiler identification is GNU 7.5.0
[0.527s] -- The CXX compiler identification is GNU 7.5.0
[0.589s] -- Check for working C compiler: /usr/bin/cc
[0.781s] -- Check for working C compiler: /usr/bin/cc -- works
[0.788s] -- Detecting C compiler ABI info
[0.972s] -- Detecting C compiler ABI info - done
[1.123s] -- Detecting C compile features
[1.128s] -- Detecting C compile features - done
[1.159s] -- Check for working CXX compiler: /usr/bin/c++
[1.361s] -- Check for working CXX compiler: /usr/bin/c++ -- works
[1.369s] -- Detecting CXX compiler ABI info
[1.571s] -- Detecting CXX compiler ABI info - done
[1.725s] -- Detecting CXX compile features
[1.731s] -- Detecting CXX compile features - done
[1.746s] -- Found ament_cmake: 0.9.9 (/home/workspace/ros2/install/share/ament_cmake/cmake)
[1.864s] -- Found PythonInterp: /usr/bin/python3 (found suitable version "3.6.9", minimum required is "3") 
[1.865s] -- Using PYTHON_EXECUTABLE: /usr/bin/python3
[2.808s] -- Found builtin_interfaces: 1.0.0 (/home/workspace/ros2/install/share/builtin_interfaces/cmake)
[3.017s] -- Using all available rosidl_typesupport_c: rosidl_typesupport_fastrtps_c;rosidl_typesupport_introspection_c
[3.080s] -- Found rosidl_adapter: 1.2.1 (/home/workspace/ros2/install/share/rosidl_adapter/cmake)
[3.402s] -- Found OpenSSL: /usr/lib/aarch64-linux-gnu/libcrypto.so (found version "1.1.1")  
[3.526s] -- Found FastRTPS: /home/workspace/ros2/install/include  
[4.172s] -- Using all available rosidl_typesupport_cpp: rosidl_typesupport_fastrtps_cpp;rosidl_typesupport_introspection_cpp
[4.504s] -- Found gazebo_dev: 3.5.3 (/home/nvidia/workspace/alan/src/AMR_ros2_slam_nav2/install/gazebo_dev/share/gazebo_dev/cmake)
[4.530s] -- Found PkgConfig: /usr/bin/pkg-config (found version "0.29.1") 
[4.545s] -- Checking for module 'bullet>=2.82'
[4.617s] --   Found bullet, version 2.87
[4.779s] -- Found Simbody: /usr/include/simbody  
[5.036s] -- Looking for pthread.h
[5.218s] -- Looking for pthread.h - found
[5.221s] -- Performing Test CMAKE_HAVE_LIBC_PTHREAD
[5.420s] -- Performing Test CMAKE_HAVE_LIBC_PTHREAD - Failed
[5.422s] -- Looking for pthread_create in pthreads
[5.588s] -- Looking for pthread_create in pthreads - not found
[5.589s] -- Looking for pthread_create in pthread
[5.778s] -- Looking for pthread_create in pthread - found
[5.789s] -- Found Threads: TRUE  
[6.127s] -- Found Boost: /usr/include (found suitable version "1.65.1", minimum required is "1.40.0") found components: thread signals system filesystem program_options regex iostreams date_time chrono atomic 
[6.246s] -- Found Protobuf: /usr/lib/aarch64-linux-gnu/libprotobuf.so;-lpthread (found version "3.0.0") 
[6.388s] -- Found Boost: /usr/include (found version "1.65.1")  
[6.404s] -- Looking for OGRE...
[6.411s] -- OGRE_PREFIX_WATCH changed.
[6.447s] -- Checking for module 'OGRE'
[6.519s] --   Found OGRE, version 1.9.0
[6.658s] -- Found Ogre Ghadamon (1.9.0)
[6.692s] -- Found OGRE: optimized;/usr/lib/aarch64-linux-gnu/libOgreMain.so;debug;/usr/lib/aarch64-linux-gnu/libOgreMain.so
[7.020s] -- Looking for OGRE_Paging...
[7.044s] -- Found OGRE_Paging: optimized;/usr/lib/aarch64-linux-gnu/libOgrePaging.so;debug;/usr/lib/aarch64-linux-gnu/libOgrePaging.so
[7.045s] -- Looking for OGRE_Terrain...
[7.068s] -- Found OGRE_Terrain: optimized;/usr/lib/aarch64-linux-gnu/libOgreTerrain.so;debug;/usr/lib/aarch64-linux-gnu/libOgreTerrain.so
[7.069s] -- Looking for OGRE_Property...
[7.093s] -- Found OGRE_Property: optimized;/usr/lib/aarch64-linux-gnu/libOgreProperty.so;debug;/usr/lib/aarch64-linux-gnu/libOgreProperty.so
[7.094s] -- Looking for OGRE_RTShaderSystem...
[7.117s] -- Found OGRE_RTShaderSystem: optimized;/usr/lib/aarch64-linux-gnu/libOgreRTShaderSystem.so;debug;/usr/lib/aarch64-linux-gnu/libOgreRTShaderSystem.so
[7.118s] -- Looking for OGRE_Volume...
[7.141s] -- Found OGRE_Volume: optimized;/usr/lib/aarch64-linux-gnu/libOgreVolume.so;debug;/usr/lib/aarch64-linux-gnu/libOgreVolume.so
[7.141s] -- Looking for OGRE_Overlay...
[7.167s] -- Found OGRE_Overlay: optimized;/usr/lib/aarch64-linux-gnu/libOgreOverlay.so;debug;/usr/lib/aarch64-linux-gnu/libOgreOverlay.so
[7.742s] -- Found Protobuf: /usr/lib/aarch64-linux-gnu/libprotobuf.so;-lpthread (found suitable version "3.0.0", minimum required is "2.3.0") 
[7.778s] -- Config-file not installed for ZeroMQ -- checking for pkg-config
[7.809s] -- Checking for module 'libzmq >= 4'
[7.884s] --   Found libzmq , version 4.2.5
[8.022s] -- Found ZeroMQ: TRUE (Required is at least version "4") 
[8.070s] -- Checking for module 'uuid'
[8.159s] --   Found uuid, version 2.31.1
[8.320s] -- Found UUID: TRUE  
[8.577s] -- Checking for module 'tinyxml2'
[8.682s] --   Found tinyxml2, version 6.0.0
[8.867s] -- Looking for dlfcn.h - found
[8.872s] -- Looking for libdl - found
[8.895s] -- Found DL: TRUE  
[8.903s] -- FreeImage.pc not found, we will search for FreeImage_INCLUDE_DIRS and FreeImage_LIBRARIES
[9.500s] -- Found UUID: TRUE  
[9.596s] -- Checking for module 'gts'
[9.783s] --   Found gts, version 0.7.6
[10.382s] -- Found GTS: TRUE  
[10.431s] -- Checking for module 'libswscale'
[10.614s] --   Found libswscale, version 4.8.100
[11.197s] -- Found SWSCALE: TRUE  
[11.294s] -- Checking for module 'libavdevice >= 56.4.100'
[11.529s] --   Found libavdevice , version 57.10.100
[12.120s] -- Found AVDEVICE: TRUE (Required is at least version "56.4.100") 
[12.202s] -- Checking for module 'libavformat'
[12.474s] --   Found libavformat, version 57.83.100
[13.067s] -- Found AVFORMAT: TRUE  
[13.168s] -- Checking for module 'libavcodec'
[13.428s] --   Found libavcodec, version 57.107.100
[13.947s] -- Found AVCODEC: TRUE  
[14.051s] -- Checking for module 'libavutil'
[14.274s] --   Found libavutil, version 55.78.100
[14.763s] -- Found AVUTIL: TRUE  
[15.725s] -- Found CURL: /usr/lib/aarch64-linux-gnu/libcurl.so (found version "7.81.0-DEV")  
[15.870s] -- Checking for module 'jsoncpp'
[16.110s] --   Found jsoncpp, version 1.7.4
[16.562s] -- Found JSONCPP: TRUE  
[16.637s] -- Checking for module 'yaml-0.1'
[16.876s] --   Found yaml-0.1, version 0.1.7
[17.383s] -- Found YAML: TRUE  
[17.459s] -- Checking for module 'libzip'
[17.657s] --   Found libzip, version 1.1.2
[18.148s] -- Found ZIP: TRUE  
[18.181s] -- Gazebo version: 9.0
[18.187s] -- Found gazebo_msgs: 3.5.3 (/home/nvidia/workspace/alan/src/AMR_ros2_slam_nav2/install/gazebo_msgs/share/gazebo_msgs/cmake)
[23.623s] -- Found rcl: 1.1.11 (/home/workspace/ros2/install/share/rcl/cmake)
[24.069s] -- Found rmw_implementation_cmake: 1.0.3 (/home/workspace/ros2/install/share/rmw_implementation_cmake/cmake)
[24.093s] -- Using RMW implementation 'rmw_fastrtps_cpp' as default
[24.452s] -- Found rclcpp: 2.4.0 (/home/workspace/ros2/install/share/rclcpp/cmake)
[26.884s] -- Found std_srvs: 2.0.4 (/home/workspace/ros2/install/share/std_srvs/cmake)
[27.058s] -- Found tinyxml_vendor: 0.8.2 (/home/workspace/ros2/install/share/tinyxml_vendor/cmake)
[28.214s] -- Found ament_cmake_gtest: 0.9.9 (/home/workspace/ros2/install/share/ament_cmake_gtest/cmake)
[28.235s] -- Found launch_testing_ament_cmake: 0.10.6 (/home/workspace/ros2/install/share/launch_testing_ament_cmake/cmake)
[28.246s] -- Found python_cmake_module: 0.8.1 (/home/workspace/ros2/install/share/python_cmake_module/cmake)
[28.357s] -- Found PythonInterp: /usr/bin/python3 (found suitable version "3.6.9", minimum required is "3.5") 
[28.411s] -- Found PythonLibs: /usr/lib/aarch64-linux-gnu/libpython3.6m.so (found suitable version "3.6.9", minimum required is "3.5") 
[28.415s] -- Using PYTHON_EXECUTABLE: /usr/bin/python3
[28.415s] -- Using PYTHON_INCLUDE_DIRS: /usr/include/python3.6m
[28.416s] -- Using PYTHON_LIBRARIES: /usr/lib/aarch64-linux-gnu/libpython3.6m.so
[28.531s] -- Found PythonExtra: .so  
[28.541s] -- Found sensor_msgs: 2.0.4 (/home/workspace/ros2/install/share/sensor_msgs/cmake)
[30.159s] -- Found gtest sources under '/home/workspace/ros2/install/src/gtest_vendor': C++ tests using 'Google Test' will be built
[30.184s] -- Check if compiler accepts -pthread
[30.396s] -- Check if compiler accepts -pthread - yes
[32.177s] -- Found ament_lint_auto: 0.9.6 (/home/workspace/ros2/install/share/ament_lint_auto/cmake)
[32.785s] -- Found python_cmake_module: 0.8.1 (/home/workspace/ros2/install/share/python_cmake_module/cmake)
[32.909s] -- Using PYTHON_EXECUTABLE: /usr/bin/python3
[32.910s] -- Using PYTHON_INCLUDE_DIRS: /usr/include/python3.6m
[32.911s] -- Using PYTHON_LIBRARIES: /usr/lib/aarch64-linux-gnu/libpython3.6m.so
[33.779s] -- Added test 'copyright' to check source files copyright and LICENSE
[33.794s] -- Added test 'cppcheck' to perform static code analysis on C / C++ code
[33.820s] -- Configured cppcheck include dirs: $<BUILD_INTERFACE:/home/nvidia/workspace/alan/src/AMR_ros2_slam_nav2/gazebo_ros_pkgs/gazebo_ros/include>
[33.821s] -- Configured cppcheck exclude dirs and/or files: 
[33.834s] -- Added test 'cpplint' to check C / C++ code against the Google style
[33.835s] -- Configured cpplint exclude dirs and/or files: 
[33.841s] -- Added test 'flake8' to check Python code syntax and style conventions
[33.849s] -- Added test 'lint_cmake' to check CMake code style
[33.856s] -- Added test 'pep257' to check Python code against some of the style conventions in PEP 257
[33.870s] -- Added test 'uncrustify' to check C / C++ code style
[33.871s] -- Configured uncrustify additional arguments: 
[33.877s] -- Added test 'xmllint' to check XML markup files
[33.911s] -- Configuring done
[36.421s] -- Generating done
[36.455s] -- Build files have been written to: /home/nvidia/workspace/alan/src/AMR_ros2_slam_nav2/build/gazebo_ros
[36.530s] Invoked command in '/home/nvidia/workspace/alan/src/AMR_ros2_slam_nav2/build/gazebo_ros' returned '0': AMENT_PREFIX_PATH=/home/nvidia/workspace/alan/src/AMR_ros2_slam_nav2/install/gazebo_msgs:/home/nvidia/workspace/alan/src/AMR_ros2_slam_nav2/install/gazebo_dev:${AMENT_PREFIX_PATH} CMAKE_PREFIX_PATH=/home/nvidia/workspace/alan/src/AMR_ros2_slam_nav2/install/gazebo_msgs:/home/nvidia/workspace/alan/src/AMR_ros2_slam_nav2/install/gazebo_dev:${CMAKE_PREFIX_PATH} LD_LIBRARY_PATH=/home/nvidia/workspace/alan/src/AMR_ros2_slam_nav2/install/gazebo_msgs/lib:/home/workspace/ros2/install/opt/yaml_cpp_vendor/lib:/home/workspace/ros2/install/opt/rviz_ogre_vendor/lib:/home/workspace/ros2/install/lib:/usr/local/cuda-10.2/lib64 PYTHONPATH=/home/nvidia/workspace/alan/src/AMR_ros2_slam_nav2/install/gazebo_msgs/lib/python3.6/site-packages:/home/workspace/ros2/install/lib/python3.6/site-packages:/usr/local/lib:/usr/local/cuda/bin /usr/local/bin/cmake /home/nvidia/workspace/alan/src/AMR_ros2_slam_nav2/gazebo_ros_pkgs/gazebo_ros -DCMAKE_INSTALL_PREFIX=/home/nvidia/workspace/alan/src/AMR_ros2_slam_nav2/install/gazebo_ros
[36.537s] Invoking command in '/home/nvidia/workspace/alan/src/AMR_ros2_slam_nav2/build/gazebo_ros': AMENT_PREFIX_PATH=/home/nvidia/workspace/alan/src/AMR_ros2_slam_nav2/install/gazebo_msgs:/home/nvidia/workspace/alan/src/AMR_ros2_slam_nav2/install/gazebo_dev:${AMENT_PREFIX_PATH} CMAKE_PREFIX_PATH=/home/nvidia/workspace/alan/src/AMR_ros2_slam_nav2/install/gazebo_msgs:/home/nvidia/workspace/alan/src/AMR_ros2_slam_nav2/install/gazebo_dev:${CMAKE_PREFIX_PATH} LD_LIBRARY_PATH=/home/nvidia/workspace/alan/src/AMR_ros2_slam_nav2/install/gazebo_msgs/lib:/home/workspace/ros2/install/opt/yaml_cpp_vendor/lib:/home/workspace/ros2/install/opt/rviz_ogre_vendor/lib:/home/workspace/ros2/install/lib:/usr/local/cuda-10.2/lib64 PYTHONPATH=/home/nvidia/workspace/alan/src/AMR_ros2_slam_nav2/install/gazebo_msgs/lib/python3.6/site-packages:/home/workspace/ros2/install/lib/python3.6/site-packages:/usr/local/lib:/usr/local/cuda/bin /usr/local/bin/cmake --build /home/nvidia/workspace/alan/src/AMR_ros2_slam_nav2/build/gazebo_ros -- -j8 -l8
[36.639s] [35m[1mScanning dependencies of target gazebo_ros_node[0m
[36.929s] [  1%] [32mBuilding CXX object CMakeFiles/gazebo_ros_node.dir/src/executor.cpp.o[0m
[48.931s] [  3%] [32mBuilding CXX object CMakeFiles/gazebo_ros_node.dir/src/qos.cpp.o[0m
[56.615s] [  5%] [32mBuilding CXX object CMakeFiles/gazebo_ros_node.dir/src/node.cpp.o[0m
[76.994s] [  7%] [32m[1mLinking CXX shared library libgazebo_ros_node.so[0m
[78.434s] [  7%] Built target gazebo_ros_node
[78.450s] [35m[1mScanning dependencies of target mock_robot_state_publisher[0m
[78.568s] [  8%] [32mBuilding CXX object test/CMakeFiles/mock_robot_state_publisher.dir/mock_robot_state_publisher/robot_state_publisher.cpp.o[0m
[86.429s] [ 10%] [32m[1mLinking CXX executable mock_robot_state_publisher[0m
[87.038s] [ 10%] Built target mock_robot_state_publisher
[87.053s] [35m[1mScanning dependencies of target multiple_nodes[0m
[87.263s] [ 12%] [32mBuilding CXX object test/CMakeFiles/multiple_nodes.dir/plugins/multiple_nodes.cpp.o[0m
[89.254s] [35m[1mScanning dependencies of target args_init[0m
[89.455s] [ 14%] [32mBuilding CXX object test/CMakeFiles/args_init.dir/plugins/args_init.cpp.o[0m
[91.513s] [35m[1mScanning dependencies of target gazebo_ros_state[0m
[92.725s] [ 16%] [32mBuilding CXX object CMakeFiles/gazebo_ros_state.dir/src/gazebo_ros_state.cpp.o[0m
[103.573s] [35m[1mScanning dependencies of target gazebo_ros_properties[0m
[103.913s] [ 17%] [32m[1mLinking CXX shared library libmultiple_nodes.so[0m
[104.119s] [35m[1mScanning dependencies of target gazebo_ros_force_system[0m
[104.178s] [ 19%] [32mBuilding CXX object CMakeFiles/gazebo_ros_properties.dir/src/gazebo_ros_properties.cpp.o[0m
[104.889s] [ 21%] [32mBuilding CXX object CMakeFiles/gazebo_ros_force_system.dir/src/gazebo_ros_force_system.cpp.o[0m
[105.330s] [ 21%] Built target multiple_nodes
[105.333s] [35m[1mScanning dependencies of target gtest_main[0m
[105.403s] [35m[1mScanning dependencies of target gtest[0m
[105.476s] [ 23%] [32mBuilding CXX object gtest/CMakeFiles/gtest_main.dir/src/gtest_main.cc.o[0m
[105.586s] [ 25%] [32mBuilding CXX object gtest/CMakeFiles/gtest.dir/src/gtest-all.cc.o[0m
[106.596s] [35m[1mScanning dependencies of target ros_world_plugin[0m
[107.093s] [ 26%] [32mBuilding CXX object test/CMakeFiles/ros_world_plugin.dir/plugins/ros_world_plugin.cpp.o[0m
[108.537s] [ 28%] [32m[1mLinking CXX shared library libargs_init.so[0m
[109.410s] [ 30%] [32m[1mLinking CXX static library libgtest_main.a[0m
[109.659s] [ 30%] Built target gtest_main
[111.198s] [ 30%] Built target args_init
[123.358s] [ 32%] [32m[1mLinking CXX static library libgtest.a[0m
[123.717s] [ 32%] Built target gtest
[131.158s] [ 33%] [32m[1mLinking CXX shared library libros_world_plugin.so[0m
[132.093s] [ 35%] [32m[1mLinking CXX shared library libgazebo_ros_state.so[0m
[132.421s] [ 35%] Built target ros_world_plugin
[134.040s] [ 35%] Built target gazebo_ros_state
[140.081s] [ 37%] [32m[1mLinking CXX shared library libgazebo_ros_force_system.so[0m
[141.871s] [ 37%] Built target gazebo_ros_force_system
[144.196s] [ 39%] [32m[1mLinking CXX shared library libgazebo_ros_properties.so[0m
[146.318s] [ 39%] Built target gazebo_ros_properties
[146.335s] [35m[1mScanning dependencies of target create_node_without_init[0m
[146.536s] [ 41%] [32mBuilding CXX object test/CMakeFiles/create_node_without_init.dir/plugins/create_node_without_init.cpp.o[0m
[163.798s] [ 42%] [32m[1mLinking CXX shared library libcreate_node_without_init.so[0m
[165.211s] [ 42%] Built target create_node_without_init
[165.233s] [35m[1mScanning dependencies of target sdf_node[0m
[165.502s] [ 44%] [32mBuilding CXX object test/CMakeFiles/sdf_node.dir/plugins/sdf_node.cpp.o[0m
[182.963s] [ 46%] [32m[1mLinking CXX shared library libsdf_node.so[0m
[184.325s] [ 46%] Built target sdf_node
[184.345s] [35m[1mScanning dependencies of target gazebo_ros_utils[0m
[184.654s] [ 48%] [32mBuilding CXX object CMakeFiles/gazebo_ros_utils.dir/src/utils.cpp.o[0m
[198.637s] [ 50%] [32m[1mLinking CXX shared library libgazebo_ros_utils.so[0m
[199.107s] [ 50%] Built target gazebo_ros_utils
[199.124s] [35m[1mScanning dependencies of target gazebo_ros_init[0m
[199.543s] [ 51%] [32mBuilding CXX object CMakeFiles/gazebo_ros_init.dir/src/gazebo_ros_init.cpp.o[0m
[208.518s] [35m[1mScanning dependencies of target test_gazebo_ros_properties[0m
[209.602s] [ 53%] [32mBuilding CXX object test/CMakeFiles/test_gazebo_ros_properties.dir/test_gazebo_ros_properties.cpp.o[0m
[210.531s] [35m[1mScanning dependencies of target test_gazebo_ros_link_wrench[0m
[211.293s] [ 55%] [32mBuilding CXX object test/CMakeFiles/test_gazebo_ros_link_wrench.dir/test_gazebo_ros_link_wrench.cpp.o[0m
[212.219s] [35m[1mScanning dependencies of target test_gazebo_ros_joint_effort[0m
[213.380s] [ 57%] [32mBuilding CXX object test/CMakeFiles/test_gazebo_ros_joint_effort.dir/test_gazebo_ros_joint_effort.cpp.o[0m
[236.735s] [ 58%] [32m[1mLinking CXX shared library libgazebo_ros_init.so[0m
[238.814s] [ 58%] Built target gazebo_ros_init
[266.198s] [ 60%] [32m[1mLinking CXX executable test_gazebo_ros_joint_effort[0m
[266.678s] [ 62%] [32m[1mLinking CXX executable test_gazebo_ros_link_wrench[0m
[270.490s] [ 62%] Built target test_gazebo_ros_joint_effort
[270.511s] [ 62%] Built target test_gazebo_ros_link_wrench
[278.463s] [ 64%] [32m[1mLinking CXX executable test_gazebo_ros_properties[0m
[282.069s] [ 64%] Built target test_gazebo_ros_properties
[282.087s] [35m[1mScanning dependencies of target test_gazebo_ros_state[0m
[282.606s] [ 66%] [32mBuilding CXX object test/CMakeFiles/test_gazebo_ros_state.dir/test_gazebo_ros_state.cpp.o[0m
[284.575s] [35m[1mScanning dependencies of target test_gazebo_ros_init[0m
[285.111s] [ 67%] [32mBuilding CXX object test/CMakeFiles/test_gazebo_ros_init.dir/test_gazebo_ros_init.cpp.o[0m
[286.185s] [35m[1mScanning dependencies of target test_gazebo_ros_factory[0m
[287.149s] [ 69%] [32mBuilding CXX object test/CMakeFiles/test_gazebo_ros_factory.dir/test_gazebo_ros_factory.cpp.o[0m
[334.247s] [ 71%] [32m[1mLinking CXX executable test_gazebo_ros_init[0m
[337.635s] [ 71%] Built target test_gazebo_ros_init
[339.210s] [ 73%] [32m[1mLinking CXX executable test_gazebo_ros_factory[0m
[342.669s] [ 73%] Built target test_gazebo_ros_factory
[351.689s] [ 75%] [32m[1mLinking CXX executable test_gazebo_ros_state[0m
[356.196s] [ 75%] Built target test_gazebo_ros_state
[356.217s] [35m[1mScanning dependencies of target test_qos[0m
[356.377s] [ 76%] [32mBuilding CXX object test/CMakeFiles/test_qos.dir/test_qos.cpp.o[0m
[362.912s] [ 78%] [32m[1mLinking CXX executable test_qos[0m
[365.234s] [ 78%] Built target test_qos
[365.262s] [35m[1mScanning dependencies of target test_node[0m
[365.308s] [35m[1mScanning dependencies of target test_sim_time[0m
[365.656s] [ 80%] [32mBuilding CXX object test/CMakeFiles/test_sim_time.dir/test_sim_time.cpp.o[0m
[365.847s] [ 82%] [32mBuilding CXX object test/CMakeFiles/test_node.dir/test_node.cpp.o[0m
[383.069s] [ 83%] [32m[1mLinking CXX executable test_node[0m
[385.562s] [ 83%] Built target test_node
[388.042s] [ 85%] [32m[1mLinking CXX executable test_sim_time[0m
[389.741s] [ 85%] Built target test_sim_time
[389.758s] [35m[1mScanning dependencies of target test_plugins[0m
[389.953s] [ 87%] [32mBuilding CXX object test/CMakeFiles/test_plugins.dir/test_plugins.cpp.o[0m
[416.008s] [ 89%] [32m[1mLinking CXX executable test_plugins[0m
[418.473s] [ 89%] Built target test_plugins
[418.556s] [35m[1mScanning dependencies of target test_conversions[0m
[418.874s] [ 91%] [32mBuilding CXX object test/CMakeFiles/test_conversions.dir/test_conversions.cpp.o[0m
[424.102s] [ 92%] [32m[1mLinking CXX executable test_conversions[0m
[426.337s] [ 92%] Built target test_conversions
[426.353s] [35m[1mScanning dependencies of target test_utils[0m
[426.655s] [ 94%] [32mBuilding CXX object test/CMakeFiles/test_utils.dir/test_utils.cpp.o[0m
[442.788s] [ 96%] [32m[1mLinking CXX executable test_utils[0m
[444.825s] [ 96%] Built target test_utils
[444.841s] [35m[1mScanning dependencies of target gazebo_ros_factory[0m
[445.269s] [ 98%] [32mBuilding CXX object CMakeFiles/gazebo_ros_factory.dir/src/gazebo_ros_factory.cpp.o[0m
[478.180s] [100%] [32m[1mLinking CXX shared library libgazebo_ros_factory.so[0m
[480.235s] [100%] Built target gazebo_ros_factory
[480.264s] Invoked command in '/home/nvidia/workspace/alan/src/AMR_ros2_slam_nav2/build/gazebo_ros' returned '0': AMENT_PREFIX_PATH=/home/nvidia/workspace/alan/src/AMR_ros2_slam_nav2/install/gazebo_msgs:/home/nvidia/workspace/alan/src/AMR_ros2_slam_nav2/install/gazebo_dev:${AMENT_PREFIX_PATH} CMAKE_PREFIX_PATH=/home/nvidia/workspace/alan/src/AMR_ros2_slam_nav2/install/gazebo_msgs:/home/nvidia/workspace/alan/src/AMR_ros2_slam_nav2/install/gazebo_dev:${CMAKE_PREFIX_PATH} LD_LIBRARY_PATH=/home/nvidia/workspace/alan/src/AMR_ros2_slam_nav2/install/gazebo_msgs/lib:/home/workspace/ros2/install/opt/yaml_cpp_vendor/lib:/home/workspace/ros2/install/opt/rviz_ogre_vendor/lib:/home/workspace/ros2/install/lib:/usr/local/cuda-10.2/lib64 PYTHONPATH=/home/nvidia/workspace/alan/src/AMR_ros2_slam_nav2/install/gazebo_msgs/lib/python3.6/site-packages:/home/workspace/ros2/install/lib/python3.6/site-packages:/usr/local/lib:/usr/local/cuda/bin /usr/local/bin/cmake --build /home/nvidia/workspace/alan/src/AMR_ros2_slam_nav2/build/gazebo_ros -- -j8 -l8
[480.477s] Invoking command in '/home/nvidia/workspace/alan/src/AMR_ros2_slam_nav2/build/gazebo_ros': AMENT_PREFIX_PATH=/home/nvidia/workspace/alan/src/AMR_ros2_slam_nav2/install/gazebo_msgs:/home/nvidia/workspace/alan/src/AMR_ros2_slam_nav2/install/gazebo_dev:${AMENT_PREFIX_PATH} CMAKE_PREFIX_PATH=/home/nvidia/workspace/alan/src/AMR_ros2_slam_nav2/install/gazebo_msgs:/home/nvidia/workspace/alan/src/AMR_ros2_slam_nav2/install/gazebo_dev:${CMAKE_PREFIX_PATH} LD_LIBRARY_PATH=/home/nvidia/workspace/alan/src/AMR_ros2_slam_nav2/install/gazebo_msgs/lib:/home/workspace/ros2/install/opt/yaml_cpp_vendor/lib:/home/workspace/ros2/install/opt/rviz_ogre_vendor/lib:/home/workspace/ros2/install/lib:/usr/local/cuda-10.2/lib64 PYTHONPATH=/home/nvidia/workspace/alan/src/AMR_ros2_slam_nav2/install/gazebo_msgs/lib/python3.6/site-packages:/home/workspace/ros2/install/lib/python3.6/site-packages:/usr/local/lib:/usr/local/cuda/bin /usr/local/bin/cmake --install /home/nvidia/workspace/alan/src/AMR_ros2_slam_nav2/build/gazebo_ros
[480.492s] -- Install configuration: ""
[480.493s] -- Installing: /home/nvidia/workspace/alan/src/AMR_ros2_slam_nav2/install/gazebo_ros/share/gazebo_ros/environment/pythonpath.sh
[480.495s] -- Installing: /home/nvidia/workspace/alan/src/AMR_ros2_slam_nav2/install/gazebo_ros/share/gazebo_ros/environment/pythonpath.dsv
[480.499s] -- Installing: /home/nvidia/workspace/alan/src/AMR_ros2_slam_nav2/install/gazebo_ros/lib/python3.6/site-packages/scripts/
[480.499s] -- Installing: /home/nvidia/workspace/alan/src/AMR_ros2_slam_nav2/install/gazebo_ros/lib/python3.6/site-packages/scripts//__init__.py
[480.500s] -- Installing: /home/nvidia/workspace/alan/src/AMR_ros2_slam_nav2/install/gazebo_ros/lib/python3.6/site-packages/scripts//spawn_entity.py
[480.500s] -- Installing: /home/nvidia/workspace/alan/src/AMR_ros2_slam_nav2/install/gazebo_ros/lib/python3.6/site-packages/scripts//gazebo_ros_paths.py
[480.634s] Listing '/home/nvidia/workspace/alan/src/AMR_ros2_slam_nav2/install/gazebo_ros/lib/python3.6/site-packages/scripts/'...
[480.635s] Compiling '/home/nvidia/workspace/alan/src/AMR_ros2_slam_nav2/install/gazebo_ros/lib/python3.6/site-packages/scripts/__init__.py'...
[480.637s] Compiling '/home/nvidia/workspace/alan/src/AMR_ros2_slam_nav2/install/gazebo_ros/lib/python3.6/site-packages/scripts/gazebo_ros_paths.py'...
[480.637s] Compiling '/home/nvidia/workspace/alan/src/AMR_ros2_slam_nav2/install/gazebo_ros/lib/python3.6/site-packages/scripts/spawn_entity.py'...
[480.648s] -- Installing: /home/nvidia/workspace/alan/src/AMR_ros2_slam_nav2/install/gazebo_ros/share/gazebo_ros/environment/library_path.sh
[480.651s] -- Installing: /home/nvidia/workspace/alan/src/AMR_ros2_slam_nav2/install/gazebo_ros/share/gazebo_ros/environment/library_path.dsv
[480.652s] -- Installing: /home/nvidia/workspace/alan/src/AMR_ros2_slam_nav2/install/gazebo_ros/share/ament_index/resource_index/package_run_dependencies/gazebo_ros
[480.654s] -- Installing: /home/nvidia/workspace/alan/src/AMR_ros2_slam_nav2/install/gazebo_ros/share/ament_index/resource_index/parent_prefix_path/gazebo_ros
[480.655s] -- Installing: /home/nvidia/workspace/alan/src/AMR_ros2_slam_nav2/install/gazebo_ros/share/gazebo_ros/environment/ament_prefix_path.sh
[480.656s] -- Installing: /home/nvidia/workspace/alan/src/AMR_ros2_slam_nav2/install/gazebo_ros/share/gazebo_ros/environment/ament_prefix_path.dsv
[480.657s] -- Installing: /home/nvidia/workspace/alan/src/AMR_ros2_slam_nav2/install/gazebo_ros/share/gazebo_ros/environment/path.sh
[480.658s] -- Installing: /home/nvidia/workspace/alan/src/AMR_ros2_slam_nav2/install/gazebo_ros/share/gazebo_ros/environment/path.dsv
[480.659s] -- Installing: /home/nvidia/workspace/alan/src/AMR_ros2_slam_nav2/install/gazebo_ros/share/gazebo_ros/local_setup.bash
[480.661s] -- Installing: /home/nvidia/workspace/alan/src/AMR_ros2_slam_nav2/install/gazebo_ros/share/gazebo_ros/local_setup.sh
[480.662s] -- Installing: /home/nvidia/workspace/alan/src/AMR_ros2_slam_nav2/install/gazebo_ros/share/gazebo_ros/local_setup.zsh
[480.663s] -- Installing: /home/nvidia/workspace/alan/src/AMR_ros2_slam_nav2/install/gazebo_ros/share/gazebo_ros/local_setup.dsv
[480.664s] -- Installing: /home/nvidia/workspace/alan/src/AMR_ros2_slam_nav2/install/gazebo_ros/share/gazebo_ros/package.dsv
[480.665s] -- Installing: /home/nvidia/workspace/alan/src/AMR_ros2_slam_nav2/install/gazebo_ros/share/ament_index/resource_index/packages/gazebo_ros
[480.666s] -- Installing: /home/nvidia/workspace/alan/src/AMR_ros2_slam_nav2/install/gazebo_ros/share/gazebo_ros/cmake/ament_cmake_export_libraries-extras.cmake
[480.667s] -- Installing: /home/nvidia/workspace/alan/src/AMR_ros2_slam_nav2/install/gazebo_ros/share/gazebo_ros/cmake/ament_cmake_export_include_directories-extras.cmake
[480.668s] -- Installing: /home/nvidia/workspace/alan/src/AMR_ros2_slam_nav2/install/gazebo_ros/share/gazebo_ros/cmake/ament_cmake_export_dependencies-extras.cmake
[480.669s] -- Installing: /home/nvidia/workspace/alan/src/AMR_ros2_slam_nav2/install/gazebo_ros/share/gazebo_ros/cmake/gazebo_rosConfig.cmake
[480.670s] -- Installing: /home/nvidia/workspace/alan/src/AMR_ros2_slam_nav2/install/gazebo_ros/share/gazebo_ros/cmake/gazebo_rosConfig-version.cmake
[480.671s] -- Installing: /home/nvidia/workspace/alan/src/AMR_ros2_slam_nav2/install/gazebo_ros/share/gazebo_ros/package.xml
[480.673s] -- Installing: /home/nvidia/workspace/alan/src/AMR_ros2_slam_nav2/install/gazebo_ros/include
[480.674s] -- Installing: /home/nvidia/workspace/alan/src/AMR_ros2_slam_nav2/install/gazebo_ros/include/gazebo_ros
[480.675s] -- Installing: /home/nvidia/workspace/alan/src/AMR_ros2_slam_nav2/install/gazebo_ros/include/gazebo_ros/gazebo_ros_factory.hpp
[480.675s] -- Installing: /home/nvidia/workspace/alan/src/AMR_ros2_slam_nav2/install/gazebo_ros/include/gazebo_ros/gazebo_ros_state.hpp
[480.676s] -- Installing: /home/nvidia/workspace/alan/src/AMR_ros2_slam_nav2/install/gazebo_ros/include/gazebo_ros/executor.hpp
[480.677s] -- Installing: /home/nvidia/workspace/alan/src/AMR_ros2_slam_nav2/install/gazebo_ros/include/gazebo_ros/utils.hpp
[480.677s] -- Installing: /home/nvidia/workspace/alan/src/AMR_ros2_slam_nav2/install/gazebo_ros/include/gazebo_ros/node.hpp
[480.678s] -- Installing: /home/nvidia/workspace/alan/src/AMR_ros2_slam_nav2/install/gazebo_ros/include/gazebo_ros/testing_utils.hpp
[480.679s] -- Installing: /home/nvidia/workspace/alan/src/AMR_ros2_slam_nav2/install/gazebo_ros/include/gazebo_ros/gazebo_ros_init.hpp
[480.680s] -- Installing: /home/nvidia/workspace/alan/src/AMR_ros2_slam_nav2/install/gazebo_ros/include/gazebo_ros/conversions
[480.680s] -- Installing: /home/nvidia/workspace/alan/src/AMR_ros2_slam_nav2/install/gazebo_ros/include/gazebo_ros/conversions/geometry_msgs.hpp
[480.681s] -- Installing: /home/nvidia/workspace/alan/src/AMR_ros2_slam_nav2/install/gazebo_ros/include/gazebo_ros/conversions/gazebo_msgs.hpp
[480.681s] -- Installing: /home/nvidia/workspace/alan/src/AMR_ros2_slam_nav2/install/gazebo_ros/include/gazebo_ros/conversions/sensor_msgs.hpp
[480.682s] -- Installing: /home/nvidia/workspace/alan/src/AMR_ros2_slam_nav2/install/gazebo_ros/include/gazebo_ros/conversions/generic.hpp
[480.682s] -- Installing: /home/nvidia/workspace/alan/src/AMR_ros2_slam_nav2/install/gazebo_ros/include/gazebo_ros/conversions/builtin_interfaces.hpp
[480.682s] -- Installing: /home/nvidia/workspace/alan/src/AMR_ros2_slam_nav2/install/gazebo_ros/include/gazebo_ros/gazebo_ros_properties.hpp
[480.683s] -- Installing: /home/nvidia/workspace/alan/src/AMR_ros2_slam_nav2/install/gazebo_ros/include/gazebo_ros/qos.hpp
[480.683s] -- Installing: /home/nvidia/workspace/alan/src/AMR_ros2_slam_nav2/install/gazebo_ros/include/gazebo_ros/gazebo_ros_force_system.hpp
[480.683s] -- Installing: /home/nvidia/workspace/alan/src/AMR_ros2_slam_nav2/install/gazebo_ros/include/gazebo_ros/utils_visibility_control.h
[480.684s] -- Installing: /home/nvidia/workspace/alan/src/AMR_ros2_slam_nav2/install/gazebo_ros/include/gazebo_ros/node_visibility_control.h
[480.684s] -- Installing: /home/nvidia/workspace/alan/src/AMR_ros2_slam_nav2/install/gazebo_ros/lib/gazebo_ros/gazebo_ros_paths.py
[480.684s] -- Installing: /home/nvidia/workspace/alan/src/AMR_ros2_slam_nav2/install/gazebo_ros/lib/libgazebo_ros_factory.so
[480.690s] -- Set runtime path of "/home/nvidia/workspace/alan/src/AMR_ros2_slam_nav2/install/gazebo_ros/lib/libgazebo_ros_factory.so" to ""
[480.691s] -- Installing: /home/nvidia/workspace/alan/src/AMR_ros2_slam_nav2/install/gazebo_ros/lib/libgazebo_ros_force_system.so
[480.699s] -- Set runtime path of "/home/nvidia/workspace/alan/src/AMR_ros2_slam_nav2/install/gazebo_ros/lib/libgazebo_ros_force_system.so" to ""
[480.701s] -- Installing: /home/nvidia/workspace/alan/src/AMR_ros2_slam_nav2/install/gazebo_ros/lib/libgazebo_ros_init.so
[480.709s] -- Set runtime path of "/home/nvidia/workspace/alan/src/AMR_ros2_slam_nav2/install/gazebo_ros/lib/libgazebo_ros_init.so" to ""
[480.711s] -- Installing: /home/nvidia/workspace/alan/src/AMR_ros2_slam_nav2/install/gazebo_ros/lib/libgazebo_ros_node.so
[480.717s] -- Set runtime path of "/home/nvidia/workspace/alan/src/AMR_ros2_slam_nav2/install/gazebo_ros/lib/libgazebo_ros_node.so" to ""
[480.718s] -- Installing: /home/nvidia/workspace/alan/src/AMR_ros2_slam_nav2/install/gazebo_ros/lib/libgazebo_ros_properties.so
[480.729s] -- Set runtime path of "/home/nvidia/workspace/alan/src/AMR_ros2_slam_nav2/install/gazebo_ros/lib/libgazebo_ros_properties.so" to ""
[480.730s] -- Installing: /home/nvidia/workspace/alan/src/AMR_ros2_slam_nav2/install/gazebo_ros/lib/libgazebo_ros_state.so
[480.740s] -- Set runtime path of "/home/nvidia/workspace/alan/src/AMR_ros2_slam_nav2/install/gazebo_ros/lib/libgazebo_ros_state.so" to ""
[480.741s] -- Installing: /home/nvidia/workspace/alan/src/AMR_ros2_slam_nav2/install/gazebo_ros/lib/libgazebo_ros_utils.so
[480.744s] -- Set runtime path of "/home/nvidia/workspace/alan/src/AMR_ros2_slam_nav2/install/gazebo_ros/lib/libgazebo_ros_utils.so" to ""
[480.746s] -- Installing: /home/nvidia/workspace/alan/src/AMR_ros2_slam_nav2/install/gazebo_ros/lib/gazebo_ros/spawn_entity.py
[480.747s] -- Installing: /home/nvidia/workspace/alan/src/AMR_ros2_slam_nav2/install/gazebo_ros/share/gazebo_ros//launch
[480.748s] -- Installing: /home/nvidia/workspace/alan/src/AMR_ros2_slam_nav2/install/gazebo_ros/share/gazebo_ros//launch/gzserver.launch.py
[480.749s] -- Installing: /home/nvidia/workspace/alan/src/AMR_ros2_slam_nav2/install/gazebo_ros/share/gazebo_ros//launch/spawn_entity_demo.launch.py
[480.750s] -- Installing: /home/nvidia/workspace/alan/src/AMR_ros2_slam_nav2/install/gazebo_ros/share/gazebo_ros//launch/gazebo.launch.py
[480.750s] -- Installing: /home/nvidia/workspace/alan/src/AMR_ros2_slam_nav2/install/gazebo_ros/share/gazebo_ros//launch/gzclient.launch.py
[480.772s] Invoked command in '/home/nvidia/workspace/alan/src/AMR_ros2_slam_nav2/build/gazebo_ros' returned '0': AMENT_PREFIX_PATH=/home/nvidia/workspace/alan/src/AMR_ros2_slam_nav2/install/gazebo_msgs:/home/nvidia/workspace/alan/src/AMR_ros2_slam_nav2/install/gazebo_dev:${AMENT_PREFIX_PATH} CMAKE_PREFIX_PATH=/home/nvidia/workspace/alan/src/AMR_ros2_slam_nav2/install/gazebo_msgs:/home/nvidia/workspace/alan/src/AMR_ros2_slam_nav2/install/gazebo_dev:${CMAKE_PREFIX_PATH} LD_LIBRARY_PATH=/home/nvidia/workspace/alan/src/AMR_ros2_slam_nav2/install/gazebo_msgs/lib:/home/workspace/ros2/install/opt/yaml_cpp_vendor/lib:/home/workspace/ros2/install/opt/rviz_ogre_vendor/lib:/home/workspace/ros2/install/lib:/usr/local/cuda-10.2/lib64 PYTHONPATH=/home/nvidia/workspace/alan/src/AMR_ros2_slam_nav2/install/gazebo_msgs/lib/python3.6/site-packages:/home/workspace/ros2/install/lib/python3.6/site-packages:/usr/local/lib:/usr/local/cuda/bin /usr/local/bin/cmake --install /home/nvidia/workspace/alan/src/AMR_ros2_slam_nav2/build/gazebo_ros
