[0.077s] Invoking command in '/home/nvidia/workspace/alan/src/AMR_ros2_slam_nav2/build/nav2_bt_navigator': AMENT_PREFIX_PATH=/home/nvidia/workspace/alan/src/AMR_ros2_slam_nav2/install/nav2_behavior_tree:/home/nvidia/workspace/alan/src/AMR_ros2_slam_nav2/install/nav2_util:/home/nvidia/workspace/alan/src/AMR_ros2_slam_nav2/install/nav2_msgs:/home/nvidia/workspace/alan/src/AMR_ros2_slam_nav2/install/nav2_common:${AMENT_PREFIX_PATH} CMAKE_PREFIX_PATH=/home/nvidia/workspace/alan/src/AMR_ros2_slam_nav2/install/nav2_behavior_tree:/home/nvidia/workspace/alan/src/AMR_ros2_slam_nav2/install/nav2_util:/home/nvidia/workspace/alan/src/AMR_ros2_slam_nav2/install/nav2_msgs:/home/nvidia/workspace/alan/src/AMR_ros2_slam_nav2/install/nav2_common:${CMAKE_PREFIX_PATH} LD_LIBRARY_PATH=/home/nvidia/workspace/alan/src/AMR_ros2_slam_nav2/install/nav2_behavior_tree/lib:/home/nvidia/workspace/alan/src/AMR_ros2_slam_nav2/install/nav2_util/lib:/home/nvidia/workspace/alan/src/AMR_ros2_slam_nav2/install/nav2_msgs/lib:/home/workspace/ros2/install/opt/yaml_cpp_vendor/lib:/home/workspace/ros2/install/opt/rviz_ogre_vendor/lib:/home/workspace/ros2/install/lib:/usr/local/cuda-10.2/lib64 PYTHONPATH=/home/nvidia/workspace/alan/src/AMR_ros2_slam_nav2/install/nav2_msgs/lib/python3.6/site-packages:/home/nvidia/workspace/alan/src/AMR_ros2_slam_nav2/install/nav2_common/lib/python3.6/site-packages:/home/workspace/ros2/install/lib/python3.6/site-packages:/usr/local/lib:/usr/local/cuda/bin /usr/local/bin/cmake /home/nvidia/workspace/alan/src/AMR_ros2_slam_nav2/navigation2/nav2_bt_navigator -DCMAKE_INSTALL_PREFIX=/home/nvidia/workspace/alan/src/AMR_ros2_slam_nav2/install/nav2_bt_navigator
[0.311s] -- The C compiler identification is GNU 7.5.0
[0.568s] -- The CXX compiler identification is GNU 7.5.0
[0.625s] -- Check for working C compiler: /usr/bin/cc
[0.827s] -- Check for working C compiler: /usr/bin/cc -- works
[0.837s] -- Detecting C compiler ABI info
[1.052s] -- Detecting C compiler ABI info - done
[1.213s] -- Detecting C compile features
[1.217s] -- Detecting C compile features - done
[1.247s] -- Check for working CXX compiler: /usr/bin/c++
[1.675s] -- Check for working CXX compiler: /usr/bin/c++ -- works
[1.683s] -- Detecting CXX compiler ABI info
[2.285s] -- Detecting CXX compiler ABI info - done
[2.507s] -- Detecting CXX compile features
[2.513s] -- Detecting CXX compile features - done
[2.559s] -- Found ament_cmake: 0.9.9 (/home/workspace/ros2/install/share/ament_cmake/cmake)
[2.982s] -- Found PythonInterp: /usr/bin/python3 (found suitable version "3.6.9", minimum required is "3") 
[2.983s] -- Using PYTHON_EXECUTABLE: /usr/bin/python3
[4.609s] -- Found nav2_common: 0.4.7 (/home/nvidia/workspace/alan/src/AMR_ros2_slam_nav2/install/nav2_common/share/nav2_common/cmake)
[4.630s] -- Found rclcpp: 2.4.0 (/home/workspace/ros2/install/share/rclcpp/cmake)
[5.444s] -- Using all available rosidl_typesupport_c: rosidl_typesupport_fastrtps_c;rosidl_typesupport_introspection_c
[5.583s] -- Found rosidl_adapter: 1.2.1 (/home/workspace/ros2/install/share/rosidl_adapter/cmake)
[6.690s] -- Found OpenSSL: /usr/lib/aarch64-linux-gnu/libcrypto.so (found version "1.1.1")  
[6.978s] -- Found FastRTPS: /home/workspace/ros2/install/include  
[8.433s] -- Using all available rosidl_typesupport_cpp: rosidl_typesupport_fastrtps_cpp;rosidl_typesupport_introspection_cpp
[9.509s] -- Found rmw_implementation_cmake: 1.0.3 (/home/workspace/ros2/install/share/rmw_implementation_cmake/cmake)
[9.547s] -- Using RMW implementation 'rmw_fastrtps_cpp' as default
[9.570s] -- Looking for pthread.h
[10.216s] -- Looking for pthread.h - found
[10.219s] -- Performing Test CMAKE_HAVE_LIBC_PTHREAD
[10.901s] -- Performing Test CMAKE_HAVE_LIBC_PTHREAD - Failed
[10.904s] -- Looking for pthread_create in pthreads
[11.519s] -- Looking for pthread_create in pthreads - not found
[11.522s] -- Looking for pthread_create in pthread
[12.288s] -- Looking for pthread_create in pthread - found
[12.320s] -- Found Threads: TRUE  
[15.839s] -- Found rclcpp_action: 2.4.0 (/home/workspace/ros2/install/share/rclcpp_action/cmake)
[17.629s] -- Found rclcpp_lifecycle: 2.4.0 (/home/workspace/ros2/install/share/rclcpp_lifecycle/cmake)
[18.156s] -- Found geometry_msgs: 2.0.4 (/home/workspace/ros2/install/share/geometry_msgs/cmake)
[18.873s] -- Found nav2_behavior_tree: 0.4.7 (/home/nvidia/workspace/alan/src/AMR_ros2_slam_nav2/install/nav2_behavior_tree/share/nav2_behavior_tree/cmake)
[30.367s] -- Found eigen3_cmake_module: 0.1.1 (/home/workspace/ros2/install/share/eigen3_cmake_module/cmake)
[30.397s] -- Found Eigen3: TRUE (found version "3.3.4") 
[34.601s] -- Setting build type to Release as none was specified.
[43.976s] -- Found ament_lint_auto: 0.9.6 (/home/workspace/ros2/install/share/ament_lint_auto/cmake)
[44.632s] -- Added test 'copyright' to check source files copyright and LICENSE
[44.643s] -- Added test 'cppcheck' to perform static code analysis on C / C++ code
[44.650s] -- Configured cppcheck include dirs: /home/nvidia/workspace/alan/src/AMR_ros2_slam_nav2/navigation2/nav2_bt_navigator/include
[44.651s] -- Configured cppcheck exclude dirs and/or files: 
[44.660s] -- Added test 'cpplint' to check C / C++ code against the Google style
[44.661s] -- Configured cpplint exclude dirs and/or files: 
[44.670s] -- Added test 'lint_cmake' to check CMake code style
[44.681s] -- Added test 'uncrustify' to check C / C++ code style
[44.682s] -- Configured uncrustify additional arguments: 
[44.688s] -- Added test 'xmllint' to check XML markup files
[44.726s] -- Configuring done
[45.149s] -- Generating done
[45.163s] -- Build files have been written to: /home/nvidia/workspace/alan/src/AMR_ros2_slam_nav2/build/nav2_bt_navigator
[45.216s] Invoked command in '/home/nvidia/workspace/alan/src/AMR_ros2_slam_nav2/build/nav2_bt_navigator' returned '0': AMENT_PREFIX_PATH=/home/nvidia/workspace/alan/src/AMR_ros2_slam_nav2/install/nav2_behavior_tree:/home/nvidia/workspace/alan/src/AMR_ros2_slam_nav2/install/nav2_util:/home/nvidia/workspace/alan/src/AMR_ros2_slam_nav2/install/nav2_msgs:/home/nvidia/workspace/alan/src/AMR_ros2_slam_nav2/install/nav2_common:${AMENT_PREFIX_PATH} CMAKE_PREFIX_PATH=/home/nvidia/workspace/alan/src/AMR_ros2_slam_nav2/install/nav2_behavior_tree:/home/nvidia/workspace/alan/src/AMR_ros2_slam_nav2/install/nav2_util:/home/nvidia/workspace/alan/src/AMR_ros2_slam_nav2/install/nav2_msgs:/home/nvidia/workspace/alan/src/AMR_ros2_slam_nav2/install/nav2_common:${CMAKE_PREFIX_PATH} LD_LIBRARY_PATH=/home/nvidia/workspace/alan/src/AMR_ros2_slam_nav2/install/nav2_behavior_tree/lib:/home/nvidia/workspace/alan/src/AMR_ros2_slam_nav2/install/nav2_util/lib:/home/nvidia/workspace/alan/src/AMR_ros2_slam_nav2/install/nav2_msgs/lib:/home/workspace/ros2/install/opt/yaml_cpp_vendor/lib:/home/workspace/ros2/install/opt/rviz_ogre_vendor/lib:/home/workspace/ros2/install/lib:/usr/local/cuda-10.2/lib64 PYTHONPATH=/home/nvidia/workspace/alan/src/AMR_ros2_slam_nav2/install/nav2_msgs/lib/python3.6/site-packages:/home/nvidia/workspace/alan/src/AMR_ros2_slam_nav2/install/nav2_common/lib/python3.6/site-packages:/home/workspace/ros2/install/lib/python3.6/site-packages:/usr/local/lib:/usr/local/cuda/bin /usr/local/bin/cmake /home/nvidia/workspace/alan/src/AMR_ros2_slam_nav2/navigation2/nav2_bt_navigator -DCMAKE_INSTALL_PREFIX=/home/nvidia/workspace/alan/src/AMR_ros2_slam_nav2/install/nav2_bt_navigator
[45.226s] Invoking command in '/home/nvidia/workspace/alan/src/AMR_ros2_slam_nav2/build/nav2_bt_navigator': AMENT_PREFIX_PATH=/home/nvidia/workspace/alan/src/AMR_ros2_slam_nav2/install/nav2_behavior_tree:/home/nvidia/workspace/alan/src/AMR_ros2_slam_nav2/install/nav2_util:/home/nvidia/workspace/alan/src/AMR_ros2_slam_nav2/install/nav2_msgs:/home/nvidia/workspace/alan/src/AMR_ros2_slam_nav2/install/nav2_common:${AMENT_PREFIX_PATH} CMAKE_PREFIX_PATH=/home/nvidia/workspace/alan/src/AMR_ros2_slam_nav2/install/nav2_behavior_tree:/home/nvidia/workspace/alan/src/AMR_ros2_slam_nav2/install/nav2_util:/home/nvidia/workspace/alan/src/AMR_ros2_slam_nav2/install/nav2_msgs:/home/nvidia/workspace/alan/src/AMR_ros2_slam_nav2/install/nav2_common:${CMAKE_PREFIX_PATH} LD_LIBRARY_PATH=/home/nvidia/workspace/alan/src/AMR_ros2_slam_nav2/install/nav2_behavior_tree/lib:/home/nvidia/workspace/alan/src/AMR_ros2_slam_nav2/install/nav2_util/lib:/home/nvidia/workspace/alan/src/AMR_ros2_slam_nav2/install/nav2_msgs/lib:/home/workspace/ros2/install/opt/yaml_cpp_vendor/lib:/home/workspace/ros2/install/opt/rviz_ogre_vendor/lib:/home/workspace/ros2/install/lib:/usr/local/cuda-10.2/lib64 PYTHONPATH=/home/nvidia/workspace/alan/src/AMR_ros2_slam_nav2/install/nav2_msgs/lib/python3.6/site-packages:/home/nvidia/workspace/alan/src/AMR_ros2_slam_nav2/install/nav2_common/lib/python3.6/site-packages:/home/workspace/ros2/install/lib/python3.6/site-packages:/usr/local/lib:/usr/local/cuda/bin /usr/local/bin/cmake --build /home/nvidia/workspace/alan/src/AMR_ros2_slam_nav2/build/nav2_bt_navigator -- -j8 -l8
[45.310s] [35m[1mScanning dependencies of target bt_navigator_core[0m
[45.567s] [ 20%] [32mBuilding CXX object CMakeFiles/bt_navigator_core.dir/src/bt_navigator.cpp.o[0m
[95.296s] [ 40%] [32mBuilding CXX object CMakeFiles/bt_navigator_core.dir/src/ros_topic_logger.cpp.o[0m
[113.857s] [ 60%] [32m[1mLinking CXX shared library libbt_navigator_core.so[0m
[115.627s] [ 60%] Built target bt_navigator_core
[115.644s] [35m[1mScanning dependencies of target bt_navigator[0m
[115.829s] [ 80%] [32mBuilding CXX object CMakeFiles/bt_navigator.dir/src/main.cpp.o[0m
[124.850s] [100%] [32m[1mLinking CXX executable bt_navigator[0m
[127.484s] [100%] Built target bt_navigator
[127.536s] Invoked command in '/home/nvidia/workspace/alan/src/AMR_ros2_slam_nav2/build/nav2_bt_navigator' returned '0': AMENT_PREFIX_PATH=/home/nvidia/workspace/alan/src/AMR_ros2_slam_nav2/install/nav2_behavior_tree:/home/nvidia/workspace/alan/src/AMR_ros2_slam_nav2/install/nav2_util:/home/nvidia/workspace/alan/src/AMR_ros2_slam_nav2/install/nav2_msgs:/home/nvidia/workspace/alan/src/AMR_ros2_slam_nav2/install/nav2_common:${AMENT_PREFIX_PATH} CMAKE_PREFIX_PATH=/home/nvidia/workspace/alan/src/AMR_ros2_slam_nav2/install/nav2_behavior_tree:/home/nvidia/workspace/alan/src/AMR_ros2_slam_nav2/install/nav2_util:/home/nvidia/workspace/alan/src/AMR_ros2_slam_nav2/install/nav2_msgs:/home/nvidia/workspace/alan/src/AMR_ros2_slam_nav2/install/nav2_common:${CMAKE_PREFIX_PATH} LD_LIBRARY_PATH=/home/nvidia/workspace/alan/src/AMR_ros2_slam_nav2/install/nav2_behavior_tree/lib:/home/nvidia/workspace/alan/src/AMR_ros2_slam_nav2/install/nav2_util/lib:/home/nvidia/workspace/alan/src/AMR_ros2_slam_nav2/install/nav2_msgs/lib:/home/workspace/ros2/install/opt/yaml_cpp_vendor/lib:/home/workspace/ros2/install/opt/rviz_ogre_vendor/lib:/home/workspace/ros2/install/lib:/usr/local/cuda-10.2/lib64 PYTHONPATH=/home/nvidia/workspace/alan/src/AMR_ros2_slam_nav2/install/nav2_msgs/lib/python3.6/site-packages:/home/nvidia/workspace/alan/src/AMR_ros2_slam_nav2/install/nav2_common/lib/python3.6/site-packages:/home/workspace/ros2/install/lib/python3.6/site-packages:/usr/local/lib:/usr/local/cuda/bin /usr/local/bin/cmake --build /home/nvidia/workspace/alan/src/AMR_ros2_slam_nav2/build/nav2_bt_navigator -- -j8 -l8
[127.978s] Invoking command in '/home/nvidia/workspace/alan/src/AMR_ros2_slam_nav2/build/nav2_bt_navigator': AMENT_PREFIX_PATH=/home/nvidia/workspace/alan/src/AMR_ros2_slam_nav2/install/nav2_behavior_tree:/home/nvidia/workspace/alan/src/AMR_ros2_slam_nav2/install/nav2_util:/home/nvidia/workspace/alan/src/AMR_ros2_slam_nav2/install/nav2_msgs:/home/nvidia/workspace/alan/src/AMR_ros2_slam_nav2/install/nav2_common:${AMENT_PREFIX_PATH} CMAKE_PREFIX_PATH=/home/nvidia/workspace/alan/src/AMR_ros2_slam_nav2/install/nav2_behavior_tree:/home/nvidia/workspace/alan/src/AMR_ros2_slam_nav2/install/nav2_util:/home/nvidia/workspace/alan/src/AMR_ros2_slam_nav2/install/nav2_msgs:/home/nvidia/workspace/alan/src/AMR_ros2_slam_nav2/install/nav2_common:${CMAKE_PREFIX_PATH} LD_LIBRARY_PATH=/home/nvidia/workspace/alan/src/AMR_ros2_slam_nav2/install/nav2_behavior_tree/lib:/home/nvidia/workspace/alan/src/AMR_ros2_slam_nav2/install/nav2_util/lib:/home/nvidia/workspace/alan/src/AMR_ros2_slam_nav2/install/nav2_msgs/lib:/home/workspace/ros2/install/opt/yaml_cpp_vendor/lib:/home/workspace/ros2/install/opt/rviz_ogre_vendor/lib:/home/workspace/ros2/install/lib:/usr/local/cuda-10.2/lib64 PYTHONPATH=/home/nvidia/workspace/alan/src/AMR_ros2_slam_nav2/install/nav2_msgs/lib/python3.6/site-packages:/home/nvidia/workspace/alan/src/AMR_ros2_slam_nav2/install/nav2_common/lib/python3.6/site-packages:/home/workspace/ros2/install/lib/python3.6/site-packages:/usr/local/lib:/usr/local/cuda/bin /usr/local/bin/cmake --install /home/nvidia/workspace/alan/src/AMR_ros2_slam_nav2/build/nav2_bt_navigator
[128.039s] -- Install configuration: "Release"
[128.043s] -- Installing: /home/nvidia/workspace/alan/src/AMR_ros2_slam_nav2/install/nav2_bt_navigator/lib/libbt_navigator_core.so
[128.052s] -- Set runtime path of "/home/nvidia/workspace/alan/src/AMR_ros2_slam_nav2/install/nav2_bt_navigator/lib/libbt_navigator_core.so" to ""
[128.055s] -- Installing: /home/nvidia/workspace/alan/src/AMR_ros2_slam_nav2/install/nav2_bt_navigator/lib/nav2_bt_navigator/bt_navigator
[128.062s] -- Set runtime path of "/home/nvidia/workspace/alan/src/AMR_ros2_slam_nav2/install/nav2_bt_navigator/lib/nav2_bt_navigator/bt_navigator" to ""
[128.064s] -- Installing: /home/nvidia/workspace/alan/src/AMR_ros2_slam_nav2/install/nav2_bt_navigator/include/
[128.066s] -- Installing: /home/nvidia/workspace/alan/src/AMR_ros2_slam_nav2/install/nav2_bt_navigator/include//nav2_bt_navigator
[128.067s] -- Installing: /home/nvidia/workspace/alan/src/AMR_ros2_slam_nav2/install/nav2_bt_navigator/include//nav2_bt_navigator/bt_navigator.hpp
[128.069s] -- Installing: /home/nvidia/workspace/alan/src/AMR_ros2_slam_nav2/install/nav2_bt_navigator/include//nav2_bt_navigator/ros_topic_logger.hpp
[128.071s] -- Installing: /home/nvidia/workspace/alan/src/AMR_ros2_slam_nav2/install/nav2_bt_navigator/share/nav2_bt_navigator/behavior_trees
[128.073s] -- Installing: /home/nvidia/workspace/alan/src/AMR_ros2_slam_nav2/install/nav2_bt_navigator/share/nav2_bt_navigator/behavior_trees/navigate_w_replanning_and_round_robin_recovery.xml
[128.075s] -- Installing: /home/nvidia/workspace/alan/src/AMR_ros2_slam_nav2/install/nav2_bt_navigator/share/nav2_bt_navigator/behavior_trees/navigate_w_replanning_time.xml
[128.076s] -- Installing: /home/nvidia/workspace/alan/src/AMR_ros2_slam_nav2/install/nav2_bt_navigator/share/nav2_bt_navigator/behavior_trees/navigate_w_replanning_and_recovery.xml
[128.077s] -- Installing: /home/nvidia/workspace/alan/src/AMR_ros2_slam_nav2/install/nav2_bt_navigator/share/nav2_bt_navigator/behavior_trees/navigate_w_replanning_distance.xml
[128.081s] -- Installing: /home/nvidia/workspace/alan/src/AMR_ros2_slam_nav2/install/nav2_bt_navigator/share/nav2_bt_navigator/behavior_trees/navigate_w_replanning_speed.xml
[128.082s] -- Installing: /home/nvidia/workspace/alan/src/AMR_ros2_slam_nav2/install/nav2_bt_navigator/share/nav2_bt_navigator/behavior_trees/follow_point.xml
[128.083s] -- Installing: /home/nvidia/workspace/alan/src/AMR_ros2_slam_nav2/install/nav2_bt_navigator/share/nav2_bt_navigator/environment/library_path.sh
[128.085s] -- Installing: /home/nvidia/workspace/alan/src/AMR_ros2_slam_nav2/install/nav2_bt_navigator/share/nav2_bt_navigator/environment/library_path.dsv
[128.087s] -- Installing: /home/nvidia/workspace/alan/src/AMR_ros2_slam_nav2/install/nav2_bt_navigator/share/ament_index/resource_index/package_run_dependencies/nav2_bt_navigator
[128.089s] -- Installing: /home/nvidia/workspace/alan/src/AMR_ros2_slam_nav2/install/nav2_bt_navigator/share/ament_index/resource_index/parent_prefix_path/nav2_bt_navigator
[128.091s] -- Installing: /home/nvidia/workspace/alan/src/AMR_ros2_slam_nav2/install/nav2_bt_navigator/share/nav2_bt_navigator/environment/ament_prefix_path.sh
[128.092s] -- Installing: /home/nvidia/workspace/alan/src/AMR_ros2_slam_nav2/install/nav2_bt_navigator/share/nav2_bt_navigator/environment/ament_prefix_path.dsv
[128.095s] -- Installing: /home/nvidia/workspace/alan/src/AMR_ros2_slam_nav2/install/nav2_bt_navigator/share/nav2_bt_navigator/environment/path.sh
[128.096s] -- Installing: /home/nvidia/workspace/alan/src/AMR_ros2_slam_nav2/install/nav2_bt_navigator/share/nav2_bt_navigator/environment/path.dsv
[128.098s] -- Installing: /home/nvidia/workspace/alan/src/AMR_ros2_slam_nav2/install/nav2_bt_navigator/share/nav2_bt_navigator/local_setup.bash
[128.099s] -- Installing: /home/nvidia/workspace/alan/src/AMR_ros2_slam_nav2/install/nav2_bt_navigator/share/nav2_bt_navigator/local_setup.sh
[128.100s] -- Installing: /home/nvidia/workspace/alan/src/AMR_ros2_slam_nav2/install/nav2_bt_navigator/share/nav2_bt_navigator/local_setup.zsh
[128.106s] -- Installing: /home/nvidia/workspace/alan/src/AMR_ros2_slam_nav2/install/nav2_bt_navigator/share/nav2_bt_navigator/local_setup.dsv
[128.107s] -- Installing: /home/nvidia/workspace/alan/src/AMR_ros2_slam_nav2/install/nav2_bt_navigator/share/nav2_bt_navigator/package.dsv
[128.107s] -- Installing: /home/nvidia/workspace/alan/src/AMR_ros2_slam_nav2/install/nav2_bt_navigator/share/ament_index/resource_index/packages/nav2_bt_navigator
[128.107s] -- Installing: /home/nvidia/workspace/alan/src/AMR_ros2_slam_nav2/install/nav2_bt_navigator/share/nav2_bt_navigator/cmake/ament_cmake_export_include_directories-extras.cmake
[128.110s] -- Installing: /home/nvidia/workspace/alan/src/AMR_ros2_slam_nav2/install/nav2_bt_navigator/share/nav2_bt_navigator/cmake/ament_cmake_export_libraries-extras.cmake
[128.111s] -- Installing: /home/nvidia/workspace/alan/src/AMR_ros2_slam_nav2/install/nav2_bt_navigator/share/nav2_bt_navigator/cmake/ament_cmake_export_dependencies-extras.cmake
[128.114s] -- Installing: /home/nvidia/workspace/alan/src/AMR_ros2_slam_nav2/install/nav2_bt_navigator/share/nav2_bt_navigator/cmake/nav2_bt_navigatorConfig.cmake
[128.115s] -- Installing: /home/nvidia/workspace/alan/src/AMR_ros2_slam_nav2/install/nav2_bt_navigator/share/nav2_bt_navigator/cmake/nav2_bt_navigatorConfig-version.cmake
[128.116s] -- Installing: /home/nvidia/workspace/alan/src/AMR_ros2_slam_nav2/install/nav2_bt_navigator/share/nav2_bt_navigator/package.xml
[128.124s] Invoked command in '/home/nvidia/workspace/alan/src/AMR_ros2_slam_nav2/build/nav2_bt_navigator' returned '0': AMENT_PREFIX_PATH=/home/nvidia/workspace/alan/src/AMR_ros2_slam_nav2/install/nav2_behavior_tree:/home/nvidia/workspace/alan/src/AMR_ros2_slam_nav2/install/nav2_util:/home/nvidia/workspace/alan/src/AMR_ros2_slam_nav2/install/nav2_msgs:/home/nvidia/workspace/alan/src/AMR_ros2_slam_nav2/install/nav2_common:${AMENT_PREFIX_PATH} CMAKE_PREFIX_PATH=/home/nvidia/workspace/alan/src/AMR_ros2_slam_nav2/install/nav2_behavior_tree:/home/nvidia/workspace/alan/src/AMR_ros2_slam_nav2/install/nav2_util:/home/nvidia/workspace/alan/src/AMR_ros2_slam_nav2/install/nav2_msgs:/home/nvidia/workspace/alan/src/AMR_ros2_slam_nav2/install/nav2_common:${CMAKE_PREFIX_PATH} LD_LIBRARY_PATH=/home/nvidia/workspace/alan/src/AMR_ros2_slam_nav2/install/nav2_behavior_tree/lib:/home/nvidia/workspace/alan/src/AMR_ros2_slam_nav2/install/nav2_util/lib:/home/nvidia/workspace/alan/src/AMR_ros2_slam_nav2/install/nav2_msgs/lib:/home/workspace/ros2/install/opt/yaml_cpp_vendor/lib:/home/workspace/ros2/install/opt/rviz_ogre_vendor/lib:/home/workspace/ros2/install/lib:/usr/local/cuda-10.2/lib64 PYTHONPATH=/home/nvidia/workspace/alan/src/AMR_ros2_slam_nav2/install/nav2_msgs/lib/python3.6/site-packages:/home/nvidia/workspace/alan/src/AMR_ros2_slam_nav2/install/nav2_common/lib/python3.6/site-packages:/home/workspace/ros2/install/lib/python3.6/site-packages:/usr/local/lib:/usr/local/cuda/bin /usr/local/bin/cmake --install /home/nvidia/workspace/alan/src/AMR_ros2_slam_nav2/build/nav2_bt_navigator
