[0.164s] Invoking command in '/home/nvidia/workspace/alan/src/AMR_ros2_slam_nav2/build/ros2_rada_msg': CMAKE_PREFIX_PATH=${CMAKE_PREFIX_PATH}:/home/nvidia/workspace/alan/src/AMR_ros2_slam_nav2/install/turtlebot3_teleop:/home/nvidia/workspace/alan/src/AMR_ros2_slam_nav2/install/turtlebot3_example:/home/nvidia/workspace/alan/src/AMR_ros2_slam_nav2/install/opencv_tests:/home/nvidia/workspace/alan/src/AMR_ros2_slam_nav2/install/nav2_gazebo_spawner:/home/nvidia/workspace/alan/AMR/install/turtlebot3_teleop:/home/nvidia/workspace/alan/AMR/install/turtlebot3_example:/home/nvidia/workspace/alan/AMR/install/opencv_tests:/home/nvidia/workspace/alan/AMR/install/nav2_gazebo_spawner /usr/local/bin/cmake --build /home/nvidia/workspace/alan/src/AMR_ros2_slam_nav2/build/ros2_rada_msg -- -j8 -l8
[0.512s] [  9%] Built target ros2_rada_msg__rosidl_generator_c
[0.513s] [ 12%] Built target ros2_rada_msg__cpp
[0.513s] [ 22%] Built target ros2_rada_msg__rosidl_typesupport_introspection_c
[0.513s] [ 35%] Built target ros2_rada_msg__rosidl_typesupport_c
[0.514s] [ 48%] Built target ros2_rada_msg__rosidl_typesupport_cpp
[0.514s] [ 54%] Built target ros2_rada_msg__rosidl_typesupport_introspection_cpp
[0.515s] [ 61%] Built target ros2_rada_msg__rosidl_typesupport_fastrtps_cpp
[0.559s] [ 70%] Built target ros2_rada_msg__rosidl_typesupport_fastrtps_c
[0.570s] [ 70%] Built target ros2_rada_msg
[0.609s] [ 74%] Built target ros2_rada_msg__py
[0.681s] [ 80%] Built target ros2_rada_msg__python
[0.776s] [ 87%] Built target ros2_rada_msg__rosidl_typesupport_introspection_c__pyext
[0.777s] [ 93%] Built target ros2_rada_msg__rosidl_typesupport_c__pyext
[0.777s] [100%] Built target ros2_rada_msg__rosidl_typesupport_fastrtps_c__pyext
[0.987s] Invoked command in '/home/nvidia/workspace/alan/src/AMR_ros2_slam_nav2/build/ros2_rada_msg' returned '0': CMAKE_PREFIX_PATH=${CMAKE_PREFIX_PATH}:/home/nvidia/workspace/alan/src/AMR_ros2_slam_nav2/install/turtlebot3_teleop:/home/nvidia/workspace/alan/src/AMR_ros2_slam_nav2/install/turtlebot3_example:/home/nvidia/workspace/alan/src/AMR_ros2_slam_nav2/install/opencv_tests:/home/nvidia/workspace/alan/src/AMR_ros2_slam_nav2/install/nav2_gazebo_spawner:/home/nvidia/workspace/alan/AMR/install/turtlebot3_teleop:/home/nvidia/workspace/alan/AMR/install/turtlebot3_example:/home/nvidia/workspace/alan/AMR/install/opencv_tests:/home/nvidia/workspace/alan/AMR/install/nav2_gazebo_spawner /usr/local/bin/cmake --build /home/nvidia/workspace/alan/src/AMR_ros2_slam_nav2/build/ros2_rada_msg -- -j8 -l8
[1.525s] Invoking command in '/home/nvidia/workspace/alan/src/AMR_ros2_slam_nav2/build/ros2_rada_msg': CMAKE_PREFIX_PATH=${CMAKE_PREFIX_PATH}:/home/nvidia/workspace/alan/src/AMR_ros2_slam_nav2/install/turtlebot3_teleop:/home/nvidia/workspace/alan/src/AMR_ros2_slam_nav2/install/turtlebot3_example:/home/nvidia/workspace/alan/src/AMR_ros2_slam_nav2/install/opencv_tests:/home/nvidia/workspace/alan/src/AMR_ros2_slam_nav2/install/nav2_gazebo_spawner:/home/nvidia/workspace/alan/AMR/install/turtlebot3_teleop:/home/nvidia/workspace/alan/AMR/install/turtlebot3_example:/home/nvidia/workspace/alan/AMR/install/opencv_tests:/home/nvidia/workspace/alan/AMR/install/nav2_gazebo_spawner /usr/local/bin/cmake --install /home/nvidia/workspace/alan/src/AMR_ros2_slam_nav2/build/ros2_rada_msg
[1.651s] -- Install configuration: ""
[1.659s] -- Up-to-date: /home/nvidia/workspace/alan/src/AMR_ros2_slam_nav2/install/ros2_rada_msg/share/ament_index/resource_index/rosidl_interfaces/ros2_rada_msg
[1.659s] -- Up-to-date: /home/nvidia/workspace/alan/src/AMR_ros2_slam_nav2/install/ros2_rada_msg/include/ros2_rada_msg
[1.660s] -- Up-to-date: /home/nvidia/workspace/alan/src/AMR_ros2_slam_nav2/install/ros2_rada_msg/include/ros2_rada_msg/msg
[1.661s] -- Up-to-date: /home/nvidia/workspace/alan/src/AMR_ros2_slam_nav2/install/ros2_rada_msg/include/ros2_rada_msg/msg/detail
[1.662s] -- Up-to-date: /home/nvidia/workspace/alan/src/AMR_ros2_slam_nav2/install/ros2_rada_msg/include/ros2_rada_msg/msg/detail/rada__functions.h
[1.662s] -- Up-to-date: /home/nvidia/workspace/alan/src/AMR_ros2_slam_nav2/install/ros2_rada_msg/include/ros2_rada_msg/msg/detail/rada__functions.c
[1.663s] -- Up-to-date: /home/nvidia/workspace/alan/src/AMR_ros2_slam_nav2/install/ros2_rada_msg/include/ros2_rada_msg/msg/detail/rada__type_support.h
[1.663s] -- Up-to-date: /home/nvidia/workspace/alan/src/AMR_ros2_slam_nav2/install/ros2_rada_msg/include/ros2_rada_msg/msg/detail/rada__struct.h
[1.664s] -- Up-to-date: /home/nvidia/workspace/alan/src/AMR_ros2_slam_nav2/install/ros2_rada_msg/include/ros2_rada_msg/msg/rosidl_generator_c__visibility_control.h
[1.665s] -- Up-to-date: /home/nvidia/workspace/alan/src/AMR_ros2_slam_nav2/install/ros2_rada_msg/include/ros2_rada_msg/msg/rada.h
[1.665s] -- Up-to-date: /home/nvidia/workspace/alan/src/AMR_ros2_slam_nav2/install/ros2_rada_msg/share/ros2_rada_msg/environment/library_path.sh
[1.665s] -- Up-to-date: /home/nvidia/workspace/alan/src/AMR_ros2_slam_nav2/install/ros2_rada_msg/share/ros2_rada_msg/environment/library_path.dsv
[1.666s] -- Up-to-date: /home/nvidia/workspace/alan/src/AMR_ros2_slam_nav2/install/ros2_rada_msg/lib/libros2_rada_msg__rosidl_generator_c.so
[1.666s] -- Up-to-date: /home/nvidia/workspace/alan/src/AMR_ros2_slam_nav2/install/ros2_rada_msg/include/ros2_rada_msg
[1.667s] -- Up-to-date: /home/nvidia/workspace/alan/src/AMR_ros2_slam_nav2/install/ros2_rada_msg/include/ros2_rada_msg/msg
[1.667s] -- Up-to-date: /home/nvidia/workspace/alan/src/AMR_ros2_slam_nav2/install/ros2_rada_msg/include/ros2_rada_msg/msg/detail
[1.668s] -- Up-to-date: /home/nvidia/workspace/alan/src/AMR_ros2_slam_nav2/install/ros2_rada_msg/include/ros2_rada_msg/msg/detail/rada__rosidl_typesupport_fastrtps_c.h
[1.668s] -- Up-to-date: /home/nvidia/workspace/alan/src/AMR_ros2_slam_nav2/install/ros2_rada_msg/include/ros2_rada_msg/msg/rosidl_typesupport_fastrtps_c__visibility_control.h
[1.669s] -- Up-to-date: /home/nvidia/workspace/alan/src/AMR_ros2_slam_nav2/install/ros2_rada_msg/lib/libros2_rada_msg__rosidl_typesupport_fastrtps_c.so
[1.670s] -- Up-to-date: /home/nvidia/workspace/alan/src/AMR_ros2_slam_nav2/install/ros2_rada_msg/include/ros2_rada_msg
[1.672s] -- Up-to-date: /home/nvidia/workspace/alan/src/AMR_ros2_slam_nav2/install/ros2_rada_msg/include/ros2_rada_msg/msg
[1.672s] -- Up-to-date: /home/nvidia/workspace/alan/src/AMR_ros2_slam_nav2/install/ros2_rada_msg/include/ros2_rada_msg/msg/detail
[1.673s] -- Up-to-date: /home/nvidia/workspace/alan/src/AMR_ros2_slam_nav2/install/ros2_rada_msg/include/ros2_rada_msg/msg/detail/rada__rosidl_typesupport_fastrtps_cpp.hpp
[1.673s] -- Up-to-date: /home/nvidia/workspace/alan/src/AMR_ros2_slam_nav2/install/ros2_rada_msg/include/ros2_rada_msg/msg/detail/dds_fastrtps
[1.675s] -- Up-to-date: /home/nvidia/workspace/alan/src/AMR_ros2_slam_nav2/install/ros2_rada_msg/include/ros2_rada_msg/msg/rosidl_typesupport_fastrtps_cpp__visibility_control.h
[1.675s] -- Up-to-date: /home/nvidia/workspace/alan/src/AMR_ros2_slam_nav2/install/ros2_rada_msg/lib/libros2_rada_msg__rosidl_typesupport_fastrtps_cpp.so
[1.677s] -- Up-to-date: /home/nvidia/workspace/alan/src/AMR_ros2_slam_nav2/install/ros2_rada_msg/include/ros2_rada_msg
[1.678s] -- Up-to-date: /home/nvidia/workspace/alan/src/AMR_ros2_slam_nav2/install/ros2_rada_msg/include/ros2_rada_msg/msg
[1.678s] -- Up-to-date: /home/nvidia/workspace/alan/src/AMR_ros2_slam_nav2/install/ros2_rada_msg/include/ros2_rada_msg/msg/detail
[1.679s] -- Up-to-date: /home/nvidia/workspace/alan/src/AMR_ros2_slam_nav2/install/ros2_rada_msg/include/ros2_rada_msg/msg/detail/rada__rosidl_typesupport_introspection_c.h
[1.716s] -- Up-to-date: /home/nvidia/workspace/alan/src/AMR_ros2_slam_nav2/install/ros2_rada_msg/include/ros2_rada_msg/msg/detail/rada__type_support.c
[1.717s] -- Up-to-date: /home/nvidia/workspace/alan/src/AMR_ros2_slam_nav2/install/ros2_rada_msg/include/ros2_rada_msg/msg/rosidl_typesupport_introspection_c__visibility_control.h
[1.717s] -- Up-to-date: /home/nvidia/workspace/alan/src/AMR_ros2_slam_nav2/install/ros2_rada_msg/lib/libros2_rada_msg__rosidl_typesupport_introspection_c.so
[1.717s] -- Up-to-date: /home/nvidia/workspace/alan/src/AMR_ros2_slam_nav2/install/ros2_rada_msg/lib/libros2_rada_msg__rosidl_typesupport_c.so
[1.718s] -- Up-to-date: /home/nvidia/workspace/alan/src/AMR_ros2_slam_nav2/install/ros2_rada_msg/include/ros2_rada_msg
[1.718s] -- Up-to-date: /home/nvidia/workspace/alan/src/AMR_ros2_slam_nav2/install/ros2_rada_msg/include/ros2_rada_msg/msg
[1.718s] -- Up-to-date: /home/nvidia/workspace/alan/src/AMR_ros2_slam_nav2/install/ros2_rada_msg/include/ros2_rada_msg/msg/detail
[1.718s] -- Up-to-date: /home/nvidia/workspace/alan/src/AMR_ros2_slam_nav2/install/ros2_rada_msg/include/ros2_rada_msg/msg/detail/rada__traits.hpp
[1.719s] -- Up-to-date: /home/nvidia/workspace/alan/src/AMR_ros2_slam_nav2/install/ros2_rada_msg/include/ros2_rada_msg/msg/detail/rada__struct.hpp
[1.719s] -- Up-to-date: /home/nvidia/workspace/alan/src/AMR_ros2_slam_nav2/install/ros2_rada_msg/include/ros2_rada_msg/msg/detail/rada__builder.hpp
[1.719s] -- Up-to-date: /home/nvidia/workspace/alan/src/AMR_ros2_slam_nav2/install/ros2_rada_msg/include/ros2_rada_msg/msg/rada.hpp
[1.720s] -- Up-to-date: /home/nvidia/workspace/alan/src/AMR_ros2_slam_nav2/install/ros2_rada_msg/include/ros2_rada_msg
[1.720s] -- Up-to-date: /home/nvidia/workspace/alan/src/AMR_ros2_slam_nav2/install/ros2_rada_msg/include/ros2_rada_msg/msg
[1.728s] -- Up-to-date: /home/nvidia/workspace/alan/src/AMR_ros2_slam_nav2/install/ros2_rada_msg/include/ros2_rada_msg/msg/detail
[1.730s] -- Up-to-date: /home/nvidia/workspace/alan/src/AMR_ros2_slam_nav2/install/ros2_rada_msg/include/ros2_rada_msg/msg/detail/rada__rosidl_typesupport_introspection_cpp.hpp
[1.731s] -- Up-to-date: /home/nvidia/workspace/alan/src/AMR_ros2_slam_nav2/install/ros2_rada_msg/include/ros2_rada_msg/msg/detail/rada__type_support.cpp
[1.731s] -- Up-to-date: /home/nvidia/workspace/alan/src/AMR_ros2_slam_nav2/install/ros2_rada_msg/lib/libros2_rada_msg__rosidl_typesupport_introspection_cpp.so
[1.732s] -- Up-to-date: /home/nvidia/workspace/alan/src/AMR_ros2_slam_nav2/install/ros2_rada_msg/lib/libros2_rada_msg__rosidl_typesupport_cpp.so
[1.732s] -- Up-to-date: /home/nvidia/workspace/alan/src/AMR_ros2_slam_nav2/install/ros2_rada_msg/share/ros2_rada_msg/environment/pythonpath.sh
[1.732s] -- Up-to-date: /home/nvidia/workspace/alan/src/AMR_ros2_slam_nav2/install/ros2_rada_msg/share/ros2_rada_msg/environment/pythonpath.dsv
[1.733s] -- Up-to-date: /home/nvidia/workspace/alan/src/AMR_ros2_slam_nav2/install/ros2_rada_msg/lib/python3.6/site-packages/ros2_rada_msg/__init__.py
[1.820s] -- Up-to-date: /home/nvidia/workspace/alan/src/AMR_ros2_slam_nav2/install/ros2_rada_msg/lib/python3.6/site-packages/ros2_rada_msg/msg
[1.821s] -- Up-to-date: /home/nvidia/workspace/alan/src/AMR_ros2_slam_nav2/install/ros2_rada_msg/lib/python3.6/site-packages/ros2_rada_msg/msg/__init__.py
[1.821s] -- Up-to-date: /home/nvidia/workspace/alan/src/AMR_ros2_slam_nav2/install/ros2_rada_msg/lib/python3.6/site-packages/ros2_rada_msg/msg/_rada.py
[1.825s] -- Up-to-date: /home/nvidia/workspace/alan/src/AMR_ros2_slam_nav2/install/ros2_rada_msg/lib/python3.6/site-packages/ros2_rada_msg/msg/_rada_s.c
[1.836s] -- Up-to-date: /home/nvidia/workspace/alan/src/AMR_ros2_slam_nav2/install/ros2_rada_msg/lib/python3.6/site-packages/ros2_rada_msg/ros2_rada_msg_s__rosidl_typesupport_fastrtps_c.cpython-36m-aarch64-linux-gnu.so
[1.846s] -- Up-to-date: /home/nvidia/workspace/alan/src/AMR_ros2_slam_nav2/install/ros2_rada_msg/lib/python3.6/site-packages/ros2_rada_msg/ros2_rada_msg_s__rosidl_typesupport_introspection_c.cpython-36m-aarch64-linux-gnu.so
[1.846s] -- Up-to-date: /home/nvidia/workspace/alan/src/AMR_ros2_slam_nav2/install/ros2_rada_msg/lib/python3.6/site-packages/ros2_rada_msg/ros2_rada_msg_s__rosidl_typesupport_c.cpython-36m-aarch64-linux-gnu.so
[1.849s] -- Up-to-date: /home/nvidia/workspace/alan/src/AMR_ros2_slam_nav2/install/ros2_rada_msg/lib/libros2_rada_msg__python.so
[1.849s] -- Up-to-date: /home/nvidia/workspace/alan/src/AMR_ros2_slam_nav2/install/ros2_rada_msg/share/ros2_rada_msg/msg/Rada.idl
[1.853s] -- Up-to-date: /home/nvidia/workspace/alan/src/AMR_ros2_slam_nav2/install/ros2_rada_msg/share/ros2_rada_msg/msg/Rada.msg
[1.854s] -- Up-to-date: /home/nvidia/workspace/alan/src/AMR_ros2_slam_nav2/install/ros2_rada_msg/share/ament_index/resource_index/package_run_dependencies/ros2_rada_msg
[1.855s] -- Up-to-date: /home/nvidia/workspace/alan/src/AMR_ros2_slam_nav2/install/ros2_rada_msg/share/ament_index/resource_index/parent_prefix_path/ros2_rada_msg
[1.855s] -- Up-to-date: /home/nvidia/workspace/alan/src/AMR_ros2_slam_nav2/install/ros2_rada_msg/share/ros2_rada_msg/environment/ament_prefix_path.sh
[1.855s] -- Up-to-date: /home/nvidia/workspace/alan/src/AMR_ros2_slam_nav2/install/ros2_rada_msg/share/ros2_rada_msg/environment/ament_prefix_path.dsv
[1.856s] -- Up-to-date: /home/nvidia/workspace/alan/src/AMR_ros2_slam_nav2/install/ros2_rada_msg/share/ros2_rada_msg/environment/path.sh
[1.857s] -- Up-to-date: /home/nvidia/workspace/alan/src/AMR_ros2_slam_nav2/install/ros2_rada_msg/share/ros2_rada_msg/environment/path.dsv
[1.857s] -- Up-to-date: /home/nvidia/workspace/alan/src/AMR_ros2_slam_nav2/install/ros2_rada_msg/share/ros2_rada_msg/local_setup.bash
[1.858s] -- Up-to-date: /home/nvidia/workspace/alan/src/AMR_ros2_slam_nav2/install/ros2_rada_msg/share/ros2_rada_msg/local_setup.sh
[1.858s] -- Up-to-date: /home/nvidia/workspace/alan/src/AMR_ros2_slam_nav2/install/ros2_rada_msg/share/ros2_rada_msg/local_setup.zsh
[1.858s] -- Up-to-date: /home/nvidia/workspace/alan/src/AMR_ros2_slam_nav2/install/ros2_rada_msg/share/ros2_rada_msg/local_setup.dsv
[1.858s] -- Installing: /home/nvidia/workspace/alan/src/AMR_ros2_slam_nav2/install/ros2_rada_msg/share/ros2_rada_msg/package.dsv
[1.859s] -- Up-to-date: /home/nvidia/workspace/alan/src/AMR_ros2_slam_nav2/install/ros2_rada_msg/share/ament_index/resource_index/packages/ros2_rada_msg
[1.860s] -- Up-to-date: /home/nvidia/workspace/alan/src/AMR_ros2_slam_nav2/install/ros2_rada_msg/share/ros2_rada_msg/cmake/ros2_rada_msg__rosidl_generator_cExport.cmake
[1.861s] -- Up-to-date: /home/nvidia/workspace/alan/src/AMR_ros2_slam_nav2/install/ros2_rada_msg/share/ros2_rada_msg/cmake/ros2_rada_msg__rosidl_generator_cExport-noconfig.cmake
[1.861s] -- Up-to-date: /home/nvidia/workspace/alan/src/AMR_ros2_slam_nav2/install/ros2_rada_msg/share/ros2_rada_msg/cmake/ros2_rada_msg__rosidl_typesupport_introspection_cExport.cmake
[1.861s] -- Up-to-date: /home/nvidia/workspace/alan/src/AMR_ros2_slam_nav2/install/ros2_rada_msg/share/ros2_rada_msg/cmake/ros2_rada_msg__rosidl_typesupport_introspection_cExport-noconfig.cmake
[1.862s] -- Up-to-date: /home/nvidia/workspace/alan/src/AMR_ros2_slam_nav2/install/ros2_rada_msg/share/ros2_rada_msg/cmake/ros2_rada_msg__rosidl_typesupport_cExport.cmake
[1.862s] -- Up-to-date: /home/nvidia/workspace/alan/src/AMR_ros2_slam_nav2/install/ros2_rada_msg/share/ros2_rada_msg/cmake/ros2_rada_msg__rosidl_typesupport_cExport-noconfig.cmake
[1.862s] -- Up-to-date: /home/nvidia/workspace/alan/src/AMR_ros2_slam_nav2/install/ros2_rada_msg/share/ros2_rada_msg/cmake/ros2_rada_msg__rosidl_generator_cppExport.cmake
[1.863s] -- Up-to-date: /home/nvidia/workspace/alan/src/AMR_ros2_slam_nav2/install/ros2_rada_msg/share/ros2_rada_msg/cmake/ros2_rada_msg__rosidl_typesupport_introspection_cppExport.cmake
[1.870s] -- Up-to-date: /home/nvidia/workspace/alan/src/AMR_ros2_slam_nav2/install/ros2_rada_msg/share/ros2_rada_msg/cmake/ros2_rada_msg__rosidl_typesupport_introspection_cppExport-noconfig.cmake
[1.871s] -- Up-to-date: /home/nvidia/workspace/alan/src/AMR_ros2_slam_nav2/install/ros2_rada_msg/share/ros2_rada_msg/cmake/ros2_rada_msg__rosidl_typesupport_cppExport.cmake
[1.872s] -- Up-to-date: /home/nvidia/workspace/alan/src/AMR_ros2_slam_nav2/install/ros2_rada_msg/share/ros2_rada_msg/cmake/ros2_rada_msg__rosidl_typesupport_cppExport-noconfig.cmake
[1.872s] -- Up-to-date: /home/nvidia/workspace/alan/src/AMR_ros2_slam_nav2/install/ros2_rada_msg/share/ros2_rada_msg/cmake/rosidl_cmake-extras.cmake
[1.873s] -- Up-to-date: /home/nvidia/workspace/alan/src/AMR_ros2_slam_nav2/install/ros2_rada_msg/share/ros2_rada_msg/cmake/ament_cmake_export_dependencies-extras.cmake
[1.878s] -- Up-to-date: /home/nvidia/workspace/alan/src/AMR_ros2_slam_nav2/install/ros2_rada_msg/share/ros2_rada_msg/cmake/ament_cmake_export_libraries-extras.cmake
[1.878s] -- Up-to-date: /home/nvidia/workspace/alan/src/AMR_ros2_slam_nav2/install/ros2_rada_msg/share/ros2_rada_msg/cmake/ament_cmake_export_targets-extras.cmake
[1.879s] -- Up-to-date: /home/nvidia/workspace/alan/src/AMR_ros2_slam_nav2/install/ros2_rada_msg/share/ros2_rada_msg/cmake/ament_cmake_export_include_directories-extras.cmake
[1.879s] -- Up-to-date: /home/nvidia/workspace/alan/src/AMR_ros2_slam_nav2/install/ros2_rada_msg/share/ros2_rada_msg/cmake/rosidl_cmake_export_typesupport_libraries-extras.cmake
[1.900s] -- Up-to-date: /home/nvidia/workspace/alan/src/AMR_ros2_slam_nav2/install/ros2_rada_msg/share/ros2_rada_msg/cmake/rosidl_cmake_export_typesupport_targets-extras.cmake
[1.902s] -- Up-to-date: /home/nvidia/workspace/alan/src/AMR_ros2_slam_nav2/install/ros2_rada_msg/share/ros2_rada_msg/cmake/ros2_rada_msgConfig.cmake
[1.902s] -- Up-to-date: /home/nvidia/workspace/alan/src/AMR_ros2_slam_nav2/install/ros2_rada_msg/share/ros2_rada_msg/cmake/ros2_rada_msgConfig-version.cmake
[1.902s] -- Up-to-date: /home/nvidia/workspace/alan/src/AMR_ros2_slam_nav2/install/ros2_rada_msg/share/ros2_rada_msg/package.xml
[1.903s] Invoked command in '/home/nvidia/workspace/alan/src/AMR_ros2_slam_nav2/build/ros2_rada_msg' returned '0': CMAKE_PREFIX_PATH=${CMAKE_PREFIX_PATH}:/home/nvidia/workspace/alan/src/AMR_ros2_slam_nav2/install/turtlebot3_teleop:/home/nvidia/workspace/alan/src/AMR_ros2_slam_nav2/install/turtlebot3_example:/home/nvidia/workspace/alan/src/AMR_ros2_slam_nav2/install/opencv_tests:/home/nvidia/workspace/alan/src/AMR_ros2_slam_nav2/install/nav2_gazebo_spawner:/home/nvidia/workspace/alan/AMR/install/turtlebot3_teleop:/home/nvidia/workspace/alan/AMR/install/turtlebot3_example:/home/nvidia/workspace/alan/AMR/install/opencv_tests:/home/nvidia/workspace/alan/AMR/install/nav2_gazebo_spawner /usr/local/bin/cmake --install /home/nvidia/workspace/alan/src/AMR_ros2_slam_nav2/build/ros2_rada_msg
