[0.106s] Invoking command in '/home/nvidia/workspace/alan/src/AMR_ros2_slam_nav2/build/nav2_rviz_plugins': AMENT_PREFIX_PATH=/home/nvidia/workspace/alan/src/AMR_ros2_slam_nav2/install/nav2_lifecycle_manager:/home/nvidia/workspace/alan/src/AMR_ros2_slam_nav2/install/nav2_util:/home/nvidia/workspace/alan/src/AMR_ros2_slam_nav2/install/nav2_msgs:/home/nvidia/workspace/alan/src/AMR_ros2_slam_nav2/install/nav2_common:${AMENT_PREFIX_PATH} CMAKE_PREFIX_PATH=/home/nvidia/workspace/alan/src/AMR_ros2_slam_nav2/install/nav2_lifecycle_manager:/home/nvidia/workspace/alan/src/AMR_ros2_slam_nav2/install/nav2_util:/home/nvidia/workspace/alan/src/AMR_ros2_slam_nav2/install/nav2_msgs:/home/nvidia/workspace/alan/src/AMR_ros2_slam_nav2/install/nav2_common:${CMAKE_PREFIX_PATH} LD_LIBRARY_PATH=/home/nvidia/workspace/alan/src/AMR_ros2_slam_nav2/install/nav2_lifecycle_manager/lib:/home/nvidia/workspace/alan/src/AMR_ros2_slam_nav2/install/nav2_util/lib:/home/nvidia/workspace/alan/src/AMR_ros2_slam_nav2/install/nav2_msgs/lib:/home/workspace/ros2/install/opt/yaml_cpp_vendor/lib:/home/workspace/ros2/install/opt/rviz_ogre_vendor/lib:/home/workspace/ros2/install/lib:/usr/local/cuda-10.2/lib64 PYTHONPATH=/home/nvidia/workspace/alan/src/AMR_ros2_slam_nav2/install/nav2_msgs/lib/python3.6/site-packages:/home/nvidia/workspace/alan/src/AMR_ros2_slam_nav2/install/nav2_common/lib/python3.6/site-packages:/home/workspace/ros2/install/lib/python3.6/site-packages:/usr/local/lib:/usr/local/cuda/bin /usr/local/bin/cmake /home/nvidia/workspace/alan/src/AMR_ros2_slam_nav2/navigation2/nav2_rviz_plugins -DCMAKE_INSTALL_PREFIX=/home/nvidia/workspace/alan/src/AMR_ros2_slam_nav2/install/nav2_rviz_plugins
[0.464s] -- The C compiler identification is GNU 7.5.0
[0.790s] -- The CXX compiler identification is GNU 7.5.0
[0.857s] -- Check for working C compiler: /usr/bin/cc
[1.079s] -- Check for working C compiler: /usr/bin/cc -- works
[1.088s] -- Detecting C compiler ABI info
[1.306s] -- Detecting C compiler ABI info - done
[1.483s] -- Detecting C compile features
[1.488s] -- Detecting C compile features - done
[1.523s] -- Check for working CXX compiler: /usr/bin/c++
[1.784s] -- Check for working CXX compiler: /usr/bin/c++ -- works
[1.797s] -- Detecting CXX compiler ABI info
[2.060s] -- Detecting CXX compiler ABI info - done
[2.253s] -- Detecting CXX compile features
[2.261s] -- Detecting CXX compile features - done
[2.281s] -- Found ament_cmake: 0.9.9 (/home/workspace/ros2/install/share/ament_cmake/cmake)
[2.418s] -- Found PythonInterp: /usr/bin/python3 (found suitable version "3.6.9", minimum required is "3") 
[2.419s] -- Using PYTHON_EXECUTABLE: /usr/bin/python3
[3.469s] -- Found geometry_msgs: 2.0.4 (/home/workspace/ros2/install/share/geometry_msgs/cmake)
[3.715s] -- Using all available rosidl_typesupport_c: rosidl_typesupport_fastrtps_c;rosidl_typesupport_introspection_c
[3.778s] -- Found rosidl_adapter: 1.2.1 (/home/workspace/ros2/install/share/rosidl_adapter/cmake)
[4.190s] -- Found OpenSSL: /usr/lib/aarch64-linux-gnu/libcrypto.so (found version "1.1.1")  
[4.376s] -- Found FastRTPS: /home/workspace/ros2/install/include  
[5.291s] -- Using all available rosidl_typesupport_cpp: rosidl_typesupport_fastrtps_cpp;rosidl_typesupport_introspection_cpp
[6.416s] -- Found nav2_util: 0.4.7 (/home/nvidia/workspace/alan/src/AMR_ros2_slam_nav2/install/nav2_util/share/nav2_util/cmake)
[11.455s] -- Found rmw_implementation_cmake: 1.0.3 (/home/workspace/ros2/install/share/rmw_implementation_cmake/cmake)
[11.478s] -- Using RMW implementation 'rmw_fastrtps_cpp' as default
[11.486s] -- Looking for pthread.h
[11.730s] -- Looking for pthread.h - found
[11.737s] -- Performing Test CMAKE_HAVE_LIBC_PTHREAD
[11.999s] -- Performing Test CMAKE_HAVE_LIBC_PTHREAD - Failed
[12.000s] -- Looking for pthread_create in pthreads
[12.276s] -- Looking for pthread_create in pthreads - not found
[12.278s] -- Looking for pthread_create in pthread
[12.509s] -- Looking for pthread_create in pthread - found
[12.525s] -- Found Threads: TRUE  
[17.109s] -- Found eigen3_cmake_module: 0.1.1 (/home/workspace/ros2/install/share/eigen3_cmake_module/cmake)
[17.131s] -- Found Eigen3: TRUE (found version "3.3.4") 
[18.770s] -- Found nav2_lifecycle_manager: 0.4.7 (/home/nvidia/workspace/alan/src/AMR_ros2_slam_nav2/install/nav2_lifecycle_manager/share/nav2_lifecycle_manager/cmake)
[20.390s] -- Found pluginlib: 2.5.3 (/home/workspace/ros2/install/share/pluginlib/cmake)
[20.569s] -- Found rviz_common: 8.2.5 (/home/workspace/ros2/install/share/rviz_common/cmake)
[20.613s] -- Setting OGRE_DIR to: '/home/workspace/ros2/install/share/rviz_ogre_vendor/cmake/../../../opt/rviz_ogre_vendor/lib/OGRE/cmake'
[20.635s] -- Found OGRE
[20.635s] --   static     : OFF
[20.636s] --   components : HLMS;MeshLodGenerator;Overlay;Paging;Property;RTShaderSystem;Terrain;Volume
[20.636s] --   plugins    : Plugin_BSPSceneManager;Plugin_OctreeSceneManager;Plugin_PCZSceneManager;Plugin_ParticleFX;RenderSystem_GL;RenderSystem_GL3Plus;Codec_STBI;Codec_FreeImage;Codec_EXR
[20.636s] --   media      : /home/workspace/ros2/install/opt/rviz_ogre_vendor/share/OGRE/Media
[20.637s] -- OGRE_LIBRARIES: OgreHLMS;OgreMeshLodGenerator;OgreOverlay;OgrePaging;OgreProperty;OgreRTShaderSystem;OgreTerrain;OgreVolume;OgreMain
[20.637s] -- OGRE_LIBRARY_DIRS: /home/workspace/ros2/install/opt/rviz_ogre_vendor/lib
[20.637s] -- OGRE_PLUGINS: Plugin_BSPSceneManager;Plugin_OctreeSceneManager;Plugin_PCZSceneManager;Plugin_ParticleFX;RenderSystem_GL;RenderSystem_GL3Plus;Codec_STBI;Codec_FreeImage;Codec_EXR
[20.638s] -- OGRE_PLUGIN_DIR: /home/workspace/ros2/install/opt/rviz_ogre_vendor/lib/OGRE
[20.639s] -- rviz_ogre_vendor::OgreOverlay for IMPORTED_LOCATION_RELEASE: /home/workspace/ros2/install/opt/rviz_ogre_vendor/lib/libOgreOverlay.so
[20.639s] -- rviz_ogre_vendor::OgreOverlay for IMPORTED_LOCATION_DEBUG: /home/workspace/ros2/install/opt/rviz_ogre_vendor/lib/libOgreOverlay.so
[20.644s] -- rviz_ogre_vendor::OgreMain for IMPORTED_LOCATION_RELEASE: /home/workspace/ros2/install/opt/rviz_ogre_vendor/lib/libOgreMain.so
[20.645s] -- rviz_ogre_vendor::OgreMain for IMPORTED_LOCATION_DEBUG: /home/workspace/ros2/install/opt/rviz_ogre_vendor/lib/libOgreMain.so
[20.794s] -- Found ZLIB: /usr/lib/aarch64-linux-gnu/libz.so (found version "1.2.11") 
[20.839s] -- Found OpenGL: /usr/lib/aarch64-linux-gnu/libOpenGL.so   
[21.297s] -- Found X11: /usr/include   
[21.303s] -- Looking for XOpenDisplay in /usr/lib/aarch64-linux-gnu/libX11.so;/usr/lib/aarch64-linux-gnu/libXext.so
[21.505s] -- Looking for XOpenDisplay in /usr/lib/aarch64-linux-gnu/libX11.so;/usr/lib/aarch64-linux-gnu/libXext.so - found
[21.507s] -- Looking for gethostbyname
[21.703s] -- Looking for gethostbyname - found
[21.705s] -- Looking for connect
[21.906s] -- Looking for connect - found
[21.907s] -- Looking for remove
[22.106s] -- Looking for remove - found
[22.108s] -- Looking for shmat
[22.304s] -- Looking for shmat - found
[22.306s] -- Looking for IceConnectionNumber in ICE
[22.504s] -- Looking for IceConnectionNumber in ICE - found
[22.536s] -- rviz_ogre_vendor::RenderSystem_GL for IMPORTED_LOCATION_RELEASE: _render_system_gl_static_library_abs-NOTFOUND
[22.536s] -- rviz_ogre_vendor::RenderSystem_GL for IMPORTED_LOCATION_DEBUG: _render_system_gl_static_library_abs-NOTFOUND
[22.906s] -- library: /usr/lib/aarch64-linux-gnu/libcurl.so
[24.264s] -- Setting yaml-cpp_DIR to: '/home/workspace/ros2/install/share/yaml_cpp_vendor/cmake/../../../opt/yaml_cpp_vendor/lib/cmake/yaml-cpp'
[24.308s] -- Found rviz_default_plugins: 8.2.5 (/home/workspace/ros2/install/share/rviz_default_plugins/cmake)
[32.172s] -- Found ament_lint_auto: 0.9.6 (/home/workspace/ros2/install/share/ament_lint_auto/cmake)
[33.065s] -- Added test 'copyright' to check source files copyright and LICENSE
[33.076s] -- Added test 'cppcheck' to perform static code analysis on C / C++ code
[33.083s] -- Configured cppcheck include dirs: /home/nvidia/workspace/alan/src/AMR_ros2_slam_nav2/navigation2/nav2_rviz_plugins/include
[33.084s] -- Configured cppcheck exclude dirs and/or files: 
[33.092s] -- Added test 'cpplint' to check C / C++ code against the Google style
[33.093s] -- Configured cpplint exclude dirs and/or files: 
[33.101s] -- Added test 'lint_cmake' to check CMake code style
[33.112s] -- Added test 'uncrustify' to check C / C++ code style
[33.112s] -- Configured uncrustify additional arguments: 
[33.119s] -- Added test 'xmllint' to check XML markup files
[33.156s] -- Configuring done
[33.845s] -- Generating done
[33.884s] -- Build files have been written to: /home/nvidia/workspace/alan/src/AMR_ros2_slam_nav2/build/nav2_rviz_plugins
[33.997s] Invoked command in '/home/nvidia/workspace/alan/src/AMR_ros2_slam_nav2/build/nav2_rviz_plugins' returned '0': AMENT_PREFIX_PATH=/home/nvidia/workspace/alan/src/AMR_ros2_slam_nav2/install/nav2_lifecycle_manager:/home/nvidia/workspace/alan/src/AMR_ros2_slam_nav2/install/nav2_util:/home/nvidia/workspace/alan/src/AMR_ros2_slam_nav2/install/nav2_msgs:/home/nvidia/workspace/alan/src/AMR_ros2_slam_nav2/install/nav2_common:${AMENT_PREFIX_PATH} CMAKE_PREFIX_PATH=/home/nvidia/workspace/alan/src/AMR_ros2_slam_nav2/install/nav2_lifecycle_manager:/home/nvidia/workspace/alan/src/AMR_ros2_slam_nav2/install/nav2_util:/home/nvidia/workspace/alan/src/AMR_ros2_slam_nav2/install/nav2_msgs:/home/nvidia/workspace/alan/src/AMR_ros2_slam_nav2/install/nav2_common:${CMAKE_PREFIX_PATH} LD_LIBRARY_PATH=/home/nvidia/workspace/alan/src/AMR_ros2_slam_nav2/install/nav2_lifecycle_manager/lib:/home/nvidia/workspace/alan/src/AMR_ros2_slam_nav2/install/nav2_util/lib:/home/nvidia/workspace/alan/src/AMR_ros2_slam_nav2/install/nav2_msgs/lib:/home/workspace/ros2/install/opt/yaml_cpp_vendor/lib:/home/workspace/ros2/install/opt/rviz_ogre_vendor/lib:/home/workspace/ros2/install/lib:/usr/local/cuda-10.2/lib64 PYTHONPATH=/home/nvidia/workspace/alan/src/AMR_ros2_slam_nav2/install/nav2_msgs/lib/python3.6/site-packages:/home/nvidia/workspace/alan/src/AMR_ros2_slam_nav2/install/nav2_common/lib/python3.6/site-packages:/home/workspace/ros2/install/lib/python3.6/site-packages:/usr/local/lib:/usr/local/cuda/bin /usr/local/bin/cmake /home/nvidia/workspace/alan/src/AMR_ros2_slam_nav2/navigation2/nav2_rviz_plugins -DCMAKE_INSTALL_PREFIX=/home/nvidia/workspace/alan/src/AMR_ros2_slam_nav2/install/nav2_rviz_plugins
[34.001s] Invoking command in '/home/nvidia/workspace/alan/src/AMR_ros2_slam_nav2/build/nav2_rviz_plugins': AMENT_PREFIX_PATH=/home/nvidia/workspace/alan/src/AMR_ros2_slam_nav2/install/nav2_lifecycle_manager:/home/nvidia/workspace/alan/src/AMR_ros2_slam_nav2/install/nav2_util:/home/nvidia/workspace/alan/src/AMR_ros2_slam_nav2/install/nav2_msgs:/home/nvidia/workspace/alan/src/AMR_ros2_slam_nav2/install/nav2_common:${AMENT_PREFIX_PATH} CMAKE_PREFIX_PATH=/home/nvidia/workspace/alan/src/AMR_ros2_slam_nav2/install/nav2_lifecycle_manager:/home/nvidia/workspace/alan/src/AMR_ros2_slam_nav2/install/nav2_util:/home/nvidia/workspace/alan/src/AMR_ros2_slam_nav2/install/nav2_msgs:/home/nvidia/workspace/alan/src/AMR_ros2_slam_nav2/install/nav2_common:${CMAKE_PREFIX_PATH} LD_LIBRARY_PATH=/home/nvidia/workspace/alan/src/AMR_ros2_slam_nav2/install/nav2_lifecycle_manager/lib:/home/nvidia/workspace/alan/src/AMR_ros2_slam_nav2/install/nav2_util/lib:/home/nvidia/workspace/alan/src/AMR_ros2_slam_nav2/install/nav2_msgs/lib:/home/workspace/ros2/install/opt/yaml_cpp_vendor/lib:/home/workspace/ros2/install/opt/rviz_ogre_vendor/lib:/home/workspace/ros2/install/lib:/usr/local/cuda-10.2/lib64 PYTHONPATH=/home/nvidia/workspace/alan/src/AMR_ros2_slam_nav2/install/nav2_msgs/lib/python3.6/site-packages:/home/nvidia/workspace/alan/src/AMR_ros2_slam_nav2/install/nav2_common/lib/python3.6/site-packages:/home/workspace/ros2/install/lib/python3.6/site-packages:/usr/local/lib:/usr/local/cuda/bin /usr/local/bin/cmake --build /home/nvidia/workspace/alan/src/AMR_ros2_slam_nav2/build/nav2_rviz_plugins -- -j8 -l8
[34.318s] [35m[1mScanning dependencies of target nav2_rviz_plugins_autogen[0m
[34.370s] [ 20%] [34m[1mAutomatic MOC for target nav2_rviz_plugins[0m
[37.545s] [ 20%] Built target nav2_rviz_plugins_autogen
[37.630s] [35m[1mScanning dependencies of target nav2_rviz_plugins[0m
[38.977s] [ 40%] [32mBuilding CXX object CMakeFiles/nav2_rviz_plugins.dir/nav2_rviz_plugins_autogen/mocs_compilation.cpp.o[0m
[53.703s] [ 60%] [32mBuilding CXX object CMakeFiles/nav2_rviz_plugins.dir/src/nav2_panel.cpp.o[0m
[82.094s] [ 80%] [32mBuilding CXX object CMakeFiles/nav2_rviz_plugins.dir/src/goal_tool.cpp.o[0m
[91.406s] [100%] [32m[1mLinking CXX shared library libnav2_rviz_plugins.so[0m
[103.710s] [100%] Built target nav2_rviz_plugins
[103.730s] Invoked command in '/home/nvidia/workspace/alan/src/AMR_ros2_slam_nav2/build/nav2_rviz_plugins' returned '0': AMENT_PREFIX_PATH=/home/nvidia/workspace/alan/src/AMR_ros2_slam_nav2/install/nav2_lifecycle_manager:/home/nvidia/workspace/alan/src/AMR_ros2_slam_nav2/install/nav2_util:/home/nvidia/workspace/alan/src/AMR_ros2_slam_nav2/install/nav2_msgs:/home/nvidia/workspace/alan/src/AMR_ros2_slam_nav2/install/nav2_common:${AMENT_PREFIX_PATH} CMAKE_PREFIX_PATH=/home/nvidia/workspace/alan/src/AMR_ros2_slam_nav2/install/nav2_lifecycle_manager:/home/nvidia/workspace/alan/src/AMR_ros2_slam_nav2/install/nav2_util:/home/nvidia/workspace/alan/src/AMR_ros2_slam_nav2/install/nav2_msgs:/home/nvidia/workspace/alan/src/AMR_ros2_slam_nav2/install/nav2_common:${CMAKE_PREFIX_PATH} LD_LIBRARY_PATH=/home/nvidia/workspace/alan/src/AMR_ros2_slam_nav2/install/nav2_lifecycle_manager/lib:/home/nvidia/workspace/alan/src/AMR_ros2_slam_nav2/install/nav2_util/lib:/home/nvidia/workspace/alan/src/AMR_ros2_slam_nav2/install/nav2_msgs/lib:/home/workspace/ros2/install/opt/yaml_cpp_vendor/lib:/home/workspace/ros2/install/opt/rviz_ogre_vendor/lib:/home/workspace/ros2/install/lib:/usr/local/cuda-10.2/lib64 PYTHONPATH=/home/nvidia/workspace/alan/src/AMR_ros2_slam_nav2/install/nav2_msgs/lib/python3.6/site-packages:/home/nvidia/workspace/alan/src/AMR_ros2_slam_nav2/install/nav2_common/lib/python3.6/site-packages:/home/workspace/ros2/install/lib/python3.6/site-packages:/usr/local/lib:/usr/local/cuda/bin /usr/local/bin/cmake --build /home/nvidia/workspace/alan/src/AMR_ros2_slam_nav2/build/nav2_rviz_plugins -- -j8 -l8
[103.835s] Invoking command in '/home/nvidia/workspace/alan/src/AMR_ros2_slam_nav2/build/nav2_rviz_plugins': AMENT_PREFIX_PATH=/home/nvidia/workspace/alan/src/AMR_ros2_slam_nav2/install/nav2_lifecycle_manager:/home/nvidia/workspace/alan/src/AMR_ros2_slam_nav2/install/nav2_util:/home/nvidia/workspace/alan/src/AMR_ros2_slam_nav2/install/nav2_msgs:/home/nvidia/workspace/alan/src/AMR_ros2_slam_nav2/install/nav2_common:${AMENT_PREFIX_PATH} CMAKE_PREFIX_PATH=/home/nvidia/workspace/alan/src/AMR_ros2_slam_nav2/install/nav2_lifecycle_manager:/home/nvidia/workspace/alan/src/AMR_ros2_slam_nav2/install/nav2_util:/home/nvidia/workspace/alan/src/AMR_ros2_slam_nav2/install/nav2_msgs:/home/nvidia/workspace/alan/src/AMR_ros2_slam_nav2/install/nav2_common:${CMAKE_PREFIX_PATH} LD_LIBRARY_PATH=/home/nvidia/workspace/alan/src/AMR_ros2_slam_nav2/install/nav2_lifecycle_manager/lib:/home/nvidia/workspace/alan/src/AMR_ros2_slam_nav2/install/nav2_util/lib:/home/nvidia/workspace/alan/src/AMR_ros2_slam_nav2/install/nav2_msgs/lib:/home/workspace/ros2/install/opt/yaml_cpp_vendor/lib:/home/workspace/ros2/install/opt/rviz_ogre_vendor/lib:/home/workspace/ros2/install/lib:/usr/local/cuda-10.2/lib64 PYTHONPATH=/home/nvidia/workspace/alan/src/AMR_ros2_slam_nav2/install/nav2_msgs/lib/python3.6/site-packages:/home/nvidia/workspace/alan/src/AMR_ros2_slam_nav2/install/nav2_common/lib/python3.6/site-packages:/home/workspace/ros2/install/lib/python3.6/site-packages:/usr/local/lib:/usr/local/cuda/bin /usr/local/bin/cmake --install /home/nvidia/workspace/alan/src/AMR_ros2_slam_nav2/build/nav2_rviz_plugins
[103.859s] -- Install configuration: ""
[103.861s] -- Installing: /home/nvidia/workspace/alan/src/AMR_ros2_slam_nav2/install/nav2_rviz_plugins/share/nav2_rviz_plugins/plugins_description.xml
[103.861s] -- Installing: /home/nvidia/workspace/alan/src/AMR_ros2_slam_nav2/install/nav2_rviz_plugins/lib/libnav2_rviz_plugins.so
[103.875s] -- Set runtime path of "/home/nvidia/workspace/alan/src/AMR_ros2_slam_nav2/install/nav2_rviz_plugins/lib/libnav2_rviz_plugins.so" to ""
[103.876s] -- Installing: /home/nvidia/workspace/alan/src/AMR_ros2_slam_nav2/install/nav2_rviz_plugins/include/
[103.878s] -- Installing: /home/nvidia/workspace/alan/src/AMR_ros2_slam_nav2/install/nav2_rviz_plugins/include//nav2_rviz_plugins
[103.878s] -- Installing: /home/nvidia/workspace/alan/src/AMR_ros2_slam_nav2/install/nav2_rviz_plugins/include//nav2_rviz_plugins/goal_pose_updater.hpp
[103.879s] -- Installing: /home/nvidia/workspace/alan/src/AMR_ros2_slam_nav2/install/nav2_rviz_plugins/include//nav2_rviz_plugins/ros_action_qevent.hpp
[103.879s] -- Installing: /home/nvidia/workspace/alan/src/AMR_ros2_slam_nav2/install/nav2_rviz_plugins/include//nav2_rviz_plugins/goal_common.hpp
[103.880s] -- Installing: /home/nvidia/workspace/alan/src/AMR_ros2_slam_nav2/install/nav2_rviz_plugins/include//nav2_rviz_plugins/nav2_panel.hpp
[103.881s] -- Installing: /home/nvidia/workspace/alan/src/AMR_ros2_slam_nav2/install/nav2_rviz_plugins/include//nav2_rviz_plugins/goal_tool.hpp
[103.881s] -- Installing: /home/nvidia/workspace/alan/src/AMR_ros2_slam_nav2/install/nav2_rviz_plugins/share/nav2_rviz_plugins/environment/library_path.sh
[103.882s] -- Installing: /home/nvidia/workspace/alan/src/AMR_ros2_slam_nav2/install/nav2_rviz_plugins/share/nav2_rviz_plugins/environment/library_path.dsv
[103.882s] -- Installing: /home/nvidia/workspace/alan/src/AMR_ros2_slam_nav2/install/nav2_rviz_plugins/share/ament_index/resource_index/package_run_dependencies/nav2_rviz_plugins
[103.884s] -- Installing: /home/nvidia/workspace/alan/src/AMR_ros2_slam_nav2/install/nav2_rviz_plugins/share/ament_index/resource_index/parent_prefix_path/nav2_rviz_plugins
[103.885s] -- Installing: /home/nvidia/workspace/alan/src/AMR_ros2_slam_nav2/install/nav2_rviz_plugins/share/nav2_rviz_plugins/environment/ament_prefix_path.sh
[103.886s] -- Installing: /home/nvidia/workspace/alan/src/AMR_ros2_slam_nav2/install/nav2_rviz_plugins/share/nav2_rviz_plugins/environment/ament_prefix_path.dsv
[103.887s] -- Installing: /home/nvidia/workspace/alan/src/AMR_ros2_slam_nav2/install/nav2_rviz_plugins/share/nav2_rviz_plugins/environment/path.sh
[103.888s] -- Installing: /home/nvidia/workspace/alan/src/AMR_ros2_slam_nav2/install/nav2_rviz_plugins/share/nav2_rviz_plugins/environment/path.dsv
[103.889s] -- Installing: /home/nvidia/workspace/alan/src/AMR_ros2_slam_nav2/install/nav2_rviz_plugins/share/nav2_rviz_plugins/local_setup.bash
[103.890s] -- Installing: /home/nvidia/workspace/alan/src/AMR_ros2_slam_nav2/install/nav2_rviz_plugins/share/nav2_rviz_plugins/local_setup.sh
[103.892s] -- Installing: /home/nvidia/workspace/alan/src/AMR_ros2_slam_nav2/install/nav2_rviz_plugins/share/nav2_rviz_plugins/local_setup.zsh
[103.893s] -- Installing: /home/nvidia/workspace/alan/src/AMR_ros2_slam_nav2/install/nav2_rviz_plugins/share/nav2_rviz_plugins/local_setup.dsv
[103.893s] -- Installing: /home/nvidia/workspace/alan/src/AMR_ros2_slam_nav2/install/nav2_rviz_plugins/share/nav2_rviz_plugins/package.dsv
[103.895s] -- Installing: /home/nvidia/workspace/alan/src/AMR_ros2_slam_nav2/install/nav2_rviz_plugins/share/ament_index/resource_index/packages/nav2_rviz_plugins
[103.896s] -- Installing: /home/nvidia/workspace/alan/src/AMR_ros2_slam_nav2/install/nav2_rviz_plugins/share/ament_index/resource_index/rviz_common__pluginlib__plugin/nav2_rviz_plugins
[103.897s] -- Installing: /home/nvidia/workspace/alan/src/AMR_ros2_slam_nav2/install/nav2_rviz_plugins/share/nav2_rviz_plugins/cmake/nav2_rviz_pluginsExport.cmake
[103.898s] -- Installing: /home/nvidia/workspace/alan/src/AMR_ros2_slam_nav2/install/nav2_rviz_plugins/share/nav2_rviz_plugins/cmake/nav2_rviz_pluginsExport-noconfig.cmake
[103.899s] -- Installing: /home/nvidia/workspace/alan/src/AMR_ros2_slam_nav2/install/nav2_rviz_plugins/share/nav2_rviz_plugins/cmake/ament_cmake_export_include_directories-extras.cmake
[103.900s] -- Installing: /home/nvidia/workspace/alan/src/AMR_ros2_slam_nav2/install/nav2_rviz_plugins/share/nav2_rviz_plugins/cmake/ament_cmake_export_targets-extras.cmake
[103.901s] -- Installing: /home/nvidia/workspace/alan/src/AMR_ros2_slam_nav2/install/nav2_rviz_plugins/share/nav2_rviz_plugins/cmake/ament_cmake_export_dependencies-extras.cmake
[103.902s] -- Installing: /home/nvidia/workspace/alan/src/AMR_ros2_slam_nav2/install/nav2_rviz_plugins/share/nav2_rviz_plugins/cmake/nav2_rviz_pluginsConfig.cmake
[103.902s] -- Installing: /home/nvidia/workspace/alan/src/AMR_ros2_slam_nav2/install/nav2_rviz_plugins/share/nav2_rviz_plugins/cmake/nav2_rviz_pluginsConfig-version.cmake
[103.903s] -- Installing: /home/nvidia/workspace/alan/src/AMR_ros2_slam_nav2/install/nav2_rviz_plugins/share/nav2_rviz_plugins/package.xml
[103.919s] Invoked command in '/home/nvidia/workspace/alan/src/AMR_ros2_slam_nav2/build/nav2_rviz_plugins' returned '0': AMENT_PREFIX_PATH=/home/nvidia/workspace/alan/src/AMR_ros2_slam_nav2/install/nav2_lifecycle_manager:/home/nvidia/workspace/alan/src/AMR_ros2_slam_nav2/install/nav2_util:/home/nvidia/workspace/alan/src/AMR_ros2_slam_nav2/install/nav2_msgs:/home/nvidia/workspace/alan/src/AMR_ros2_slam_nav2/install/nav2_common:${AMENT_PREFIX_PATH} CMAKE_PREFIX_PATH=/home/nvidia/workspace/alan/src/AMR_ros2_slam_nav2/install/nav2_lifecycle_manager:/home/nvidia/workspace/alan/src/AMR_ros2_slam_nav2/install/nav2_util:/home/nvidia/workspace/alan/src/AMR_ros2_slam_nav2/install/nav2_msgs:/home/nvidia/workspace/alan/src/AMR_ros2_slam_nav2/install/nav2_common:${CMAKE_PREFIX_PATH} LD_LIBRARY_PATH=/home/nvidia/workspace/alan/src/AMR_ros2_slam_nav2/install/nav2_lifecycle_manager/lib:/home/nvidia/workspace/alan/src/AMR_ros2_slam_nav2/install/nav2_util/lib:/home/nvidia/workspace/alan/src/AMR_ros2_slam_nav2/install/nav2_msgs/lib:/home/workspace/ros2/install/opt/yaml_cpp_vendor/lib:/home/workspace/ros2/install/opt/rviz_ogre_vendor/lib:/home/workspace/ros2/install/lib:/usr/local/cuda-10.2/lib64 PYTHONPATH=/home/nvidia/workspace/alan/src/AMR_ros2_slam_nav2/install/nav2_msgs/lib/python3.6/site-packages:/home/nvidia/workspace/alan/src/AMR_ros2_slam_nav2/install/nav2_common/lib/python3.6/site-packages:/home/workspace/ros2/install/lib/python3.6/site-packages:/usr/local/lib:/usr/local/cuda/bin /usr/local/bin/cmake --install /home/nvidia/workspace/alan/src/AMR_ros2_slam_nav2/build/nav2_rviz_plugins
