[0.355s] Invoking command in '/home/nvidia/workspace/alan/src/AMR_ros2_slam_nav2/build/cartographer': CMAKE_PREFIX_PATH=${CMAKE_PREFIX_PATH}:/home/nvidia/workspace/alan/src/AMR_ros2_slam_nav2/install/turtlebot3_teleop:/home/nvidia/workspace/alan/src/AMR_ros2_slam_nav2/install/turtlebot3_example:/home/nvidia/workspace/alan/src/AMR_ros2_slam_nav2/install/opencv_tests:/home/nvidia/workspace/alan/src/AMR_ros2_slam_nav2/install/nav2_gazebo_spawner:/home/nvidia/workspace/alan/AMR/install/turtlebot3_teleop:/home/nvidia/workspace/alan/AMR/install/turtlebot3_example:/home/nvidia/workspace/alan/AMR/install/opencv_tests:/home/nvidia/workspace/alan/AMR/install/nav2_gazebo_spawner /usr/local/bin/cmake --build /home/nvidia/workspace/alan/src/AMR_ros2_slam_nav2/build/cartographer -- -j8 -l8
[0.746s] [  1%] Built target gmock_main
[0.773s] [  1%] [34m[1mBuilding documentation.[0m
[0.858s] [  1%] Built target cartographer_detect_changes
[1.135s] [ 55%] Built target cartographer
[1.239s] [ 56%] Built target cartographer_test_library
[1.310s] [ 56%] Built target cartographer_migrate_serialization_format
[1.311s] [ 57%] Built target cartographer_autogenerate_ground_truth
[1.347s] [ 58%] Built target cartographer_compute_relations_metrics
[1.407s] [ 59%] Built target cartographer.mapping.2d.xy_index_test
[1.426s] [ 60%] Built target cartographer.mapping.3d.submap_3d_test
[1.429s] [ 61%] Built target cartographer.mapping.internal.2d.pose_graph_2d_test
[1.466s] [ 62%] Built target cartographer.sensor.point_cloud_test
[1.516s] [ 62%] Built target cartographer.mapping.2d.submap_2d_test
[1.528s] [ 62%] Built target cartographer.mapping.internal.constraints.constraint_builder_3d_test
[1.605s] [ 62%] Built target cartographer.mapping.trajectory_node_test
[1.605s] [ 63%] Built target cartographer.mapping.imu_tracker_test
[1.606s] [ 64%] Built target cartographer.io.proto_stream_deserializer_test
[1.637s] [ 65%] Built target cartographer.common.lua_parameter_dictionary_test
[1.642s] [ 65%] Built target cartographer.io.proto_stream_test
[1.694s] [ 65%] Built target cartographer.mapping.2d.probability_grid_test
[1.720s] [ 65%] Built target cartographer.mapping.3d.hybrid_grid_test
[1.738s] [ 65%] Built target cartographer.mapping.internal.3d.scan_matching.real_time_correlative_scan_matcher_3d_test
[1.766s] [ 67%] Built target cartographer.io.internal.in_memory_proto_stream_test
[1.780s] [ 67%] Built target cartographer.mapping.internal.optimization.optimization_problem_3d_test
[1.781s] [ 67%] Built target cartographer.common.math_test
[1.797s] [ 67%] Built target cartographer.mapping.internal.2d.overlapping_submaps_trimmer_2d_test
[1.821s] [ 67%] Built target cartographer.sensor.internal.voxel_filter_test
[1.835s] [ 67%] Built target cartographer.mapping.internal.2d.scan_matching.correlative_scan_matcher_test
[1.874s] [ 67%] Built target cartographer.common.blocking_queue_test
[1.894s] [ 68%] Built target cartographer.common.lockless_queue_test
[1.917s] [ 68%] Built target cartographer.mapping.id_test
[1.941s] [ 68%] Built target cartographer.mapping.internal.trajectory_connectivity_state_test
[1.942s] [ 69%] Built target cartographer.common.configuration_files_test
[1.958s] [ 70%] Built target cartographer.mapping.internal.3d.scan_matching.rotation_delta_cost_functor_3d_test
[1.997s] [ 70%] Built target cartographer.common.fixed_ratio_sampler_test
[2.054s] [ 71%] Built target cartographer.io.serialization_format_migration_test
[2.072s] [ 72%] Built target cartographer.common.optional_test
[2.085s] [ 73%] Built target cartographer.mapping.internal.3d.local_trajectory_builder_3d_test
[2.099s] [ 73%] Built target cartographer.mapping.internal.connected_components_test
[2.138s] [ 74%] Built target cartographer.mapping.2d.range_data_inserter_2d_test
[2.148s] [ 75%] Built target cartographer.common.thread_pool_test
[2.150s] [ 75%] Built target cartographer.sensor.internal.ordered_multi_queue_test
[2.197s] [ 76%] Built target cartographer.common.task_test
[2.216s] [ 77%] Built target cartographer.mapping.3d.range_data_inserter_3d_test
[2.216s] [ 78%] Built target cartographer.mapping.internal.2d.scan_matching.fast_correlative_scan_matcher_2d_test
[2.228s] [ 79%] Built target cartographer.mapping.internal.3d.scan_matching.ceres_scan_matcher_3d_test
[2.320s] [ 80%] Built target cartographer.mapping.internal.3d.scan_matching.fast_correlative_scan_matcher_3d_test
[2.353s] [ 80%] Built target cartographer.mapping.internal.3d.pose_graph_3d_test
[2.371s] [ 81%] Built target cartographer.mapping.internal.3d.scan_matching.precomputation_grid_3d_test
[2.372s] [ 81%] Built target cartographer.common.rate_timer_test
[2.372s] [ 82%] Built target cartographer.mapping.internal.3d.scan_matching.rotational_scan_matcher_test
[2.404s] [ 83%] Built target cartographer.mapping.map_builder_test
[2.442s] [ 84%] Built target cartographer.mapping.internal.2d.scan_matching.ceres_scan_matcher_2d_test
[2.491s] [ 85%] Built target cartographer.mapping.internal.range_data_collator_test
[2.502s] [ 85%] Built target cartographer.io.fake_file_writer_test
[2.513s] [ 86%] Built target cartographer.mapping.internal.motion_filter_test
[2.549s] [01mRunning Sphinx v1.6.7[39;49;00m
[2.564s] [ 86%] Built target cartographer.mapping.probability_values_test
[2.577s] [ 86%] Built target cartographer.mapping.internal.optimization.cost_functions.landmark_cost_function_2d_test
[2.582s] [ 87%] Built target cartographer.mapping.internal.constraints.constraint_builder_2d_test
[2.631s] [ 88%] Built target cartographer.mapping.internal.optimization.cost_functions.spa_cost_function_2d_test
[2.685s] [ 88%] Built target cartographer.mapping.pose_graph_test
[2.687s] [ 89%] Built target cartographer.mapping.internal.optimization.cost_functions.landmark_cost_function_3d_test
[2.714s] [ 89%] Built target cartographer.io.points_processor_pipeline_builder_test
[2.739s] [ 90%] Built target cartographer.mapping.submaps_test
[2.763s] [ 92%] Built target cartographer.mapping.pose_graph_trimmer_test
[2.765s] [ 92%] Built target cartographer.mapping.pose_extrapolator_test
[2.776s] [ 93%] Built target cartographer.sensor.compressed_point_cloud_test
[2.854s] [ 94%] Built target cartographer.sensor.internal.trajectory_collator_test
[2.889s] [ 94%] Built target cartographer.sensor.map_by_time_test
[2.904s] [ 95%] Built target cartographer.sensor.internal.collator_test
[2.907s] [ 95%] Built target cartographer.transform.transform_test
[2.936s] [ 96%] Built target cartographer.mapping.2d.map_limits_test
[2.944s] [ 96%] Built target cartographer.mapping.internal.2d.scan_matching.real_time_correlative_scan_matcher_2d_test
[2.954s] [ 97%] Built target cartographer.sensor.landmark_data_test
[3.041s] [ 98%] Built target cartographer.transform.transform_interpolation_buffer_test
[3.045s] [ 98%] Built target cartographer.mapping.internal.3d.scan_matching.interpolated_grid_test
[3.053s] [100%] Built target cartographer.sensor.range_data_test
[3.056s] [100%] Built target cartographer.transform.rigid_transform_test
[3.572s] [01mloading pickled environment... [39;49;00mdone
[3.593s] [01mbuilding [mo]: [39;49;00mtargets for 0 po files that are out of date
[3.593s] [01mbuilding [html][39;49;00m: targets for 0 source files that are out of date
[3.598s] [01mupdating environment: [39;49;00m0 added, 0 changed, 0 removed
[3.600s] [01mlooking for now-outdated files... [39;49;00mnone found
[3.601s] [01mno targets are out of date.[39;49;00m
[3.601s] [01mbuild succeeded.[39;49;00m
[3.724s] [100%] Built target build_doc
[3.804s] Invoked command in '/home/nvidia/workspace/alan/src/AMR_ros2_slam_nav2/build/cartographer' returned '0': CMAKE_PREFIX_PATH=${CMAKE_PREFIX_PATH}:/home/nvidia/workspace/alan/src/AMR_ros2_slam_nav2/install/turtlebot3_teleop:/home/nvidia/workspace/alan/src/AMR_ros2_slam_nav2/install/turtlebot3_example:/home/nvidia/workspace/alan/src/AMR_ros2_slam_nav2/install/opencv_tests:/home/nvidia/workspace/alan/src/AMR_ros2_slam_nav2/install/nav2_gazebo_spawner:/home/nvidia/workspace/alan/AMR/install/turtlebot3_teleop:/home/nvidia/workspace/alan/AMR/install/turtlebot3_example:/home/nvidia/workspace/alan/AMR/install/opencv_tests:/home/nvidia/workspace/alan/AMR/install/nav2_gazebo_spawner /usr/local/bin/cmake --build /home/nvidia/workspace/alan/src/AMR_ros2_slam_nav2/build/cartographer -- -j8 -l8
[8.833s] Invoking command in '/home/nvidia/workspace/alan/src/AMR_ros2_slam_nav2/build/cartographer': CMAKE_PREFIX_PATH=${CMAKE_PREFIX_PATH}:/home/nvidia/workspace/alan/src/AMR_ros2_slam_nav2/install/turtlebot3_teleop:/home/nvidia/workspace/alan/src/AMR_ros2_slam_nav2/install/turtlebot3_example:/home/nvidia/workspace/alan/src/AMR_ros2_slam_nav2/install/opencv_tests:/home/nvidia/workspace/alan/src/AMR_ros2_slam_nav2/install/nav2_gazebo_spawner:/home/nvidia/workspace/alan/AMR/install/turtlebot3_teleop:/home/nvidia/workspace/alan/AMR/install/turtlebot3_example:/home/nvidia/workspace/alan/AMR/install/opencv_tests:/home/nvidia/workspace/alan/AMR/install/nav2_gazebo_spawner /usr/local/bin/cmake --install /home/nvidia/workspace/alan/src/AMR_ros2_slam_nav2/build/cartographer
[8.968s] -- Install configuration: "Release"
[8.969s] -- Up-to-date: /home/nvidia/workspace/alan/src/AMR_ros2_slam_nav2/install/cartographer/share/cartographer/package.xml
[8.970s] -- Up-to-date: /home/nvidia/workspace/alan/src/AMR_ros2_slam_nav2/install/cartographer/share/cartographer//configuration_files
[8.972s] -- Up-to-date: /home/nvidia/workspace/alan/src/AMR_ros2_slam_nav2/install/cartographer/share/cartographer//configuration_files/pose_graph.lua
[8.972s] -- Up-to-date: /home/nvidia/workspace/alan/src/AMR_ros2_slam_nav2/install/cartographer/share/cartographer//configuration_files/trajectory_builder.lua
[8.973s] -- Up-to-date: /home/nvidia/workspace/alan/src/AMR_ros2_slam_nav2/install/cartographer/share/cartographer//configuration_files/map_builder_server.lua
[8.974s] -- Up-to-date: /home/nvidia/workspace/alan/src/AMR_ros2_slam_nav2/install/cartographer/share/cartographer//configuration_files/map_builder.lua
[8.974s] -- Up-to-date: /home/nvidia/workspace/alan/src/AMR_ros2_slam_nav2/install/cartographer/share/cartographer//configuration_files/trajectory_builder_3d.lua
[8.974s] -- Up-to-date: /home/nvidia/workspace/alan/src/AMR_ros2_slam_nav2/install/cartographer/share/cartographer//configuration_files/trajectory_builder_2d.lua
[8.976s] -- Up-to-date: /home/nvidia/workspace/alan/src/AMR_ros2_slam_nav2/install/cartographer/share/cartographer//cmake
[8.977s] -- Up-to-date: /home/nvidia/workspace/alan/src/AMR_ros2_slam_nav2/install/cartographer/share/cartographer//cmake/modules
[8.977s] -- Up-to-date: /home/nvidia/workspace/alan/src/AMR_ros2_slam_nav2/install/cartographer/share/cartographer//cmake/modules/FindGMock.cmake
[8.978s] -- Up-to-date: /home/nvidia/workspace/alan/src/AMR_ros2_slam_nav2/install/cartographer/share/cartographer//cmake/modules/FindLuaGoogle.cmake
[8.978s] -- Up-to-date: /home/nvidia/workspace/alan/src/AMR_ros2_slam_nav2/install/cartographer/share/cartographer//cmake/modules/FindSphinx.cmake
[8.978s] -- Up-to-date: /home/nvidia/workspace/alan/src/AMR_ros2_slam_nav2/install/cartographer/share/cartographer//cmake/functions.cmake
[8.978s] -- Up-to-date: /home/nvidia/workspace/alan/src/AMR_ros2_slam_nav2/install/cartographer/bin/cartographer_autogenerate_ground_truth
[8.984s] -- Up-to-date: /home/nvidia/workspace/alan/src/AMR_ros2_slam_nav2/install/cartographer/bin/cartographer_compute_relations_metrics
[9.014s] -- Up-to-date: /home/nvidia/workspace/alan/src/AMR_ros2_slam_nav2/install/cartographer/bin/cartographer_migrate_serialization_format
[9.016s] -- Up-to-date: /home/nvidia/workspace/alan/src/AMR_ros2_slam_nav2/install/cartographer/lib/libcartographer.a
[9.016s] -- Up-to-date: /home/nvidia/workspace/alan/src/AMR_ros2_slam_nav2/install/cartographer/include/cartographer/common/blocking_queue.h
[9.017s] -- Up-to-date: /home/nvidia/workspace/alan/src/AMR_ros2_slam_nav2/install/cartographer/include/cartographer/common/ceres_solver_options.h
[9.019s] -- Up-to-date: /home/nvidia/workspace/alan/src/AMR_ros2_slam_nav2/install/cartographer/include/cartographer/common/configuration_file_resolver.h
[9.023s] -- Up-to-date: /home/nvidia/workspace/alan/src/AMR_ros2_slam_nav2/install/cartographer/include/cartographer/common/fixed_ratio_sampler.h
[9.027s] -- Up-to-date: /home/nvidia/workspace/alan/src/AMR_ros2_slam_nav2/install/cartographer/include/cartographer/common/histogram.h
[9.027s] -- Up-to-date: /home/nvidia/workspace/alan/src/AMR_ros2_slam_nav2/install/cartographer/include/cartographer/common/lockless_queue.h
[9.027s] -- Up-to-date: /home/nvidia/workspace/alan/src/AMR_ros2_slam_nav2/install/cartographer/include/cartographer/common/lua.h
[9.068s] -- Up-to-date: /home/nvidia/workspace/alan/src/AMR_ros2_slam_nav2/install/cartographer/include/cartographer/common/lua_parameter_dictionary.h
[9.069s] -- Up-to-date: /home/nvidia/workspace/alan/src/AMR_ros2_slam_nav2/install/cartographer/include/cartographer/common/make_unique.h
[9.070s] -- Up-to-date: /home/nvidia/workspace/alan/src/AMR_ros2_slam_nav2/install/cartographer/include/cartographer/common/math.h
[9.073s] -- Up-to-date: /home/nvidia/workspace/alan/src/AMR_ros2_slam_nav2/install/cartographer/include/cartographer/common/mutex.h
[9.075s] -- Up-to-date: /home/nvidia/workspace/alan/src/AMR_ros2_slam_nav2/install/cartographer/include/cartographer/common/optional.h
[9.133s] -- Up-to-date: /home/nvidia/workspace/alan/src/AMR_ros2_slam_nav2/install/cartographer/include/cartographer/common/port.h
[9.135s] -- Up-to-date: /home/nvidia/workspace/alan/src/AMR_ros2_slam_nav2/install/cartographer/include/cartographer/common/rate_timer.h
[9.136s] -- Up-to-date: /home/nvidia/workspace/alan/src/AMR_ros2_slam_nav2/install/cartographer/include/cartographer/common/task.h
[9.160s] -- Up-to-date: /home/nvidia/workspace/alan/src/AMR_ros2_slam_nav2/install/cartographer/include/cartographer/common/thread_pool.h
[9.160s] -- Up-to-date: /home/nvidia/workspace/alan/src/AMR_ros2_slam_nav2/install/cartographer/include/cartographer/common/time.h
[9.166s] -- Up-to-date: /home/nvidia/workspace/alan/src/AMR_ros2_slam_nav2/install/cartographer/include/cartographer/ground_truth/relations_text_file.h
[9.167s] -- Up-to-date: /home/nvidia/workspace/alan/src/AMR_ros2_slam_nav2/install/cartographer/include/cartographer/io/color.h
[9.169s] -- Up-to-date: /home/nvidia/workspace/alan/src/AMR_ros2_slam_nav2/install/cartographer/include/cartographer/io/coloring_points_processor.h
[9.169s] -- Up-to-date: /home/nvidia/workspace/alan/src/AMR_ros2_slam_nav2/install/cartographer/include/cartographer/io/counting_points_processor.h
[9.169s] -- Up-to-date: /home/nvidia/workspace/alan/src/AMR_ros2_slam_nav2/install/cartographer/include/cartographer/io/draw_trajectories.h
[9.170s] -- Up-to-date: /home/nvidia/workspace/alan/src/AMR_ros2_slam_nav2/install/cartographer/include/cartographer/io/file_writer.h
[9.171s] -- Up-to-date: /home/nvidia/workspace/alan/src/AMR_ros2_slam_nav2/install/cartographer/include/cartographer/io/fixed_ratio_sampling_points_processor.h
[9.173s] -- Up-to-date: /home/nvidia/workspace/alan/src/AMR_ros2_slam_nav2/install/cartographer/include/cartographer/io/frame_id_filtering_points_processor.h
[9.173s] -- Up-to-date: /home/nvidia/workspace/alan/src/AMR_ros2_slam_nav2/install/cartographer/include/cartographer/io/hybrid_grid_points_processor.h
[9.174s] -- Up-to-date: /home/nvidia/workspace/alan/src/AMR_ros2_slam_nav2/install/cartographer/include/cartographer/io/image.h
[9.174s] -- Up-to-date: /home/nvidia/workspace/alan/src/AMR_ros2_slam_nav2/install/cartographer/include/cartographer/io/intensity_to_color_points_processor.h
[9.174s] -- Up-to-date: /home/nvidia/workspace/alan/src/AMR_ros2_slam_nav2/install/cartographer/include/cartographer/io/min_max_range_filtering_points_processor.h
[9.175s] -- Up-to-date: /home/nvidia/workspace/alan/src/AMR_ros2_slam_nav2/install/cartographer/include/cartographer/io/null_points_processor.h
[9.175s] -- Up-to-date: /home/nvidia/workspace/alan/src/AMR_ros2_slam_nav2/install/cartographer/include/cartographer/io/outlier_removing_points_processor.h
[9.175s] -- Up-to-date: /home/nvidia/workspace/alan/src/AMR_ros2_slam_nav2/install/cartographer/include/cartographer/io/pcd_writing_points_processor.h
[9.176s] -- Up-to-date: /home/nvidia/workspace/alan/src/AMR_ros2_slam_nav2/install/cartographer/include/cartographer/io/ply_writing_points_processor.h
[9.176s] -- Up-to-date: /home/nvidia/workspace/alan/src/AMR_ros2_slam_nav2/install/cartographer/include/cartographer/io/points_batch.h
[9.176s] -- Up-to-date: /home/nvidia/workspace/alan/src/AMR_ros2_slam_nav2/install/cartographer/include/cartographer/io/points_processor.h
[9.177s] -- Up-to-date: /home/nvidia/workspace/alan/src/AMR_ros2_slam_nav2/install/cartographer/include/cartographer/io/points_processor_pipeline_builder.h
[9.177s] -- Up-to-date: /home/nvidia/workspace/alan/src/AMR_ros2_slam_nav2/install/cartographer/include/cartographer/io/probability_grid_points_processor.h
[9.177s] -- Up-to-date: /home/nvidia/workspace/alan/src/AMR_ros2_slam_nav2/install/cartographer/include/cartographer/io/proto_stream.h
[9.178s] -- Up-to-date: /home/nvidia/workspace/alan/src/AMR_ros2_slam_nav2/install/cartographer/include/cartographer/io/proto_stream_deserializer.h
[9.178s] -- Up-to-date: /home/nvidia/workspace/alan/src/AMR_ros2_slam_nav2/install/cartographer/include/cartographer/io/proto_stream_interface.h
[9.178s] -- Up-to-date: /home/nvidia/workspace/alan/src/AMR_ros2_slam_nav2/install/cartographer/include/cartographer/io/serialization_format_migration.h
[9.178s] -- Up-to-date: /home/nvidia/workspace/alan/src/AMR_ros2_slam_nav2/install/cartographer/include/cartographer/io/submap_painter.h
[9.179s] -- Up-to-date: /home/nvidia/workspace/alan/src/AMR_ros2_slam_nav2/install/cartographer/include/cartographer/io/xray_points_processor.h
[9.179s] -- Up-to-date: /home/nvidia/workspace/alan/src/AMR_ros2_slam_nav2/install/cartographer/include/cartographer/io/xyz_writing_points_processor.h
[9.180s] -- Up-to-date: /home/nvidia/workspace/alan/src/AMR_ros2_slam_nav2/install/cartographer/include/cartographer/mapping/2d/grid_2d.h
[9.180s] -- Up-to-date: /home/nvidia/workspace/alan/src/AMR_ros2_slam_nav2/install/cartographer/include/cartographer/mapping/2d/map_limits.h
[9.180s] -- Up-to-date: /home/nvidia/workspace/alan/src/AMR_ros2_slam_nav2/install/cartographer/include/cartographer/mapping/2d/probability_grid.h
[9.181s] -- Up-to-date: /home/nvidia/workspace/alan/src/AMR_ros2_slam_nav2/install/cartographer/include/cartographer/mapping/2d/probability_grid_range_data_inserter_2d.h
[9.181s] -- Up-to-date: /home/nvidia/workspace/alan/src/AMR_ros2_slam_nav2/install/cartographer/include/cartographer/mapping/2d/submap_2d.h
[9.181s] -- Up-to-date: /home/nvidia/workspace/alan/src/AMR_ros2_slam_nav2/install/cartographer/include/cartographer/mapping/2d/xy_index.h
[9.182s] -- Up-to-date: /home/nvidia/workspace/alan/src/AMR_ros2_slam_nav2/install/cartographer/include/cartographer/mapping/3d/hybrid_grid.h
[9.182s] -- Up-to-date: /home/nvidia/workspace/alan/src/AMR_ros2_slam_nav2/install/cartographer/include/cartographer/mapping/3d/range_data_inserter_3d.h
[9.182s] -- Up-to-date: /home/nvidia/workspace/alan/src/AMR_ros2_slam_nav2/install/cartographer/include/cartographer/mapping/3d/submap_3d.h
[9.182s] -- Up-to-date: /home/nvidia/workspace/alan/src/AMR_ros2_slam_nav2/install/cartographer/include/cartographer/mapping/detect_floors.h
[9.183s] -- Up-to-date: /home/nvidia/workspace/alan/src/AMR_ros2_slam_nav2/install/cartographer/include/cartographer/mapping/grid_interface.h
[9.183s] -- Up-to-date: /home/nvidia/workspace/alan/src/AMR_ros2_slam_nav2/install/cartographer/include/cartographer/mapping/id.h
[9.184s] -- Up-to-date: /home/nvidia/workspace/alan/src/AMR_ros2_slam_nav2/install/cartographer/include/cartographer/mapping/imu_tracker.h
[9.185s] -- Up-to-date: /home/nvidia/workspace/alan/src/AMR_ros2_slam_nav2/install/cartographer/include/cartographer/mapping/local_slam_result_data.h
[9.186s] -- Up-to-date: /home/nvidia/workspace/alan/src/AMR_ros2_slam_nav2/install/cartographer/include/cartographer/mapping/map_builder.h
[9.186s] -- Up-to-date: /home/nvidia/workspace/alan/src/AMR_ros2_slam_nav2/install/cartographer/include/cartographer/mapping/map_builder_interface.h
[9.187s] -- Up-to-date: /home/nvidia/workspace/alan/src/AMR_ros2_slam_nav2/install/cartographer/include/cartographer/mapping/pose_extrapolator.h
[9.188s] -- Up-to-date: /home/nvidia/workspace/alan/src/AMR_ros2_slam_nav2/install/cartographer/include/cartographer/mapping/pose_graph.h
[9.188s] -- Up-to-date: /home/nvidia/workspace/alan/src/AMR_ros2_slam_nav2/install/cartographer/include/cartographer/mapping/pose_graph_interface.h
[9.189s] -- Up-to-date: /home/nvidia/workspace/alan/src/AMR_ros2_slam_nav2/install/cartographer/include/cartographer/mapping/pose_graph_trimmer.h
[9.189s] -- Up-to-date: /home/nvidia/workspace/alan/src/AMR_ros2_slam_nav2/install/cartographer/include/cartographer/mapping/probability_values.h
[9.190s] -- Up-to-date: /home/nvidia/workspace/alan/src/AMR_ros2_slam_nav2/install/cartographer/include/cartographer/mapping/range_data_inserter_interface.h
[9.191s] -- Up-to-date: /home/nvidia/workspace/alan/src/AMR_ros2_slam_nav2/install/cartographer/include/cartographer/mapping/submaps.h
[9.192s] -- Up-to-date: /home/nvidia/workspace/alan/src/AMR_ros2_slam_nav2/install/cartographer/include/cartographer/mapping/trajectory_builder_interface.h
[9.192s] -- Up-to-date: /home/nvidia/workspace/alan/src/AMR_ros2_slam_nav2/install/cartographer/include/cartographer/mapping/trajectory_node.h
[9.193s] -- Up-to-date: /home/nvidia/workspace/alan/src/AMR_ros2_slam_nav2/install/cartographer/include/cartographer/metrics/counter.h
[9.193s] -- Up-to-date: /home/nvidia/workspace/alan/src/AMR_ros2_slam_nav2/install/cartographer/include/cartographer/metrics/family_factory.h
[9.193s] -- Up-to-date: /home/nvidia/workspace/alan/src/AMR_ros2_slam_nav2/install/cartographer/include/cartographer/metrics/gauge.h
[9.194s] -- Up-to-date: /home/nvidia/workspace/alan/src/AMR_ros2_slam_nav2/install/cartographer/include/cartographer/metrics/histogram.h
[9.194s] -- Up-to-date: /home/nvidia/workspace/alan/src/AMR_ros2_slam_nav2/install/cartographer/include/cartographer/metrics/register.h
[9.196s] -- Up-to-date: /home/nvidia/workspace/alan/src/AMR_ros2_slam_nav2/install/cartographer/include/cartographer/sensor/collator_interface.h
[9.196s] -- Up-to-date: /home/nvidia/workspace/alan/src/AMR_ros2_slam_nav2/install/cartographer/include/cartographer/sensor/compressed_point_cloud.h
[9.203s] -- Up-to-date: /home/nvidia/workspace/alan/src/AMR_ros2_slam_nav2/install/cartographer/include/cartographer/sensor/data.h
[9.204s] -- Up-to-date: /home/nvidia/workspace/alan/src/AMR_ros2_slam_nav2/install/cartographer/include/cartographer/sensor/fixed_frame_pose_data.h
[9.204s] -- Up-to-date: /home/nvidia/workspace/alan/src/AMR_ros2_slam_nav2/install/cartographer/include/cartographer/sensor/imu_data.h
[9.206s] -- Up-to-date: /home/nvidia/workspace/alan/src/AMR_ros2_slam_nav2/install/cartographer/include/cartographer/sensor/landmark_data.h
[9.206s] -- Up-to-date: /home/nvidia/workspace/alan/src/AMR_ros2_slam_nav2/install/cartographer/include/cartographer/sensor/map_by_time.h
[9.206s] -- Up-to-date: /home/nvidia/workspace/alan/src/AMR_ros2_slam_nav2/install/cartographer/include/cartographer/sensor/odometry_data.h
[9.207s] -- Up-to-date: /home/nvidia/workspace/alan/src/AMR_ros2_slam_nav2/install/cartographer/include/cartographer/sensor/point_cloud.h
[9.207s] -- Up-to-date: /home/nvidia/workspace/alan/src/AMR_ros2_slam_nav2/install/cartographer/include/cartographer/sensor/range_data.h
[9.208s] -- Up-to-date: /home/nvidia/workspace/alan/src/AMR_ros2_slam_nav2/install/cartographer/include/cartographer/sensor/timed_point_cloud_data.h
[9.209s] -- Up-to-date: /home/nvidia/workspace/alan/src/AMR_ros2_slam_nav2/install/cartographer/include/cartographer/transform/rigid_transform.h
[9.209s] -- Up-to-date: /home/nvidia/workspace/alan/src/AMR_ros2_slam_nav2/install/cartographer/include/cartographer/transform/timestamped_transform.h
[9.215s] -- Up-to-date: /home/nvidia/workspace/alan/src/AMR_ros2_slam_nav2/install/cartographer/include/cartographer/transform/transform.h
[9.217s] -- Up-to-date: /home/nvidia/workspace/alan/src/AMR_ros2_slam_nav2/install/cartographer/include/cartographer/transform/transform_interpolation_buffer.h
[9.218s] -- Up-to-date: /home/nvidia/workspace/alan/src/AMR_ros2_slam_nav2/install/cartographer/include/cartographer/common/lua_parameter_dictionary_test_helpers.h
[9.218s] -- Up-to-date: /home/nvidia/workspace/alan/src/AMR_ros2_slam_nav2/install/cartographer/include/cartographer/io/fake_file_writer.h
[9.219s] -- Up-to-date: /home/nvidia/workspace/alan/src/AMR_ros2_slam_nav2/install/cartographer/include/cartographer/transform/rigid_transform_test_helpers.h
[9.219s] -- Up-to-date: /home/nvidia/workspace/alan/src/AMR_ros2_slam_nav2/install/cartographer/include/cartographer/common/proto/ceres_solver_options.pb.h
[9.219s] -- Up-to-date: /home/nvidia/workspace/alan/src/AMR_ros2_slam_nav2/install/cartographer/include/cartographer/ground_truth/proto/relations.pb.h
[9.220s] -- Up-to-date: /home/nvidia/workspace/alan/src/AMR_ros2_slam_nav2/install/cartographer/include/cartographer/mapping/proto/2d/cell_limits.pb.h
[9.220s] -- Up-to-date: /home/nvidia/workspace/alan/src/AMR_ros2_slam_nav2/install/cartographer/include/cartographer/mapping/proto/2d/grid_2d.pb.h
[9.220s] -- Up-to-date: /home/nvidia/workspace/alan/src/AMR_ros2_slam_nav2/install/cartographer/include/cartographer/mapping/proto/2d/grid_2d_options.pb.h
[9.221s] -- Up-to-date: /home/nvidia/workspace/alan/src/AMR_ros2_slam_nav2/install/cartographer/include/cartographer/mapping/proto/2d/local_trajectory_builder_options_2d.pb.h
[9.221s] -- Up-to-date: /home/nvidia/workspace/alan/src/AMR_ros2_slam_nav2/install/cartographer/include/cartographer/mapping/proto/2d/map_limits.pb.h
[9.221s] -- Up-to-date: /home/nvidia/workspace/alan/src/AMR_ros2_slam_nav2/install/cartographer/include/cartographer/mapping/proto/2d/probability_grid.pb.h
[9.222s] -- Up-to-date: /home/nvidia/workspace/alan/src/AMR_ros2_slam_nav2/install/cartographer/include/cartographer/mapping/proto/2d/probability_grid_range_data_inserter_options_2d.pb.h
[9.222s] -- Up-to-date: /home/nvidia/workspace/alan/src/AMR_ros2_slam_nav2/install/cartographer/include/cartographer/mapping/proto/2d/submaps_options_2d.pb.h
[9.222s] -- Up-to-date: /home/nvidia/workspace/alan/src/AMR_ros2_slam_nav2/install/cartographer/include/cartographer/mapping/proto/3d/hybrid_grid.pb.h
[9.222s] -- Up-to-date: /home/nvidia/workspace/alan/src/AMR_ros2_slam_nav2/install/cartographer/include/cartographer/mapping/proto/3d/local_trajectory_builder_options_3d.pb.h
[9.223s] -- Up-to-date: /home/nvidia/workspace/alan/src/AMR_ros2_slam_nav2/install/cartographer/include/cartographer/mapping/proto/3d/range_data_inserter_options_3d.pb.h
[9.223s] -- Up-to-date: /home/nvidia/workspace/alan/src/AMR_ros2_slam_nav2/install/cartographer/include/cartographer/mapping/proto/3d/submaps_options_3d.pb.h
[9.224s] -- Up-to-date: /home/nvidia/workspace/alan/src/AMR_ros2_slam_nav2/install/cartographer/include/cartographer/mapping/proto/connected_components.pb.h
[9.224s] -- Up-to-date: /home/nvidia/workspace/alan/src/AMR_ros2_slam_nav2/install/cartographer/include/cartographer/mapping/proto/internal/legacy_serialized_data.pb.h
[9.236s] -- Up-to-date: /home/nvidia/workspace/alan/src/AMR_ros2_slam_nav2/install/cartographer/include/cartographer/mapping/proto/map_builder_options.pb.h
[9.249s] -- Up-to-date: /home/nvidia/workspace/alan/src/AMR_ros2_slam_nav2/install/cartographer/include/cartographer/mapping/proto/motion_filter_options.pb.h
[9.250s] -- Up-to-date: /home/nvidia/workspace/alan/src/AMR_ros2_slam_nav2/install/cartographer/include/cartographer/mapping/proto/pose_graph.pb.h
[9.262s] -- Up-to-date: /home/nvidia/workspace/alan/src/AMR_ros2_slam_nav2/install/cartographer/include/cartographer/mapping/proto/pose_graph/constraint_builder_options.pb.h
[9.272s] -- Up-to-date: /home/nvidia/workspace/alan/src/AMR_ros2_slam_nav2/install/cartographer/include/cartographer/mapping/proto/pose_graph/optimization_problem_options.pb.h
[9.275s] -- Up-to-date: /home/nvidia/workspace/alan/src/AMR_ros2_slam_nav2/install/cartographer/include/cartographer/mapping/proto/pose_graph_options.pb.h
[9.277s] -- Up-to-date: /home/nvidia/workspace/alan/src/AMR_ros2_slam_nav2/install/cartographer/include/cartographer/mapping/proto/range_data_inserter_options.pb.h
[9.278s] -- Up-to-date: /home/nvidia/workspace/alan/src/AMR_ros2_slam_nav2/install/cartographer/include/cartographer/mapping/proto/scan_matching/ceres_scan_matcher_options_2d.pb.h
[9.279s] -- Up-to-date: /home/nvidia/workspace/alan/src/AMR_ros2_slam_nav2/install/cartographer/include/cartographer/mapping/proto/scan_matching/ceres_scan_matcher_options_3d.pb.h
[9.284s] -- Up-to-date: /home/nvidia/workspace/alan/src/AMR_ros2_slam_nav2/install/cartographer/include/cartographer/mapping/proto/scan_matching/fast_correlative_scan_matcher_options_2d.pb.h
[9.285s] -- Up-to-date: /home/nvidia/workspace/alan/src/AMR_ros2_slam_nav2/install/cartographer/include/cartographer/mapping/proto/scan_matching/fast_correlative_scan_matcher_options_3d.pb.h
[9.288s] -- Up-to-date: /home/nvidia/workspace/alan/src/AMR_ros2_slam_nav2/install/cartographer/include/cartographer/mapping/proto/scan_matching/real_time_correlative_scan_matcher_options.pb.h
[9.289s] -- Up-to-date: /home/nvidia/workspace/alan/src/AMR_ros2_slam_nav2/install/cartographer/include/cartographer/mapping/proto/serialization.pb.h
[9.290s] -- Up-to-date: /home/nvidia/workspace/alan/src/AMR_ros2_slam_nav2/install/cartographer/include/cartographer/mapping/proto/submap.pb.h
[9.298s] -- Up-to-date: /home/nvidia/workspace/alan/src/AMR_ros2_slam_nav2/install/cartographer/include/cartographer/mapping/proto/submap_visualization.pb.h
[9.300s] -- Up-to-date: /home/nvidia/workspace/alan/src/AMR_ros2_slam_nav2/install/cartographer/include/cartographer/mapping/proto/trajectory.pb.h
[9.301s] -- Up-to-date: /home/nvidia/workspace/alan/src/AMR_ros2_slam_nav2/install/cartographer/include/cartographer/mapping/proto/trajectory_builder_options.pb.h
[9.303s] -- Up-to-date: /home/nvidia/workspace/alan/src/AMR_ros2_slam_nav2/install/cartographer/include/cartographer/mapping/proto/trajectory_node_data.pb.h
[9.305s] -- Up-to-date: /home/nvidia/workspace/alan/src/AMR_ros2_slam_nav2/install/cartographer/include/cartographer/sensor/proto/adaptive_voxel_filter_options.pb.h
[9.305s] -- Up-to-date: /home/nvidia/workspace/alan/src/AMR_ros2_slam_nav2/install/cartographer/include/cartographer/sensor/proto/sensor.pb.h
[9.306s] -- Up-to-date: /home/nvidia/workspace/alan/src/AMR_ros2_slam_nav2/install/cartographer/include/cartographer/transform/proto/transform.pb.h
[9.307s] -- Up-to-date: /home/nvidia/workspace/alan/src/AMR_ros2_slam_nav2/install/cartographer/share/cartographer/cmake/CartographerTargets.cmake
[9.308s] -- Up-to-date: /home/nvidia/workspace/alan/src/AMR_ros2_slam_nav2/install/cartographer/share/cartographer/cmake/CartographerTargets-release.cmake
[9.309s] -- Up-to-date: /home/nvidia/workspace/alan/src/AMR_ros2_slam_nav2/install/cartographer/share/cartographer/cartographer-config.cmake
[9.450s] Invoked command in '/home/nvidia/workspace/alan/src/AMR_ros2_slam_nav2/build/cartographer' returned '0': CMAKE_PREFIX_PATH=${CMAKE_PREFIX_PATH}:/home/nvidia/workspace/alan/src/AMR_ros2_slam_nav2/install/turtlebot3_teleop:/home/nvidia/workspace/alan/src/AMR_ros2_slam_nav2/install/turtlebot3_example:/home/nvidia/workspace/alan/src/AMR_ros2_slam_nav2/install/opencv_tests:/home/nvidia/workspace/alan/src/AMR_ros2_slam_nav2/install/nav2_gazebo_spawner:/home/nvidia/workspace/alan/AMR/install/turtlebot3_teleop:/home/nvidia/workspace/alan/AMR/install/turtlebot3_example:/home/nvidia/workspace/alan/AMR/install/opencv_tests:/home/nvidia/workspace/alan/AMR/install/nav2_gazebo_spawner /usr/local/bin/cmake --install /home/nvidia/workspace/alan/src/AMR_ros2_slam_nav2/build/cartographer
