[0.402s] Invoking command in '/home/nvidia/workspace/alan/src/AMR_ros2_slam_nav2/build/image_transport': CMAKE_PREFIX_PATH=${CMAKE_PREFIX_PATH}:/home/nvidia/workspace/alan/src/AMR_ros2_slam_nav2/install/turtlebot3_teleop:/home/nvidia/workspace/alan/src/AMR_ros2_slam_nav2/install/turtlebot3_example:/home/nvidia/workspace/alan/src/AMR_ros2_slam_nav2/install/opencv_tests:/home/nvidia/workspace/alan/src/AMR_ros2_slam_nav2/install/nav2_gazebo_spawner:/home/nvidia/workspace/alan/AMR/install/turtlebot3_teleop:/home/nvidia/workspace/alan/AMR/install/turtlebot3_example:/home/nvidia/workspace/alan/AMR/install/opencv_tests:/home/nvidia/workspace/alan/AMR/install/nav2_gazebo_spawner /usr/local/bin/cmake --build /home/nvidia/workspace/alan/src/AMR_ros2_slam_nav2/build/image_transport -- -j8 -l8
[0.602s] [  6%] Built target gtest_main
[0.609s] [ 13%] Built target gtest
[0.746s] [ 40%] Built target image_transport
[0.890s] [ 46%] Built target image_transport-publisher
[0.895s] [ 53%] Built target image_transport-message_passing
[0.906s] [ 60%] Built target image_transport-subscriber
[0.915s] [ 66%] Built target image_transport-camera_common
[0.919s] [ 73%] Built target image_transport-remapping
[0.927s] [ 80%] Built target image_transport_plugins
[0.947s] [ 86%] Built target list_transports
[0.960s] [ 93%] Built target republish
[1.031s] [100%] Built target image_transport-single_subscriber_publisher
[1.154s] Invoked command in '/home/nvidia/workspace/alan/src/AMR_ros2_slam_nav2/build/image_transport' returned '0': CMAKE_PREFIX_PATH=${CMAKE_PREFIX_PATH}:/home/nvidia/workspace/alan/src/AMR_ros2_slam_nav2/install/turtlebot3_teleop:/home/nvidia/workspace/alan/src/AMR_ros2_slam_nav2/install/turtlebot3_example:/home/nvidia/workspace/alan/src/AMR_ros2_slam_nav2/install/opencv_tests:/home/nvidia/workspace/alan/src/AMR_ros2_slam_nav2/install/nav2_gazebo_spawner:/home/nvidia/workspace/alan/AMR/install/turtlebot3_teleop:/home/nvidia/workspace/alan/AMR/install/turtlebot3_example:/home/nvidia/workspace/alan/AMR/install/opencv_tests:/home/nvidia/workspace/alan/AMR/install/nav2_gazebo_spawner /usr/local/bin/cmake --build /home/nvidia/workspace/alan/src/AMR_ros2_slam_nav2/build/image_transport -- -j8 -l8
[1.745s] Invoking command in '/home/nvidia/workspace/alan/src/AMR_ros2_slam_nav2/build/image_transport': CMAKE_PREFIX_PATH=${CMAKE_PREFIX_PATH}:/home/nvidia/workspace/alan/src/AMR_ros2_slam_nav2/install/turtlebot3_teleop:/home/nvidia/workspace/alan/src/AMR_ros2_slam_nav2/install/turtlebot3_example:/home/nvidia/workspace/alan/src/AMR_ros2_slam_nav2/install/opencv_tests:/home/nvidia/workspace/alan/src/AMR_ros2_slam_nav2/install/nav2_gazebo_spawner:/home/nvidia/workspace/alan/AMR/install/turtlebot3_teleop:/home/nvidia/workspace/alan/AMR/install/turtlebot3_example:/home/nvidia/workspace/alan/AMR/install/opencv_tests:/home/nvidia/workspace/alan/AMR/install/nav2_gazebo_spawner /usr/local/bin/cmake --install /home/nvidia/workspace/alan/src/AMR_ros2_slam_nav2/build/image_transport
[1.776s] -- Install configuration: ""
[1.778s] -- Installing: /home/nvidia/workspace/alan/src/AMR_ros2_slam_nav2/install/image_transport/share/image_transport/default_plugins.xml
[1.783s] -- Installing: /home/nvidia/workspace/alan/src/AMR_ros2_slam_nav2/install/image_transport/lib/libimage_transport.so
[1.812s] -- Set runtime path of "/home/nvidia/workspace/alan/src/AMR_ros2_slam_nav2/install/image_transport/lib/libimage_transport.so" to ""
[1.814s] -- Installing: /home/nvidia/workspace/alan/src/AMR_ros2_slam_nav2/install/image_transport/lib/libimage_transport_plugins.so
[1.829s] -- Set runtime path of "/home/nvidia/workspace/alan/src/AMR_ros2_slam_nav2/install/image_transport/lib/libimage_transport_plugins.so" to ""
[1.831s] -- Installing: /home/nvidia/workspace/alan/src/AMR_ros2_slam_nav2/install/image_transport/lib/image_transport/list_transports
[1.843s] -- Set runtime path of "/home/nvidia/workspace/alan/src/AMR_ros2_slam_nav2/install/image_transport/lib/image_transport/list_transports" to ""
[1.845s] -- Installing: /home/nvidia/workspace/alan/src/AMR_ros2_slam_nav2/install/image_transport/lib/image_transport/republish
[1.855s] -- Set runtime path of "/home/nvidia/workspace/alan/src/AMR_ros2_slam_nav2/install/image_transport/lib/image_transport/republish" to ""
[1.855s] -- Installing: /home/nvidia/workspace/alan/src/AMR_ros2_slam_nav2/install/image_transport/include
[1.856s] -- Installing: /home/nvidia/workspace/alan/src/AMR_ros2_slam_nav2/install/image_transport/include/image_transport
[1.857s] -- Installing: /home/nvidia/workspace/alan/src/AMR_ros2_slam_nav2/install/image_transport/include/image_transport/visibility_control.hpp
[1.857s] -- Installing: /home/nvidia/workspace/alan/src/AMR_ros2_slam_nav2/install/image_transport/include/image_transport/camera_publisher.hpp
[1.858s] -- Installing: /home/nvidia/workspace/alan/src/AMR_ros2_slam_nav2/install/image_transport/include/image_transport/raw_subscriber.h
[1.859s] -- Installing: /home/nvidia/workspace/alan/src/AMR_ros2_slam_nav2/install/image_transport/include/image_transport/simple_publisher_plugin.hpp
[1.859s] -- Installing: /home/nvidia/workspace/alan/src/AMR_ros2_slam_nav2/install/image_transport/include/image_transport/transport_hints.h
[1.860s] -- Installing: /home/nvidia/workspace/alan/src/AMR_ros2_slam_nav2/install/image_transport/include/image_transport/subscriber_filter.hpp
[1.862s] -- Installing: /home/nvidia/workspace/alan/src/AMR_ros2_slam_nav2/install/image_transport/include/image_transport/loader_fwds.h
[1.863s] -- Installing: /home/nvidia/workspace/alan/src/AMR_ros2_slam_nav2/install/image_transport/include/image_transport/publisher.hpp
[1.864s] -- Installing: /home/nvidia/workspace/alan/src/AMR_ros2_slam_nav2/install/image_transport/include/image_transport/simple_publisher_plugin.h
[1.865s] -- Installing: /home/nvidia/workspace/alan/src/AMR_ros2_slam_nav2/install/image_transport/include/image_transport/transport_hints.hpp
[1.866s] -- Installing: /home/nvidia/workspace/alan/src/AMR_ros2_slam_nav2/install/image_transport/include/image_transport/subscriber_plugin.hpp
[1.867s] -- Installing: /home/nvidia/workspace/alan/src/AMR_ros2_slam_nav2/install/image_transport/include/image_transport/image_transport.hpp
[1.869s] -- Installing: /home/nvidia/workspace/alan/src/AMR_ros2_slam_nav2/install/image_transport/include/image_transport/camera_common.h
[1.870s] -- Installing: /home/nvidia/workspace/alan/src/AMR_ros2_slam_nav2/install/image_transport/include/image_transport/raw_subscriber.hpp
[1.870s] -- Installing: /home/nvidia/workspace/alan/src/AMR_ros2_slam_nav2/install/image_transport/include/image_transport/publisher_plugin.h
[1.871s] -- Installing: /home/nvidia/workspace/alan/src/AMR_ros2_slam_nav2/install/image_transport/include/image_transport/exception.h
[1.871s] -- Installing: /home/nvidia/workspace/alan/src/AMR_ros2_slam_nav2/install/image_transport/include/image_transport/raw_publisher.h
[1.871s] -- Installing: /home/nvidia/workspace/alan/src/AMR_ros2_slam_nav2/install/image_transport/include/image_transport/simple_subscriber_plugin.h
[1.871s] -- Installing: /home/nvidia/workspace/alan/src/AMR_ros2_slam_nav2/install/image_transport/include/image_transport/image_transport.h
[1.872s] -- Installing: /home/nvidia/workspace/alan/src/AMR_ros2_slam_nav2/install/image_transport/include/image_transport/subscriber_plugin.h
[1.872s] -- Installing: /home/nvidia/workspace/alan/src/AMR_ros2_slam_nav2/install/image_transport/include/image_transport/single_subscriber_publisher.hpp
[1.872s] -- Installing: /home/nvidia/workspace/alan/src/AMR_ros2_slam_nav2/install/image_transport/include/image_transport/single_subscriber_publisher.h
[1.873s] -- Installing: /home/nvidia/workspace/alan/src/AMR_ros2_slam_nav2/install/image_transport/include/image_transport/camera_common.hpp
[1.873s] -- Installing: /home/nvidia/workspace/alan/src/AMR_ros2_slam_nav2/install/image_transport/include/image_transport/publisher.h
[1.873s] -- Installing: /home/nvidia/workspace/alan/src/AMR_ros2_slam_nav2/install/image_transport/include/image_transport/camera_publisher.h
[1.874s] -- Installing: /home/nvidia/workspace/alan/src/AMR_ros2_slam_nav2/install/image_transport/include/image_transport/subscriber.h
[1.874s] -- Installing: /home/nvidia/workspace/alan/src/AMR_ros2_slam_nav2/install/image_transport/include/image_transport/camera_subscriber.hpp
[1.875s] -- Installing: /home/nvidia/workspace/alan/src/AMR_ros2_slam_nav2/install/image_transport/include/image_transport/subscriber_filter.h
[1.875s] -- Installing: /home/nvidia/workspace/alan/src/AMR_ros2_slam_nav2/install/image_transport/include/image_transport/simple_subscriber_plugin.hpp
[1.876s] -- Installing: /home/nvidia/workspace/alan/src/AMR_ros2_slam_nav2/install/image_transport/include/image_transport/publisher_plugin.hpp
[1.877s] -- Installing: /home/nvidia/workspace/alan/src/AMR_ros2_slam_nav2/install/image_transport/include/image_transport/raw_publisher.hpp
[1.878s] -- Installing: /home/nvidia/workspace/alan/src/AMR_ros2_slam_nav2/install/image_transport/include/image_transport/camera_subscriber.h
[1.878s] -- Installing: /home/nvidia/workspace/alan/src/AMR_ros2_slam_nav2/install/image_transport/include/image_transport/loader_fwds.hpp
[1.878s] -- Installing: /home/nvidia/workspace/alan/src/AMR_ros2_slam_nav2/install/image_transport/include/image_transport/subscriber.hpp
[1.879s] -- Installing: /home/nvidia/workspace/alan/src/AMR_ros2_slam_nav2/install/image_transport/include/image_transport/exception.hpp
[1.879s] -- Installing: /home/nvidia/workspace/alan/src/AMR_ros2_slam_nav2/install/image_transport/share/image_transport/environment/library_path.sh
[1.883s] -- Installing: /home/nvidia/workspace/alan/src/AMR_ros2_slam_nav2/install/image_transport/share/image_transport/environment/library_path.dsv
[1.884s] -- Installing: /home/nvidia/workspace/alan/src/AMR_ros2_slam_nav2/install/image_transport/share/ament_index/resource_index/package_run_dependencies/image_transport
[1.885s] -- Installing: /home/nvidia/workspace/alan/src/AMR_ros2_slam_nav2/install/image_transport/share/ament_index/resource_index/parent_prefix_path/image_transport
[1.890s] -- Installing: /home/nvidia/workspace/alan/src/AMR_ros2_slam_nav2/install/image_transport/share/image_transport/environment/ament_prefix_path.sh
[1.890s] -- Installing: /home/nvidia/workspace/alan/src/AMR_ros2_slam_nav2/install/image_transport/share/image_transport/environment/ament_prefix_path.dsv
[1.890s] -- Installing: /home/nvidia/workspace/alan/src/AMR_ros2_slam_nav2/install/image_transport/share/image_transport/environment/path.sh
[1.892s] -- Installing: /home/nvidia/workspace/alan/src/AMR_ros2_slam_nav2/install/image_transport/share/image_transport/environment/path.dsv
[1.892s] -- Installing: /home/nvidia/workspace/alan/src/AMR_ros2_slam_nav2/install/image_transport/share/image_transport/local_setup.bash
[1.893s] -- Installing: /home/nvidia/workspace/alan/src/AMR_ros2_slam_nav2/install/image_transport/share/image_transport/local_setup.sh
[1.893s] -- Installing: /home/nvidia/workspace/alan/src/AMR_ros2_slam_nav2/install/image_transport/share/image_transport/local_setup.zsh
[1.895s] -- Installing: /home/nvidia/workspace/alan/src/AMR_ros2_slam_nav2/install/image_transport/share/image_transport/local_setup.dsv
[1.895s] -- Installing: /home/nvidia/workspace/alan/src/AMR_ros2_slam_nav2/install/image_transport/share/image_transport/package.dsv
[1.896s] -- Installing: /home/nvidia/workspace/alan/src/AMR_ros2_slam_nav2/install/image_transport/share/ament_index/resource_index/packages/image_transport
[1.896s] -- Installing: /home/nvidia/workspace/alan/src/AMR_ros2_slam_nav2/install/image_transport/share/ament_index/resource_index/image_transport__pluginlib__plugin/image_transport
[1.896s] -- Installing: /home/nvidia/workspace/alan/src/AMR_ros2_slam_nav2/install/image_transport/share/image_transport/cmake/ament_cmake_export_include_directories-extras.cmake
[1.898s] -- Installing: /home/nvidia/workspace/alan/src/AMR_ros2_slam_nav2/install/image_transport/share/image_transport/cmake/ament_cmake_export_libraries-extras.cmake
[1.898s] -- Installing: /home/nvidia/workspace/alan/src/AMR_ros2_slam_nav2/install/image_transport/share/image_transport/cmake/ament_cmake_export_dependencies-extras.cmake
[1.899s] -- Installing: /home/nvidia/workspace/alan/src/AMR_ros2_slam_nav2/install/image_transport/share/image_transport/cmake/image_transportConfig.cmake
[1.899s] -- Installing: /home/nvidia/workspace/alan/src/AMR_ros2_slam_nav2/install/image_transport/share/image_transport/cmake/image_transportConfig-version.cmake
[1.899s] -- Installing: /home/nvidia/workspace/alan/src/AMR_ros2_slam_nav2/install/image_transport/share/image_transport/package.xml
[1.910s] Invoked command in '/home/nvidia/workspace/alan/src/AMR_ros2_slam_nav2/build/image_transport' returned '0': CMAKE_PREFIX_PATH=${CMAKE_PREFIX_PATH}:/home/nvidia/workspace/alan/src/AMR_ros2_slam_nav2/install/turtlebot3_teleop:/home/nvidia/workspace/alan/src/AMR_ros2_slam_nav2/install/turtlebot3_example:/home/nvidia/workspace/alan/src/AMR_ros2_slam_nav2/install/opencv_tests:/home/nvidia/workspace/alan/src/AMR_ros2_slam_nav2/install/nav2_gazebo_spawner:/home/nvidia/workspace/alan/AMR/install/turtlebot3_teleop:/home/nvidia/workspace/alan/AMR/install/turtlebot3_example:/home/nvidia/workspace/alan/AMR/install/opencv_tests:/home/nvidia/workspace/alan/AMR/install/nav2_gazebo_spawner /usr/local/bin/cmake --install /home/nvidia/workspace/alan/src/AMR_ros2_slam_nav2/build/image_transport
