[100%] Built target pcl_ros_tf
-- Install configuration: ""
-- Installing: /home/nvidia/workspace/alan/src/AMR_ros2_slam_nav2/install/pcl_ros/include
-- Installing: /home/nvidia/workspace/alan/src/AMR_ros2_slam_nav2/install/pcl_ros/include/pcl_ros
-- Installing: /home/nvidia/workspace/alan/src/AMR_ros2_slam_nav2/install/pcl_ros/include/pcl_ros/pcl_nodelet.hpp
-- Installing: /home/nvidia/workspace/alan/src/AMR_ros2_slam_nav2/install/pcl_ros/include/pcl_ros/publisher.hpp
-- Installing: /home/nvidia/workspace/alan/src/AMR_ros2_slam_nav2/install/pcl_ros/include/pcl_ros/transforms.hpp
-- Installing: /home/nvidia/workspace/alan/src/AMR_ros2_slam_nav2/install/pcl_ros/include/pcl_ros/filters
-- Installing: /home/nvidia/workspace/alan/src/AMR_ros2_slam_nav2/install/pcl_ros/include/pcl_ros/filters/crop_box.hpp
-- Installing: /home/nvidia/workspace/alan/src/AMR_ros2_slam_nav2/install/pcl_ros/include/pcl_ros/filters/filter.hpp
-- Installing: /home/nvidia/workspace/alan/src/AMR_ros2_slam_nav2/install/pcl_ros/include/pcl_ros/filters/statistical_outlier_removal.hpp
-- Installing: /home/nvidia/workspace/alan/src/AMR_ros2_slam_nav2/install/pcl_ros/include/pcl_ros/filters/passthrough.hpp
-- Installing: /home/nvidia/workspace/alan/src/AMR_ros2_slam_nav2/install/pcl_ros/include/pcl_ros/filters/voxel_grid.hpp
-- Installing: /home/nvidia/workspace/alan/src/AMR_ros2_slam_nav2/install/pcl_ros/include/pcl_ros/filters/extract_indices.hpp
-- Installing: /home/nvidia/workspace/alan/src/AMR_ros2_slam_nav2/install/pcl_ros/include/pcl_ros/filters/radius_outlier_removal.hpp
-- Installing: /home/nvidia/workspace/alan/src/AMR_ros2_slam_nav2/install/pcl_ros/include/pcl_ros/filters/project_inliers.hpp
-- Installing: /home/nvidia/workspace/alan/src/AMR_ros2_slam_nav2/install/pcl_ros/include/pcl_ros/io
-- Installing: /home/nvidia/workspace/alan/src/AMR_ros2_slam_nav2/install/pcl_ros/include/pcl_ros/io/pcd_io.hpp
-- Installing: /home/nvidia/workspace/alan/src/AMR_ros2_slam_nav2/install/pcl_ros/include/pcl_ros/io/concatenate_fields.hpp
-- Installing: /home/nvidia/workspace/alan/src/AMR_ros2_slam_nav2/install/pcl_ros/include/pcl_ros/io/concatenate_data.hpp
-- Installing: /home/nvidia/workspace/alan/src/AMR_ros2_slam_nav2/install/pcl_ros/include/pcl_ros/io/bag_io.hpp
-- Installing: /home/nvidia/workspace/alan/src/AMR_ros2_slam_nav2/install/pcl_ros/include/pcl_ros/point_cloud.hpp
-- Installing: /home/nvidia/workspace/alan/src/AMR_ros2_slam_nav2/install/pcl_ros/include/pcl_ros/segmentation
-- Installing: /home/nvidia/workspace/alan/src/AMR_ros2_slam_nav2/install/pcl_ros/include/pcl_ros/segmentation/extract_clusters.hpp
-- Installing: /home/nvidia/workspace/alan/src/AMR_ros2_slam_nav2/install/pcl_ros/include/pcl_ros/segmentation/sac_segmentation.hpp
-- Installing: /home/nvidia/workspace/alan/src/AMR_ros2_slam_nav2/install/pcl_ros/include/pcl_ros/segmentation/segment_differences.hpp
-- Installing: /home/nvidia/workspace/alan/src/AMR_ros2_slam_nav2/install/pcl_ros/include/pcl_ros/segmentation/extract_polygonal_prism_data.hpp
-- Installing: /home/nvidia/workspace/alan/src/AMR_ros2_slam_nav2/install/pcl_ros/include/pcl_ros/features
-- Installing: /home/nvidia/workspace/alan/src/AMR_ros2_slam_nav2/install/pcl_ros/include/pcl_ros/features/pfh.hpp
-- Installing: /home/nvidia/workspace/alan/src/AMR_ros2_slam_nav2/install/pcl_ros/include/pcl_ros/features/moment_invariants.hpp
-- Installing: /home/nvidia/workspace/alan/src/AMR_ros2_slam_nav2/install/pcl_ros/include/pcl_ros/features/boundary.hpp
-- Installing: /home/nvidia/workspace/alan/src/AMR_ros2_slam_nav2/install/pcl_ros/include/pcl_ros/features/normal_3d.hpp
-- Installing: /home/nvidia/workspace/alan/src/AMR_ros2_slam_nav2/install/pcl_ros/include/pcl_ros/features/feature.hpp
-- Installing: /home/nvidia/workspace/alan/src/AMR_ros2_slam_nav2/install/pcl_ros/include/pcl_ros/features/principal_curvatures.hpp
-- Installing: /home/nvidia/workspace/alan/src/AMR_ros2_slam_nav2/install/pcl_ros/include/pcl_ros/features/shot_omp.hpp
-- Installing: /home/nvidia/workspace/alan/src/AMR_ros2_slam_nav2/install/pcl_ros/include/pcl_ros/features/normal_3d_omp.hpp
-- Installing: /home/nvidia/workspace/alan/src/AMR_ros2_slam_nav2/install/pcl_ros/include/pcl_ros/features/vfh.hpp
-- Installing: /home/nvidia/workspace/alan/src/AMR_ros2_slam_nav2/install/pcl_ros/include/pcl_ros/features/fpfh_omp.hpp
-- Installing: /home/nvidia/workspace/alan/src/AMR_ros2_slam_nav2/install/pcl_ros/include/pcl_ros/features/shot.hpp
-- Installing: /home/nvidia/workspace/alan/src/AMR_ros2_slam_nav2/install/pcl_ros/include/pcl_ros/features/normal_3d_tbb.hpp
-- Installing: /home/nvidia/workspace/alan/src/AMR_ros2_slam_nav2/install/pcl_ros/include/pcl_ros/features/fpfh.hpp
-- Installing: /home/nvidia/workspace/alan/src/AMR_ros2_slam_nav2/install/pcl_ros/include/pcl_ros/impl
-- Installing: /home/nvidia/workspace/alan/src/AMR_ros2_slam_nav2/install/pcl_ros/include/pcl_ros/impl/transforms.hpp
-- Installing: /home/nvidia/workspace/alan/src/AMR_ros2_slam_nav2/install/pcl_ros/include/pcl_ros/surface
-- Installing: /home/nvidia/workspace/alan/src/AMR_ros2_slam_nav2/install/pcl_ros/include/pcl_ros/surface/moving_least_squares.hpp
-- Installing: /home/nvidia/workspace/alan/src/AMR_ros2_slam_nav2/install/pcl_ros/include/pcl_ros/surface/convex_hull.hpp
-- Installing: /home/nvidia/workspace/alan/src/AMR_ros2_slam_nav2/install/pcl_ros/lib/libpcl_ros_tf.a
-- Installing: /home/nvidia/workspace/alan/src/AMR_ros2_slam_nav2/install/pcl_ros/share/pcl_ros/plugins
-- Installing: /home/nvidia/workspace/alan/src/AMR_ros2_slam_nav2/install/pcl_ros/share/pcl_ros/plugins/nodelet
-- Installing: /home/nvidia/workspace/alan/src/AMR_ros2_slam_nav2/install/pcl_ros/share/pcl_ros/plugins/nodelet/libpcl_ros_features.xml
-- Installing: /home/nvidia/workspace/alan/src/AMR_ros2_slam_nav2/install/pcl_ros/share/pcl_ros/plugins/nodelet/libpcl_ros_surface.xml
-- Installing: /home/nvidia/workspace/alan/src/AMR_ros2_slam_nav2/install/pcl_ros/share/pcl_ros/plugins/nodelet/libpcl_ros_io.xml
-- Installing: /home/nvidia/workspace/alan/src/AMR_ros2_slam_nav2/install/pcl_ros/share/pcl_ros/plugins/nodelet/libpcl_ros_filters.xml
-- Installing: /home/nvidia/workspace/alan/src/AMR_ros2_slam_nav2/install/pcl_ros/share/pcl_ros/plugins/nodelet/libpcl_ros_segmentation.xml
-- Installing: /home/nvidia/workspace/alan/src/AMR_ros2_slam_nav2/install/pcl_ros/share/pcl_ros/samples
-- Installing: /home/nvidia/workspace/alan/src/AMR_ros2_slam_nav2/install/pcl_ros/share/pcl_ros/samples/pcl_ros
-- Installing: /home/nvidia/workspace/alan/src/AMR_ros2_slam_nav2/install/pcl_ros/share/pcl_ros/samples/pcl_ros/filters
-- Installing: /home/nvidia/workspace/alan/src/AMR_ros2_slam_nav2/install/pcl_ros/share/pcl_ros/samples/pcl_ros/filters/config
-- Installing: /home/nvidia/workspace/alan/src/AMR_ros2_slam_nav2/install/pcl_ros/share/pcl_ros/samples/pcl_ros/filters/config/statistical_outlier_removal.rviz
-- Installing: /home/nvidia/workspace/alan/src/AMR_ros2_slam_nav2/install/pcl_ros/share/pcl_ros/samples/pcl_ros/filters/config/voxel_grid.rviz
-- Installing: /home/nvidia/workspace/alan/src/AMR_ros2_slam_nav2/install/pcl_ros/share/pcl_ros/samples/pcl_ros/filters/sample_statistical_outlier_removal.launch
-- Installing: /home/nvidia/workspace/alan/src/AMR_ros2_slam_nav2/install/pcl_ros/share/pcl_ros/samples/pcl_ros/filters/sample_voxel_grid.launch
-- Installing: /home/nvidia/workspace/alan/src/AMR_ros2_slam_nav2/install/pcl_ros/share/pcl_ros/samples/pcl_ros/io
-- Installing: /home/nvidia/workspace/alan/src/AMR_ros2_slam_nav2/install/pcl_ros/share/pcl_ros/samples/pcl_ros/io/sample_concatenate_data.launch
-- Installing: /home/nvidia/workspace/alan/src/AMR_ros2_slam_nav2/install/pcl_ros/share/pcl_ros/samples/pcl_ros/segmentation
-- Installing: /home/nvidia/workspace/alan/src/AMR_ros2_slam_nav2/install/pcl_ros/share/pcl_ros/samples/pcl_ros/segmentation/sample_extract_clusters.launch
-- Installing: /home/nvidia/workspace/alan/src/AMR_ros2_slam_nav2/install/pcl_ros/share/pcl_ros/samples/pcl_ros/features
-- Installing: /home/nvidia/workspace/alan/src/AMR_ros2_slam_nav2/install/pcl_ros/share/pcl_ros/samples/pcl_ros/features/sample_normal_3d.launch
-- Installing: /home/nvidia/workspace/alan/src/AMR_ros2_slam_nav2/install/pcl_ros/share/pcl_ros/samples/pcl_ros/surface
-- Installing: /home/nvidia/workspace/alan/src/AMR_ros2_slam_nav2/install/pcl_ros/share/pcl_ros/samples/pcl_ros/surface/sample_convex_hull.launch
-- Installing: /home/nvidia/workspace/alan/src/AMR_ros2_slam_nav2/install/pcl_ros/share/pcl_ros/samples/data
-- Installing: /home/nvidia/workspace/alan/src/AMR_ros2_slam_nav2/install/pcl_ros/share/pcl_ros/samples/data/.gitignore
-- Installing: /home/nvidia/workspace/alan/src/AMR_ros2_slam_nav2/install/pcl_ros/share/pcl_ros/environment/library_path.sh
-- Installing: /home/nvidia/workspace/alan/src/AMR_ros2_slam_nav2/install/pcl_ros/share/pcl_ros/environment/library_path.dsv
-- Installing: /home/nvidia/workspace/alan/src/AMR_ros2_slam_nav2/install/pcl_ros/share/ament_index/resource_index/package_run_dependencies/pcl_ros
-- Installing: /home/nvidia/workspace/alan/src/AMR_ros2_slam_nav2/install/pcl_ros/share/ament_index/resource_index/parent_prefix_path/pcl_ros
-- Installing: /home/nvidia/workspace/alan/src/AMR_ros2_slam_nav2/install/pcl_ros/share/pcl_ros/environment/ament_prefix_path.sh
-- Installing: /home/nvidia/workspace/alan/src/AMR_ros2_slam_nav2/install/pcl_ros/share/pcl_ros/environment/ament_prefix_path.dsv
-- Installing: /home/nvidia/workspace/alan/src/AMR_ros2_slam_nav2/install/pcl_ros/share/pcl_ros/environment/path.sh
-- Installing: /home/nvidia/workspace/alan/src/AMR_ros2_slam_nav2/install/pcl_ros/share/pcl_ros/environment/path.dsv
-- Installing: /home/nvidia/workspace/alan/src/AMR_ros2_slam_nav2/install/pcl_ros/share/pcl_ros/local_setup.bash
-- Installing: /home/nvidia/workspace/alan/src/AMR_ros2_slam_nav2/install/pcl_ros/share/pcl_ros/local_setup.sh
-- Installing: /home/nvidia/workspace/alan/src/AMR_ros2_slam_nav2/install/pcl_ros/share/pcl_ros/local_setup.zsh
-- Installing: /home/nvidia/workspace/alan/src/AMR_ros2_slam_nav2/install/pcl_ros/share/pcl_ros/local_setup.dsv
-- Installing: /home/nvidia/workspace/alan/src/AMR_ros2_slam_nav2/install/pcl_ros/share/pcl_ros/package.dsv
-- Installing: /home/nvidia/workspace/alan/src/AMR_ros2_slam_nav2/install/pcl_ros/share/ament_index/resource_index/packages/pcl_ros
-- Installing: /home/nvidia/workspace/alan/src/AMR_ros2_slam_nav2/install/pcl_ros/share/pcl_ros/cmake/export_pcl_rosExport.cmake
-- Installing: /home/nvidia/workspace/alan/src/AMR_ros2_slam_nav2/install/pcl_ros/share/pcl_ros/cmake/export_pcl_rosExport-noconfig.cmake
-- Installing: /home/nvidia/workspace/alan/src/AMR_ros2_slam_nav2/install/pcl_ros/share/pcl_ros/cmake/ament_cmake_export_include_directories-extras.cmake
-- Installing: /home/nvidia/workspace/alan/src/AMR_ros2_slam_nav2/install/pcl_ros/share/pcl_ros/cmake/ament_cmake_export_libraries-extras.cmake
-- Installing: /home/nvidia/workspace/alan/src/AMR_ros2_slam_nav2/install/pcl_ros/share/pcl_ros/cmake/ament_cmake_export_dependencies-extras.cmake
-- Installing: /home/nvidia/workspace/alan/src/AMR_ros2_slam_nav2/install/pcl_ros/share/pcl_ros/cmake/ament_cmake_export_targets-extras.cmake
-- Installing: /home/nvidia/workspace/alan/src/AMR_ros2_slam_nav2/install/pcl_ros/share/pcl_ros/cmake/pcl_rosConfig.cmake
-- Installing: /home/nvidia/workspace/alan/src/AMR_ros2_slam_nav2/install/pcl_ros/share/pcl_ros/cmake/pcl_rosConfig-version.cmake
-- Installing: /home/nvidia/workspace/alan/src/AMR_ros2_slam_nav2/install/pcl_ros/share/pcl_ros/package.xml
