[0.108s] Invoking command in '/home/nvidia/workspace/alan/src/AMR_ros2_slam_nav2/build/nav2_regulated_pure_pursuit_controller': AMENT_PREFIX_PATH=/home/nvidia/workspace/alan/src/AMR_ros2_slam_nav2/install/nav2_core:/home/nvidia/workspace/alan/src/AMR_ros2_slam_nav2/install/nav2_costmap_2d:/home/nvidia/workspace/alan/src/AMR_ros2_slam_nav2/install/nav2_util:/home/nvidia/workspace/alan/src/AMR_ros2_slam_nav2/install/nav2_voxel_grid:/home/nvidia/workspace/alan/src/AMR_ros2_slam_nav2/install/nav2_msgs:/home/nvidia/workspace/alan/src/AMR_ros2_slam_nav2/install/nav2_common:${AMENT_PREFIX_PATH} CMAKE_PREFIX_PATH=/home/nvidia/workspace/alan/src/AMR_ros2_slam_nav2/install/nav2_core:/home/nvidia/workspace/alan/src/AMR_ros2_slam_nav2/install/nav2_costmap_2d:/home/nvidia/workspace/alan/src/AMR_ros2_slam_nav2/install/nav2_util:/home/nvidia/workspace/alan/src/AMR_ros2_slam_nav2/install/nav2_voxel_grid:/home/nvidia/workspace/alan/src/AMR_ros2_slam_nav2/install/nav2_msgs:/home/nvidia/workspace/alan/src/AMR_ros2_slam_nav2/install/nav2_common:${CMAKE_PREFIX_PATH} LD_LIBRARY_PATH=/home/nvidia/workspace/alan/src/AMR_ros2_slam_nav2/install/nav2_costmap_2d/lib:/home/nvidia/workspace/alan/src/AMR_ros2_slam_nav2/install/nav2_util/lib:/home/nvidia/workspace/alan/src/AMR_ros2_slam_nav2/install/nav2_voxel_grid/lib:/home/nvidia/workspace/alan/src/AMR_ros2_slam_nav2/install/nav2_msgs/lib:/home/workspace/ros2/install/opt/yaml_cpp_vendor/lib:/home/workspace/ros2/install/opt/rviz_ogre_vendor/lib:/home/workspace/ros2/install/lib:/usr/local/cuda-10.2/lib64 PYTHONPATH=/home/nvidia/workspace/alan/src/AMR_ros2_slam_nav2/install/nav2_msgs/lib/python3.6/site-packages:/home/nvidia/workspace/alan/src/AMR_ros2_slam_nav2/install/nav2_common/lib/python3.6/site-packages:/home/workspace/ros2/install/lib/python3.6/site-packages:/usr/local/lib:/usr/local/cuda/bin /usr/local/bin/cmake /home/nvidia/workspace/alan/src/AMR_ros2_slam_nav2/navigation2/nav2_regulated_pure_pursuit_controller -DCMAKE_INSTALL_PREFIX=/home/nvidia/workspace/alan/src/AMR_ros2_slam_nav2/install/nav2_regulated_pure_pursuit_controller
[0.450s] -- The C compiler identification is GNU 7.5.0
[0.764s] -- The CXX compiler identification is GNU 7.5.0
[0.832s] -- Check for working C compiler: /usr/bin/cc
[1.057s] -- Check for working C compiler: /usr/bin/cc -- works
[1.069s] -- Detecting C compiler ABI info
[1.298s] -- Detecting C compiler ABI info - done
[1.487s] -- Detecting C compile features
[1.495s] -- Detecting C compile features - done
[1.533s] -- Check for working CXX compiler: /usr/bin/c++
[1.779s] -- Check for working CXX compiler: /usr/bin/c++ -- works
[1.791s] -- Detecting CXX compiler ABI info
[2.057s] -- Detecting CXX compiler ABI info - done
[2.247s] -- Detecting CXX compile features
[2.257s] -- Detecting CXX compile features - done
[2.280s] -- Found ament_cmake: 0.9.9 (/home/workspace/ros2/install/share/ament_cmake/cmake)
[2.429s] -- Found PythonInterp: /usr/bin/python3 (found suitable version "3.6.9", minimum required is "3") 
[2.430s] -- Using PYTHON_EXECUTABLE: /usr/bin/python3
[3.524s] -- Found nav2_common: 0.4.7 (/home/nvidia/workspace/alan/src/AMR_ros2_slam_nav2/install/nav2_common/share/nav2_common/cmake)
[3.530s] -- Found nav2_core: 0.4.7 (/home/nvidia/workspace/alan/src/AMR_ros2_slam_nav2/install/nav2_core/share/nav2_core/cmake)
[3.954s] -- Using all available rosidl_typesupport_c: rosidl_typesupport_fastrtps_c;rosidl_typesupport_introspection_c
[4.019s] -- Found rosidl_adapter: 1.2.1 (/home/workspace/ros2/install/share/rosidl_adapter/cmake)
[4.400s] -- Found OpenSSL: /usr/lib/aarch64-linux-gnu/libcrypto.so (found version "1.1.1")  
[4.566s] -- Found FastRTPS: /home/workspace/ros2/install/include  
[5.383s] -- Using all available rosidl_typesupport_cpp: rosidl_typesupport_fastrtps_cpp;rosidl_typesupport_introspection_cpp
[6.075s] -- Found rmw_implementation_cmake: 1.0.3 (/home/workspace/ros2/install/share/rmw_implementation_cmake/cmake)
[6.099s] -- Using RMW implementation 'rmw_fastrtps_cpp' as default
[6.107s] -- Looking for pthread.h
[6.330s] -- Looking for pthread.h - found
[6.334s] -- Performing Test CMAKE_HAVE_LIBC_PTHREAD
[6.584s] -- Performing Test CMAKE_HAVE_LIBC_PTHREAD - Failed
[6.588s] -- Looking for pthread_create in pthreads
[6.798s] -- Looking for pthread_create in pthreads - not found
[6.802s] -- Looking for pthread_create in pthread
[7.038s] -- Looking for pthread_create in pthread - found
[7.052s] -- Found Threads: TRUE  
[20.304s] -- Found Eigen3: TRUE (found version "3.3.4") 
[27.256s] -- Setting build type to Release as none was specified.
[36.157s] -- Found ament_lint_auto: 0.9.6 (/home/workspace/ros2/install/share/ament_lint_auto/cmake)
[36.796s] -- Found gtest sources under '/home/workspace/ros2/install/src/gtest_vendor': C++ tests using 'Google Test' will be built
[36.824s] -- Check if compiler accepts -pthread
[37.076s] -- Check if compiler accepts -pthread - yes
[46.457s] -- Added test 'cppcheck' to perform static code analysis on C / C++ code
[46.463s] -- Configured cppcheck include dirs: /home/nvidia/workspace/alan/src/AMR_ros2_slam_nav2/navigation2/nav2_regulated_pure_pursuit_controller/include
[46.464s] -- Configured cppcheck exclude dirs and/or files: 
[46.474s] -- Added test 'cpplint' to check C / C++ code against the Google style
[46.476s] -- Configured cpplint exclude dirs and/or files: 
[46.487s] -- Added test 'lint_cmake' to check CMake code style
[46.498s] -- Added test 'uncrustify' to check C / C++ code style
[46.500s] -- Configured uncrustify additional arguments: 
[46.509s] -- Added test 'xmllint' to check XML markup files
[46.558s] -- Configuring done
[47.045s] -- Generating done
[47.063s] -- Build files have been written to: /home/nvidia/workspace/alan/src/AMR_ros2_slam_nav2/build/nav2_regulated_pure_pursuit_controller
[47.110s] Invoked command in '/home/nvidia/workspace/alan/src/AMR_ros2_slam_nav2/build/nav2_regulated_pure_pursuit_controller' returned '0': AMENT_PREFIX_PATH=/home/nvidia/workspace/alan/src/AMR_ros2_slam_nav2/install/nav2_core:/home/nvidia/workspace/alan/src/AMR_ros2_slam_nav2/install/nav2_costmap_2d:/home/nvidia/workspace/alan/src/AMR_ros2_slam_nav2/install/nav2_util:/home/nvidia/workspace/alan/src/AMR_ros2_slam_nav2/install/nav2_voxel_grid:/home/nvidia/workspace/alan/src/AMR_ros2_slam_nav2/install/nav2_msgs:/home/nvidia/workspace/alan/src/AMR_ros2_slam_nav2/install/nav2_common:${AMENT_PREFIX_PATH} CMAKE_PREFIX_PATH=/home/nvidia/workspace/alan/src/AMR_ros2_slam_nav2/install/nav2_core:/home/nvidia/workspace/alan/src/AMR_ros2_slam_nav2/install/nav2_costmap_2d:/home/nvidia/workspace/alan/src/AMR_ros2_slam_nav2/install/nav2_util:/home/nvidia/workspace/alan/src/AMR_ros2_slam_nav2/install/nav2_voxel_grid:/home/nvidia/workspace/alan/src/AMR_ros2_slam_nav2/install/nav2_msgs:/home/nvidia/workspace/alan/src/AMR_ros2_slam_nav2/install/nav2_common:${CMAKE_PREFIX_PATH} LD_LIBRARY_PATH=/home/nvidia/workspace/alan/src/AMR_ros2_slam_nav2/install/nav2_costmap_2d/lib:/home/nvidia/workspace/alan/src/AMR_ros2_slam_nav2/install/nav2_util/lib:/home/nvidia/workspace/alan/src/AMR_ros2_slam_nav2/install/nav2_voxel_grid/lib:/home/nvidia/workspace/alan/src/AMR_ros2_slam_nav2/install/nav2_msgs/lib:/home/workspace/ros2/install/opt/yaml_cpp_vendor/lib:/home/workspace/ros2/install/opt/rviz_ogre_vendor/lib:/home/workspace/ros2/install/lib:/usr/local/cuda-10.2/lib64 PYTHONPATH=/home/nvidia/workspace/alan/src/AMR_ros2_slam_nav2/install/nav2_msgs/lib/python3.6/site-packages:/home/nvidia/workspace/alan/src/AMR_ros2_slam_nav2/install/nav2_common/lib/python3.6/site-packages:/home/workspace/ros2/install/lib/python3.6/site-packages:/usr/local/lib:/usr/local/cuda/bin /usr/local/bin/cmake /home/nvidia/workspace/alan/src/AMR_ros2_slam_nav2/navigation2/nav2_regulated_pure_pursuit_controller -DCMAKE_INSTALL_PREFIX=/home/nvidia/workspace/alan/src/AMR_ros2_slam_nav2/install/nav2_regulated_pure_pursuit_controller
[47.126s] Invoking command in '/home/nvidia/workspace/alan/src/AMR_ros2_slam_nav2/build/nav2_regulated_pure_pursuit_controller': AMENT_PREFIX_PATH=/home/nvidia/workspace/alan/src/AMR_ros2_slam_nav2/install/nav2_core:/home/nvidia/workspace/alan/src/AMR_ros2_slam_nav2/install/nav2_costmap_2d:/home/nvidia/workspace/alan/src/AMR_ros2_slam_nav2/install/nav2_util:/home/nvidia/workspace/alan/src/AMR_ros2_slam_nav2/install/nav2_voxel_grid:/home/nvidia/workspace/alan/src/AMR_ros2_slam_nav2/install/nav2_msgs:/home/nvidia/workspace/alan/src/AMR_ros2_slam_nav2/install/nav2_common:${AMENT_PREFIX_PATH} CMAKE_PREFIX_PATH=/home/nvidia/workspace/alan/src/AMR_ros2_slam_nav2/install/nav2_core:/home/nvidia/workspace/alan/src/AMR_ros2_slam_nav2/install/nav2_costmap_2d:/home/nvidia/workspace/alan/src/AMR_ros2_slam_nav2/install/nav2_util:/home/nvidia/workspace/alan/src/AMR_ros2_slam_nav2/install/nav2_voxel_grid:/home/nvidia/workspace/alan/src/AMR_ros2_slam_nav2/install/nav2_msgs:/home/nvidia/workspace/alan/src/AMR_ros2_slam_nav2/install/nav2_common:${CMAKE_PREFIX_PATH} LD_LIBRARY_PATH=/home/nvidia/workspace/alan/src/AMR_ros2_slam_nav2/install/nav2_costmap_2d/lib:/home/nvidia/workspace/alan/src/AMR_ros2_slam_nav2/install/nav2_util/lib:/home/nvidia/workspace/alan/src/AMR_ros2_slam_nav2/install/nav2_voxel_grid/lib:/home/nvidia/workspace/alan/src/AMR_ros2_slam_nav2/install/nav2_msgs/lib:/home/workspace/ros2/install/opt/yaml_cpp_vendor/lib:/home/workspace/ros2/install/opt/rviz_ogre_vendor/lib:/home/workspace/ros2/install/lib:/usr/local/cuda-10.2/lib64 PYTHONPATH=/home/nvidia/workspace/alan/src/AMR_ros2_slam_nav2/install/nav2_msgs/lib/python3.6/site-packages:/home/nvidia/workspace/alan/src/AMR_ros2_slam_nav2/install/nav2_common/lib/python3.6/site-packages:/home/workspace/ros2/install/lib/python3.6/site-packages:/usr/local/lib:/usr/local/cuda/bin /usr/local/bin/cmake --build /home/nvidia/workspace/alan/src/AMR_ros2_slam_nav2/build/nav2_regulated_pure_pursuit_controller -- -j8 -l8
[47.252s] [35m[1mScanning dependencies of target nav2_regulated_pure_pursuit_controller[0m
[47.588s] [ 12%] [32mBuilding CXX object CMakeFiles/nav2_regulated_pure_pursuit_controller.dir/src/regulated_pure_pursuit_controller.cpp.o[0m
[71.215s] [ 25%] [32m[1mLinking CXX shared library libnav2_regulated_pure_pursuit_controller.so[0m
[72.813s] [ 25%] Built target nav2_regulated_pure_pursuit_controller
[72.833s] [35m[1mScanning dependencies of target gtest_main[0m
[72.882s] [ 37%] [32mBuilding CXX object gtest/CMakeFiles/gtest_main.dir/src/gtest_main.cc.o[0m
[75.260s] [ 50%] [32m[1mLinking CXX static library libgtest_main.a[0m
[75.311s] [ 50%] Built target gtest_main
[75.332s] [35m[1mScanning dependencies of target gtest[0m
[75.397s] [ 62%] [32mBuilding CXX object gtest/CMakeFiles/gtest.dir/src/gtest-all.cc.o[0m
[101.221s] [ 75%] [32m[1mLinking CXX static library libgtest.a[0m
[101.295s] [ 75%] Built target gtest
[101.320s] [35m[1mScanning dependencies of target test_regulated_pp[0m
[101.657s] [ 87%] [32mBuilding CXX object test/CMakeFiles/test_regulated_pp.dir/test_regulated_pp.cpp.o[0m
[120.432s] [100%] [32m[1mLinking CXX executable test_regulated_pp[0m
[123.346s] [100%] Built target test_regulated_pp
[123.368s] Invoked command in '/home/nvidia/workspace/alan/src/AMR_ros2_slam_nav2/build/nav2_regulated_pure_pursuit_controller' returned '0': AMENT_PREFIX_PATH=/home/nvidia/workspace/alan/src/AMR_ros2_slam_nav2/install/nav2_core:/home/nvidia/workspace/alan/src/AMR_ros2_slam_nav2/install/nav2_costmap_2d:/home/nvidia/workspace/alan/src/AMR_ros2_slam_nav2/install/nav2_util:/home/nvidia/workspace/alan/src/AMR_ros2_slam_nav2/install/nav2_voxel_grid:/home/nvidia/workspace/alan/src/AMR_ros2_slam_nav2/install/nav2_msgs:/home/nvidia/workspace/alan/src/AMR_ros2_slam_nav2/install/nav2_common:${AMENT_PREFIX_PATH} CMAKE_PREFIX_PATH=/home/nvidia/workspace/alan/src/AMR_ros2_slam_nav2/install/nav2_core:/home/nvidia/workspace/alan/src/AMR_ros2_slam_nav2/install/nav2_costmap_2d:/home/nvidia/workspace/alan/src/AMR_ros2_slam_nav2/install/nav2_util:/home/nvidia/workspace/alan/src/AMR_ros2_slam_nav2/install/nav2_voxel_grid:/home/nvidia/workspace/alan/src/AMR_ros2_slam_nav2/install/nav2_msgs:/home/nvidia/workspace/alan/src/AMR_ros2_slam_nav2/install/nav2_common:${CMAKE_PREFIX_PATH} LD_LIBRARY_PATH=/home/nvidia/workspace/alan/src/AMR_ros2_slam_nav2/install/nav2_costmap_2d/lib:/home/nvidia/workspace/alan/src/AMR_ros2_slam_nav2/install/nav2_util/lib:/home/nvidia/workspace/alan/src/AMR_ros2_slam_nav2/install/nav2_voxel_grid/lib:/home/nvidia/workspace/alan/src/AMR_ros2_slam_nav2/install/nav2_msgs/lib:/home/workspace/ros2/install/opt/yaml_cpp_vendor/lib:/home/workspace/ros2/install/opt/rviz_ogre_vendor/lib:/home/workspace/ros2/install/lib:/usr/local/cuda-10.2/lib64 PYTHONPATH=/home/nvidia/workspace/alan/src/AMR_ros2_slam_nav2/install/nav2_msgs/lib/python3.6/site-packages:/home/nvidia/workspace/alan/src/AMR_ros2_slam_nav2/install/nav2_common/lib/python3.6/site-packages:/home/workspace/ros2/install/lib/python3.6/site-packages:/usr/local/lib:/usr/local/cuda/bin /usr/local/bin/cmake --build /home/nvidia/workspace/alan/src/AMR_ros2_slam_nav2/build/nav2_regulated_pure_pursuit_controller -- -j8 -l8
[123.473s] Invoking command in '/home/nvidia/workspace/alan/src/AMR_ros2_slam_nav2/build/nav2_regulated_pure_pursuit_controller': AMENT_PREFIX_PATH=/home/nvidia/workspace/alan/src/AMR_ros2_slam_nav2/install/nav2_core:/home/nvidia/workspace/alan/src/AMR_ros2_slam_nav2/install/nav2_costmap_2d:/home/nvidia/workspace/alan/src/AMR_ros2_slam_nav2/install/nav2_util:/home/nvidia/workspace/alan/src/AMR_ros2_slam_nav2/install/nav2_voxel_grid:/home/nvidia/workspace/alan/src/AMR_ros2_slam_nav2/install/nav2_msgs:/home/nvidia/workspace/alan/src/AMR_ros2_slam_nav2/install/nav2_common:${AMENT_PREFIX_PATH} CMAKE_PREFIX_PATH=/home/nvidia/workspace/alan/src/AMR_ros2_slam_nav2/install/nav2_core:/home/nvidia/workspace/alan/src/AMR_ros2_slam_nav2/install/nav2_costmap_2d:/home/nvidia/workspace/alan/src/AMR_ros2_slam_nav2/install/nav2_util:/home/nvidia/workspace/alan/src/AMR_ros2_slam_nav2/install/nav2_voxel_grid:/home/nvidia/workspace/alan/src/AMR_ros2_slam_nav2/install/nav2_msgs:/home/nvidia/workspace/alan/src/AMR_ros2_slam_nav2/install/nav2_common:${CMAKE_PREFIX_PATH} LD_LIBRARY_PATH=/home/nvidia/workspace/alan/src/AMR_ros2_slam_nav2/install/nav2_costmap_2d/lib:/home/nvidia/workspace/alan/src/AMR_ros2_slam_nav2/install/nav2_util/lib:/home/nvidia/workspace/alan/src/AMR_ros2_slam_nav2/install/nav2_voxel_grid/lib:/home/nvidia/workspace/alan/src/AMR_ros2_slam_nav2/install/nav2_msgs/lib:/home/workspace/ros2/install/opt/yaml_cpp_vendor/lib:/home/workspace/ros2/install/opt/rviz_ogre_vendor/lib:/home/workspace/ros2/install/lib:/usr/local/cuda-10.2/lib64 PYTHONPATH=/home/nvidia/workspace/alan/src/AMR_ros2_slam_nav2/install/nav2_msgs/lib/python3.6/site-packages:/home/nvidia/workspace/alan/src/AMR_ros2_slam_nav2/install/nav2_common/lib/python3.6/site-packages:/home/workspace/ros2/install/lib/python3.6/site-packages:/usr/local/lib:/usr/local/cuda/bin /usr/local/bin/cmake --install /home/nvidia/workspace/alan/src/AMR_ros2_slam_nav2/build/nav2_regulated_pure_pursuit_controller
[123.509s] -- Install configuration: "Release"
[123.513s] -- Installing: /home/nvidia/workspace/alan/src/AMR_ros2_slam_nav2/install/nav2_regulated_pure_pursuit_controller/lib/libnav2_regulated_pure_pursuit_controller.so
[123.518s] -- Set runtime path of "/home/nvidia/workspace/alan/src/AMR_ros2_slam_nav2/install/nav2_regulated_pure_pursuit_controller/lib/libnav2_regulated_pure_pursuit_controller.so" to ""
[123.520s] -- Installing: /home/nvidia/workspace/alan/src/AMR_ros2_slam_nav2/install/nav2_regulated_pure_pursuit_controller/include/
[123.521s] -- Installing: /home/nvidia/workspace/alan/src/AMR_ros2_slam_nav2/install/nav2_regulated_pure_pursuit_controller/include//nav2_regulated_pure_pursuit_controller
[123.522s] -- Installing: /home/nvidia/workspace/alan/src/AMR_ros2_slam_nav2/install/nav2_regulated_pure_pursuit_controller/include//nav2_regulated_pure_pursuit_controller/regulated_pure_pursuit_controller.hpp
[123.526s] -- Installing: /home/nvidia/workspace/alan/src/AMR_ros2_slam_nav2/install/nav2_regulated_pure_pursuit_controller/share/nav2_regulated_pure_pursuit_controller/environment/library_path.sh
[123.528s] -- Installing: /home/nvidia/workspace/alan/src/AMR_ros2_slam_nav2/install/nav2_regulated_pure_pursuit_controller/share/nav2_regulated_pure_pursuit_controller/environment/library_path.dsv
[123.530s] -- Installing: /home/nvidia/workspace/alan/src/AMR_ros2_slam_nav2/install/nav2_regulated_pure_pursuit_controller/share/nav2_regulated_pure_pursuit_controller/nav2_regulated_pure_pursuit_controller.xml
[123.533s] -- Installing: /home/nvidia/workspace/alan/src/AMR_ros2_slam_nav2/install/nav2_regulated_pure_pursuit_controller/share/ament_index/resource_index/package_run_dependencies/nav2_regulated_pure_pursuit_controller
[123.536s] -- Installing: /home/nvidia/workspace/alan/src/AMR_ros2_slam_nav2/install/nav2_regulated_pure_pursuit_controller/share/ament_index/resource_index/parent_prefix_path/nav2_regulated_pure_pursuit_controller
[123.538s] -- Installing: /home/nvidia/workspace/alan/src/AMR_ros2_slam_nav2/install/nav2_regulated_pure_pursuit_controller/share/nav2_regulated_pure_pursuit_controller/environment/ament_prefix_path.sh
[123.540s] -- Installing: /home/nvidia/workspace/alan/src/AMR_ros2_slam_nav2/install/nav2_regulated_pure_pursuit_controller/share/nav2_regulated_pure_pursuit_controller/environment/ament_prefix_path.dsv
[123.543s] -- Installing: /home/nvidia/workspace/alan/src/AMR_ros2_slam_nav2/install/nav2_regulated_pure_pursuit_controller/share/nav2_regulated_pure_pursuit_controller/environment/path.sh
[123.545s] -- Installing: /home/nvidia/workspace/alan/src/AMR_ros2_slam_nav2/install/nav2_regulated_pure_pursuit_controller/share/nav2_regulated_pure_pursuit_controller/environment/path.dsv
[123.547s] -- Installing: /home/nvidia/workspace/alan/src/AMR_ros2_slam_nav2/install/nav2_regulated_pure_pursuit_controller/share/nav2_regulated_pure_pursuit_controller/local_setup.bash
[123.549s] -- Installing: /home/nvidia/workspace/alan/src/AMR_ros2_slam_nav2/install/nav2_regulated_pure_pursuit_controller/share/nav2_regulated_pure_pursuit_controller/local_setup.sh
[123.551s] -- Installing: /home/nvidia/workspace/alan/src/AMR_ros2_slam_nav2/install/nav2_regulated_pure_pursuit_controller/share/nav2_regulated_pure_pursuit_controller/local_setup.zsh
[123.554s] -- Installing: /home/nvidia/workspace/alan/src/AMR_ros2_slam_nav2/install/nav2_regulated_pure_pursuit_controller/share/nav2_regulated_pure_pursuit_controller/local_setup.dsv
[123.556s] -- Installing: /home/nvidia/workspace/alan/src/AMR_ros2_slam_nav2/install/nav2_regulated_pure_pursuit_controller/share/nav2_regulated_pure_pursuit_controller/package.dsv
[123.558s] -- Installing: /home/nvidia/workspace/alan/src/AMR_ros2_slam_nav2/install/nav2_regulated_pure_pursuit_controller/share/ament_index/resource_index/packages/nav2_regulated_pure_pursuit_controller
[123.561s] -- Installing: /home/nvidia/workspace/alan/src/AMR_ros2_slam_nav2/install/nav2_regulated_pure_pursuit_controller/share/ament_index/resource_index/nav2_core__pluginlib__plugin/nav2_regulated_pure_pursuit_controller
[123.564s] -- Installing: /home/nvidia/workspace/alan/src/AMR_ros2_slam_nav2/install/nav2_regulated_pure_pursuit_controller/share/nav2_regulated_pure_pursuit_controller/cmake/ament_cmake_export_include_directories-extras.cmake
[123.566s] -- Installing: /home/nvidia/workspace/alan/src/AMR_ros2_slam_nav2/install/nav2_regulated_pure_pursuit_controller/share/nav2_regulated_pure_pursuit_controller/cmake/ament_cmake_export_libraries-extras.cmake
[123.568s] -- Installing: /home/nvidia/workspace/alan/src/AMR_ros2_slam_nav2/install/nav2_regulated_pure_pursuit_controller/share/nav2_regulated_pure_pursuit_controller/cmake/ament_cmake_export_dependencies-extras.cmake
[123.570s] -- Installing: /home/nvidia/workspace/alan/src/AMR_ros2_slam_nav2/install/nav2_regulated_pure_pursuit_controller/share/nav2_regulated_pure_pursuit_controller/cmake/ament_cmake_export_definitions-extras.cmake
[123.572s] -- Installing: /home/nvidia/workspace/alan/src/AMR_ros2_slam_nav2/install/nav2_regulated_pure_pursuit_controller/share/nav2_regulated_pure_pursuit_controller/cmake/nav2_regulated_pure_pursuit_controllerConfig.cmake
[123.574s] -- Installing: /home/nvidia/workspace/alan/src/AMR_ros2_slam_nav2/install/nav2_regulated_pure_pursuit_controller/share/nav2_regulated_pure_pursuit_controller/cmake/nav2_regulated_pure_pursuit_controllerConfig-version.cmake
[123.576s] -- Installing: /home/nvidia/workspace/alan/src/AMR_ros2_slam_nav2/install/nav2_regulated_pure_pursuit_controller/share/nav2_regulated_pure_pursuit_controller/package.xml
[123.593s] Invoked command in '/home/nvidia/workspace/alan/src/AMR_ros2_slam_nav2/build/nav2_regulated_pure_pursuit_controller' returned '0': AMENT_PREFIX_PATH=/home/nvidia/workspace/alan/src/AMR_ros2_slam_nav2/install/nav2_core:/home/nvidia/workspace/alan/src/AMR_ros2_slam_nav2/install/nav2_costmap_2d:/home/nvidia/workspace/alan/src/AMR_ros2_slam_nav2/install/nav2_util:/home/nvidia/workspace/alan/src/AMR_ros2_slam_nav2/install/nav2_voxel_grid:/home/nvidia/workspace/alan/src/AMR_ros2_slam_nav2/install/nav2_msgs:/home/nvidia/workspace/alan/src/AMR_ros2_slam_nav2/install/nav2_common:${AMENT_PREFIX_PATH} CMAKE_PREFIX_PATH=/home/nvidia/workspace/alan/src/AMR_ros2_slam_nav2/install/nav2_core:/home/nvidia/workspace/alan/src/AMR_ros2_slam_nav2/install/nav2_costmap_2d:/home/nvidia/workspace/alan/src/AMR_ros2_slam_nav2/install/nav2_util:/home/nvidia/workspace/alan/src/AMR_ros2_slam_nav2/install/nav2_voxel_grid:/home/nvidia/workspace/alan/src/AMR_ros2_slam_nav2/install/nav2_msgs:/home/nvidia/workspace/alan/src/AMR_ros2_slam_nav2/install/nav2_common:${CMAKE_PREFIX_PATH} LD_LIBRARY_PATH=/home/nvidia/workspace/alan/src/AMR_ros2_slam_nav2/install/nav2_costmap_2d/lib:/home/nvidia/workspace/alan/src/AMR_ros2_slam_nav2/install/nav2_util/lib:/home/nvidia/workspace/alan/src/AMR_ros2_slam_nav2/install/nav2_voxel_grid/lib:/home/nvidia/workspace/alan/src/AMR_ros2_slam_nav2/install/nav2_msgs/lib:/home/workspace/ros2/install/opt/yaml_cpp_vendor/lib:/home/workspace/ros2/install/opt/rviz_ogre_vendor/lib:/home/workspace/ros2/install/lib:/usr/local/cuda-10.2/lib64 PYTHONPATH=/home/nvidia/workspace/alan/src/AMR_ros2_slam_nav2/install/nav2_msgs/lib/python3.6/site-packages:/home/nvidia/workspace/alan/src/AMR_ros2_slam_nav2/install/nav2_common/lib/python3.6/site-packages:/home/workspace/ros2/install/lib/python3.6/site-packages:/usr/local/lib:/usr/local/cuda/bin /usr/local/bin/cmake --install /home/nvidia/workspace/alan/src/AMR_ros2_slam_nav2/build/nav2_regulated_pure_pursuit_controller
