[0.441s] Invoking command in '/home/nvidia/workspace/alan/src/AMR_ros2_slam_nav2/build/image_transport': CMAKE_PREFIX_PATH=${CMAKE_PREFIX_PATH}:/home/nvidia/workspace/alan/src/AMR_ros2_slam_nav2/install/turtlebot3_teleop:/home/nvidia/workspace/alan/src/AMR_ros2_slam_nav2/install/turtlebot3_example:/home/nvidia/workspace/alan/src/AMR_ros2_slam_nav2/install/opencv_tests:/home/nvidia/workspace/alan/src/AMR_ros2_slam_nav2/install/nav2_gazebo_spawner:/home/nvidia/workspace/alan/AMR/install/turtlebot3_teleop:/home/nvidia/workspace/alan/AMR/install/turtlebot3_example:/home/nvidia/workspace/alan/AMR/install/opencv_tests:/home/nvidia/workspace/alan/AMR/install/nav2_gazebo_spawner /usr/local/bin/cmake --build /home/nvidia/workspace/alan/src/AMR_ros2_slam_nav2/build/image_transport -- -j8 -l8
[0.730s] [  6%] Built target gtest
[0.740s] [ 13%] Built target gtest_main
[0.860s] [ 40%] Built target image_transport
[1.050s] [ 46%] Built target image_transport-publisher
[1.051s] [ 53%] Built target image_transport-message_passing
[1.060s] [ 60%] Built target image_transport-remapping
[1.067s] [ 66%] Built target republish
[1.068s] [ 73%] Built target image_transport_plugins
[1.079s] [ 80%] Built target image_transport-subscriber
[1.108s] [ 86%] Built target image_transport-camera_common
[1.139s] [ 93%] Built target list_transports
[1.205s] [100%] Built target image_transport-single_subscriber_publisher
[1.251s] Invoked command in '/home/nvidia/workspace/alan/src/AMR_ros2_slam_nav2/build/image_transport' returned '0': CMAKE_PREFIX_PATH=${CMAKE_PREFIX_PATH}:/home/nvidia/workspace/alan/src/AMR_ros2_slam_nav2/install/turtlebot3_teleop:/home/nvidia/workspace/alan/src/AMR_ros2_slam_nav2/install/turtlebot3_example:/home/nvidia/workspace/alan/src/AMR_ros2_slam_nav2/install/opencv_tests:/home/nvidia/workspace/alan/src/AMR_ros2_slam_nav2/install/nav2_gazebo_spawner:/home/nvidia/workspace/alan/AMR/install/turtlebot3_teleop:/home/nvidia/workspace/alan/AMR/install/turtlebot3_example:/home/nvidia/workspace/alan/AMR/install/opencv_tests:/home/nvidia/workspace/alan/AMR/install/nav2_gazebo_spawner /usr/local/bin/cmake --build /home/nvidia/workspace/alan/src/AMR_ros2_slam_nav2/build/image_transport -- -j8 -l8
[2.043s] Invoking command in '/home/nvidia/workspace/alan/src/AMR_ros2_slam_nav2/build/image_transport': CMAKE_PREFIX_PATH=${CMAKE_PREFIX_PATH}:/home/nvidia/workspace/alan/src/AMR_ros2_slam_nav2/install/turtlebot3_teleop:/home/nvidia/workspace/alan/src/AMR_ros2_slam_nav2/install/turtlebot3_example:/home/nvidia/workspace/alan/src/AMR_ros2_slam_nav2/install/opencv_tests:/home/nvidia/workspace/alan/src/AMR_ros2_slam_nav2/install/nav2_gazebo_spawner:/home/nvidia/workspace/alan/AMR/install/turtlebot3_teleop:/home/nvidia/workspace/alan/AMR/install/turtlebot3_example:/home/nvidia/workspace/alan/AMR/install/opencv_tests:/home/nvidia/workspace/alan/AMR/install/nav2_gazebo_spawner /usr/local/bin/cmake --install /home/nvidia/workspace/alan/src/AMR_ros2_slam_nav2/build/image_transport
[2.095s] -- Install configuration: ""
[2.096s] -- Up-to-date: /home/nvidia/workspace/alan/src/AMR_ros2_slam_nav2/install/image_transport/share/image_transport/default_plugins.xml
[2.097s] -- Up-to-date: /home/nvidia/workspace/alan/src/AMR_ros2_slam_nav2/install/image_transport/lib/libimage_transport.so
[2.098s] -- Up-to-date: /home/nvidia/workspace/alan/src/AMR_ros2_slam_nav2/install/image_transport/lib/libimage_transport_plugins.so
[2.098s] -- Up-to-date: /home/nvidia/workspace/alan/src/AMR_ros2_slam_nav2/install/image_transport/lib/image_transport/list_transports
[2.099s] -- Up-to-date: /home/nvidia/workspace/alan/src/AMR_ros2_slam_nav2/install/image_transport/lib/image_transport/republish
[2.099s] -- Up-to-date: /home/nvidia/workspace/alan/src/AMR_ros2_slam_nav2/install/image_transport/include
[2.099s] -- Up-to-date: /home/nvidia/workspace/alan/src/AMR_ros2_slam_nav2/install/image_transport/include/image_transport
[2.100s] -- Up-to-date: /home/nvidia/workspace/alan/src/AMR_ros2_slam_nav2/install/image_transport/include/image_transport/visibility_control.hpp
[2.100s] -- Up-to-date: /home/nvidia/workspace/alan/src/AMR_ros2_slam_nav2/install/image_transport/include/image_transport/camera_publisher.hpp
[2.101s] -- Up-to-date: /home/nvidia/workspace/alan/src/AMR_ros2_slam_nav2/install/image_transport/include/image_transport/raw_subscriber.h
[2.110s] -- Up-to-date: /home/nvidia/workspace/alan/src/AMR_ros2_slam_nav2/install/image_transport/include/image_transport/simple_publisher_plugin.hpp
[2.111s] -- Up-to-date: /home/nvidia/workspace/alan/src/AMR_ros2_slam_nav2/install/image_transport/include/image_transport/transport_hints.h
[2.112s] -- Up-to-date: /home/nvidia/workspace/alan/src/AMR_ros2_slam_nav2/install/image_transport/include/image_transport/subscriber_filter.hpp
[2.112s] -- Up-to-date: /home/nvidia/workspace/alan/src/AMR_ros2_slam_nav2/install/image_transport/include/image_transport/loader_fwds.h
[2.112s] -- Up-to-date: /home/nvidia/workspace/alan/src/AMR_ros2_slam_nav2/install/image_transport/include/image_transport/publisher.hpp
[2.112s] -- Up-to-date: /home/nvidia/workspace/alan/src/AMR_ros2_slam_nav2/install/image_transport/include/image_transport/simple_publisher_plugin.h
[2.113s] -- Up-to-date: /home/nvidia/workspace/alan/src/AMR_ros2_slam_nav2/install/image_transport/include/image_transport/transport_hints.hpp
[2.113s] -- Up-to-date: /home/nvidia/workspace/alan/src/AMR_ros2_slam_nav2/install/image_transport/include/image_transport/subscriber_plugin.hpp
[2.113s] -- Up-to-date: /home/nvidia/workspace/alan/src/AMR_ros2_slam_nav2/install/image_transport/include/image_transport/image_transport.hpp
[2.114s] -- Up-to-date: /home/nvidia/workspace/alan/src/AMR_ros2_slam_nav2/install/image_transport/include/image_transport/camera_common.h
[2.114s] -- Up-to-date: /home/nvidia/workspace/alan/src/AMR_ros2_slam_nav2/install/image_transport/include/image_transport/raw_subscriber.hpp
[2.120s] -- Up-to-date: /home/nvidia/workspace/alan/src/AMR_ros2_slam_nav2/install/image_transport/include/image_transport/publisher_plugin.h
[2.121s] -- Up-to-date: /home/nvidia/workspace/alan/src/AMR_ros2_slam_nav2/install/image_transport/include/image_transport/exception.h
[2.121s] -- Up-to-date: /home/nvidia/workspace/alan/src/AMR_ros2_slam_nav2/install/image_transport/include/image_transport/raw_publisher.h
[2.122s] -- Up-to-date: /home/nvidia/workspace/alan/src/AMR_ros2_slam_nav2/install/image_transport/include/image_transport/simple_subscriber_plugin.h
[2.122s] -- Up-to-date: /home/nvidia/workspace/alan/src/AMR_ros2_slam_nav2/install/image_transport/include/image_transport/image_transport.h
[2.122s] -- Up-to-date: /home/nvidia/workspace/alan/src/AMR_ros2_slam_nav2/install/image_transport/include/image_transport/subscriber_plugin.h
[2.123s] -- Up-to-date: /home/nvidia/workspace/alan/src/AMR_ros2_slam_nav2/install/image_transport/include/image_transport/single_subscriber_publisher.hpp
[2.123s] -- Up-to-date: /home/nvidia/workspace/alan/src/AMR_ros2_slam_nav2/install/image_transport/include/image_transport/single_subscriber_publisher.h
[2.124s] -- Up-to-date: /home/nvidia/workspace/alan/src/AMR_ros2_slam_nav2/install/image_transport/include/image_transport/camera_common.hpp
[2.124s] -- Up-to-date: /home/nvidia/workspace/alan/src/AMR_ros2_slam_nav2/install/image_transport/include/image_transport/publisher.h
[2.124s] -- Up-to-date: /home/nvidia/workspace/alan/src/AMR_ros2_slam_nav2/install/image_transport/include/image_transport/camera_publisher.h
[2.129s] -- Up-to-date: /home/nvidia/workspace/alan/src/AMR_ros2_slam_nav2/install/image_transport/include/image_transport/subscriber.h
[2.130s] -- Up-to-date: /home/nvidia/workspace/alan/src/AMR_ros2_slam_nav2/install/image_transport/include/image_transport/camera_subscriber.hpp
[2.132s] -- Up-to-date: /home/nvidia/workspace/alan/src/AMR_ros2_slam_nav2/install/image_transport/include/image_transport/subscriber_filter.h
[2.133s] -- Up-to-date: /home/nvidia/workspace/alan/src/AMR_ros2_slam_nav2/install/image_transport/include/image_transport/simple_subscriber_plugin.hpp
[2.133s] -- Up-to-date: /home/nvidia/workspace/alan/src/AMR_ros2_slam_nav2/install/image_transport/include/image_transport/publisher_plugin.hpp
[2.135s] -- Up-to-date: /home/nvidia/workspace/alan/src/AMR_ros2_slam_nav2/install/image_transport/include/image_transport/raw_publisher.hpp
[2.136s] -- Up-to-date: /home/nvidia/workspace/alan/src/AMR_ros2_slam_nav2/install/image_transport/include/image_transport/camera_subscriber.h
[2.137s] -- Up-to-date: /home/nvidia/workspace/alan/src/AMR_ros2_slam_nav2/install/image_transport/include/image_transport/loader_fwds.hpp
[2.138s] -- Up-to-date: /home/nvidia/workspace/alan/src/AMR_ros2_slam_nav2/install/image_transport/include/image_transport/subscriber.hpp
[2.140s] -- Up-to-date: /home/nvidia/workspace/alan/src/AMR_ros2_slam_nav2/install/image_transport/include/image_transport/exception.hpp
[2.142s] -- Up-to-date: /home/nvidia/workspace/alan/src/AMR_ros2_slam_nav2/install/image_transport/share/image_transport/environment/library_path.sh
[2.146s] -- Up-to-date: /home/nvidia/workspace/alan/src/AMR_ros2_slam_nav2/install/image_transport/share/image_transport/environment/library_path.dsv
[2.150s] -- Up-to-date: /home/nvidia/workspace/alan/src/AMR_ros2_slam_nav2/install/image_transport/share/ament_index/resource_index/package_run_dependencies/image_transport
[2.151s] -- Up-to-date: /home/nvidia/workspace/alan/src/AMR_ros2_slam_nav2/install/image_transport/share/ament_index/resource_index/parent_prefix_path/image_transport
[2.151s] -- Up-to-date: /home/nvidia/workspace/alan/src/AMR_ros2_slam_nav2/install/image_transport/share/image_transport/environment/ament_prefix_path.sh
[2.152s] -- Up-to-date: /home/nvidia/workspace/alan/src/AMR_ros2_slam_nav2/install/image_transport/share/image_transport/environment/ament_prefix_path.dsv
[2.152s] -- Up-to-date: /home/nvidia/workspace/alan/src/AMR_ros2_slam_nav2/install/image_transport/share/image_transport/environment/path.sh
[2.153s] -- Up-to-date: /home/nvidia/workspace/alan/src/AMR_ros2_slam_nav2/install/image_transport/share/image_transport/environment/path.dsv
[2.154s] -- Up-to-date: /home/nvidia/workspace/alan/src/AMR_ros2_slam_nav2/install/image_transport/share/image_transport/local_setup.bash
[2.158s] -- Up-to-date: /home/nvidia/workspace/alan/src/AMR_ros2_slam_nav2/install/image_transport/share/image_transport/local_setup.sh
[2.158s] -- Up-to-date: /home/nvidia/workspace/alan/src/AMR_ros2_slam_nav2/install/image_transport/share/image_transport/local_setup.zsh
[2.159s] -- Up-to-date: /home/nvidia/workspace/alan/src/AMR_ros2_slam_nav2/install/image_transport/share/image_transport/local_setup.dsv
[2.162s] -- Installing: /home/nvidia/workspace/alan/src/AMR_ros2_slam_nav2/install/image_transport/share/image_transport/package.dsv
[2.163s] -- Up-to-date: /home/nvidia/workspace/alan/src/AMR_ros2_slam_nav2/install/image_transport/share/ament_index/resource_index/packages/image_transport
[2.164s] -- Up-to-date: /home/nvidia/workspace/alan/src/AMR_ros2_slam_nav2/install/image_transport/share/ament_index/resource_index/image_transport__pluginlib__plugin/image_transport
[2.165s] -- Up-to-date: /home/nvidia/workspace/alan/src/AMR_ros2_slam_nav2/install/image_transport/share/image_transport/cmake/ament_cmake_export_include_directories-extras.cmake
[2.167s] -- Up-to-date: /home/nvidia/workspace/alan/src/AMR_ros2_slam_nav2/install/image_transport/share/image_transport/cmake/ament_cmake_export_libraries-extras.cmake
[2.169s] -- Up-to-date: /home/nvidia/workspace/alan/src/AMR_ros2_slam_nav2/install/image_transport/share/image_transport/cmake/ament_cmake_export_dependencies-extras.cmake
[2.170s] -- Up-to-date: /home/nvidia/workspace/alan/src/AMR_ros2_slam_nav2/install/image_transport/share/image_transport/cmake/image_transportConfig.cmake
[2.170s] -- Up-to-date: /home/nvidia/workspace/alan/src/AMR_ros2_slam_nav2/install/image_transport/share/image_transport/cmake/image_transportConfig-version.cmake
[2.171s] -- Up-to-date: /home/nvidia/workspace/alan/src/AMR_ros2_slam_nav2/install/image_transport/share/image_transport/package.xml
[2.174s] Invoked command in '/home/nvidia/workspace/alan/src/AMR_ros2_slam_nav2/build/image_transport' returned '0': CMAKE_PREFIX_PATH=${CMAKE_PREFIX_PATH}:/home/nvidia/workspace/alan/src/AMR_ros2_slam_nav2/install/turtlebot3_teleop:/home/nvidia/workspace/alan/src/AMR_ros2_slam_nav2/install/turtlebot3_example:/home/nvidia/workspace/alan/src/AMR_ros2_slam_nav2/install/opencv_tests:/home/nvidia/workspace/alan/src/AMR_ros2_slam_nav2/install/nav2_gazebo_spawner:/home/nvidia/workspace/alan/AMR/install/turtlebot3_teleop:/home/nvidia/workspace/alan/AMR/install/turtlebot3_example:/home/nvidia/workspace/alan/AMR/install/opencv_tests:/home/nvidia/workspace/alan/AMR/install/nav2_gazebo_spawner /usr/local/bin/cmake --install /home/nvidia/workspace/alan/src/AMR_ros2_slam_nav2/build/image_transport
