running egg_info
writing ../../../build/nav2_gazebo_spawner/nav2_gazebo_spawner.egg-info/PKG-INFO
writing dependency_links to ../../../build/nav2_gazebo_spawner/nav2_gazebo_spawner.egg-info/dependency_links.txt
writing entry points to ../../../build/nav2_gazebo_spawner/nav2_gazebo_spawner.egg-info/entry_points.txt
writing requirements to ../../../build/nav2_gazebo_spawner/nav2_gazebo_spawner.egg-info/requires.txt
writing top-level names to ../../../build/nav2_gazebo_spawner/nav2_gazebo_spawner.egg-info/top_level.txt
reading manifest file '../../../build/nav2_gazebo_spawner/nav2_gazebo_spawner.egg-info/SOURCES.txt'
writing manifest file '../../../build/nav2_gazebo_spawner/nav2_gazebo_spawner.egg-info/SOURCES.txt'
running build
running build_py
running install
running install_lib
creating /home/nvidia/workspace/alan/src/AMR_ros2_slam_nav2/install/nav2_gazebo_spawner/lib/python3.6/site-packages/nav2_gazebo_spawner
copying /home/nvidia/workspace/alan/src/AMR_ros2_slam_nav2/build/nav2_gazebo_spawner/build/lib/nav2_gazebo_spawner/__init__.py -> /home/nvidia/workspace/alan/src/AMR_ros2_slam_nav2/install/nav2_gazebo_spawner/lib/python3.6/site-packages/nav2_gazebo_spawner
copying /home/nvidia/workspace/alan/src/AMR_ros2_slam_nav2/build/nav2_gazebo_spawner/build/lib/nav2_gazebo_spawner/nav2_gazebo_spawner.py -> /home/nvidia/workspace/alan/src/AMR_ros2_slam_nav2/install/nav2_gazebo_spawner/lib/python3.6/site-packages/nav2_gazebo_spawner
byte-compiling /home/nvidia/workspace/alan/src/AMR_ros2_slam_nav2/install/nav2_gazebo_spawner/lib/python3.6/site-packages/nav2_gazebo_spawner/__init__.py to __init__.cpython-36.pyc
byte-compiling /home/nvidia/workspace/alan/src/AMR_ros2_slam_nav2/install/nav2_gazebo_spawner/lib/python3.6/site-packages/nav2_gazebo_spawner/nav2_gazebo_spawner.py to nav2_gazebo_spawner.cpython-36.pyc
running install_data
creating /home/nvidia/workspace/alan/src/AMR_ros2_slam_nav2/install/nav2_gazebo_spawner/share/ament_index
creating /home/nvidia/workspace/alan/src/AMR_ros2_slam_nav2/install/nav2_gazebo_spawner/share/ament_index/resource_index
creating /home/nvidia/workspace/alan/src/AMR_ros2_slam_nav2/install/nav2_gazebo_spawner/share/ament_index/resource_index/packages
copying resource/nav2_gazebo_spawner -> /home/nvidia/workspace/alan/src/AMR_ros2_slam_nav2/install/nav2_gazebo_spawner/share/ament_index/resource_index/packages
copying package.xml -> /home/nvidia/workspace/alan/src/AMR_ros2_slam_nav2/install/nav2_gazebo_spawner/share/nav2_gazebo_spawner
running install_egg_info
Copying ../../../build/nav2_gazebo_spawner/nav2_gazebo_spawner.egg-info to /home/nvidia/workspace/alan/src/AMR_ros2_slam_nav2/install/nav2_gazebo_spawner/lib/python3.6/site-packages/nav2_gazebo_spawner-0.3.0-py3.6.egg-info
running install_scripts
Installing nav2_gazebo_spawner script to /home/nvidia/workspace/alan/src/AMR_ros2_slam_nav2/install/nav2_gazebo_spawner/lib/nav2_gazebo_spawner
writing list of installed files to '/home/nvidia/workspace/alan/src/AMR_ros2_slam_nav2/build/nav2_gazebo_spawner/install.log'
