[0.261s] Invoking command in '/home/nvidia/workspace/alan/src/AMR_ros2_slam_nav2/build/cv_bridge': /usr/local/bin/cmake /home/nvidia/workspace/alan/src/AMR_ros2_slam_nav2/vision_opencv/cv_bridge -DCMAKE_INSTALL_PREFIX=/home/nvidia/workspace/alan/src/AMR_ros2_slam_nav2/install/cv_bridge
[0.687s] -- The C compiler identification is GNU 7.5.0
[1.088s] -- The CXX compiler identification is GNU 7.5.0
[1.163s] -- Check for working C compiler: /usr/bin/cc
[1.394s] -- Check for working C compiler: /usr/bin/cc -- works
[1.406s] -- Detecting C compiler ABI info
[1.644s] -- Detecting C compiler ABI info - done
[1.889s] -- Detecting C compile features
[1.895s] -- Detecting C compile features - done
[1.937s] -- Check for working CXX compiler: /usr/bin/c++
[2.207s] -- Check for working CXX compiler: /usr/bin/c++ -- works
[2.220s] -- Detecting CXX compiler ABI info
[2.504s] -- Detecting CXX compiler ABI info - done
[2.740s] -- Detecting CXX compile features
[2.749s] -- Detecting CXX compile features - done
[2.762s] -- Found ament_cmake_ros: 0.9.2 (/home/workspace/ros2/install/share/ament_cmake_ros/cmake)
[2.918s] -- Found PythonInterp: /usr/bin/python3 (found suitable version "3.6.9", minimum required is "3") 
[2.918s] -- Using PYTHON_EXECUTABLE: /usr/bin/python3
[3.993s] -- Found PythonLibs: /usr/lib/aarch64-linux-gnu/libpython3.6m.so (found version "3.6.9") 
[4.522s] -- Found Boost: /usr/include (found version "1.65.1") found components: python3 
[4.537s] -- Found sensor_msgs: 2.0.4 (/home/workspace/ros2/install/share/sensor_msgs/cmake)
[4.788s] -- Using all available rosidl_typesupport_c: rosidl_typesupport_fastrtps_c;rosidl_typesupport_introspection_c
[4.867s] -- Found rosidl_adapter: 1.2.1 (/home/workspace/ros2/install/share/rosidl_adapter/cmake)
[5.265s] -- Found OpenSSL: /usr/lib/aarch64-linux-gnu/libcrypto.so (found version "1.1.1")  
[5.437s] -- Found FastRTPS: /home/workspace/ros2/install/include  
[6.255s] -- Using all available rosidl_typesupport_cpp: rosidl_typesupport_fastrtps_cpp;rosidl_typesupport_introspection_cpp
[9.081s] -- Performing Test COMPILER_HAS_HIDDEN_VISIBILITY
[9.350s] -- Performing Test COMPILER_HAS_HIDDEN_VISIBILITY - Success
[9.370s] -- Performing Test COMPILER_HAS_HIDDEN_INLINE_VISIBILITY
[9.628s] -- Performing Test COMPILER_HAS_HIDDEN_INLINE_VISIBILITY - Success
[9.635s] -- Performing Test COMPILER_HAS_DEPRECATED_ATTR
[9.891s] -- Performing Test COMPILER_HAS_DEPRECATED_ATTR - Success
[10.031s] -- Found PythonInterp: /usr/bin/python3 (found version "3.6.9") 
[10.055s] -- Found PythonLibs: /usr/lib/aarch64-linux-gnu/libpython3.6m.so (found suitable version "3.6.9", minimum required is "3.6") 
[10.387s] -- Found ament_lint_auto: 0.9.6 (/home/workspace/ros2/install/share/ament_lint_auto/cmake)
[11.037s] -- Found gtest sources under '/home/workspace/ros2/install/src/gtest_vendor': C++ tests using 'Google Test' will be built
[11.058s] -- Looking for pthread.h
[11.270s] -- Looking for pthread.h - found
[11.274s] -- Performing Test CMAKE_HAVE_LIBC_PTHREAD
[11.501s] -- Performing Test CMAKE_HAVE_LIBC_PTHREAD - Failed
[11.504s] -- Check if compiler accepts -pthread
[11.748s] -- Check if compiler accepts -pthread - yes
[11.762s] -- Found Threads: TRUE  
[26.204s] -- Configuring done
[26.626s] -- Generating done
[26.667s] -- Build files have been written to: /home/nvidia/workspace/alan/src/AMR_ros2_slam_nav2/build/cv_bridge
[26.757s] Invoked command in '/home/nvidia/workspace/alan/src/AMR_ros2_slam_nav2/build/cv_bridge' returned '0': /usr/local/bin/cmake /home/nvidia/workspace/alan/src/AMR_ros2_slam_nav2/vision_opencv/cv_bridge -DCMAKE_INSTALL_PREFIX=/home/nvidia/workspace/alan/src/AMR_ros2_slam_nav2/install/cv_bridge
[26.760s] Invoking command in '/home/nvidia/workspace/alan/src/AMR_ros2_slam_nav2/build/cv_bridge': /usr/local/bin/cmake --build /home/nvidia/workspace/alan/src/AMR_ros2_slam_nav2/build/cv_bridge -- -j8 -l8
[27.101s] [35m[1mScanning dependencies of target cv_bridge[0m
[27.131s] [35m[1mScanning dependencies of target gtest[0m
[27.138s] [35m[1mScanning dependencies of target gtest_main[0m
[27.354s] [  6%] [32mBuilding CXX object gtest/CMakeFiles/gtest_main.dir/src/gtest_main.cc.o[0m
[27.398s] [ 12%] [32mBuilding CXX object gtest/CMakeFiles/gtest.dir/src/gtest-all.cc.o[0m
[27.768s] [ 18%] [32mBuilding CXX object src/CMakeFiles/cv_bridge.dir/cv_bridge.cpp.o[0m
[27.772s] [ 25%] [32mBuilding CXX object src/CMakeFiles/cv_bridge.dir/rgb_colors.cpp.o[0m
[33.713s] [ 31%] [32m[1mLinking CXX static library libgtest_main.a[0m
[33.956s] [ 31%] Built target gtest_main
[47.156s] [ 37%] [32m[1mLinking CXX static library libgtest.a[0m
[47.448s] [ 37%] Built target gtest
[51.224s] [ 43%] [32m[1mLinking CXX shared library libcv_bridge.so[0m
[51.923s] [ 43%] Built target cv_bridge
[51.995s] [35m[1mScanning dependencies of target cv_bridge_boost[0m
[52.448s] [ 50%] [32mBuilding CXX object src/CMakeFiles/cv_bridge_boost.dir/module.cpp.o[0m
[64.048s] [ 56%] [32mBuilding CXX object src/CMakeFiles/cv_bridge_boost.dir/module_opencv3.cpp.o[0m
[72.697s] [ 62%] [32m[1mLinking CXX shared library boost/cv_bridge_boost.so[0m
[73.021s] [ 62%] Built target cv_bridge_boost
[73.044s] [35m[1mScanning dependencies of target cv_bridge-utest[0m
[73.298s] [ 68%] [32mBuilding CXX object test/CMakeFiles/cv_bridge-utest.dir/test_endian.cpp.o[0m
[77.722s] [ 75%] [32mBuilding CXX object test/CMakeFiles/cv_bridge-utest.dir/test_rgb_colors.cpp.o[0m
[85.011s] [ 81%] [32mBuilding CXX object test/CMakeFiles/cv_bridge-utest.dir/utest2.cpp.o[0m
[89.990s] [ 87%] [32mBuilding CXX object test/CMakeFiles/cv_bridge-utest.dir/utest.cpp.o[0m
[94.841s] [ 93%] [32mBuilding CXX object test/CMakeFiles/cv_bridge-utest.dir/test_compression.cpp.o[0m
[99.202s] [100%] [32m[1mLinking CXX executable cv_bridge-utest[0m
[99.890s] [100%] Built target cv_bridge-utest
[99.912s] Invoked command in '/home/nvidia/workspace/alan/src/AMR_ros2_slam_nav2/build/cv_bridge' returned '0': /usr/local/bin/cmake --build /home/nvidia/workspace/alan/src/AMR_ros2_slam_nav2/build/cv_bridge -- -j8 -l8
[100.016s] Invoking command in '/home/nvidia/workspace/alan/src/AMR_ros2_slam_nav2/build/cv_bridge': /usr/local/bin/cmake --install /home/nvidia/workspace/alan/src/AMR_ros2_slam_nav2/build/cv_bridge
[100.046s] -- Install configuration: ""
[100.049s] -- Installing: /home/nvidia/workspace/alan/src/AMR_ros2_slam_nav2/install/cv_bridge/share/cv_bridge/environment/library_path.sh
[100.051s] -- Installing: /home/nvidia/workspace/alan/src/AMR_ros2_slam_nav2/install/cv_bridge/share/cv_bridge/environment/library_path.dsv
[100.053s] -- Installing: /home/nvidia/workspace/alan/src/AMR_ros2_slam_nav2/install/cv_bridge/include/cv_bridge
[100.055s] -- Installing: /home/nvidia/workspace/alan/src/AMR_ros2_slam_nav2/install/cv_bridge/include/cv_bridge/rgb_colors.h
[100.059s] -- Installing: /home/nvidia/workspace/alan/src/AMR_ros2_slam_nav2/install/cv_bridge/include/cv_bridge/cv_bridge.h
[100.061s] -- Installing: /home/nvidia/workspace/alan/src/AMR_ros2_slam_nav2/install/cv_bridge/share/ament_index/resource_index/package_run_dependencies/cv_bridge
[100.065s] -- Installing: /home/nvidia/workspace/alan/src/AMR_ros2_slam_nav2/install/cv_bridge/share/ament_index/resource_index/parent_prefix_path/cv_bridge
[100.068s] -- Installing: /home/nvidia/workspace/alan/src/AMR_ros2_slam_nav2/install/cv_bridge/share/cv_bridge/environment/ament_prefix_path.sh
[100.070s] -- Installing: /home/nvidia/workspace/alan/src/AMR_ros2_slam_nav2/install/cv_bridge/share/cv_bridge/environment/ament_prefix_path.dsv
[100.072s] -- Installing: /home/nvidia/workspace/alan/src/AMR_ros2_slam_nav2/install/cv_bridge/share/cv_bridge/environment/path.sh
[100.074s] -- Installing: /home/nvidia/workspace/alan/src/AMR_ros2_slam_nav2/install/cv_bridge/share/cv_bridge/environment/path.dsv
[100.076s] -- Installing: /home/nvidia/workspace/alan/src/AMR_ros2_slam_nav2/install/cv_bridge/share/cv_bridge/local_setup.bash
[100.078s] -- Installing: /home/nvidia/workspace/alan/src/AMR_ros2_slam_nav2/install/cv_bridge/share/cv_bridge/local_setup.sh
[100.080s] -- Installing: /home/nvidia/workspace/alan/src/AMR_ros2_slam_nav2/install/cv_bridge/share/cv_bridge/local_setup.zsh
[100.082s] -- Installing: /home/nvidia/workspace/alan/src/AMR_ros2_slam_nav2/install/cv_bridge/share/cv_bridge/local_setup.dsv
[100.084s] -- Installing: /home/nvidia/workspace/alan/src/AMR_ros2_slam_nav2/install/cv_bridge/share/cv_bridge/package.dsv
[100.087s] -- Installing: /home/nvidia/workspace/alan/src/AMR_ros2_slam_nav2/install/cv_bridge/share/ament_index/resource_index/packages/cv_bridge
[100.090s] -- Installing: /home/nvidia/workspace/alan/src/AMR_ros2_slam_nav2/install/cv_bridge/share/cv_bridge/cmake/cv_bridge-extras.cmake
[100.092s] -- Installing: /home/nvidia/workspace/alan/src/AMR_ros2_slam_nav2/install/cv_bridge/share/cv_bridge/cmake/ament_cmake_export_dependencies-extras.cmake
[100.094s] -- Installing: /home/nvidia/workspace/alan/src/AMR_ros2_slam_nav2/install/cv_bridge/share/cv_bridge/cmake/ament_cmake_export_include_directories-extras.cmake
[100.096s] -- Installing: /home/nvidia/workspace/alan/src/AMR_ros2_slam_nav2/install/cv_bridge/share/cv_bridge/cmake/ament_cmake_export_libraries-extras.cmake
[100.098s] -- Installing: /home/nvidia/workspace/alan/src/AMR_ros2_slam_nav2/install/cv_bridge/share/cv_bridge/cmake/cv_bridgeConfig.cmake
[100.100s] -- Installing: /home/nvidia/workspace/alan/src/AMR_ros2_slam_nav2/install/cv_bridge/share/cv_bridge/cmake/cv_bridgeConfig-version.cmake
[100.102s] -- Installing: /home/nvidia/workspace/alan/src/AMR_ros2_slam_nav2/install/cv_bridge/share/cv_bridge/package.xml
[100.106s] -- Installing: /home/nvidia/workspace/alan/src/AMR_ros2_slam_nav2/install/cv_bridge/share/cv_bridge/environment/pythonpath.sh
[100.110s] -- Installing: /home/nvidia/workspace/alan/src/AMR_ros2_slam_nav2/install/cv_bridge/share/cv_bridge/environment/pythonpath.dsv
[100.112s] -- Installing: /home/nvidia/workspace/alan/src/AMR_ros2_slam_nav2/install/cv_bridge/lib/python3.6/site-packages/cv_bridge
[100.113s] -- Installing: /home/nvidia/workspace/alan/src/AMR_ros2_slam_nav2/install/cv_bridge/lib/python3.6/site-packages/cv_bridge/__init__.py
[100.115s] -- Installing: /home/nvidia/workspace/alan/src/AMR_ros2_slam_nav2/install/cv_bridge/lib/python3.6/site-packages/cv_bridge/core.py
[100.268s] Listing '/home/nvidia/workspace/alan/src/AMR_ros2_slam_nav2/install/cv_bridge/lib/python3.6/site-packages/cv_bridge'...
[100.268s] Compiling '/home/nvidia/workspace/alan/src/AMR_ros2_slam_nav2/install/cv_bridge/lib/python3.6/site-packages/cv_bridge/__init__.py'...
[100.269s] Compiling '/home/nvidia/workspace/alan/src/AMR_ros2_slam_nav2/install/cv_bridge/lib/python3.6/site-packages/cv_bridge/core.py'...
[100.287s] -- Installing: /home/nvidia/workspace/alan/src/AMR_ros2_slam_nav2/install/cv_bridge/lib/libcv_bridge.so
[100.293s] -- Set runtime path of "/home/nvidia/workspace/alan/src/AMR_ros2_slam_nav2/install/cv_bridge/lib/libcv_bridge.so" to ""
[100.294s] -- Installing: /home/nvidia/workspace/alan/src/AMR_ros2_slam_nav2/install/cv_bridge/include/cv_bridge/cv_bridge_export.h
[100.296s] -- Installing: /home/nvidia/workspace/alan/src/AMR_ros2_slam_nav2/install/cv_bridge/lib/python3.6/site-packages/cv_bridge/boost/cv_bridge_boost.so
[100.299s] -- Set runtime path of "/home/nvidia/workspace/alan/src/AMR_ros2_slam_nav2/install/cv_bridge/lib/python3.6/site-packages/cv_bridge/boost/cv_bridge_boost.so" to ""
[100.309s] Invoked command in '/home/nvidia/workspace/alan/src/AMR_ros2_slam_nav2/build/cv_bridge' returned '0': /usr/local/bin/cmake --install /home/nvidia/workspace/alan/src/AMR_ros2_slam_nav2/build/cv_bridge
