[0.111s] Invoking command in '/home/nvidia/workspace/alan/src/AMR_ros2_slam_nav2/build/smac_planner': AMENT_PREFIX_PATH=/home/nvidia/workspace/alan/src/AMR_ros2_slam_nav2/install/nav2_core:/home/nvidia/workspace/alan/src/AMR_ros2_slam_nav2/install/nav2_costmap_2d:/home/nvidia/workspace/alan/src/AMR_ros2_slam_nav2/install/nav2_util:/home/nvidia/workspace/alan/src/AMR_ros2_slam_nav2/install/nav2_voxel_grid:/home/nvidia/workspace/alan/src/AMR_ros2_slam_nav2/install/nav2_msgs:/home/nvidia/workspace/alan/src/AMR_ros2_slam_nav2/install/nav2_common:${AMENT_PREFIX_PATH} CMAKE_PREFIX_PATH=/home/nvidia/workspace/alan/src/AMR_ros2_slam_nav2/install/nav2_core:/home/nvidia/workspace/alan/src/AMR_ros2_slam_nav2/install/nav2_costmap_2d:/home/nvidia/workspace/alan/src/AMR_ros2_slam_nav2/install/nav2_util:/home/nvidia/workspace/alan/src/AMR_ros2_slam_nav2/install/nav2_voxel_grid:/home/nvidia/workspace/alan/src/AMR_ros2_slam_nav2/install/nav2_msgs:/home/nvidia/workspace/alan/src/AMR_ros2_slam_nav2/install/nav2_common:${CMAKE_PREFIX_PATH} LD_LIBRARY_PATH=/home/nvidia/workspace/alan/src/AMR_ros2_slam_nav2/install/nav2_costmap_2d/lib:/home/nvidia/workspace/alan/src/AMR_ros2_slam_nav2/install/nav2_util/lib:/home/nvidia/workspace/alan/src/AMR_ros2_slam_nav2/install/nav2_voxel_grid/lib:/home/nvidia/workspace/alan/src/AMR_ros2_slam_nav2/install/nav2_msgs/lib:/home/workspace/ros2/install/opt/yaml_cpp_vendor/lib:/home/workspace/ros2/install/opt/rviz_ogre_vendor/lib:/home/workspace/ros2/install/lib:/usr/local/cuda-10.2/lib64 PYTHONPATH=/home/nvidia/workspace/alan/src/AMR_ros2_slam_nav2/install/nav2_msgs/lib/python3.6/site-packages:/home/nvidia/workspace/alan/src/AMR_ros2_slam_nav2/install/nav2_common/lib/python3.6/site-packages:/home/workspace/ros2/install/lib/python3.6/site-packages:/usr/local/lib:/usr/local/cuda/bin /usr/local/bin/cmake /home/nvidia/workspace/alan/src/AMR_ros2_slam_nav2/navigation2/smac_planner -DCMAKE_INSTALL_PREFIX=/home/nvidia/workspace/alan/src/AMR_ros2_slam_nav2/install/smac_planner
[0.416s] -- The C compiler identification is GNU 7.5.0
[0.718s] -- The CXX compiler identification is GNU 7.5.0
[0.787s] -- Check for working C compiler: /usr/bin/cc
[1.004s] -- Check for working C compiler: /usr/bin/cc -- works
[1.011s] -- Detecting C compiler ABI info
[1.238s] -- Detecting C compiler ABI info - done
[1.433s] -- Detecting C compile features
[1.437s] -- Detecting C compile features - done
[1.471s] -- Check for working CXX compiler: /usr/bin/c++
[1.711s] -- Check for working CXX compiler: /usr/bin/c++ -- works
[1.729s] -- Detecting CXX compiler ABI info
[1.969s] -- Detecting CXX compiler ABI info - done
[2.146s] -- Detecting CXX compile features
[2.151s] -- Detecting CXX compile features - done
[2.168s] -- Found ament_cmake: 0.9.9 (/home/workspace/ros2/install/share/ament_cmake/cmake)
[2.294s] -- Found PythonInterp: /usr/bin/python3 (found suitable version "3.6.9", minimum required is "3") 
[2.295s] -- Using PYTHON_EXECUTABLE: /usr/bin/python3
[3.299s] -- Found nav2_common: 0.4.7 (/home/nvidia/workspace/alan/src/AMR_ros2_slam_nav2/install/nav2_common/share/nav2_common/cmake)
[3.310s] -- Found rclcpp: 2.4.0 (/home/workspace/ros2/install/share/rclcpp/cmake)
[3.813s] -- Using all available rosidl_typesupport_c: rosidl_typesupport_fastrtps_c;rosidl_typesupport_introspection_c
[3.889s] -- Found rosidl_adapter: 1.2.1 (/home/workspace/ros2/install/share/rosidl_adapter/cmake)
[4.287s] -- Found OpenSSL: /usr/lib/aarch64-linux-gnu/libcrypto.so (found version "1.1.1")  
[4.447s] -- Found FastRTPS: /home/workspace/ros2/install/include  
[5.240s] -- Using all available rosidl_typesupport_cpp: rosidl_typesupport_fastrtps_cpp;rosidl_typesupport_introspection_cpp
[5.927s] -- Found rmw_implementation_cmake: 1.0.3 (/home/workspace/ros2/install/share/rmw_implementation_cmake/cmake)
[5.949s] -- Using RMW implementation 'rmw_fastrtps_cpp' as default
[5.957s] -- Looking for pthread.h
[6.191s] -- Looking for pthread.h - found
[6.198s] -- Performing Test CMAKE_HAVE_LIBC_PTHREAD
[6.484s] -- Performing Test CMAKE_HAVE_LIBC_PTHREAD - Failed
[6.489s] -- Looking for pthread_create in pthreads
[6.708s] -- Looking for pthread_create in pthreads - not found
[6.711s] -- Looking for pthread_create in pthread
[6.954s] -- Looking for pthread_create in pthread - found
[6.968s] -- Found Threads: TRUE  
[8.977s] -- Found rclcpp_action: 2.4.0 (/home/workspace/ros2/install/share/rclcpp_action/cmake)
[9.942s] -- Found rclcpp_lifecycle: 2.4.0 (/home/workspace/ros2/install/share/rclcpp_lifecycle/cmake)
[10.314s] -- Found visualization_msgs: 2.0.4 (/home/workspace/ros2/install/share/visualization_msgs/cmake)
[11.635s] -- Found nav2_util: 0.4.7 (/home/nvidia/workspace/alan/src/AMR_ros2_slam_nav2/install/nav2_util/share/nav2_util/cmake)
[18.522s] -- Found eigen3_cmake_module: 0.1.1 (/home/workspace/ros2/install/share/eigen3_cmake_module/cmake)
[18.545s] -- Found Eigen3: TRUE (found version "3.3.4") 
[20.252s] -- Found nav2_core: 0.4.7 (/home/nvidia/workspace/alan/src/AMR_ros2_slam_nav2/install/nav2_core/share/nav2_core/cmake)
[29.671s] -- Found installed version of Eigen: /usr/lib/cmake/eigen3
[29.684s] -- Found required Ceres dependency: Eigen version 3.3.4 in /usr/include/eigen3
[29.707s] -- Found required Ceres dependency: glog
[29.732s] -- Found installed version of gflags: /usr/lib/aarch64-linux-gnu/cmake/gflags
[29.735s] -- Detected gflags version: 2.2.1
[29.746s] -- Found required Ceres dependency: gflags
[29.755s] -- Found Ceres version: 1.13.0 installed in: /usr/local with components: [LAPACK, SuiteSparse, SparseLinearAlgebraLibrary, CXSparse, SchurSpecializations, C++11, OpenMP]
[29.798s] -- Found ompl: /usr/local/include/ompl-1.5;/usr/include;/usr/include/eigen3  
[30.924s] -- Found OpenMP_C: -fopenmp (found version "4.5") 
[31.240s] -- Found OpenMP_CXX: -fopenmp (found version "4.5") 
[31.252s] -- Found OpenMP: TRUE (found version "4.5")  
[51.988s] -- Found ament_lint_auto: 0.9.6 (/home/workspace/ros2/install/share/ament_lint_auto/cmake)
[52.788s] -- Found ament_cmake_gtest: 0.9.9 (/home/workspace/ros2/install/share/ament_cmake_gtest/cmake)
[52.827s] -- Found gtest sources under '/home/workspace/ros2/install/src/gtest_vendor': C++ tests using 'Google Test' will be built
[52.854s] -- Check if compiler accepts -pthread
[53.100s] -- Check if compiler accepts -pthread - yes
[142.925s] -- Added test 'copyright' to check source files copyright and LICENSE
[142.941s] -- Added test 'cppcheck' to perform static code analysis on C / C++ code
[142.958s] -- Configured cppcheck include dirs: /home/nvidia/workspace/alan/src/AMR_ros2_slam_nav2/navigation2/smac_planner/include
[142.959s] -- Configured cppcheck exclude dirs and/or files: 
[142.975s] -- Added test 'cpplint' to check C / C++ code against the Google style
[142.977s] -- Configured cpplint exclude dirs and/or files: 
[142.992s] -- Added test 'lint_cmake' to check CMake code style
[143.009s] -- Added test 'uncrustify' to check C / C++ code style
[143.011s] -- Configured uncrustify additional arguments: 
[143.021s] -- Added test 'xmllint' to check XML markup files
[143.076s] -- Configuring done
[147.092s] -- Generating done
[147.201s] -- Build files have been written to: /home/nvidia/workspace/alan/src/AMR_ros2_slam_nav2/build/smac_planner
[147.299s] Invoked command in '/home/nvidia/workspace/alan/src/AMR_ros2_slam_nav2/build/smac_planner' returned '0': AMENT_PREFIX_PATH=/home/nvidia/workspace/alan/src/AMR_ros2_slam_nav2/install/nav2_core:/home/nvidia/workspace/alan/src/AMR_ros2_slam_nav2/install/nav2_costmap_2d:/home/nvidia/workspace/alan/src/AMR_ros2_slam_nav2/install/nav2_util:/home/nvidia/workspace/alan/src/AMR_ros2_slam_nav2/install/nav2_voxel_grid:/home/nvidia/workspace/alan/src/AMR_ros2_slam_nav2/install/nav2_msgs:/home/nvidia/workspace/alan/src/AMR_ros2_slam_nav2/install/nav2_common:${AMENT_PREFIX_PATH} CMAKE_PREFIX_PATH=/home/nvidia/workspace/alan/src/AMR_ros2_slam_nav2/install/nav2_core:/home/nvidia/workspace/alan/src/AMR_ros2_slam_nav2/install/nav2_costmap_2d:/home/nvidia/workspace/alan/src/AMR_ros2_slam_nav2/install/nav2_util:/home/nvidia/workspace/alan/src/AMR_ros2_slam_nav2/install/nav2_voxel_grid:/home/nvidia/workspace/alan/src/AMR_ros2_slam_nav2/install/nav2_msgs:/home/nvidia/workspace/alan/src/AMR_ros2_slam_nav2/install/nav2_common:${CMAKE_PREFIX_PATH} LD_LIBRARY_PATH=/home/nvidia/workspace/alan/src/AMR_ros2_slam_nav2/install/nav2_costmap_2d/lib:/home/nvidia/workspace/alan/src/AMR_ros2_slam_nav2/install/nav2_util/lib:/home/nvidia/workspace/alan/src/AMR_ros2_slam_nav2/install/nav2_voxel_grid/lib:/home/nvidia/workspace/alan/src/AMR_ros2_slam_nav2/install/nav2_msgs/lib:/home/workspace/ros2/install/opt/yaml_cpp_vendor/lib:/home/workspace/ros2/install/opt/rviz_ogre_vendor/lib:/home/workspace/ros2/install/lib:/usr/local/cuda-10.2/lib64 PYTHONPATH=/home/nvidia/workspace/alan/src/AMR_ros2_slam_nav2/install/nav2_msgs/lib/python3.6/site-packages:/home/nvidia/workspace/alan/src/AMR_ros2_slam_nav2/install/nav2_common/lib/python3.6/site-packages:/home/workspace/ros2/install/lib/python3.6/site-packages:/usr/local/lib:/usr/local/cuda/bin /usr/local/bin/cmake /home/nvidia/workspace/alan/src/AMR_ros2_slam_nav2/navigation2/smac_planner -DCMAKE_INSTALL_PREFIX=/home/nvidia/workspace/alan/src/AMR_ros2_slam_nav2/install/smac_planner
[147.302s] Invoking command in '/home/nvidia/workspace/alan/src/AMR_ros2_slam_nav2/build/smac_planner': AMENT_PREFIX_PATH=/home/nvidia/workspace/alan/src/AMR_ros2_slam_nav2/install/nav2_core:/home/nvidia/workspace/alan/src/AMR_ros2_slam_nav2/install/nav2_costmap_2d:/home/nvidia/workspace/alan/src/AMR_ros2_slam_nav2/install/nav2_util:/home/nvidia/workspace/alan/src/AMR_ros2_slam_nav2/install/nav2_voxel_grid:/home/nvidia/workspace/alan/src/AMR_ros2_slam_nav2/install/nav2_msgs:/home/nvidia/workspace/alan/src/AMR_ros2_slam_nav2/install/nav2_common:${AMENT_PREFIX_PATH} CMAKE_PREFIX_PATH=/home/nvidia/workspace/alan/src/AMR_ros2_slam_nav2/install/nav2_core:/home/nvidia/workspace/alan/src/AMR_ros2_slam_nav2/install/nav2_costmap_2d:/home/nvidia/workspace/alan/src/AMR_ros2_slam_nav2/install/nav2_util:/home/nvidia/workspace/alan/src/AMR_ros2_slam_nav2/install/nav2_voxel_grid:/home/nvidia/workspace/alan/src/AMR_ros2_slam_nav2/install/nav2_msgs:/home/nvidia/workspace/alan/src/AMR_ros2_slam_nav2/install/nav2_common:${CMAKE_PREFIX_PATH} LD_LIBRARY_PATH=/home/nvidia/workspace/alan/src/AMR_ros2_slam_nav2/install/nav2_costmap_2d/lib:/home/nvidia/workspace/alan/src/AMR_ros2_slam_nav2/install/nav2_util/lib:/home/nvidia/workspace/alan/src/AMR_ros2_slam_nav2/install/nav2_voxel_grid/lib:/home/nvidia/workspace/alan/src/AMR_ros2_slam_nav2/install/nav2_msgs/lib:/home/workspace/ros2/install/opt/yaml_cpp_vendor/lib:/home/workspace/ros2/install/opt/rviz_ogre_vendor/lib:/home/workspace/ros2/install/lib:/usr/local/cuda-10.2/lib64 PYTHONPATH=/home/nvidia/workspace/alan/src/AMR_ros2_slam_nav2/install/nav2_msgs/lib/python3.6/site-packages:/home/nvidia/workspace/alan/src/AMR_ros2_slam_nav2/install/nav2_common/lib/python3.6/site-packages:/home/workspace/ros2/install/lib/python3.6/site-packages:/usr/local/lib:/usr/local/cuda/bin /usr/local/bin/cmake --build /home/nvidia/workspace/alan/src/AMR_ros2_slam_nav2/build/smac_planner -- -j8 -l8
[147.658s] [35m[1mScanning dependencies of target smac_planner_2d[0m
[148.582s] [  2%] [32mBuilding CXX object CMakeFiles/smac_planner_2d.dir/src/smac_planner_2d.cpp.o[0m
[184.296s] [  5%] [32mBuilding CXX object CMakeFiles/smac_planner_2d.dir/src/node_2d.cpp.o[0m
[193.397s] [  8%] [32mBuilding CXX object CMakeFiles/smac_planner_2d.dir/src/costmap_downsampler.cpp.o[0m
[207.693s] [ 11%] [32mBuilding CXX object CMakeFiles/smac_planner_2d.dir/src/node_se2.cpp.o[0m
[223.638s] [ 14%] [32mBuilding CXX object CMakeFiles/smac_planner_2d.dir/src/a_star.cpp.o[0m
[239.405s] [ 17%] [32m[1mLinking CXX shared library libsmac_planner_2d.so[0m
[242.068s] [ 17%] Built target smac_planner_2d
[242.084s] [35m[1mScanning dependencies of target gtest_main[0m
[242.119s] [ 20%] [32mBuilding CXX object gtest/CMakeFiles/gtest_main.dir/src/gtest_main.cc.o[0m
[244.069s] [ 23%] [32m[1mLinking CXX static library libgtest_main.a[0m
[244.113s] [ 23%] Built target gtest_main
[244.130s] [35m[1mScanning dependencies of target gtest[0m
[244.183s] [ 26%] [32mBuilding CXX object gtest/CMakeFiles/gtest.dir/src/gtest-all.cc.o[0m
[265.959s] [ 29%] [32m[1mLinking CXX static library libgtest.a[0m
[266.014s] [ 29%] Built target gtest
[266.031s] [35m[1mScanning dependencies of target test_smoother[0m
[266.032s] [35m[1mScanning dependencies of target test_smac_2d[0m
[266.033s] [35m[1mScanning dependencies of target smac_planner[0m
[266.305s] [ 32%] [32mBuilding CXX object test/CMakeFiles/test_smoother.dir/test_smoother.cpp.o[0m
[266.386s] [ 35%] [32mBuilding CXX object test/CMakeFiles/test_smac_2d.dir/test_smac_2d.cpp.o[0m
[266.478s] [ 38%] [32mBuilding CXX object CMakeFiles/smac_planner.dir/src/smac_planner.cpp.o[0m
[266.479s] [ 41%] [32mBuilding CXX object CMakeFiles/smac_planner.dir/src/a_star.cpp.o[0m
[266.488s] [ 44%] [32mBuilding CXX object CMakeFiles/smac_planner.dir/src/node_se2.cpp.o[0m
[281.279s] [ 47%] [32mBuilding CXX object CMakeFiles/smac_planner.dir/src/node_2d.cpp.o[0m
[282.688s] [ 50%] [32mBuilding CXX object CMakeFiles/smac_planner.dir/src/costmap_downsampler.cpp.o[0m
[284.198s] [ 52%] [32m[1mLinking CXX executable test_smoother[0m
[286.113s] [ 55%] [32m[1mLinking CXX executable test_smac_2d[0m
[287.101s] [ 55%] Built target test_smoother
[288.892s] [ 55%] Built target test_smac_2d
[294.885s] [ 58%] [32m[1mLinking CXX shared library libsmac_planner.so[0m
[297.861s] [ 58%] Built target smac_planner
[297.882s] [35m[1mScanning dependencies of target test_node2d[0m
[297.883s] [35m[1mScanning dependencies of target test_smac_se2[0m
[298.155s] [ 61%] [32mBuilding CXX object test/CMakeFiles/test_node2d.dir/test_node2d.cpp.o[0m
[298.244s] [ 64%] [32mBuilding CXX object test/CMakeFiles/test_smac_se2.dir/test_smac_se2.cpp.o[0m
[309.515s] [ 67%] [32m[1mLinking CXX executable test_node2d[0m
[312.078s] [ 67%] Built target test_node2d
[312.099s] [35m[1mScanning dependencies of target test_nodebasic[0m
[312.100s] [35m[1mScanning dependencies of target test_collision_checker[0m
[312.378s] [ 70%] [32mBuilding CXX object test/CMakeFiles/test_collision_checker.dir/test_collision_checker.cpp.o[0m
[312.452s] [ 73%] [32mBuilding CXX object test/CMakeFiles/test_nodebasic.dir/test_nodebasic.cpp.o[0m
[318.394s] [ 76%] [32m[1mLinking CXX executable test_smac_se2[0m
[321.320s] [ 76%] Built target test_smac_se2
[321.342s] [35m[1mScanning dependencies of target test_costmap_downsampler[0m
[321.540s] [ 79%] [32m[1mLinking CXX executable test_collision_checker[0m
[321.707s] [ 82%] [32mBuilding CXX object test/CMakeFiles/test_costmap_downsampler.dir/test_costmap_downsampler.cpp.o[0m
[322.609s] [ 82%] Built target test_collision_checker
[322.633s] [35m[1mScanning dependencies of target test_a_star[0m
[323.019s] [ 85%] [32mBuilding CXX object test/CMakeFiles/test_a_star.dir/test_a_star.cpp.o[0m
[325.466s] [ 88%] [32m[1mLinking CXX executable test_nodebasic[0m
[327.754s] [ 88%] Built target test_nodebasic
[327.777s] [35m[1mScanning dependencies of target test_nodese2[0m
[328.156s] [ 91%] [32mBuilding CXX object test/CMakeFiles/test_nodese2.dir/test_nodese2.cpp.o[0m
[335.658s] [ 94%] [32m[1mLinking CXX executable test_costmap_downsampler[0m
[338.300s] [ 94%] Built target test_costmap_downsampler
[338.579s] [ 97%] [32m[1mLinking CXX executable test_a_star[0m
[341.136s] [ 97%] Built target test_a_star
[343.621s] [100%] [32m[1mLinking CXX executable test_nodese2[0m
[346.036s] [100%] Built target test_nodese2
[346.060s] Invoked command in '/home/nvidia/workspace/alan/src/AMR_ros2_slam_nav2/build/smac_planner' returned '0': AMENT_PREFIX_PATH=/home/nvidia/workspace/alan/src/AMR_ros2_slam_nav2/install/nav2_core:/home/nvidia/workspace/alan/src/AMR_ros2_slam_nav2/install/nav2_costmap_2d:/home/nvidia/workspace/alan/src/AMR_ros2_slam_nav2/install/nav2_util:/home/nvidia/workspace/alan/src/AMR_ros2_slam_nav2/install/nav2_voxel_grid:/home/nvidia/workspace/alan/src/AMR_ros2_slam_nav2/install/nav2_msgs:/home/nvidia/workspace/alan/src/AMR_ros2_slam_nav2/install/nav2_common:${AMENT_PREFIX_PATH} CMAKE_PREFIX_PATH=/home/nvidia/workspace/alan/src/AMR_ros2_slam_nav2/install/nav2_core:/home/nvidia/workspace/alan/src/AMR_ros2_slam_nav2/install/nav2_costmap_2d:/home/nvidia/workspace/alan/src/AMR_ros2_slam_nav2/install/nav2_util:/home/nvidia/workspace/alan/src/AMR_ros2_slam_nav2/install/nav2_voxel_grid:/home/nvidia/workspace/alan/src/AMR_ros2_slam_nav2/install/nav2_msgs:/home/nvidia/workspace/alan/src/AMR_ros2_slam_nav2/install/nav2_common:${CMAKE_PREFIX_PATH} LD_LIBRARY_PATH=/home/nvidia/workspace/alan/src/AMR_ros2_slam_nav2/install/nav2_costmap_2d/lib:/home/nvidia/workspace/alan/src/AMR_ros2_slam_nav2/install/nav2_util/lib:/home/nvidia/workspace/alan/src/AMR_ros2_slam_nav2/install/nav2_voxel_grid/lib:/home/nvidia/workspace/alan/src/AMR_ros2_slam_nav2/install/nav2_msgs/lib:/home/workspace/ros2/install/opt/yaml_cpp_vendor/lib:/home/workspace/ros2/install/opt/rviz_ogre_vendor/lib:/home/workspace/ros2/install/lib:/usr/local/cuda-10.2/lib64 PYTHONPATH=/home/nvidia/workspace/alan/src/AMR_ros2_slam_nav2/install/nav2_msgs/lib/python3.6/site-packages:/home/nvidia/workspace/alan/src/AMR_ros2_slam_nav2/install/nav2_common/lib/python3.6/site-packages:/home/workspace/ros2/install/lib/python3.6/site-packages:/usr/local/lib:/usr/local/cuda/bin /usr/local/bin/cmake --build /home/nvidia/workspace/alan/src/AMR_ros2_slam_nav2/build/smac_planner -- -j8 -l8
[346.165s] Invoking command in '/home/nvidia/workspace/alan/src/AMR_ros2_slam_nav2/build/smac_planner': AMENT_PREFIX_PATH=/home/nvidia/workspace/alan/src/AMR_ros2_slam_nav2/install/nav2_core:/home/nvidia/workspace/alan/src/AMR_ros2_slam_nav2/install/nav2_costmap_2d:/home/nvidia/workspace/alan/src/AMR_ros2_slam_nav2/install/nav2_util:/home/nvidia/workspace/alan/src/AMR_ros2_slam_nav2/install/nav2_voxel_grid:/home/nvidia/workspace/alan/src/AMR_ros2_slam_nav2/install/nav2_msgs:/home/nvidia/workspace/alan/src/AMR_ros2_slam_nav2/install/nav2_common:${AMENT_PREFIX_PATH} CMAKE_PREFIX_PATH=/home/nvidia/workspace/alan/src/AMR_ros2_slam_nav2/install/nav2_core:/home/nvidia/workspace/alan/src/AMR_ros2_slam_nav2/install/nav2_costmap_2d:/home/nvidia/workspace/alan/src/AMR_ros2_slam_nav2/install/nav2_util:/home/nvidia/workspace/alan/src/AMR_ros2_slam_nav2/install/nav2_voxel_grid:/home/nvidia/workspace/alan/src/AMR_ros2_slam_nav2/install/nav2_msgs:/home/nvidia/workspace/alan/src/AMR_ros2_slam_nav2/install/nav2_common:${CMAKE_PREFIX_PATH} LD_LIBRARY_PATH=/home/nvidia/workspace/alan/src/AMR_ros2_slam_nav2/install/nav2_costmap_2d/lib:/home/nvidia/workspace/alan/src/AMR_ros2_slam_nav2/install/nav2_util/lib:/home/nvidia/workspace/alan/src/AMR_ros2_slam_nav2/install/nav2_voxel_grid/lib:/home/nvidia/workspace/alan/src/AMR_ros2_slam_nav2/install/nav2_msgs/lib:/home/workspace/ros2/install/opt/yaml_cpp_vendor/lib:/home/workspace/ros2/install/opt/rviz_ogre_vendor/lib:/home/workspace/ros2/install/lib:/usr/local/cuda-10.2/lib64 PYTHONPATH=/home/nvidia/workspace/alan/src/AMR_ros2_slam_nav2/install/nav2_msgs/lib/python3.6/site-packages:/home/nvidia/workspace/alan/src/AMR_ros2_slam_nav2/install/nav2_common/lib/python3.6/site-packages:/home/workspace/ros2/install/lib/python3.6/site-packages:/usr/local/lib:/usr/local/cuda/bin /usr/local/bin/cmake --install /home/nvidia/workspace/alan/src/AMR_ros2_slam_nav2/build/smac_planner
[346.178s] -- Install configuration: "Release"
[346.179s] -- Installing: /home/nvidia/workspace/alan/src/AMR_ros2_slam_nav2/install/smac_planner/share/smac_planner/smac_plugin.xml
[346.180s] -- Installing: /home/nvidia/workspace/alan/src/AMR_ros2_slam_nav2/install/smac_planner/share/smac_planner/smac_plugin_2d.xml
[346.181s] -- Installing: /home/nvidia/workspace/alan/src/AMR_ros2_slam_nav2/install/smac_planner/lib/libsmac_planner.so
[346.192s] -- Set runtime path of "/home/nvidia/workspace/alan/src/AMR_ros2_slam_nav2/install/smac_planner/lib/libsmac_planner.so" to ""
[346.193s] -- Installing: /home/nvidia/workspace/alan/src/AMR_ros2_slam_nav2/install/smac_planner/lib/libsmac_planner_2d.so
[346.204s] -- Set runtime path of "/home/nvidia/workspace/alan/src/AMR_ros2_slam_nav2/install/smac_planner/lib/libsmac_planner_2d.so" to ""
[346.205s] -- Installing: /home/nvidia/workspace/alan/src/AMR_ros2_slam_nav2/install/smac_planner/include/
[346.207s] -- Installing: /home/nvidia/workspace/alan/src/AMR_ros2_slam_nav2/install/smac_planner/include//smac_planner
[346.208s] -- Installing: /home/nvidia/workspace/alan/src/AMR_ros2_slam_nav2/install/smac_planner/include//smac_planner/constants.hpp
[346.208s] -- Installing: /home/nvidia/workspace/alan/src/AMR_ros2_slam_nav2/install/smac_planner/include//smac_planner/node_se2.hpp
[346.209s] -- Installing: /home/nvidia/workspace/alan/src/AMR_ros2_slam_nav2/install/smac_planner/include//smac_planner/types.hpp
[346.209s] -- Installing: /home/nvidia/workspace/alan/src/AMR_ros2_slam_nav2/install/smac_planner/include//smac_planner/smoother_cost_function.hpp
[346.210s] -- Installing: /home/nvidia/workspace/alan/src/AMR_ros2_slam_nav2/install/smac_planner/include//smac_planner/smoother.hpp
[346.210s] -- Installing: /home/nvidia/workspace/alan/src/AMR_ros2_slam_nav2/install/smac_planner/include//smac_planner/node_2d.hpp
[346.210s] -- Installing: /home/nvidia/workspace/alan/src/AMR_ros2_slam_nav2/install/smac_planner/include//smac_planner/collision_checker.hpp
[346.211s] -- Installing: /home/nvidia/workspace/alan/src/AMR_ros2_slam_nav2/install/smac_planner/include//smac_planner/smac_planner_2d.hpp
[346.211s] -- Installing: /home/nvidia/workspace/alan/src/AMR_ros2_slam_nav2/install/smac_planner/include//smac_planner/options.hpp
[346.211s] -- Installing: /home/nvidia/workspace/alan/src/AMR_ros2_slam_nav2/install/smac_planner/include//smac_planner/a_star.hpp
[346.212s] -- Installing: /home/nvidia/workspace/alan/src/AMR_ros2_slam_nav2/install/smac_planner/include//smac_planner/smac_planner.hpp
[346.212s] -- Installing: /home/nvidia/workspace/alan/src/AMR_ros2_slam_nav2/install/smac_planner/include//smac_planner/node_basic.hpp
[346.212s] -- Installing: /home/nvidia/workspace/alan/src/AMR_ros2_slam_nav2/install/smac_planner/include//smac_planner/costmap_downsampler.hpp
[346.213s] -- Installing: /home/nvidia/workspace/alan/src/AMR_ros2_slam_nav2/install/smac_planner/share/smac_planner/environment/library_path.sh
[346.213s] -- Installing: /home/nvidia/workspace/alan/src/AMR_ros2_slam_nav2/install/smac_planner/share/smac_planner/environment/library_path.dsv
[346.213s] -- Installing: /home/nvidia/workspace/alan/src/AMR_ros2_slam_nav2/install/smac_planner/share/ament_index/resource_index/package_run_dependencies/smac_planner
[346.214s] -- Installing: /home/nvidia/workspace/alan/src/AMR_ros2_slam_nav2/install/smac_planner/share/ament_index/resource_index/parent_prefix_path/smac_planner
[346.214s] -- Installing: /home/nvidia/workspace/alan/src/AMR_ros2_slam_nav2/install/smac_planner/share/smac_planner/environment/ament_prefix_path.sh
[346.214s] -- Installing: /home/nvidia/workspace/alan/src/AMR_ros2_slam_nav2/install/smac_planner/share/smac_planner/environment/ament_prefix_path.dsv
[346.214s] -- Installing: /home/nvidia/workspace/alan/src/AMR_ros2_slam_nav2/install/smac_planner/share/smac_planner/environment/path.sh
[346.215s] -- Installing: /home/nvidia/workspace/alan/src/AMR_ros2_slam_nav2/install/smac_planner/share/smac_planner/environment/path.dsv
[346.215s] -- Installing: /home/nvidia/workspace/alan/src/AMR_ros2_slam_nav2/install/smac_planner/share/smac_planner/local_setup.bash
[346.215s] -- Installing: /home/nvidia/workspace/alan/src/AMR_ros2_slam_nav2/install/smac_planner/share/smac_planner/local_setup.sh
[346.216s] -- Installing: /home/nvidia/workspace/alan/src/AMR_ros2_slam_nav2/install/smac_planner/share/smac_planner/local_setup.zsh
[346.216s] -- Installing: /home/nvidia/workspace/alan/src/AMR_ros2_slam_nav2/install/smac_planner/share/smac_planner/local_setup.dsv
[346.217s] -- Installing: /home/nvidia/workspace/alan/src/AMR_ros2_slam_nav2/install/smac_planner/share/smac_planner/package.dsv
[346.218s] -- Installing: /home/nvidia/workspace/alan/src/AMR_ros2_slam_nav2/install/smac_planner/share/ament_index/resource_index/packages/smac_planner
[346.218s] -- Installing: /home/nvidia/workspace/alan/src/AMR_ros2_slam_nav2/install/smac_planner/share/ament_index/resource_index/nav2_core__pluginlib__plugin/smac_planner
[346.219s] -- Installing: /home/nvidia/workspace/alan/src/AMR_ros2_slam_nav2/install/smac_planner/share/smac_planner/cmake/ament_cmake_export_include_directories-extras.cmake
[346.220s] -- Installing: /home/nvidia/workspace/alan/src/AMR_ros2_slam_nav2/install/smac_planner/share/smac_planner/cmake/ament_cmake_export_libraries-extras.cmake
[346.220s] -- Installing: /home/nvidia/workspace/alan/src/AMR_ros2_slam_nav2/install/smac_planner/share/smac_planner/cmake/ament_cmake_export_dependencies-extras.cmake
[346.221s] -- Installing: /home/nvidia/workspace/alan/src/AMR_ros2_slam_nav2/install/smac_planner/share/smac_planner/cmake/ament_cmake_export_definitions-extras.cmake
[346.222s] -- Installing: /home/nvidia/workspace/alan/src/AMR_ros2_slam_nav2/install/smac_planner/share/smac_planner/cmake/smac_plannerConfig.cmake
[346.222s] -- Installing: /home/nvidia/workspace/alan/src/AMR_ros2_slam_nav2/install/smac_planner/share/smac_planner/cmake/smac_plannerConfig-version.cmake
[346.222s] -- Installing: /home/nvidia/workspace/alan/src/AMR_ros2_slam_nav2/install/smac_planner/share/smac_planner/package.xml
[346.237s] Invoked command in '/home/nvidia/workspace/alan/src/AMR_ros2_slam_nav2/build/smac_planner' returned '0': AMENT_PREFIX_PATH=/home/nvidia/workspace/alan/src/AMR_ros2_slam_nav2/install/nav2_core:/home/nvidia/workspace/alan/src/AMR_ros2_slam_nav2/install/nav2_costmap_2d:/home/nvidia/workspace/alan/src/AMR_ros2_slam_nav2/install/nav2_util:/home/nvidia/workspace/alan/src/AMR_ros2_slam_nav2/install/nav2_voxel_grid:/home/nvidia/workspace/alan/src/AMR_ros2_slam_nav2/install/nav2_msgs:/home/nvidia/workspace/alan/src/AMR_ros2_slam_nav2/install/nav2_common:${AMENT_PREFIX_PATH} CMAKE_PREFIX_PATH=/home/nvidia/workspace/alan/src/AMR_ros2_slam_nav2/install/nav2_core:/home/nvidia/workspace/alan/src/AMR_ros2_slam_nav2/install/nav2_costmap_2d:/home/nvidia/workspace/alan/src/AMR_ros2_slam_nav2/install/nav2_util:/home/nvidia/workspace/alan/src/AMR_ros2_slam_nav2/install/nav2_voxel_grid:/home/nvidia/workspace/alan/src/AMR_ros2_slam_nav2/install/nav2_msgs:/home/nvidia/workspace/alan/src/AMR_ros2_slam_nav2/install/nav2_common:${CMAKE_PREFIX_PATH} LD_LIBRARY_PATH=/home/nvidia/workspace/alan/src/AMR_ros2_slam_nav2/install/nav2_costmap_2d/lib:/home/nvidia/workspace/alan/src/AMR_ros2_slam_nav2/install/nav2_util/lib:/home/nvidia/workspace/alan/src/AMR_ros2_slam_nav2/install/nav2_voxel_grid/lib:/home/nvidia/workspace/alan/src/AMR_ros2_slam_nav2/install/nav2_msgs/lib:/home/workspace/ros2/install/opt/yaml_cpp_vendor/lib:/home/workspace/ros2/install/opt/rviz_ogre_vendor/lib:/home/workspace/ros2/install/lib:/usr/local/cuda-10.2/lib64 PYTHONPATH=/home/nvidia/workspace/alan/src/AMR_ros2_slam_nav2/install/nav2_msgs/lib/python3.6/site-packages:/home/nvidia/workspace/alan/src/AMR_ros2_slam_nav2/install/nav2_common/lib/python3.6/site-packages:/home/workspace/ros2/install/lib/python3.6/site-packages:/usr/local/lib:/usr/local/cuda/bin /usr/local/bin/cmake --install /home/nvidia/workspace/alan/src/AMR_ros2_slam_nav2/build/smac_planner
