[0.488s] Invoking command in '/home/nvidia/workspace/alan/src/AMR_ros2_slam_nav2/build/nav2_common': CMAKE_PREFIX_PATH=${CMAKE_PREFIX_PATH}:/home/nvidia/workspace/alan/AMR/install/turtlebot3_teleop:/home/nvidia/workspace/alan/AMR/install/turtlebot3_example:/home/nvidia/workspace/alan/AMR/install/opencv_tests:/home/nvidia/workspace/alan/AMR/install/nav2_gazebo_spawner /usr/local/bin/cmake --build /home/nvidia/workspace/alan/src/AMR_ros2_slam_nav2/build/nav2_common -- -j8 -l8
[0.690s] Invoked command in '/home/nvidia/workspace/alan/src/AMR_ros2_slam_nav2/build/nav2_common' returned '0': CMAKE_PREFIX_PATH=${CMAKE_PREFIX_PATH}:/home/nvidia/workspace/alan/AMR/install/turtlebot3_teleop:/home/nvidia/workspace/alan/AMR/install/turtlebot3_example:/home/nvidia/workspace/alan/AMR/install/opencv_tests:/home/nvidia/workspace/alan/AMR/install/nav2_gazebo_spawner /usr/local/bin/cmake --build /home/nvidia/workspace/alan/src/AMR_ros2_slam_nav2/build/nav2_common -- -j8 -l8
[0.920s] Invoking command in '/home/nvidia/workspace/alan/src/AMR_ros2_slam_nav2/build/nav2_common': CMAKE_PREFIX_PATH=${CMAKE_PREFIX_PATH}:/home/nvidia/workspace/alan/AMR/install/turtlebot3_teleop:/home/nvidia/workspace/alan/AMR/install/turtlebot3_example:/home/nvidia/workspace/alan/AMR/install/opencv_tests:/home/nvidia/workspace/alan/AMR/install/nav2_gazebo_spawner /usr/local/bin/cmake --install /home/nvidia/workspace/alan/src/AMR_ros2_slam_nav2/build/nav2_common
[0.957s] -- Install configuration: ""
[0.968s] -- Up-to-date: /home/nvidia/workspace/alan/src/AMR_ros2_slam_nav2/install/nav2_common/share/nav2_common/environment/pythonpath.sh
[0.970s] -- Up-to-date: /home/nvidia/workspace/alan/src/AMR_ros2_slam_nav2/install/nav2_common/share/nav2_common/environment/pythonpath.dsv
[0.971s] -- Up-to-date: /home/nvidia/workspace/alan/src/AMR_ros2_slam_nav2/install/nav2_common/lib/python3.6/site-packages/nav2_common
[0.972s] -- Up-to-date: /home/nvidia/workspace/alan/src/AMR_ros2_slam_nav2/install/nav2_common/lib/python3.6/site-packages/nav2_common/__init__.py
[0.972s] -- Up-to-date: /home/nvidia/workspace/alan/src/AMR_ros2_slam_nav2/install/nav2_common/lib/python3.6/site-packages/nav2_common/launch
[0.972s] -- Up-to-date: /home/nvidia/workspace/alan/src/AMR_ros2_slam_nav2/install/nav2_common/lib/python3.6/site-packages/nav2_common/launch/__init__.py
[0.973s] -- Up-to-date: /home/nvidia/workspace/alan/src/AMR_ros2_slam_nav2/install/nav2_common/lib/python3.6/site-packages/nav2_common/launch/has_node_params.py
[0.973s] -- Up-to-date: /home/nvidia/workspace/alan/src/AMR_ros2_slam_nav2/install/nav2_common/lib/python3.6/site-packages/nav2_common/launch/rewritten_yaml.py
[0.973s] -- Up-to-date: /home/nvidia/workspace/alan/src/AMR_ros2_slam_nav2/install/nav2_common/lib/python3.6/site-packages/nav2_common/launch/replace_string.py
[1.363s] Listing '/home/nvidia/workspace/alan/src/AMR_ros2_slam_nav2/install/nav2_common/lib/python3.6/site-packages/nav2_common'...
[1.365s] Listing '/home/nvidia/workspace/alan/src/AMR_ros2_slam_nav2/install/nav2_common/lib/python3.6/site-packages/nav2_common/launch'...
[1.388s] -- Up-to-date: /home/nvidia/workspace/alan/src/AMR_ros2_slam_nav2/install/nav2_common/share/ament_index/resource_index/package_run_dependencies/nav2_common
[1.389s] -- Up-to-date: /home/nvidia/workspace/alan/src/AMR_ros2_slam_nav2/install/nav2_common/share/ament_index/resource_index/parent_prefix_path/nav2_common
[1.389s] -- Up-to-date: /home/nvidia/workspace/alan/src/AMR_ros2_slam_nav2/install/nav2_common/share/nav2_common/environment/ament_prefix_path.sh
[1.389s] -- Up-to-date: /home/nvidia/workspace/alan/src/AMR_ros2_slam_nav2/install/nav2_common/share/nav2_common/environment/ament_prefix_path.dsv
[1.390s] -- Up-to-date: /home/nvidia/workspace/alan/src/AMR_ros2_slam_nav2/install/nav2_common/share/nav2_common/environment/path.sh
[1.390s] -- Up-to-date: /home/nvidia/workspace/alan/src/AMR_ros2_slam_nav2/install/nav2_common/share/nav2_common/environment/path.dsv
[1.391s] -- Up-to-date: /home/nvidia/workspace/alan/src/AMR_ros2_slam_nav2/install/nav2_common/share/nav2_common/local_setup.bash
[1.391s] -- Up-to-date: /home/nvidia/workspace/alan/src/AMR_ros2_slam_nav2/install/nav2_common/share/nav2_common/local_setup.sh
[1.391s] -- Up-to-date: /home/nvidia/workspace/alan/src/AMR_ros2_slam_nav2/install/nav2_common/share/nav2_common/local_setup.zsh
[1.392s] -- Up-to-date: /home/nvidia/workspace/alan/src/AMR_ros2_slam_nav2/install/nav2_common/share/nav2_common/local_setup.dsv
[1.394s] -- Up-to-date: /home/nvidia/workspace/alan/src/AMR_ros2_slam_nav2/install/nav2_common/share/nav2_common/package.dsv
[1.396s] -- Up-to-date: /home/nvidia/workspace/alan/src/AMR_ros2_slam_nav2/install/nav2_common/share/ament_index/resource_index/packages/nav2_common
[1.403s] -- Up-to-date: /home/nvidia/workspace/alan/src/AMR_ros2_slam_nav2/install/nav2_common/share/nav2_common/cmake/nav2_common-extras.cmake
[1.407s] -- Up-to-date: /home/nvidia/workspace/alan/src/AMR_ros2_slam_nav2/install/nav2_common/share/nav2_common/cmake/nav2_commonConfig.cmake
[1.413s] -- Up-to-date: /home/nvidia/workspace/alan/src/AMR_ros2_slam_nav2/install/nav2_common/share/nav2_common/cmake/nav2_commonConfig-version.cmake
[1.414s] -- Up-to-date: /home/nvidia/workspace/alan/src/AMR_ros2_slam_nav2/install/nav2_common/share/nav2_common/package.xml
[1.415s] -- Up-to-date: /home/nvidia/workspace/alan/src/AMR_ros2_slam_nav2/install/nav2_common/share/nav2_common/cmake
[1.415s] -- Up-to-date: /home/nvidia/workspace/alan/src/AMR_ros2_slam_nav2/install/nav2_common/share/nav2_common/cmake/nav2_package.cmake
[1.440s] Invoked command in '/home/nvidia/workspace/alan/src/AMR_ros2_slam_nav2/build/nav2_common' returned '0': CMAKE_PREFIX_PATH=${CMAKE_PREFIX_PATH}:/home/nvidia/workspace/alan/AMR/install/turtlebot3_teleop:/home/nvidia/workspace/alan/AMR/install/turtlebot3_example:/home/nvidia/workspace/alan/AMR/install/opencv_tests:/home/nvidia/workspace/alan/AMR/install/nav2_gazebo_spawner /usr/local/bin/cmake --install /home/nvidia/workspace/alan/src/AMR_ros2_slam_nav2/build/nav2_common
