[100%] Built target camera_info_manager
-- Install configuration: ""
-- Installing: /home/nvidia/workspace/alan/src/AMR_ros2_slam_nav2/install/camera_info_manager/lib/libcamera_info_manager.so
-- Set runtime path of "/home/nvidia/workspace/alan/src/AMR_ros2_slam_nav2/install/camera_info_manager/lib/libcamera_info_manager.so" to ""
-- Installing: /home/nvidia/workspace/alan/src/AMR_ros2_slam_nav2/install/camera_info_manager/include
-- Installing: /home/nvidia/workspace/alan/src/AMR_ros2_slam_nav2/install/camera_info_manager/include/camera_info_manager
-- Installing: /home/nvidia/workspace/alan/src/AMR_ros2_slam_nav2/install/camera_info_manager/include/camera_info_manager/camera_info_manager.hpp
-- Installing: /home/nvidia/workspace/alan/src/AMR_ros2_slam_nav2/install/camera_info_manager/include/camera_info_manager/visibility_control.h
-- Installing: /home/nvidia/workspace/alan/src/AMR_ros2_slam_nav2/install/camera_info_manager/include/camera_info_manager/camera_info_manager.h
-- Installing: /home/nvidia/workspace/alan/src/AMR_ros2_slam_nav2/install/camera_info_manager/share/camera_info_manager/environment/library_path.sh
-- Installing: /home/nvidia/workspace/alan/src/AMR_ros2_slam_nav2/install/camera_info_manager/share/camera_info_manager/environment/library_path.dsv
-- Installing: /home/nvidia/workspace/alan/src/AMR_ros2_slam_nav2/install/camera_info_manager/share/ament_index/resource_index/package_run_dependencies/camera_info_manager
-- Installing: /home/nvidia/workspace/alan/src/AMR_ros2_slam_nav2/install/camera_info_manager/share/ament_index/resource_index/parent_prefix_path/camera_info_manager
-- Installing: /home/nvidia/workspace/alan/src/AMR_ros2_slam_nav2/install/camera_info_manager/share/camera_info_manager/environment/ament_prefix_path.sh
-- Installing: /home/nvidia/workspace/alan/src/AMR_ros2_slam_nav2/install/camera_info_manager/share/camera_info_manager/environment/ament_prefix_path.dsv
-- Installing: /home/nvidia/workspace/alan/src/AMR_ros2_slam_nav2/install/camera_info_manager/share/camera_info_manager/environment/path.sh
-- Installing: /home/nvidia/workspace/alan/src/AMR_ros2_slam_nav2/install/camera_info_manager/share/camera_info_manager/environment/path.dsv
-- Installing: /home/nvidia/workspace/alan/src/AMR_ros2_slam_nav2/install/camera_info_manager/share/camera_info_manager/local_setup.bash
-- Installing: /home/nvidia/workspace/alan/src/AMR_ros2_slam_nav2/install/camera_info_manager/share/camera_info_manager/local_setup.sh
-- Installing: /home/nvidia/workspace/alan/src/AMR_ros2_slam_nav2/install/camera_info_manager/share/camera_info_manager/local_setup.zsh
-- Installing: /home/nvidia/workspace/alan/src/AMR_ros2_slam_nav2/install/camera_info_manager/share/camera_info_manager/local_setup.dsv
-- Installing: /home/nvidia/workspace/alan/src/AMR_ros2_slam_nav2/install/camera_info_manager/share/camera_info_manager/package.dsv
-- Installing: /home/nvidia/workspace/alan/src/AMR_ros2_slam_nav2/install/camera_info_manager/share/ament_index/resource_index/packages/camera_info_manager
-- Installing: /home/nvidia/workspace/alan/src/AMR_ros2_slam_nav2/install/camera_info_manager/share/camera_info_manager/cmake/ament_cmake_export_include_directories-extras.cmake
-- Installing: /home/nvidia/workspace/alan/src/AMR_ros2_slam_nav2/install/camera_info_manager/share/camera_info_manager/cmake/ament_cmake_export_dependencies-extras.cmake
-- Installing: /home/nvidia/workspace/alan/src/AMR_ros2_slam_nav2/install/camera_info_manager/share/camera_info_manager/cmake/ament_cmake_export_libraries-extras.cmake
-- Installing: /home/nvidia/workspace/alan/src/AMR_ros2_slam_nav2/install/camera_info_manager/share/camera_info_manager/cmake/camera_info_managerConfig.cmake
-- Installing: /home/nvidia/workspace/alan/src/AMR_ros2_slam_nav2/install/camera_info_manager/share/camera_info_manager/cmake/camera_info_managerConfig-version.cmake
-- Installing: /home/nvidia/workspace/alan/src/AMR_ros2_slam_nav2/install/camera_info_manager/share/camera_info_manager/package.xml
