[0.422s] Invoking command in '/home/nvidia/workspace/alan/src/AMR_ros2_slam_nav2/build/pcl_msgs': CMAKE_PREFIX_PATH=${CMAKE_PREFIX_PATH}:/home/nvidia/workspace/alan/src/AMR_ros2_slam_nav2/install/turtlebot3_teleop:/home/nvidia/workspace/alan/src/AMR_ros2_slam_nav2/install/turtlebot3_example:/home/nvidia/workspace/alan/src/AMR_ros2_slam_nav2/install/opencv_tests:/home/nvidia/workspace/alan/src/AMR_ros2_slam_nav2/install/nav2_gazebo_spawner:/home/nvidia/workspace/alan/AMR/install/turtlebot3_teleop:/home/nvidia/workspace/alan/AMR/install/turtlebot3_example:/home/nvidia/workspace/alan/AMR/install/opencv_tests:/home/nvidia/workspace/alan/AMR/install/nav2_gazebo_spawner /usr/local/bin/cmake --build /home/nvidia/workspace/alan/src/AMR_ros2_slam_nav2/build/pcl_msgs -- -j8 -l8
[0.588s] [  1%] Built target pcl_msgs__cpp
[0.676s] [ 12%] Built target pcl_msgs__rosidl_generator_c
[0.726s] [ 23%] Built target pcl_msgs__rosidl_typesupport_fastrtps_cpp
[0.763s] [ 34%] Built target pcl_msgs__rosidl_typesupport_introspection_cpp
[0.772s] [ 46%] Built target pcl_msgs__rosidl_typesupport_cpp
[0.858s] [ 57%] Built target pcl_msgs__rosidl_typesupport_introspection_c
[0.892s] [ 68%] Built target pcl_msgs__rosidl_typesupport_c
[0.946s] [ 79%] Built target pcl_msgs__rosidl_typesupport_fastrtps_c
[1.011s] [ 79%] Built target pcl_msgs
[1.091s] [ 80%] Built target pcl_msgs__py
[1.180s] [ 90%] Built target pcl_msgs__python
[1.276s] [ 93%] Built target pcl_msgs__rosidl_typesupport_introspection_c__pyext
[1.295s] [ 96%] Built target pcl_msgs__rosidl_typesupport_fastrtps_c__pyext
[1.298s] [100%] Built target pcl_msgs__rosidl_typesupport_c__pyext
[1.384s] Invoked command in '/home/nvidia/workspace/alan/src/AMR_ros2_slam_nav2/build/pcl_msgs' returned '0': CMAKE_PREFIX_PATH=${CMAKE_PREFIX_PATH}:/home/nvidia/workspace/alan/src/AMR_ros2_slam_nav2/install/turtlebot3_teleop:/home/nvidia/workspace/alan/src/AMR_ros2_slam_nav2/install/turtlebot3_example:/home/nvidia/workspace/alan/src/AMR_ros2_slam_nav2/install/opencv_tests:/home/nvidia/workspace/alan/src/AMR_ros2_slam_nav2/install/nav2_gazebo_spawner:/home/nvidia/workspace/alan/AMR/install/turtlebot3_teleop:/home/nvidia/workspace/alan/AMR/install/turtlebot3_example:/home/nvidia/workspace/alan/AMR/install/opencv_tests:/home/nvidia/workspace/alan/AMR/install/nav2_gazebo_spawner /usr/local/bin/cmake --build /home/nvidia/workspace/alan/src/AMR_ros2_slam_nav2/build/pcl_msgs -- -j8 -l8
[3.503s] Invoking command in '/home/nvidia/workspace/alan/src/AMR_ros2_slam_nav2/build/pcl_msgs': CMAKE_PREFIX_PATH=${CMAKE_PREFIX_PATH}:/home/nvidia/workspace/alan/src/AMR_ros2_slam_nav2/install/turtlebot3_teleop:/home/nvidia/workspace/alan/src/AMR_ros2_slam_nav2/install/turtlebot3_example:/home/nvidia/workspace/alan/src/AMR_ros2_slam_nav2/install/opencv_tests:/home/nvidia/workspace/alan/src/AMR_ros2_slam_nav2/install/nav2_gazebo_spawner:/home/nvidia/workspace/alan/AMR/install/turtlebot3_teleop:/home/nvidia/workspace/alan/AMR/install/turtlebot3_example:/home/nvidia/workspace/alan/AMR/install/opencv_tests:/home/nvidia/workspace/alan/AMR/install/nav2_gazebo_spawner /usr/local/bin/cmake --install /home/nvidia/workspace/alan/src/AMR_ros2_slam_nav2/build/pcl_msgs
[3.534s] -- Install configuration: ""
[3.536s] -- Installing: /home/nvidia/workspace/alan/src/AMR_ros2_slam_nav2/install/pcl_msgs/share/ament_index/resource_index/rosidl_interfaces/pcl_msgs
[3.537s] -- Installing: /home/nvidia/workspace/alan/src/AMR_ros2_slam_nav2/install/pcl_msgs/include/pcl_msgs
[3.538s] -- Installing: /home/nvidia/workspace/alan/src/AMR_ros2_slam_nav2/install/pcl_msgs/include/pcl_msgs/srv
[3.538s] -- Installing: /home/nvidia/workspace/alan/src/AMR_ros2_slam_nav2/install/pcl_msgs/include/pcl_msgs/srv/update_filename.h
[3.540s] -- Installing: /home/nvidia/workspace/alan/src/AMR_ros2_slam_nav2/install/pcl_msgs/include/pcl_msgs/srv/detail
[3.540s] -- Installing: /home/nvidia/workspace/alan/src/AMR_ros2_slam_nav2/install/pcl_msgs/include/pcl_msgs/srv/detail/update_filename__functions.h
[3.541s] -- Installing: /home/nvidia/workspace/alan/src/AMR_ros2_slam_nav2/install/pcl_msgs/include/pcl_msgs/srv/detail/update_filename__functions.c
[3.544s] -- Installing: /home/nvidia/workspace/alan/src/AMR_ros2_slam_nav2/install/pcl_msgs/include/pcl_msgs/srv/detail/update_filename__type_support.h
[3.544s] -- Installing: /home/nvidia/workspace/alan/src/AMR_ros2_slam_nav2/install/pcl_msgs/include/pcl_msgs/srv/detail/update_filename__struct.h
[3.544s] -- Installing: /home/nvidia/workspace/alan/src/AMR_ros2_slam_nav2/install/pcl_msgs/include/pcl_msgs/msg
[3.545s] -- Installing: /home/nvidia/workspace/alan/src/AMR_ros2_slam_nav2/install/pcl_msgs/include/pcl_msgs/msg/model_coefficients.h
[3.545s] -- Installing: /home/nvidia/workspace/alan/src/AMR_ros2_slam_nav2/install/pcl_msgs/include/pcl_msgs/msg/vertices.h
[3.546s] -- Installing: /home/nvidia/workspace/alan/src/AMR_ros2_slam_nav2/install/pcl_msgs/include/pcl_msgs/msg/detail
[3.546s] -- Installing: /home/nvidia/workspace/alan/src/AMR_ros2_slam_nav2/install/pcl_msgs/include/pcl_msgs/msg/detail/point_indices__functions.c
[3.547s] -- Installing: /home/nvidia/workspace/alan/src/AMR_ros2_slam_nav2/install/pcl_msgs/include/pcl_msgs/msg/detail/vertices__functions.c
[3.548s] -- Installing: /home/nvidia/workspace/alan/src/AMR_ros2_slam_nav2/install/pcl_msgs/include/pcl_msgs/msg/detail/vertices__functions.h
[3.550s] -- Installing: /home/nvidia/workspace/alan/src/AMR_ros2_slam_nav2/install/pcl_msgs/include/pcl_msgs/msg/detail/model_coefficients__functions.c
[3.553s] -- Installing: /home/nvidia/workspace/alan/src/AMR_ros2_slam_nav2/install/pcl_msgs/include/pcl_msgs/msg/detail/polygon_mesh__functions.c
[3.554s] -- Installing: /home/nvidia/workspace/alan/src/AMR_ros2_slam_nav2/install/pcl_msgs/include/pcl_msgs/msg/detail/polygon_mesh__struct.h
[3.555s] -- Installing: /home/nvidia/workspace/alan/src/AMR_ros2_slam_nav2/install/pcl_msgs/include/pcl_msgs/msg/detail/model_coefficients__type_support.h
[3.557s] -- Installing: /home/nvidia/workspace/alan/src/AMR_ros2_slam_nav2/install/pcl_msgs/include/pcl_msgs/msg/detail/vertices__struct.h
[3.558s] -- Installing: /home/nvidia/workspace/alan/src/AMR_ros2_slam_nav2/install/pcl_msgs/include/pcl_msgs/msg/detail/polygon_mesh__functions.h
[3.558s] -- Installing: /home/nvidia/workspace/alan/src/AMR_ros2_slam_nav2/install/pcl_msgs/include/pcl_msgs/msg/detail/point_indices__type_support.h
[3.558s] -- Installing: /home/nvidia/workspace/alan/src/AMR_ros2_slam_nav2/install/pcl_msgs/include/pcl_msgs/msg/detail/polygon_mesh__type_support.h
[3.559s] -- Installing: /home/nvidia/workspace/alan/src/AMR_ros2_slam_nav2/install/pcl_msgs/include/pcl_msgs/msg/detail/vertices__type_support.h
[3.559s] -- Installing: /home/nvidia/workspace/alan/src/AMR_ros2_slam_nav2/install/pcl_msgs/include/pcl_msgs/msg/detail/point_indices__functions.h
[3.559s] -- Installing: /home/nvidia/workspace/alan/src/AMR_ros2_slam_nav2/install/pcl_msgs/include/pcl_msgs/msg/detail/model_coefficients__struct.h
[3.561s] -- Installing: /home/nvidia/workspace/alan/src/AMR_ros2_slam_nav2/install/pcl_msgs/include/pcl_msgs/msg/detail/point_indices__struct.h
[3.561s] -- Installing: /home/nvidia/workspace/alan/src/AMR_ros2_slam_nav2/install/pcl_msgs/include/pcl_msgs/msg/detail/model_coefficients__functions.h
[3.565s] -- Installing: /home/nvidia/workspace/alan/src/AMR_ros2_slam_nav2/install/pcl_msgs/include/pcl_msgs/msg/rosidl_generator_c__visibility_control.h
[3.565s] -- Installing: /home/nvidia/workspace/alan/src/AMR_ros2_slam_nav2/install/pcl_msgs/include/pcl_msgs/msg/polygon_mesh.h
[3.566s] -- Installing: /home/nvidia/workspace/alan/src/AMR_ros2_slam_nav2/install/pcl_msgs/include/pcl_msgs/msg/point_indices.h
[3.566s] -- Installing: /home/nvidia/workspace/alan/src/AMR_ros2_slam_nav2/install/pcl_msgs/share/pcl_msgs/environment/library_path.sh
[3.567s] -- Installing: /home/nvidia/workspace/alan/src/AMR_ros2_slam_nav2/install/pcl_msgs/share/pcl_msgs/environment/library_path.dsv
[3.567s] -- Installing: /home/nvidia/workspace/alan/src/AMR_ros2_slam_nav2/install/pcl_msgs/lib/libpcl_msgs__rosidl_generator_c.so
[3.567s] -- Set runtime path of "/home/nvidia/workspace/alan/src/AMR_ros2_slam_nav2/install/pcl_msgs/lib/libpcl_msgs__rosidl_generator_c.so" to ""
[3.568s] -- Up-to-date: /home/nvidia/workspace/alan/src/AMR_ros2_slam_nav2/install/pcl_msgs/include/pcl_msgs
[3.568s] -- Up-to-date: /home/nvidia/workspace/alan/src/AMR_ros2_slam_nav2/install/pcl_msgs/include/pcl_msgs/srv
[3.568s] -- Up-to-date: /home/nvidia/workspace/alan/src/AMR_ros2_slam_nav2/install/pcl_msgs/include/pcl_msgs/srv/detail
[3.569s] -- Installing: /home/nvidia/workspace/alan/src/AMR_ros2_slam_nav2/install/pcl_msgs/include/pcl_msgs/srv/detail/update_filename__rosidl_typesupport_fastrtps_c.h
[3.570s] -- Up-to-date: /home/nvidia/workspace/alan/src/AMR_ros2_slam_nav2/install/pcl_msgs/include/pcl_msgs/msg
[3.573s] -- Up-to-date: /home/nvidia/workspace/alan/src/AMR_ros2_slam_nav2/install/pcl_msgs/include/pcl_msgs/msg/detail
[3.573s] -- Installing: /home/nvidia/workspace/alan/src/AMR_ros2_slam_nav2/install/pcl_msgs/include/pcl_msgs/msg/detail/model_coefficients__rosidl_typesupport_fastrtps_c.h
[3.574s] -- Installing: /home/nvidia/workspace/alan/src/AMR_ros2_slam_nav2/install/pcl_msgs/include/pcl_msgs/msg/detail/vertices__rosidl_typesupport_fastrtps_c.h
[3.574s] -- Installing: /home/nvidia/workspace/alan/src/AMR_ros2_slam_nav2/install/pcl_msgs/include/pcl_msgs/msg/detail/polygon_mesh__rosidl_typesupport_fastrtps_c.h
[3.593s] -- Installing: /home/nvidia/workspace/alan/src/AMR_ros2_slam_nav2/install/pcl_msgs/include/pcl_msgs/msg/detail/point_indices__rosidl_typesupport_fastrtps_c.h
[3.594s] -- Installing: /home/nvidia/workspace/alan/src/AMR_ros2_slam_nav2/install/pcl_msgs/include/pcl_msgs/msg/rosidl_typesupport_fastrtps_c__visibility_control.h
[3.599s] -- Installing: /home/nvidia/workspace/alan/src/AMR_ros2_slam_nav2/install/pcl_msgs/lib/libpcl_msgs__rosidl_typesupport_fastrtps_c.so
[3.601s] -- Set runtime path of "/home/nvidia/workspace/alan/src/AMR_ros2_slam_nav2/install/pcl_msgs/lib/libpcl_msgs__rosidl_typesupport_fastrtps_c.so" to ""
[3.609s] -- Up-to-date: /home/nvidia/workspace/alan/src/AMR_ros2_slam_nav2/install/pcl_msgs/include/pcl_msgs
[3.611s] -- Up-to-date: /home/nvidia/workspace/alan/src/AMR_ros2_slam_nav2/install/pcl_msgs/include/pcl_msgs/srv
[3.613s] -- Up-to-date: /home/nvidia/workspace/alan/src/AMR_ros2_slam_nav2/install/pcl_msgs/include/pcl_msgs/srv/detail
[3.616s] -- Installing: /home/nvidia/workspace/alan/src/AMR_ros2_slam_nav2/install/pcl_msgs/include/pcl_msgs/srv/detail/dds_fastrtps
[3.617s] -- Installing: /home/nvidia/workspace/alan/src/AMR_ros2_slam_nav2/install/pcl_msgs/include/pcl_msgs/srv/detail/update_filename__rosidl_typesupport_fastrtps_cpp.hpp
[3.620s] -- Up-to-date: /home/nvidia/workspace/alan/src/AMR_ros2_slam_nav2/install/pcl_msgs/include/pcl_msgs/msg
[3.622s] -- Up-to-date: /home/nvidia/workspace/alan/src/AMR_ros2_slam_nav2/install/pcl_msgs/include/pcl_msgs/msg/detail
[3.623s] -- Installing: /home/nvidia/workspace/alan/src/AMR_ros2_slam_nav2/install/pcl_msgs/include/pcl_msgs/msg/detail/model_coefficients__rosidl_typesupport_fastrtps_cpp.hpp
[3.624s] -- Installing: /home/nvidia/workspace/alan/src/AMR_ros2_slam_nav2/install/pcl_msgs/include/pcl_msgs/msg/detail/vertices__rosidl_typesupport_fastrtps_cpp.hpp
[3.624s] -- Installing: /home/nvidia/workspace/alan/src/AMR_ros2_slam_nav2/install/pcl_msgs/include/pcl_msgs/msg/detail/point_indices__rosidl_typesupport_fastrtps_cpp.hpp
[3.625s] -- Installing: /home/nvidia/workspace/alan/src/AMR_ros2_slam_nav2/install/pcl_msgs/include/pcl_msgs/msg/detail/dds_fastrtps
[3.631s] -- Installing: /home/nvidia/workspace/alan/src/AMR_ros2_slam_nav2/install/pcl_msgs/include/pcl_msgs/msg/detail/polygon_mesh__rosidl_typesupport_fastrtps_cpp.hpp
[3.634s] -- Installing: /home/nvidia/workspace/alan/src/AMR_ros2_slam_nav2/install/pcl_msgs/include/pcl_msgs/msg/rosidl_typesupport_fastrtps_cpp__visibility_control.h
[3.634s] -- Installing: /home/nvidia/workspace/alan/src/AMR_ros2_slam_nav2/install/pcl_msgs/lib/libpcl_msgs__rosidl_typesupport_fastrtps_cpp.so
[3.636s] -- Set runtime path of "/home/nvidia/workspace/alan/src/AMR_ros2_slam_nav2/install/pcl_msgs/lib/libpcl_msgs__rosidl_typesupport_fastrtps_cpp.so" to ""
[3.636s] -- Up-to-date: /home/nvidia/workspace/alan/src/AMR_ros2_slam_nav2/install/pcl_msgs/include/pcl_msgs
[3.637s] -- Up-to-date: /home/nvidia/workspace/alan/src/AMR_ros2_slam_nav2/install/pcl_msgs/include/pcl_msgs/srv
[3.639s] -- Up-to-date: /home/nvidia/workspace/alan/src/AMR_ros2_slam_nav2/install/pcl_msgs/include/pcl_msgs/srv/detail
[3.647s] -- Installing: /home/nvidia/workspace/alan/src/AMR_ros2_slam_nav2/install/pcl_msgs/include/pcl_msgs/srv/detail/update_filename__type_support.c
[3.652s] -- Installing: /home/nvidia/workspace/alan/src/AMR_ros2_slam_nav2/install/pcl_msgs/include/pcl_msgs/srv/detail/update_filename__rosidl_typesupport_introspection_c.h
[3.653s] -- Up-to-date: /home/nvidia/workspace/alan/src/AMR_ros2_slam_nav2/install/pcl_msgs/include/pcl_msgs/msg
[3.653s] -- Up-to-date: /home/nvidia/workspace/alan/src/AMR_ros2_slam_nav2/install/pcl_msgs/include/pcl_msgs/msg/detail
[3.654s] -- Installing: /home/nvidia/workspace/alan/src/AMR_ros2_slam_nav2/install/pcl_msgs/include/pcl_msgs/msg/detail/polygon_mesh__rosidl_typesupport_introspection_c.h
[3.654s] -- Installing: /home/nvidia/workspace/alan/src/AMR_ros2_slam_nav2/install/pcl_msgs/include/pcl_msgs/msg/detail/model_coefficients__rosidl_typesupport_introspection_c.h
[3.654s] -- Installing: /home/nvidia/workspace/alan/src/AMR_ros2_slam_nav2/install/pcl_msgs/include/pcl_msgs/msg/detail/model_coefficients__type_support.c
[3.655s] -- Installing: /home/nvidia/workspace/alan/src/AMR_ros2_slam_nav2/install/pcl_msgs/include/pcl_msgs/msg/detail/polygon_mesh__type_support.c
[3.655s] -- Installing: /home/nvidia/workspace/alan/src/AMR_ros2_slam_nav2/install/pcl_msgs/include/pcl_msgs/msg/detail/vertices__rosidl_typesupport_introspection_c.h
[3.656s] -- Installing: /home/nvidia/workspace/alan/src/AMR_ros2_slam_nav2/install/pcl_msgs/include/pcl_msgs/msg/detail/point_indices__rosidl_typesupport_introspection_c.h
[3.663s] -- Installing: /home/nvidia/workspace/alan/src/AMR_ros2_slam_nav2/install/pcl_msgs/include/pcl_msgs/msg/detail/point_indices__type_support.c
[3.666s] -- Installing: /home/nvidia/workspace/alan/src/AMR_ros2_slam_nav2/install/pcl_msgs/include/pcl_msgs/msg/detail/vertices__type_support.c
[3.667s] -- Installing: /home/nvidia/workspace/alan/src/AMR_ros2_slam_nav2/install/pcl_msgs/include/pcl_msgs/msg/rosidl_typesupport_introspection_c__visibility_control.h
[3.669s] -- Installing: /home/nvidia/workspace/alan/src/AMR_ros2_slam_nav2/install/pcl_msgs/lib/libpcl_msgs__rosidl_typesupport_introspection_c.so
[3.677s] -- Set runtime path of "/home/nvidia/workspace/alan/src/AMR_ros2_slam_nav2/install/pcl_msgs/lib/libpcl_msgs__rosidl_typesupport_introspection_c.so" to ""
[3.678s] -- Installing: /home/nvidia/workspace/alan/src/AMR_ros2_slam_nav2/install/pcl_msgs/lib/libpcl_msgs__rosidl_typesupport_c.so
[3.680s] -- Set runtime path of "/home/nvidia/workspace/alan/src/AMR_ros2_slam_nav2/install/pcl_msgs/lib/libpcl_msgs__rosidl_typesupport_c.so" to ""
[3.680s] -- Up-to-date: /home/nvidia/workspace/alan/src/AMR_ros2_slam_nav2/install/pcl_msgs/include/pcl_msgs
[3.681s] -- Up-to-date: /home/nvidia/workspace/alan/src/AMR_ros2_slam_nav2/install/pcl_msgs/include/pcl_msgs/srv
[3.681s] -- Up-to-date: /home/nvidia/workspace/alan/src/AMR_ros2_slam_nav2/install/pcl_msgs/include/pcl_msgs/srv/detail
[3.682s] -- Installing: /home/nvidia/workspace/alan/src/AMR_ros2_slam_nav2/install/pcl_msgs/include/pcl_msgs/srv/detail/update_filename__struct.hpp
[3.682s] -- Installing: /home/nvidia/workspace/alan/src/AMR_ros2_slam_nav2/install/pcl_msgs/include/pcl_msgs/srv/detail/update_filename__traits.hpp
[3.682s] -- Installing: /home/nvidia/workspace/alan/src/AMR_ros2_slam_nav2/install/pcl_msgs/include/pcl_msgs/srv/detail/update_filename__builder.hpp
[3.683s] -- Installing: /home/nvidia/workspace/alan/src/AMR_ros2_slam_nav2/install/pcl_msgs/include/pcl_msgs/srv/update_filename.hpp
[3.684s] -- Up-to-date: /home/nvidia/workspace/alan/src/AMR_ros2_slam_nav2/install/pcl_msgs/include/pcl_msgs/msg
[3.684s] -- Installing: /home/nvidia/workspace/alan/src/AMR_ros2_slam_nav2/install/pcl_msgs/include/pcl_msgs/msg/vertices.hpp
[3.685s] -- Installing: /home/nvidia/workspace/alan/src/AMR_ros2_slam_nav2/install/pcl_msgs/include/pcl_msgs/msg/point_indices.hpp
[3.685s] -- Up-to-date: /home/nvidia/workspace/alan/src/AMR_ros2_slam_nav2/install/pcl_msgs/include/pcl_msgs/msg/detail
[3.687s] -- Installing: /home/nvidia/workspace/alan/src/AMR_ros2_slam_nav2/install/pcl_msgs/include/pcl_msgs/msg/detail/polygon_mesh__traits.hpp
[3.689s] -- Installing: /home/nvidia/workspace/alan/src/AMR_ros2_slam_nav2/install/pcl_msgs/include/pcl_msgs/msg/detail/polygon_mesh__struct.hpp
[3.690s] -- Installing: /home/nvidia/workspace/alan/src/AMR_ros2_slam_nav2/install/pcl_msgs/include/pcl_msgs/msg/detail/point_indices__builder.hpp
[3.694s] -- Installing: /home/nvidia/workspace/alan/src/AMR_ros2_slam_nav2/install/pcl_msgs/include/pcl_msgs/msg/detail/model_coefficients__builder.hpp
[3.694s] -- Installing: /home/nvidia/workspace/alan/src/AMR_ros2_slam_nav2/install/pcl_msgs/include/pcl_msgs/msg/detail/model_coefficients__struct.hpp
[3.695s] -- Installing: /home/nvidia/workspace/alan/src/AMR_ros2_slam_nav2/install/pcl_msgs/include/pcl_msgs/msg/detail/point_indices__struct.hpp
[3.695s] -- Installing: /home/nvidia/workspace/alan/src/AMR_ros2_slam_nav2/install/pcl_msgs/include/pcl_msgs/msg/detail/vertices__builder.hpp
[3.696s] -- Installing: /home/nvidia/workspace/alan/src/AMR_ros2_slam_nav2/install/pcl_msgs/include/pcl_msgs/msg/detail/vertices__struct.hpp
[3.697s] -- Installing: /home/nvidia/workspace/alan/src/AMR_ros2_slam_nav2/install/pcl_msgs/include/pcl_msgs/msg/detail/point_indices__traits.hpp
[3.697s] -- Installing: /home/nvidia/workspace/alan/src/AMR_ros2_slam_nav2/install/pcl_msgs/include/pcl_msgs/msg/detail/model_coefficients__traits.hpp
[3.700s] -- Installing: /home/nvidia/workspace/alan/src/AMR_ros2_slam_nav2/install/pcl_msgs/include/pcl_msgs/msg/detail/polygon_mesh__builder.hpp
[3.701s] -- Installing: /home/nvidia/workspace/alan/src/AMR_ros2_slam_nav2/install/pcl_msgs/include/pcl_msgs/msg/detail/vertices__traits.hpp
[3.702s] -- Installing: /home/nvidia/workspace/alan/src/AMR_ros2_slam_nav2/install/pcl_msgs/include/pcl_msgs/msg/polygon_mesh.hpp
[3.702s] -- Installing: /home/nvidia/workspace/alan/src/AMR_ros2_slam_nav2/install/pcl_msgs/include/pcl_msgs/msg/model_coefficients.hpp
[3.704s] -- Up-to-date: /home/nvidia/workspace/alan/src/AMR_ros2_slam_nav2/install/pcl_msgs/include/pcl_msgs
[3.704s] -- Up-to-date: /home/nvidia/workspace/alan/src/AMR_ros2_slam_nav2/install/pcl_msgs/include/pcl_msgs/srv
[3.705s] -- Up-to-date: /home/nvidia/workspace/alan/src/AMR_ros2_slam_nav2/install/pcl_msgs/include/pcl_msgs/srv/detail
[3.705s] -- Installing: /home/nvidia/workspace/alan/src/AMR_ros2_slam_nav2/install/pcl_msgs/include/pcl_msgs/srv/detail/update_filename__rosidl_typesupport_introspection_cpp.hpp
[3.708s] -- Installing: /home/nvidia/workspace/alan/src/AMR_ros2_slam_nav2/install/pcl_msgs/include/pcl_msgs/srv/detail/update_filename__type_support.cpp
[3.709s] -- Up-to-date: /home/nvidia/workspace/alan/src/AMR_ros2_slam_nav2/install/pcl_msgs/include/pcl_msgs/msg
[3.709s] -- Up-to-date: /home/nvidia/workspace/alan/src/AMR_ros2_slam_nav2/install/pcl_msgs/include/pcl_msgs/msg/detail
[3.709s] -- Installing: /home/nvidia/workspace/alan/src/AMR_ros2_slam_nav2/install/pcl_msgs/include/pcl_msgs/msg/detail/vertices__type_support.cpp
[3.710s] -- Installing: /home/nvidia/workspace/alan/src/AMR_ros2_slam_nav2/install/pcl_msgs/include/pcl_msgs/msg/detail/model_coefficients__rosidl_typesupport_introspection_cpp.hpp
[3.710s] -- Installing: /home/nvidia/workspace/alan/src/AMR_ros2_slam_nav2/install/pcl_msgs/include/pcl_msgs/msg/detail/model_coefficients__type_support.cpp
[3.714s] -- Installing: /home/nvidia/workspace/alan/src/AMR_ros2_slam_nav2/install/pcl_msgs/include/pcl_msgs/msg/detail/polygon_mesh__rosidl_typesupport_introspection_cpp.hpp
[3.715s] -- Installing: /home/nvidia/workspace/alan/src/AMR_ros2_slam_nav2/install/pcl_msgs/include/pcl_msgs/msg/detail/point_indices__type_support.cpp
[3.720s] -- Installing: /home/nvidia/workspace/alan/src/AMR_ros2_slam_nav2/install/pcl_msgs/include/pcl_msgs/msg/detail/point_indices__rosidl_typesupport_introspection_cpp.hpp
[3.729s] -- Installing: /home/nvidia/workspace/alan/src/AMR_ros2_slam_nav2/install/pcl_msgs/include/pcl_msgs/msg/detail/vertices__rosidl_typesupport_introspection_cpp.hpp
[3.735s] -- Installing: /home/nvidia/workspace/alan/src/AMR_ros2_slam_nav2/install/pcl_msgs/include/pcl_msgs/msg/detail/polygon_mesh__type_support.cpp
[3.736s] -- Installing: /home/nvidia/workspace/alan/src/AMR_ros2_slam_nav2/install/pcl_msgs/lib/libpcl_msgs__rosidl_typesupport_introspection_cpp.so
[3.739s] -- Set runtime path of "/home/nvidia/workspace/alan/src/AMR_ros2_slam_nav2/install/pcl_msgs/lib/libpcl_msgs__rosidl_typesupport_introspection_cpp.so" to ""
[3.741s] -- Installing: /home/nvidia/workspace/alan/src/AMR_ros2_slam_nav2/install/pcl_msgs/lib/libpcl_msgs__rosidl_typesupport_cpp.so
[3.742s] -- Set runtime path of "/home/nvidia/workspace/alan/src/AMR_ros2_slam_nav2/install/pcl_msgs/lib/libpcl_msgs__rosidl_typesupport_cpp.so" to ""
[3.743s] -- Installing: /home/nvidia/workspace/alan/src/AMR_ros2_slam_nav2/install/pcl_msgs/share/pcl_msgs/environment/pythonpath.sh
[3.744s] -- Installing: /home/nvidia/workspace/alan/src/AMR_ros2_slam_nav2/install/pcl_msgs/share/pcl_msgs/environment/pythonpath.dsv
[3.744s] -- Installing: /home/nvidia/workspace/alan/src/AMR_ros2_slam_nav2/install/pcl_msgs/lib/python3.6/site-packages/pcl_msgs/__init__.py
[3.851s] Compiling '/home/nvidia/workspace/alan/src/AMR_ros2_slam_nav2/install/pcl_msgs/lib/python3.6/site-packages/pcl_msgs/__init__.py'...
[3.856s] -- Installing: /home/nvidia/workspace/alan/src/AMR_ros2_slam_nav2/install/pcl_msgs/lib/python3.6/site-packages/pcl_msgs/msg
[3.856s] -- Installing: /home/nvidia/workspace/alan/src/AMR_ros2_slam_nav2/install/pcl_msgs/lib/python3.6/site-packages/pcl_msgs/msg/_point_indices.py
[3.858s] -- Installing: /home/nvidia/workspace/alan/src/AMR_ros2_slam_nav2/install/pcl_msgs/lib/python3.6/site-packages/pcl_msgs/msg/__init__.py
[3.858s] -- Installing: /home/nvidia/workspace/alan/src/AMR_ros2_slam_nav2/install/pcl_msgs/lib/python3.6/site-packages/pcl_msgs/msg/_model_coefficients_s.c
[3.861s] -- Installing: /home/nvidia/workspace/alan/src/AMR_ros2_slam_nav2/install/pcl_msgs/lib/python3.6/site-packages/pcl_msgs/msg/_polygon_mesh.py
[3.861s] -- Installing: /home/nvidia/workspace/alan/src/AMR_ros2_slam_nav2/install/pcl_msgs/lib/python3.6/site-packages/pcl_msgs/msg/_vertices.py
[3.864s] -- Installing: /home/nvidia/workspace/alan/src/AMR_ros2_slam_nav2/install/pcl_msgs/lib/python3.6/site-packages/pcl_msgs/msg/_point_indices_s.c
[3.865s] -- Installing: /home/nvidia/workspace/alan/src/AMR_ros2_slam_nav2/install/pcl_msgs/lib/python3.6/site-packages/pcl_msgs/msg/_vertices_s.c
[3.867s] -- Installing: /home/nvidia/workspace/alan/src/AMR_ros2_slam_nav2/install/pcl_msgs/lib/python3.6/site-packages/pcl_msgs/msg/_polygon_mesh_s.c
[3.867s] -- Installing: /home/nvidia/workspace/alan/src/AMR_ros2_slam_nav2/install/pcl_msgs/lib/python3.6/site-packages/pcl_msgs/msg/_model_coefficients.py
[3.869s] -- Installing: /home/nvidia/workspace/alan/src/AMR_ros2_slam_nav2/install/pcl_msgs/lib/python3.6/site-packages/pcl_msgs/srv
[3.870s] -- Installing: /home/nvidia/workspace/alan/src/AMR_ros2_slam_nav2/install/pcl_msgs/lib/python3.6/site-packages/pcl_msgs/srv/__init__.py
[3.870s] -- Installing: /home/nvidia/workspace/alan/src/AMR_ros2_slam_nav2/install/pcl_msgs/lib/python3.6/site-packages/pcl_msgs/srv/_update_filename.py
[3.870s] -- Installing: /home/nvidia/workspace/alan/src/AMR_ros2_slam_nav2/install/pcl_msgs/lib/python3.6/site-packages/pcl_msgs/srv/_update_filename_s.c
[3.873s] -- Installing: /home/nvidia/workspace/alan/src/AMR_ros2_slam_nav2/install/pcl_msgs/lib/python3.6/site-packages/pcl_msgs/pcl_msgs_s__rosidl_typesupport_fastrtps_c.cpython-36m-aarch64-linux-gnu.so
[3.873s] -- Set runtime path of "/home/nvidia/workspace/alan/src/AMR_ros2_slam_nav2/install/pcl_msgs/lib/python3.6/site-packages/pcl_msgs/pcl_msgs_s__rosidl_typesupport_fastrtps_c.cpython-36m-aarch64-linux-gnu.so" to ""
[3.874s] -- Installing: /home/nvidia/workspace/alan/src/AMR_ros2_slam_nav2/install/pcl_msgs/lib/python3.6/site-packages/pcl_msgs/pcl_msgs_s__rosidl_typesupport_introspection_c.cpython-36m-aarch64-linux-gnu.so
[3.877s] -- Set runtime path of "/home/nvidia/workspace/alan/src/AMR_ros2_slam_nav2/install/pcl_msgs/lib/python3.6/site-packages/pcl_msgs/pcl_msgs_s__rosidl_typesupport_introspection_c.cpython-36m-aarch64-linux-gnu.so" to ""
[3.879s] -- Installing: /home/nvidia/workspace/alan/src/AMR_ros2_slam_nav2/install/pcl_msgs/lib/python3.6/site-packages/pcl_msgs/pcl_msgs_s__rosidl_typesupport_c.cpython-36m-aarch64-linux-gnu.so
[3.881s] -- Set runtime path of "/home/nvidia/workspace/alan/src/AMR_ros2_slam_nav2/install/pcl_msgs/lib/python3.6/site-packages/pcl_msgs/pcl_msgs_s__rosidl_typesupport_c.cpython-36m-aarch64-linux-gnu.so" to ""
[3.882s] -- Installing: /home/nvidia/workspace/alan/src/AMR_ros2_slam_nav2/install/pcl_msgs/lib/libpcl_msgs__python.so
[3.887s] -- Set runtime path of "/home/nvidia/workspace/alan/src/AMR_ros2_slam_nav2/install/pcl_msgs/lib/libpcl_msgs__python.so" to ""
[3.888s] -- Installing: /home/nvidia/workspace/alan/src/AMR_ros2_slam_nav2/install/pcl_msgs/share/pcl_msgs/msg/ModelCoefficients.idl
[3.889s] -- Installing: /home/nvidia/workspace/alan/src/AMR_ros2_slam_nav2/install/pcl_msgs/share/pcl_msgs/msg/PointIndices.idl
[3.892s] -- Installing: /home/nvidia/workspace/alan/src/AMR_ros2_slam_nav2/install/pcl_msgs/share/pcl_msgs/msg/PolygonMesh.idl
[3.894s] -- Installing: /home/nvidia/workspace/alan/src/AMR_ros2_slam_nav2/install/pcl_msgs/share/pcl_msgs/msg/Vertices.idl
[3.897s] -- Installing: /home/nvidia/workspace/alan/src/AMR_ros2_slam_nav2/install/pcl_msgs/share/pcl_msgs/srv/UpdateFilename.idl
[3.901s] -- Installing: /home/nvidia/workspace/alan/src/AMR_ros2_slam_nav2/install/pcl_msgs/share/pcl_msgs/msg/ModelCoefficients.msg
[3.909s] -- Installing: /home/nvidia/workspace/alan/src/AMR_ros2_slam_nav2/install/pcl_msgs/share/pcl_msgs/msg/PointIndices.msg
[3.909s] -- Installing: /home/nvidia/workspace/alan/src/AMR_ros2_slam_nav2/install/pcl_msgs/share/pcl_msgs/msg/PolygonMesh.msg
[3.910s] -- Installing: /home/nvidia/workspace/alan/src/AMR_ros2_slam_nav2/install/pcl_msgs/share/pcl_msgs/msg/Vertices.msg
[3.910s] -- Installing: /home/nvidia/workspace/alan/src/AMR_ros2_slam_nav2/install/pcl_msgs/share/pcl_msgs/srv/UpdateFilename.srv
[3.910s] -- Installing: /home/nvidia/workspace/alan/src/AMR_ros2_slam_nav2/install/pcl_msgs/share/pcl_msgs/srv/UpdateFilename_Request.msg
[3.911s] -- Installing: /home/nvidia/workspace/alan/src/AMR_ros2_slam_nav2/install/pcl_msgs/share/pcl_msgs/srv/UpdateFilename_Response.msg
[3.927s] -- Installing: /home/nvidia/workspace/alan/src/AMR_ros2_slam_nav2/install/pcl_msgs/share/ament_index/resource_index/package_run_dependencies/pcl_msgs
[3.928s] -- Installing: /home/nvidia/workspace/alan/src/AMR_ros2_slam_nav2/install/pcl_msgs/share/ament_index/resource_index/parent_prefix_path/pcl_msgs
[3.929s] -- Installing: /home/nvidia/workspace/alan/src/AMR_ros2_slam_nav2/install/pcl_msgs/share/pcl_msgs/environment/ament_prefix_path.sh
[3.930s] -- Installing: /home/nvidia/workspace/alan/src/AMR_ros2_slam_nav2/install/pcl_msgs/share/pcl_msgs/environment/ament_prefix_path.dsv
[3.930s] -- Installing: /home/nvidia/workspace/alan/src/AMR_ros2_slam_nav2/install/pcl_msgs/share/pcl_msgs/environment/path.sh
[3.933s] -- Installing: /home/nvidia/workspace/alan/src/AMR_ros2_slam_nav2/install/pcl_msgs/share/pcl_msgs/environment/path.dsv
[3.938s] -- Installing: /home/nvidia/workspace/alan/src/AMR_ros2_slam_nav2/install/pcl_msgs/share/pcl_msgs/local_setup.bash
[3.938s] -- Installing: /home/nvidia/workspace/alan/src/AMR_ros2_slam_nav2/install/pcl_msgs/share/pcl_msgs/local_setup.sh
[3.939s] -- Installing: /home/nvidia/workspace/alan/src/AMR_ros2_slam_nav2/install/pcl_msgs/share/pcl_msgs/local_setup.zsh
[3.942s] -- Installing: /home/nvidia/workspace/alan/src/AMR_ros2_slam_nav2/install/pcl_msgs/share/pcl_msgs/local_setup.dsv
[3.951s] -- Installing: /home/nvidia/workspace/alan/src/AMR_ros2_slam_nav2/install/pcl_msgs/share/pcl_msgs/package.dsv
[3.953s] -- Installing: /home/nvidia/workspace/alan/src/AMR_ros2_slam_nav2/install/pcl_msgs/share/ament_index/resource_index/packages/pcl_msgs
[3.953s] -- Installing: /home/nvidia/workspace/alan/src/AMR_ros2_slam_nav2/install/pcl_msgs/share/pcl_msgs/cmake/pcl_msgs__rosidl_generator_cExport.cmake
[3.953s] -- Installing: /home/nvidia/workspace/alan/src/AMR_ros2_slam_nav2/install/pcl_msgs/share/pcl_msgs/cmake/pcl_msgs__rosidl_generator_cExport-noconfig.cmake
[3.954s] -- Installing: /home/nvidia/workspace/alan/src/AMR_ros2_slam_nav2/install/pcl_msgs/share/pcl_msgs/cmake/pcl_msgs__rosidl_typesupport_introspection_cExport.cmake
[3.954s] -- Installing: /home/nvidia/workspace/alan/src/AMR_ros2_slam_nav2/install/pcl_msgs/share/pcl_msgs/cmake/pcl_msgs__rosidl_typesupport_introspection_cExport-noconfig.cmake
[3.954s] -- Installing: /home/nvidia/workspace/alan/src/AMR_ros2_slam_nav2/install/pcl_msgs/share/pcl_msgs/cmake/pcl_msgs__rosidl_typesupport_cExport.cmake
[3.955s] -- Installing: /home/nvidia/workspace/alan/src/AMR_ros2_slam_nav2/install/pcl_msgs/share/pcl_msgs/cmake/pcl_msgs__rosidl_typesupport_cExport-noconfig.cmake
[3.957s] -- Installing: /home/nvidia/workspace/alan/src/AMR_ros2_slam_nav2/install/pcl_msgs/share/pcl_msgs/cmake/pcl_msgs__rosidl_generator_cppExport.cmake
[3.957s] -- Installing: /home/nvidia/workspace/alan/src/AMR_ros2_slam_nav2/install/pcl_msgs/share/pcl_msgs/cmake/pcl_msgs__rosidl_typesupport_introspection_cppExport.cmake
[3.957s] -- Installing: /home/nvidia/workspace/alan/src/AMR_ros2_slam_nav2/install/pcl_msgs/share/pcl_msgs/cmake/pcl_msgs__rosidl_typesupport_introspection_cppExport-noconfig.cmake
[3.959s] -- Installing: /home/nvidia/workspace/alan/src/AMR_ros2_slam_nav2/install/pcl_msgs/share/pcl_msgs/cmake/pcl_msgs__rosidl_typesupport_cppExport.cmake
[3.959s] -- Installing: /home/nvidia/workspace/alan/src/AMR_ros2_slam_nav2/install/pcl_msgs/share/pcl_msgs/cmake/pcl_msgs__rosidl_typesupport_cppExport-noconfig.cmake
[3.961s] -- Installing: /home/nvidia/workspace/alan/src/AMR_ros2_slam_nav2/install/pcl_msgs/share/pcl_msgs/cmake/rosidl_cmake-extras.cmake
[3.963s] -- Installing: /home/nvidia/workspace/alan/src/AMR_ros2_slam_nav2/install/pcl_msgs/share/pcl_msgs/cmake/ament_cmake_export_dependencies-extras.cmake
[3.968s] -- Installing: /home/nvidia/workspace/alan/src/AMR_ros2_slam_nav2/install/pcl_msgs/share/pcl_msgs/cmake/ament_cmake_export_libraries-extras.cmake
[3.969s] -- Installing: /home/nvidia/workspace/alan/src/AMR_ros2_slam_nav2/install/pcl_msgs/share/pcl_msgs/cmake/ament_cmake_export_targets-extras.cmake
[3.970s] -- Installing: /home/nvidia/workspace/alan/src/AMR_ros2_slam_nav2/install/pcl_msgs/share/pcl_msgs/cmake/ament_cmake_export_include_directories-extras.cmake
[3.971s] -- Installing: /home/nvidia/workspace/alan/src/AMR_ros2_slam_nav2/install/pcl_msgs/share/pcl_msgs/cmake/rosidl_cmake_export_typesupport_libraries-extras.cmake
[3.973s] -- Installing: /home/nvidia/workspace/alan/src/AMR_ros2_slam_nav2/install/pcl_msgs/share/pcl_msgs/cmake/rosidl_cmake_export_typesupport_targets-extras.cmake
[3.973s] -- Installing: /home/nvidia/workspace/alan/src/AMR_ros2_slam_nav2/install/pcl_msgs/share/pcl_msgs/cmake/pcl_msgsConfig.cmake
[3.974s] -- Installing: /home/nvidia/workspace/alan/src/AMR_ros2_slam_nav2/install/pcl_msgs/share/pcl_msgs/cmake/pcl_msgsConfig-version.cmake
[3.975s] -- Installing: /home/nvidia/workspace/alan/src/AMR_ros2_slam_nav2/install/pcl_msgs/share/pcl_msgs/package.xml
[4.003s] Invoked command in '/home/nvidia/workspace/alan/src/AMR_ros2_slam_nav2/build/pcl_msgs' returned '0': CMAKE_PREFIX_PATH=${CMAKE_PREFIX_PATH}:/home/nvidia/workspace/alan/src/AMR_ros2_slam_nav2/install/turtlebot3_teleop:/home/nvidia/workspace/alan/src/AMR_ros2_slam_nav2/install/turtlebot3_example:/home/nvidia/workspace/alan/src/AMR_ros2_slam_nav2/install/opencv_tests:/home/nvidia/workspace/alan/src/AMR_ros2_slam_nav2/install/nav2_gazebo_spawner:/home/nvidia/workspace/alan/AMR/install/turtlebot3_teleop:/home/nvidia/workspace/alan/AMR/install/turtlebot3_example:/home/nvidia/workspace/alan/AMR/install/opencv_tests:/home/nvidia/workspace/alan/AMR/install/nav2_gazebo_spawner /usr/local/bin/cmake --install /home/nvidia/workspace/alan/src/AMR_ros2_slam_nav2/build/pcl_msgs
