[  1%] Built target gmock_main
[  1%] [34m[1mBuilding documentation.[0m
[  1%] Built target cartographer_detect_changes
[ 55%] Built target cartographer
[ 56%] Built target cartographer_test_library
[ 57%] Built target cartographer_compute_relations_metrics
[ 57%] Built target cartographer_migrate_serialization_format
[ 58%] Built target cartographer_autogenerate_ground_truth
[ 59%] Built target cartographer.mapping.3d.submap_3d_test
[ 59%] Built target cartographer.mapping.2d.submap_2d_test
[ 60%] Built target cartographer.io.proto_stream_deserializer_test
[ 61%] Built target cartographer.mapping.2d.xy_index_test
[ 62%] Built target cartographer.mapping.internal.2d.pose_graph_2d_test
[ 63%] Built target cartographer.sensor.point_cloud_test
[ 63%] Built target cartographer.mapping.3d.hybrid_grid_test
[ 63%] Built target cartographer.mapping.trajectory_node_test
[ 64%] Built target cartographer.mapping.imu_tracker_test
[ 64%] Built target cartographer.mapping.internal.constraints.constraint_builder_3d_test
[ 65%] Built target cartographer.common.lua_parameter_dictionary_test
[ 65%] Built target cartographer.io.proto_stream_test
[ 65%] Built target cartographer.mapping.2d.probability_grid_test
[ 65%] Built target cartographer.mapping.internal.optimization.optimization_problem_3d_test
[ 65%] Built target cartographer.common.math_test
[ 65%] Built target cartographer.mapping.internal.2d.overlapping_submaps_trimmer_2d_test
[ 65%] Built target cartographer.mapping.internal.2d.scan_matching.correlative_scan_matcher_test
[ 65%] Built target cartographer.mapping.internal.3d.scan_matching.real_time_correlative_scan_matcher_3d_test
[ 65%] Built target cartographer.sensor.internal.voxel_filter_test
[ 67%] Built target cartographer.io.internal.in_memory_proto_stream_test
[ 67%] Built target cartographer.common.blocking_queue_test
[ 67%] Built target cartographer.mapping.internal.trajectory_connectivity_state_test
[ 67%] Built target cartographer.mapping.id_test
[ 68%] Built target cartographer.common.lockless_queue_test
[ 69%] Built target cartographer.mapping.internal.3d.scan_matching.rotation_delta_cost_functor_3d_test
[ 69%] Built target cartographer.common.fixed_ratio_sampler_test
[ 70%] Built target cartographer.common.configuration_files_test
[ 71%] Built target cartographer.io.serialization_format_migration_test
[ 71%] Built target cartographer.sensor.internal.ordered_multi_queue_test
[ 72%] Built target cartographer.common.thread_pool_test
[ 73%] Built target cartographer.common.optional_test
[ 73%] Built target cartographer.mapping.internal.connected_components_test
[01mRunning Sphinx v1.6.7[39;49;00m
[ 74%] Built target cartographer.mapping.internal.3d.local_trajectory_builder_3d_test
[ 75%] Built target cartographer.common.task_test
[ 76%] Built target cartographer.mapping.2d.range_data_inserter_2d_test
[ 77%] Built target cartographer.mapping.internal.2d.scan_matching.fast_correlative_scan_matcher_2d_test
[ 78%] Built target cartographer.mapping.3d.range_data_inserter_3d_test
[ 79%] Built target cartographer.mapping.internal.3d.scan_matching.ceres_scan_matcher_3d_test
[ 79%] Built target cartographer.mapping.internal.3d.pose_graph_3d_test
[ 80%] Built target cartographer.mapping.internal.2d.scan_matching.ceres_scan_matcher_2d_test
[ 81%] Built target cartographer.mapping.internal.3d.scan_matching.fast_correlative_scan_matcher_3d_test
[ 81%] Built target cartographer.common.rate_timer_test
[ 82%] Built target cartographer.mapping.map_builder_test
[ 83%] Built target cartographer.mapping.internal.3d.scan_matching.precomputation_grid_3d_test
[ 84%] Built target cartographer.mapping.internal.range_data_collator_test
[ 85%] Built target cartographer.mapping.internal.motion_filter_test
[ 85%] Built target cartographer.mapping.probability_values_test
[ 86%] Built target cartographer.mapping.internal.3d.scan_matching.rotational_scan_matcher_test
[ 87%] Built target cartographer.mapping.internal.constraints.constraint_builder_2d_test
[ 87%] Built target cartographer.io.fake_file_writer_test
[ 88%] Built target cartographer.mapping.internal.optimization.cost_functions.spa_cost_function_2d_test
[ 88%] Built target cartographer.mapping.internal.optimization.cost_functions.landmark_cost_function_2d_test
[ 89%] Built target cartographer.mapping.pose_extrapolator_test
[ 90%] Built target cartographer.mapping.internal.optimization.cost_functions.landmark_cost_function_3d_test
[ 90%] Built target cartographer.mapping.pose_graph_test
[ 91%] Built target cartographer.mapping.pose_graph_trimmer_test
[ 92%] Built target cartographer.mapping.submaps_test
[ 93%] Built target cartographer.sensor.compressed_point_cloud_test
[ 94%] Built target cartographer.io.points_processor_pipeline_builder_test
[ 94%] Built target cartographer.sensor.internal.collator_test
[ 95%] Built target cartographer.sensor.internal.trajectory_collator_test
[ 95%] Built target cartographer.sensor.map_by_time_test
[ 95%] Built target cartographer.mapping.internal.2d.scan_matching.real_time_correlative_scan_matcher_2d_test
[ 96%] Built target cartographer.mapping.2d.map_limits_test
[ 96%] Built target cartographer.mapping.internal.3d.scan_matching.interpolated_grid_test
[ 96%] Built target cartographer.transform.transform_test
[ 97%] Built target cartographer.sensor.landmark_data_test
[ 98%] Built target cartographer.sensor.range_data_test
[100%] Built target cartographer.transform.transform_interpolation_buffer_test
[100%] Built target cartographer.transform.rigid_transform_test
[01mloading pickled environment... [39;49;00mdone
[01mbuilding [mo]: [39;49;00mtargets for 0 po files that are out of date
[01mbuilding [html][39;49;00m: targets for 0 source files that are out of date
[01mupdating environment: [39;49;00m0 added, 0 changed, 0 removed
[01mlooking for now-outdated files... [39;49;00mnone found
[01mno targets are out of date.[39;49;00m
[01mbuild succeeded.[39;49;00m
[100%] Built target build_doc
-- Install configuration: "Release"
-- Up-to-date: /home/nvidia/workspace/alan/src/AMR_ros2_slam_nav2/install/cartographer/share/cartographer/package.xml
-- Up-to-date: /home/nvidia/workspace/alan/src/AMR_ros2_slam_nav2/install/cartographer/share/cartographer//configuration_files
-- Up-to-date: /home/nvidia/workspace/alan/src/AMR_ros2_slam_nav2/install/cartographer/share/cartographer//configuration_files/pose_graph.lua
-- Up-to-date: /home/nvidia/workspace/alan/src/AMR_ros2_slam_nav2/install/cartographer/share/cartographer//configuration_files/trajectory_builder.lua
-- Up-to-date: /home/nvidia/workspace/alan/src/AMR_ros2_slam_nav2/install/cartographer/share/cartographer//configuration_files/map_builder_server.lua
-- Up-to-date: /home/nvidia/workspace/alan/src/AMR_ros2_slam_nav2/install/cartographer/share/cartographer//configuration_files/map_builder.lua
-- Up-to-date: /home/nvidia/workspace/alan/src/AMR_ros2_slam_nav2/install/cartographer/share/cartographer//configuration_files/trajectory_builder_3d.lua
-- Up-to-date: /home/nvidia/workspace/alan/src/AMR_ros2_slam_nav2/install/cartographer/share/cartographer//configuration_files/trajectory_builder_2d.lua
-- Up-to-date: /home/nvidia/workspace/alan/src/AMR_ros2_slam_nav2/install/cartographer/share/cartographer//cmake
-- Up-to-date: /home/nvidia/workspace/alan/src/AMR_ros2_slam_nav2/install/cartographer/share/cartographer//cmake/modules
-- Up-to-date: /home/nvidia/workspace/alan/src/AMR_ros2_slam_nav2/install/cartographer/share/cartographer//cmake/modules/FindGMock.cmake
-- Up-to-date: /home/nvidia/workspace/alan/src/AMR_ros2_slam_nav2/install/cartographer/share/cartographer//cmake/modules/FindLuaGoogle.cmake
-- Up-to-date: /home/nvidia/workspace/alan/src/AMR_ros2_slam_nav2/install/cartographer/share/cartographer//cmake/modules/FindSphinx.cmake
-- Up-to-date: /home/nvidia/workspace/alan/src/AMR_ros2_slam_nav2/install/cartographer/share/cartographer//cmake/functions.cmake
-- Up-to-date: /home/nvidia/workspace/alan/src/AMR_ros2_slam_nav2/install/cartographer/bin/cartographer_autogenerate_ground_truth
-- Up-to-date: /home/nvidia/workspace/alan/src/AMR_ros2_slam_nav2/install/cartographer/bin/cartographer_compute_relations_metrics
-- Up-to-date: /home/nvidia/workspace/alan/src/AMR_ros2_slam_nav2/install/cartographer/bin/cartographer_migrate_serialization_format
-- Up-to-date: /home/nvidia/workspace/alan/src/AMR_ros2_slam_nav2/install/cartographer/lib/libcartographer.a
-- Up-to-date: /home/nvidia/workspace/alan/src/AMR_ros2_slam_nav2/install/cartographer/include/cartographer/common/blocking_queue.h
-- Up-to-date: /home/nvidia/workspace/alan/src/AMR_ros2_slam_nav2/install/cartographer/include/cartographer/common/ceres_solver_options.h
-- Up-to-date: /home/nvidia/workspace/alan/src/AMR_ros2_slam_nav2/install/cartographer/include/cartographer/common/configuration_file_resolver.h
-- Up-to-date: /home/nvidia/workspace/alan/src/AMR_ros2_slam_nav2/install/cartographer/include/cartographer/common/fixed_ratio_sampler.h
-- Up-to-date: /home/nvidia/workspace/alan/src/AMR_ros2_slam_nav2/install/cartographer/include/cartographer/common/histogram.h
-- Up-to-date: /home/nvidia/workspace/alan/src/AMR_ros2_slam_nav2/install/cartographer/include/cartographer/common/lockless_queue.h
-- Up-to-date: /home/nvidia/workspace/alan/src/AMR_ros2_slam_nav2/install/cartographer/include/cartographer/common/lua.h
-- Up-to-date: /home/nvidia/workspace/alan/src/AMR_ros2_slam_nav2/install/cartographer/include/cartographer/common/lua_parameter_dictionary.h
-- Up-to-date: /home/nvidia/workspace/alan/src/AMR_ros2_slam_nav2/install/cartographer/include/cartographer/common/make_unique.h
-- Up-to-date: /home/nvidia/workspace/alan/src/AMR_ros2_slam_nav2/install/cartographer/include/cartographer/common/math.h
-- Up-to-date: /home/nvidia/workspace/alan/src/AMR_ros2_slam_nav2/install/cartographer/include/cartographer/common/mutex.h
-- Up-to-date: /home/nvidia/workspace/alan/src/AMR_ros2_slam_nav2/install/cartographer/include/cartographer/common/optional.h
-- Up-to-date: /home/nvidia/workspace/alan/src/AMR_ros2_slam_nav2/install/cartographer/include/cartographer/common/port.h
-- Up-to-date: /home/nvidia/workspace/alan/src/AMR_ros2_slam_nav2/install/cartographer/include/cartographer/common/rate_timer.h
-- Up-to-date: /home/nvidia/workspace/alan/src/AMR_ros2_slam_nav2/install/cartographer/include/cartographer/common/task.h
-- Up-to-date: /home/nvidia/workspace/alan/src/AMR_ros2_slam_nav2/install/cartographer/include/cartographer/common/thread_pool.h
-- Up-to-date: /home/nvidia/workspace/alan/src/AMR_ros2_slam_nav2/install/cartographer/include/cartographer/common/time.h
-- Up-to-date: /home/nvidia/workspace/alan/src/AMR_ros2_slam_nav2/install/cartographer/include/cartographer/ground_truth/relations_text_file.h
-- Up-to-date: /home/nvidia/workspace/alan/src/AMR_ros2_slam_nav2/install/cartographer/include/cartographer/io/color.h
-- Up-to-date: /home/nvidia/workspace/alan/src/AMR_ros2_slam_nav2/install/cartographer/include/cartographer/io/coloring_points_processor.h
-- Up-to-date: /home/nvidia/workspace/alan/src/AMR_ros2_slam_nav2/install/cartographer/include/cartographer/io/counting_points_processor.h
-- Up-to-date: /home/nvidia/workspace/alan/src/AMR_ros2_slam_nav2/install/cartographer/include/cartographer/io/draw_trajectories.h
-- Up-to-date: /home/nvidia/workspace/alan/src/AMR_ros2_slam_nav2/install/cartographer/include/cartographer/io/file_writer.h
-- Up-to-date: /home/nvidia/workspace/alan/src/AMR_ros2_slam_nav2/install/cartographer/include/cartographer/io/fixed_ratio_sampling_points_processor.h
-- Up-to-date: /home/nvidia/workspace/alan/src/AMR_ros2_slam_nav2/install/cartographer/include/cartographer/io/frame_id_filtering_points_processor.h
-- Up-to-date: /home/nvidia/workspace/alan/src/AMR_ros2_slam_nav2/install/cartographer/include/cartographer/io/hybrid_grid_points_processor.h
-- Up-to-date: /home/nvidia/workspace/alan/src/AMR_ros2_slam_nav2/install/cartographer/include/cartographer/io/image.h
-- Up-to-date: /home/nvidia/workspace/alan/src/AMR_ros2_slam_nav2/install/cartographer/include/cartographer/io/intensity_to_color_points_processor.h
-- Up-to-date: /home/nvidia/workspace/alan/src/AMR_ros2_slam_nav2/install/cartographer/include/cartographer/io/min_max_range_filtering_points_processor.h
-- Up-to-date: /home/nvidia/workspace/alan/src/AMR_ros2_slam_nav2/install/cartographer/include/cartographer/io/null_points_processor.h
-- Up-to-date: /home/nvidia/workspace/alan/src/AMR_ros2_slam_nav2/install/cartographer/include/cartographer/io/outlier_removing_points_processor.h
-- Up-to-date: /home/nvidia/workspace/alan/src/AMR_ros2_slam_nav2/install/cartographer/include/cartographer/io/pcd_writing_points_processor.h
-- Up-to-date: /home/nvidia/workspace/alan/src/AMR_ros2_slam_nav2/install/cartographer/include/cartographer/io/ply_writing_points_processor.h
-- Up-to-date: /home/nvidia/workspace/alan/src/AMR_ros2_slam_nav2/install/cartographer/include/cartographer/io/points_batch.h
-- Up-to-date: /home/nvidia/workspace/alan/src/AMR_ros2_slam_nav2/install/cartographer/include/cartographer/io/points_processor.h
-- Up-to-date: /home/nvidia/workspace/alan/src/AMR_ros2_slam_nav2/install/cartographer/include/cartographer/io/points_processor_pipeline_builder.h
-- Up-to-date: /home/nvidia/workspace/alan/src/AMR_ros2_slam_nav2/install/cartographer/include/cartographer/io/probability_grid_points_processor.h
-- Up-to-date: /home/nvidia/workspace/alan/src/AMR_ros2_slam_nav2/install/cartographer/include/cartographer/io/proto_stream.h
-- Up-to-date: /home/nvidia/workspace/alan/src/AMR_ros2_slam_nav2/install/cartographer/include/cartographer/io/proto_stream_deserializer.h
-- Up-to-date: /home/nvidia/workspace/alan/src/AMR_ros2_slam_nav2/install/cartographer/include/cartographer/io/proto_stream_interface.h
-- Up-to-date: /home/nvidia/workspace/alan/src/AMR_ros2_slam_nav2/install/cartographer/include/cartographer/io/serialization_format_migration.h
-- Up-to-date: /home/nvidia/workspace/alan/src/AMR_ros2_slam_nav2/install/cartographer/include/cartographer/io/submap_painter.h
-- Up-to-date: /home/nvidia/workspace/alan/src/AMR_ros2_slam_nav2/install/cartographer/include/cartographer/io/xray_points_processor.h
-- Up-to-date: /home/nvidia/workspace/alan/src/AMR_ros2_slam_nav2/install/cartographer/include/cartographer/io/xyz_writing_points_processor.h
-- Up-to-date: /home/nvidia/workspace/alan/src/AMR_ros2_slam_nav2/install/cartographer/include/cartographer/mapping/2d/grid_2d.h
-- Up-to-date: /home/nvidia/workspace/alan/src/AMR_ros2_slam_nav2/install/cartographer/include/cartographer/mapping/2d/map_limits.h
-- Up-to-date: /home/nvidia/workspace/alan/src/AMR_ros2_slam_nav2/install/cartographer/include/cartographer/mapping/2d/probability_grid.h
-- Up-to-date: /home/nvidia/workspace/alan/src/AMR_ros2_slam_nav2/install/cartographer/include/cartographer/mapping/2d/probability_grid_range_data_inserter_2d.h
-- Up-to-date: /home/nvidia/workspace/alan/src/AMR_ros2_slam_nav2/install/cartographer/include/cartographer/mapping/2d/submap_2d.h
-- Up-to-date: /home/nvidia/workspace/alan/src/AMR_ros2_slam_nav2/install/cartographer/include/cartographer/mapping/2d/xy_index.h
-- Up-to-date: /home/nvidia/workspace/alan/src/AMR_ros2_slam_nav2/install/cartographer/include/cartographer/mapping/3d/hybrid_grid.h
-- Up-to-date: /home/nvidia/workspace/alan/src/AMR_ros2_slam_nav2/install/cartographer/include/cartographer/mapping/3d/range_data_inserter_3d.h
-- Up-to-date: /home/nvidia/workspace/alan/src/AMR_ros2_slam_nav2/install/cartographer/include/cartographer/mapping/3d/submap_3d.h
-- Up-to-date: /home/nvidia/workspace/alan/src/AMR_ros2_slam_nav2/install/cartographer/include/cartographer/mapping/detect_floors.h
-- Up-to-date: /home/nvidia/workspace/alan/src/AMR_ros2_slam_nav2/install/cartographer/include/cartographer/mapping/grid_interface.h
-- Up-to-date: /home/nvidia/workspace/alan/src/AMR_ros2_slam_nav2/install/cartographer/include/cartographer/mapping/id.h
-- Up-to-date: /home/nvidia/workspace/alan/src/AMR_ros2_slam_nav2/install/cartographer/include/cartographer/mapping/imu_tracker.h
-- Up-to-date: /home/nvidia/workspace/alan/src/AMR_ros2_slam_nav2/install/cartographer/include/cartographer/mapping/local_slam_result_data.h
-- Up-to-date: /home/nvidia/workspace/alan/src/AMR_ros2_slam_nav2/install/cartographer/include/cartographer/mapping/map_builder.h
-- Up-to-date: /home/nvidia/workspace/alan/src/AMR_ros2_slam_nav2/install/cartographer/include/cartographer/mapping/map_builder_interface.h
-- Up-to-date: /home/nvidia/workspace/alan/src/AMR_ros2_slam_nav2/install/cartographer/include/cartographer/mapping/pose_extrapolator.h
-- Up-to-date: /home/nvidia/workspace/alan/src/AMR_ros2_slam_nav2/install/cartographer/include/cartographer/mapping/pose_graph.h
-- Up-to-date: /home/nvidia/workspace/alan/src/AMR_ros2_slam_nav2/install/cartographer/include/cartographer/mapping/pose_graph_interface.h
-- Up-to-date: /home/nvidia/workspace/alan/src/AMR_ros2_slam_nav2/install/cartographer/include/cartographer/mapping/pose_graph_trimmer.h
-- Up-to-date: /home/nvidia/workspace/alan/src/AMR_ros2_slam_nav2/install/cartographer/include/cartographer/mapping/probability_values.h
-- Up-to-date: /home/nvidia/workspace/alan/src/AMR_ros2_slam_nav2/install/cartographer/include/cartographer/mapping/range_data_inserter_interface.h
-- Up-to-date: /home/nvidia/workspace/alan/src/AMR_ros2_slam_nav2/install/cartographer/include/cartographer/mapping/submaps.h
-- Up-to-date: /home/nvidia/workspace/alan/src/AMR_ros2_slam_nav2/install/cartographer/include/cartographer/mapping/trajectory_builder_interface.h
-- Up-to-date: /home/nvidia/workspace/alan/src/AMR_ros2_slam_nav2/install/cartographer/include/cartographer/mapping/trajectory_node.h
-- Up-to-date: /home/nvidia/workspace/alan/src/AMR_ros2_slam_nav2/install/cartographer/include/cartographer/metrics/counter.h
-- Up-to-date: /home/nvidia/workspace/alan/src/AMR_ros2_slam_nav2/install/cartographer/include/cartographer/metrics/family_factory.h
-- Up-to-date: /home/nvidia/workspace/alan/src/AMR_ros2_slam_nav2/install/cartographer/include/cartographer/metrics/gauge.h
-- Up-to-date: /home/nvidia/workspace/alan/src/AMR_ros2_slam_nav2/install/cartographer/include/cartographer/metrics/histogram.h
-- Up-to-date: /home/nvidia/workspace/alan/src/AMR_ros2_slam_nav2/install/cartographer/include/cartographer/metrics/register.h
-- Up-to-date: /home/nvidia/workspace/alan/src/AMR_ros2_slam_nav2/install/cartographer/include/cartographer/sensor/collator_interface.h
-- Up-to-date: /home/nvidia/workspace/alan/src/AMR_ros2_slam_nav2/install/cartographer/include/cartographer/sensor/compressed_point_cloud.h
-- Up-to-date: /home/nvidia/workspace/alan/src/AMR_ros2_slam_nav2/install/cartographer/include/cartographer/sensor/data.h
-- Up-to-date: /home/nvidia/workspace/alan/src/AMR_ros2_slam_nav2/install/cartographer/include/cartographer/sensor/fixed_frame_pose_data.h
-- Up-to-date: /home/nvidia/workspace/alan/src/AMR_ros2_slam_nav2/install/cartographer/include/cartographer/sensor/imu_data.h
-- Up-to-date: /home/nvidia/workspace/alan/src/AMR_ros2_slam_nav2/install/cartographer/include/cartographer/sensor/landmark_data.h
-- Up-to-date: /home/nvidia/workspace/alan/src/AMR_ros2_slam_nav2/install/cartographer/include/cartographer/sensor/map_by_time.h
-- Up-to-date: /home/nvidia/workspace/alan/src/AMR_ros2_slam_nav2/install/cartographer/include/cartographer/sensor/odometry_data.h
-- Up-to-date: /home/nvidia/workspace/alan/src/AMR_ros2_slam_nav2/install/cartographer/include/cartographer/sensor/point_cloud.h
-- Up-to-date: /home/nvidia/workspace/alan/src/AMR_ros2_slam_nav2/install/cartographer/include/cartographer/sensor/range_data.h
-- Up-to-date: /home/nvidia/workspace/alan/src/AMR_ros2_slam_nav2/install/cartographer/include/cartographer/sensor/timed_point_cloud_data.h
-- Up-to-date: /home/nvidia/workspace/alan/src/AMR_ros2_slam_nav2/install/cartographer/include/cartographer/transform/rigid_transform.h
-- Up-to-date: /home/nvidia/workspace/alan/src/AMR_ros2_slam_nav2/install/cartographer/include/cartographer/transform/timestamped_transform.h
-- Up-to-date: /home/nvidia/workspace/alan/src/AMR_ros2_slam_nav2/install/cartographer/include/cartographer/transform/transform.h
-- Up-to-date: /home/nvidia/workspace/alan/src/AMR_ros2_slam_nav2/install/cartographer/include/cartographer/transform/transform_interpolation_buffer.h
-- Up-to-date: /home/nvidia/workspace/alan/src/AMR_ros2_slam_nav2/install/cartographer/include/cartographer/common/lua_parameter_dictionary_test_helpers.h
-- Up-to-date: /home/nvidia/workspace/alan/src/AMR_ros2_slam_nav2/install/cartographer/include/cartographer/io/fake_file_writer.h
-- Up-to-date: /home/nvidia/workspace/alan/src/AMR_ros2_slam_nav2/install/cartographer/include/cartographer/transform/rigid_transform_test_helpers.h
-- Up-to-date: /home/nvidia/workspace/alan/src/AMR_ros2_slam_nav2/install/cartographer/include/cartographer/common/proto/ceres_solver_options.pb.h
-- Up-to-date: /home/nvidia/workspace/alan/src/AMR_ros2_slam_nav2/install/cartographer/include/cartographer/ground_truth/proto/relations.pb.h
-- Up-to-date: /home/nvidia/workspace/alan/src/AMR_ros2_slam_nav2/install/cartographer/include/cartographer/mapping/proto/2d/cell_limits.pb.h
-- Up-to-date: /home/nvidia/workspace/alan/src/AMR_ros2_slam_nav2/install/cartographer/include/cartographer/mapping/proto/2d/grid_2d.pb.h
-- Up-to-date: /home/nvidia/workspace/alan/src/AMR_ros2_slam_nav2/install/cartographer/include/cartographer/mapping/proto/2d/grid_2d_options.pb.h
-- Up-to-date: /home/nvidia/workspace/alan/src/AMR_ros2_slam_nav2/install/cartographer/include/cartographer/mapping/proto/2d/local_trajectory_builder_options_2d.pb.h
-- Up-to-date: /home/nvidia/workspace/alan/src/AMR_ros2_slam_nav2/install/cartographer/include/cartographer/mapping/proto/2d/map_limits.pb.h
-- Up-to-date: /home/nvidia/workspace/alan/src/AMR_ros2_slam_nav2/install/cartographer/include/cartographer/mapping/proto/2d/probability_grid.pb.h
-- Up-to-date: /home/nvidia/workspace/alan/src/AMR_ros2_slam_nav2/install/cartographer/include/cartographer/mapping/proto/2d/probability_grid_range_data_inserter_options_2d.pb.h
-- Up-to-date: /home/nvidia/workspace/alan/src/AMR_ros2_slam_nav2/install/cartographer/include/cartographer/mapping/proto/2d/submaps_options_2d.pb.h
-- Up-to-date: /home/nvidia/workspace/alan/src/AMR_ros2_slam_nav2/install/cartographer/include/cartographer/mapping/proto/3d/hybrid_grid.pb.h
-- Up-to-date: /home/nvidia/workspace/alan/src/AMR_ros2_slam_nav2/install/cartographer/include/cartographer/mapping/proto/3d/local_trajectory_builder_options_3d.pb.h
-- Up-to-date: /home/nvidia/workspace/alan/src/AMR_ros2_slam_nav2/install/cartographer/include/cartographer/mapping/proto/3d/range_data_inserter_options_3d.pb.h
-- Up-to-date: /home/nvidia/workspace/alan/src/AMR_ros2_slam_nav2/install/cartographer/include/cartographer/mapping/proto/3d/submaps_options_3d.pb.h
-- Up-to-date: /home/nvidia/workspace/alan/src/AMR_ros2_slam_nav2/install/cartographer/include/cartographer/mapping/proto/connected_components.pb.h
-- Up-to-date: /home/nvidia/workspace/alan/src/AMR_ros2_slam_nav2/install/cartographer/include/cartographer/mapping/proto/internal/legacy_serialized_data.pb.h
-- Up-to-date: /home/nvidia/workspace/alan/src/AMR_ros2_slam_nav2/install/cartographer/include/cartographer/mapping/proto/map_builder_options.pb.h
-- Up-to-date: /home/nvidia/workspace/alan/src/AMR_ros2_slam_nav2/install/cartographer/include/cartographer/mapping/proto/motion_filter_options.pb.h
-- Up-to-date: /home/nvidia/workspace/alan/src/AMR_ros2_slam_nav2/install/cartographer/include/cartographer/mapping/proto/pose_graph.pb.h
-- Up-to-date: /home/nvidia/workspace/alan/src/AMR_ros2_slam_nav2/install/cartographer/include/cartographer/mapping/proto/pose_graph/constraint_builder_options.pb.h
-- Up-to-date: /home/nvidia/workspace/alan/src/AMR_ros2_slam_nav2/install/cartographer/include/cartographer/mapping/proto/pose_graph/optimization_problem_options.pb.h
-- Up-to-date: /home/nvidia/workspace/alan/src/AMR_ros2_slam_nav2/install/cartographer/include/cartographer/mapping/proto/pose_graph_options.pb.h
-- Up-to-date: /home/nvidia/workspace/alan/src/AMR_ros2_slam_nav2/install/cartographer/include/cartographer/mapping/proto/range_data_inserter_options.pb.h
-- Up-to-date: /home/nvidia/workspace/alan/src/AMR_ros2_slam_nav2/install/cartographer/include/cartographer/mapping/proto/scan_matching/ceres_scan_matcher_options_2d.pb.h
-- Up-to-date: /home/nvidia/workspace/alan/src/AMR_ros2_slam_nav2/install/cartographer/include/cartographer/mapping/proto/scan_matching/ceres_scan_matcher_options_3d.pb.h
-- Up-to-date: /home/nvidia/workspace/alan/src/AMR_ros2_slam_nav2/install/cartographer/include/cartographer/mapping/proto/scan_matching/fast_correlative_scan_matcher_options_2d.pb.h
-- Up-to-date: /home/nvidia/workspace/alan/src/AMR_ros2_slam_nav2/install/cartographer/include/cartographer/mapping/proto/scan_matching/fast_correlative_scan_matcher_options_3d.pb.h
-- Up-to-date: /home/nvidia/workspace/alan/src/AMR_ros2_slam_nav2/install/cartographer/include/cartographer/mapping/proto/scan_matching/real_time_correlative_scan_matcher_options.pb.h
-- Up-to-date: /home/nvidia/workspace/alan/src/AMR_ros2_slam_nav2/install/cartographer/include/cartographer/mapping/proto/serialization.pb.h
-- Up-to-date: /home/nvidia/workspace/alan/src/AMR_ros2_slam_nav2/install/cartographer/include/cartographer/mapping/proto/submap.pb.h
-- Up-to-date: /home/nvidia/workspace/alan/src/AMR_ros2_slam_nav2/install/cartographer/include/cartographer/mapping/proto/submap_visualization.pb.h
-- Up-to-date: /home/nvidia/workspace/alan/src/AMR_ros2_slam_nav2/install/cartographer/include/cartographer/mapping/proto/trajectory.pb.h
-- Up-to-date: /home/nvidia/workspace/alan/src/AMR_ros2_slam_nav2/install/cartographer/include/cartographer/mapping/proto/trajectory_builder_options.pb.h
-- Up-to-date: /home/nvidia/workspace/alan/src/AMR_ros2_slam_nav2/install/cartographer/include/cartographer/mapping/proto/trajectory_node_data.pb.h
-- Up-to-date: /home/nvidia/workspace/alan/src/AMR_ros2_slam_nav2/install/cartographer/include/cartographer/sensor/proto/adaptive_voxel_filter_options.pb.h
-- Up-to-date: /home/nvidia/workspace/alan/src/AMR_ros2_slam_nav2/install/cartographer/include/cartographer/sensor/proto/sensor.pb.h
-- Up-to-date: /home/nvidia/workspace/alan/src/AMR_ros2_slam_nav2/install/cartographer/include/cartographer/transform/proto/transform.pb.h
-- Up-to-date: /home/nvidia/workspace/alan/src/AMR_ros2_slam_nav2/install/cartographer/share/cartographer/cmake/CartographerTargets.cmake
-- Up-to-date: /home/nvidia/workspace/alan/src/AMR_ros2_slam_nav2/install/cartographer/share/cartographer/cmake/CartographerTargets-release.cmake
-- Up-to-date: /home/nvidia/workspace/alan/src/AMR_ros2_slam_nav2/install/cartographer/share/cartographer/cartographer-config.cmake
