[0.326s] Invoking command in '/home/nvidia/workspace/alan/src/AMR_ros2_slam_nav2/build/cartographer': CMAKE_PREFIX_PATH=${CMAKE_PREFIX_PATH}:/home/nvidia/workspace/alan/AMR/install/turtlebot3_teleop:/home/nvidia/workspace/alan/AMR/install/turtlebot3_example:/home/nvidia/workspace/alan/AMR/install/opencv_tests:/home/nvidia/workspace/alan/AMR/install/nav2_gazebo_spawner /usr/local/bin/cmake --build /home/nvidia/workspace/alan/src/AMR_ros2_slam_nav2/build/cartographer -- -j8 -l8
[0.575s] [  1%] Built target gmock_main
[0.583s] [  1%] [34m[1mBuilding documentation.[0m
[0.623s] [  1%] Built target cartographer_detect_changes
[1.143s] [ 55%] Built target cartographer
[1.280s] [ 56%] Built target cartographer_test_library
[1.281s] [ 57%] Built target cartographer_compute_relations_metrics
[1.293s] [ 57%] Built target cartographer_migrate_serialization_format
[1.298s] [ 58%] Built target cartographer_autogenerate_ground_truth
[1.412s] [ 59%] Built target cartographer.mapping.3d.submap_3d_test
[1.413s] [ 59%] Built target cartographer.mapping.2d.submap_2d_test
[1.413s] [ 60%] Built target cartographer.io.proto_stream_deserializer_test
[1.445s] [ 61%] Built target cartographer.mapping.2d.xy_index_test
[1.465s] [ 62%] Built target cartographer.mapping.internal.2d.pose_graph_2d_test
[1.480s] [ 63%] Built target cartographer.sensor.point_cloud_test
[1.536s] [ 63%] Built target cartographer.mapping.3d.hybrid_grid_test
[1.549s] [ 63%] Built target cartographer.mapping.trajectory_node_test
[1.585s] [ 64%] Built target cartographer.mapping.imu_tracker_test
[1.586s] [ 64%] Built target cartographer.mapping.internal.constraints.constraint_builder_3d_test
[1.630s] [ 65%] Built target cartographer.common.lua_parameter_dictionary_test
[1.630s] [ 65%] Built target cartographer.io.proto_stream_test
[1.631s] [ 65%] Built target cartographer.mapping.2d.probability_grid_test
[1.729s] [ 65%] Built target cartographer.mapping.internal.optimization.optimization_problem_3d_test
[1.757s] [ 65%] Built target cartographer.common.math_test
[1.779s] [ 65%] Built target cartographer.mapping.internal.2d.overlapping_submaps_trimmer_2d_test
[1.785s] [ 65%] Built target cartographer.mapping.internal.2d.scan_matching.correlative_scan_matcher_test
[1.794s] [ 65%] Built target cartographer.mapping.internal.3d.scan_matching.real_time_correlative_scan_matcher_3d_test
[1.848s] [ 65%] Built target cartographer.sensor.internal.voxel_filter_test
[1.863s] [ 67%] Built target cartographer.io.internal.in_memory_proto_stream_test
[1.912s] [ 67%] Built target cartographer.common.blocking_queue_test
[1.936s] [ 67%] Built target cartographer.mapping.internal.trajectory_connectivity_state_test
[1.951s] [ 67%] Built target cartographer.mapping.id_test
[1.976s] [ 68%] Built target cartographer.common.lockless_queue_test
[1.979s] [ 69%] Built target cartographer.mapping.internal.3d.scan_matching.rotation_delta_cost_functor_3d_test
[2.009s] [ 69%] Built target cartographer.common.fixed_ratio_sampler_test
[2.049s] [ 70%] Built target cartographer.common.configuration_files_test
[2.051s] [ 71%] Built target cartographer.io.serialization_format_migration_test
[2.096s] [ 71%] Built target cartographer.sensor.internal.ordered_multi_queue_test
[2.105s] [ 72%] Built target cartographer.common.thread_pool_test
[2.105s] [ 73%] Built target cartographer.common.optional_test
[2.117s] [ 73%] Built target cartographer.mapping.internal.connected_components_test
[2.119s] [01mRunning Sphinx v1.6.7[39;49;00m
[2.178s] [ 74%] Built target cartographer.mapping.internal.3d.local_trajectory_builder_3d_test
[2.194s] [ 75%] Built target cartographer.common.task_test
[2.232s] [ 76%] Built target cartographer.mapping.2d.range_data_inserter_2d_test
[2.274s] [ 77%] Built target cartographer.mapping.internal.2d.scan_matching.fast_correlative_scan_matcher_2d_test
[2.285s] [ 78%] Built target cartographer.mapping.3d.range_data_inserter_3d_test
[2.303s] [ 79%] Built target cartographer.mapping.internal.3d.scan_matching.ceres_scan_matcher_3d_test
[2.326s] [ 79%] Built target cartographer.mapping.internal.3d.pose_graph_3d_test
[2.337s] [ 80%] Built target cartographer.mapping.internal.2d.scan_matching.ceres_scan_matcher_2d_test
[2.398s] [ 81%] Built target cartographer.mapping.internal.3d.scan_matching.fast_correlative_scan_matcher_3d_test
[2.407s] [ 81%] Built target cartographer.common.rate_timer_test
[2.448s] [ 82%] Built target cartographer.mapping.map_builder_test
[2.477s] [ 83%] Built target cartographer.mapping.internal.3d.scan_matching.precomputation_grid_3d_test
[2.479s] [ 84%] Built target cartographer.mapping.internal.range_data_collator_test
[2.480s] [ 85%] Built target cartographer.mapping.internal.motion_filter_test
[2.529s] [ 85%] Built target cartographer.mapping.probability_values_test
[2.530s] [ 86%] Built target cartographer.mapping.internal.3d.scan_matching.rotational_scan_matcher_test
[2.615s] [ 87%] Built target cartographer.mapping.internal.constraints.constraint_builder_2d_test
[2.631s] [ 87%] Built target cartographer.io.fake_file_writer_test
[2.662s] [ 88%] Built target cartographer.mapping.internal.optimization.cost_functions.spa_cost_function_2d_test
[2.671s] [ 88%] Built target cartographer.mapping.internal.optimization.cost_functions.landmark_cost_function_2d_test
[2.730s] [ 89%] Built target cartographer.mapping.pose_extrapolator_test
[2.753s] [ 90%] Built target cartographer.mapping.internal.optimization.cost_functions.landmark_cost_function_3d_test
[2.754s] [ 90%] Built target cartographer.mapping.pose_graph_test
[2.816s] [ 91%] Built target cartographer.mapping.pose_graph_trimmer_test
[2.844s] [ 92%] Built target cartographer.mapping.submaps_test
[2.845s] [ 93%] Built target cartographer.sensor.compressed_point_cloud_test
[2.851s] [ 94%] Built target cartographer.io.points_processor_pipeline_builder_test
[2.859s] [ 94%] Built target cartographer.sensor.internal.collator_test
[2.944s] [ 95%] Built target cartographer.sensor.internal.trajectory_collator_test
[2.955s] [ 95%] Built target cartographer.sensor.map_by_time_test
[2.969s] [ 95%] Built target cartographer.mapping.internal.2d.scan_matching.real_time_correlative_scan_matcher_2d_test
[2.981s] [ 96%] Built target cartographer.mapping.2d.map_limits_test
[2.989s] [ 96%] Built target cartographer.mapping.internal.3d.scan_matching.interpolated_grid_test
[3.003s] [ 96%] Built target cartographer.transform.transform_test
[3.047s] [ 97%] Built target cartographer.sensor.landmark_data_test
[3.146s] [ 98%] Built target cartographer.sensor.range_data_test
[3.162s] [100%] Built target cartographer.transform.transform_interpolation_buffer_test
[3.178s] [100%] Built target cartographer.transform.rigid_transform_test
[3.539s] [01mloading pickled environment... [39;49;00mdone
[3.554s] [01mbuilding [mo]: [39;49;00mtargets for 0 po files that are out of date
[3.560s] [01mbuilding [html][39;49;00m: targets for 0 source files that are out of date
[3.565s] [01mupdating environment: [39;49;00m0 added, 0 changed, 0 removed
[3.567s] [01mlooking for now-outdated files... [39;49;00mnone found
[3.568s] [01mno targets are out of date.[39;49;00m
[3.569s] [01mbuild succeeded.[39;49;00m
[3.702s] [100%] Built target build_doc
[3.786s] Invoked command in '/home/nvidia/workspace/alan/src/AMR_ros2_slam_nav2/build/cartographer' returned '0': CMAKE_PREFIX_PATH=${CMAKE_PREFIX_PATH}:/home/nvidia/workspace/alan/AMR/install/turtlebot3_teleop:/home/nvidia/workspace/alan/AMR/install/turtlebot3_example:/home/nvidia/workspace/alan/AMR/install/opencv_tests:/home/nvidia/workspace/alan/AMR/install/nav2_gazebo_spawner /usr/local/bin/cmake --build /home/nvidia/workspace/alan/src/AMR_ros2_slam_nav2/build/cartographer -- -j8 -l8
[7.527s] Invoking command in '/home/nvidia/workspace/alan/src/AMR_ros2_slam_nav2/build/cartographer': CMAKE_PREFIX_PATH=${CMAKE_PREFIX_PATH}:/home/nvidia/workspace/alan/AMR/install/turtlebot3_teleop:/home/nvidia/workspace/alan/AMR/install/turtlebot3_example:/home/nvidia/workspace/alan/AMR/install/opencv_tests:/home/nvidia/workspace/alan/AMR/install/nav2_gazebo_spawner /usr/local/bin/cmake --install /home/nvidia/workspace/alan/src/AMR_ros2_slam_nav2/build/cartographer
[7.585s] -- Install configuration: "Release"
[7.586s] -- Up-to-date: /home/nvidia/workspace/alan/src/AMR_ros2_slam_nav2/install/cartographer/share/cartographer/package.xml
[7.586s] -- Up-to-date: /home/nvidia/workspace/alan/src/AMR_ros2_slam_nav2/install/cartographer/share/cartographer//configuration_files
[7.587s] -- Up-to-date: /home/nvidia/workspace/alan/src/AMR_ros2_slam_nav2/install/cartographer/share/cartographer//configuration_files/pose_graph.lua
[7.587s] -- Up-to-date: /home/nvidia/workspace/alan/src/AMR_ros2_slam_nav2/install/cartographer/share/cartographer//configuration_files/trajectory_builder.lua
[7.587s] -- Up-to-date: /home/nvidia/workspace/alan/src/AMR_ros2_slam_nav2/install/cartographer/share/cartographer//configuration_files/map_builder_server.lua
[7.597s] -- Up-to-date: /home/nvidia/workspace/alan/src/AMR_ros2_slam_nav2/install/cartographer/share/cartographer//configuration_files/map_builder.lua
[7.600s] -- Up-to-date: /home/nvidia/workspace/alan/src/AMR_ros2_slam_nav2/install/cartographer/share/cartographer//configuration_files/trajectory_builder_3d.lua
[7.600s] -- Up-to-date: /home/nvidia/workspace/alan/src/AMR_ros2_slam_nav2/install/cartographer/share/cartographer//configuration_files/trajectory_builder_2d.lua
[7.617s] -- Up-to-date: /home/nvidia/workspace/alan/src/AMR_ros2_slam_nav2/install/cartographer/share/cartographer//cmake
[7.618s] -- Up-to-date: /home/nvidia/workspace/alan/src/AMR_ros2_slam_nav2/install/cartographer/share/cartographer//cmake/modules
[7.619s] -- Up-to-date: /home/nvidia/workspace/alan/src/AMR_ros2_slam_nav2/install/cartographer/share/cartographer//cmake/modules/FindGMock.cmake
[7.620s] -- Up-to-date: /home/nvidia/workspace/alan/src/AMR_ros2_slam_nav2/install/cartographer/share/cartographer//cmake/modules/FindLuaGoogle.cmake
[7.620s] -- Up-to-date: /home/nvidia/workspace/alan/src/AMR_ros2_slam_nav2/install/cartographer/share/cartographer//cmake/modules/FindSphinx.cmake
[7.621s] -- Up-to-date: /home/nvidia/workspace/alan/src/AMR_ros2_slam_nav2/install/cartographer/share/cartographer//cmake/functions.cmake
[7.621s] -- Up-to-date: /home/nvidia/workspace/alan/src/AMR_ros2_slam_nav2/install/cartographer/bin/cartographer_autogenerate_ground_truth
[7.646s] -- Up-to-date: /home/nvidia/workspace/alan/src/AMR_ros2_slam_nav2/install/cartographer/bin/cartographer_compute_relations_metrics
[7.648s] -- Up-to-date: /home/nvidia/workspace/alan/src/AMR_ros2_slam_nav2/install/cartographer/bin/cartographer_migrate_serialization_format
[7.649s] -- Up-to-date: /home/nvidia/workspace/alan/src/AMR_ros2_slam_nav2/install/cartographer/lib/libcartographer.a
[7.650s] -- Up-to-date: /home/nvidia/workspace/alan/src/AMR_ros2_slam_nav2/install/cartographer/include/cartographer/common/blocking_queue.h
[7.650s] -- Up-to-date: /home/nvidia/workspace/alan/src/AMR_ros2_slam_nav2/install/cartographer/include/cartographer/common/ceres_solver_options.h
[7.651s] -- Up-to-date: /home/nvidia/workspace/alan/src/AMR_ros2_slam_nav2/install/cartographer/include/cartographer/common/configuration_file_resolver.h
[7.651s] -- Up-to-date: /home/nvidia/workspace/alan/src/AMR_ros2_slam_nav2/install/cartographer/include/cartographer/common/fixed_ratio_sampler.h
[7.651s] -- Up-to-date: /home/nvidia/workspace/alan/src/AMR_ros2_slam_nav2/install/cartographer/include/cartographer/common/histogram.h
[7.653s] -- Up-to-date: /home/nvidia/workspace/alan/src/AMR_ros2_slam_nav2/install/cartographer/include/cartographer/common/lockless_queue.h
[7.653s] -- Up-to-date: /home/nvidia/workspace/alan/src/AMR_ros2_slam_nav2/install/cartographer/include/cartographer/common/lua.h
[7.654s] -- Up-to-date: /home/nvidia/workspace/alan/src/AMR_ros2_slam_nav2/install/cartographer/include/cartographer/common/lua_parameter_dictionary.h
[7.654s] -- Up-to-date: /home/nvidia/workspace/alan/src/AMR_ros2_slam_nav2/install/cartographer/include/cartographer/common/make_unique.h
[7.654s] -- Up-to-date: /home/nvidia/workspace/alan/src/AMR_ros2_slam_nav2/install/cartographer/include/cartographer/common/math.h
[7.655s] -- Up-to-date: /home/nvidia/workspace/alan/src/AMR_ros2_slam_nav2/install/cartographer/include/cartographer/common/mutex.h
[7.656s] -- Up-to-date: /home/nvidia/workspace/alan/src/AMR_ros2_slam_nav2/install/cartographer/include/cartographer/common/optional.h
[7.657s] -- Up-to-date: /home/nvidia/workspace/alan/src/AMR_ros2_slam_nav2/install/cartographer/include/cartographer/common/port.h
[7.657s] -- Up-to-date: /home/nvidia/workspace/alan/src/AMR_ros2_slam_nav2/install/cartographer/include/cartographer/common/rate_timer.h
[7.658s] -- Up-to-date: /home/nvidia/workspace/alan/src/AMR_ros2_slam_nav2/install/cartographer/include/cartographer/common/task.h
[7.658s] -- Up-to-date: /home/nvidia/workspace/alan/src/AMR_ros2_slam_nav2/install/cartographer/include/cartographer/common/thread_pool.h
[7.659s] -- Up-to-date: /home/nvidia/workspace/alan/src/AMR_ros2_slam_nav2/install/cartographer/include/cartographer/common/time.h
[7.662s] -- Up-to-date: /home/nvidia/workspace/alan/src/AMR_ros2_slam_nav2/install/cartographer/include/cartographer/ground_truth/relations_text_file.h
[7.664s] -- Up-to-date: /home/nvidia/workspace/alan/src/AMR_ros2_slam_nav2/install/cartographer/include/cartographer/io/color.h
[7.682s] -- Up-to-date: /home/nvidia/workspace/alan/src/AMR_ros2_slam_nav2/install/cartographer/include/cartographer/io/coloring_points_processor.h
[7.691s] -- Up-to-date: /home/nvidia/workspace/alan/src/AMR_ros2_slam_nav2/install/cartographer/include/cartographer/io/counting_points_processor.h
[7.692s] -- Up-to-date: /home/nvidia/workspace/alan/src/AMR_ros2_slam_nav2/install/cartographer/include/cartographer/io/draw_trajectories.h
[7.692s] -- Up-to-date: /home/nvidia/workspace/alan/src/AMR_ros2_slam_nav2/install/cartographer/include/cartographer/io/file_writer.h
[7.693s] -- Up-to-date: /home/nvidia/workspace/alan/src/AMR_ros2_slam_nav2/install/cartographer/include/cartographer/io/fixed_ratio_sampling_points_processor.h
[7.693s] -- Up-to-date: /home/nvidia/workspace/alan/src/AMR_ros2_slam_nav2/install/cartographer/include/cartographer/io/frame_id_filtering_points_processor.h
[7.694s] -- Up-to-date: /home/nvidia/workspace/alan/src/AMR_ros2_slam_nav2/install/cartographer/include/cartographer/io/hybrid_grid_points_processor.h
[7.695s] -- Up-to-date: /home/nvidia/workspace/alan/src/AMR_ros2_slam_nav2/install/cartographer/include/cartographer/io/image.h
[7.701s] -- Up-to-date: /home/nvidia/workspace/alan/src/AMR_ros2_slam_nav2/install/cartographer/include/cartographer/io/intensity_to_color_points_processor.h
[7.705s] -- Up-to-date: /home/nvidia/workspace/alan/src/AMR_ros2_slam_nav2/install/cartographer/include/cartographer/io/min_max_range_filtering_points_processor.h
[7.706s] -- Up-to-date: /home/nvidia/workspace/alan/src/AMR_ros2_slam_nav2/install/cartographer/include/cartographer/io/null_points_processor.h
[7.718s] -- Up-to-date: /home/nvidia/workspace/alan/src/AMR_ros2_slam_nav2/install/cartographer/include/cartographer/io/outlier_removing_points_processor.h
[7.720s] -- Up-to-date: /home/nvidia/workspace/alan/src/AMR_ros2_slam_nav2/install/cartographer/include/cartographer/io/pcd_writing_points_processor.h
[7.721s] -- Up-to-date: /home/nvidia/workspace/alan/src/AMR_ros2_slam_nav2/install/cartographer/include/cartographer/io/ply_writing_points_processor.h
[7.722s] -- Up-to-date: /home/nvidia/workspace/alan/src/AMR_ros2_slam_nav2/install/cartographer/include/cartographer/io/points_batch.h
[7.722s] -- Up-to-date: /home/nvidia/workspace/alan/src/AMR_ros2_slam_nav2/install/cartographer/include/cartographer/io/points_processor.h
[7.723s] -- Up-to-date: /home/nvidia/workspace/alan/src/AMR_ros2_slam_nav2/install/cartographer/include/cartographer/io/points_processor_pipeline_builder.h
[7.723s] -- Up-to-date: /home/nvidia/workspace/alan/src/AMR_ros2_slam_nav2/install/cartographer/include/cartographer/io/probability_grid_points_processor.h
[7.723s] -- Up-to-date: /home/nvidia/workspace/alan/src/AMR_ros2_slam_nav2/install/cartographer/include/cartographer/io/proto_stream.h
[7.724s] -- Up-to-date: /home/nvidia/workspace/alan/src/AMR_ros2_slam_nav2/install/cartographer/include/cartographer/io/proto_stream_deserializer.h
[7.725s] -- Up-to-date: /home/nvidia/workspace/alan/src/AMR_ros2_slam_nav2/install/cartographer/include/cartographer/io/proto_stream_interface.h
[7.725s] -- Up-to-date: /home/nvidia/workspace/alan/src/AMR_ros2_slam_nav2/install/cartographer/include/cartographer/io/serialization_format_migration.h
[7.726s] -- Up-to-date: /home/nvidia/workspace/alan/src/AMR_ros2_slam_nav2/install/cartographer/include/cartographer/io/submap_painter.h
[7.731s] -- Up-to-date: /home/nvidia/workspace/alan/src/AMR_ros2_slam_nav2/install/cartographer/include/cartographer/io/xray_points_processor.h
[7.731s] -- Up-to-date: /home/nvidia/workspace/alan/src/AMR_ros2_slam_nav2/install/cartographer/include/cartographer/io/xyz_writing_points_processor.h
[7.732s] -- Up-to-date: /home/nvidia/workspace/alan/src/AMR_ros2_slam_nav2/install/cartographer/include/cartographer/mapping/2d/grid_2d.h
[7.734s] -- Up-to-date: /home/nvidia/workspace/alan/src/AMR_ros2_slam_nav2/install/cartographer/include/cartographer/mapping/2d/map_limits.h
[7.736s] -- Up-to-date: /home/nvidia/workspace/alan/src/AMR_ros2_slam_nav2/install/cartographer/include/cartographer/mapping/2d/probability_grid.h
[7.739s] -- Up-to-date: /home/nvidia/workspace/alan/src/AMR_ros2_slam_nav2/install/cartographer/include/cartographer/mapping/2d/probability_grid_range_data_inserter_2d.h
[7.739s] -- Up-to-date: /home/nvidia/workspace/alan/src/AMR_ros2_slam_nav2/install/cartographer/include/cartographer/mapping/2d/submap_2d.h
[7.740s] -- Up-to-date: /home/nvidia/workspace/alan/src/AMR_ros2_slam_nav2/install/cartographer/include/cartographer/mapping/2d/xy_index.h
[7.740s] -- Up-to-date: /home/nvidia/workspace/alan/src/AMR_ros2_slam_nav2/install/cartographer/include/cartographer/mapping/3d/hybrid_grid.h
[7.741s] -- Up-to-date: /home/nvidia/workspace/alan/src/AMR_ros2_slam_nav2/install/cartographer/include/cartographer/mapping/3d/range_data_inserter_3d.h
[7.741s] -- Up-to-date: /home/nvidia/workspace/alan/src/AMR_ros2_slam_nav2/install/cartographer/include/cartographer/mapping/3d/submap_3d.h
[7.746s] -- Up-to-date: /home/nvidia/workspace/alan/src/AMR_ros2_slam_nav2/install/cartographer/include/cartographer/mapping/detect_floors.h
[7.746s] -- Up-to-date: /home/nvidia/workspace/alan/src/AMR_ros2_slam_nav2/install/cartographer/include/cartographer/mapping/grid_interface.h
[7.746s] -- Up-to-date: /home/nvidia/workspace/alan/src/AMR_ros2_slam_nav2/install/cartographer/include/cartographer/mapping/id.h
[7.747s] -- Up-to-date: /home/nvidia/workspace/alan/src/AMR_ros2_slam_nav2/install/cartographer/include/cartographer/mapping/imu_tracker.h
[7.747s] -- Up-to-date: /home/nvidia/workspace/alan/src/AMR_ros2_slam_nav2/install/cartographer/include/cartographer/mapping/local_slam_result_data.h
[7.748s] -- Up-to-date: /home/nvidia/workspace/alan/src/AMR_ros2_slam_nav2/install/cartographer/include/cartographer/mapping/map_builder.h
[7.748s] -- Up-to-date: /home/nvidia/workspace/alan/src/AMR_ros2_slam_nav2/install/cartographer/include/cartographer/mapping/map_builder_interface.h
[7.748s] -- Up-to-date: /home/nvidia/workspace/alan/src/AMR_ros2_slam_nav2/install/cartographer/include/cartographer/mapping/pose_extrapolator.h
[7.749s] -- Up-to-date: /home/nvidia/workspace/alan/src/AMR_ros2_slam_nav2/install/cartographer/include/cartographer/mapping/pose_graph.h
[7.749s] -- Up-to-date: /home/nvidia/workspace/alan/src/AMR_ros2_slam_nav2/install/cartographer/include/cartographer/mapping/pose_graph_interface.h
[7.749s] -- Up-to-date: /home/nvidia/workspace/alan/src/AMR_ros2_slam_nav2/install/cartographer/include/cartographer/mapping/pose_graph_trimmer.h
[7.750s] -- Up-to-date: /home/nvidia/workspace/alan/src/AMR_ros2_slam_nav2/install/cartographer/include/cartographer/mapping/probability_values.h
[7.750s] -- Up-to-date: /home/nvidia/workspace/alan/src/AMR_ros2_slam_nav2/install/cartographer/include/cartographer/mapping/range_data_inserter_interface.h
[7.750s] -- Up-to-date: /home/nvidia/workspace/alan/src/AMR_ros2_slam_nav2/install/cartographer/include/cartographer/mapping/submaps.h
[7.750s] -- Up-to-date: /home/nvidia/workspace/alan/src/AMR_ros2_slam_nav2/install/cartographer/include/cartographer/mapping/trajectory_builder_interface.h
[7.751s] -- Up-to-date: /home/nvidia/workspace/alan/src/AMR_ros2_slam_nav2/install/cartographer/include/cartographer/mapping/trajectory_node.h
[7.751s] -- Up-to-date: /home/nvidia/workspace/alan/src/AMR_ros2_slam_nav2/install/cartographer/include/cartographer/metrics/counter.h
[7.751s] -- Up-to-date: /home/nvidia/workspace/alan/src/AMR_ros2_slam_nav2/install/cartographer/include/cartographer/metrics/family_factory.h
[7.752s] -- Up-to-date: /home/nvidia/workspace/alan/src/AMR_ros2_slam_nav2/install/cartographer/include/cartographer/metrics/gauge.h
[7.752s] -- Up-to-date: /home/nvidia/workspace/alan/src/AMR_ros2_slam_nav2/install/cartographer/include/cartographer/metrics/histogram.h
[7.752s] -- Up-to-date: /home/nvidia/workspace/alan/src/AMR_ros2_slam_nav2/install/cartographer/include/cartographer/metrics/register.h
[7.753s] -- Up-to-date: /home/nvidia/workspace/alan/src/AMR_ros2_slam_nav2/install/cartographer/include/cartographer/sensor/collator_interface.h
[7.753s] -- Up-to-date: /home/nvidia/workspace/alan/src/AMR_ros2_slam_nav2/install/cartographer/include/cartographer/sensor/compressed_point_cloud.h
[7.754s] -- Up-to-date: /home/nvidia/workspace/alan/src/AMR_ros2_slam_nav2/install/cartographer/include/cartographer/sensor/data.h
[7.754s] -- Up-to-date: /home/nvidia/workspace/alan/src/AMR_ros2_slam_nav2/install/cartographer/include/cartographer/sensor/fixed_frame_pose_data.h
[7.754s] -- Up-to-date: /home/nvidia/workspace/alan/src/AMR_ros2_slam_nav2/install/cartographer/include/cartographer/sensor/imu_data.h
[7.755s] -- Up-to-date: /home/nvidia/workspace/alan/src/AMR_ros2_slam_nav2/install/cartographer/include/cartographer/sensor/landmark_data.h
[7.755s] -- Up-to-date: /home/nvidia/workspace/alan/src/AMR_ros2_slam_nav2/install/cartographer/include/cartographer/sensor/map_by_time.h
[7.757s] -- Up-to-date: /home/nvidia/workspace/alan/src/AMR_ros2_slam_nav2/install/cartographer/include/cartographer/sensor/odometry_data.h
[7.757s] -- Up-to-date: /home/nvidia/workspace/alan/src/AMR_ros2_slam_nav2/install/cartographer/include/cartographer/sensor/point_cloud.h
[7.766s] -- Up-to-date: /home/nvidia/workspace/alan/src/AMR_ros2_slam_nav2/install/cartographer/include/cartographer/sensor/range_data.h
[7.768s] -- Up-to-date: /home/nvidia/workspace/alan/src/AMR_ros2_slam_nav2/install/cartographer/include/cartographer/sensor/timed_point_cloud_data.h
[7.769s] -- Up-to-date: /home/nvidia/workspace/alan/src/AMR_ros2_slam_nav2/install/cartographer/include/cartographer/transform/rigid_transform.h
[7.770s] -- Up-to-date: /home/nvidia/workspace/alan/src/AMR_ros2_slam_nav2/install/cartographer/include/cartographer/transform/timestamped_transform.h
[7.771s] -- Up-to-date: /home/nvidia/workspace/alan/src/AMR_ros2_slam_nav2/install/cartographer/include/cartographer/transform/transform.h
[7.771s] -- Up-to-date: /home/nvidia/workspace/alan/src/AMR_ros2_slam_nav2/install/cartographer/include/cartographer/transform/transform_interpolation_buffer.h
[7.772s] -- Up-to-date: /home/nvidia/workspace/alan/src/AMR_ros2_slam_nav2/install/cartographer/include/cartographer/common/lua_parameter_dictionary_test_helpers.h
[7.773s] -- Up-to-date: /home/nvidia/workspace/alan/src/AMR_ros2_slam_nav2/install/cartographer/include/cartographer/io/fake_file_writer.h
[7.773s] -- Up-to-date: /home/nvidia/workspace/alan/src/AMR_ros2_slam_nav2/install/cartographer/include/cartographer/transform/rigid_transform_test_helpers.h
[7.774s] -- Up-to-date: /home/nvidia/workspace/alan/src/AMR_ros2_slam_nav2/install/cartographer/include/cartographer/common/proto/ceres_solver_options.pb.h
[7.774s] -- Up-to-date: /home/nvidia/workspace/alan/src/AMR_ros2_slam_nav2/install/cartographer/include/cartographer/ground_truth/proto/relations.pb.h
[7.775s] -- Up-to-date: /home/nvidia/workspace/alan/src/AMR_ros2_slam_nav2/install/cartographer/include/cartographer/mapping/proto/2d/cell_limits.pb.h
[7.777s] -- Up-to-date: /home/nvidia/workspace/alan/src/AMR_ros2_slam_nav2/install/cartographer/include/cartographer/mapping/proto/2d/grid_2d.pb.h
[7.777s] -- Up-to-date: /home/nvidia/workspace/alan/src/AMR_ros2_slam_nav2/install/cartographer/include/cartographer/mapping/proto/2d/grid_2d_options.pb.h
[7.777s] -- Up-to-date: /home/nvidia/workspace/alan/src/AMR_ros2_slam_nav2/install/cartographer/include/cartographer/mapping/proto/2d/local_trajectory_builder_options_2d.pb.h
[7.778s] -- Up-to-date: /home/nvidia/workspace/alan/src/AMR_ros2_slam_nav2/install/cartographer/include/cartographer/mapping/proto/2d/map_limits.pb.h
[7.778s] -- Up-to-date: /home/nvidia/workspace/alan/src/AMR_ros2_slam_nav2/install/cartographer/include/cartographer/mapping/proto/2d/probability_grid.pb.h
[7.779s] -- Up-to-date: /home/nvidia/workspace/alan/src/AMR_ros2_slam_nav2/install/cartographer/include/cartographer/mapping/proto/2d/probability_grid_range_data_inserter_options_2d.pb.h
[7.779s] -- Up-to-date: /home/nvidia/workspace/alan/src/AMR_ros2_slam_nav2/install/cartographer/include/cartographer/mapping/proto/2d/submaps_options_2d.pb.h
[7.779s] -- Up-to-date: /home/nvidia/workspace/alan/src/AMR_ros2_slam_nav2/install/cartographer/include/cartographer/mapping/proto/3d/hybrid_grid.pb.h
[7.780s] -- Up-to-date: /home/nvidia/workspace/alan/src/AMR_ros2_slam_nav2/install/cartographer/include/cartographer/mapping/proto/3d/local_trajectory_builder_options_3d.pb.h
[7.780s] -- Up-to-date: /home/nvidia/workspace/alan/src/AMR_ros2_slam_nav2/install/cartographer/include/cartographer/mapping/proto/3d/range_data_inserter_options_3d.pb.h
[7.782s] -- Up-to-date: /home/nvidia/workspace/alan/src/AMR_ros2_slam_nav2/install/cartographer/include/cartographer/mapping/proto/3d/submaps_options_3d.pb.h
[7.783s] -- Up-to-date: /home/nvidia/workspace/alan/src/AMR_ros2_slam_nav2/install/cartographer/include/cartographer/mapping/proto/connected_components.pb.h
[7.784s] -- Up-to-date: /home/nvidia/workspace/alan/src/AMR_ros2_slam_nav2/install/cartographer/include/cartographer/mapping/proto/internal/legacy_serialized_data.pb.h
[7.784s] -- Up-to-date: /home/nvidia/workspace/alan/src/AMR_ros2_slam_nav2/install/cartographer/include/cartographer/mapping/proto/map_builder_options.pb.h
[7.785s] -- Up-to-date: /home/nvidia/workspace/alan/src/AMR_ros2_slam_nav2/install/cartographer/include/cartographer/mapping/proto/motion_filter_options.pb.h
[7.785s] -- Up-to-date: /home/nvidia/workspace/alan/src/AMR_ros2_slam_nav2/install/cartographer/include/cartographer/mapping/proto/pose_graph.pb.h
[7.785s] -- Up-to-date: /home/nvidia/workspace/alan/src/AMR_ros2_slam_nav2/install/cartographer/include/cartographer/mapping/proto/pose_graph/constraint_builder_options.pb.h
[7.786s] -- Up-to-date: /home/nvidia/workspace/alan/src/AMR_ros2_slam_nav2/install/cartographer/include/cartographer/mapping/proto/pose_graph/optimization_problem_options.pb.h
[7.786s] -- Up-to-date: /home/nvidia/workspace/alan/src/AMR_ros2_slam_nav2/install/cartographer/include/cartographer/mapping/proto/pose_graph_options.pb.h
[7.786s] -- Up-to-date: /home/nvidia/workspace/alan/src/AMR_ros2_slam_nav2/install/cartographer/include/cartographer/mapping/proto/range_data_inserter_options.pb.h
[7.787s] -- Up-to-date: /home/nvidia/workspace/alan/src/AMR_ros2_slam_nav2/install/cartographer/include/cartographer/mapping/proto/scan_matching/ceres_scan_matcher_options_2d.pb.h
[7.787s] -- Up-to-date: /home/nvidia/workspace/alan/src/AMR_ros2_slam_nav2/install/cartographer/include/cartographer/mapping/proto/scan_matching/ceres_scan_matcher_options_3d.pb.h
[7.788s] -- Up-to-date: /home/nvidia/workspace/alan/src/AMR_ros2_slam_nav2/install/cartographer/include/cartographer/mapping/proto/scan_matching/fast_correlative_scan_matcher_options_2d.pb.h
[7.794s] -- Up-to-date: /home/nvidia/workspace/alan/src/AMR_ros2_slam_nav2/install/cartographer/include/cartographer/mapping/proto/scan_matching/fast_correlative_scan_matcher_options_3d.pb.h
[7.796s] -- Up-to-date: /home/nvidia/workspace/alan/src/AMR_ros2_slam_nav2/install/cartographer/include/cartographer/mapping/proto/scan_matching/real_time_correlative_scan_matcher_options.pb.h
[7.798s] -- Up-to-date: /home/nvidia/workspace/alan/src/AMR_ros2_slam_nav2/install/cartographer/include/cartographer/mapping/proto/serialization.pb.h
[7.799s] -- Up-to-date: /home/nvidia/workspace/alan/src/AMR_ros2_slam_nav2/install/cartographer/include/cartographer/mapping/proto/submap.pb.h
[7.800s] -- Up-to-date: /home/nvidia/workspace/alan/src/AMR_ros2_slam_nav2/install/cartographer/include/cartographer/mapping/proto/submap_visualization.pb.h
[7.801s] -- Up-to-date: /home/nvidia/workspace/alan/src/AMR_ros2_slam_nav2/install/cartographer/include/cartographer/mapping/proto/trajectory.pb.h
[7.801s] -- Up-to-date: /home/nvidia/workspace/alan/src/AMR_ros2_slam_nav2/install/cartographer/include/cartographer/mapping/proto/trajectory_builder_options.pb.h
[7.801s] -- Up-to-date: /home/nvidia/workspace/alan/src/AMR_ros2_slam_nav2/install/cartographer/include/cartographer/mapping/proto/trajectory_node_data.pb.h
[7.802s] -- Up-to-date: /home/nvidia/workspace/alan/src/AMR_ros2_slam_nav2/install/cartographer/include/cartographer/sensor/proto/adaptive_voxel_filter_options.pb.h
[7.802s] -- Up-to-date: /home/nvidia/workspace/alan/src/AMR_ros2_slam_nav2/install/cartographer/include/cartographer/sensor/proto/sensor.pb.h
[7.803s] -- Up-to-date: /home/nvidia/workspace/alan/src/AMR_ros2_slam_nav2/install/cartographer/include/cartographer/transform/proto/transform.pb.h
[7.803s] -- Up-to-date: /home/nvidia/workspace/alan/src/AMR_ros2_slam_nav2/install/cartographer/share/cartographer/cmake/CartographerTargets.cmake
[7.803s] -- Up-to-date: /home/nvidia/workspace/alan/src/AMR_ros2_slam_nav2/install/cartographer/share/cartographer/cmake/CartographerTargets-release.cmake
[7.804s] -- Up-to-date: /home/nvidia/workspace/alan/src/AMR_ros2_slam_nav2/install/cartographer/share/cartographer/cartographer-config.cmake
[7.805s] Invoked command in '/home/nvidia/workspace/alan/src/AMR_ros2_slam_nav2/build/cartographer' returned '0': CMAKE_PREFIX_PATH=${CMAKE_PREFIX_PATH}:/home/nvidia/workspace/alan/AMR/install/turtlebot3_teleop:/home/nvidia/workspace/alan/AMR/install/turtlebot3_example:/home/nvidia/workspace/alan/AMR/install/opencv_tests:/home/nvidia/workspace/alan/AMR/install/nav2_gazebo_spawner /usr/local/bin/cmake --install /home/nvidia/workspace/alan/src/AMR_ros2_slam_nav2/build/cartographer
