[  2%] Built target gazebo_ros_vacuum_gripper
[  4%] Built target gazebo_ros_hand_of_god
[  7%] Built target gazebo_ros_ackermann_drive
[  9%] Built target gazebo_ros_planar_move
[ 12%] Built target gazebo_ros_template
[ 14%] Built target gazebo_ros_force
[ 17%] Built target gazebo_ros_diff_drive
[ 19%] Built target gazebo_ros_joint_pose_trajectory
[ 21%] Built target multi_camera_plugin
[ 24%] Built target gazebo_ros_joint_state_publisher
[ 26%] Built target gazebo_ros_imu_sensor
[ 29%] Built target gazebo_ros_elevator
[ 31%] Built target gazebo_ros_ray_sensor
[ 34%] Built target gazebo_ros_gps_sensor
[ 36%] Built target gazebo_ros_p3d
[ 39%] Built target gazebo_ros_video
[ 41%] Built target gtest
[ 43%] Built target gazebo_ros_harness
[ 46%] Built target gazebo_ros_projector
[ 48%] Built target gazebo_ros_bumper
[ 51%] Built target gazebo_ros_camera
[ 53%] Built target gtest_main
[ 56%] Built target gazebo_ros_tricycle_drive
[ 58%] Built target gazebo_ros_ft_sensor
[ 60%] Built target test_gazebo_ros_vacuum_gripper
[ 63%] Built target test_gazebo_ros_force
[ 65%] Built target test_gazebo_ros_ackermann_drive
[ 68%] Built target test_gazebo_ros_hand_of_god
[ 70%] Built target test_gazebo_ros_diff_drive
[ 73%] Built target test_gazebo_ros_ft_sensor
[ 75%] Built target test_gazebo_ros_elevator
[ 78%] Built target test_gazebo_ros_joint_pose_trajectory
[ 80%] Built target test_gazebo_ros_harness
[ 82%] Built target test_gazebo_ros_imu_sensor
[ 85%] Built target test_gazebo_ros_planar_move
[ 87%] Built target test_gazebo_ros_p3d
[ 90%] Built target test_gazebo_ros_joint_state_publisher
[ 92%] Built target test_gazebo_ros_gps_sensor
[ 95%] Built target test_gazebo_ros_ray_sensor
[ 97%] Built target test_gazebo_ros_bumper
[100%] Built target test_gazebo_ros_tricycle_drive
-- Install configuration: ""
-- Up-to-date: /home/nvidia/workspace/alan/src/AMR_ros2_slam_nav2/install/gazebo_plugins/share/gazebo_plugins/environment/library_path.sh
-- Up-to-date: /home/nvidia/workspace/alan/src/AMR_ros2_slam_nav2/install/gazebo_plugins/share/gazebo_plugins/environment/library_path.dsv
-- Up-to-date: /home/nvidia/workspace/alan/src/AMR_ros2_slam_nav2/install/gazebo_plugins/share/gazebo_plugins/environment/gazebo_plugins.sh
-- Up-to-date: /home/nvidia/workspace/alan/src/AMR_ros2_slam_nav2/install/gazebo_plugins/share/gazebo_plugins/environment/gazebo_plugins.dsv
-- Up-to-date: /home/nvidia/workspace/alan/src/AMR_ros2_slam_nav2/install/gazebo_plugins/share/ament_index/resource_index/package_run_dependencies/gazebo_plugins
-- Up-to-date: /home/nvidia/workspace/alan/src/AMR_ros2_slam_nav2/install/gazebo_plugins/share/ament_index/resource_index/parent_prefix_path/gazebo_plugins
-- Up-to-date: /home/nvidia/workspace/alan/src/AMR_ros2_slam_nav2/install/gazebo_plugins/share/gazebo_plugins/environment/ament_prefix_path.sh
-- Up-to-date: /home/nvidia/workspace/alan/src/AMR_ros2_slam_nav2/install/gazebo_plugins/share/gazebo_plugins/environment/ament_prefix_path.dsv
-- Up-to-date: /home/nvidia/workspace/alan/src/AMR_ros2_slam_nav2/install/gazebo_plugins/share/gazebo_plugins/environment/path.sh
-- Up-to-date: /home/nvidia/workspace/alan/src/AMR_ros2_slam_nav2/install/gazebo_plugins/share/gazebo_plugins/environment/path.dsv
-- Up-to-date: /home/nvidia/workspace/alan/src/AMR_ros2_slam_nav2/install/gazebo_plugins/share/gazebo_plugins/local_setup.bash
-- Up-to-date: /home/nvidia/workspace/alan/src/AMR_ros2_slam_nav2/install/gazebo_plugins/share/gazebo_plugins/local_setup.sh
-- Up-to-date: /home/nvidia/workspace/alan/src/AMR_ros2_slam_nav2/install/gazebo_plugins/share/gazebo_plugins/local_setup.zsh
-- Up-to-date: /home/nvidia/workspace/alan/src/AMR_ros2_slam_nav2/install/gazebo_plugins/share/gazebo_plugins/local_setup.dsv
-- Installing: /home/nvidia/workspace/alan/src/AMR_ros2_slam_nav2/install/gazebo_plugins/share/gazebo_plugins/package.dsv
-- Up-to-date: /home/nvidia/workspace/alan/src/AMR_ros2_slam_nav2/install/gazebo_plugins/share/ament_index/resource_index/packages/gazebo_plugins
-- Up-to-date: /home/nvidia/workspace/alan/src/AMR_ros2_slam_nav2/install/gazebo_plugins/share/gazebo_plugins/cmake/ament_cmake_export_libraries-extras.cmake
-- Up-to-date: /home/nvidia/workspace/alan/src/AMR_ros2_slam_nav2/install/gazebo_plugins/share/gazebo_plugins/cmake/ament_cmake_export_include_directories-extras.cmake
-- Up-to-date: /home/nvidia/workspace/alan/src/AMR_ros2_slam_nav2/install/gazebo_plugins/share/gazebo_plugins/cmake/ament_cmake_export_dependencies-extras.cmake
-- Up-to-date: /home/nvidia/workspace/alan/src/AMR_ros2_slam_nav2/install/gazebo_plugins/share/gazebo_plugins/cmake/gazebo_pluginsConfig.cmake
-- Up-to-date: /home/nvidia/workspace/alan/src/AMR_ros2_slam_nav2/install/gazebo_plugins/share/gazebo_plugins/cmake/gazebo_pluginsConfig-version.cmake
-- Up-to-date: /home/nvidia/workspace/alan/src/AMR_ros2_slam_nav2/install/gazebo_plugins/share/gazebo_plugins/package.xml
-- Up-to-date: /home/nvidia/workspace/alan/src/AMR_ros2_slam_nav2/install/gazebo_plugins/include
-- Up-to-date: /home/nvidia/workspace/alan/src/AMR_ros2_slam_nav2/install/gazebo_plugins/include/gazebo_plugins
-- Up-to-date: /home/nvidia/workspace/alan/src/AMR_ros2_slam_nav2/install/gazebo_plugins/include/gazebo_plugins/gazebo_ros_ft_sensor.hpp
-- Up-to-date: /home/nvidia/workspace/alan/src/AMR_ros2_slam_nav2/install/gazebo_plugins/include/gazebo_plugins/gazebo_ros_force.hpp
-- Up-to-date: /home/nvidia/workspace/alan/src/AMR_ros2_slam_nav2/install/gazebo_plugins/include/gazebo_plugins/gazebo_ros_bumper.hpp
-- Up-to-date: /home/nvidia/workspace/alan/src/AMR_ros2_slam_nav2/install/gazebo_plugins/include/gazebo_plugins/gazebo_ros_tricycle_drive.hpp
-- Up-to-date: /home/nvidia/workspace/alan/src/AMR_ros2_slam_nav2/install/gazebo_plugins/include/gazebo_plugins/gazebo_ros_camera.hpp
-- Up-to-date: /home/nvidia/workspace/alan/src/AMR_ros2_slam_nav2/install/gazebo_plugins/include/gazebo_plugins/gazebo_ros_joint_pose_trajectory.hpp
-- Up-to-date: /home/nvidia/workspace/alan/src/AMR_ros2_slam_nav2/install/gazebo_plugins/include/gazebo_plugins/gazebo_ros_joint_state_publisher.hpp
-- Up-to-date: /home/nvidia/workspace/alan/src/AMR_ros2_slam_nav2/install/gazebo_plugins/include/gazebo_plugins/gazebo_ros_template.hpp
-- Up-to-date: /home/nvidia/workspace/alan/src/AMR_ros2_slam_nav2/install/gazebo_plugins/include/gazebo_plugins/gazebo_ros_imu_sensor.hpp
-- Up-to-date: /home/nvidia/workspace/alan/src/AMR_ros2_slam_nav2/install/gazebo_plugins/include/gazebo_plugins/gazebo_ros_gps_sensor.hpp
-- Up-to-date: /home/nvidia/workspace/alan/src/AMR_ros2_slam_nav2/install/gazebo_plugins/include/gazebo_plugins/gazebo_ros_harness.hpp
-- Up-to-date: /home/nvidia/workspace/alan/src/AMR_ros2_slam_nav2/install/gazebo_plugins/include/gazebo_plugins/gazebo_ros_video.hpp
-- Up-to-date: /home/nvidia/workspace/alan/src/AMR_ros2_slam_nav2/install/gazebo_plugins/include/gazebo_plugins/gazebo_ros_vacuum_gripper.hpp
-- Up-to-date: /home/nvidia/workspace/alan/src/AMR_ros2_slam_nav2/install/gazebo_plugins/include/gazebo_plugins/gazebo_ros_planar_move.hpp
-- Up-to-date: /home/nvidia/workspace/alan/src/AMR_ros2_slam_nav2/install/gazebo_plugins/include/gazebo_plugins/gazebo_ros_diff_drive.hpp
-- Up-to-date: /home/nvidia/workspace/alan/src/AMR_ros2_slam_nav2/install/gazebo_plugins/include/gazebo_plugins/gazebo_ros_wheel_slip.hpp
-- Up-to-date: /home/nvidia/workspace/alan/src/AMR_ros2_slam_nav2/install/gazebo_plugins/include/gazebo_plugins/multi_camera_plugin.hpp
-- Up-to-date: /home/nvidia/workspace/alan/src/AMR_ros2_slam_nav2/install/gazebo_plugins/include/gazebo_plugins/gazebo_ros_ackermann_drive.hpp
-- Up-to-date: /home/nvidia/workspace/alan/src/AMR_ros2_slam_nav2/install/gazebo_plugins/include/gazebo_plugins/gazebo_ros_hand_of_god.hpp
-- Up-to-date: /home/nvidia/workspace/alan/src/AMR_ros2_slam_nav2/install/gazebo_plugins/include/gazebo_plugins/gazebo_ros_p3d.hpp
-- Up-to-date: /home/nvidia/workspace/alan/src/AMR_ros2_slam_nav2/install/gazebo_plugins/include/gazebo_plugins/gazebo_ros_projector.hpp
-- Up-to-date: /home/nvidia/workspace/alan/src/AMR_ros2_slam_nav2/install/gazebo_plugins/include/gazebo_plugins/gazebo_ros_elevator.hpp
-- Up-to-date: /home/nvidia/workspace/alan/src/AMR_ros2_slam_nav2/install/gazebo_plugins/include/gazebo_plugins/gazebo_ros_ray_sensor.hpp
-- Up-to-date: /home/nvidia/workspace/alan/src/AMR_ros2_slam_nav2/install/gazebo_plugins/lib/libgazebo_ros_ackermann_drive.so
-- Up-to-date: /home/nvidia/workspace/alan/src/AMR_ros2_slam_nav2/install/gazebo_plugins/lib/libgazebo_ros_bumper.so
-- Up-to-date: /home/nvidia/workspace/alan/src/AMR_ros2_slam_nav2/install/gazebo_plugins/lib/libgazebo_ros_camera.so
-- Up-to-date: /home/nvidia/workspace/alan/src/AMR_ros2_slam_nav2/install/gazebo_plugins/lib/libgazebo_ros_diff_drive.so
-- Up-to-date: /home/nvidia/workspace/alan/src/AMR_ros2_slam_nav2/install/gazebo_plugins/lib/libgazebo_ros_elevator.so
-- Up-to-date: /home/nvidia/workspace/alan/src/AMR_ros2_slam_nav2/install/gazebo_plugins/lib/libgazebo_ros_force.so
-- Up-to-date: /home/nvidia/workspace/alan/src/AMR_ros2_slam_nav2/install/gazebo_plugins/lib/libgazebo_ros_ft_sensor.so
-- Up-to-date: /home/nvidia/workspace/alan/src/AMR_ros2_slam_nav2/install/gazebo_plugins/lib/libgazebo_ros_hand_of_god.so
-- Up-to-date: /home/nvidia/workspace/alan/src/AMR_ros2_slam_nav2/install/gazebo_plugins/lib/libgazebo_ros_harness.so
-- Up-to-date: /home/nvidia/workspace/alan/src/AMR_ros2_slam_nav2/install/gazebo_plugins/lib/libgazebo_ros_imu_sensor.so
-- Up-to-date: /home/nvidia/workspace/alan/src/AMR_ros2_slam_nav2/install/gazebo_plugins/lib/libgazebo_ros_gps_sensor.so
-- Up-to-date: /home/nvidia/workspace/alan/src/AMR_ros2_slam_nav2/install/gazebo_plugins/lib/libgazebo_ros_joint_pose_trajectory.so
-- Up-to-date: /home/nvidia/workspace/alan/src/AMR_ros2_slam_nav2/install/gazebo_plugins/lib/libgazebo_ros_joint_state_publisher.so
-- Up-to-date: /home/nvidia/workspace/alan/src/AMR_ros2_slam_nav2/install/gazebo_plugins/lib/libgazebo_ros_planar_move.so
-- Up-to-date: /home/nvidia/workspace/alan/src/AMR_ros2_slam_nav2/install/gazebo_plugins/lib/libgazebo_ros_projector.so
-- Up-to-date: /home/nvidia/workspace/alan/src/AMR_ros2_slam_nav2/install/gazebo_plugins/lib/libgazebo_ros_ray_sensor.so
-- Up-to-date: /home/nvidia/workspace/alan/src/AMR_ros2_slam_nav2/install/gazebo_plugins/lib/libgazebo_ros_p3d.so
-- Up-to-date: /home/nvidia/workspace/alan/src/AMR_ros2_slam_nav2/install/gazebo_plugins/lib/libgazebo_ros_template.so
-- Up-to-date: /home/nvidia/workspace/alan/src/AMR_ros2_slam_nav2/install/gazebo_plugins/lib/libgazebo_ros_tricycle_drive.so
-- Up-to-date: /home/nvidia/workspace/alan/src/AMR_ros2_slam_nav2/install/gazebo_plugins/lib/libgazebo_ros_vacuum_gripper.so
-- Up-to-date: /home/nvidia/workspace/alan/src/AMR_ros2_slam_nav2/install/gazebo_plugins/lib/libgazebo_ros_video.so
-- Up-to-date: /home/nvidia/workspace/alan/src/AMR_ros2_slam_nav2/install/gazebo_plugins/lib/libmulti_camera_plugin.so
-- Up-to-date: /home/nvidia/workspace/alan/src/AMR_ros2_slam_nav2/install/gazebo_plugins/share/gazebo_plugins//worlds
-- Up-to-date: /home/nvidia/workspace/alan/src/AMR_ros2_slam_nav2/install/gazebo_plugins/share/gazebo_plugins//worlds/gazebo_ros_camera_demo.world
-- Up-to-date: /home/nvidia/workspace/alan/src/AMR_ros2_slam_nav2/install/gazebo_plugins/share/gazebo_plugins//worlds/gazebo_ros_skid_steer_drive_demo.world
-- Up-to-date: /home/nvidia/workspace/alan/src/AMR_ros2_slam_nav2/install/gazebo_plugins/share/gazebo_plugins//worlds/gazebo_ros_multicamera_demo.world
-- Up-to-date: /home/nvidia/workspace/alan/src/AMR_ros2_slam_nav2/install/gazebo_plugins/share/gazebo_plugins//worlds/gazebo_ros_p3d_demo.world
-- Up-to-date: /home/nvidia/workspace/alan/src/AMR_ros2_slam_nav2/install/gazebo_plugins/share/gazebo_plugins//worlds/gazebo_ros_tricycle_drive_demo.world
-- Up-to-date: /home/nvidia/workspace/alan/src/AMR_ros2_slam_nav2/install/gazebo_plugins/share/gazebo_plugins//worlds/gazebo_ros_ackermann_drive_demo.world
-- Up-to-date: /home/nvidia/workspace/alan/src/AMR_ros2_slam_nav2/install/gazebo_plugins/share/gazebo_plugins//worlds/gazebo_ros_camera_distortion_barrel_demo.world
-- Up-to-date: /home/nvidia/workspace/alan/src/AMR_ros2_slam_nav2/install/gazebo_plugins/share/gazebo_plugins//worlds/gazebo_ros_bumper_demo.world
-- Up-to-date: /home/nvidia/workspace/alan/src/AMR_ros2_slam_nav2/install/gazebo_plugins/share/gazebo_plugins//worlds/gazebo_ros_ft_sensor_demo.world
-- Up-to-date: /home/nvidia/workspace/alan/src/AMR_ros2_slam_nav2/install/gazebo_plugins/share/gazebo_plugins//worlds/gazebo_ros_depth_camera_demo.world
-- Up-to-date: /home/nvidia/workspace/alan/src/AMR_ros2_slam_nav2/install/gazebo_plugins/share/gazebo_plugins//worlds/gazebo_ros_gps_sensor_demo.world
-- Up-to-date: /home/nvidia/workspace/alan/src/AMR_ros2_slam_nav2/install/gazebo_plugins/share/gazebo_plugins//worlds/gazebo_ros_template_demo.world
-- Up-to-date: /home/nvidia/workspace/alan/src/AMR_ros2_slam_nav2/install/gazebo_plugins/share/gazebo_plugins//worlds/gazebo_ros_hand_of_god_demo.world
-- Up-to-date: /home/nvidia/workspace/alan/src/AMR_ros2_slam_nav2/install/gazebo_plugins/share/gazebo_plugins//worlds/gazebo_ros_ray_sensor_demo.world
-- Up-to-date: /home/nvidia/workspace/alan/src/AMR_ros2_slam_nav2/install/gazebo_plugins/share/gazebo_plugins//worlds/gazebo_ros_wheel_slip_demo.world
-- Up-to-date: /home/nvidia/workspace/alan/src/AMR_ros2_slam_nav2/install/gazebo_plugins/share/gazebo_plugins//worlds/gazebo_ros_planar_move_demo.world
-- Up-to-date: /home/nvidia/workspace/alan/src/AMR_ros2_slam_nav2/install/gazebo_plugins/share/gazebo_plugins//worlds/gazebo_ros_projector_demo.world
-- Up-to-date: /home/nvidia/workspace/alan/src/AMR_ros2_slam_nav2/install/gazebo_plugins/share/gazebo_plugins//worlds/gazebo_ros_video_demo.world
-- Up-to-date: /home/nvidia/workspace/alan/src/AMR_ros2_slam_nav2/install/gazebo_plugins/share/gazebo_plugins//worlds/gazebo_ros_diff_drive_demo.world
-- Up-to-date: /home/nvidia/workspace/alan/src/AMR_ros2_slam_nav2/install/gazebo_plugins/share/gazebo_plugins//worlds/gazebo_ros_elevator_demo.world
-- Up-to-date: /home/nvidia/workspace/alan/src/AMR_ros2_slam_nav2/install/gazebo_plugins/share/gazebo_plugins//worlds/gazebo_ros_camera_triggered_demo.world
-- Up-to-date: /home/nvidia/workspace/alan/src/AMR_ros2_slam_nav2/install/gazebo_plugins/share/gazebo_plugins//worlds/gazebo_ros_joint_pose_trajectory_demo.world
-- Up-to-date: /home/nvidia/workspace/alan/src/AMR_ros2_slam_nav2/install/gazebo_plugins/share/gazebo_plugins//worlds/gazebo_ros_camera_distortion_pincushion_demo.world
-- Up-to-date: /home/nvidia/workspace/alan/src/AMR_ros2_slam_nav2/install/gazebo_plugins/share/gazebo_plugins//worlds/gazebo_ros_joint_state_publisher_demo.world
-- Up-to-date: /home/nvidia/workspace/alan/src/AMR_ros2_slam_nav2/install/gazebo_plugins/share/gazebo_plugins//worlds/gazebo_ros_harness_demo.world
-- Up-to-date: /home/nvidia/workspace/alan/src/AMR_ros2_slam_nav2/install/gazebo_plugins/share/gazebo_plugins//worlds/gazebo_ros_multi_camera_demo.world
-- Up-to-date: /home/nvidia/workspace/alan/src/AMR_ros2_slam_nav2/install/gazebo_plugins/share/gazebo_plugins//worlds/gazebo_ros_vacuum_gripper_demo.world
-- Up-to-date: /home/nvidia/workspace/alan/src/AMR_ros2_slam_nav2/install/gazebo_plugins/share/gazebo_plugins//worlds/gazebo_ros_force_demo.world
