-- The C compiler identification is GNU 7.5.0
-- The CXX compiler identification is GNU 7.5.0
-- Check for working C compiler: /usr/bin/cc
-- Check for working C compiler: /usr/bin/cc -- works
-- Detecting C compiler ABI info
-- Detecting C compiler ABI info - done
-- Detecting C compile features
-- Detecting C compile features - done
-- Check for working CXX compiler: /usr/bin/c++
-- Check for working CXX compiler: /usr/bin/c++ -- works
-- Detecting CXX compiler ABI info
-- Detecting CXX compiler ABI info - done
-- Detecting CXX compile features
-- Detecting CXX compile features - done
-- Found ament_cmake: 0.9.9 (/home/workspace/ros2/install/share/ament_cmake/cmake)
-- Found PythonInterp: /usr/bin/python3 (found suitable version "3.6.9", minimum required is "3") 
-- Using PYTHON_EXECUTABLE: /usr/bin/python3
-- Found geometry_msgs: 2.0.4 (/home/workspace/ros2/install/share/geometry_msgs/cmake)
-- Using all available rosidl_typesupport_c: rosidl_typesupport_fastrtps_c;rosidl_typesupport_introspection_c
-- Found rosidl_adapter: 1.2.1 (/home/workspace/ros2/install/share/rosidl_adapter/cmake)
-- Found OpenSSL: /usr/lib/aarch64-linux-gnu/libcrypto.so (found version "1.1.1")  
-- Found FastRTPS: /home/workspace/ros2/install/include  
-- Using all available rosidl_typesupport_cpp: rosidl_typesupport_fastrtps_cpp;rosidl_typesupport_introspection_cpp
-- Found rclcpp: 2.4.0 (/home/workspace/ros2/install/share/rclcpp/cmake)
-- Found rmw_implementation_cmake: 1.0.3 (/home/workspace/ros2/install/share/rmw_implementation_cmake/cmake)
-- Using RMW implementation 'rmw_fastrtps_cpp' as default
-- Looking for pthread.h
-- Looking for pthread.h - found
-- Performing Test CMAKE_HAVE_LIBC_PTHREAD
-- Performing Test CMAKE_HAVE_LIBC_PTHREAD - Failed
-- Looking for pthread_create in pthreads
-- Looking for pthread_create in pthreads - not found
-- Looking for pthread_create in pthread
-- Looking for pthread_create in pthread - found
-- Found Threads: TRUE  
-- Found rclpy: 1.0.7 (/home/workspace/ros2/install/share/rclpy/cmake)
-- Found ros2_drive_package_msg: 0.0.0 (/home/nvidia/workspace/alan/src/AMR_ros2_slam_nav2/install/ros2_drive_package_msg/share/ros2_drive_package_msg/cmake)
-- Found rosidl_default_generators: 1.0.1 (/home/workspace/ros2/install/share/rosidl_default_generators/cmake)
-- Found move_base_msgs: 2.0.2 (/home/workspace/ros2/install/share/move_base_msgs/cmake)
-- Found nav_msgs: 2.0.4 (/home/workspace/ros2/install/share/nav_msgs/cmake)
-- Found pcl_msgs: 0.2.0 (/home/nvidia/workspace/alan/src/AMR_ros2_slam_nav2/install/pcl_msgs/share/pcl_msgs/cmake)
-- Found tf2: 0.13.12 (/home/workspace/ros2/install/share/tf2/cmake)
-- Found tf2_ros: 0.13.12 (/home/workspace/ros2/install/share/tf2_ros/cmake)
-- Found ament_lint_auto: 0.9.6 (/home/workspace/ros2/install/share/ament_lint_auto/cmake)
-- Added test 'copyright' to check source files copyright and LICENSE
-- Added test 'cppcheck' to perform static code analysis on C / C++ code
-- Configured cppcheck include dirs: /home/nvidia/workspace/alan/src/AMR_ros2_slam_nav2/ros2_driver_for_yhs_ODM/ros2_drive_package_can_ctrol/include
-- Configured cppcheck exclude dirs and/or files: 
-- Added test 'cpplint' to check C / C++ code against the Google style
-- Configured cpplint exclude dirs and/or files: 
-- Added test 'lint_cmake' to check CMake code style
-- Added test 'uncrustify' to check C / C++ code style
-- Configured uncrustify additional arguments: 
-- Added test 'xmllint' to check XML markup files
-- Configuring done
-- Generating done
-- Build files have been written to: /home/nvidia/workspace/alan/src/AMR_ros2_slam_nav2/build/ros2_drive_package_can_ctrol
[35m[1mScanning dependencies of target ros2_drive_package_can_ctrol[0m
[ 50%] [32mBuilding CXX object CMakeFiles/ros2_drive_package_can_ctrol.dir/src/yhs_can_control.cpp.o[0m
[100%] [32m[1mLinking CXX executable ros2_drive_package_can_ctrol[0m
[100%] Built target ros2_drive_package_can_ctrol
-- Install configuration: ""
-- Installing: /home/nvidia/workspace/alan/src/AMR_ros2_slam_nav2/install/ros2_drive_package_can_ctrol/lib/ros2_drive_package_can_ctrol/ros2_drive_package_can_ctrol
-- Set runtime path of "/home/nvidia/workspace/alan/src/AMR_ros2_slam_nav2/install/ros2_drive_package_can_ctrol/lib/ros2_drive_package_can_ctrol/ros2_drive_package_can_ctrol" to ""
-- Installing: /home/nvidia/workspace/alan/src/AMR_ros2_slam_nav2/install/ros2_drive_package_can_ctrol/share/ros2_drive_package_can_ctrol/param
-- Installing: /home/nvidia/workspace/alan/src/AMR_ros2_slam_nav2/install/ros2_drive_package_can_ctrol/share/ros2_drive_package_can_ctrol/param/waffle.yaml
-- Installing: /home/nvidia/workspace/alan/src/AMR_ros2_slam_nav2/install/ros2_drive_package_can_ctrol/share/ros2_drive_package_can_ctrol/param/burger.yaml
-- Installing: /home/nvidia/workspace/alan/src/AMR_ros2_slam_nav2/install/ros2_drive_package_can_ctrol/share/ros2_drive_package_can_ctrol/param/waffle_pi.yaml
-- Installing: /home/nvidia/workspace/alan/src/AMR_ros2_slam_nav2/install/ros2_drive_package_can_ctrol/share/ament_index/resource_index/package_run_dependencies/ros2_drive_package_can_ctrol
-- Installing: /home/nvidia/workspace/alan/src/AMR_ros2_slam_nav2/install/ros2_drive_package_can_ctrol/share/ament_index/resource_index/parent_prefix_path/ros2_drive_package_can_ctrol
-- Installing: /home/nvidia/workspace/alan/src/AMR_ros2_slam_nav2/install/ros2_drive_package_can_ctrol/share/ros2_drive_package_can_ctrol/environment/ament_prefix_path.sh
-- Installing: /home/nvidia/workspace/alan/src/AMR_ros2_slam_nav2/install/ros2_drive_package_can_ctrol/share/ros2_drive_package_can_ctrol/environment/ament_prefix_path.dsv
-- Installing: /home/nvidia/workspace/alan/src/AMR_ros2_slam_nav2/install/ros2_drive_package_can_ctrol/share/ros2_drive_package_can_ctrol/environment/path.sh
-- Installing: /home/nvidia/workspace/alan/src/AMR_ros2_slam_nav2/install/ros2_drive_package_can_ctrol/share/ros2_drive_package_can_ctrol/environment/path.dsv
-- Installing: /home/nvidia/workspace/alan/src/AMR_ros2_slam_nav2/install/ros2_drive_package_can_ctrol/share/ros2_drive_package_can_ctrol/local_setup.bash
-- Installing: /home/nvidia/workspace/alan/src/AMR_ros2_slam_nav2/install/ros2_drive_package_can_ctrol/share/ros2_drive_package_can_ctrol/local_setup.sh
-- Installing: /home/nvidia/workspace/alan/src/AMR_ros2_slam_nav2/install/ros2_drive_package_can_ctrol/share/ros2_drive_package_can_ctrol/local_setup.zsh
-- Installing: /home/nvidia/workspace/alan/src/AMR_ros2_slam_nav2/install/ros2_drive_package_can_ctrol/share/ros2_drive_package_can_ctrol/local_setup.dsv
-- Installing: /home/nvidia/workspace/alan/src/AMR_ros2_slam_nav2/install/ros2_drive_package_can_ctrol/share/ros2_drive_package_can_ctrol/package.dsv
-- Installing: /home/nvidia/workspace/alan/src/AMR_ros2_slam_nav2/install/ros2_drive_package_can_ctrol/share/ament_index/resource_index/packages/ros2_drive_package_can_ctrol
-- Installing: /home/nvidia/workspace/alan/src/AMR_ros2_slam_nav2/install/ros2_drive_package_can_ctrol/share/ros2_drive_package_can_ctrol/cmake/ros2_drive_package_can_ctrolConfig.cmake
-- Installing: /home/nvidia/workspace/alan/src/AMR_ros2_slam_nav2/install/ros2_drive_package_can_ctrol/share/ros2_drive_package_can_ctrol/cmake/ros2_drive_package_can_ctrolConfig-version.cmake
-- Installing: /home/nvidia/workspace/alan/src/AMR_ros2_slam_nav2/install/ros2_drive_package_can_ctrol/share/ros2_drive_package_can_ctrol/package.xml
