[0.190s] Invoking command in '/home/nvidia/workspace/alan/src/AMR_ros2_slam_nav2/build/serial': CMAKE_PREFIX_PATH=${CMAKE_PREFIX_PATH}:/home/nvidia/workspace/alan/AMR/install/turtlebot3_teleop:/home/nvidia/workspace/alan/AMR/install/turtlebot3_example:/home/nvidia/workspace/alan/AMR/install/opencv_tests:/home/nvidia/workspace/alan/AMR/install/nav2_gazebo_spawner /usr/local/bin/cmake --build /home/nvidia/workspace/alan/src/AMR_ros2_slam_nav2/build/serial -- -j8 -l8
[0.371s] [100%] Built target serial
[0.397s] Invoked command in '/home/nvidia/workspace/alan/src/AMR_ros2_slam_nav2/build/serial' returned '0': CMAKE_PREFIX_PATH=${CMAKE_PREFIX_PATH}:/home/nvidia/workspace/alan/AMR/install/turtlebot3_teleop:/home/nvidia/workspace/alan/AMR/install/turtlebot3_example:/home/nvidia/workspace/alan/AMR/install/opencv_tests:/home/nvidia/workspace/alan/AMR/install/nav2_gazebo_spawner /usr/local/bin/cmake --build /home/nvidia/workspace/alan/src/AMR_ros2_slam_nav2/build/serial -- -j8 -l8
[0.714s] Invoking command in '/home/nvidia/workspace/alan/src/AMR_ros2_slam_nav2/build/serial': CMAKE_PREFIX_PATH=${CMAKE_PREFIX_PATH}:/home/nvidia/workspace/alan/AMR/install/turtlebot3_teleop:/home/nvidia/workspace/alan/AMR/install/turtlebot3_example:/home/nvidia/workspace/alan/AMR/install/opencv_tests:/home/nvidia/workspace/alan/AMR/install/nav2_gazebo_spawner /usr/local/bin/cmake --install /home/nvidia/workspace/alan/src/AMR_ros2_slam_nav2/build/serial
[0.737s] -- Install configuration: ""
[0.740s] -- Up-to-date: /home/nvidia/workspace/alan/src/AMR_ros2_slam_nav2/install/serial/lib/libserial.a
[0.741s] -- Up-to-date: /home/nvidia/workspace/alan/src/AMR_ros2_slam_nav2/install/serial/share/serial/environment/library_path.sh
[0.745s] -- Up-to-date: /home/nvidia/workspace/alan/src/AMR_ros2_slam_nav2/install/serial/share/serial/environment/library_path.dsv
[0.746s] -- Up-to-date: /home/nvidia/workspace/alan/src/AMR_ros2_slam_nav2/install/serial/include/serial
[0.747s] -- Up-to-date: /home/nvidia/workspace/alan/src/AMR_ros2_slam_nav2/install/serial/include/serial/v8stdint.h
[0.748s] -- Up-to-date: /home/nvidia/workspace/alan/src/AMR_ros2_slam_nav2/install/serial/include/serial/serial.h
[0.748s] -- Up-to-date: /home/nvidia/workspace/alan/src/AMR_ros2_slam_nav2/install/serial/include/serial/impl
[0.748s] -- Up-to-date: /home/nvidia/workspace/alan/src/AMR_ros2_slam_nav2/install/serial/include/serial/impl/win.h
[0.749s] -- Up-to-date: /home/nvidia/workspace/alan/src/AMR_ros2_slam_nav2/install/serial/include/serial/impl/unix.h
[0.749s] -- Up-to-date: /home/nvidia/workspace/alan/src/AMR_ros2_slam_nav2/install/serial/share/ament_index/resource_index/package_run_dependencies/serial
[0.750s] -- Up-to-date: /home/nvidia/workspace/alan/src/AMR_ros2_slam_nav2/install/serial/share/ament_index/resource_index/parent_prefix_path/serial
[0.750s] -- Up-to-date: /home/nvidia/workspace/alan/src/AMR_ros2_slam_nav2/install/serial/share/serial/environment/ament_prefix_path.sh
[0.750s] -- Up-to-date: /home/nvidia/workspace/alan/src/AMR_ros2_slam_nav2/install/serial/share/serial/environment/ament_prefix_path.dsv
[0.751s] -- Up-to-date: /home/nvidia/workspace/alan/src/AMR_ros2_slam_nav2/install/serial/share/serial/environment/path.sh
[0.751s] -- Up-to-date: /home/nvidia/workspace/alan/src/AMR_ros2_slam_nav2/install/serial/share/serial/environment/path.dsv
[0.752s] -- Up-to-date: /home/nvidia/workspace/alan/src/AMR_ros2_slam_nav2/install/serial/share/serial/local_setup.bash
[0.752s] -- Up-to-date: /home/nvidia/workspace/alan/src/AMR_ros2_slam_nav2/install/serial/share/serial/local_setup.sh
[0.753s] -- Up-to-date: /home/nvidia/workspace/alan/src/AMR_ros2_slam_nav2/install/serial/share/serial/local_setup.zsh
[0.753s] -- Up-to-date: /home/nvidia/workspace/alan/src/AMR_ros2_slam_nav2/install/serial/share/serial/local_setup.dsv
[0.753s] -- Installing: /home/nvidia/workspace/alan/src/AMR_ros2_slam_nav2/install/serial/share/serial/package.dsv
[0.754s] -- Up-to-date: /home/nvidia/workspace/alan/src/AMR_ros2_slam_nav2/install/serial/share/ament_index/resource_index/packages/serial
[0.754s] -- Up-to-date: /home/nvidia/workspace/alan/src/AMR_ros2_slam_nav2/install/serial/share/serial/cmake/ament_cmake_export_include_directories-extras.cmake
[0.754s] -- Up-to-date: /home/nvidia/workspace/alan/src/AMR_ros2_slam_nav2/install/serial/share/serial/cmake/ament_cmake_export_libraries-extras.cmake
[0.755s] -- Up-to-date: /home/nvidia/workspace/alan/src/AMR_ros2_slam_nav2/install/serial/share/serial/cmake/ament_cmake_export_dependencies-extras.cmake
[0.755s] -- Up-to-date: /home/nvidia/workspace/alan/src/AMR_ros2_slam_nav2/install/serial/share/serial/cmake/serialConfig.cmake
[0.755s] -- Up-to-date: /home/nvidia/workspace/alan/src/AMR_ros2_slam_nav2/install/serial/share/serial/cmake/serialConfig-version.cmake
[0.755s] -- Up-to-date: /home/nvidia/workspace/alan/src/AMR_ros2_slam_nav2/install/serial/share/serial/package.xml
[0.757s] Invoked command in '/home/nvidia/workspace/alan/src/AMR_ros2_slam_nav2/build/serial' returned '0': CMAKE_PREFIX_PATH=${CMAKE_PREFIX_PATH}:/home/nvidia/workspace/alan/AMR/install/turtlebot3_teleop:/home/nvidia/workspace/alan/AMR/install/turtlebot3_example:/home/nvidia/workspace/alan/AMR/install/opencv_tests:/home/nvidia/workspace/alan/AMR/install/nav2_gazebo_spawner /usr/local/bin/cmake --install /home/nvidia/workspace/alan/src/AMR_ros2_slam_nav2/build/serial
