[0.099s] Invoking command in '/home/nvidia/workspace/alan/src/AMR_ros2_slam_nav2/build/vision_opencv': AMENT_PREFIX_PATH=/home/nvidia/workspace/alan/src/AMR_ros2_slam_nav2/install/image_geometry:/home/nvidia/workspace/alan/src/AMR_ros2_slam_nav2/install/cv_bridge:${AMENT_PREFIX_PATH} CMAKE_PREFIX_PATH=/home/nvidia/workspace/alan/src/AMR_ros2_slam_nav2/install/image_geometry:/home/nvidia/workspace/alan/src/AMR_ros2_slam_nav2/install/cv_bridge:${CMAKE_PREFIX_PATH} LD_LIBRARY_PATH=/home/nvidia/workspace/alan/src/AMR_ros2_slam_nav2/install/image_geometry/lib:/home/nvidia/workspace/alan/src/AMR_ros2_slam_nav2/install/cv_bridge/lib:/home/workspace/ros2/install/opt/yaml_cpp_vendor/lib:/home/workspace/ros2/install/opt/rviz_ogre_vendor/lib:/home/workspace/ros2/install/lib:/usr/local/cuda-10.2/lib64 PYTHONPATH=/home/nvidia/workspace/alan/src/AMR_ros2_slam_nav2/install/image_geometry/lib/python3.6/site-packages:/home/nvidia/workspace/alan/src/AMR_ros2_slam_nav2/install/cv_bridge/lib/python3.6/site-packages:/home/workspace/ros2/install/lib/python3.6/site-packages:/usr/local/lib:/usr/local/cuda/bin /usr/local/bin/cmake /home/nvidia/workspace/alan/src/AMR_ros2_slam_nav2/vision_opencv/vision_opencv -DCMAKE_INSTALL_PREFIX=/home/nvidia/workspace/alan/src/AMR_ros2_slam_nav2/install/vision_opencv
[0.463s] -- The C compiler identification is GNU 7.5.0
[0.798s] -- The CXX compiler identification is GNU 7.5.0
[0.890s] -- Check for working C compiler: /usr/bin/cc
[1.143s] -- Check for working C compiler: /usr/bin/cc -- works
[1.156s] -- Detecting C compiler ABI info
[1.409s] -- Detecting C compiler ABI info - done
[1.614s] -- Detecting C compile features
[1.619s] -- Detecting C compile features - done
[1.651s] -- Check for working CXX compiler: /usr/bin/c++
[1.896s] -- Check for working CXX compiler: /usr/bin/c++ -- works
[1.917s] -- Detecting CXX compiler ABI info
[2.211s] -- Detecting CXX compiler ABI info - done
[2.476s] -- Detecting CXX compile features
[2.488s] -- Detecting CXX compile features - done
[2.511s] -- Found ament_cmake: 0.9.9 (/home/workspace/ros2/install/share/ament_cmake/cmake)
[2.679s] -- Found PythonInterp: /usr/bin/python3 (found suitable version "3.6.9", minimum required is "3") 
[2.680s] -- Using PYTHON_EXECUTABLE: /usr/bin/python3
[4.391s] -- Configuring done
[4.410s] -- Generating done
[4.419s] -- Build files have been written to: /home/nvidia/workspace/alan/src/AMR_ros2_slam_nav2/build/vision_opencv
[4.438s] Invoked command in '/home/nvidia/workspace/alan/src/AMR_ros2_slam_nav2/build/vision_opencv' returned '0': AMENT_PREFIX_PATH=/home/nvidia/workspace/alan/src/AMR_ros2_slam_nav2/install/image_geometry:/home/nvidia/workspace/alan/src/AMR_ros2_slam_nav2/install/cv_bridge:${AMENT_PREFIX_PATH} CMAKE_PREFIX_PATH=/home/nvidia/workspace/alan/src/AMR_ros2_slam_nav2/install/image_geometry:/home/nvidia/workspace/alan/src/AMR_ros2_slam_nav2/install/cv_bridge:${CMAKE_PREFIX_PATH} LD_LIBRARY_PATH=/home/nvidia/workspace/alan/src/AMR_ros2_slam_nav2/install/image_geometry/lib:/home/nvidia/workspace/alan/src/AMR_ros2_slam_nav2/install/cv_bridge/lib:/home/workspace/ros2/install/opt/yaml_cpp_vendor/lib:/home/workspace/ros2/install/opt/rviz_ogre_vendor/lib:/home/workspace/ros2/install/lib:/usr/local/cuda-10.2/lib64 PYTHONPATH=/home/nvidia/workspace/alan/src/AMR_ros2_slam_nav2/install/image_geometry/lib/python3.6/site-packages:/home/nvidia/workspace/alan/src/AMR_ros2_slam_nav2/install/cv_bridge/lib/python3.6/site-packages:/home/workspace/ros2/install/lib/python3.6/site-packages:/usr/local/lib:/usr/local/cuda/bin /usr/local/bin/cmake /home/nvidia/workspace/alan/src/AMR_ros2_slam_nav2/vision_opencv/vision_opencv -DCMAKE_INSTALL_PREFIX=/home/nvidia/workspace/alan/src/AMR_ros2_slam_nav2/install/vision_opencv
[4.441s] Invoking command in '/home/nvidia/workspace/alan/src/AMR_ros2_slam_nav2/build/vision_opencv': AMENT_PREFIX_PATH=/home/nvidia/workspace/alan/src/AMR_ros2_slam_nav2/install/image_geometry:/home/nvidia/workspace/alan/src/AMR_ros2_slam_nav2/install/cv_bridge:${AMENT_PREFIX_PATH} CMAKE_PREFIX_PATH=/home/nvidia/workspace/alan/src/AMR_ros2_slam_nav2/install/image_geometry:/home/nvidia/workspace/alan/src/AMR_ros2_slam_nav2/install/cv_bridge:${CMAKE_PREFIX_PATH} LD_LIBRARY_PATH=/home/nvidia/workspace/alan/src/AMR_ros2_slam_nav2/install/image_geometry/lib:/home/nvidia/workspace/alan/src/AMR_ros2_slam_nav2/install/cv_bridge/lib:/home/workspace/ros2/install/opt/yaml_cpp_vendor/lib:/home/workspace/ros2/install/opt/rviz_ogre_vendor/lib:/home/workspace/ros2/install/lib:/usr/local/cuda-10.2/lib64 PYTHONPATH=/home/nvidia/workspace/alan/src/AMR_ros2_slam_nav2/install/image_geometry/lib/python3.6/site-packages:/home/nvidia/workspace/alan/src/AMR_ros2_slam_nav2/install/cv_bridge/lib/python3.6/site-packages:/home/workspace/ros2/install/lib/python3.6/site-packages:/usr/local/lib:/usr/local/cuda/bin /usr/local/bin/cmake --build /home/nvidia/workspace/alan/src/AMR_ros2_slam_nav2/build/vision_opencv -- -j8 -l8
[4.532s] Invoked command in '/home/nvidia/workspace/alan/src/AMR_ros2_slam_nav2/build/vision_opencv' returned '0': AMENT_PREFIX_PATH=/home/nvidia/workspace/alan/src/AMR_ros2_slam_nav2/install/image_geometry:/home/nvidia/workspace/alan/src/AMR_ros2_slam_nav2/install/cv_bridge:${AMENT_PREFIX_PATH} CMAKE_PREFIX_PATH=/home/nvidia/workspace/alan/src/AMR_ros2_slam_nav2/install/image_geometry:/home/nvidia/workspace/alan/src/AMR_ros2_slam_nav2/install/cv_bridge:${CMAKE_PREFIX_PATH} LD_LIBRARY_PATH=/home/nvidia/workspace/alan/src/AMR_ros2_slam_nav2/install/image_geometry/lib:/home/nvidia/workspace/alan/src/AMR_ros2_slam_nav2/install/cv_bridge/lib:/home/workspace/ros2/install/opt/yaml_cpp_vendor/lib:/home/workspace/ros2/install/opt/rviz_ogre_vendor/lib:/home/workspace/ros2/install/lib:/usr/local/cuda-10.2/lib64 PYTHONPATH=/home/nvidia/workspace/alan/src/AMR_ros2_slam_nav2/install/image_geometry/lib/python3.6/site-packages:/home/nvidia/workspace/alan/src/AMR_ros2_slam_nav2/install/cv_bridge/lib/python3.6/site-packages:/home/workspace/ros2/install/lib/python3.6/site-packages:/usr/local/lib:/usr/local/cuda/bin /usr/local/bin/cmake --build /home/nvidia/workspace/alan/src/AMR_ros2_slam_nav2/build/vision_opencv -- -j8 -l8
[4.608s] Invoking command in '/home/nvidia/workspace/alan/src/AMR_ros2_slam_nav2/build/vision_opencv': AMENT_PREFIX_PATH=/home/nvidia/workspace/alan/src/AMR_ros2_slam_nav2/install/image_geometry:/home/nvidia/workspace/alan/src/AMR_ros2_slam_nav2/install/cv_bridge:${AMENT_PREFIX_PATH} CMAKE_PREFIX_PATH=/home/nvidia/workspace/alan/src/AMR_ros2_slam_nav2/install/image_geometry:/home/nvidia/workspace/alan/src/AMR_ros2_slam_nav2/install/cv_bridge:${CMAKE_PREFIX_PATH} LD_LIBRARY_PATH=/home/nvidia/workspace/alan/src/AMR_ros2_slam_nav2/install/image_geometry/lib:/home/nvidia/workspace/alan/src/AMR_ros2_slam_nav2/install/cv_bridge/lib:/home/workspace/ros2/install/opt/yaml_cpp_vendor/lib:/home/workspace/ros2/install/opt/rviz_ogre_vendor/lib:/home/workspace/ros2/install/lib:/usr/local/cuda-10.2/lib64 PYTHONPATH=/home/nvidia/workspace/alan/src/AMR_ros2_slam_nav2/install/image_geometry/lib/python3.6/site-packages:/home/nvidia/workspace/alan/src/AMR_ros2_slam_nav2/install/cv_bridge/lib/python3.6/site-packages:/home/workspace/ros2/install/lib/python3.6/site-packages:/usr/local/lib:/usr/local/cuda/bin /usr/local/bin/cmake --install /home/nvidia/workspace/alan/src/AMR_ros2_slam_nav2/build/vision_opencv
[4.639s] -- Install configuration: ""
[4.644s] -- Installing: /home/nvidia/workspace/alan/src/AMR_ros2_slam_nav2/install/vision_opencv/share/ament_index/resource_index/package_run_dependencies/vision_opencv
[4.647s] -- Installing: /home/nvidia/workspace/alan/src/AMR_ros2_slam_nav2/install/vision_opencv/share/ament_index/resource_index/parent_prefix_path/vision_opencv
[4.651s] -- Installing: /home/nvidia/workspace/alan/src/AMR_ros2_slam_nav2/install/vision_opencv/share/vision_opencv/environment/ament_prefix_path.sh
[4.653s] -- Installing: /home/nvidia/workspace/alan/src/AMR_ros2_slam_nav2/install/vision_opencv/share/vision_opencv/environment/ament_prefix_path.dsv
[4.655s] -- Installing: /home/nvidia/workspace/alan/src/AMR_ros2_slam_nav2/install/vision_opencv/share/vision_opencv/environment/path.sh
[4.658s] -- Installing: /home/nvidia/workspace/alan/src/AMR_ros2_slam_nav2/install/vision_opencv/share/vision_opencv/environment/path.dsv
[4.660s] -- Installing: /home/nvidia/workspace/alan/src/AMR_ros2_slam_nav2/install/vision_opencv/share/vision_opencv/local_setup.bash
[4.663s] -- Installing: /home/nvidia/workspace/alan/src/AMR_ros2_slam_nav2/install/vision_opencv/share/vision_opencv/local_setup.sh
[4.665s] -- Installing: /home/nvidia/workspace/alan/src/AMR_ros2_slam_nav2/install/vision_opencv/share/vision_opencv/local_setup.zsh
[4.667s] -- Installing: /home/nvidia/workspace/alan/src/AMR_ros2_slam_nav2/install/vision_opencv/share/vision_opencv/local_setup.dsv
[4.669s] -- Installing: /home/nvidia/workspace/alan/src/AMR_ros2_slam_nav2/install/vision_opencv/share/vision_opencv/package.dsv
[4.672s] -- Installing: /home/nvidia/workspace/alan/src/AMR_ros2_slam_nav2/install/vision_opencv/share/ament_index/resource_index/packages/vision_opencv
[4.676s] -- Installing: /home/nvidia/workspace/alan/src/AMR_ros2_slam_nav2/install/vision_opencv/share/vision_opencv/cmake/vision_opencvConfig.cmake
[4.678s] -- Installing: /home/nvidia/workspace/alan/src/AMR_ros2_slam_nav2/install/vision_opencv/share/vision_opencv/cmake/vision_opencvConfig-version.cmake
[4.680s] -- Installing: /home/nvidia/workspace/alan/src/AMR_ros2_slam_nav2/install/vision_opencv/share/vision_opencv/package.xml
[4.698s] Invoked command in '/home/nvidia/workspace/alan/src/AMR_ros2_slam_nav2/build/vision_opencv' returned '0': AMENT_PREFIX_PATH=/home/nvidia/workspace/alan/src/AMR_ros2_slam_nav2/install/image_geometry:/home/nvidia/workspace/alan/src/AMR_ros2_slam_nav2/install/cv_bridge:${AMENT_PREFIX_PATH} CMAKE_PREFIX_PATH=/home/nvidia/workspace/alan/src/AMR_ros2_slam_nav2/install/image_geometry:/home/nvidia/workspace/alan/src/AMR_ros2_slam_nav2/install/cv_bridge:${CMAKE_PREFIX_PATH} LD_LIBRARY_PATH=/home/nvidia/workspace/alan/src/AMR_ros2_slam_nav2/install/image_geometry/lib:/home/nvidia/workspace/alan/src/AMR_ros2_slam_nav2/install/cv_bridge/lib:/home/workspace/ros2/install/opt/yaml_cpp_vendor/lib:/home/workspace/ros2/install/opt/rviz_ogre_vendor/lib:/home/workspace/ros2/install/lib:/usr/local/cuda-10.2/lib64 PYTHONPATH=/home/nvidia/workspace/alan/src/AMR_ros2_slam_nav2/install/image_geometry/lib/python3.6/site-packages:/home/nvidia/workspace/alan/src/AMR_ros2_slam_nav2/install/cv_bridge/lib/python3.6/site-packages:/home/workspace/ros2/install/lib/python3.6/site-packages:/usr/local/lib:/usr/local/cuda/bin /usr/local/bin/cmake --install /home/nvidia/workspace/alan/src/AMR_ros2_slam_nav2/build/vision_opencv
