[0.124s] Invoking command in '/home/nvidia/workspace/alan/src/AMR_ros2_slam_nav2/build/nav2_recoveries': AMENT_PREFIX_PATH=/home/nvidia/workspace/alan/src/AMR_ros2_slam_nav2/install/nav2_core:/home/nvidia/workspace/alan/src/AMR_ros2_slam_nav2/install/nav2_costmap_2d:/home/nvidia/workspace/alan/src/AMR_ros2_slam_nav2/install/nav2_behavior_tree:/home/nvidia/workspace/alan/src/AMR_ros2_slam_nav2/install/nav2_util:/home/nvidia/workspace/alan/src/AMR_ros2_slam_nav2/install/nav2_voxel_grid:/home/nvidia/workspace/alan/src/AMR_ros2_slam_nav2/install/nav2_msgs:/home/nvidia/workspace/alan/src/AMR_ros2_slam_nav2/install/nav2_common:${AMENT_PREFIX_PATH} CMAKE_PREFIX_PATH=/home/nvidia/workspace/alan/src/AMR_ros2_slam_nav2/install/nav2_core:/home/nvidia/workspace/alan/src/AMR_ros2_slam_nav2/install/nav2_costmap_2d:/home/nvidia/workspace/alan/src/AMR_ros2_slam_nav2/install/nav2_behavior_tree:/home/nvidia/workspace/alan/src/AMR_ros2_slam_nav2/install/nav2_util:/home/nvidia/workspace/alan/src/AMR_ros2_slam_nav2/install/nav2_voxel_grid:/home/nvidia/workspace/alan/src/AMR_ros2_slam_nav2/install/nav2_msgs:/home/nvidia/workspace/alan/src/AMR_ros2_slam_nav2/install/nav2_common:${CMAKE_PREFIX_PATH} LD_LIBRARY_PATH=/home/nvidia/workspace/alan/src/AMR_ros2_slam_nav2/install/nav2_costmap_2d/lib:/home/nvidia/workspace/alan/src/AMR_ros2_slam_nav2/install/nav2_behavior_tree/lib:/home/nvidia/workspace/alan/src/AMR_ros2_slam_nav2/install/nav2_util/lib:/home/nvidia/workspace/alan/src/AMR_ros2_slam_nav2/install/nav2_voxel_grid/lib:/home/nvidia/workspace/alan/src/AMR_ros2_slam_nav2/install/nav2_msgs/lib:/home/workspace/ros2/install/opt/yaml_cpp_vendor/lib:/home/workspace/ros2/install/opt/rviz_ogre_vendor/lib:/home/workspace/ros2/install/lib:/usr/local/cuda-10.2/lib64 PYTHONPATH=/home/nvidia/workspace/alan/src/AMR_ros2_slam_nav2/install/nav2_msgs/lib/python3.6/site-packages:/home/nvidia/workspace/alan/src/AMR_ros2_slam_nav2/install/nav2_common/lib/python3.6/site-packages:/home/workspace/ros2/install/lib/python3.6/site-packages:/usr/local/lib:/usr/local/cuda/bin /usr/local/bin/cmake /home/nvidia/workspace/alan/src/AMR_ros2_slam_nav2/navigation2/nav2_recoveries -DCMAKE_INSTALL_PREFIX=/home/nvidia/workspace/alan/src/AMR_ros2_slam_nav2/install/nav2_recoveries
[0.469s] -- The C compiler identification is GNU 7.5.0
[0.783s] -- The CXX compiler identification is GNU 7.5.0
[0.852s] -- Check for working C compiler: /usr/bin/cc
[1.067s] -- Check for working C compiler: /usr/bin/cc -- works
[1.078s] -- Detecting C compiler ABI info
[1.357s] -- Detecting C compiler ABI info - done
[1.561s] -- Detecting C compile features
[1.568s] -- Detecting C compile features - done
[1.604s] -- Check for working CXX compiler: /usr/bin/c++
[1.859s] -- Check for working CXX compiler: /usr/bin/c++ -- works
[1.872s] -- Detecting CXX compiler ABI info
[2.125s] -- Detecting CXX compiler ABI info - done
[2.287s] -- Detecting CXX compile features
[2.292s] -- Detecting CXX compile features - done
[2.309s] -- Found ament_cmake: 0.9.9 (/home/workspace/ros2/install/share/ament_cmake/cmake)
[2.440s] -- Found PythonInterp: /usr/bin/python3 (found suitable version "3.6.9", minimum required is "3") 
[2.441s] -- Using PYTHON_EXECUTABLE: /usr/bin/python3
[3.540s] -- Found nav2_common: 0.4.7 (/home/nvidia/workspace/alan/src/AMR_ros2_slam_nav2/install/nav2_common/share/nav2_common/cmake)
[3.550s] -- Found rclcpp: 2.4.0 (/home/workspace/ros2/install/share/rclcpp/cmake)
[3.943s] -- Using all available rosidl_typesupport_c: rosidl_typesupport_fastrtps_c;rosidl_typesupport_introspection_c
[4.011s] -- Found rosidl_adapter: 1.2.1 (/home/workspace/ros2/install/share/rosidl_adapter/cmake)
[4.402s] -- Found OpenSSL: /usr/lib/aarch64-linux-gnu/libcrypto.so (found version "1.1.1")  
[4.558s] -- Found FastRTPS: /home/workspace/ros2/install/include  
[5.321s] -- Using all available rosidl_typesupport_cpp: rosidl_typesupport_fastrtps_cpp;rosidl_typesupport_introspection_cpp
[5.980s] -- Found rmw_implementation_cmake: 1.0.3 (/home/workspace/ros2/install/share/rmw_implementation_cmake/cmake)
[6.002s] -- Using RMW implementation 'rmw_fastrtps_cpp' as default
[6.008s] -- Looking for pthread.h
[6.223s] -- Looking for pthread.h - found
[6.227s] -- Performing Test CMAKE_HAVE_LIBC_PTHREAD
[6.455s] -- Performing Test CMAKE_HAVE_LIBC_PTHREAD - Failed
[6.459s] -- Looking for pthread_create in pthreads
[6.666s] -- Looking for pthread_create in pthreads - not found
[6.670s] -- Looking for pthread_create in pthread
[6.901s] -- Looking for pthread_create in pthread - found
[6.915s] -- Found Threads: TRUE  
[8.710s] -- Found rclcpp_action: 2.4.0 (/home/workspace/ros2/install/share/rclcpp_action/cmake)
[9.637s] -- Found rclcpp_lifecycle: 2.4.0 (/home/workspace/ros2/install/share/rclcpp_lifecycle/cmake)
[9.964s] -- Found nav2_behavior_tree: 0.4.7 (/home/nvidia/workspace/alan/src/AMR_ros2_slam_nav2/install/nav2_behavior_tree/share/nav2_behavior_tree/cmake)
[17.794s] -- Found eigen3_cmake_module: 0.1.1 (/home/workspace/ros2/install/share/eigen3_cmake_module/cmake)
[17.814s] -- Found Eigen3: TRUE (found version "3.3.4") 
[21.013s] -- Found nav2_costmap_2d: 0.4.7 (/home/nvidia/workspace/alan/src/AMR_ros2_slam_nav2/install/nav2_costmap_2d/share/nav2_costmap_2d/cmake)
[26.387s] -- Found nav2_core: 0.4.7 (/home/nvidia/workspace/alan/src/AMR_ros2_slam_nav2/install/nav2_core/share/nav2_core/cmake)
[29.147s] -- Setting build type to Release as none was specified.
[98.674s] -- Found ament_lint_auto: 0.9.6 (/home/workspace/ros2/install/share/ament_lint_auto/cmake)
[99.407s] -- Found gtest sources under '/home/workspace/ros2/install/src/gtest_vendor': C++ tests using 'Google Test' will be built
[99.429s] -- Check if compiler accepts -pthread
[99.644s] -- Check if compiler accepts -pthread - yes
[114.230s] -- Added test 'copyright' to check source files copyright and LICENSE
[114.245s] -- Added test 'cppcheck' to perform static code analysis on C / C++ code
[114.267s] -- Configured cppcheck include dirs: /home/nvidia/workspace/alan/src/AMR_ros2_slam_nav2/navigation2/nav2_recoveries/include
[114.268s] -- Configured cppcheck exclude dirs and/or files: 
[114.278s] -- Added test 'cpplint' to check C / C++ code against the Google style
[114.278s] -- Configured cpplint exclude dirs and/or files: 
[114.289s] -- Added test 'lint_cmake' to check CMake code style
[114.303s] -- Added test 'uncrustify' to check C / C++ code style
[114.304s] -- Configured uncrustify additional arguments: 
[114.312s] -- Added test 'xmllint' to check XML markup files
[114.366s] -- Configuring done
[115.636s] -- Generating done
[115.658s] -- Build files have been written to: /home/nvidia/workspace/alan/src/AMR_ros2_slam_nav2/build/nav2_recoveries
[115.708s] Invoked command in '/home/nvidia/workspace/alan/src/AMR_ros2_slam_nav2/build/nav2_recoveries' returned '0': AMENT_PREFIX_PATH=/home/nvidia/workspace/alan/src/AMR_ros2_slam_nav2/install/nav2_core:/home/nvidia/workspace/alan/src/AMR_ros2_slam_nav2/install/nav2_costmap_2d:/home/nvidia/workspace/alan/src/AMR_ros2_slam_nav2/install/nav2_behavior_tree:/home/nvidia/workspace/alan/src/AMR_ros2_slam_nav2/install/nav2_util:/home/nvidia/workspace/alan/src/AMR_ros2_slam_nav2/install/nav2_voxel_grid:/home/nvidia/workspace/alan/src/AMR_ros2_slam_nav2/install/nav2_msgs:/home/nvidia/workspace/alan/src/AMR_ros2_slam_nav2/install/nav2_common:${AMENT_PREFIX_PATH} CMAKE_PREFIX_PATH=/home/nvidia/workspace/alan/src/AMR_ros2_slam_nav2/install/nav2_core:/home/nvidia/workspace/alan/src/AMR_ros2_slam_nav2/install/nav2_costmap_2d:/home/nvidia/workspace/alan/src/AMR_ros2_slam_nav2/install/nav2_behavior_tree:/home/nvidia/workspace/alan/src/AMR_ros2_slam_nav2/install/nav2_util:/home/nvidia/workspace/alan/src/AMR_ros2_slam_nav2/install/nav2_voxel_grid:/home/nvidia/workspace/alan/src/AMR_ros2_slam_nav2/install/nav2_msgs:/home/nvidia/workspace/alan/src/AMR_ros2_slam_nav2/install/nav2_common:${CMAKE_PREFIX_PATH} LD_LIBRARY_PATH=/home/nvidia/workspace/alan/src/AMR_ros2_slam_nav2/install/nav2_costmap_2d/lib:/home/nvidia/workspace/alan/src/AMR_ros2_slam_nav2/install/nav2_behavior_tree/lib:/home/nvidia/workspace/alan/src/AMR_ros2_slam_nav2/install/nav2_util/lib:/home/nvidia/workspace/alan/src/AMR_ros2_slam_nav2/install/nav2_voxel_grid/lib:/home/nvidia/workspace/alan/src/AMR_ros2_slam_nav2/install/nav2_msgs/lib:/home/workspace/ros2/install/opt/yaml_cpp_vendor/lib:/home/workspace/ros2/install/opt/rviz_ogre_vendor/lib:/home/workspace/ros2/install/lib:/usr/local/cuda-10.2/lib64 PYTHONPATH=/home/nvidia/workspace/alan/src/AMR_ros2_slam_nav2/install/nav2_msgs/lib/python3.6/site-packages:/home/nvidia/workspace/alan/src/AMR_ros2_slam_nav2/install/nav2_common/lib/python3.6/site-packages:/home/workspace/ros2/install/lib/python3.6/site-packages:/usr/local/lib:/usr/local/cuda/bin /usr/local/bin/cmake /home/nvidia/workspace/alan/src/AMR_ros2_slam_nav2/navigation2/nav2_recoveries -DCMAKE_INSTALL_PREFIX=/home/nvidia/workspace/alan/src/AMR_ros2_slam_nav2/install/nav2_recoveries
[115.724s] Invoking command in '/home/nvidia/workspace/alan/src/AMR_ros2_slam_nav2/build/nav2_recoveries': AMENT_PREFIX_PATH=/home/nvidia/workspace/alan/src/AMR_ros2_slam_nav2/install/nav2_core:/home/nvidia/workspace/alan/src/AMR_ros2_slam_nav2/install/nav2_costmap_2d:/home/nvidia/workspace/alan/src/AMR_ros2_slam_nav2/install/nav2_behavior_tree:/home/nvidia/workspace/alan/src/AMR_ros2_slam_nav2/install/nav2_util:/home/nvidia/workspace/alan/src/AMR_ros2_slam_nav2/install/nav2_voxel_grid:/home/nvidia/workspace/alan/src/AMR_ros2_slam_nav2/install/nav2_msgs:/home/nvidia/workspace/alan/src/AMR_ros2_slam_nav2/install/nav2_common:${AMENT_PREFIX_PATH} CMAKE_PREFIX_PATH=/home/nvidia/workspace/alan/src/AMR_ros2_slam_nav2/install/nav2_core:/home/nvidia/workspace/alan/src/AMR_ros2_slam_nav2/install/nav2_costmap_2d:/home/nvidia/workspace/alan/src/AMR_ros2_slam_nav2/install/nav2_behavior_tree:/home/nvidia/workspace/alan/src/AMR_ros2_slam_nav2/install/nav2_util:/home/nvidia/workspace/alan/src/AMR_ros2_slam_nav2/install/nav2_voxel_grid:/home/nvidia/workspace/alan/src/AMR_ros2_slam_nav2/install/nav2_msgs:/home/nvidia/workspace/alan/src/AMR_ros2_slam_nav2/install/nav2_common:${CMAKE_PREFIX_PATH} LD_LIBRARY_PATH=/home/nvidia/workspace/alan/src/AMR_ros2_slam_nav2/install/nav2_costmap_2d/lib:/home/nvidia/workspace/alan/src/AMR_ros2_slam_nav2/install/nav2_behavior_tree/lib:/home/nvidia/workspace/alan/src/AMR_ros2_slam_nav2/install/nav2_util/lib:/home/nvidia/workspace/alan/src/AMR_ros2_slam_nav2/install/nav2_voxel_grid/lib:/home/nvidia/workspace/alan/src/AMR_ros2_slam_nav2/install/nav2_msgs/lib:/home/workspace/ros2/install/opt/yaml_cpp_vendor/lib:/home/workspace/ros2/install/opt/rviz_ogre_vendor/lib:/home/workspace/ros2/install/lib:/usr/local/cuda-10.2/lib64 PYTHONPATH=/home/nvidia/workspace/alan/src/AMR_ros2_slam_nav2/install/nav2_msgs/lib/python3.6/site-packages:/home/nvidia/workspace/alan/src/AMR_ros2_slam_nav2/install/nav2_common/lib/python3.6/site-packages:/home/workspace/ros2/install/lib/python3.6/site-packages:/usr/local/lib:/usr/local/cuda/bin /usr/local/bin/cmake --build /home/nvidia/workspace/alan/src/AMR_ros2_slam_nav2/build/nav2_recoveries -- -j8 -l8
[115.862s] [35m[1mScanning dependencies of target recoveries_server_core[0m
[116.160s] [  6%] [32mBuilding CXX object CMakeFiles/recoveries_server_core.dir/src/recovery_server.cpp.o[0m
[145.658s] [ 12%] [32m[1mLinking CXX static library librecoveries_server_core.a[0m
[145.735s] [ 12%] Built target recoveries_server_core
[145.757s] [35m[1mScanning dependencies of target gtest_main[0m
[145.813s] [ 18%] [32mBuilding CXX object gtest/CMakeFiles/gtest_main.dir/src/gtest_main.cc.o[0m
[148.336s] [ 25%] [32m[1mLinking CXX static library libgtest_main.a[0m
[148.384s] [ 25%] Built target gtest_main
[148.408s] [35m[1mScanning dependencies of target recoveries_server[0m
[148.686s] [ 31%] [32mBuilding CXX object CMakeFiles/recoveries_server.dir/src/main.cpp.o[0m
[160.493s] [ 37%] [32m[1mLinking CXX executable recoveries_server[0m
[162.305s] [ 37%] Built target recoveries_server
[162.324s] [35m[1mScanning dependencies of target gtest[0m
[162.386s] [ 43%] [32mBuilding CXX object gtest/CMakeFiles/gtest.dir/src/gtest-all.cc.o[0m
[187.844s] [ 50%] [32m[1mLinking CXX static library libgtest.a[0m
[188.090s] [ 50%] Built target gtest
[188.180s] [35m[1mScanning dependencies of target nav2_spin_recovery[0m
[188.205s] [35m[1mScanning dependencies of target nav2_backup_recovery[0m
[188.916s] [ 56%] [32mBuilding CXX object CMakeFiles/nav2_backup_recovery.dir/plugins/back_up.cpp.o[0m
[188.928s] [ 62%] [32mBuilding CXX object CMakeFiles/nav2_spin_recovery.dir/plugins/spin.cpp.o[0m
[227.014s] [ 68%] [32m[1mLinking CXX shared library libnav2_backup_recovery.so[0m
[228.140s] [ 75%] [32m[1mLinking CXX shared library libnav2_spin_recovery.so[0m
[229.660s] [ 75%] Built target nav2_backup_recovery
[230.621s] [ 75%] Built target nav2_spin_recovery
[230.712s] [35m[1mScanning dependencies of target test_recoveries[0m
[231.122s] [ 81%] [32mBuilding CXX object test/CMakeFiles/test_recoveries.dir/test_recoveries.cpp.o[0m
[268.211s] [ 87%] [32m[1mLinking CXX executable test_recoveries[0m
[270.311s] [ 87%] Built target test_recoveries
[270.394s] [35m[1mScanning dependencies of target nav2_wait_recovery[0m
[270.856s] [ 93%] [32mBuilding CXX object CMakeFiles/nav2_wait_recovery.dir/plugins/wait.cpp.o[0m
[294.937s] [100%] [32m[1mLinking CXX shared library libnav2_wait_recovery.so[0m
[296.433s] [100%] Built target nav2_wait_recovery
[296.454s] Invoked command in '/home/nvidia/workspace/alan/src/AMR_ros2_slam_nav2/build/nav2_recoveries' returned '0': AMENT_PREFIX_PATH=/home/nvidia/workspace/alan/src/AMR_ros2_slam_nav2/install/nav2_core:/home/nvidia/workspace/alan/src/AMR_ros2_slam_nav2/install/nav2_costmap_2d:/home/nvidia/workspace/alan/src/AMR_ros2_slam_nav2/install/nav2_behavior_tree:/home/nvidia/workspace/alan/src/AMR_ros2_slam_nav2/install/nav2_util:/home/nvidia/workspace/alan/src/AMR_ros2_slam_nav2/install/nav2_voxel_grid:/home/nvidia/workspace/alan/src/AMR_ros2_slam_nav2/install/nav2_msgs:/home/nvidia/workspace/alan/src/AMR_ros2_slam_nav2/install/nav2_common:${AMENT_PREFIX_PATH} CMAKE_PREFIX_PATH=/home/nvidia/workspace/alan/src/AMR_ros2_slam_nav2/install/nav2_core:/home/nvidia/workspace/alan/src/AMR_ros2_slam_nav2/install/nav2_costmap_2d:/home/nvidia/workspace/alan/src/AMR_ros2_slam_nav2/install/nav2_behavior_tree:/home/nvidia/workspace/alan/src/AMR_ros2_slam_nav2/install/nav2_util:/home/nvidia/workspace/alan/src/AMR_ros2_slam_nav2/install/nav2_voxel_grid:/home/nvidia/workspace/alan/src/AMR_ros2_slam_nav2/install/nav2_msgs:/home/nvidia/workspace/alan/src/AMR_ros2_slam_nav2/install/nav2_common:${CMAKE_PREFIX_PATH} LD_LIBRARY_PATH=/home/nvidia/workspace/alan/src/AMR_ros2_slam_nav2/install/nav2_costmap_2d/lib:/home/nvidia/workspace/alan/src/AMR_ros2_slam_nav2/install/nav2_behavior_tree/lib:/home/nvidia/workspace/alan/src/AMR_ros2_slam_nav2/install/nav2_util/lib:/home/nvidia/workspace/alan/src/AMR_ros2_slam_nav2/install/nav2_voxel_grid/lib:/home/nvidia/workspace/alan/src/AMR_ros2_slam_nav2/install/nav2_msgs/lib:/home/workspace/ros2/install/opt/yaml_cpp_vendor/lib:/home/workspace/ros2/install/opt/rviz_ogre_vendor/lib:/home/workspace/ros2/install/lib:/usr/local/cuda-10.2/lib64 PYTHONPATH=/home/nvidia/workspace/alan/src/AMR_ros2_slam_nav2/install/nav2_msgs/lib/python3.6/site-packages:/home/nvidia/workspace/alan/src/AMR_ros2_slam_nav2/install/nav2_common/lib/python3.6/site-packages:/home/workspace/ros2/install/lib/python3.6/site-packages:/usr/local/lib:/usr/local/cuda/bin /usr/local/bin/cmake --build /home/nvidia/workspace/alan/src/AMR_ros2_slam_nav2/build/nav2_recoveries -- -j8 -l8
[296.596s] Invoking command in '/home/nvidia/workspace/alan/src/AMR_ros2_slam_nav2/build/nav2_recoveries': AMENT_PREFIX_PATH=/home/nvidia/workspace/alan/src/AMR_ros2_slam_nav2/install/nav2_core:/home/nvidia/workspace/alan/src/AMR_ros2_slam_nav2/install/nav2_costmap_2d:/home/nvidia/workspace/alan/src/AMR_ros2_slam_nav2/install/nav2_behavior_tree:/home/nvidia/workspace/alan/src/AMR_ros2_slam_nav2/install/nav2_util:/home/nvidia/workspace/alan/src/AMR_ros2_slam_nav2/install/nav2_voxel_grid:/home/nvidia/workspace/alan/src/AMR_ros2_slam_nav2/install/nav2_msgs:/home/nvidia/workspace/alan/src/AMR_ros2_slam_nav2/install/nav2_common:${AMENT_PREFIX_PATH} CMAKE_PREFIX_PATH=/home/nvidia/workspace/alan/src/AMR_ros2_slam_nav2/install/nav2_core:/home/nvidia/workspace/alan/src/AMR_ros2_slam_nav2/install/nav2_costmap_2d:/home/nvidia/workspace/alan/src/AMR_ros2_slam_nav2/install/nav2_behavior_tree:/home/nvidia/workspace/alan/src/AMR_ros2_slam_nav2/install/nav2_util:/home/nvidia/workspace/alan/src/AMR_ros2_slam_nav2/install/nav2_voxel_grid:/home/nvidia/workspace/alan/src/AMR_ros2_slam_nav2/install/nav2_msgs:/home/nvidia/workspace/alan/src/AMR_ros2_slam_nav2/install/nav2_common:${CMAKE_PREFIX_PATH} LD_LIBRARY_PATH=/home/nvidia/workspace/alan/src/AMR_ros2_slam_nav2/install/nav2_costmap_2d/lib:/home/nvidia/workspace/alan/src/AMR_ros2_slam_nav2/install/nav2_behavior_tree/lib:/home/nvidia/workspace/alan/src/AMR_ros2_slam_nav2/install/nav2_util/lib:/home/nvidia/workspace/alan/src/AMR_ros2_slam_nav2/install/nav2_voxel_grid/lib:/home/nvidia/workspace/alan/src/AMR_ros2_slam_nav2/install/nav2_msgs/lib:/home/workspace/ros2/install/opt/yaml_cpp_vendor/lib:/home/workspace/ros2/install/opt/rviz_ogre_vendor/lib:/home/workspace/ros2/install/lib:/usr/local/cuda-10.2/lib64 PYTHONPATH=/home/nvidia/workspace/alan/src/AMR_ros2_slam_nav2/install/nav2_msgs/lib/python3.6/site-packages:/home/nvidia/workspace/alan/src/AMR_ros2_slam_nav2/install/nav2_common/lib/python3.6/site-packages:/home/workspace/ros2/install/lib/python3.6/site-packages:/usr/local/lib:/usr/local/cuda/bin /usr/local/bin/cmake --install /home/nvidia/workspace/alan/src/AMR_ros2_slam_nav2/build/nav2_recoveries
[296.617s] -- Install configuration: "Release"
[296.619s] -- Installing: /home/nvidia/workspace/alan/src/AMR_ros2_slam_nav2/install/nav2_recoveries/share/nav2_recoveries/recovery_plugin.xml
[296.620s] -- Installing: /home/nvidia/workspace/alan/src/AMR_ros2_slam_nav2/install/nav2_recoveries/lib/librecoveries_server_core.a
[296.626s] -- Installing: /home/nvidia/workspace/alan/src/AMR_ros2_slam_nav2/install/nav2_recoveries/lib/libnav2_backup_recovery.so
[296.631s] -- Set runtime path of "/home/nvidia/workspace/alan/src/AMR_ros2_slam_nav2/install/nav2_recoveries/lib/libnav2_backup_recovery.so" to ""
[296.632s] -- Installing: /home/nvidia/workspace/alan/src/AMR_ros2_slam_nav2/install/nav2_recoveries/lib/libnav2_spin_recovery.so
[296.636s] -- Set runtime path of "/home/nvidia/workspace/alan/src/AMR_ros2_slam_nav2/install/nav2_recoveries/lib/libnav2_spin_recovery.so" to ""
[296.637s] -- Installing: /home/nvidia/workspace/alan/src/AMR_ros2_slam_nav2/install/nav2_recoveries/lib/libnav2_wait_recovery.so
[296.642s] -- Set runtime path of "/home/nvidia/workspace/alan/src/AMR_ros2_slam_nav2/install/nav2_recoveries/lib/libnav2_wait_recovery.so" to ""
[296.644s] -- Installing: /home/nvidia/workspace/alan/src/AMR_ros2_slam_nav2/install/nav2_recoveries/lib/nav2_recoveries/recoveries_server
[296.648s] -- Set runtime path of "/home/nvidia/workspace/alan/src/AMR_ros2_slam_nav2/install/nav2_recoveries/lib/nav2_recoveries/recoveries_server" to ""
[296.649s] -- Installing: /home/nvidia/workspace/alan/src/AMR_ros2_slam_nav2/install/nav2_recoveries/include/
[296.649s] -- Installing: /home/nvidia/workspace/alan/src/AMR_ros2_slam_nav2/install/nav2_recoveries/include//nav2_recoveries
[296.650s] -- Installing: /home/nvidia/workspace/alan/src/AMR_ros2_slam_nav2/install/nav2_recoveries/include//nav2_recoveries/recovery_server.hpp
[296.651s] -- Installing: /home/nvidia/workspace/alan/src/AMR_ros2_slam_nav2/install/nav2_recoveries/include//nav2_recoveries/recovery.hpp
[296.651s] -- Up-to-date: /home/nvidia/workspace/alan/src/AMR_ros2_slam_nav2/install/nav2_recoveries/share/nav2_recoveries/recovery_plugin.xml
[296.652s] -- Installing: /home/nvidia/workspace/alan/src/AMR_ros2_slam_nav2/install/nav2_recoveries/share/nav2_recoveries/environment/library_path.sh
[296.652s] -- Installing: /home/nvidia/workspace/alan/src/AMR_ros2_slam_nav2/install/nav2_recoveries/share/nav2_recoveries/environment/library_path.dsv
[296.653s] -- Installing: /home/nvidia/workspace/alan/src/AMR_ros2_slam_nav2/install/nav2_recoveries/share/ament_index/resource_index/package_run_dependencies/nav2_recoveries
[296.654s] -- Installing: /home/nvidia/workspace/alan/src/AMR_ros2_slam_nav2/install/nav2_recoveries/share/ament_index/resource_index/parent_prefix_path/nav2_recoveries
[296.655s] -- Installing: /home/nvidia/workspace/alan/src/AMR_ros2_slam_nav2/install/nav2_recoveries/share/nav2_recoveries/environment/ament_prefix_path.sh
[296.656s] -- Installing: /home/nvidia/workspace/alan/src/AMR_ros2_slam_nav2/install/nav2_recoveries/share/nav2_recoveries/environment/ament_prefix_path.dsv
[296.657s] -- Installing: /home/nvidia/workspace/alan/src/AMR_ros2_slam_nav2/install/nav2_recoveries/share/nav2_recoveries/environment/path.sh
[296.660s] -- Installing: /home/nvidia/workspace/alan/src/AMR_ros2_slam_nav2/install/nav2_recoveries/share/nav2_recoveries/environment/path.dsv
[296.660s] -- Installing: /home/nvidia/workspace/alan/src/AMR_ros2_slam_nav2/install/nav2_recoveries/share/nav2_recoveries/local_setup.bash
[296.661s] -- Installing: /home/nvidia/workspace/alan/src/AMR_ros2_slam_nav2/install/nav2_recoveries/share/nav2_recoveries/local_setup.sh
[296.661s] -- Installing: /home/nvidia/workspace/alan/src/AMR_ros2_slam_nav2/install/nav2_recoveries/share/nav2_recoveries/local_setup.zsh
[296.662s] -- Installing: /home/nvidia/workspace/alan/src/AMR_ros2_slam_nav2/install/nav2_recoveries/share/nav2_recoveries/local_setup.dsv
[296.663s] -- Installing: /home/nvidia/workspace/alan/src/AMR_ros2_slam_nav2/install/nav2_recoveries/share/nav2_recoveries/package.dsv
[296.664s] -- Installing: /home/nvidia/workspace/alan/src/AMR_ros2_slam_nav2/install/nav2_recoveries/share/ament_index/resource_index/packages/nav2_recoveries
[296.665s] -- Installing: /home/nvidia/workspace/alan/src/AMR_ros2_slam_nav2/install/nav2_recoveries/share/ament_index/resource_index/nav2_core__pluginlib__plugin/nav2_recoveries
[296.666s] -- Installing: /home/nvidia/workspace/alan/src/AMR_ros2_slam_nav2/install/nav2_recoveries/share/nav2_recoveries/cmake/ament_cmake_export_include_directories-extras.cmake
[296.667s] -- Installing: /home/nvidia/workspace/alan/src/AMR_ros2_slam_nav2/install/nav2_recoveries/share/nav2_recoveries/cmake/ament_cmake_export_libraries-extras.cmake
[296.668s] -- Installing: /home/nvidia/workspace/alan/src/AMR_ros2_slam_nav2/install/nav2_recoveries/share/nav2_recoveries/cmake/ament_cmake_export_definitions-extras.cmake
[296.669s] -- Installing: /home/nvidia/workspace/alan/src/AMR_ros2_slam_nav2/install/nav2_recoveries/share/nav2_recoveries/cmake/nav2_recoveriesConfig.cmake
[296.669s] -- Installing: /home/nvidia/workspace/alan/src/AMR_ros2_slam_nav2/install/nav2_recoveries/share/nav2_recoveries/cmake/nav2_recoveriesConfig-version.cmake
[296.670s] -- Installing: /home/nvidia/workspace/alan/src/AMR_ros2_slam_nav2/install/nav2_recoveries/share/nav2_recoveries/package.xml
[296.686s] Invoked command in '/home/nvidia/workspace/alan/src/AMR_ros2_slam_nav2/build/nav2_recoveries' returned '0': AMENT_PREFIX_PATH=/home/nvidia/workspace/alan/src/AMR_ros2_slam_nav2/install/nav2_core:/home/nvidia/workspace/alan/src/AMR_ros2_slam_nav2/install/nav2_costmap_2d:/home/nvidia/workspace/alan/src/AMR_ros2_slam_nav2/install/nav2_behavior_tree:/home/nvidia/workspace/alan/src/AMR_ros2_slam_nav2/install/nav2_util:/home/nvidia/workspace/alan/src/AMR_ros2_slam_nav2/install/nav2_voxel_grid:/home/nvidia/workspace/alan/src/AMR_ros2_slam_nav2/install/nav2_msgs:/home/nvidia/workspace/alan/src/AMR_ros2_slam_nav2/install/nav2_common:${AMENT_PREFIX_PATH} CMAKE_PREFIX_PATH=/home/nvidia/workspace/alan/src/AMR_ros2_slam_nav2/install/nav2_core:/home/nvidia/workspace/alan/src/AMR_ros2_slam_nav2/install/nav2_costmap_2d:/home/nvidia/workspace/alan/src/AMR_ros2_slam_nav2/install/nav2_behavior_tree:/home/nvidia/workspace/alan/src/AMR_ros2_slam_nav2/install/nav2_util:/home/nvidia/workspace/alan/src/AMR_ros2_slam_nav2/install/nav2_voxel_grid:/home/nvidia/workspace/alan/src/AMR_ros2_slam_nav2/install/nav2_msgs:/home/nvidia/workspace/alan/src/AMR_ros2_slam_nav2/install/nav2_common:${CMAKE_PREFIX_PATH} LD_LIBRARY_PATH=/home/nvidia/workspace/alan/src/AMR_ros2_slam_nav2/install/nav2_costmap_2d/lib:/home/nvidia/workspace/alan/src/AMR_ros2_slam_nav2/install/nav2_behavior_tree/lib:/home/nvidia/workspace/alan/src/AMR_ros2_slam_nav2/install/nav2_util/lib:/home/nvidia/workspace/alan/src/AMR_ros2_slam_nav2/install/nav2_voxel_grid/lib:/home/nvidia/workspace/alan/src/AMR_ros2_slam_nav2/install/nav2_msgs/lib:/home/workspace/ros2/install/opt/yaml_cpp_vendor/lib:/home/workspace/ros2/install/opt/rviz_ogre_vendor/lib:/home/workspace/ros2/install/lib:/usr/local/cuda-10.2/lib64 PYTHONPATH=/home/nvidia/workspace/alan/src/AMR_ros2_slam_nav2/install/nav2_msgs/lib/python3.6/site-packages:/home/nvidia/workspace/alan/src/AMR_ros2_slam_nav2/install/nav2_common/lib/python3.6/site-packages:/home/workspace/ros2/install/lib/python3.6/site-packages:/usr/local/lib:/usr/local/cuda/bin /usr/local/bin/cmake --install /home/nvidia/workspace/alan/src/AMR_ros2_slam_nav2/build/nav2_recoveries
