[  1%] Built target slam_toolbox__cpp
[ 10%] Built target slam_toolbox__rosidl_generator_c
[ 12%] Built target kartoSlamToolbox
[ 21%] Built target slam_toolbox__rosidl_typesupport_introspection_c
[ 30%] Built target slam_toolbox__rosidl_typesupport_cpp
[ 39%] Built target slam_toolbox__rosidl_typesupport_introspection_cpp
[ 48%] Built target slam_toolbox__rosidl_typesupport_fastrtps_cpp
[ 57%] Built target slam_toolbox__rosidl_typesupport_c
[ 66%] Built target slam_toolbox__rosidl_typesupport_fastrtps_c
[ 66%] Built target slam_toolbox
[ 67%] Built target slam_toolbox__py
[ 69%] Built target ceres_solver_plugin
[ 71%] Built target SlamToolboxPlugin
[ 76%] Built target toolbox_common
[ 84%] Built target slam_toolbox__python
[ 85%] Built target slam_toolbox__rosidl_typesupport_introspection_c__pyext
[ 86%] Built target merge_maps_kinematic
[ 88%] Built target sync_slam_toolbox
[ 91%] Built target slam_toolbox__rosidl_typesupport_fastrtps_c__pyext
[ 91%] Built target async_slam_toolbox
[ 92%] Built target slam_toolbox__rosidl_typesupport_c__pyext
[ 94%] Built target lifelong_slam_toolbox
[ 95%] Built target localization_slam_toolbox
[ 96%] Built target sync_slam_toolbox_node
[ 97%] Built target async_slam_toolbox_node
[ 99%] Built target localization_slam_toolbox_node
[100%] Built target lifelong_slam_toolbox_node
-- Install configuration: "Release"
-- Up-to-date: /home/nvidia/workspace/alan/src/AMR_ros2_slam_nav2/install/slam_toolbox/share/ament_index/resource_index/rosidl_interfaces/slam_toolbox
-- Up-to-date: /home/nvidia/workspace/alan/src/AMR_ros2_slam_nav2/install/slam_toolbox/include/slam_toolbox
-- Up-to-date: /home/nvidia/workspace/alan/src/AMR_ros2_slam_nav2/install/slam_toolbox/include/slam_toolbox/srv
-- Up-to-date: /home/nvidia/workspace/alan/src/AMR_ros2_slam_nav2/install/slam_toolbox/include/slam_toolbox/srv/serialize_pose_graph.h
-- Up-to-date: /home/nvidia/workspace/alan/src/AMR_ros2_slam_nav2/install/slam_toolbox/include/slam_toolbox/srv/loop_closure.h
-- Up-to-date: /home/nvidia/workspace/alan/src/AMR_ros2_slam_nav2/install/slam_toolbox/include/slam_toolbox/srv/clear_queue.h
-- Up-to-date: /home/nvidia/workspace/alan/src/AMR_ros2_slam_nav2/install/slam_toolbox/include/slam_toolbox/srv/add_submap.h
-- Up-to-date: /home/nvidia/workspace/alan/src/AMR_ros2_slam_nav2/install/slam_toolbox/include/slam_toolbox/srv/merge_maps.h
-- Up-to-date: /home/nvidia/workspace/alan/src/AMR_ros2_slam_nav2/install/slam_toolbox/include/slam_toolbox/srv/detail
-- Up-to-date: /home/nvidia/workspace/alan/src/AMR_ros2_slam_nav2/install/slam_toolbox/include/slam_toolbox/srv/detail/toggle_interactive__functions.c
-- Up-to-date: /home/nvidia/workspace/alan/src/AMR_ros2_slam_nav2/install/slam_toolbox/include/slam_toolbox/srv/detail/toggle_interactive__functions.h
-- Up-to-date: /home/nvidia/workspace/alan/src/AMR_ros2_slam_nav2/install/slam_toolbox/include/slam_toolbox/srv/detail/add_submap__functions.h
-- Up-to-date: /home/nvidia/workspace/alan/src/AMR_ros2_slam_nav2/install/slam_toolbox/include/slam_toolbox/srv/detail/clear_queue__functions.c
-- Up-to-date: /home/nvidia/workspace/alan/src/AMR_ros2_slam_nav2/install/slam_toolbox/include/slam_toolbox/srv/detail/clear_queue__type_support.h
-- Up-to-date: /home/nvidia/workspace/alan/src/AMR_ros2_slam_nav2/install/slam_toolbox/include/slam_toolbox/srv/detail/deserialize_pose_graph__functions.h
-- Up-to-date: /home/nvidia/workspace/alan/src/AMR_ros2_slam_nav2/install/slam_toolbox/include/slam_toolbox/srv/detail/pause__struct.h
-- Up-to-date: /home/nvidia/workspace/alan/src/AMR_ros2_slam_nav2/install/slam_toolbox/include/slam_toolbox/srv/detail/merge_maps__functions.h
-- Up-to-date: /home/nvidia/workspace/alan/src/AMR_ros2_slam_nav2/install/slam_toolbox/include/slam_toolbox/srv/detail/deserialize_pose_graph__struct.h
-- Up-to-date: /home/nvidia/workspace/alan/src/AMR_ros2_slam_nav2/install/slam_toolbox/include/slam_toolbox/srv/detail/serialize_pose_graph__functions.h
-- Up-to-date: /home/nvidia/workspace/alan/src/AMR_ros2_slam_nav2/install/slam_toolbox/include/slam_toolbox/srv/detail/clear__type_support.h
-- Up-to-date: /home/nvidia/workspace/alan/src/AMR_ros2_slam_nav2/install/slam_toolbox/include/slam_toolbox/srv/detail/pause__type_support.h
-- Up-to-date: /home/nvidia/workspace/alan/src/AMR_ros2_slam_nav2/install/slam_toolbox/include/slam_toolbox/srv/detail/clear_queue__functions.h
-- Up-to-date: /home/nvidia/workspace/alan/src/AMR_ros2_slam_nav2/install/slam_toolbox/include/slam_toolbox/srv/detail/clear__functions.c
-- Up-to-date: /home/nvidia/workspace/alan/src/AMR_ros2_slam_nav2/install/slam_toolbox/include/slam_toolbox/srv/detail/serialize_pose_graph__type_support.h
-- Up-to-date: /home/nvidia/workspace/alan/src/AMR_ros2_slam_nav2/install/slam_toolbox/include/slam_toolbox/srv/detail/loop_closure__functions.c
-- Up-to-date: /home/nvidia/workspace/alan/src/AMR_ros2_slam_nav2/install/slam_toolbox/include/slam_toolbox/srv/detail/loop_closure__struct.h
-- Up-to-date: /home/nvidia/workspace/alan/src/AMR_ros2_slam_nav2/install/slam_toolbox/include/slam_toolbox/srv/detail/add_submap__functions.c
-- Up-to-date: /home/nvidia/workspace/alan/src/AMR_ros2_slam_nav2/install/slam_toolbox/include/slam_toolbox/srv/detail/merge_maps__struct.h
-- Up-to-date: /home/nvidia/workspace/alan/src/AMR_ros2_slam_nav2/install/slam_toolbox/include/slam_toolbox/srv/detail/clear_queue__struct.h
-- Up-to-date: /home/nvidia/workspace/alan/src/AMR_ros2_slam_nav2/install/slam_toolbox/include/slam_toolbox/srv/detail/loop_closure__functions.h
-- Up-to-date: /home/nvidia/workspace/alan/src/AMR_ros2_slam_nav2/install/slam_toolbox/include/slam_toolbox/srv/detail/add_submap__type_support.h
-- Up-to-date: /home/nvidia/workspace/alan/src/AMR_ros2_slam_nav2/install/slam_toolbox/include/slam_toolbox/srv/detail/deserialize_pose_graph__type_support.h
-- Up-to-date: /home/nvidia/workspace/alan/src/AMR_ros2_slam_nav2/install/slam_toolbox/include/slam_toolbox/srv/detail/pause__functions.h
-- Up-to-date: /home/nvidia/workspace/alan/src/AMR_ros2_slam_nav2/install/slam_toolbox/include/slam_toolbox/srv/detail/serialize_pose_graph__functions.c
-- Up-to-date: /home/nvidia/workspace/alan/src/AMR_ros2_slam_nav2/install/slam_toolbox/include/slam_toolbox/srv/detail/merge_maps__type_support.h
-- Up-to-date: /home/nvidia/workspace/alan/src/AMR_ros2_slam_nav2/install/slam_toolbox/include/slam_toolbox/srv/detail/add_submap__struct.h
-- Up-to-date: /home/nvidia/workspace/alan/src/AMR_ros2_slam_nav2/install/slam_toolbox/include/slam_toolbox/srv/detail/toggle_interactive__type_support.h
-- Up-to-date: /home/nvidia/workspace/alan/src/AMR_ros2_slam_nav2/install/slam_toolbox/include/slam_toolbox/srv/detail/merge_maps__functions.c
-- Up-to-date: /home/nvidia/workspace/alan/src/AMR_ros2_slam_nav2/install/slam_toolbox/include/slam_toolbox/srv/detail/toggle_interactive__struct.h
-- Up-to-date: /home/nvidia/workspace/alan/src/AMR_ros2_slam_nav2/install/slam_toolbox/include/slam_toolbox/srv/detail/save_map__struct.h
-- Up-to-date: /home/nvidia/workspace/alan/src/AMR_ros2_slam_nav2/install/slam_toolbox/include/slam_toolbox/srv/detail/clear__functions.h
-- Up-to-date: /home/nvidia/workspace/alan/src/AMR_ros2_slam_nav2/install/slam_toolbox/include/slam_toolbox/srv/detail/pause__functions.c
-- Up-to-date: /home/nvidia/workspace/alan/src/AMR_ros2_slam_nav2/install/slam_toolbox/include/slam_toolbox/srv/detail/save_map__type_support.h
-- Up-to-date: /home/nvidia/workspace/alan/src/AMR_ros2_slam_nav2/install/slam_toolbox/include/slam_toolbox/srv/detail/clear__struct.h
-- Up-to-date: /home/nvidia/workspace/alan/src/AMR_ros2_slam_nav2/install/slam_toolbox/include/slam_toolbox/srv/detail/save_map__functions.c
-- Up-to-date: /home/nvidia/workspace/alan/src/AMR_ros2_slam_nav2/install/slam_toolbox/include/slam_toolbox/srv/detail/loop_closure__type_support.h
-- Up-to-date: /home/nvidia/workspace/alan/src/AMR_ros2_slam_nav2/install/slam_toolbox/include/slam_toolbox/srv/detail/serialize_pose_graph__struct.h
-- Up-to-date: /home/nvidia/workspace/alan/src/AMR_ros2_slam_nav2/install/slam_toolbox/include/slam_toolbox/srv/detail/deserialize_pose_graph__functions.c
-- Up-to-date: /home/nvidia/workspace/alan/src/AMR_ros2_slam_nav2/install/slam_toolbox/include/slam_toolbox/srv/detail/save_map__functions.h
-- Up-to-date: /home/nvidia/workspace/alan/src/AMR_ros2_slam_nav2/install/slam_toolbox/include/slam_toolbox/srv/pause.h
-- Up-to-date: /home/nvidia/workspace/alan/src/AMR_ros2_slam_nav2/install/slam_toolbox/include/slam_toolbox/srv/deserialize_pose_graph.h
-- Up-to-date: /home/nvidia/workspace/alan/src/AMR_ros2_slam_nav2/install/slam_toolbox/include/slam_toolbox/srv/save_map.h
-- Up-to-date: /home/nvidia/workspace/alan/src/AMR_ros2_slam_nav2/install/slam_toolbox/include/slam_toolbox/srv/clear.h
-- Up-to-date: /home/nvidia/workspace/alan/src/AMR_ros2_slam_nav2/install/slam_toolbox/include/slam_toolbox/srv/toggle_interactive.h
-- Up-to-date: /home/nvidia/workspace/alan/src/AMR_ros2_slam_nav2/install/slam_toolbox/include/slam_toolbox/msg
-- Up-to-date: /home/nvidia/workspace/alan/src/AMR_ros2_slam_nav2/install/slam_toolbox/include/slam_toolbox/msg/rosidl_generator_c__visibility_control.h
-- Up-to-date: /home/nvidia/workspace/alan/src/AMR_ros2_slam_nav2/install/slam_toolbox/share/slam_toolbox/environment/library_path.sh
-- Up-to-date: /home/nvidia/workspace/alan/src/AMR_ros2_slam_nav2/install/slam_toolbox/share/slam_toolbox/environment/library_path.dsv
-- Up-to-date: /home/nvidia/workspace/alan/src/AMR_ros2_slam_nav2/install/slam_toolbox/lib/libslam_toolbox__rosidl_generator_c.so
-- Up-to-date: /home/nvidia/workspace/alan/src/AMR_ros2_slam_nav2/install/slam_toolbox/include/slam_toolbox
-- Up-to-date: /home/nvidia/workspace/alan/src/AMR_ros2_slam_nav2/install/slam_toolbox/include/slam_toolbox/srv
-- Up-to-date: /home/nvidia/workspace/alan/src/AMR_ros2_slam_nav2/install/slam_toolbox/include/slam_toolbox/srv/detail
-- Up-to-date: /home/nvidia/workspace/alan/src/AMR_ros2_slam_nav2/install/slam_toolbox/include/slam_toolbox/srv/detail/save_map__rosidl_typesupport_fastrtps_c.h
-- Up-to-date: /home/nvidia/workspace/alan/src/AMR_ros2_slam_nav2/install/slam_toolbox/include/slam_toolbox/srv/detail/toggle_interactive__rosidl_typesupport_fastrtps_c.h
-- Up-to-date: /home/nvidia/workspace/alan/src/AMR_ros2_slam_nav2/install/slam_toolbox/include/slam_toolbox/srv/detail/deserialize_pose_graph__rosidl_typesupport_fastrtps_c.h
-- Up-to-date: /home/nvidia/workspace/alan/src/AMR_ros2_slam_nav2/install/slam_toolbox/include/slam_toolbox/srv/detail/clear__rosidl_typesupport_fastrtps_c.h
-- Up-to-date: /home/nvidia/workspace/alan/src/AMR_ros2_slam_nav2/install/slam_toolbox/include/slam_toolbox/srv/detail/clear_queue__rosidl_typesupport_fastrtps_c.h
-- Up-to-date: /home/nvidia/workspace/alan/src/AMR_ros2_slam_nav2/install/slam_toolbox/include/slam_toolbox/srv/detail/serialize_pose_graph__rosidl_typesupport_fastrtps_c.h
-- Up-to-date: /home/nvidia/workspace/alan/src/AMR_ros2_slam_nav2/install/slam_toolbox/include/slam_toolbox/srv/detail/pause__rosidl_typesupport_fastrtps_c.h
-- Up-to-date: /home/nvidia/workspace/alan/src/AMR_ros2_slam_nav2/install/slam_toolbox/include/slam_toolbox/srv/detail/add_submap__rosidl_typesupport_fastrtps_c.h
-- Up-to-date: /home/nvidia/workspace/alan/src/AMR_ros2_slam_nav2/install/slam_toolbox/include/slam_toolbox/srv/detail/loop_closure__rosidl_typesupport_fastrtps_c.h
-- Up-to-date: /home/nvidia/workspace/alan/src/AMR_ros2_slam_nav2/install/slam_toolbox/include/slam_toolbox/srv/detail/merge_maps__rosidl_typesupport_fastrtps_c.h
-- Up-to-date: /home/nvidia/workspace/alan/src/AMR_ros2_slam_nav2/install/slam_toolbox/include/slam_toolbox/msg
-- Up-to-date: /home/nvidia/workspace/alan/src/AMR_ros2_slam_nav2/install/slam_toolbox/include/slam_toolbox/msg/rosidl_typesupport_fastrtps_c__visibility_control.h
-- Up-to-date: /home/nvidia/workspace/alan/src/AMR_ros2_slam_nav2/install/slam_toolbox/lib/libslam_toolbox__rosidl_typesupport_fastrtps_c.so
-- Up-to-date: /home/nvidia/workspace/alan/src/AMR_ros2_slam_nav2/install/slam_toolbox/include/slam_toolbox
-- Up-to-date: /home/nvidia/workspace/alan/src/AMR_ros2_slam_nav2/install/slam_toolbox/include/slam_toolbox/srv
-- Up-to-date: /home/nvidia/workspace/alan/src/AMR_ros2_slam_nav2/install/slam_toolbox/include/slam_toolbox/srv/detail
-- Up-to-date: /home/nvidia/workspace/alan/src/AMR_ros2_slam_nav2/install/slam_toolbox/include/slam_toolbox/srv/detail/deserialize_pose_graph__rosidl_typesupport_fastrtps_cpp.hpp
-- Up-to-date: /home/nvidia/workspace/alan/src/AMR_ros2_slam_nav2/install/slam_toolbox/include/slam_toolbox/srv/detail/clear__rosidl_typesupport_fastrtps_cpp.hpp
-- Up-to-date: /home/nvidia/workspace/alan/src/AMR_ros2_slam_nav2/install/slam_toolbox/include/slam_toolbox/srv/detail/save_map__rosidl_typesupport_fastrtps_cpp.hpp
-- Up-to-date: /home/nvidia/workspace/alan/src/AMR_ros2_slam_nav2/install/slam_toolbox/include/slam_toolbox/srv/detail/loop_closure__rosidl_typesupport_fastrtps_cpp.hpp
-- Up-to-date: /home/nvidia/workspace/alan/src/AMR_ros2_slam_nav2/install/slam_toolbox/include/slam_toolbox/srv/detail/toggle_interactive__rosidl_typesupport_fastrtps_cpp.hpp
-- Up-to-date: /home/nvidia/workspace/alan/src/AMR_ros2_slam_nav2/install/slam_toolbox/include/slam_toolbox/srv/detail/dds_fastrtps
-- Up-to-date: /home/nvidia/workspace/alan/src/AMR_ros2_slam_nav2/install/slam_toolbox/include/slam_toolbox/srv/detail/serialize_pose_graph__rosidl_typesupport_fastrtps_cpp.hpp
-- Up-to-date: /home/nvidia/workspace/alan/src/AMR_ros2_slam_nav2/install/slam_toolbox/include/slam_toolbox/srv/detail/clear_queue__rosidl_typesupport_fastrtps_cpp.hpp
-- Up-to-date: /home/nvidia/workspace/alan/src/AMR_ros2_slam_nav2/install/slam_toolbox/include/slam_toolbox/srv/detail/pause__rosidl_typesupport_fastrtps_cpp.hpp
-- Up-to-date: /home/nvidia/workspace/alan/src/AMR_ros2_slam_nav2/install/slam_toolbox/include/slam_toolbox/srv/detail/add_submap__rosidl_typesupport_fastrtps_cpp.hpp
-- Up-to-date: /home/nvidia/workspace/alan/src/AMR_ros2_slam_nav2/install/slam_toolbox/include/slam_toolbox/srv/detail/merge_maps__rosidl_typesupport_fastrtps_cpp.hpp
-- Up-to-date: /home/nvidia/workspace/alan/src/AMR_ros2_slam_nav2/install/slam_toolbox/include/slam_toolbox/msg
-- Up-to-date: /home/nvidia/workspace/alan/src/AMR_ros2_slam_nav2/install/slam_toolbox/include/slam_toolbox/msg/rosidl_typesupport_fastrtps_cpp__visibility_control.h
-- Up-to-date: /home/nvidia/workspace/alan/src/AMR_ros2_slam_nav2/install/slam_toolbox/lib/libslam_toolbox__rosidl_typesupport_fastrtps_cpp.so
-- Up-to-date: /home/nvidia/workspace/alan/src/AMR_ros2_slam_nav2/install/slam_toolbox/include/slam_toolbox
-- Up-to-date: /home/nvidia/workspace/alan/src/AMR_ros2_slam_nav2/install/slam_toolbox/include/slam_toolbox/srv
-- Up-to-date: /home/nvidia/workspace/alan/src/AMR_ros2_slam_nav2/install/slam_toolbox/include/slam_toolbox/srv/detail
-- Up-to-date: /home/nvidia/workspace/alan/src/AMR_ros2_slam_nav2/install/slam_toolbox/include/slam_toolbox/srv/detail/pause__type_support.c
-- Up-to-date: /home/nvidia/workspace/alan/src/AMR_ros2_slam_nav2/install/slam_toolbox/include/slam_toolbox/srv/detail/toggle_interactive__rosidl_typesupport_introspection_c.h
-- Up-to-date: /home/nvidia/workspace/alan/src/AMR_ros2_slam_nav2/install/slam_toolbox/include/slam_toolbox/srv/detail/merge_maps__rosidl_typesupport_introspection_c.h
-- Up-to-date: /home/nvidia/workspace/alan/src/AMR_ros2_slam_nav2/install/slam_toolbox/include/slam_toolbox/srv/detail/loop_closure__type_support.c
-- Up-to-date: /home/nvidia/workspace/alan/src/AMR_ros2_slam_nav2/install/slam_toolbox/include/slam_toolbox/srv/detail/serialize_pose_graph__rosidl_typesupport_introspection_c.h
-- Up-to-date: /home/nvidia/workspace/alan/src/AMR_ros2_slam_nav2/install/slam_toolbox/include/slam_toolbox/srv/detail/save_map__type_support.c
-- Up-to-date: /home/nvidia/workspace/alan/src/AMR_ros2_slam_nav2/install/slam_toolbox/include/slam_toolbox/srv/detail/clear_queue__type_support.c
-- Up-to-date: /home/nvidia/workspace/alan/src/AMR_ros2_slam_nav2/install/slam_toolbox/include/slam_toolbox/srv/detail/loop_closure__rosidl_typesupport_introspection_c.h
-- Up-to-date: /home/nvidia/workspace/alan/src/AMR_ros2_slam_nav2/install/slam_toolbox/include/slam_toolbox/srv/detail/clear__rosidl_typesupport_introspection_c.h
-- Up-to-date: /home/nvidia/workspace/alan/src/AMR_ros2_slam_nav2/install/slam_toolbox/include/slam_toolbox/srv/detail/pause__rosidl_typesupport_introspection_c.h
-- Up-to-date: /home/nvidia/workspace/alan/src/AMR_ros2_slam_nav2/install/slam_toolbox/include/slam_toolbox/srv/detail/clear_queue__rosidl_typesupport_introspection_c.h
-- Up-to-date: /home/nvidia/workspace/alan/src/AMR_ros2_slam_nav2/install/slam_toolbox/include/slam_toolbox/srv/detail/deserialize_pose_graph__type_support.c
-- Up-to-date: /home/nvidia/workspace/alan/src/AMR_ros2_slam_nav2/install/slam_toolbox/include/slam_toolbox/srv/detail/save_map__rosidl_typesupport_introspection_c.h
-- Up-to-date: /home/nvidia/workspace/alan/src/AMR_ros2_slam_nav2/install/slam_toolbox/include/slam_toolbox/srv/detail/serialize_pose_graph__type_support.c
-- Up-to-date: /home/nvidia/workspace/alan/src/AMR_ros2_slam_nav2/install/slam_toolbox/include/slam_toolbox/srv/detail/add_submap__type_support.c
-- Up-to-date: /home/nvidia/workspace/alan/src/AMR_ros2_slam_nav2/install/slam_toolbox/include/slam_toolbox/srv/detail/deserialize_pose_graph__rosidl_typesupport_introspection_c.h
-- Up-to-date: /home/nvidia/workspace/alan/src/AMR_ros2_slam_nav2/install/slam_toolbox/include/slam_toolbox/srv/detail/add_submap__rosidl_typesupport_introspection_c.h
-- Up-to-date: /home/nvidia/workspace/alan/src/AMR_ros2_slam_nav2/install/slam_toolbox/include/slam_toolbox/srv/detail/merge_maps__type_support.c
-- Up-to-date: /home/nvidia/workspace/alan/src/AMR_ros2_slam_nav2/install/slam_toolbox/include/slam_toolbox/srv/detail/toggle_interactive__type_support.c
-- Up-to-date: /home/nvidia/workspace/alan/src/AMR_ros2_slam_nav2/install/slam_toolbox/include/slam_toolbox/srv/detail/clear__type_support.c
-- Up-to-date: /home/nvidia/workspace/alan/src/AMR_ros2_slam_nav2/install/slam_toolbox/include/slam_toolbox/msg
-- Up-to-date: /home/nvidia/workspace/alan/src/AMR_ros2_slam_nav2/install/slam_toolbox/include/slam_toolbox/msg/rosidl_typesupport_introspection_c__visibility_control.h
-- Up-to-date: /home/nvidia/workspace/alan/src/AMR_ros2_slam_nav2/install/slam_toolbox/lib/libslam_toolbox__rosidl_typesupport_introspection_c.so
-- Up-to-date: /home/nvidia/workspace/alan/src/AMR_ros2_slam_nav2/install/slam_toolbox/lib/libslam_toolbox__rosidl_typesupport_c.so
-- Up-to-date: /home/nvidia/workspace/alan/src/AMR_ros2_slam_nav2/install/slam_toolbox/include/slam_toolbox
-- Up-to-date: /home/nvidia/workspace/alan/src/AMR_ros2_slam_nav2/install/slam_toolbox/include/slam_toolbox/srv
-- Up-to-date: /home/nvidia/workspace/alan/src/AMR_ros2_slam_nav2/install/slam_toolbox/include/slam_toolbox/srv/detail
-- Up-to-date: /home/nvidia/workspace/alan/src/AMR_ros2_slam_nav2/install/slam_toolbox/include/slam_toolbox/srv/detail/save_map__builder.hpp
-- Up-to-date: /home/nvidia/workspace/alan/src/AMR_ros2_slam_nav2/install/slam_toolbox/include/slam_toolbox/srv/detail/serialize_pose_graph__traits.hpp
-- Up-to-date: /home/nvidia/workspace/alan/src/AMR_ros2_slam_nav2/install/slam_toolbox/include/slam_toolbox/srv/detail/serialize_pose_graph__struct.hpp
-- Up-to-date: /home/nvidia/workspace/alan/src/AMR_ros2_slam_nav2/install/slam_toolbox/include/slam_toolbox/srv/detail/loop_closure__traits.hpp
-- Up-to-date: /home/nvidia/workspace/alan/src/AMR_ros2_slam_nav2/install/slam_toolbox/include/slam_toolbox/srv/detail/clear__traits.hpp
-- Up-to-date: /home/nvidia/workspace/alan/src/AMR_ros2_slam_nav2/install/slam_toolbox/include/slam_toolbox/srv/detail/clear_queue__traits.hpp
-- Up-to-date: /home/nvidia/workspace/alan/src/AMR_ros2_slam_nav2/install/slam_toolbox/include/slam_toolbox/srv/detail/toggle_interactive__struct.hpp
-- Up-to-date: /home/nvidia/workspace/alan/src/AMR_ros2_slam_nav2/install/slam_toolbox/include/slam_toolbox/srv/detail/deserialize_pose_graph__traits.hpp
-- Up-to-date: /home/nvidia/workspace/alan/src/AMR_ros2_slam_nav2/install/slam_toolbox/include/slam_toolbox/srv/detail/deserialize_pose_graph__struct.hpp
-- Up-to-date: /home/nvidia/workspace/alan/src/AMR_ros2_slam_nav2/install/slam_toolbox/include/slam_toolbox/srv/detail/loop_closure__struct.hpp
-- Up-to-date: /home/nvidia/workspace/alan/src/AMR_ros2_slam_nav2/install/slam_toolbox/include/slam_toolbox/srv/detail/pause__struct.hpp
-- Up-to-date: /home/nvidia/workspace/alan/src/AMR_ros2_slam_nav2/install/slam_toolbox/include/slam_toolbox/srv/detail/merge_maps__builder.hpp
-- Up-to-date: /home/nvidia/workspace/alan/src/AMR_ros2_slam_nav2/install/slam_toolbox/include/slam_toolbox/srv/detail/add_submap__builder.hpp
-- Up-to-date: /home/nvidia/workspace/alan/src/AMR_ros2_slam_nav2/install/slam_toolbox/include/slam_toolbox/srv/detail/save_map__traits.hpp
-- Up-to-date: /home/nvidia/workspace/alan/src/AMR_ros2_slam_nav2/install/slam_toolbox/include/slam_toolbox/srv/detail/clear_queue__builder.hpp
-- Up-to-date: /home/nvidia/workspace/alan/src/AMR_ros2_slam_nav2/install/slam_toolbox/include/slam_toolbox/srv/detail/toggle_interactive__traits.hpp
-- Up-to-date: /home/nvidia/workspace/alan/src/AMR_ros2_slam_nav2/install/slam_toolbox/include/slam_toolbox/srv/detail/toggle_interactive__builder.hpp
-- Up-to-date: /home/nvidia/workspace/alan/src/AMR_ros2_slam_nav2/install/slam_toolbox/include/slam_toolbox/srv/detail/serialize_pose_graph__builder.hpp
-- Up-to-date: /home/nvidia/workspace/alan/src/AMR_ros2_slam_nav2/install/slam_toolbox/include/slam_toolbox/srv/detail/merge_maps__traits.hpp
-- Up-to-date: /home/nvidia/workspace/alan/src/AMR_ros2_slam_nav2/install/slam_toolbox/include/slam_toolbox/srv/detail/add_submap__traits.hpp
-- Up-to-date: /home/nvidia/workspace/alan/src/AMR_ros2_slam_nav2/install/slam_toolbox/include/slam_toolbox/srv/detail/loop_closure__builder.hpp
-- Up-to-date: /home/nvidia/workspace/alan/src/AMR_ros2_slam_nav2/install/slam_toolbox/include/slam_toolbox/srv/detail/pause__builder.hpp
-- Up-to-date: /home/nvidia/workspace/alan/src/AMR_ros2_slam_nav2/install/slam_toolbox/include/slam_toolbox/srv/detail/clear__struct.hpp
-- Up-to-date: /home/nvidia/workspace/alan/src/AMR_ros2_slam_nav2/install/slam_toolbox/include/slam_toolbox/srv/detail/deserialize_pose_graph__builder.hpp
-- Up-to-date: /home/nvidia/workspace/alan/src/AMR_ros2_slam_nav2/install/slam_toolbox/include/slam_toolbox/srv/detail/add_submap__struct.hpp
-- Up-to-date: /home/nvidia/workspace/alan/src/AMR_ros2_slam_nav2/install/slam_toolbox/include/slam_toolbox/srv/detail/save_map__struct.hpp
-- Up-to-date: /home/nvidia/workspace/alan/src/AMR_ros2_slam_nav2/install/slam_toolbox/include/slam_toolbox/srv/detail/merge_maps__struct.hpp
-- Up-to-date: /home/nvidia/workspace/alan/src/AMR_ros2_slam_nav2/install/slam_toolbox/include/slam_toolbox/srv/detail/clear__builder.hpp
-- Up-to-date: /home/nvidia/workspace/alan/src/AMR_ros2_slam_nav2/install/slam_toolbox/include/slam_toolbox/srv/detail/clear_queue__struct.hpp
-- Up-to-date: /home/nvidia/workspace/alan/src/AMR_ros2_slam_nav2/install/slam_toolbox/include/slam_toolbox/srv/detail/pause__traits.hpp
-- Up-to-date: /home/nvidia/workspace/alan/src/AMR_ros2_slam_nav2/install/slam_toolbox/include/slam_toolbox/srv/deserialize_pose_graph.hpp
-- Up-to-date: /home/nvidia/workspace/alan/src/AMR_ros2_slam_nav2/install/slam_toolbox/include/slam_toolbox/srv/serialize_pose_graph.hpp
-- Up-to-date: /home/nvidia/workspace/alan/src/AMR_ros2_slam_nav2/install/slam_toolbox/include/slam_toolbox/srv/add_submap.hpp
-- Up-to-date: /home/nvidia/workspace/alan/src/AMR_ros2_slam_nav2/install/slam_toolbox/include/slam_toolbox/srv/toggle_interactive.hpp
-- Up-to-date: /home/nvidia/workspace/alan/src/AMR_ros2_slam_nav2/install/slam_toolbox/include/slam_toolbox/srv/pause.hpp
-- Up-to-date: /home/nvidia/workspace/alan/src/AMR_ros2_slam_nav2/install/slam_toolbox/include/slam_toolbox/srv/merge_maps.hpp
-- Up-to-date: /home/nvidia/workspace/alan/src/AMR_ros2_slam_nav2/install/slam_toolbox/include/slam_toolbox/srv/loop_closure.hpp
-- Up-to-date: /home/nvidia/workspace/alan/src/AMR_ros2_slam_nav2/install/slam_toolbox/include/slam_toolbox/srv/clear_queue.hpp
-- Up-to-date: /home/nvidia/workspace/alan/src/AMR_ros2_slam_nav2/install/slam_toolbox/include/slam_toolbox/srv/save_map.hpp
-- Up-to-date: /home/nvidia/workspace/alan/src/AMR_ros2_slam_nav2/install/slam_toolbox/include/slam_toolbox/srv/clear.hpp
-- Up-to-date: /home/nvidia/workspace/alan/src/AMR_ros2_slam_nav2/install/slam_toolbox/include/slam_toolbox
-- Up-to-date: /home/nvidia/workspace/alan/src/AMR_ros2_slam_nav2/install/slam_toolbox/include/slam_toolbox/srv
-- Up-to-date: /home/nvidia/workspace/alan/src/AMR_ros2_slam_nav2/install/slam_toolbox/include/slam_toolbox/srv/detail
-- Up-to-date: /home/nvidia/workspace/alan/src/AMR_ros2_slam_nav2/install/slam_toolbox/include/slam_toolbox/srv/detail/pause__type_support.cpp
-- Up-to-date: /home/nvidia/workspace/alan/src/AMR_ros2_slam_nav2/install/slam_toolbox/include/slam_toolbox/srv/detail/add_submap__rosidl_typesupport_introspection_cpp.hpp
-- Up-to-date: /home/nvidia/workspace/alan/src/AMR_ros2_slam_nav2/install/slam_toolbox/include/slam_toolbox/srv/detail/deserialize_pose_graph__rosidl_typesupport_introspection_cpp.hpp
-- Up-to-date: /home/nvidia/workspace/alan/src/AMR_ros2_slam_nav2/install/slam_toolbox/include/slam_toolbox/srv/detail/clear__type_support.cpp
-- Up-to-date: /home/nvidia/workspace/alan/src/AMR_ros2_slam_nav2/install/slam_toolbox/include/slam_toolbox/srv/detail/merge_maps__rosidl_typesupport_introspection_cpp.hpp
-- Up-to-date: /home/nvidia/workspace/alan/src/AMR_ros2_slam_nav2/install/slam_toolbox/include/slam_toolbox/srv/detail/save_map__rosidl_typesupport_introspection_cpp.hpp
-- Up-to-date: /home/nvidia/workspace/alan/src/AMR_ros2_slam_nav2/install/slam_toolbox/include/slam_toolbox/srv/detail/clear__rosidl_typesupport_introspection_cpp.hpp
-- Up-to-date: /home/nvidia/workspace/alan/src/AMR_ros2_slam_nav2/install/slam_toolbox/include/slam_toolbox/srv/detail/save_map__type_support.cpp
-- Up-to-date: /home/nvidia/workspace/alan/src/AMR_ros2_slam_nav2/install/slam_toolbox/include/slam_toolbox/srv/detail/toggle_interactive__type_support.cpp
-- Up-to-date: /home/nvidia/workspace/alan/src/AMR_ros2_slam_nav2/install/slam_toolbox/include/slam_toolbox/srv/detail/serialize_pose_graph__type_support.cpp
-- Up-to-date: /home/nvidia/workspace/alan/src/AMR_ros2_slam_nav2/install/slam_toolbox/include/slam_toolbox/srv/detail/merge_maps__type_support.cpp
-- Up-to-date: /home/nvidia/workspace/alan/src/AMR_ros2_slam_nav2/install/slam_toolbox/include/slam_toolbox/srv/detail/loop_closure__rosidl_typesupport_introspection_cpp.hpp
-- Up-to-date: /home/nvidia/workspace/alan/src/AMR_ros2_slam_nav2/install/slam_toolbox/include/slam_toolbox/srv/detail/serialize_pose_graph__rosidl_typesupport_introspection_cpp.hpp
-- Up-to-date: /home/nvidia/workspace/alan/src/AMR_ros2_slam_nav2/install/slam_toolbox/include/slam_toolbox/srv/detail/clear_queue__type_support.cpp
-- Up-to-date: /home/nvidia/workspace/alan/src/AMR_ros2_slam_nav2/install/slam_toolbox/include/slam_toolbox/srv/detail/add_submap__type_support.cpp
-- Up-to-date: /home/nvidia/workspace/alan/src/AMR_ros2_slam_nav2/install/slam_toolbox/include/slam_toolbox/srv/detail/deserialize_pose_graph__type_support.cpp
-- Up-to-date: /home/nvidia/workspace/alan/src/AMR_ros2_slam_nav2/install/slam_toolbox/include/slam_toolbox/srv/detail/clear_queue__rosidl_typesupport_introspection_cpp.hpp
-- Up-to-date: /home/nvidia/workspace/alan/src/AMR_ros2_slam_nav2/install/slam_toolbox/include/slam_toolbox/srv/detail/pause__rosidl_typesupport_introspection_cpp.hpp
-- Up-to-date: /home/nvidia/workspace/alan/src/AMR_ros2_slam_nav2/install/slam_toolbox/include/slam_toolbox/srv/detail/loop_closure__type_support.cpp
-- Up-to-date: /home/nvidia/workspace/alan/src/AMR_ros2_slam_nav2/install/slam_toolbox/include/slam_toolbox/srv/detail/toggle_interactive__rosidl_typesupport_introspection_cpp.hpp
-- Up-to-date: /home/nvidia/workspace/alan/src/AMR_ros2_slam_nav2/install/slam_toolbox/lib/libslam_toolbox__rosidl_typesupport_introspection_cpp.so
-- Up-to-date: /home/nvidia/workspace/alan/src/AMR_ros2_slam_nav2/install/slam_toolbox/lib/libslam_toolbox__rosidl_typesupport_cpp.so
-- Up-to-date: /home/nvidia/workspace/alan/src/AMR_ros2_slam_nav2/install/slam_toolbox/share/slam_toolbox/environment/pythonpath.sh
-- Up-to-date: /home/nvidia/workspace/alan/src/AMR_ros2_slam_nav2/install/slam_toolbox/share/slam_toolbox/environment/pythonpath.dsv
-- Up-to-date: /home/nvidia/workspace/alan/src/AMR_ros2_slam_nav2/install/slam_toolbox/lib/python3.6/site-packages/slam_toolbox/__init__.py
-- Up-to-date: /home/nvidia/workspace/alan/src/AMR_ros2_slam_nav2/install/slam_toolbox/lib/python3.6/site-packages/slam_toolbox/srv
-- Up-to-date: /home/nvidia/workspace/alan/src/AMR_ros2_slam_nav2/install/slam_toolbox/lib/python3.6/site-packages/slam_toolbox/srv/_toggle_interactive.py
-- Up-to-date: /home/nvidia/workspace/alan/src/AMR_ros2_slam_nav2/install/slam_toolbox/lib/python3.6/site-packages/slam_toolbox/srv/_clear.py
-- Up-to-date: /home/nvidia/workspace/alan/src/AMR_ros2_slam_nav2/install/slam_toolbox/lib/python3.6/site-packages/slam_toolbox/srv/__init__.py
-- Up-to-date: /home/nvidia/workspace/alan/src/AMR_ros2_slam_nav2/install/slam_toolbox/lib/python3.6/site-packages/slam_toolbox/srv/_clear_s.c
-- Up-to-date: /home/nvidia/workspace/alan/src/AMR_ros2_slam_nav2/install/slam_toolbox/lib/python3.6/site-packages/slam_toolbox/srv/_save_map_s.c
-- Up-to-date: /home/nvidia/workspace/alan/src/AMR_ros2_slam_nav2/install/slam_toolbox/lib/python3.6/site-packages/slam_toolbox/srv/_serialize_pose_graph_s.c
-- Up-to-date: /home/nvidia/workspace/alan/src/AMR_ros2_slam_nav2/install/slam_toolbox/lib/python3.6/site-packages/slam_toolbox/srv/_serialize_pose_graph.py
-- Up-to-date: /home/nvidia/workspace/alan/src/AMR_ros2_slam_nav2/install/slam_toolbox/lib/python3.6/site-packages/slam_toolbox/srv/_add_submap.py
-- Up-to-date: /home/nvidia/workspace/alan/src/AMR_ros2_slam_nav2/install/slam_toolbox/lib/python3.6/site-packages/slam_toolbox/srv/_deserialize_pose_graph_s.c
-- Up-to-date: /home/nvidia/workspace/alan/src/AMR_ros2_slam_nav2/install/slam_toolbox/lib/python3.6/site-packages/slam_toolbox/srv/_save_map.py
-- Up-to-date: /home/nvidia/workspace/alan/src/AMR_ros2_slam_nav2/install/slam_toolbox/lib/python3.6/site-packages/slam_toolbox/srv/_pause_s.c
-- Up-to-date: /home/nvidia/workspace/alan/src/AMR_ros2_slam_nav2/install/slam_toolbox/lib/python3.6/site-packages/slam_toolbox/srv/_merge_maps_s.c
-- Up-to-date: /home/nvidia/workspace/alan/src/AMR_ros2_slam_nav2/install/slam_toolbox/lib/python3.6/site-packages/slam_toolbox/srv/_clear_queue.py
-- Up-to-date: /home/nvidia/workspace/alan/src/AMR_ros2_slam_nav2/install/slam_toolbox/lib/python3.6/site-packages/slam_toolbox/srv/_toggle_interactive_s.c
-- Up-to-date: /home/nvidia/workspace/alan/src/AMR_ros2_slam_nav2/install/slam_toolbox/lib/python3.6/site-packages/slam_toolbox/srv/_merge_maps.py
-- Up-to-date: /home/nvidia/workspace/alan/src/AMR_ros2_slam_nav2/install/slam_toolbox/lib/python3.6/site-packages/slam_toolbox/srv/_deserialize_pose_graph.py
-- Up-to-date: /home/nvidia/workspace/alan/src/AMR_ros2_slam_nav2/install/slam_toolbox/lib/python3.6/site-packages/slam_toolbox/srv/_loop_closure_s.c
-- Up-to-date: /home/nvidia/workspace/alan/src/AMR_ros2_slam_nav2/install/slam_toolbox/lib/python3.6/site-packages/slam_toolbox/srv/_pause.py
-- Up-to-date: /home/nvidia/workspace/alan/src/AMR_ros2_slam_nav2/install/slam_toolbox/lib/python3.6/site-packages/slam_toolbox/srv/_loop_closure.py
-- Up-to-date: /home/nvidia/workspace/alan/src/AMR_ros2_slam_nav2/install/slam_toolbox/lib/python3.6/site-packages/slam_toolbox/srv/_add_submap_s.c
-- Up-to-date: /home/nvidia/workspace/alan/src/AMR_ros2_slam_nav2/install/slam_toolbox/lib/python3.6/site-packages/slam_toolbox/srv/_clear_queue_s.c
-- Up-to-date: /home/nvidia/workspace/alan/src/AMR_ros2_slam_nav2/install/slam_toolbox/lib/python3.6/site-packages/slam_toolbox/slam_toolbox_s__rosidl_typesupport_fastrtps_c.cpython-36m-aarch64-linux-gnu.so
-- Up-to-date: /home/nvidia/workspace/alan/src/AMR_ros2_slam_nav2/install/slam_toolbox/lib/python3.6/site-packages/slam_toolbox/slam_toolbox_s__rosidl_typesupport_introspection_c.cpython-36m-aarch64-linux-gnu.so
-- Up-to-date: /home/nvidia/workspace/alan/src/AMR_ros2_slam_nav2/install/slam_toolbox/lib/python3.6/site-packages/slam_toolbox/slam_toolbox_s__rosidl_typesupport_c.cpython-36m-aarch64-linux-gnu.so
-- Up-to-date: /home/nvidia/workspace/alan/src/AMR_ros2_slam_nav2/install/slam_toolbox/lib/libslam_toolbox__python.so
-- Up-to-date: /home/nvidia/workspace/alan/src/AMR_ros2_slam_nav2/install/slam_toolbox/share/slam_toolbox/srv/Pause.idl
-- Up-to-date: /home/nvidia/workspace/alan/src/AMR_ros2_slam_nav2/install/slam_toolbox/share/slam_toolbox/srv/ClearQueue.idl
-- Up-to-date: /home/nvidia/workspace/alan/src/AMR_ros2_slam_nav2/install/slam_toolbox/share/slam_toolbox/srv/ToggleInteractive.idl
-- Up-to-date: /home/nvidia/workspace/alan/src/AMR_ros2_slam_nav2/install/slam_toolbox/share/slam_toolbox/srv/Clear.idl
-- Up-to-date: /home/nvidia/workspace/alan/src/AMR_ros2_slam_nav2/install/slam_toolbox/share/slam_toolbox/srv/SaveMap.idl
-- Up-to-date: /home/nvidia/workspace/alan/src/AMR_ros2_slam_nav2/install/slam_toolbox/share/slam_toolbox/srv/LoopClosure.idl
-- Up-to-date: /home/nvidia/workspace/alan/src/AMR_ros2_slam_nav2/install/slam_toolbox/share/slam_toolbox/srv/MergeMaps.idl
-- Up-to-date: /home/nvidia/workspace/alan/src/AMR_ros2_slam_nav2/install/slam_toolbox/share/slam_toolbox/srv/AddSubmap.idl
-- Up-to-date: /home/nvidia/workspace/alan/src/AMR_ros2_slam_nav2/install/slam_toolbox/share/slam_toolbox/srv/DeserializePoseGraph.idl
-- Up-to-date: /home/nvidia/workspace/alan/src/AMR_ros2_slam_nav2/install/slam_toolbox/share/slam_toolbox/srv/SerializePoseGraph.idl
-- Up-to-date: /home/nvidia/workspace/alan/src/AMR_ros2_slam_nav2/install/slam_toolbox/share/slam_toolbox/srvs/Pause.srv
-- Up-to-date: /home/nvidia/workspace/alan/src/AMR_ros2_slam_nav2/install/slam_toolbox/share/slam_toolbox/srvs/Pause_Request.msg
-- Up-to-date: /home/nvidia/workspace/alan/src/AMR_ros2_slam_nav2/install/slam_toolbox/share/slam_toolbox/srvs/Pause_Response.msg
-- Up-to-date: /home/nvidia/workspace/alan/src/AMR_ros2_slam_nav2/install/slam_toolbox/share/slam_toolbox/srvs/ClearQueue.srv
-- Up-to-date: /home/nvidia/workspace/alan/src/AMR_ros2_slam_nav2/install/slam_toolbox/share/slam_toolbox/srvs/ClearQueue_Request.msg
-- Up-to-date: /home/nvidia/workspace/alan/src/AMR_ros2_slam_nav2/install/slam_toolbox/share/slam_toolbox/srvs/ClearQueue_Response.msg
-- Up-to-date: /home/nvidia/workspace/alan/src/AMR_ros2_slam_nav2/install/slam_toolbox/share/slam_toolbox/srvs/ToggleInteractive.srv
-- Up-to-date: /home/nvidia/workspace/alan/src/AMR_ros2_slam_nav2/install/slam_toolbox/share/slam_toolbox/srvs/ToggleInteractive_Request.msg
-- Up-to-date: /home/nvidia/workspace/alan/src/AMR_ros2_slam_nav2/install/slam_toolbox/share/slam_toolbox/srvs/ToggleInteractive_Response.msg
-- Up-to-date: /home/nvidia/workspace/alan/src/AMR_ros2_slam_nav2/install/slam_toolbox/share/slam_toolbox/srvs/Clear.srv
-- Up-to-date: /home/nvidia/workspace/alan/src/AMR_ros2_slam_nav2/install/slam_toolbox/share/slam_toolbox/srvs/Clear_Request.msg
-- Up-to-date: /home/nvidia/workspace/alan/src/AMR_ros2_slam_nav2/install/slam_toolbox/share/slam_toolbox/srvs/Clear_Response.msg
-- Up-to-date: /home/nvidia/workspace/alan/src/AMR_ros2_slam_nav2/install/slam_toolbox/share/slam_toolbox/srvs/SaveMap.srv
-- Up-to-date: /home/nvidia/workspace/alan/src/AMR_ros2_slam_nav2/install/slam_toolbox/share/slam_toolbox/srvs/SaveMap_Request.msg
-- Up-to-date: /home/nvidia/workspace/alan/src/AMR_ros2_slam_nav2/install/slam_toolbox/share/slam_toolbox/srvs/SaveMap_Response.msg
-- Up-to-date: /home/nvidia/workspace/alan/src/AMR_ros2_slam_nav2/install/slam_toolbox/share/slam_toolbox/srvs/LoopClosure.srv
-- Up-to-date: /home/nvidia/workspace/alan/src/AMR_ros2_slam_nav2/install/slam_toolbox/share/slam_toolbox/srvs/LoopClosure_Request.msg
-- Up-to-date: /home/nvidia/workspace/alan/src/AMR_ros2_slam_nav2/install/slam_toolbox/share/slam_toolbox/srvs/LoopClosure_Response.msg
-- Up-to-date: /home/nvidia/workspace/alan/src/AMR_ros2_slam_nav2/install/slam_toolbox/share/slam_toolbox/srvs/MergeMaps.srv
-- Up-to-date: /home/nvidia/workspace/alan/src/AMR_ros2_slam_nav2/install/slam_toolbox/share/slam_toolbox/srvs/MergeMaps_Request.msg
-- Up-to-date: /home/nvidia/workspace/alan/src/AMR_ros2_slam_nav2/install/slam_toolbox/share/slam_toolbox/srvs/MergeMaps_Response.msg
-- Up-to-date: /home/nvidia/workspace/alan/src/AMR_ros2_slam_nav2/install/slam_toolbox/share/slam_toolbox/srvs/AddSubmap.srv
-- Up-to-date: /home/nvidia/workspace/alan/src/AMR_ros2_slam_nav2/install/slam_toolbox/share/slam_toolbox/srvs/AddSubmap_Request.msg
-- Up-to-date: /home/nvidia/workspace/alan/src/AMR_ros2_slam_nav2/install/slam_toolbox/share/slam_toolbox/srvs/AddSubmap_Response.msg
-- Up-to-date: /home/nvidia/workspace/alan/src/AMR_ros2_slam_nav2/install/slam_toolbox/share/slam_toolbox/srvs/DeserializePoseGraph.srv
-- Up-to-date: /home/nvidia/workspace/alan/src/AMR_ros2_slam_nav2/install/slam_toolbox/share/slam_toolbox/srvs/DeserializePoseGraph_Request.msg
-- Up-to-date: /home/nvidia/workspace/alan/src/AMR_ros2_slam_nav2/install/slam_toolbox/share/slam_toolbox/srvs/DeserializePoseGraph_Response.msg
-- Up-to-date: /home/nvidia/workspace/alan/src/AMR_ros2_slam_nav2/install/slam_toolbox/share/slam_toolbox/srvs/SerializePoseGraph.srv
-- Up-to-date: /home/nvidia/workspace/alan/src/AMR_ros2_slam_nav2/install/slam_toolbox/share/slam_toolbox/srvs/SerializePoseGraph_Request.msg
-- Up-to-date: /home/nvidia/workspace/alan/src/AMR_ros2_slam_nav2/install/slam_toolbox/share/slam_toolbox/srvs/SerializePoseGraph_Response.msg
-- Up-to-date: /home/nvidia/workspace/alan/src/AMR_ros2_slam_nav2/install/slam_toolbox/share/slam_toolbox/rviz_plugins.xml
-- Up-to-date: /home/nvidia/workspace/alan/src/AMR_ros2_slam_nav2/install/slam_toolbox/share/slam_toolbox/solver_plugins.xml
-- Up-to-date: /home/nvidia/workspace/alan/src/AMR_ros2_slam_nav2/install/slam_toolbox/lib/slam_toolbox/async_slam_toolbox_node
-- Up-to-date: /home/nvidia/workspace/alan/src/AMR_ros2_slam_nav2/install/slam_toolbox/lib/slam_toolbox/sync_slam_toolbox_node
-- Up-to-date: /home/nvidia/workspace/alan/src/AMR_ros2_slam_nav2/install/slam_toolbox/lib/slam_toolbox/localization_slam_toolbox_node
-- Up-to-date: /home/nvidia/workspace/alan/src/AMR_ros2_slam_nav2/install/slam_toolbox/lib/slam_toolbox/lifelong_slam_toolbox_node
-- Up-to-date: /home/nvidia/workspace/alan/src/AMR_ros2_slam_nav2/install/slam_toolbox/lib/slam_toolbox/merge_maps_kinematic
-- Up-to-date: /home/nvidia/workspace/alan/src/AMR_ros2_slam_nav2/install/slam_toolbox/lib/libtoolbox_common.so
-- Up-to-date: /home/nvidia/workspace/alan/src/AMR_ros2_slam_nav2/install/slam_toolbox/lib/libSlamToolboxPlugin.so
-- Up-to-date: /home/nvidia/workspace/alan/src/AMR_ros2_slam_nav2/install/slam_toolbox/lib/libceres_solver_plugin.so
-- Up-to-date: /home/nvidia/workspace/alan/src/AMR_ros2_slam_nav2/install/slam_toolbox/lib/libasync_slam_toolbox.so
-- Up-to-date: /home/nvidia/workspace/alan/src/AMR_ros2_slam_nav2/install/slam_toolbox/lib/libsync_slam_toolbox.so
-- Up-to-date: /home/nvidia/workspace/alan/src/AMR_ros2_slam_nav2/install/slam_toolbox/lib/liblocalization_slam_toolbox.so
-- Up-to-date: /home/nvidia/workspace/alan/src/AMR_ros2_slam_nav2/install/slam_toolbox/lib/liblifelong_slam_toolbox.so
-- Up-to-date: /home/nvidia/workspace/alan/src/AMR_ros2_slam_nav2/install/slam_toolbox/lib/libSlamToolboxPlugin.so
-- Up-to-date: /home/nvidia/workspace/alan/src/AMR_ros2_slam_nav2/install/slam_toolbox/include
-- Up-to-date: /home/nvidia/workspace/alan/src/AMR_ros2_slam_nav2/install/slam_toolbox/include/slam_toolbox
-- Up-to-date: /home/nvidia/workspace/alan/src/AMR_ros2_slam_nav2/install/slam_toolbox/include/slam_toolbox/slam_toolbox_sync.hpp
-- Up-to-date: /home/nvidia/workspace/alan/src/AMR_ros2_slam_nav2/install/slam_toolbox/include/slam_toolbox/slam_mapper.hpp
-- Up-to-date: /home/nvidia/workspace/alan/src/AMR_ros2_slam_nav2/install/slam_toolbox/include/slam_toolbox/slam_toolbox_localization.hpp
-- Up-to-date: /home/nvidia/workspace/alan/src/AMR_ros2_slam_nav2/install/slam_toolbox/include/slam_toolbox/snap_utils.hpp
-- Up-to-date: /home/nvidia/workspace/alan/src/AMR_ros2_slam_nav2/install/slam_toolbox/include/slam_toolbox/get_pose_helper.hpp
-- Up-to-date: /home/nvidia/workspace/alan/src/AMR_ros2_slam_nav2/install/slam_toolbox/include/slam_toolbox/visualization_utils.hpp
-- Up-to-date: /home/nvidia/workspace/alan/src/AMR_ros2_slam_nav2/install/slam_toolbox/include/slam_toolbox/loop_closure_assistant.hpp
-- Up-to-date: /home/nvidia/workspace/alan/src/AMR_ros2_slam_nav2/install/slam_toolbox/include/slam_toolbox/slam_toolbox_common.hpp
-- Up-to-date: /home/nvidia/workspace/alan/src/AMR_ros2_slam_nav2/install/slam_toolbox/include/slam_toolbox/toolbox_msgs.hpp
-- Up-to-date: /home/nvidia/workspace/alan/src/AMR_ros2_slam_nav2/install/slam_toolbox/include/slam_toolbox/slam_toolbox_async.hpp
-- Up-to-date: /home/nvidia/workspace/alan/src/AMR_ros2_slam_nav2/install/slam_toolbox/include/slam_toolbox/experimental
-- Up-to-date: /home/nvidia/workspace/alan/src/AMR_ros2_slam_nav2/install/slam_toolbox/include/slam_toolbox/experimental/slam_toolbox_lifelong.hpp
-- Up-to-date: /home/nvidia/workspace/alan/src/AMR_ros2_slam_nav2/install/slam_toolbox/include/slam_toolbox/map_saver.hpp
-- Up-to-date: /home/nvidia/workspace/alan/src/AMR_ros2_slam_nav2/install/slam_toolbox/include/slam_toolbox/serialization.hpp
-- Up-to-date: /home/nvidia/workspace/alan/src/AMR_ros2_slam_nav2/install/slam_toolbox/include/slam_toolbox/toolbox_types.hpp
-- Up-to-date: /home/nvidia/workspace/alan/src/AMR_ros2_slam_nav2/install/slam_toolbox/include/slam_toolbox/merge_maps_kinematic.hpp
-- Up-to-date: /home/nvidia/workspace/alan/src/AMR_ros2_slam_nav2/install/slam_toolbox/include/slam_toolbox/laser_utils.hpp
-- Up-to-date: /home/nvidia/workspace/alan/src/AMR_ros2_slam_nav2/install/slam_toolbox/share/slam_toolbox/launch
-- Up-to-date: /home/nvidia/workspace/alan/src/AMR_ros2_slam_nav2/install/slam_toolbox/share/slam_toolbox/launch/offline_launch.py
-- Up-to-date: /home/nvidia/workspace/alan/src/AMR_ros2_slam_nav2/install/slam_toolbox/share/slam_toolbox/launch/online_sync_launch.py
-- Up-to-date: /home/nvidia/workspace/alan/src/AMR_ros2_slam_nav2/install/slam_toolbox/share/slam_toolbox/launch/online_async_launch.py
-- Up-to-date: /home/nvidia/workspace/alan/src/AMR_ros2_slam_nav2/install/slam_toolbox/share/slam_toolbox/launch/localization_launch.py
-- Up-to-date: /home/nvidia/workspace/alan/src/AMR_ros2_slam_nav2/install/slam_toolbox/share/slam_toolbox/launch/merge_maps_kinematic_launch.py
-- Up-to-date: /home/nvidia/workspace/alan/src/AMR_ros2_slam_nav2/install/slam_toolbox/share/slam_toolbox/launch/lifelong_launch.py
-- Up-to-date: /home/nvidia/workspace/alan/src/AMR_ros2_slam_nav2/install/slam_toolbox/share/slam_toolbox/config
-- Up-to-date: /home/nvidia/workspace/alan/src/AMR_ros2_slam_nav2/install/slam_toolbox/share/slam_toolbox/config/mapper_params_online_async.yaml
-- Up-to-date: /home/nvidia/workspace/alan/src/AMR_ros2_slam_nav2/install/slam_toolbox/share/slam_toolbox/config/mapper_params_lifelong.yaml
-- Up-to-date: /home/nvidia/workspace/alan/src/AMR_ros2_slam_nav2/install/slam_toolbox/share/slam_toolbox/config/mapper_params_offline.yaml
-- Up-to-date: /home/nvidia/workspace/alan/src/AMR_ros2_slam_nav2/install/slam_toolbox/share/slam_toolbox/config/mapper_params_online_sync.yaml
-- Up-to-date: /home/nvidia/workspace/alan/src/AMR_ros2_slam_nav2/install/slam_toolbox/share/slam_toolbox/config/mapper_params_localization.yaml
-- Up-to-date: /home/nvidia/workspace/alan/src/AMR_ros2_slam_nav2/install/slam_toolbox/share/solver_plugins.xml
-- Up-to-date: /home/nvidia/workspace/alan/src/AMR_ros2_slam_nav2/install/slam_toolbox/share/rviz_plugins.xml
-- Up-to-date: /home/nvidia/workspace/alan/src/AMR_ros2_slam_nav2/install/slam_toolbox/share/ament_index/resource_index/package_run_dependencies/slam_toolbox
-- Up-to-date: /home/nvidia/workspace/alan/src/AMR_ros2_slam_nav2/install/slam_toolbox/share/ament_index/resource_index/parent_prefix_path/slam_toolbox
-- Up-to-date: /home/nvidia/workspace/alan/src/AMR_ros2_slam_nav2/install/slam_toolbox/share/slam_toolbox/environment/ament_prefix_path.sh
-- Up-to-date: /home/nvidia/workspace/alan/src/AMR_ros2_slam_nav2/install/slam_toolbox/share/slam_toolbox/environment/ament_prefix_path.dsv
-- Up-to-date: /home/nvidia/workspace/alan/src/AMR_ros2_slam_nav2/install/slam_toolbox/share/slam_toolbox/environment/path.sh
-- Up-to-date: /home/nvidia/workspace/alan/src/AMR_ros2_slam_nav2/install/slam_toolbox/share/slam_toolbox/environment/path.dsv
-- Up-to-date: /home/nvidia/workspace/alan/src/AMR_ros2_slam_nav2/install/slam_toolbox/share/slam_toolbox/local_setup.bash
-- Up-to-date: /home/nvidia/workspace/alan/src/AMR_ros2_slam_nav2/install/slam_toolbox/share/slam_toolbox/local_setup.sh
-- Up-to-date: /home/nvidia/workspace/alan/src/AMR_ros2_slam_nav2/install/slam_toolbox/share/slam_toolbox/local_setup.zsh
-- Up-to-date: /home/nvidia/workspace/alan/src/AMR_ros2_slam_nav2/install/slam_toolbox/share/slam_toolbox/local_setup.dsv
-- Installing: /home/nvidia/workspace/alan/src/AMR_ros2_slam_nav2/install/slam_toolbox/share/slam_toolbox/package.dsv
-- Up-to-date: /home/nvidia/workspace/alan/src/AMR_ros2_slam_nav2/install/slam_toolbox/share/ament_index/resource_index/packages/slam_toolbox
-- Up-to-date: /home/nvidia/workspace/alan/src/AMR_ros2_slam_nav2/install/slam_toolbox/share/ament_index/resource_index/rviz_common__pluginlib__plugin/slam_toolbox
-- Up-to-date: /home/nvidia/workspace/alan/src/AMR_ros2_slam_nav2/install/slam_toolbox/share/ament_index/resource_index/slam_toolbox__pluginlib__plugin/slam_toolbox
-- Up-to-date: /home/nvidia/workspace/alan/src/AMR_ros2_slam_nav2/install/slam_toolbox/share/slam_toolbox/cmake/slam_toolbox__rosidl_generator_cExport.cmake
-- Up-to-date: /home/nvidia/workspace/alan/src/AMR_ros2_slam_nav2/install/slam_toolbox/share/slam_toolbox/cmake/slam_toolbox__rosidl_generator_cExport-release.cmake
-- Up-to-date: /home/nvidia/workspace/alan/src/AMR_ros2_slam_nav2/install/slam_toolbox/share/slam_toolbox/cmake/slam_toolbox__rosidl_typesupport_introspection_cExport.cmake
-- Up-to-date: /home/nvidia/workspace/alan/src/AMR_ros2_slam_nav2/install/slam_toolbox/share/slam_toolbox/cmake/slam_toolbox__rosidl_typesupport_introspection_cExport-release.cmake
-- Up-to-date: /home/nvidia/workspace/alan/src/AMR_ros2_slam_nav2/install/slam_toolbox/share/slam_toolbox/cmake/slam_toolbox__rosidl_typesupport_cExport.cmake
-- Up-to-date: /home/nvidia/workspace/alan/src/AMR_ros2_slam_nav2/install/slam_toolbox/share/slam_toolbox/cmake/slam_toolbox__rosidl_typesupport_cExport-release.cmake
-- Up-to-date: /home/nvidia/workspace/alan/src/AMR_ros2_slam_nav2/install/slam_toolbox/share/slam_toolbox/cmake/slam_toolbox__rosidl_generator_cppExport.cmake
-- Up-to-date: /home/nvidia/workspace/alan/src/AMR_ros2_slam_nav2/install/slam_toolbox/share/slam_toolbox/cmake/slam_toolbox__rosidl_typesupport_introspection_cppExport.cmake
-- Up-to-date: /home/nvidia/workspace/alan/src/AMR_ros2_slam_nav2/install/slam_toolbox/share/slam_toolbox/cmake/slam_toolbox__rosidl_typesupport_introspection_cppExport-release.cmake
-- Up-to-date: /home/nvidia/workspace/alan/src/AMR_ros2_slam_nav2/install/slam_toolbox/share/slam_toolbox/cmake/slam_toolbox__rosidl_typesupport_cppExport.cmake
-- Up-to-date: /home/nvidia/workspace/alan/src/AMR_ros2_slam_nav2/install/slam_toolbox/share/slam_toolbox/cmake/slam_toolbox__rosidl_typesupport_cppExport-release.cmake
-- Up-to-date: /home/nvidia/workspace/alan/src/AMR_ros2_slam_nav2/install/slam_toolbox/share/slam_toolbox/cmake/SlamToolboxPluginExport.cmake
-- Up-to-date: /home/nvidia/workspace/alan/src/AMR_ros2_slam_nav2/install/slam_toolbox/share/slam_toolbox/cmake/SlamToolboxPluginExport-release.cmake
-- Up-to-date: /home/nvidia/workspace/alan/src/AMR_ros2_slam_nav2/install/slam_toolbox/share/slam_toolbox/cmake/rosidl_cmake-extras.cmake
-- Up-to-date: /home/nvidia/workspace/alan/src/AMR_ros2_slam_nav2/install/slam_toolbox/share/slam_toolbox/cmake/ament_cmake_export_dependencies-extras.cmake
-- Up-to-date: /home/nvidia/workspace/alan/src/AMR_ros2_slam_nav2/install/slam_toolbox/share/slam_toolbox/cmake/ament_cmake_export_libraries-extras.cmake
-- Up-to-date: /home/nvidia/workspace/alan/src/AMR_ros2_slam_nav2/install/slam_toolbox/share/slam_toolbox/cmake/ament_cmake_export_targets-extras.cmake
-- Up-to-date: /home/nvidia/workspace/alan/src/AMR_ros2_slam_nav2/install/slam_toolbox/share/slam_toolbox/cmake/ament_cmake_export_include_directories-extras.cmake
-- Up-to-date: /home/nvidia/workspace/alan/src/AMR_ros2_slam_nav2/install/slam_toolbox/share/slam_toolbox/cmake/rosidl_cmake_export_typesupport_libraries-extras.cmake
-- Up-to-date: /home/nvidia/workspace/alan/src/AMR_ros2_slam_nav2/install/slam_toolbox/share/slam_toolbox/cmake/rosidl_cmake_export_typesupport_targets-extras.cmake
-- Up-to-date: /home/nvidia/workspace/alan/src/AMR_ros2_slam_nav2/install/slam_toolbox/share/slam_toolbox/cmake/slam_toolboxConfig.cmake
-- Up-to-date: /home/nvidia/workspace/alan/src/AMR_ros2_slam_nav2/install/slam_toolbox/share/slam_toolbox/cmake/slam_toolboxConfig-version.cmake
-- Up-to-date: /home/nvidia/workspace/alan/src/AMR_ros2_slam_nav2/install/slam_toolbox/share/slam_toolbox/package.xml
-- Up-to-date: /home/nvidia/workspace/alan/src/AMR_ros2_slam_nav2/install/slam_toolbox/include/
-- Up-to-date: /home/nvidia/workspace/alan/src/AMR_ros2_slam_nav2/install/slam_toolbox/include//karto_sdk
-- Up-to-date: /home/nvidia/workspace/alan/src/AMR_ros2_slam_nav2/install/slam_toolbox/include//karto_sdk/nanoflann_adaptors.h
-- Up-to-date: /home/nvidia/workspace/alan/src/AMR_ros2_slam_nav2/install/slam_toolbox/include//karto_sdk/Mapper.h
-- Up-to-date: /home/nvidia/workspace/alan/src/AMR_ros2_slam_nav2/install/slam_toolbox/include//karto_sdk/Math.h
-- Up-to-date: /home/nvidia/workspace/alan/src/AMR_ros2_slam_nav2/install/slam_toolbox/include//karto_sdk/Karto.h
-- Up-to-date: /home/nvidia/workspace/alan/src/AMR_ros2_slam_nav2/install/slam_toolbox/include//karto_sdk/Macros.h
-- Up-to-date: /home/nvidia/workspace/alan/src/AMR_ros2_slam_nav2/install/slam_toolbox/include//karto_sdk/nanoflann.hpp
-- Up-to-date: /home/nvidia/workspace/alan/src/AMR_ros2_slam_nav2/install/slam_toolbox/include//karto_sdk/Types.h
-- Up-to-date: /home/nvidia/workspace/alan/src/AMR_ros2_slam_nav2/install/slam_toolbox/lib/libkartoSlamToolbox.so
-- Up-to-date: /home/nvidia/workspace/alan/src/AMR_ros2_slam_nav2/install/slam_toolbox/share/karto_sdk/environment/library_path.sh
-- Up-to-date: /home/nvidia/workspace/alan/src/AMR_ros2_slam_nav2/install/slam_toolbox/share/karto_sdk/environment/library_path.dsv
-- Up-to-date: /home/nvidia/workspace/alan/src/AMR_ros2_slam_nav2/install/slam_toolbox/share/ament_index/resource_index/package_run_dependencies/karto_sdk
-- Up-to-date: /home/nvidia/workspace/alan/src/AMR_ros2_slam_nav2/install/slam_toolbox/share/ament_index/resource_index/parent_prefix_path/karto_sdk
-- Up-to-date: /home/nvidia/workspace/alan/src/AMR_ros2_slam_nav2/install/slam_toolbox/share/karto_sdk/environment/ament_prefix_path.sh
-- Up-to-date: /home/nvidia/workspace/alan/src/AMR_ros2_slam_nav2/install/slam_toolbox/share/karto_sdk/environment/ament_prefix_path.dsv
-- Up-to-date: /home/nvidia/workspace/alan/src/AMR_ros2_slam_nav2/install/slam_toolbox/share/karto_sdk/environment/path.sh
-- Up-to-date: /home/nvidia/workspace/alan/src/AMR_ros2_slam_nav2/install/slam_toolbox/share/karto_sdk/environment/path.dsv
-- Up-to-date: /home/nvidia/workspace/alan/src/AMR_ros2_slam_nav2/install/slam_toolbox/share/karto_sdk/local_setup.bash
-- Up-to-date: /home/nvidia/workspace/alan/src/AMR_ros2_slam_nav2/install/slam_toolbox/share/karto_sdk/local_setup.sh
-- Up-to-date: /home/nvidia/workspace/alan/src/AMR_ros2_slam_nav2/install/slam_toolbox/share/karto_sdk/local_setup.zsh
-- Up-to-date: /home/nvidia/workspace/alan/src/AMR_ros2_slam_nav2/install/slam_toolbox/share/karto_sdk/local_setup.dsv
-- Up-to-date: /home/nvidia/workspace/alan/src/AMR_ros2_slam_nav2/install/slam_toolbox/share/karto_sdk/package.dsv
-- Up-to-date: /home/nvidia/workspace/alan/src/AMR_ros2_slam_nav2/install/slam_toolbox/share/ament_index/resource_index/packages/karto_sdk
-- Up-to-date: /home/nvidia/workspace/alan/src/AMR_ros2_slam_nav2/install/slam_toolbox/share/karto_sdk/cmake/ament_cmake_export_libraries-extras.cmake
-- Up-to-date: /home/nvidia/workspace/alan/src/AMR_ros2_slam_nav2/install/slam_toolbox/share/karto_sdk/cmake/ament_cmake_export_include_directories-extras.cmake
-- Up-to-date: /home/nvidia/workspace/alan/src/AMR_ros2_slam_nav2/install/slam_toolbox/share/karto_sdk/cmake/ament_cmake_export_dependencies-extras.cmake
-- Up-to-date: /home/nvidia/workspace/alan/src/AMR_ros2_slam_nav2/install/slam_toolbox/share/karto_sdk/cmake/karto_sdkConfig.cmake
-- Up-to-date: /home/nvidia/workspace/alan/src/AMR_ros2_slam_nav2/install/slam_toolbox/share/karto_sdk/cmake/karto_sdkConfig-version.cmake
-- Up-to-date: /home/nvidia/workspace/alan/src/AMR_ros2_slam_nav2/install/slam_toolbox/share/karto_sdk/package.xml
