[2.968s] Invoking command in '/home/nvidia/workspace/alan/src/AMR_ros2_slam_nav2/turtlebot3_teleop': PYTHONPATH=/home/nvidia/workspace/alan/src/AMR_ros2_slam_nav2/install/turtlebot3_teleop/lib/python3.6/site-packages:${PYTHONPATH} /usr/bin/python3 setup.py egg_info --egg-base ../build/turtlebot3_teleop build --build-base /home/nvidia/workspace/alan/src/AMR_ros2_slam_nav2/build/turtlebot3_teleop/build install --prefix /home/nvidia/workspace/alan/src/AMR_ros2_slam_nav2/install/turtlebot3_teleop --record /home/nvidia/workspace/alan/src/AMR_ros2_slam_nav2/build/turtlebot3_teleop/install.log --single-version-externally-managed
[4.098s] running egg_info
[4.100s] creating ../build/turtlebot3_teleop/turtlebot3_teleop.egg-info
[4.101s] writing ../build/turtlebot3_teleop/turtlebot3_teleop.egg-info/PKG-INFO
[4.102s] writing dependency_links to ../build/turtlebot3_teleop/turtlebot3_teleop.egg-info/dependency_links.txt
[4.103s] writing entry points to ../build/turtlebot3_teleop/turtlebot3_teleop.egg-info/entry_points.txt
[4.103s] writing requirements to ../build/turtlebot3_teleop/turtlebot3_teleop.egg-info/requires.txt
[4.104s] writing top-level names to ../build/turtlebot3_teleop/turtlebot3_teleop.egg-info/top_level.txt
[4.109s] writing manifest file '../build/turtlebot3_teleop/turtlebot3_teleop.egg-info/SOURCES.txt'
[4.115s] reading manifest file '../build/turtlebot3_teleop/turtlebot3_teleop.egg-info/SOURCES.txt'
[4.119s] writing manifest file '../build/turtlebot3_teleop/turtlebot3_teleop.egg-info/SOURCES.txt'
[4.120s] running build
[4.121s] running build_py
[4.121s] creating /home/nvidia/workspace/alan/src/AMR_ros2_slam_nav2/build/turtlebot3_teleop/build
[4.122s] creating /home/nvidia/workspace/alan/src/AMR_ros2_slam_nav2/build/turtlebot3_teleop/build/lib
[4.122s] creating /home/nvidia/workspace/alan/src/AMR_ros2_slam_nav2/build/turtlebot3_teleop/build/lib/turtlebot3_teleop
[4.123s] copying turtlebot3_teleop/__init__.py -> /home/nvidia/workspace/alan/src/AMR_ros2_slam_nav2/build/turtlebot3_teleop/build/lib/turtlebot3_teleop
[4.123s] creating /home/nvidia/workspace/alan/src/AMR_ros2_slam_nav2/build/turtlebot3_teleop/build/lib/turtlebot3_teleop/script
[4.123s] copying turtlebot3_teleop/script/__init__.py -> /home/nvidia/workspace/alan/src/AMR_ros2_slam_nav2/build/turtlebot3_teleop/build/lib/turtlebot3_teleop/script
[4.124s] copying turtlebot3_teleop/script/teleop_keyboard.py -> /home/nvidia/workspace/alan/src/AMR_ros2_slam_nav2/build/turtlebot3_teleop/build/lib/turtlebot3_teleop/script
[4.125s] running install
[4.126s] /home/nvidia/.local/lib/python3.6/site-packages/setuptools/command/install.py:37: SetuptoolsDeprecationWarning: setup.py install is deprecated. Use build and pip and other standards-based tools.
[4.126s]   setuptools.SetuptoolsDeprecationWarning,
[4.127s] running install_lib
[4.129s] creating /home/nvidia/workspace/alan/src/AMR_ros2_slam_nav2/install/turtlebot3_teleop/lib/python3.6/site-packages/turtlebot3_teleop
[4.130s] copying /home/nvidia/workspace/alan/src/AMR_ros2_slam_nav2/build/turtlebot3_teleop/build/lib/turtlebot3_teleop/__init__.py -> /home/nvidia/workspace/alan/src/AMR_ros2_slam_nav2/install/turtlebot3_teleop/lib/python3.6/site-packages/turtlebot3_teleop
[4.130s] creating /home/nvidia/workspace/alan/src/AMR_ros2_slam_nav2/install/turtlebot3_teleop/lib/python3.6/site-packages/turtlebot3_teleop/script
[4.131s] copying /home/nvidia/workspace/alan/src/AMR_ros2_slam_nav2/build/turtlebot3_teleop/build/lib/turtlebot3_teleop/script/__init__.py -> /home/nvidia/workspace/alan/src/AMR_ros2_slam_nav2/install/turtlebot3_teleop/lib/python3.6/site-packages/turtlebot3_teleop/script
[4.131s] copying /home/nvidia/workspace/alan/src/AMR_ros2_slam_nav2/build/turtlebot3_teleop/build/lib/turtlebot3_teleop/script/teleop_keyboard.py -> /home/nvidia/workspace/alan/src/AMR_ros2_slam_nav2/install/turtlebot3_teleop/lib/python3.6/site-packages/turtlebot3_teleop/script
[4.132s] byte-compiling /home/nvidia/workspace/alan/src/AMR_ros2_slam_nav2/install/turtlebot3_teleop/lib/python3.6/site-packages/turtlebot3_teleop/__init__.py to __init__.cpython-36.pyc
[4.133s] byte-compiling /home/nvidia/workspace/alan/src/AMR_ros2_slam_nav2/install/turtlebot3_teleop/lib/python3.6/site-packages/turtlebot3_teleop/script/__init__.py to __init__.cpython-36.pyc
[4.134s] byte-compiling /home/nvidia/workspace/alan/src/AMR_ros2_slam_nav2/install/turtlebot3_teleop/lib/python3.6/site-packages/turtlebot3_teleop/script/teleop_keyboard.py to teleop_keyboard.cpython-36.pyc
[4.137s] running install_data
[4.138s] creating /home/nvidia/workspace/alan/src/AMR_ros2_slam_nav2/install/turtlebot3_teleop/share/ament_index
[4.139s] creating /home/nvidia/workspace/alan/src/AMR_ros2_slam_nav2/install/turtlebot3_teleop/share/ament_index/resource_index
[4.139s] creating /home/nvidia/workspace/alan/src/AMR_ros2_slam_nav2/install/turtlebot3_teleop/share/ament_index/resource_index/packages
[4.140s] copying resource/turtlebot3_teleop -> /home/nvidia/workspace/alan/src/AMR_ros2_slam_nav2/install/turtlebot3_teleop/share/ament_index/resource_index/packages
[4.140s] copying package.xml -> /home/nvidia/workspace/alan/src/AMR_ros2_slam_nav2/install/turtlebot3_teleop/share/turtlebot3_teleop
[4.141s] running install_egg_info
[4.145s] Copying ../build/turtlebot3_teleop/turtlebot3_teleop.egg-info to /home/nvidia/workspace/alan/src/AMR_ros2_slam_nav2/install/turtlebot3_teleop/lib/python3.6/site-packages/turtlebot3_teleop-2.1.2-py3.6.egg-info
[4.150s] running install_scripts
[4.213s] Installing teleop_keyboard script to /home/nvidia/workspace/alan/src/AMR_ros2_slam_nav2/install/turtlebot3_teleop/lib/turtlebot3_teleop
[4.215s] writing list of installed files to '/home/nvidia/workspace/alan/src/AMR_ros2_slam_nav2/build/turtlebot3_teleop/install.log'
[4.304s] Invoked command in '/home/nvidia/workspace/alan/src/AMR_ros2_slam_nav2/turtlebot3_teleop' returned '0': PYTHONPATH=/home/nvidia/workspace/alan/src/AMR_ros2_slam_nav2/install/turtlebot3_teleop/lib/python3.6/site-packages:${PYTHONPATH} /usr/bin/python3 setup.py egg_info --egg-base ../build/turtlebot3_teleop build --build-base /home/nvidia/workspace/alan/src/AMR_ros2_slam_nav2/build/turtlebot3_teleop/build install --prefix /home/nvidia/workspace/alan/src/AMR_ros2_slam_nav2/install/turtlebot3_teleop --record /home/nvidia/workspace/alan/src/AMR_ros2_slam_nav2/build/turtlebot3_teleop/install.log --single-version-externally-managed
