[0.269s] Invoking command in '/home/nvidia/workspace/alan/src/AMR_ros2_slam_nav2/build/cartographer_ros_msgs': CMAKE_PREFIX_PATH=${CMAKE_PREFIX_PATH}:/home/nvidia/workspace/alan/src/AMR_ros2_slam_nav2/install/turtlebot3_teleop:/home/nvidia/workspace/alan/src/AMR_ros2_slam_nav2/install/turtlebot3_example:/home/nvidia/workspace/alan/src/AMR_ros2_slam_nav2/install/opencv_tests:/home/nvidia/workspace/alan/src/AMR_ros2_slam_nav2/install/nav2_gazebo_spawner:/home/nvidia/workspace/alan/AMR/install/turtlebot3_teleop:/home/nvidia/workspace/alan/AMR/install/turtlebot3_example:/home/nvidia/workspace/alan/AMR/install/opencv_tests:/home/nvidia/workspace/alan/AMR/install/nav2_gazebo_spawner /usr/local/bin/cmake --build /home/nvidia/workspace/alan/src/AMR_ros2_slam_nav2/build/cartographer_ros_msgs -- -j8 -l8
[0.663s] [  0%] Built target cartographer_ros_msgs__cpp
[0.679s] [ 12%] Built target cartographer_ros_msgs__rosidl_generator_c
[0.785s] [ 24%] Built target cartographer_ros_msgs__rosidl_typesupport_introspection_cpp
[0.811s] [ 36%] Built target cartographer_ros_msgs__rosidl_typesupport_cpp
[0.862s] [ 48%] Built target cartographer_ros_msgs__rosidl_typesupport_introspection_c
[0.870s] [ 60%] Built target cartographer_ros_msgs__rosidl_typesupport_c
[0.873s] [ 72%] Built target cartographer_ros_msgs__rosidl_typesupport_fastrtps_cpp
[1.043s] [ 84%] Built target cartographer_ros_msgs__rosidl_typesupport_fastrtps_c
[1.095s] [ 84%] Built target cartographer_ros_msgs
[1.188s] [ 85%] Built target cartographer_ros_msgs__py
[1.426s] [ 96%] Built target cartographer_ros_msgs__python
[1.570s] [ 98%] Built target cartographer_ros_msgs__rosidl_typesupport_introspection_c__pyext
[1.592s] [ 99%] Built target cartographer_ros_msgs__rosidl_typesupport_c__pyext
[1.609s] [100%] Built target cartographer_ros_msgs__rosidl_typesupport_fastrtps_c__pyext
[1.921s] Invoked command in '/home/nvidia/workspace/alan/src/AMR_ros2_slam_nav2/build/cartographer_ros_msgs' returned '0': CMAKE_PREFIX_PATH=${CMAKE_PREFIX_PATH}:/home/nvidia/workspace/alan/src/AMR_ros2_slam_nav2/install/turtlebot3_teleop:/home/nvidia/workspace/alan/src/AMR_ros2_slam_nav2/install/turtlebot3_example:/home/nvidia/workspace/alan/src/AMR_ros2_slam_nav2/install/opencv_tests:/home/nvidia/workspace/alan/src/AMR_ros2_slam_nav2/install/nav2_gazebo_spawner:/home/nvidia/workspace/alan/AMR/install/turtlebot3_teleop:/home/nvidia/workspace/alan/AMR/install/turtlebot3_example:/home/nvidia/workspace/alan/AMR/install/opencv_tests:/home/nvidia/workspace/alan/AMR/install/nav2_gazebo_spawner /usr/local/bin/cmake --build /home/nvidia/workspace/alan/src/AMR_ros2_slam_nav2/build/cartographer_ros_msgs -- -j8 -l8
[5.093s] Invoking command in '/home/nvidia/workspace/alan/src/AMR_ros2_slam_nav2/build/cartographer_ros_msgs': CMAKE_PREFIX_PATH=${CMAKE_PREFIX_PATH}:/home/nvidia/workspace/alan/src/AMR_ros2_slam_nav2/install/turtlebot3_teleop:/home/nvidia/workspace/alan/src/AMR_ros2_slam_nav2/install/turtlebot3_example:/home/nvidia/workspace/alan/src/AMR_ros2_slam_nav2/install/opencv_tests:/home/nvidia/workspace/alan/src/AMR_ros2_slam_nav2/install/nav2_gazebo_spawner:/home/nvidia/workspace/alan/AMR/install/turtlebot3_teleop:/home/nvidia/workspace/alan/AMR/install/turtlebot3_example:/home/nvidia/workspace/alan/AMR/install/opencv_tests:/home/nvidia/workspace/alan/AMR/install/nav2_gazebo_spawner /usr/local/bin/cmake --install /home/nvidia/workspace/alan/src/AMR_ros2_slam_nav2/build/cartographer_ros_msgs
[5.338s] -- Install configuration: ""
[5.338s] -- Installing: /home/nvidia/workspace/alan/src/AMR_ros2_slam_nav2/install/cartographer_ros_msgs/share/ament_index/resource_index/rosidl_interfaces/cartographer_ros_msgs
[5.342s] -- Installing: /home/nvidia/workspace/alan/src/AMR_ros2_slam_nav2/install/cartographer_ros_msgs/include/cartographer_ros_msgs
[5.343s] -- Installing: /home/nvidia/workspace/alan/src/AMR_ros2_slam_nav2/install/cartographer_ros_msgs/include/cartographer_ros_msgs/srv
[5.348s] -- Installing: /home/nvidia/workspace/alan/src/AMR_ros2_slam_nav2/install/cartographer_ros_msgs/include/cartographer_ros_msgs/srv/finish_trajectory.h
[5.348s] -- Installing: /home/nvidia/workspace/alan/src/AMR_ros2_slam_nav2/install/cartographer_ros_msgs/include/cartographer_ros_msgs/srv/detail
[5.349s] -- Installing: /home/nvidia/workspace/alan/src/AMR_ros2_slam_nav2/install/cartographer_ros_msgs/include/cartographer_ros_msgs/srv/detail/write_state__struct.h
[5.350s] -- Installing: /home/nvidia/workspace/alan/src/AMR_ros2_slam_nav2/install/cartographer_ros_msgs/include/cartographer_ros_msgs/srv/detail/start_trajectory__type_support.h
[5.351s] -- Installing: /home/nvidia/workspace/alan/src/AMR_ros2_slam_nav2/install/cartographer_ros_msgs/include/cartographer_ros_msgs/srv/detail/submap_query__type_support.h
[5.353s] -- Installing: /home/nvidia/workspace/alan/src/AMR_ros2_slam_nav2/install/cartographer_ros_msgs/include/cartographer_ros_msgs/srv/detail/write_state__type_support.h
[5.354s] -- Installing: /home/nvidia/workspace/alan/src/AMR_ros2_slam_nav2/install/cartographer_ros_msgs/include/cartographer_ros_msgs/srv/detail/start_trajectory__functions.c
[5.356s] -- Installing: /home/nvidia/workspace/alan/src/AMR_ros2_slam_nav2/install/cartographer_ros_msgs/include/cartographer_ros_msgs/srv/detail/submap_query__struct.h
[5.357s] -- Installing: /home/nvidia/workspace/alan/src/AMR_ros2_slam_nav2/install/cartographer_ros_msgs/include/cartographer_ros_msgs/srv/detail/submap_query__functions.c
[5.358s] -- Installing: /home/nvidia/workspace/alan/src/AMR_ros2_slam_nav2/install/cartographer_ros_msgs/include/cartographer_ros_msgs/srv/detail/write_state__functions.h
[5.358s] -- Installing: /home/nvidia/workspace/alan/src/AMR_ros2_slam_nav2/install/cartographer_ros_msgs/include/cartographer_ros_msgs/srv/detail/finish_trajectory__type_support.h
[5.359s] -- Installing: /home/nvidia/workspace/alan/src/AMR_ros2_slam_nav2/install/cartographer_ros_msgs/include/cartographer_ros_msgs/srv/detail/start_trajectory__functions.h
[5.359s] -- Installing: /home/nvidia/workspace/alan/src/AMR_ros2_slam_nav2/install/cartographer_ros_msgs/include/cartographer_ros_msgs/srv/detail/finish_trajectory__functions.h
[5.360s] -- Installing: /home/nvidia/workspace/alan/src/AMR_ros2_slam_nav2/install/cartographer_ros_msgs/include/cartographer_ros_msgs/srv/detail/finish_trajectory__struct.h
[5.360s] -- Installing: /home/nvidia/workspace/alan/src/AMR_ros2_slam_nav2/install/cartographer_ros_msgs/include/cartographer_ros_msgs/srv/detail/submap_query__functions.h
[5.360s] -- Installing: /home/nvidia/workspace/alan/src/AMR_ros2_slam_nav2/install/cartographer_ros_msgs/include/cartographer_ros_msgs/srv/detail/finish_trajectory__functions.c
[5.361s] -- Installing: /home/nvidia/workspace/alan/src/AMR_ros2_slam_nav2/install/cartographer_ros_msgs/include/cartographer_ros_msgs/srv/detail/start_trajectory__struct.h
[5.361s] -- Installing: /home/nvidia/workspace/alan/src/AMR_ros2_slam_nav2/install/cartographer_ros_msgs/include/cartographer_ros_msgs/srv/detail/write_state__functions.c
[5.361s] -- Installing: /home/nvidia/workspace/alan/src/AMR_ros2_slam_nav2/install/cartographer_ros_msgs/include/cartographer_ros_msgs/srv/submap_query.h
[5.361s] -- Installing: /home/nvidia/workspace/alan/src/AMR_ros2_slam_nav2/install/cartographer_ros_msgs/include/cartographer_ros_msgs/srv/start_trajectory.h
[5.362s] -- Installing: /home/nvidia/workspace/alan/src/AMR_ros2_slam_nav2/install/cartographer_ros_msgs/include/cartographer_ros_msgs/srv/write_state.h
[5.362s] -- Installing: /home/nvidia/workspace/alan/src/AMR_ros2_slam_nav2/install/cartographer_ros_msgs/include/cartographer_ros_msgs/msg
[5.362s] -- Installing: /home/nvidia/workspace/alan/src/AMR_ros2_slam_nav2/install/cartographer_ros_msgs/include/cartographer_ros_msgs/msg/status_response.h
[5.362s] -- Installing: /home/nvidia/workspace/alan/src/AMR_ros2_slam_nav2/install/cartographer_ros_msgs/include/cartographer_ros_msgs/msg/submap_texture.h
[5.363s] -- Installing: /home/nvidia/workspace/alan/src/AMR_ros2_slam_nav2/install/cartographer_ros_msgs/include/cartographer_ros_msgs/msg/submap_list.h
[5.363s] -- Installing: /home/nvidia/workspace/alan/src/AMR_ros2_slam_nav2/install/cartographer_ros_msgs/include/cartographer_ros_msgs/msg/trajectory_options.h
[5.364s] -- Installing: /home/nvidia/workspace/alan/src/AMR_ros2_slam_nav2/install/cartographer_ros_msgs/include/cartographer_ros_msgs/msg/detail
[5.364s] -- Installing: /home/nvidia/workspace/alan/src/AMR_ros2_slam_nav2/install/cartographer_ros_msgs/include/cartographer_ros_msgs/msg/detail/landmark_list__functions.h
[5.364s] -- Installing: /home/nvidia/workspace/alan/src/AMR_ros2_slam_nav2/install/cartographer_ros_msgs/include/cartographer_ros_msgs/msg/detail/trajectory_options__functions.h
[5.364s] -- Installing: /home/nvidia/workspace/alan/src/AMR_ros2_slam_nav2/install/cartographer_ros_msgs/include/cartographer_ros_msgs/msg/detail/trajectory_options__struct.h
[5.365s] -- Installing: /home/nvidia/workspace/alan/src/AMR_ros2_slam_nav2/install/cartographer_ros_msgs/include/cartographer_ros_msgs/msg/detail/trajectory_options__type_support.h
[5.365s] -- Installing: /home/nvidia/workspace/alan/src/AMR_ros2_slam_nav2/install/cartographer_ros_msgs/include/cartographer_ros_msgs/msg/detail/submap_entry__type_support.h
[5.365s] -- Installing: /home/nvidia/workspace/alan/src/AMR_ros2_slam_nav2/install/cartographer_ros_msgs/include/cartographer_ros_msgs/msg/detail/landmark_entry__struct.h
[5.366s] -- Installing: /home/nvidia/workspace/alan/src/AMR_ros2_slam_nav2/install/cartographer_ros_msgs/include/cartographer_ros_msgs/msg/detail/trajectory_options__functions.c
[5.367s] -- Installing: /home/nvidia/workspace/alan/src/AMR_ros2_slam_nav2/install/cartographer_ros_msgs/include/cartographer_ros_msgs/msg/detail/status_code__type_support.h
[5.369s] -- Installing: /home/nvidia/workspace/alan/src/AMR_ros2_slam_nav2/install/cartographer_ros_msgs/include/cartographer_ros_msgs/msg/detail/submap_entry__struct.h
[5.372s] -- Installing: /home/nvidia/workspace/alan/src/AMR_ros2_slam_nav2/install/cartographer_ros_msgs/include/cartographer_ros_msgs/msg/detail/submap_list__struct.h
[5.379s] -- Installing: /home/nvidia/workspace/alan/src/AMR_ros2_slam_nav2/install/cartographer_ros_msgs/include/cartographer_ros_msgs/msg/detail/landmark_entry__functions.c
[5.381s] -- Installing: /home/nvidia/workspace/alan/src/AMR_ros2_slam_nav2/install/cartographer_ros_msgs/include/cartographer_ros_msgs/msg/detail/status_code__struct.h
[5.381s] -- Installing: /home/nvidia/workspace/alan/src/AMR_ros2_slam_nav2/install/cartographer_ros_msgs/include/cartographer_ros_msgs/msg/detail/landmark_entry__type_support.h
[5.382s] -- Installing: /home/nvidia/workspace/alan/src/AMR_ros2_slam_nav2/install/cartographer_ros_msgs/include/cartographer_ros_msgs/msg/detail/submap_list__functions.h
[5.382s] -- Installing: /home/nvidia/workspace/alan/src/AMR_ros2_slam_nav2/install/cartographer_ros_msgs/include/cartographer_ros_msgs/msg/detail/submap_texture__functions.h
[5.385s] -- Installing: /home/nvidia/workspace/alan/src/AMR_ros2_slam_nav2/install/cartographer_ros_msgs/include/cartographer_ros_msgs/msg/detail/status_response__struct.h
[5.402s] -- Installing: /home/nvidia/workspace/alan/src/AMR_ros2_slam_nav2/install/cartographer_ros_msgs/include/cartographer_ros_msgs/msg/detail/landmark_entry__functions.h
[5.403s] -- Installing: /home/nvidia/workspace/alan/src/AMR_ros2_slam_nav2/install/cartographer_ros_msgs/include/cartographer_ros_msgs/msg/detail/submap_entry__functions.c
[5.404s] -- Installing: /home/nvidia/workspace/alan/src/AMR_ros2_slam_nav2/install/cartographer_ros_msgs/include/cartographer_ros_msgs/msg/detail/status_response__functions.h
[5.405s] -- Installing: /home/nvidia/workspace/alan/src/AMR_ros2_slam_nav2/install/cartographer_ros_msgs/include/cartographer_ros_msgs/msg/detail/status_code__functions.c
[5.406s] -- Installing: /home/nvidia/workspace/alan/src/AMR_ros2_slam_nav2/install/cartographer_ros_msgs/include/cartographer_ros_msgs/msg/detail/sensor_topics__functions.c
[5.407s] -- Installing: /home/nvidia/workspace/alan/src/AMR_ros2_slam_nav2/install/cartographer_ros_msgs/include/cartographer_ros_msgs/msg/detail/status_response__type_support.h
[5.408s] -- Installing: /home/nvidia/workspace/alan/src/AMR_ros2_slam_nav2/install/cartographer_ros_msgs/include/cartographer_ros_msgs/msg/detail/status_code__functions.h
[5.410s] -- Installing: /home/nvidia/workspace/alan/src/AMR_ros2_slam_nav2/install/cartographer_ros_msgs/include/cartographer_ros_msgs/msg/detail/submap_texture__type_support.h
[5.411s] -- Installing: /home/nvidia/workspace/alan/src/AMR_ros2_slam_nav2/install/cartographer_ros_msgs/include/cartographer_ros_msgs/msg/detail/landmark_list__type_support.h
[5.411s] -- Installing: /home/nvidia/workspace/alan/src/AMR_ros2_slam_nav2/install/cartographer_ros_msgs/include/cartographer_ros_msgs/msg/detail/landmark_list__struct.h
[5.412s] -- Installing: /home/nvidia/workspace/alan/src/AMR_ros2_slam_nav2/install/cartographer_ros_msgs/include/cartographer_ros_msgs/msg/detail/submap_entry__functions.h
[5.412s] -- Installing: /home/nvidia/workspace/alan/src/AMR_ros2_slam_nav2/install/cartographer_ros_msgs/include/cartographer_ros_msgs/msg/detail/sensor_topics__type_support.h
[5.412s] -- Installing: /home/nvidia/workspace/alan/src/AMR_ros2_slam_nav2/install/cartographer_ros_msgs/include/cartographer_ros_msgs/msg/detail/landmark_list__functions.c
[5.415s] -- Installing: /home/nvidia/workspace/alan/src/AMR_ros2_slam_nav2/install/cartographer_ros_msgs/include/cartographer_ros_msgs/msg/detail/sensor_topics__struct.h
[5.417s] -- Installing: /home/nvidia/workspace/alan/src/AMR_ros2_slam_nav2/install/cartographer_ros_msgs/include/cartographer_ros_msgs/msg/detail/submap_texture__struct.h
[5.422s] -- Installing: /home/nvidia/workspace/alan/src/AMR_ros2_slam_nav2/install/cartographer_ros_msgs/include/cartographer_ros_msgs/msg/detail/submap_list__type_support.h
[5.423s] -- Installing: /home/nvidia/workspace/alan/src/AMR_ros2_slam_nav2/install/cartographer_ros_msgs/include/cartographer_ros_msgs/msg/detail/submap_list__functions.c
[5.423s] -- Installing: /home/nvidia/workspace/alan/src/AMR_ros2_slam_nav2/install/cartographer_ros_msgs/include/cartographer_ros_msgs/msg/detail/sensor_topics__functions.h
[5.426s] -- Installing: /home/nvidia/workspace/alan/src/AMR_ros2_slam_nav2/install/cartographer_ros_msgs/include/cartographer_ros_msgs/msg/detail/status_response__functions.c
[5.427s] -- Installing: /home/nvidia/workspace/alan/src/AMR_ros2_slam_nav2/install/cartographer_ros_msgs/include/cartographer_ros_msgs/msg/detail/submap_texture__functions.c
[5.431s] -- Installing: /home/nvidia/workspace/alan/src/AMR_ros2_slam_nav2/install/cartographer_ros_msgs/include/cartographer_ros_msgs/msg/landmark_list.h
[5.432s] -- Installing: /home/nvidia/workspace/alan/src/AMR_ros2_slam_nav2/install/cartographer_ros_msgs/include/cartographer_ros_msgs/msg/rosidl_generator_c__visibility_control.h
[5.433s] -- Installing: /home/nvidia/workspace/alan/src/AMR_ros2_slam_nav2/install/cartographer_ros_msgs/include/cartographer_ros_msgs/msg/sensor_topics.h
[5.433s] -- Installing: /home/nvidia/workspace/alan/src/AMR_ros2_slam_nav2/install/cartographer_ros_msgs/include/cartographer_ros_msgs/msg/status_code.h
[5.433s] -- Installing: /home/nvidia/workspace/alan/src/AMR_ros2_slam_nav2/install/cartographer_ros_msgs/include/cartographer_ros_msgs/msg/landmark_entry.h
[5.433s] -- Installing: /home/nvidia/workspace/alan/src/AMR_ros2_slam_nav2/install/cartographer_ros_msgs/include/cartographer_ros_msgs/msg/submap_entry.h
[5.434s] -- Installing: /home/nvidia/workspace/alan/src/AMR_ros2_slam_nav2/install/cartographer_ros_msgs/share/cartographer_ros_msgs/environment/library_path.sh
[5.434s] -- Installing: /home/nvidia/workspace/alan/src/AMR_ros2_slam_nav2/install/cartographer_ros_msgs/share/cartographer_ros_msgs/environment/library_path.dsv
[5.434s] -- Installing: /home/nvidia/workspace/alan/src/AMR_ros2_slam_nav2/install/cartographer_ros_msgs/lib/libcartographer_ros_msgs__rosidl_generator_c.so
[5.434s] -- Set runtime path of "/home/nvidia/workspace/alan/src/AMR_ros2_slam_nav2/install/cartographer_ros_msgs/lib/libcartographer_ros_msgs__rosidl_generator_c.so" to ""
[5.435s] -- Up-to-date: /home/nvidia/workspace/alan/src/AMR_ros2_slam_nav2/install/cartographer_ros_msgs/include/cartographer_ros_msgs
[5.436s] -- Up-to-date: /home/nvidia/workspace/alan/src/AMR_ros2_slam_nav2/install/cartographer_ros_msgs/include/cartographer_ros_msgs/srv
[5.437s] -- Up-to-date: /home/nvidia/workspace/alan/src/AMR_ros2_slam_nav2/install/cartographer_ros_msgs/include/cartographer_ros_msgs/srv/detail
[5.437s] -- Installing: /home/nvidia/workspace/alan/src/AMR_ros2_slam_nav2/install/cartographer_ros_msgs/include/cartographer_ros_msgs/srv/detail/submap_query__rosidl_typesupport_fastrtps_c.h
[5.437s] -- Installing: /home/nvidia/workspace/alan/src/AMR_ros2_slam_nav2/install/cartographer_ros_msgs/include/cartographer_ros_msgs/srv/detail/write_state__rosidl_typesupport_fastrtps_c.h
[5.441s] -- Installing: /home/nvidia/workspace/alan/src/AMR_ros2_slam_nav2/install/cartographer_ros_msgs/include/cartographer_ros_msgs/srv/detail/finish_trajectory__rosidl_typesupport_fastrtps_c.h
[5.442s] -- Installing: /home/nvidia/workspace/alan/src/AMR_ros2_slam_nav2/install/cartographer_ros_msgs/include/cartographer_ros_msgs/srv/detail/start_trajectory__rosidl_typesupport_fastrtps_c.h
[5.442s] -- Up-to-date: /home/nvidia/workspace/alan/src/AMR_ros2_slam_nav2/install/cartographer_ros_msgs/include/cartographer_ros_msgs/msg
[5.443s] -- Up-to-date: /home/nvidia/workspace/alan/src/AMR_ros2_slam_nav2/install/cartographer_ros_msgs/include/cartographer_ros_msgs/msg/detail
[5.443s] -- Installing: /home/nvidia/workspace/alan/src/AMR_ros2_slam_nav2/install/cartographer_ros_msgs/include/cartographer_ros_msgs/msg/detail/submap_texture__rosidl_typesupport_fastrtps_c.h
[5.444s] -- Installing: /home/nvidia/workspace/alan/src/AMR_ros2_slam_nav2/install/cartographer_ros_msgs/include/cartographer_ros_msgs/msg/detail/status_code__rosidl_typesupport_fastrtps_c.h
[5.444s] -- Installing: /home/nvidia/workspace/alan/src/AMR_ros2_slam_nav2/install/cartographer_ros_msgs/include/cartographer_ros_msgs/msg/detail/submap_list__rosidl_typesupport_fastrtps_c.h
[5.444s] -- Installing: /home/nvidia/workspace/alan/src/AMR_ros2_slam_nav2/install/cartographer_ros_msgs/include/cartographer_ros_msgs/msg/detail/landmark_entry__rosidl_typesupport_fastrtps_c.h
[5.445s] -- Installing: /home/nvidia/workspace/alan/src/AMR_ros2_slam_nav2/install/cartographer_ros_msgs/include/cartographer_ros_msgs/msg/detail/trajectory_options__rosidl_typesupport_fastrtps_c.h
[5.445s] -- Installing: /home/nvidia/workspace/alan/src/AMR_ros2_slam_nav2/install/cartographer_ros_msgs/include/cartographer_ros_msgs/msg/detail/sensor_topics__rosidl_typesupport_fastrtps_c.h
[5.446s] -- Installing: /home/nvidia/workspace/alan/src/AMR_ros2_slam_nav2/install/cartographer_ros_msgs/include/cartographer_ros_msgs/msg/detail/landmark_list__rosidl_typesupport_fastrtps_c.h
[5.450s] -- Installing: /home/nvidia/workspace/alan/src/AMR_ros2_slam_nav2/install/cartographer_ros_msgs/include/cartographer_ros_msgs/msg/detail/status_response__rosidl_typesupport_fastrtps_c.h
[5.452s] -- Installing: /home/nvidia/workspace/alan/src/AMR_ros2_slam_nav2/install/cartographer_ros_msgs/include/cartographer_ros_msgs/msg/detail/submap_entry__rosidl_typesupport_fastrtps_c.h
[5.452s] -- Installing: /home/nvidia/workspace/alan/src/AMR_ros2_slam_nav2/install/cartographer_ros_msgs/include/cartographer_ros_msgs/msg/rosidl_typesupport_fastrtps_c__visibility_control.h
[5.453s] -- Installing: /home/nvidia/workspace/alan/src/AMR_ros2_slam_nav2/install/cartographer_ros_msgs/lib/libcartographer_ros_msgs__rosidl_typesupport_fastrtps_c.so
[5.453s] -- Set runtime path of "/home/nvidia/workspace/alan/src/AMR_ros2_slam_nav2/install/cartographer_ros_msgs/lib/libcartographer_ros_msgs__rosidl_typesupport_fastrtps_c.so" to ""
[5.453s] -- Up-to-date: /home/nvidia/workspace/alan/src/AMR_ros2_slam_nav2/install/cartographer_ros_msgs/include/cartographer_ros_msgs
[5.454s] -- Up-to-date: /home/nvidia/workspace/alan/src/AMR_ros2_slam_nav2/install/cartographer_ros_msgs/include/cartographer_ros_msgs/srv
[5.454s] -- Up-to-date: /home/nvidia/workspace/alan/src/AMR_ros2_slam_nav2/install/cartographer_ros_msgs/include/cartographer_ros_msgs/srv/detail
[5.454s] -- Installing: /home/nvidia/workspace/alan/src/AMR_ros2_slam_nav2/install/cartographer_ros_msgs/include/cartographer_ros_msgs/srv/detail/start_trajectory__rosidl_typesupport_fastrtps_cpp.hpp
[5.456s] -- Installing: /home/nvidia/workspace/alan/src/AMR_ros2_slam_nav2/install/cartographer_ros_msgs/include/cartographer_ros_msgs/srv/detail/finish_trajectory__rosidl_typesupport_fastrtps_cpp.hpp
[5.456s] -- Installing: /home/nvidia/workspace/alan/src/AMR_ros2_slam_nav2/install/cartographer_ros_msgs/include/cartographer_ros_msgs/srv/detail/submap_query__rosidl_typesupport_fastrtps_cpp.hpp
[5.457s] -- Installing: /home/nvidia/workspace/alan/src/AMR_ros2_slam_nav2/install/cartographer_ros_msgs/include/cartographer_ros_msgs/srv/detail/dds_fastrtps
[5.458s] -- Installing: /home/nvidia/workspace/alan/src/AMR_ros2_slam_nav2/install/cartographer_ros_msgs/include/cartographer_ros_msgs/srv/detail/write_state__rosidl_typesupport_fastrtps_cpp.hpp
[5.458s] -- Up-to-date: /home/nvidia/workspace/alan/src/AMR_ros2_slam_nav2/install/cartographer_ros_msgs/include/cartographer_ros_msgs/msg
[5.458s] -- Up-to-date: /home/nvidia/workspace/alan/src/AMR_ros2_slam_nav2/install/cartographer_ros_msgs/include/cartographer_ros_msgs/msg/detail
[5.475s] -- Installing: /home/nvidia/workspace/alan/src/AMR_ros2_slam_nav2/install/cartographer_ros_msgs/include/cartographer_ros_msgs/msg/detail/trajectory_options__rosidl_typesupport_fastrtps_cpp.hpp
[5.475s] -- Installing: /home/nvidia/workspace/alan/src/AMR_ros2_slam_nav2/install/cartographer_ros_msgs/include/cartographer_ros_msgs/msg/detail/status_response__rosidl_typesupport_fastrtps_cpp.hpp
[5.476s] -- Installing: /home/nvidia/workspace/alan/src/AMR_ros2_slam_nav2/install/cartographer_ros_msgs/include/cartographer_ros_msgs/msg/detail/status_code__rosidl_typesupport_fastrtps_cpp.hpp
[5.476s] -- Installing: /home/nvidia/workspace/alan/src/AMR_ros2_slam_nav2/install/cartographer_ros_msgs/include/cartographer_ros_msgs/msg/detail/dds_fastrtps
[5.476s] -- Installing: /home/nvidia/workspace/alan/src/AMR_ros2_slam_nav2/install/cartographer_ros_msgs/include/cartographer_ros_msgs/msg/detail/submap_texture__rosidl_typesupport_fastrtps_cpp.hpp
[5.477s] -- Installing: /home/nvidia/workspace/alan/src/AMR_ros2_slam_nav2/install/cartographer_ros_msgs/include/cartographer_ros_msgs/msg/detail/landmark_list__rosidl_typesupport_fastrtps_cpp.hpp
[5.477s] -- Installing: /home/nvidia/workspace/alan/src/AMR_ros2_slam_nav2/install/cartographer_ros_msgs/include/cartographer_ros_msgs/msg/detail/submap_list__rosidl_typesupport_fastrtps_cpp.hpp
[5.477s] -- Installing: /home/nvidia/workspace/alan/src/AMR_ros2_slam_nav2/install/cartographer_ros_msgs/include/cartographer_ros_msgs/msg/detail/submap_entry__rosidl_typesupport_fastrtps_cpp.hpp
[5.478s] -- Installing: /home/nvidia/workspace/alan/src/AMR_ros2_slam_nav2/install/cartographer_ros_msgs/include/cartographer_ros_msgs/msg/detail/sensor_topics__rosidl_typesupport_fastrtps_cpp.hpp
[5.478s] -- Installing: /home/nvidia/workspace/alan/src/AMR_ros2_slam_nav2/install/cartographer_ros_msgs/include/cartographer_ros_msgs/msg/detail/landmark_entry__rosidl_typesupport_fastrtps_cpp.hpp
[5.478s] -- Installing: /home/nvidia/workspace/alan/src/AMR_ros2_slam_nav2/install/cartographer_ros_msgs/include/cartographer_ros_msgs/msg/rosidl_typesupport_fastrtps_cpp__visibility_control.h
[5.479s] -- Installing: /home/nvidia/workspace/alan/src/AMR_ros2_slam_nav2/install/cartographer_ros_msgs/lib/libcartographer_ros_msgs__rosidl_typesupport_fastrtps_cpp.so
[5.479s] -- Set runtime path of "/home/nvidia/workspace/alan/src/AMR_ros2_slam_nav2/install/cartographer_ros_msgs/lib/libcartographer_ros_msgs__rosidl_typesupport_fastrtps_cpp.so" to ""
[5.479s] -- Up-to-date: /home/nvidia/workspace/alan/src/AMR_ros2_slam_nav2/install/cartographer_ros_msgs/include/cartographer_ros_msgs
[5.479s] -- Up-to-date: /home/nvidia/workspace/alan/src/AMR_ros2_slam_nav2/install/cartographer_ros_msgs/include/cartographer_ros_msgs/srv
[5.480s] -- Up-to-date: /home/nvidia/workspace/alan/src/AMR_ros2_slam_nav2/install/cartographer_ros_msgs/include/cartographer_ros_msgs/srv/detail
[5.480s] -- Installing: /home/nvidia/workspace/alan/src/AMR_ros2_slam_nav2/install/cartographer_ros_msgs/include/cartographer_ros_msgs/srv/detail/start_trajectory__type_support.c
[5.480s] -- Installing: /home/nvidia/workspace/alan/src/AMR_ros2_slam_nav2/install/cartographer_ros_msgs/include/cartographer_ros_msgs/srv/detail/submap_query__type_support.c
[5.480s] -- Installing: /home/nvidia/workspace/alan/src/AMR_ros2_slam_nav2/install/cartographer_ros_msgs/include/cartographer_ros_msgs/srv/detail/write_state__rosidl_typesupport_introspection_c.h
[5.481s] -- Installing: /home/nvidia/workspace/alan/src/AMR_ros2_slam_nav2/install/cartographer_ros_msgs/include/cartographer_ros_msgs/srv/detail/write_state__type_support.c
[5.481s] -- Installing: /home/nvidia/workspace/alan/src/AMR_ros2_slam_nav2/install/cartographer_ros_msgs/include/cartographer_ros_msgs/srv/detail/finish_trajectory__rosidl_typesupport_introspection_c.h
[5.481s] -- Installing: /home/nvidia/workspace/alan/src/AMR_ros2_slam_nav2/install/cartographer_ros_msgs/include/cartographer_ros_msgs/srv/detail/submap_query__rosidl_typesupport_introspection_c.h
[5.481s] -- Installing: /home/nvidia/workspace/alan/src/AMR_ros2_slam_nav2/install/cartographer_ros_msgs/include/cartographer_ros_msgs/srv/detail/finish_trajectory__type_support.c
[5.482s] -- Installing: /home/nvidia/workspace/alan/src/AMR_ros2_slam_nav2/install/cartographer_ros_msgs/include/cartographer_ros_msgs/srv/detail/start_trajectory__rosidl_typesupport_introspection_c.h
[5.482s] -- Up-to-date: /home/nvidia/workspace/alan/src/AMR_ros2_slam_nav2/install/cartographer_ros_msgs/include/cartographer_ros_msgs/msg
[5.482s] -- Up-to-date: /home/nvidia/workspace/alan/src/AMR_ros2_slam_nav2/install/cartographer_ros_msgs/include/cartographer_ros_msgs/msg/detail
[5.483s] -- Installing: /home/nvidia/workspace/alan/src/AMR_ros2_slam_nav2/install/cartographer_ros_msgs/include/cartographer_ros_msgs/msg/detail/trajectory_options__rosidl_typesupport_introspection_c.h
[5.483s] -- Installing: /home/nvidia/workspace/alan/src/AMR_ros2_slam_nav2/install/cartographer_ros_msgs/include/cartographer_ros_msgs/msg/detail/status_response__rosidl_typesupport_introspection_c.h
[5.483s] -- Installing: /home/nvidia/workspace/alan/src/AMR_ros2_slam_nav2/install/cartographer_ros_msgs/include/cartographer_ros_msgs/msg/detail/submap_texture__type_support.c
[5.484s] -- Installing: /home/nvidia/workspace/alan/src/AMR_ros2_slam_nav2/install/cartographer_ros_msgs/include/cartographer_ros_msgs/msg/detail/submap_list__type_support.c
[5.484s] -- Installing: /home/nvidia/workspace/alan/src/AMR_ros2_slam_nav2/install/cartographer_ros_msgs/include/cartographer_ros_msgs/msg/detail/landmark_entry__type_support.c
[5.484s] -- Installing: /home/nvidia/workspace/alan/src/AMR_ros2_slam_nav2/install/cartographer_ros_msgs/include/cartographer_ros_msgs/msg/detail/landmark_entry__rosidl_typesupport_introspection_c.h
[5.484s] -- Installing: /home/nvidia/workspace/alan/src/AMR_ros2_slam_nav2/install/cartographer_ros_msgs/include/cartographer_ros_msgs/msg/detail/submap_entry__rosidl_typesupport_introspection_c.h
[5.484s] -- Installing: /home/nvidia/workspace/alan/src/AMR_ros2_slam_nav2/install/cartographer_ros_msgs/include/cartographer_ros_msgs/msg/detail/status_code__type_support.c
[5.485s] -- Installing: /home/nvidia/workspace/alan/src/AMR_ros2_slam_nav2/install/cartographer_ros_msgs/include/cartographer_ros_msgs/msg/detail/sensor_topics__type_support.c
[5.485s] -- Installing: /home/nvidia/workspace/alan/src/AMR_ros2_slam_nav2/install/cartographer_ros_msgs/include/cartographer_ros_msgs/msg/detail/trajectory_options__type_support.c
[5.485s] -- Installing: /home/nvidia/workspace/alan/src/AMR_ros2_slam_nav2/install/cartographer_ros_msgs/include/cartographer_ros_msgs/msg/detail/submap_entry__type_support.c
[5.486s] -- Installing: /home/nvidia/workspace/alan/src/AMR_ros2_slam_nav2/install/cartographer_ros_msgs/include/cartographer_ros_msgs/msg/detail/status_response__type_support.c
[5.486s] -- Installing: /home/nvidia/workspace/alan/src/AMR_ros2_slam_nav2/install/cartographer_ros_msgs/include/cartographer_ros_msgs/msg/detail/submap_list__rosidl_typesupport_introspection_c.h
[5.487s] -- Installing: /home/nvidia/workspace/alan/src/AMR_ros2_slam_nav2/install/cartographer_ros_msgs/include/cartographer_ros_msgs/msg/detail/landmark_list__type_support.c
[5.489s] -- Installing: /home/nvidia/workspace/alan/src/AMR_ros2_slam_nav2/install/cartographer_ros_msgs/include/cartographer_ros_msgs/msg/detail/submap_texture__rosidl_typesupport_introspection_c.h
[5.491s] -- Installing: /home/nvidia/workspace/alan/src/AMR_ros2_slam_nav2/install/cartographer_ros_msgs/include/cartographer_ros_msgs/msg/detail/landmark_list__rosidl_typesupport_introspection_c.h
[5.492s] -- Installing: /home/nvidia/workspace/alan/src/AMR_ros2_slam_nav2/install/cartographer_ros_msgs/include/cartographer_ros_msgs/msg/detail/status_code__rosidl_typesupport_introspection_c.h
[5.494s] -- Installing: /home/nvidia/workspace/alan/src/AMR_ros2_slam_nav2/install/cartographer_ros_msgs/include/cartographer_ros_msgs/msg/detail/sensor_topics__rosidl_typesupport_introspection_c.h
[5.494s] -- Installing: /home/nvidia/workspace/alan/src/AMR_ros2_slam_nav2/install/cartographer_ros_msgs/include/cartographer_ros_msgs/msg/rosidl_typesupport_introspection_c__visibility_control.h
[5.495s] -- Installing: /home/nvidia/workspace/alan/src/AMR_ros2_slam_nav2/install/cartographer_ros_msgs/lib/libcartographer_ros_msgs__rosidl_typesupport_introspection_c.so
[5.496s] -- Set runtime path of "/home/nvidia/workspace/alan/src/AMR_ros2_slam_nav2/install/cartographer_ros_msgs/lib/libcartographer_ros_msgs__rosidl_typesupport_introspection_c.so" to ""
[5.496s] -- Installing: /home/nvidia/workspace/alan/src/AMR_ros2_slam_nav2/install/cartographer_ros_msgs/lib/libcartographer_ros_msgs__rosidl_typesupport_c.so
[5.497s] -- Set runtime path of "/home/nvidia/workspace/alan/src/AMR_ros2_slam_nav2/install/cartographer_ros_msgs/lib/libcartographer_ros_msgs__rosidl_typesupport_c.so" to ""
[5.497s] -- Up-to-date: /home/nvidia/workspace/alan/src/AMR_ros2_slam_nav2/install/cartographer_ros_msgs/include/cartographer_ros_msgs
[5.497s] -- Up-to-date: /home/nvidia/workspace/alan/src/AMR_ros2_slam_nav2/install/cartographer_ros_msgs/include/cartographer_ros_msgs/srv
[5.499s] -- Installing: /home/nvidia/workspace/alan/src/AMR_ros2_slam_nav2/install/cartographer_ros_msgs/include/cartographer_ros_msgs/srv/finish_trajectory.hpp
[5.499s] -- Up-to-date: /home/nvidia/workspace/alan/src/AMR_ros2_slam_nav2/install/cartographer_ros_msgs/include/cartographer_ros_msgs/srv/detail
[5.500s] -- Installing: /home/nvidia/workspace/alan/src/AMR_ros2_slam_nav2/install/cartographer_ros_msgs/include/cartographer_ros_msgs/srv/detail/submap_query__struct.hpp
[5.500s] -- Installing: /home/nvidia/workspace/alan/src/AMR_ros2_slam_nav2/install/cartographer_ros_msgs/include/cartographer_ros_msgs/srv/detail/submap_query__builder.hpp
[5.505s] -- Installing: /home/nvidia/workspace/alan/src/AMR_ros2_slam_nav2/install/cartographer_ros_msgs/include/cartographer_ros_msgs/srv/detail/start_trajectory__builder.hpp
[5.506s] -- Installing: /home/nvidia/workspace/alan/src/AMR_ros2_slam_nav2/install/cartographer_ros_msgs/include/cartographer_ros_msgs/srv/detail/submap_query__traits.hpp
[5.506s] -- Installing: /home/nvidia/workspace/alan/src/AMR_ros2_slam_nav2/install/cartographer_ros_msgs/include/cartographer_ros_msgs/srv/detail/finish_trajectory__traits.hpp
[5.506s] -- Installing: /home/nvidia/workspace/alan/src/AMR_ros2_slam_nav2/install/cartographer_ros_msgs/include/cartographer_ros_msgs/srv/detail/write_state__struct.hpp
[5.507s] -- Installing: /home/nvidia/workspace/alan/src/AMR_ros2_slam_nav2/install/cartographer_ros_msgs/include/cartographer_ros_msgs/srv/detail/start_trajectory__traits.hpp
[5.507s] -- Installing: /home/nvidia/workspace/alan/src/AMR_ros2_slam_nav2/install/cartographer_ros_msgs/include/cartographer_ros_msgs/srv/detail/finish_trajectory__struct.hpp
[5.507s] -- Installing: /home/nvidia/workspace/alan/src/AMR_ros2_slam_nav2/install/cartographer_ros_msgs/include/cartographer_ros_msgs/srv/detail/start_trajectory__struct.hpp
[5.508s] -- Installing: /home/nvidia/workspace/alan/src/AMR_ros2_slam_nav2/install/cartographer_ros_msgs/include/cartographer_ros_msgs/srv/detail/finish_trajectory__builder.hpp
[5.508s] -- Installing: /home/nvidia/workspace/alan/src/AMR_ros2_slam_nav2/install/cartographer_ros_msgs/include/cartographer_ros_msgs/srv/detail/write_state__traits.hpp
[5.508s] -- Installing: /home/nvidia/workspace/alan/src/AMR_ros2_slam_nav2/install/cartographer_ros_msgs/include/cartographer_ros_msgs/srv/detail/write_state__builder.hpp
[5.509s] -- Installing: /home/nvidia/workspace/alan/src/AMR_ros2_slam_nav2/install/cartographer_ros_msgs/include/cartographer_ros_msgs/srv/write_state.hpp
[5.509s] -- Installing: /home/nvidia/workspace/alan/src/AMR_ros2_slam_nav2/install/cartographer_ros_msgs/include/cartographer_ros_msgs/srv/start_trajectory.hpp
[5.510s] -- Installing: /home/nvidia/workspace/alan/src/AMR_ros2_slam_nav2/install/cartographer_ros_msgs/include/cartographer_ros_msgs/srv/submap_query.hpp
[5.511s] -- Up-to-date: /home/nvidia/workspace/alan/src/AMR_ros2_slam_nav2/install/cartographer_ros_msgs/include/cartographer_ros_msgs/msg
[5.515s] -- Installing: /home/nvidia/workspace/alan/src/AMR_ros2_slam_nav2/install/cartographer_ros_msgs/include/cartographer_ros_msgs/msg/status_code.hpp
[5.516s] -- Installing: /home/nvidia/workspace/alan/src/AMR_ros2_slam_nav2/install/cartographer_ros_msgs/include/cartographer_ros_msgs/msg/status_response.hpp
[5.522s] -- Installing: /home/nvidia/workspace/alan/src/AMR_ros2_slam_nav2/install/cartographer_ros_msgs/include/cartographer_ros_msgs/msg/submap_texture.hpp
[5.530s] -- Installing: /home/nvidia/workspace/alan/src/AMR_ros2_slam_nav2/install/cartographer_ros_msgs/include/cartographer_ros_msgs/msg/submap_entry.hpp
[5.531s] -- Installing: /home/nvidia/workspace/alan/src/AMR_ros2_slam_nav2/install/cartographer_ros_msgs/include/cartographer_ros_msgs/msg/submap_list.hpp
[5.531s] -- Up-to-date: /home/nvidia/workspace/alan/src/AMR_ros2_slam_nav2/install/cartographer_ros_msgs/include/cartographer_ros_msgs/msg/detail
[5.532s] -- Installing: /home/nvidia/workspace/alan/src/AMR_ros2_slam_nav2/install/cartographer_ros_msgs/include/cartographer_ros_msgs/msg/detail/submap_texture__struct.hpp
[5.532s] -- Installing: /home/nvidia/workspace/alan/src/AMR_ros2_slam_nav2/install/cartographer_ros_msgs/include/cartographer_ros_msgs/msg/detail/sensor_topics__traits.hpp
[5.533s] -- Installing: /home/nvidia/workspace/alan/src/AMR_ros2_slam_nav2/install/cartographer_ros_msgs/include/cartographer_ros_msgs/msg/detail/landmark_entry__traits.hpp
[5.533s] -- Installing: /home/nvidia/workspace/alan/src/AMR_ros2_slam_nav2/install/cartographer_ros_msgs/include/cartographer_ros_msgs/msg/detail/sensor_topics__struct.hpp
[5.534s] -- Installing: /home/nvidia/workspace/alan/src/AMR_ros2_slam_nav2/install/cartographer_ros_msgs/include/cartographer_ros_msgs/msg/detail/submap_list__struct.hpp
[5.534s] -- Installing: /home/nvidia/workspace/alan/src/AMR_ros2_slam_nav2/install/cartographer_ros_msgs/include/cartographer_ros_msgs/msg/detail/trajectory_options__traits.hpp
[5.534s] -- Installing: /home/nvidia/workspace/alan/src/AMR_ros2_slam_nav2/install/cartographer_ros_msgs/include/cartographer_ros_msgs/msg/detail/submap_entry__traits.hpp
[5.535s] -- Installing: /home/nvidia/workspace/alan/src/AMR_ros2_slam_nav2/install/cartographer_ros_msgs/include/cartographer_ros_msgs/msg/detail/submap_entry__struct.hpp
[5.535s] -- Installing: /home/nvidia/workspace/alan/src/AMR_ros2_slam_nav2/install/cartographer_ros_msgs/include/cartographer_ros_msgs/msg/detail/submap_list__traits.hpp
[5.536s] -- Installing: /home/nvidia/workspace/alan/src/AMR_ros2_slam_nav2/install/cartographer_ros_msgs/include/cartographer_ros_msgs/msg/detail/status_response__traits.hpp
[5.536s] -- Installing: /home/nvidia/workspace/alan/src/AMR_ros2_slam_nav2/install/cartographer_ros_msgs/include/cartographer_ros_msgs/msg/detail/status_response__builder.hpp
[5.537s] -- Installing: /home/nvidia/workspace/alan/src/AMR_ros2_slam_nav2/install/cartographer_ros_msgs/include/cartographer_ros_msgs/msg/detail/submap_entry__builder.hpp
[5.537s] -- Installing: /home/nvidia/workspace/alan/src/AMR_ros2_slam_nav2/install/cartographer_ros_msgs/include/cartographer_ros_msgs/msg/detail/submap_texture__traits.hpp
[5.538s] -- Installing: /home/nvidia/workspace/alan/src/AMR_ros2_slam_nav2/install/cartographer_ros_msgs/include/cartographer_ros_msgs/msg/detail/status_response__struct.hpp
[5.538s] -- Installing: /home/nvidia/workspace/alan/src/AMR_ros2_slam_nav2/install/cartographer_ros_msgs/include/cartographer_ros_msgs/msg/detail/status_code__traits.hpp
[5.538s] -- Installing: /home/nvidia/workspace/alan/src/AMR_ros2_slam_nav2/install/cartographer_ros_msgs/include/cartographer_ros_msgs/msg/detail/status_code__builder.hpp
[5.539s] -- Installing: /home/nvidia/workspace/alan/src/AMR_ros2_slam_nav2/install/cartographer_ros_msgs/include/cartographer_ros_msgs/msg/detail/landmark_list__traits.hpp
[5.539s] -- Installing: /home/nvidia/workspace/alan/src/AMR_ros2_slam_nav2/install/cartographer_ros_msgs/include/cartographer_ros_msgs/msg/detail/landmark_entry__struct.hpp
[5.540s] -- Installing: /home/nvidia/workspace/alan/src/AMR_ros2_slam_nav2/install/cartographer_ros_msgs/include/cartographer_ros_msgs/msg/detail/status_code__struct.hpp
[5.540s] -- Installing: /home/nvidia/workspace/alan/src/AMR_ros2_slam_nav2/install/cartographer_ros_msgs/include/cartographer_ros_msgs/msg/detail/submap_list__builder.hpp
[5.541s] -- Installing: /home/nvidia/workspace/alan/src/AMR_ros2_slam_nav2/install/cartographer_ros_msgs/include/cartographer_ros_msgs/msg/detail/submap_texture__builder.hpp
[5.541s] -- Installing: /home/nvidia/workspace/alan/src/AMR_ros2_slam_nav2/install/cartographer_ros_msgs/include/cartographer_ros_msgs/msg/detail/landmark_list__builder.hpp
[5.541s] -- Installing: /home/nvidia/workspace/alan/src/AMR_ros2_slam_nav2/install/cartographer_ros_msgs/include/cartographer_ros_msgs/msg/detail/sensor_topics__builder.hpp
[5.543s] -- Installing: /home/nvidia/workspace/alan/src/AMR_ros2_slam_nav2/install/cartographer_ros_msgs/include/cartographer_ros_msgs/msg/detail/trajectory_options__struct.hpp
[5.545s] -- Installing: /home/nvidia/workspace/alan/src/AMR_ros2_slam_nav2/install/cartographer_ros_msgs/include/cartographer_ros_msgs/msg/detail/trajectory_options__builder.hpp
[5.546s] -- Installing: /home/nvidia/workspace/alan/src/AMR_ros2_slam_nav2/install/cartographer_ros_msgs/include/cartographer_ros_msgs/msg/detail/landmark_list__struct.hpp
[5.547s] -- Installing: /home/nvidia/workspace/alan/src/AMR_ros2_slam_nav2/install/cartographer_ros_msgs/include/cartographer_ros_msgs/msg/detail/landmark_entry__builder.hpp
[5.547s] -- Installing: /home/nvidia/workspace/alan/src/AMR_ros2_slam_nav2/install/cartographer_ros_msgs/include/cartographer_ros_msgs/msg/landmark_list.hpp
[5.548s] -- Installing: /home/nvidia/workspace/alan/src/AMR_ros2_slam_nav2/install/cartographer_ros_msgs/include/cartographer_ros_msgs/msg/sensor_topics.hpp
[5.548s] -- Installing: /home/nvidia/workspace/alan/src/AMR_ros2_slam_nav2/install/cartographer_ros_msgs/include/cartographer_ros_msgs/msg/trajectory_options.hpp
[5.548s] -- Installing: /home/nvidia/workspace/alan/src/AMR_ros2_slam_nav2/install/cartographer_ros_msgs/include/cartographer_ros_msgs/msg/landmark_entry.hpp
[5.549s] -- Up-to-date: /home/nvidia/workspace/alan/src/AMR_ros2_slam_nav2/install/cartographer_ros_msgs/include/cartographer_ros_msgs
[5.549s] -- Up-to-date: /home/nvidia/workspace/alan/src/AMR_ros2_slam_nav2/install/cartographer_ros_msgs/include/cartographer_ros_msgs/srv
[5.550s] -- Up-to-date: /home/nvidia/workspace/alan/src/AMR_ros2_slam_nav2/install/cartographer_ros_msgs/include/cartographer_ros_msgs/srv/detail
[5.551s] -- Installing: /home/nvidia/workspace/alan/src/AMR_ros2_slam_nav2/install/cartographer_ros_msgs/include/cartographer_ros_msgs/srv/detail/submap_query__rosidl_typesupport_introspection_cpp.hpp
[5.551s] -- Installing: /home/nvidia/workspace/alan/src/AMR_ros2_slam_nav2/install/cartographer_ros_msgs/include/cartographer_ros_msgs/srv/detail/write_state__type_support.cpp
[5.552s] -- Installing: /home/nvidia/workspace/alan/src/AMR_ros2_slam_nav2/install/cartographer_ros_msgs/include/cartographer_ros_msgs/srv/detail/write_state__rosidl_typesupport_introspection_cpp.hpp
[5.552s] -- Installing: /home/nvidia/workspace/alan/src/AMR_ros2_slam_nav2/install/cartographer_ros_msgs/include/cartographer_ros_msgs/srv/detail/submap_query__type_support.cpp
[5.553s] -- Installing: /home/nvidia/workspace/alan/src/AMR_ros2_slam_nav2/install/cartographer_ros_msgs/include/cartographer_ros_msgs/srv/detail/start_trajectory__rosidl_typesupport_introspection_cpp.hpp
[5.553s] -- Installing: /home/nvidia/workspace/alan/src/AMR_ros2_slam_nav2/install/cartographer_ros_msgs/include/cartographer_ros_msgs/srv/detail/start_trajectory__type_support.cpp
[5.554s] -- Installing: /home/nvidia/workspace/alan/src/AMR_ros2_slam_nav2/install/cartographer_ros_msgs/include/cartographer_ros_msgs/srv/detail/finish_trajectory__rosidl_typesupport_introspection_cpp.hpp
[5.554s] -- Installing: /home/nvidia/workspace/alan/src/AMR_ros2_slam_nav2/install/cartographer_ros_msgs/include/cartographer_ros_msgs/srv/detail/finish_trajectory__type_support.cpp
[5.554s] -- Up-to-date: /home/nvidia/workspace/alan/src/AMR_ros2_slam_nav2/install/cartographer_ros_msgs/include/cartographer_ros_msgs/msg
[5.555s] -- Up-to-date: /home/nvidia/workspace/alan/src/AMR_ros2_slam_nav2/install/cartographer_ros_msgs/include/cartographer_ros_msgs/msg/detail
[5.555s] -- Installing: /home/nvidia/workspace/alan/src/AMR_ros2_slam_nav2/install/cartographer_ros_msgs/include/cartographer_ros_msgs/msg/detail/landmark_entry__type_support.cpp
[5.556s] -- Installing: /home/nvidia/workspace/alan/src/AMR_ros2_slam_nav2/install/cartographer_ros_msgs/include/cartographer_ros_msgs/msg/detail/sensor_topics__type_support.cpp
[5.556s] -- Installing: /home/nvidia/workspace/alan/src/AMR_ros2_slam_nav2/install/cartographer_ros_msgs/include/cartographer_ros_msgs/msg/detail/status_response__rosidl_typesupport_introspection_cpp.hpp
[5.556s] -- Installing: /home/nvidia/workspace/alan/src/AMR_ros2_slam_nav2/install/cartographer_ros_msgs/include/cartographer_ros_msgs/msg/detail/status_response__type_support.cpp
[5.557s] -- Installing: /home/nvidia/workspace/alan/src/AMR_ros2_slam_nav2/install/cartographer_ros_msgs/include/cartographer_ros_msgs/msg/detail/sensor_topics__rosidl_typesupport_introspection_cpp.hpp
[5.557s] -- Installing: /home/nvidia/workspace/alan/src/AMR_ros2_slam_nav2/install/cartographer_ros_msgs/include/cartographer_ros_msgs/msg/detail/trajectory_options__type_support.cpp
[5.558s] -- Installing: /home/nvidia/workspace/alan/src/AMR_ros2_slam_nav2/install/cartographer_ros_msgs/include/cartographer_ros_msgs/msg/detail/submap_list__type_support.cpp
[5.558s] -- Installing: /home/nvidia/workspace/alan/src/AMR_ros2_slam_nav2/install/cartographer_ros_msgs/include/cartographer_ros_msgs/msg/detail/landmark_list__rosidl_typesupport_introspection_cpp.hpp
[5.558s] -- Installing: /home/nvidia/workspace/alan/src/AMR_ros2_slam_nav2/install/cartographer_ros_msgs/include/cartographer_ros_msgs/msg/detail/submap_texture__type_support.cpp
[5.559s] -- Installing: /home/nvidia/workspace/alan/src/AMR_ros2_slam_nav2/install/cartographer_ros_msgs/include/cartographer_ros_msgs/msg/detail/submap_entry__type_support.cpp
[5.560s] -- Installing: /home/nvidia/workspace/alan/src/AMR_ros2_slam_nav2/install/cartographer_ros_msgs/include/cartographer_ros_msgs/msg/detail/submap_texture__rosidl_typesupport_introspection_cpp.hpp
[5.560s] -- Installing: /home/nvidia/workspace/alan/src/AMR_ros2_slam_nav2/install/cartographer_ros_msgs/include/cartographer_ros_msgs/msg/detail/submap_list__rosidl_typesupport_introspection_cpp.hpp
[5.560s] -- Installing: /home/nvidia/workspace/alan/src/AMR_ros2_slam_nav2/install/cartographer_ros_msgs/include/cartographer_ros_msgs/msg/detail/landmark_list__type_support.cpp
[5.560s] -- Installing: /home/nvidia/workspace/alan/src/AMR_ros2_slam_nav2/install/cartographer_ros_msgs/include/cartographer_ros_msgs/msg/detail/submap_entry__rosidl_typesupport_introspection_cpp.hpp
[5.561s] -- Installing: /home/nvidia/workspace/alan/src/AMR_ros2_slam_nav2/install/cartographer_ros_msgs/include/cartographer_ros_msgs/msg/detail/status_code__rosidl_typesupport_introspection_cpp.hpp
[5.561s] -- Installing: /home/nvidia/workspace/alan/src/AMR_ros2_slam_nav2/install/cartographer_ros_msgs/include/cartographer_ros_msgs/msg/detail/landmark_entry__rosidl_typesupport_introspection_cpp.hpp
[5.562s] -- Installing: /home/nvidia/workspace/alan/src/AMR_ros2_slam_nav2/install/cartographer_ros_msgs/include/cartographer_ros_msgs/msg/detail/status_code__type_support.cpp
[5.562s] -- Installing: /home/nvidia/workspace/alan/src/AMR_ros2_slam_nav2/install/cartographer_ros_msgs/include/cartographer_ros_msgs/msg/detail/trajectory_options__rosidl_typesupport_introspection_cpp.hpp
[5.562s] -- Installing: /home/nvidia/workspace/alan/src/AMR_ros2_slam_nav2/install/cartographer_ros_msgs/lib/libcartographer_ros_msgs__rosidl_typesupport_introspection_cpp.so
[5.563s] -- Set runtime path of "/home/nvidia/workspace/alan/src/AMR_ros2_slam_nav2/install/cartographer_ros_msgs/lib/libcartographer_ros_msgs__rosidl_typesupport_introspection_cpp.so" to ""
[5.563s] -- Installing: /home/nvidia/workspace/alan/src/AMR_ros2_slam_nav2/install/cartographer_ros_msgs/lib/libcartographer_ros_msgs__rosidl_typesupport_cpp.so
[5.563s] -- Set runtime path of "/home/nvidia/workspace/alan/src/AMR_ros2_slam_nav2/install/cartographer_ros_msgs/lib/libcartographer_ros_msgs__rosidl_typesupport_cpp.so" to ""
[5.564s] -- Installing: /home/nvidia/workspace/alan/src/AMR_ros2_slam_nav2/install/cartographer_ros_msgs/share/cartographer_ros_msgs/environment/pythonpath.sh
[5.565s] -- Installing: /home/nvidia/workspace/alan/src/AMR_ros2_slam_nav2/install/cartographer_ros_msgs/share/cartographer_ros_msgs/environment/pythonpath.dsv
[5.565s] -- Installing: /home/nvidia/workspace/alan/src/AMR_ros2_slam_nav2/install/cartographer_ros_msgs/lib/python3.6/site-packages/cartographer_ros_msgs/__init__.py
[5.611s] Compiling '/home/nvidia/workspace/alan/src/AMR_ros2_slam_nav2/install/cartographer_ros_msgs/lib/python3.6/site-packages/cartographer_ros_msgs/__init__.py'...
[5.625s] -- Installing: /home/nvidia/workspace/alan/src/AMR_ros2_slam_nav2/install/cartographer_ros_msgs/lib/python3.6/site-packages/cartographer_ros_msgs/msg
[5.629s] -- Installing: /home/nvidia/workspace/alan/src/AMR_ros2_slam_nav2/install/cartographer_ros_msgs/lib/python3.6/site-packages/cartographer_ros_msgs/msg/_sensor_topics_s.c
[5.631s] -- Installing: /home/nvidia/workspace/alan/src/AMR_ros2_slam_nav2/install/cartographer_ros_msgs/lib/python3.6/site-packages/cartographer_ros_msgs/msg/_landmark_list_s.c
[5.632s] -- Installing: /home/nvidia/workspace/alan/src/AMR_ros2_slam_nav2/install/cartographer_ros_msgs/lib/python3.6/site-packages/cartographer_ros_msgs/msg/_trajectory_options_s.c
[5.633s] -- Installing: /home/nvidia/workspace/alan/src/AMR_ros2_slam_nav2/install/cartographer_ros_msgs/lib/python3.6/site-packages/cartographer_ros_msgs/msg/__init__.py
[5.636s] -- Installing: /home/nvidia/workspace/alan/src/AMR_ros2_slam_nav2/install/cartographer_ros_msgs/lib/python3.6/site-packages/cartographer_ros_msgs/msg/_status_code.py
[5.638s] -- Installing: /home/nvidia/workspace/alan/src/AMR_ros2_slam_nav2/install/cartographer_ros_msgs/lib/python3.6/site-packages/cartographer_ros_msgs/msg/_sensor_topics.py
[5.639s] -- Installing: /home/nvidia/workspace/alan/src/AMR_ros2_slam_nav2/install/cartographer_ros_msgs/lib/python3.6/site-packages/cartographer_ros_msgs/msg/_submap_entry_s.c
[5.640s] -- Installing: /home/nvidia/workspace/alan/src/AMR_ros2_slam_nav2/install/cartographer_ros_msgs/lib/python3.6/site-packages/cartographer_ros_msgs/msg/_submap_list.py
[5.644s] -- Installing: /home/nvidia/workspace/alan/src/AMR_ros2_slam_nav2/install/cartographer_ros_msgs/lib/python3.6/site-packages/cartographer_ros_msgs/msg/_submap_texture_s.c
[5.645s] -- Installing: /home/nvidia/workspace/alan/src/AMR_ros2_slam_nav2/install/cartographer_ros_msgs/lib/python3.6/site-packages/cartographer_ros_msgs/msg/_status_code_s.c
[5.646s] -- Installing: /home/nvidia/workspace/alan/src/AMR_ros2_slam_nav2/install/cartographer_ros_msgs/lib/python3.6/site-packages/cartographer_ros_msgs/msg/_submap_texture.py
[5.647s] -- Installing: /home/nvidia/workspace/alan/src/AMR_ros2_slam_nav2/install/cartographer_ros_msgs/lib/python3.6/site-packages/cartographer_ros_msgs/msg/_trajectory_options.py
[5.648s] -- Installing: /home/nvidia/workspace/alan/src/AMR_ros2_slam_nav2/install/cartographer_ros_msgs/lib/python3.6/site-packages/cartographer_ros_msgs/msg/_status_response_s.c
[5.649s] -- Installing: /home/nvidia/workspace/alan/src/AMR_ros2_slam_nav2/install/cartographer_ros_msgs/lib/python3.6/site-packages/cartographer_ros_msgs/msg/_submap_list_s.c
[5.649s] -- Installing: /home/nvidia/workspace/alan/src/AMR_ros2_slam_nav2/install/cartographer_ros_msgs/lib/python3.6/site-packages/cartographer_ros_msgs/msg/_landmark_entry_s.c
[5.650s] -- Installing: /home/nvidia/workspace/alan/src/AMR_ros2_slam_nav2/install/cartographer_ros_msgs/lib/python3.6/site-packages/cartographer_ros_msgs/msg/_landmark_list.py
[5.651s] -- Installing: /home/nvidia/workspace/alan/src/AMR_ros2_slam_nav2/install/cartographer_ros_msgs/lib/python3.6/site-packages/cartographer_ros_msgs/msg/_submap_entry.py
[5.652s] -- Installing: /home/nvidia/workspace/alan/src/AMR_ros2_slam_nav2/install/cartographer_ros_msgs/lib/python3.6/site-packages/cartographer_ros_msgs/msg/_status_response.py
[5.653s] -- Installing: /home/nvidia/workspace/alan/src/AMR_ros2_slam_nav2/install/cartographer_ros_msgs/lib/python3.6/site-packages/cartographer_ros_msgs/msg/_landmark_entry.py
[5.653s] -- Installing: /home/nvidia/workspace/alan/src/AMR_ros2_slam_nav2/install/cartographer_ros_msgs/lib/python3.6/site-packages/cartographer_ros_msgs/srv
[5.655s] -- Installing: /home/nvidia/workspace/alan/src/AMR_ros2_slam_nav2/install/cartographer_ros_msgs/lib/python3.6/site-packages/cartographer_ros_msgs/srv/_start_trajectory_s.c
[5.657s] -- Installing: /home/nvidia/workspace/alan/src/AMR_ros2_slam_nav2/install/cartographer_ros_msgs/lib/python3.6/site-packages/cartographer_ros_msgs/srv/__init__.py
[5.658s] -- Installing: /home/nvidia/workspace/alan/src/AMR_ros2_slam_nav2/install/cartographer_ros_msgs/lib/python3.6/site-packages/cartographer_ros_msgs/srv/_finish_trajectory_s.c
[5.661s] -- Installing: /home/nvidia/workspace/alan/src/AMR_ros2_slam_nav2/install/cartographer_ros_msgs/lib/python3.6/site-packages/cartographer_ros_msgs/srv/_submap_query.py
[5.662s] -- Installing: /home/nvidia/workspace/alan/src/AMR_ros2_slam_nav2/install/cartographer_ros_msgs/lib/python3.6/site-packages/cartographer_ros_msgs/srv/_write_state.py
[5.663s] -- Installing: /home/nvidia/workspace/alan/src/AMR_ros2_slam_nav2/install/cartographer_ros_msgs/lib/python3.6/site-packages/cartographer_ros_msgs/srv/_write_state_s.c
[5.664s] -- Installing: /home/nvidia/workspace/alan/src/AMR_ros2_slam_nav2/install/cartographer_ros_msgs/lib/python3.6/site-packages/cartographer_ros_msgs/srv/_start_trajectory.py
[5.664s] -- Installing: /home/nvidia/workspace/alan/src/AMR_ros2_slam_nav2/install/cartographer_ros_msgs/lib/python3.6/site-packages/cartographer_ros_msgs/srv/_submap_query_s.c
[5.664s] -- Installing: /home/nvidia/workspace/alan/src/AMR_ros2_slam_nav2/install/cartographer_ros_msgs/lib/python3.6/site-packages/cartographer_ros_msgs/srv/_finish_trajectory.py
[5.665s] -- Installing: /home/nvidia/workspace/alan/src/AMR_ros2_slam_nav2/install/cartographer_ros_msgs/lib/python3.6/site-packages/cartographer_ros_msgs/cartographer_ros_msgs_s__rosidl_typesupport_fastrtps_c.cpython-36m-aarch64-linux-gnu.so
[5.665s] -- Set runtime path of "/home/nvidia/workspace/alan/src/AMR_ros2_slam_nav2/install/cartographer_ros_msgs/lib/python3.6/site-packages/cartographer_ros_msgs/cartographer_ros_msgs_s__rosidl_typesupport_fastrtps_c.cpython-36m-aarch64-linux-gnu.so" to ""
[5.666s] -- Installing: /home/nvidia/workspace/alan/src/AMR_ros2_slam_nav2/install/cartographer_ros_msgs/lib/python3.6/site-packages/cartographer_ros_msgs/cartographer_ros_msgs_s__rosidl_typesupport_introspection_c.cpython-36m-aarch64-linux-gnu.so
[5.667s] -- Set runtime path of "/home/nvidia/workspace/alan/src/AMR_ros2_slam_nav2/install/cartographer_ros_msgs/lib/python3.6/site-packages/cartographer_ros_msgs/cartographer_ros_msgs_s__rosidl_typesupport_introspection_c.cpython-36m-aarch64-linux-gnu.so" to ""
[5.668s] -- Installing: /home/nvidia/workspace/alan/src/AMR_ros2_slam_nav2/install/cartographer_ros_msgs/lib/python3.6/site-packages/cartographer_ros_msgs/cartographer_ros_msgs_s__rosidl_typesupport_c.cpython-36m-aarch64-linux-gnu.so
[5.670s] -- Set runtime path of "/home/nvidia/workspace/alan/src/AMR_ros2_slam_nav2/install/cartographer_ros_msgs/lib/python3.6/site-packages/cartographer_ros_msgs/cartographer_ros_msgs_s__rosidl_typesupport_c.cpython-36m-aarch64-linux-gnu.so" to ""
[5.671s] -- Installing: /home/nvidia/workspace/alan/src/AMR_ros2_slam_nav2/install/cartographer_ros_msgs/lib/libcartographer_ros_msgs__python.so
[5.673s] -- Set runtime path of "/home/nvidia/workspace/alan/src/AMR_ros2_slam_nav2/install/cartographer_ros_msgs/lib/libcartographer_ros_msgs__python.so" to ""
[5.674s] -- Installing: /home/nvidia/workspace/alan/src/AMR_ros2_slam_nav2/install/cartographer_ros_msgs/share/cartographer_ros_msgs/msg/LandmarkEntry.idl
[5.681s] -- Installing: /home/nvidia/workspace/alan/src/AMR_ros2_slam_nav2/install/cartographer_ros_msgs/share/cartographer_ros_msgs/msg/LandmarkList.idl
[5.682s] -- Installing: /home/nvidia/workspace/alan/src/AMR_ros2_slam_nav2/install/cartographer_ros_msgs/share/cartographer_ros_msgs/msg/SensorTopics.idl
[5.682s] -- Installing: /home/nvidia/workspace/alan/src/AMR_ros2_slam_nav2/install/cartographer_ros_msgs/share/cartographer_ros_msgs/msg/StatusCode.idl
[5.683s] -- Installing: /home/nvidia/workspace/alan/src/AMR_ros2_slam_nav2/install/cartographer_ros_msgs/share/cartographer_ros_msgs/msg/StatusResponse.idl
[5.689s] -- Installing: /home/nvidia/workspace/alan/src/AMR_ros2_slam_nav2/install/cartographer_ros_msgs/share/cartographer_ros_msgs/msg/SubmapEntry.idl
[5.690s] -- Installing: /home/nvidia/workspace/alan/src/AMR_ros2_slam_nav2/install/cartographer_ros_msgs/share/cartographer_ros_msgs/msg/SubmapList.idl
[5.690s] -- Installing: /home/nvidia/workspace/alan/src/AMR_ros2_slam_nav2/install/cartographer_ros_msgs/share/cartographer_ros_msgs/msg/SubmapTexture.idl
[5.690s] -- Installing: /home/nvidia/workspace/alan/src/AMR_ros2_slam_nav2/install/cartographer_ros_msgs/share/cartographer_ros_msgs/msg/TrajectoryOptions.idl
[5.691s] -- Installing: /home/nvidia/workspace/alan/src/AMR_ros2_slam_nav2/install/cartographer_ros_msgs/share/cartographer_ros_msgs/srv/FinishTrajectory.idl
[5.692s] -- Installing: /home/nvidia/workspace/alan/src/AMR_ros2_slam_nav2/install/cartographer_ros_msgs/share/cartographer_ros_msgs/srv/StartTrajectory.idl
[5.694s] -- Installing: /home/nvidia/workspace/alan/src/AMR_ros2_slam_nav2/install/cartographer_ros_msgs/share/cartographer_ros_msgs/srv/SubmapQuery.idl
[5.694s] -- Installing: /home/nvidia/workspace/alan/src/AMR_ros2_slam_nav2/install/cartographer_ros_msgs/share/cartographer_ros_msgs/srv/WriteState.idl
[5.696s] -- Installing: /home/nvidia/workspace/alan/src/AMR_ros2_slam_nav2/install/cartographer_ros_msgs/share/cartographer_ros_msgs/msg/LandmarkEntry.msg
[5.697s] -- Installing: /home/nvidia/workspace/alan/src/AMR_ros2_slam_nav2/install/cartographer_ros_msgs/share/cartographer_ros_msgs/msg/LandmarkList.msg
[5.697s] -- Installing: /home/nvidia/workspace/alan/src/AMR_ros2_slam_nav2/install/cartographer_ros_msgs/share/cartographer_ros_msgs/msg/SensorTopics.msg
[5.697s] -- Installing: /home/nvidia/workspace/alan/src/AMR_ros2_slam_nav2/install/cartographer_ros_msgs/share/cartographer_ros_msgs/msg/StatusCode.msg
[5.698s] -- Installing: /home/nvidia/workspace/alan/src/AMR_ros2_slam_nav2/install/cartographer_ros_msgs/share/cartographer_ros_msgs/msg/StatusResponse.msg
[5.698s] -- Installing: /home/nvidia/workspace/alan/src/AMR_ros2_slam_nav2/install/cartographer_ros_msgs/share/cartographer_ros_msgs/msg/SubmapEntry.msg
[5.700s] -- Installing: /home/nvidia/workspace/alan/src/AMR_ros2_slam_nav2/install/cartographer_ros_msgs/share/cartographer_ros_msgs/msg/SubmapList.msg
[5.708s] -- Installing: /home/nvidia/workspace/alan/src/AMR_ros2_slam_nav2/install/cartographer_ros_msgs/share/cartographer_ros_msgs/msg/SubmapTexture.msg
[5.710s] -- Installing: /home/nvidia/workspace/alan/src/AMR_ros2_slam_nav2/install/cartographer_ros_msgs/share/cartographer_ros_msgs/msg/TrajectoryOptions.msg
[5.711s] -- Installing: /home/nvidia/workspace/alan/src/AMR_ros2_slam_nav2/install/cartographer_ros_msgs/share/cartographer_ros_msgs/srv/FinishTrajectory.srv
[5.712s] -- Installing: /home/nvidia/workspace/alan/src/AMR_ros2_slam_nav2/install/cartographer_ros_msgs/share/cartographer_ros_msgs/srv/FinishTrajectory_Request.msg
[5.712s] -- Installing: /home/nvidia/workspace/alan/src/AMR_ros2_slam_nav2/install/cartographer_ros_msgs/share/cartographer_ros_msgs/srv/FinishTrajectory_Response.msg
[5.714s] -- Installing: /home/nvidia/workspace/alan/src/AMR_ros2_slam_nav2/install/cartographer_ros_msgs/share/cartographer_ros_msgs/srv/StartTrajectory.srv
[5.720s] -- Installing: /home/nvidia/workspace/alan/src/AMR_ros2_slam_nav2/install/cartographer_ros_msgs/share/cartographer_ros_msgs/srv/StartTrajectory_Request.msg
[5.723s] -- Installing: /home/nvidia/workspace/alan/src/AMR_ros2_slam_nav2/install/cartographer_ros_msgs/share/cartographer_ros_msgs/srv/StartTrajectory_Response.msg
[5.725s] -- Installing: /home/nvidia/workspace/alan/src/AMR_ros2_slam_nav2/install/cartographer_ros_msgs/share/cartographer_ros_msgs/srv/SubmapQuery.srv
[5.725s] -- Installing: /home/nvidia/workspace/alan/src/AMR_ros2_slam_nav2/install/cartographer_ros_msgs/share/cartographer_ros_msgs/srv/SubmapQuery_Request.msg
[5.726s] -- Installing: /home/nvidia/workspace/alan/src/AMR_ros2_slam_nav2/install/cartographer_ros_msgs/share/cartographer_ros_msgs/srv/SubmapQuery_Response.msg
[5.731s] -- Installing: /home/nvidia/workspace/alan/src/AMR_ros2_slam_nav2/install/cartographer_ros_msgs/share/cartographer_ros_msgs/srv/WriteState.srv
[5.732s] -- Installing: /home/nvidia/workspace/alan/src/AMR_ros2_slam_nav2/install/cartographer_ros_msgs/share/cartographer_ros_msgs/srv/WriteState_Request.msg
[5.734s] -- Installing: /home/nvidia/workspace/alan/src/AMR_ros2_slam_nav2/install/cartographer_ros_msgs/share/cartographer_ros_msgs/srv/WriteState_Response.msg
[5.735s] -- Installing: /home/nvidia/workspace/alan/src/AMR_ros2_slam_nav2/install/cartographer_ros_msgs/share/ament_index/resource_index/package_run_dependencies/cartographer_ros_msgs
[5.736s] -- Installing: /home/nvidia/workspace/alan/src/AMR_ros2_slam_nav2/install/cartographer_ros_msgs/share/ament_index/resource_index/parent_prefix_path/cartographer_ros_msgs
[5.738s] -- Installing: /home/nvidia/workspace/alan/src/AMR_ros2_slam_nav2/install/cartographer_ros_msgs/share/cartographer_ros_msgs/environment/ament_prefix_path.sh
[5.742s] -- Installing: /home/nvidia/workspace/alan/src/AMR_ros2_slam_nav2/install/cartographer_ros_msgs/share/cartographer_ros_msgs/environment/ament_prefix_path.dsv
[5.743s] -- Installing: /home/nvidia/workspace/alan/src/AMR_ros2_slam_nav2/install/cartographer_ros_msgs/share/cartographer_ros_msgs/environment/path.sh
[5.743s] -- Installing: /home/nvidia/workspace/alan/src/AMR_ros2_slam_nav2/install/cartographer_ros_msgs/share/cartographer_ros_msgs/environment/path.dsv
[5.745s] -- Installing: /home/nvidia/workspace/alan/src/AMR_ros2_slam_nav2/install/cartographer_ros_msgs/share/cartographer_ros_msgs/local_setup.bash
[5.745s] -- Installing: /home/nvidia/workspace/alan/src/AMR_ros2_slam_nav2/install/cartographer_ros_msgs/share/cartographer_ros_msgs/local_setup.sh
[5.747s] -- Installing: /home/nvidia/workspace/alan/src/AMR_ros2_slam_nav2/install/cartographer_ros_msgs/share/cartographer_ros_msgs/local_setup.zsh
[5.748s] -- Installing: /home/nvidia/workspace/alan/src/AMR_ros2_slam_nav2/install/cartographer_ros_msgs/share/cartographer_ros_msgs/local_setup.dsv
[5.748s] -- Installing: /home/nvidia/workspace/alan/src/AMR_ros2_slam_nav2/install/cartographer_ros_msgs/share/cartographer_ros_msgs/package.dsv
[5.750s] -- Installing: /home/nvidia/workspace/alan/src/AMR_ros2_slam_nav2/install/cartographer_ros_msgs/share/ament_index/resource_index/packages/cartographer_ros_msgs
[5.750s] -- Installing: /home/nvidia/workspace/alan/src/AMR_ros2_slam_nav2/install/cartographer_ros_msgs/share/cartographer_ros_msgs/cmake/cartographer_ros_msgs__rosidl_generator_cExport.cmake
[5.750s] -- Installing: /home/nvidia/workspace/alan/src/AMR_ros2_slam_nav2/install/cartographer_ros_msgs/share/cartographer_ros_msgs/cmake/cartographer_ros_msgs__rosidl_generator_cExport-noconfig.cmake
[5.757s] -- Installing: /home/nvidia/workspace/alan/src/AMR_ros2_slam_nav2/install/cartographer_ros_msgs/share/cartographer_ros_msgs/cmake/cartographer_ros_msgs__rosidl_typesupport_introspection_cExport.cmake
[5.767s] -- Installing: /home/nvidia/workspace/alan/src/AMR_ros2_slam_nav2/install/cartographer_ros_msgs/share/cartographer_ros_msgs/cmake/cartographer_ros_msgs__rosidl_typesupport_introspection_cExport-noconfig.cmake
[5.768s] -- Installing: /home/nvidia/workspace/alan/src/AMR_ros2_slam_nav2/install/cartographer_ros_msgs/share/cartographer_ros_msgs/cmake/cartographer_ros_msgs__rosidl_typesupport_cExport.cmake
[5.768s] -- Installing: /home/nvidia/workspace/alan/src/AMR_ros2_slam_nav2/install/cartographer_ros_msgs/share/cartographer_ros_msgs/cmake/cartographer_ros_msgs__rosidl_typesupport_cExport-noconfig.cmake
[5.769s] -- Installing: /home/nvidia/workspace/alan/src/AMR_ros2_slam_nav2/install/cartographer_ros_msgs/share/cartographer_ros_msgs/cmake/cartographer_ros_msgs__rosidl_generator_cppExport.cmake
[5.769s] -- Installing: /home/nvidia/workspace/alan/src/AMR_ros2_slam_nav2/install/cartographer_ros_msgs/share/cartographer_ros_msgs/cmake/cartographer_ros_msgs__rosidl_typesupport_introspection_cppExport.cmake
[5.770s] -- Installing: /home/nvidia/workspace/alan/src/AMR_ros2_slam_nav2/install/cartographer_ros_msgs/share/cartographer_ros_msgs/cmake/cartographer_ros_msgs__rosidl_typesupport_introspection_cppExport-noconfig.cmake
[5.772s] -- Installing: /home/nvidia/workspace/alan/src/AMR_ros2_slam_nav2/install/cartographer_ros_msgs/share/cartographer_ros_msgs/cmake/cartographer_ros_msgs__rosidl_typesupport_cppExport.cmake
[5.773s] -- Installing: /home/nvidia/workspace/alan/src/AMR_ros2_slam_nav2/install/cartographer_ros_msgs/share/cartographer_ros_msgs/cmake/cartographer_ros_msgs__rosidl_typesupport_cppExport-noconfig.cmake
[5.778s] -- Installing: /home/nvidia/workspace/alan/src/AMR_ros2_slam_nav2/install/cartographer_ros_msgs/share/cartographer_ros_msgs/cmake/rosidl_cmake-extras.cmake
[5.789s] -- Installing: /home/nvidia/workspace/alan/src/AMR_ros2_slam_nav2/install/cartographer_ros_msgs/share/cartographer_ros_msgs/cmake/ament_cmake_export_dependencies-extras.cmake
[5.791s] -- Installing: /home/nvidia/workspace/alan/src/AMR_ros2_slam_nav2/install/cartographer_ros_msgs/share/cartographer_ros_msgs/cmake/ament_cmake_export_libraries-extras.cmake
[5.792s] -- Installing: /home/nvidia/workspace/alan/src/AMR_ros2_slam_nav2/install/cartographer_ros_msgs/share/cartographer_ros_msgs/cmake/ament_cmake_export_targets-extras.cmake
[5.793s] -- Installing: /home/nvidia/workspace/alan/src/AMR_ros2_slam_nav2/install/cartographer_ros_msgs/share/cartographer_ros_msgs/cmake/ament_cmake_export_include_directories-extras.cmake
[5.794s] -- Installing: /home/nvidia/workspace/alan/src/AMR_ros2_slam_nav2/install/cartographer_ros_msgs/share/cartographer_ros_msgs/cmake/rosidl_cmake_export_typesupport_libraries-extras.cmake
[5.796s] -- Installing: /home/nvidia/workspace/alan/src/AMR_ros2_slam_nav2/install/cartographer_ros_msgs/share/cartographer_ros_msgs/cmake/rosidl_cmake_export_typesupport_targets-extras.cmake
[5.797s] -- Installing: /home/nvidia/workspace/alan/src/AMR_ros2_slam_nav2/install/cartographer_ros_msgs/share/cartographer_ros_msgs/cmake/cartographer_ros_msgsConfig.cmake
[5.798s] -- Installing: /home/nvidia/workspace/alan/src/AMR_ros2_slam_nav2/install/cartographer_ros_msgs/share/cartographer_ros_msgs/cmake/cartographer_ros_msgsConfig-version.cmake
[5.798s] -- Installing: /home/nvidia/workspace/alan/src/AMR_ros2_slam_nav2/install/cartographer_ros_msgs/share/cartographer_ros_msgs/package.xml
[5.810s] Invoked command in '/home/nvidia/workspace/alan/src/AMR_ros2_slam_nav2/build/cartographer_ros_msgs' returned '0': CMAKE_PREFIX_PATH=${CMAKE_PREFIX_PATH}:/home/nvidia/workspace/alan/src/AMR_ros2_slam_nav2/install/turtlebot3_teleop:/home/nvidia/workspace/alan/src/AMR_ros2_slam_nav2/install/turtlebot3_example:/home/nvidia/workspace/alan/src/AMR_ros2_slam_nav2/install/opencv_tests:/home/nvidia/workspace/alan/src/AMR_ros2_slam_nav2/install/nav2_gazebo_spawner:/home/nvidia/workspace/alan/AMR/install/turtlebot3_teleop:/home/nvidia/workspace/alan/AMR/install/turtlebot3_example:/home/nvidia/workspace/alan/AMR/install/opencv_tests:/home/nvidia/workspace/alan/AMR/install/nav2_gazebo_spawner /usr/local/bin/cmake --install /home/nvidia/workspace/alan/src/AMR_ros2_slam_nav2/build/cartographer_ros_msgs
