-- Install configuration: ""
-- Installing: /home/nvidia/workspace/alan/src/AMR_ros2_slam_nav2/install/amr_description/share/amr_description/meshes
-- Installing: /home/nvidia/workspace/alan/src/AMR_ros2_slam_nav2/install/amr_description/share/amr_description/meshes/DGT-001L.STL
-- Installing: /home/nvidia/workspace/alan/src/AMR_ros2_slam_nav2/install/amr_description/share/amr_description/meshes/FR-07PRO.STL
-- Installing: /home/nvidia/workspace/alan/src/AMR_ros2_slam_nav2/install/amr_description/share/amr_description/meshes/FW-001.STL
-- Installing: /home/nvidia/workspace/alan/src/AMR_ros2_slam_nav2/install/amr_description/share/amr_description/meshes/VLP16_base_1.stl
-- Installing: /home/nvidia/workspace/alan/src/AMR_ros2_slam_nav2/install/amr_description/share/amr_description/meshes/FB-001.STL
-- Installing: /home/nvidia/workspace/alan/src/AMR_ros2_slam_nav2/install/amr_description/share/amr_description/meshes/DGT-001mini.STL
-- Installing: /home/nvidia/workspace/alan/src/AMR_ros2_slam_nav2/install/amr_description/share/amr_description/meshes/VLP16_base_1.dae
-- Installing: /home/nvidia/workspace/alan/src/AMR_ros2_slam_nav2/install/amr_description/share/amr_description/meshes/wheels
-- Installing: /home/nvidia/workspace/alan/src/AMR_ros2_slam_nav2/install/amr_description/share/amr_description/meshes/wheels/left_tire.stl
-- Installing: /home/nvidia/workspace/alan/src/AMR_ros2_slam_nav2/install/amr_description/share/amr_description/meshes/wheels/right_tire.stl
-- Installing: /home/nvidia/workspace/alan/src/AMR_ros2_slam_nav2/install/amr_description/share/amr_description/meshes/DGT-001M.STL
-- Installing: /home/nvidia/workspace/alan/src/AMR_ros2_slam_nav2/install/amr_description/share/amr_description/meshes/MID-001.STL
-- Installing: /home/nvidia/workspace/alan/src/AMR_ros2_slam_nav2/install/amr_description/share/amr_description/meshes/DGT001S.STL
-- Installing: /home/nvidia/workspace/alan/src/AMR_ros2_slam_nav2/install/amr_description/share/amr_description/meshes/DGT-001S.STL
-- Installing: /home/nvidia/workspace/alan/src/AMR_ros2_slam_nav2/install/amr_description/share/amr_description/meshes/FR-09PRO.STL
-- Installing: /home/nvidia/workspace/alan/src/AMR_ros2_slam_nav2/install/amr_description/share/amr_description/urdf
-- Installing: /home/nvidia/workspace/alan/src/AMR_ros2_slam_nav2/install/amr_description/share/amr_description/urdf/test.urdf
-- Installing: /home/nvidia/workspace/alan/src/AMR_ros2_slam_nav2/install/amr_description/share/amr_description/urdf/.gitkeep
-- Installing: /home/nvidia/workspace/alan/src/AMR_ros2_slam_nav2/install/amr_description/share/amr_description/urdf/amr.urdf
-- Installing: /home/nvidia/workspace/alan/src/AMR_ros2_slam_nav2/install/amr_description/share/amr_description/urdf/yhs_dgt001m.urdf
-- Installing: /home/nvidia/workspace/alan/src/AMR_ros2_slam_nav2/install/amr_description/share/amr_description/urdf/sam_bot_description.urdf
-- Installing: /home/nvidia/workspace/alan/src/AMR_ros2_slam_nav2/install/amr_description/share/amr_description/urdf/amr.urdf.bak
-- Installing: /home/nvidia/workspace/alan/src/AMR_ros2_slam_nav2/install/amr_description/share/amr_description/rviz
-- Installing: /home/nvidia/workspace/alan/src/AMR_ros2_slam_nav2/install/amr_description/share/amr_description/rviz/urdf.rviz
-- Installing: /home/nvidia/workspace/alan/src/AMR_ros2_slam_nav2/install/amr_description/share/ament_index/resource_index/package_run_dependencies/amr_description
-- Installing: /home/nvidia/workspace/alan/src/AMR_ros2_slam_nav2/install/amr_description/share/ament_index/resource_index/parent_prefix_path/amr_description
-- Installing: /home/nvidia/workspace/alan/src/AMR_ros2_slam_nav2/install/amr_description/share/amr_description/environment/ament_prefix_path.sh
-- Installing: /home/nvidia/workspace/alan/src/AMR_ros2_slam_nav2/install/amr_description/share/amr_description/environment/ament_prefix_path.dsv
-- Installing: /home/nvidia/workspace/alan/src/AMR_ros2_slam_nav2/install/amr_description/share/amr_description/environment/path.sh
-- Installing: /home/nvidia/workspace/alan/src/AMR_ros2_slam_nav2/install/amr_description/share/amr_description/environment/path.dsv
-- Installing: /home/nvidia/workspace/alan/src/AMR_ros2_slam_nav2/install/amr_description/share/amr_description/local_setup.bash
-- Installing: /home/nvidia/workspace/alan/src/AMR_ros2_slam_nav2/install/amr_description/share/amr_description/local_setup.sh
-- Installing: /home/nvidia/workspace/alan/src/AMR_ros2_slam_nav2/install/amr_description/share/amr_description/local_setup.zsh
-- Installing: /home/nvidia/workspace/alan/src/AMR_ros2_slam_nav2/install/amr_description/share/amr_description/local_setup.dsv
-- Installing: /home/nvidia/workspace/alan/src/AMR_ros2_slam_nav2/install/amr_description/share/amr_description/package.dsv
-- Installing: /home/nvidia/workspace/alan/src/AMR_ros2_slam_nav2/install/amr_description/share/ament_index/resource_index/packages/amr_description
-- Installing: /home/nvidia/workspace/alan/src/AMR_ros2_slam_nav2/install/amr_description/share/amr_description/cmake/amr_descriptionConfig.cmake
-- Installing: /home/nvidia/workspace/alan/src/AMR_ros2_slam_nav2/install/amr_description/share/amr_description/cmake/amr_descriptionConfig-version.cmake
-- Installing: /home/nvidia/workspace/alan/src/AMR_ros2_slam_nav2/install/amr_description/share/amr_description/package.xml
