[  3%] Built target gtest_main
[  7%] Built target gtest
[ 10%] Built target mock_robot_state_publisher
[ 17%] Built target gazebo_ros_node
[ 21%] Built target gazebo_ros_utils
[ 25%] Built target create_node_without_init
[ 28%] Built target sdf_node
[ 32%] Built target ros_world_plugin
[ 35%] Built target gazebo_ros_force_system
[ 39%] Built target args_init
[ 42%] Built target multiple_nodes
[ 46%] Built target gazebo_ros_properties
[ 50%] Built target gazebo_ros_state
[ 53%] Built target test_sim_time
[ 57%] Built target test_gazebo_ros_state
[ 60%] Built target test_qos
[ 64%] Built target gazebo_ros_init
[ 67%] Built target test_node
[ 71%] Built target test_gazebo_ros_factory
[ 75%] Built target test_gazebo_ros_init
[ 78%] Built target test_conversions
[ 82%] Built target gazebo_ros_factory
[ 85%] Built target test_plugins
[ 89%] Built target test_utils
[ 92%] Built target test_gazebo_ros_properties
[ 96%] Built target test_gazebo_ros_link_wrench
[100%] Built target test_gazebo_ros_joint_effort
-- Install configuration: ""
-- Up-to-date: /home/nvidia/workspace/alan/src/AMR_ros2_slam_nav2/install/gazebo_ros/share/gazebo_ros/environment/pythonpath.sh
-- Up-to-date: /home/nvidia/workspace/alan/src/AMR_ros2_slam_nav2/install/gazebo_ros/share/gazebo_ros/environment/pythonpath.dsv
-- Up-to-date: /home/nvidia/workspace/alan/src/AMR_ros2_slam_nav2/install/gazebo_ros/lib/python3.6/site-packages/scripts/
-- Up-to-date: /home/nvidia/workspace/alan/src/AMR_ros2_slam_nav2/install/gazebo_ros/lib/python3.6/site-packages/scripts//__init__.py
-- Up-to-date: /home/nvidia/workspace/alan/src/AMR_ros2_slam_nav2/install/gazebo_ros/lib/python3.6/site-packages/scripts//spawn_entity.py
-- Up-to-date: /home/nvidia/workspace/alan/src/AMR_ros2_slam_nav2/install/gazebo_ros/lib/python3.6/site-packages/scripts//gazebo_ros_paths.py
Listing '/home/nvidia/workspace/alan/src/AMR_ros2_slam_nav2/install/gazebo_ros/lib/python3.6/site-packages/scripts/'...
-- Up-to-date: /home/nvidia/workspace/alan/src/AMR_ros2_slam_nav2/install/gazebo_ros/share/gazebo_ros/environment/library_path.sh
-- Up-to-date: /home/nvidia/workspace/alan/src/AMR_ros2_slam_nav2/install/gazebo_ros/share/gazebo_ros/environment/library_path.dsv
-- Up-to-date: /home/nvidia/workspace/alan/src/AMR_ros2_slam_nav2/install/gazebo_ros/share/ament_index/resource_index/package_run_dependencies/gazebo_ros
-- Up-to-date: /home/nvidia/workspace/alan/src/AMR_ros2_slam_nav2/install/gazebo_ros/share/ament_index/resource_index/parent_prefix_path/gazebo_ros
-- Up-to-date: /home/nvidia/workspace/alan/src/AMR_ros2_slam_nav2/install/gazebo_ros/share/gazebo_ros/environment/ament_prefix_path.sh
-- Up-to-date: /home/nvidia/workspace/alan/src/AMR_ros2_slam_nav2/install/gazebo_ros/share/gazebo_ros/environment/ament_prefix_path.dsv
-- Up-to-date: /home/nvidia/workspace/alan/src/AMR_ros2_slam_nav2/install/gazebo_ros/share/gazebo_ros/environment/path.sh
-- Up-to-date: /home/nvidia/workspace/alan/src/AMR_ros2_slam_nav2/install/gazebo_ros/share/gazebo_ros/environment/path.dsv
-- Up-to-date: /home/nvidia/workspace/alan/src/AMR_ros2_slam_nav2/install/gazebo_ros/share/gazebo_ros/local_setup.bash
-- Up-to-date: /home/nvidia/workspace/alan/src/AMR_ros2_slam_nav2/install/gazebo_ros/share/gazebo_ros/local_setup.sh
-- Up-to-date: /home/nvidia/workspace/alan/src/AMR_ros2_slam_nav2/install/gazebo_ros/share/gazebo_ros/local_setup.zsh
-- Up-to-date: /home/nvidia/workspace/alan/src/AMR_ros2_slam_nav2/install/gazebo_ros/share/gazebo_ros/local_setup.dsv
-- Installing: /home/nvidia/workspace/alan/src/AMR_ros2_slam_nav2/install/gazebo_ros/share/gazebo_ros/package.dsv
-- Up-to-date: /home/nvidia/workspace/alan/src/AMR_ros2_slam_nav2/install/gazebo_ros/share/ament_index/resource_index/packages/gazebo_ros
-- Up-to-date: /home/nvidia/workspace/alan/src/AMR_ros2_slam_nav2/install/gazebo_ros/share/gazebo_ros/cmake/ament_cmake_export_libraries-extras.cmake
-- Up-to-date: /home/nvidia/workspace/alan/src/AMR_ros2_slam_nav2/install/gazebo_ros/share/gazebo_ros/cmake/ament_cmake_export_include_directories-extras.cmake
-- Up-to-date: /home/nvidia/workspace/alan/src/AMR_ros2_slam_nav2/install/gazebo_ros/share/gazebo_ros/cmake/ament_cmake_export_dependencies-extras.cmake
-- Up-to-date: /home/nvidia/workspace/alan/src/AMR_ros2_slam_nav2/install/gazebo_ros/share/gazebo_ros/cmake/gazebo_rosConfig.cmake
-- Up-to-date: /home/nvidia/workspace/alan/src/AMR_ros2_slam_nav2/install/gazebo_ros/share/gazebo_ros/cmake/gazebo_rosConfig-version.cmake
-- Up-to-date: /home/nvidia/workspace/alan/src/AMR_ros2_slam_nav2/install/gazebo_ros/share/gazebo_ros/package.xml
-- Up-to-date: /home/nvidia/workspace/alan/src/AMR_ros2_slam_nav2/install/gazebo_ros/include
-- Up-to-date: /home/nvidia/workspace/alan/src/AMR_ros2_slam_nav2/install/gazebo_ros/include/gazebo_ros
-- Up-to-date: /home/nvidia/workspace/alan/src/AMR_ros2_slam_nav2/install/gazebo_ros/include/gazebo_ros/gazebo_ros_factory.hpp
-- Up-to-date: /home/nvidia/workspace/alan/src/AMR_ros2_slam_nav2/install/gazebo_ros/include/gazebo_ros/gazebo_ros_state.hpp
-- Up-to-date: /home/nvidia/workspace/alan/src/AMR_ros2_slam_nav2/install/gazebo_ros/include/gazebo_ros/executor.hpp
-- Up-to-date: /home/nvidia/workspace/alan/src/AMR_ros2_slam_nav2/install/gazebo_ros/include/gazebo_ros/utils.hpp
-- Up-to-date: /home/nvidia/workspace/alan/src/AMR_ros2_slam_nav2/install/gazebo_ros/include/gazebo_ros/node.hpp
-- Up-to-date: /home/nvidia/workspace/alan/src/AMR_ros2_slam_nav2/install/gazebo_ros/include/gazebo_ros/testing_utils.hpp
-- Up-to-date: /home/nvidia/workspace/alan/src/AMR_ros2_slam_nav2/install/gazebo_ros/include/gazebo_ros/gazebo_ros_init.hpp
-- Up-to-date: /home/nvidia/workspace/alan/src/AMR_ros2_slam_nav2/install/gazebo_ros/include/gazebo_ros/conversions
-- Up-to-date: /home/nvidia/workspace/alan/src/AMR_ros2_slam_nav2/install/gazebo_ros/include/gazebo_ros/conversions/geometry_msgs.hpp
-- Up-to-date: /home/nvidia/workspace/alan/src/AMR_ros2_slam_nav2/install/gazebo_ros/include/gazebo_ros/conversions/gazebo_msgs.hpp
-- Up-to-date: /home/nvidia/workspace/alan/src/AMR_ros2_slam_nav2/install/gazebo_ros/include/gazebo_ros/conversions/sensor_msgs.hpp
-- Up-to-date: /home/nvidia/workspace/alan/src/AMR_ros2_slam_nav2/install/gazebo_ros/include/gazebo_ros/conversions/generic.hpp
-- Up-to-date: /home/nvidia/workspace/alan/src/AMR_ros2_slam_nav2/install/gazebo_ros/include/gazebo_ros/conversions/builtin_interfaces.hpp
-- Up-to-date: /home/nvidia/workspace/alan/src/AMR_ros2_slam_nav2/install/gazebo_ros/include/gazebo_ros/gazebo_ros_properties.hpp
-- Up-to-date: /home/nvidia/workspace/alan/src/AMR_ros2_slam_nav2/install/gazebo_ros/include/gazebo_ros/qos.hpp
-- Up-to-date: /home/nvidia/workspace/alan/src/AMR_ros2_slam_nav2/install/gazebo_ros/include/gazebo_ros/gazebo_ros_force_system.hpp
-- Up-to-date: /home/nvidia/workspace/alan/src/AMR_ros2_slam_nav2/install/gazebo_ros/include/gazebo_ros/utils_visibility_control.h
-- Up-to-date: /home/nvidia/workspace/alan/src/AMR_ros2_slam_nav2/install/gazebo_ros/include/gazebo_ros/node_visibility_control.h
-- Up-to-date: /home/nvidia/workspace/alan/src/AMR_ros2_slam_nav2/install/gazebo_ros/lib/gazebo_ros/gazebo_ros_paths.py
-- Up-to-date: /home/nvidia/workspace/alan/src/AMR_ros2_slam_nav2/install/gazebo_ros/lib/libgazebo_ros_factory.so
-- Up-to-date: /home/nvidia/workspace/alan/src/AMR_ros2_slam_nav2/install/gazebo_ros/lib/libgazebo_ros_force_system.so
-- Up-to-date: /home/nvidia/workspace/alan/src/AMR_ros2_slam_nav2/install/gazebo_ros/lib/libgazebo_ros_init.so
-- Up-to-date: /home/nvidia/workspace/alan/src/AMR_ros2_slam_nav2/install/gazebo_ros/lib/libgazebo_ros_node.so
-- Up-to-date: /home/nvidia/workspace/alan/src/AMR_ros2_slam_nav2/install/gazebo_ros/lib/libgazebo_ros_properties.so
-- Up-to-date: /home/nvidia/workspace/alan/src/AMR_ros2_slam_nav2/install/gazebo_ros/lib/libgazebo_ros_state.so
-- Up-to-date: /home/nvidia/workspace/alan/src/AMR_ros2_slam_nav2/install/gazebo_ros/lib/libgazebo_ros_utils.so
-- Up-to-date: /home/nvidia/workspace/alan/src/AMR_ros2_slam_nav2/install/gazebo_ros/lib/gazebo_ros/spawn_entity.py
-- Up-to-date: /home/nvidia/workspace/alan/src/AMR_ros2_slam_nav2/install/gazebo_ros/share/gazebo_ros//launch
-- Up-to-date: /home/nvidia/workspace/alan/src/AMR_ros2_slam_nav2/install/gazebo_ros/share/gazebo_ros//launch/gzserver.launch.py
-- Up-to-date: /home/nvidia/workspace/alan/src/AMR_ros2_slam_nav2/install/gazebo_ros/share/gazebo_ros//launch/spawn_entity_demo.launch.py
-- Up-to-date: /home/nvidia/workspace/alan/src/AMR_ros2_slam_nav2/install/gazebo_ros/share/gazebo_ros//launch/gazebo.launch.py
-- Up-to-date: /home/nvidia/workspace/alan/src/AMR_ros2_slam_nav2/install/gazebo_ros/share/gazebo_ros//launch/gzclient.launch.py
